2020-06-12T15:21:55-0300 [-] Creating router ...
2020-06-12T15:21:55-0300 [-] Initializing Router - Number of events: 1
2020-06-12T15:21:55-0300 [-] RouterFactory starting on 8081
2020-06-12T15:21:55-0300 [-] Creating AccessPoint station ...
2020-06-12T15:21:55-0300 [-] Initializing Access Point - Number of events: 2
2020-06-12T15:21:56-0300 [-] There is no wifi devices in this simulation or it is not in this wifi signal coverage area.
2020-06-12T15:21:56-0300 [-] Initializing Server - Number of events: 3
2020-06-12T15:21:56-0300 [-] BrokerFactory starting on 5100
2020-06-12T15:21:56-0300 [-] No module named 'applications.databsaeserver'
2020-06-12T15:21:56-0300 [-] Initializing Server - Number of events: 4
2020-06-12T15:21:56-0300 [stderr#error] Exception in Tkinter callback
2020-06-12T15:21:56-0300 [stderr#error] Traceback (most recent call last):
2020-06-12T15:21:56-0300 [stderr#error]   File "/usr/lib/python3.6/tkinter/__init__.py", line 1708, in __call__
2020-06-12T15:21:56-0300 [stderr#error]     return self.func(*args)
2020-06-12T15:21:56-0300 [stderr#error]   File "/home/rafael/iotfogsim/scinetsim/scinetsim/configurations.py", line 107, in <lambda>
2020-06-12T15:21:56-0300 [stderr#error]     btn_open = ttk.Button(window, text="Open Project",command=lambda:open_project(window,simulation_core))
2020-06-12T15:21:56-0300 [stderr#error]   File "/home/rafael/iotfogsim/scinetsim/scinetsim/configurations.py", line 61, in open_project
2020-06-12T15:21:56-0300 [stderr#error]     load_nodes(selected_project_name, simulation_core)
2020-06-12T15:21:56-0300 [stderr#error]   File "/home/rafael/iotfogsim/scinetsim/scinetsim/configurations.py", line 169, in load_nodes
2020-06-12T15:21:56-0300 [stderr#error]     sr = StandardServerDevice(simulation_core, server['port'], server['real_ip'], server['simulation_ip'], server['id'], server['name'], server['icon'], server['is_wireless'], server['x'], server['y'], server['application'], server['coverage_area_radius'])
2020-06-12T15:21:56-0300 [stderr#error]   File "/home/rafael/iotfogsim/scinetsim/scinetsim/standarddevice.py", line 36, in __init__
2020-06-12T15:21:56-0300 [stderr#error]     self.application.visual_component = self.visual_component
2020-06-12T15:21:56-0300 [stderr#error] AttributeError: 'NoneType' object has no attribute 'visual_component'
2020-06-12T15:21:56-0300 [-] There is no wifi devices in this simulation or it is not in this wifi signal coverage area.
2020-06-12T15:21:56-0300 [stdout#info] This divice have no simulation core instance
2020-06-12T15:21:56-0300 [stdout#info] This divice have no simulation core instance
2020-06-12T15:21:56-0300 [-] There is no wifi devices in this simulation or it is not in this wifi signal coverage area.
2020-06-12T15:21:57-0300 [-] There is no wifi devices in this simulation or it is not in this wifi signal coverage area.
2020-06-12T15:21:57-0300 [-] There is no wifi devices in this simulation or it is not in this wifi signal coverage area.
2020-06-12T15:21:57-0300 [-] There is no wifi devices in this simulation or it is not in this wifi signal coverage area.
2020-06-12T15:21:57-0300 [-] There is no wifi devices in this simulation or it is not in this wifi signal coverage area.
2020-06-12T15:21:57-0300 [-] There is no wifi devices in this simulation or it is not in this wifi signal coverage area.
2020-06-12T15:21:57-0300 [-] There is no wifi devices in this simulation or it is not in this wifi signal coverage area.
2020-06-12T15:21:57-0300 [-] There is no wifi devices in this simulation or it is not in this wifi signal coverage area.
2020-06-12T15:21:57-0300 [-] There is no wifi devices in this simulation or it is not in this wifi signal coverage area.
2020-06-12T15:21:58-0300 [-] There is no wifi devices in this simulation or it is not in this wifi signal coverage area.
2020-06-12T15:21:58-0300 [-] There is no wifi devices in this simulation or it is not in this wifi signal coverage area.
2020-06-12T15:21:58-0300 [-] There is no wifi devices in this simulation or it is not in this wifi signal coverage area.
2020-06-12T15:21:58-0300 [-] There is no wifi devices in this simulation or it is not in this wifi signal coverage area.
2020-06-12T15:21:58-0300 [-] There is no wifi devices in this simulation or it is not in this wifi signal coverage area.
2020-06-12T15:21:58-0300 [-] There is no wifi devices in this simulation or it is not in this wifi signal coverage area.
2020-06-12T15:21:58-0300 [-] There is no wifi devices in this simulation or it is not in this wifi signal coverage area.
2020-06-12T15:21:58-0300 [-] There is no wifi devices in this simulation or it is not in this wifi signal coverage area.
2020-06-12T15:21:59-0300 [-] There is no wifi devices in this simulation or it is not in this wifi signal coverage area.
2020-06-12T15:21:59-0300 [-] There is no wifi devices in this simulation or it is not in this wifi signal coverage area.
2020-06-12T15:21:59-0300 [-] There is no wifi devices in this simulation or it is not in this wifi signal coverage area.
2020-06-12T15:21:59-0300 [-] There is no wifi devices in this simulation or it is not in this wifi signal coverage area.
2020-06-12T15:21:59-0300 [-] There is no wifi devices in this simulation or it is not in this wifi signal coverage area.
2020-06-12T15:21:59-0300 [-] There is no wifi devices in this simulation or it is not in this wifi signal coverage area.
2020-06-12T15:21:59-0300 [-] There is no wifi devices in this simulation or it is not in this wifi signal coverage area.
2020-06-12T15:21:59-0300 [-] There is no wifi devices in this simulation or it is not in this wifi signal coverage area.
2020-06-12T15:22:00-0300 [-] There is no wifi devices in this simulation or it is not in this wifi signal coverage area.
2020-06-12T15:22:00-0300 [-] There is no wifi devices in this simulation or it is not in this wifi signal coverage area.
2020-06-12T15:22:00-0300 [-] There is no wifi devices in this simulation or it is not in this wifi signal coverage area.
2020-06-12T15:22:00-0300 [-] There is no wifi devices in this simulation or it is not in this wifi signal coverage area.
2020-06-12T15:22:00-0300 [-] There is no wifi devices in this simulation or it is not in this wifi signal coverage area.
2020-06-12T15:22:00-0300 [-] There is no wifi devices in this simulation or it is not in this wifi signal coverage area.
2020-06-12T15:22:00-0300 [-] There is no wifi devices in this simulation or it is not in this wifi signal coverage area.
2020-06-12T15:22:00-0300 [-] There is no wifi devices in this simulation or it is not in this wifi signal coverage area.
2020-06-12T15:22:01-0300 [-] There is no wifi devices in this simulation or it is not in this wifi signal coverage area.
2020-06-12T15:22:01-0300 [-] There is no wifi devices in this simulation or it is not in this wifi signal coverage area.
2020-06-12T15:22:01-0300 [-] There is no wifi devices in this simulation or it is not in this wifi signal coverage area.
2020-06-12T15:22:01-0300 [-] There is no wifi devices in this simulation or it is not in this wifi signal coverage area.
2020-06-12T15:22:01-0300 [-] There is no wifi devices in this simulation or it is not in this wifi signal coverage area.
2020-06-12T15:22:01-0300 [-] There is no wifi devices in this simulation or it is not in this wifi signal coverage area.
2020-06-12T15:22:01-0300 [-] There is no wifi devices in this simulation or it is not in this wifi signal coverage area.
2020-06-12T15:22:02-0300 [-] There is no wifi devices in this simulation or it is not in this wifi signal coverage area.
2020-06-12T15:22:02-0300 [-] There is no wifi devices in this simulation or it is not in this wifi signal coverage area.
2020-06-12T15:22:02-0300 [-] There is no wifi devices in this simulation or it is not in this wifi signal coverage area.
2020-06-12T15:22:02-0300 [-] There is no wifi devices in this simulation or it is not in this wifi signal coverage area.
2020-06-12T15:22:02-0300 [-] There is no wifi devices in this simulation or it is not in this wifi signal coverage area.
2020-06-12T15:22:02-0300 [-] There is no wifi devices in this simulation or it is not in this wifi signal coverage area.
2020-06-12T15:22:02-0300 [-] There is no wifi devices in this simulation or it is not in this wifi signal coverage area.
2020-06-12T15:22:02-0300 [-] There is no wifi devices in this simulation or it is not in this wifi signal coverage area.
2020-06-12T15:22:03-0300 [-] There is no wifi devices in this simulation or it is not in this wifi signal coverage area.
2020-06-12T15:22:03-0300 [-] There is no wifi devices in this simulation or it is not in this wifi signal coverage area.
2020-06-12T15:22:03-0300 [-] There is no wifi devices in this simulation or it is not in this wifi signal coverage area.
2020-06-12T15:22:03-0300 [-] There is no wifi devices in this simulation or it is not in this wifi signal coverage area.
2020-06-12T15:22:03-0300 [-] There is no wifi devices in this simulation or it is not in this wifi signal coverage area.
2020-06-12T15:22:03-0300 [-] There is no wifi devices in this simulation or it is not in this wifi signal coverage area.
2020-06-12T15:22:03-0300 [-] There is no wifi devices in this simulation or it is not in this wifi signal coverage area.
2020-06-12T15:22:04-0300 [-] There is no wifi devices in this simulation or it is not in this wifi signal coverage area.
2020-06-12T15:22:04-0300 [-] There is no wifi devices in this simulation or it is not in this wifi signal coverage area.
2020-06-12T15:22:04-0300 [-] There is no wifi devices in this simulation or it is not in this wifi signal coverage area.
2020-06-12T15:22:04-0300 [-] There is no wifi devices in this simulation or it is not in this wifi signal coverage area.
2020-06-12T15:22:04-0300 [-] There is no wifi devices in this simulation or it is not in this wifi signal coverage area.
2020-06-12T15:22:04-0300 [-] There is no wifi devices in this simulation or it is not in this wifi signal coverage area.
2020-06-12T15:22:04-0300 [-] There is no wifi devices in this simulation or it is not in this wifi signal coverage area.
2020-06-12T15:22:04-0300 [-] There is no wifi devices in this simulation or it is not in this wifi signal coverage area.
2020-06-12T15:22:05-0300 [-] There is no wifi devices in this simulation or it is not in this wifi signal coverage area.
2020-06-12T15:22:05-0300 [-] There is no wifi devices in this simulation or it is not in this wifi signal coverage area.
2020-06-12T15:22:05-0300 [-] There is no wifi devices in this simulation or it is not in this wifi signal coverage area.
2020-06-12T15:22:05-0300 [-] There is no wifi devices in this simulation or it is not in this wifi signal coverage area.
2020-06-12T15:22:05-0300 [-] There is no wifi devices in this simulation or it is not in this wifi signal coverage area.
2020-06-12T15:22:05-0300 [-] There is no wifi devices in this simulation or it is not in this wifi signal coverage area.
2020-06-12T15:22:05-0300 [-] There is no wifi devices in this simulation or it is not in this wifi signal coverage area.
2020-06-12T15:22:05-0300 [-] There is no wifi devices in this simulation or it is not in this wifi signal coverage area.
2020-06-12T15:22:06-0300 [-] There is no wifi devices in this simulation or it is not in this wifi signal coverage area.
2020-06-12T15:22:06-0300 [-] There is no wifi devices in this simulation or it is not in this wifi signal coverage area.
2020-06-12T15:22:06-0300 [-] There is no wifi devices in this simulation or it is not in this wifi signal coverage area.
2020-06-12T15:22:06-0300 [-] There is no wifi devices in this simulation or it is not in this wifi signal coverage area.
2020-06-12T15:22:06-0300 [-] There is no wifi devices in this simulation or it is not in this wifi signal coverage area.
2020-06-12T15:22:06-0300 [-] There is no wifi devices in this simulation or it is not in this wifi signal coverage area.
2020-06-12T15:22:06-0300 [-] There is no wifi devices in this simulation or it is not in this wifi signal coverage area.
2020-06-12T15:22:06-0300 [-] There is no wifi devices in this simulation or it is not in this wifi signal coverage area.
2020-06-12T15:22:07-0300 [-] There is no wifi devices in this simulation or it is not in this wifi signal coverage area.
2020-06-12T15:22:07-0300 [-] There is no wifi devices in this simulation or it is not in this wifi signal coverage area.
2020-06-12T15:22:07-0300 [-] There is no wifi devices in this simulation or it is not in this wifi signal coverage area.
2020-06-12T15:22:07-0300 [-] There is no wifi devices in this simulation or it is not in this wifi signal coverage area.
2020-06-12T15:22:07-0300 [-] There is no wifi devices in this simulation or it is not in this wifi signal coverage area.
2020-06-12T15:22:07-0300 [-] There is no wifi devices in this simulation or it is not in this wifi signal coverage area.
2020-06-12T15:22:07-0300 [-] There is no wifi devices in this simulation or it is not in this wifi signal coverage area.
2020-06-12T15:22:07-0300 [-] There is no wifi devices in this simulation or it is not in this wifi signal coverage area.
2020-06-12T15:22:08-0300 [-] There is no wifi devices in this simulation or it is not in this wifi signal coverage area.
2020-06-12T15:22:08-0300 [-] There is no wifi devices in this simulation or it is not in this wifi signal coverage area.
2020-06-12T15:22:08-0300 [-] There is no wifi devices in this simulation or it is not in this wifi signal coverage area.
2020-06-12T15:22:08-0300 [-] There is no wifi devices in this simulation or it is not in this wifi signal coverage area.
2020-06-12T15:22:08-0300 [-] There is no wifi devices in this simulation or it is not in this wifi signal coverage area.
2020-06-12T15:22:08-0300 [-] There is no wifi devices in this simulation or it is not in this wifi signal coverage area.
2020-06-12T15:22:08-0300 [-] There is no wifi devices in this simulation or it is not in this wifi signal coverage area.
2020-06-12T15:22:08-0300 [-] There is no wifi devices in this simulation or it is not in this wifi signal coverage area.
2020-06-12T15:22:09-0300 [-] There is no wifi devices in this simulation or it is not in this wifi signal coverage area.
2020-06-12T15:22:09-0300 [-] There is no wifi devices in this simulation or it is not in this wifi signal coverage area.
2020-06-12T15:22:09-0300 [-] There is no wifi devices in this simulation or it is not in this wifi signal coverage area.
2020-06-12T15:22:09-0300 [-] There is no wifi devices in this simulation or it is not in this wifi signal coverage area.
2020-06-12T15:22:09-0300 [-] There is no wifi devices in this simulation or it is not in this wifi signal coverage area.
2020-06-12T15:22:09-0300 [-] There is no wifi devices in this simulation or it is not in this wifi signal coverage area.
2020-06-12T15:22:09-0300 [-] There is no wifi devices in this simulation or it is not in this wifi signal coverage area.
2020-06-12T15:22:09-0300 [-] There is no wifi devices in this simulation or it is not in this wifi signal coverage area.
2020-06-12T15:22:10-0300 [-] There is no wifi devices in this simulation or it is not in this wifi signal coverage area.
2020-06-12T15:22:10-0300 [-] There is no wifi devices in this simulation or it is not in this wifi signal coverage area.
2020-06-12T15:22:10-0300 [-] There is no wifi devices in this simulation or it is not in this wifi signal coverage area.
2020-06-12T15:22:10-0300 [-] There is no wifi devices in this simulation or it is not in this wifi signal coverage area.
2020-06-12T15:22:10-0300 [-] There is no wifi devices in this simulation or it is not in this wifi signal coverage area.
2020-06-12T15:22:10-0300 [-] There is no wifi devices in this simulation or it is not in this wifi signal coverage area.
2020-06-12T15:22:10-0300 [-] There is no wifi devices in this simulation or it is not in this wifi signal coverage area.
2020-06-12T15:22:11-0300 [-] There is no wifi devices in this simulation or it is not in this wifi signal coverage area.
2020-06-12T15:22:11-0300 [-] There is no wifi devices in this simulation or it is not in this wifi signal coverage area.
2020-06-12T15:22:11-0300 [-] There is no wifi devices in this simulation or it is not in this wifi signal coverage area.
2020-06-12T15:22:11-0300 [-] There is no wifi devices in this simulation or it is not in this wifi signal coverage area.
2020-06-12T15:22:11-0300 [-] There is no wifi devices in this simulation or it is not in this wifi signal coverage area.
2020-06-12T15:22:11-0300 [-] There is no wifi devices in this simulation or it is not in this wifi signal coverage area.
2020-06-12T15:22:11-0300 [-] There is no wifi devices in this simulation or it is not in this wifi signal coverage area.
2020-06-12T15:22:11-0300 [-] There is no wifi devices in this simulation or it is not in this wifi signal coverage area.
2020-06-12T15:22:12-0300 [-] There is no wifi devices in this simulation or it is not in this wifi signal coverage area.
2020-06-12T15:22:12-0300 [-] There is no wifi devices in this simulation or it is not in this wifi signal coverage area.
2020-06-12T15:22:12-0300 [-] There is no wifi devices in this simulation or it is not in this wifi signal coverage area.
2020-06-12T15:22:12-0300 [-] There is no wifi devices in this simulation or it is not in this wifi signal coverage area.
2020-06-12T15:22:12-0300 [-] There is no wifi devices in this simulation or it is not in this wifi signal coverage area.
2020-06-12T15:22:12-0300 [-] There is no wifi devices in this simulation or it is not in this wifi signal coverage area.
2020-06-12T15:22:12-0300 [-] There is no wifi devices in this simulation or it is not in this wifi signal coverage area.
2020-06-12T15:22:12-0300 [-] There is no wifi devices in this simulation or it is not in this wifi signal coverage area.
2020-06-12T15:22:13-0300 [-] There is no wifi devices in this simulation or it is not in this wifi signal coverage area.
2020-06-12T15:22:13-0300 [-] There is no wifi devices in this simulation or it is not in this wifi signal coverage area.
2020-06-12T15:22:13-0300 [-] There is no wifi devices in this simulation or it is not in this wifi signal coverage area.
2020-06-12T15:22:13-0300 [-] There is no wifi devices in this simulation or it is not in this wifi signal coverage area.
2020-06-12T15:22:13-0300 [-] There is no wifi devices in this simulation or it is not in this wifi signal coverage area.
2020-06-12T15:22:13-0300 [-] There is no wifi devices in this simulation or it is not in this wifi signal coverage area.
2020-06-12T15:22:13-0300 [-] There is no wifi devices in this simulation or it is not in this wifi signal coverage area.
2020-06-12T15:22:13-0300 [-] There is no wifi devices in this simulation or it is not in this wifi signal coverage area.
2020-06-12T15:22:14-0300 [-] There is no wifi devices in this simulation or it is not in this wifi signal coverage area.
2020-06-12T15:22:14-0300 [-] There is no wifi devices in this simulation or it is not in this wifi signal coverage area.
2020-06-12T15:22:14-0300 [-] There is no wifi devices in this simulation or it is not in this wifi signal coverage area.
2020-06-12T15:22:14-0300 [-] There is no wifi devices in this simulation or it is not in this wifi signal coverage area.
2020-06-12T15:22:14-0300 [-] There is no wifi devices in this simulation or it is not in this wifi signal coverage area.
2020-06-12T15:22:14-0300 [-] There is no wifi devices in this simulation or it is not in this wifi signal coverage area.
2020-06-12T15:22:14-0300 [-] There is no wifi devices in this simulation or it is not in this wifi signal coverage area.
2020-06-12T15:22:14-0300 [-] There is no wifi devices in this simulation or it is not in this wifi signal coverage area.
2020-06-12T15:22:15-0300 [-] There is no wifi devices in this simulation or it is not in this wifi signal coverage area.
2020-06-12T15:22:15-0300 [-] There is no wifi devices in this simulation or it is not in this wifi signal coverage area.
2020-06-12T15:22:15-0300 [-] There is no wifi devices in this simulation or it is not in this wifi signal coverage area.
2020-06-12T15:22:15-0300 [-] There is no wifi devices in this simulation or it is not in this wifi signal coverage area.
2020-06-12T15:22:15-0300 [-] There is no wifi devices in this simulation or it is not in this wifi signal coverage area.
2020-06-12T15:22:15-0300 [-] There is no wifi devices in this simulation or it is not in this wifi signal coverage area.
2020-06-12T15:22:15-0300 [-] There is no wifi devices in this simulation or it is not in this wifi signal coverage area.
2020-06-12T15:22:15-0300 [-] There is no wifi devices in this simulation or it is not in this wifi signal coverage area.
2020-06-12T15:22:16-0300 [-] There is no wifi devices in this simulation or it is not in this wifi signal coverage area.
2020-06-12T15:22:16-0300 [-] There is no wifi devices in this simulation or it is not in this wifi signal coverage area.
2020-06-12T15:22:16-0300 [-] There is no wifi devices in this simulation or it is not in this wifi signal coverage area.
2020-06-12T15:22:16-0300 [-] There is no wifi devices in this simulation or it is not in this wifi signal coverage area.
2020-06-12T15:22:16-0300 [-] There is no wifi devices in this simulation or it is not in this wifi signal coverage area.
2020-06-12T15:22:16-0300 [-] There is no wifi devices in this simulation or it is not in this wifi signal coverage area.
2020-06-12T15:22:16-0300 [-] There is no wifi devices in this simulation or it is not in this wifi signal coverage area.
2020-06-12T15:22:16-0300 [-] There is no wifi devices in this simulation or it is not in this wifi signal coverage area.
2020-06-12T15:22:17-0300 [-] There is no wifi devices in this simulation or it is not in this wifi signal coverage area.
2020-06-12T15:22:17-0300 [-] There is no wifi devices in this simulation or it is not in this wifi signal coverage area.
2020-06-12T15:22:17-0300 [-] There is no wifi devices in this simulation or it is not in this wifi signal coverage area.
2020-06-12T15:22:17-0300 [-] There is no wifi devices in this simulation or it is not in this wifi signal coverage area.
2020-06-12T15:22:17-0300 [-] There is no wifi devices in this simulation or it is not in this wifi signal coverage area.
2020-06-12T15:22:17-0300 [-] There is no wifi devices in this simulation or it is not in this wifi signal coverage area.
2020-06-12T15:22:17-0300 [-] There is no wifi devices in this simulation or it is not in this wifi signal coverage area.
2020-06-12T15:22:17-0300 [-] There is no wifi devices in this simulation or it is not in this wifi signal coverage area.
2020-06-12T15:22:18-0300 [-] There is no wifi devices in this simulation or it is not in this wifi signal coverage area.
2020-06-12T15:22:18-0300 [-] There is no wifi devices in this simulation or it is not in this wifi signal coverage area.
2020-06-12T15:22:18-0300 [-] There is no wifi devices in this simulation or it is not in this wifi signal coverage area.
2020-06-12T15:22:18-0300 [-] There is no wifi devices in this simulation or it is not in this wifi signal coverage area.
2020-06-12T15:22:18-0300 [-] There is no wifi devices in this simulation or it is not in this wifi signal coverage area.
2020-06-12T15:22:18-0300 [-] There is no wifi devices in this simulation or it is not in this wifi signal coverage area.
2020-06-12T15:22:18-0300 [-] There is no wifi devices in this simulation or it is not in this wifi signal coverage area.
2020-06-12T15:22:19-0300 [-] There is no wifi devices in this simulation or it is not in this wifi signal coverage area.
2020-06-12T15:22:19-0300 [-] There is no wifi devices in this simulation or it is not in this wifi signal coverage area.
2020-06-12T15:22:19-0300 [-] There is no wifi devices in this simulation or it is not in this wifi signal coverage area.
2020-06-12T15:22:19-0300 [-] There is no wifi devices in this simulation or it is not in this wifi signal coverage area.
2020-06-12T15:22:19-0300 [-] There is no wifi devices in this simulation or it is not in this wifi signal coverage area.
2020-06-12T15:22:19-0300 [-] There is no wifi devices in this simulation or it is not in this wifi signal coverage area.
2020-06-12T15:22:19-0300 [-] There is no wifi devices in this simulation or it is not in this wifi signal coverage area.
2020-06-12T15:22:19-0300 [-] There is no wifi devices in this simulation or it is not in this wifi signal coverage area.
2020-06-12T15:22:20-0300 [-] There is no wifi devices in this simulation or it is not in this wifi signal coverage area.
2020-06-12T15:22:20-0300 [-] There is no wifi devices in this simulation or it is not in this wifi signal coverage area.
2020-06-12T15:22:20-0300 [-] There is no wifi devices in this simulation or it is not in this wifi signal coverage area.
2020-06-12T15:22:20-0300 [-] There is no wifi devices in this simulation or it is not in this wifi signal coverage area.
2020-06-12T15:22:20-0300 [-] There is no wifi devices in this simulation or it is not in this wifi signal coverage area.
2020-06-12T15:22:20-0300 [-] There is no wifi devices in this simulation or it is not in this wifi signal coverage area.
2020-06-12T15:22:20-0300 [-] There is no wifi devices in this simulation or it is not in this wifi signal coverage area.
2020-06-12T15:22:21-0300 [-] There is no wifi devices in this simulation or it is not in this wifi signal coverage area.
2020-06-12T15:22:21-0300 [-] There is no wifi devices in this simulation or it is not in this wifi signal coverage area.
2020-06-12T15:22:21-0300 [-] There is no wifi devices in this simulation or it is not in this wifi signal coverage area.
2020-06-12T15:22:21-0300 [-] There is no wifi devices in this simulation or it is not in this wifi signal coverage area.
2020-06-12T15:22:21-0300 [-] There is no wifi devices in this simulation or it is not in this wifi signal coverage area.
2020-06-12T15:22:21-0300 [-] There is no wifi devices in this simulation or it is not in this wifi signal coverage area.
2020-06-12T15:22:21-0300 [-] There is no wifi devices in this simulation or it is not in this wifi signal coverage area.
2020-06-12T15:22:21-0300 [-] There is no wifi devices in this simulation or it is not in this wifi signal coverage area.
2020-06-12T15:22:21-0300 [-] There is no wifi devices in this simulation or it is not in this wifi signal coverage area.
2020-06-12T15:22:22-0300 [-] There is no wifi devices in this simulation or it is not in this wifi signal coverage area.
2020-06-12T15:22:22-0300 [-] There is no wifi devices in this simulation or it is not in this wifi signal coverage area.
2020-06-12T15:22:22-0300 [-] There is no wifi devices in this simulation or it is not in this wifi signal coverage area.
2020-06-12T15:22:22-0300 [-] There is no wifi devices in this simulation or it is not in this wifi signal coverage area.
2020-06-12T15:22:22-0300 [-] There is no wifi devices in this simulation or it is not in this wifi signal coverage area.
2020-06-12T15:22:22-0300 [-] There is no wifi devices in this simulation or it is not in this wifi signal coverage area.
2020-06-12T15:22:22-0300 [-] There is no wifi devices in this simulation or it is not in this wifi signal coverage area.
2020-06-12T15:22:22-0300 [-] There is no wifi devices in this simulation or it is not in this wifi signal coverage area.
2020-06-12T15:22:23-0300 [-] There is no wifi devices in this simulation or it is not in this wifi signal coverage area.
2020-06-12T15:22:23-0300 [-] There is no wifi devices in this simulation or it is not in this wifi signal coverage area.
2020-06-12T15:22:23-0300 [-] There is no wifi devices in this simulation or it is not in this wifi signal coverage area.
2020-06-12T15:22:23-0300 [-] There is no wifi devices in this simulation or it is not in this wifi signal coverage area.
2020-06-12T15:22:23-0300 [-] There is no wifi devices in this simulation or it is not in this wifi signal coverage area.
2020-06-12T15:22:23-0300 [-] There is no wifi devices in this simulation or it is not in this wifi signal coverage area.
2020-06-12T15:22:23-0300 [-] There is no wifi devices in this simulation or it is not in this wifi signal coverage area.
2020-06-12T15:22:23-0300 [-] There is no wifi devices in this simulation or it is not in this wifi signal coverage area.
2020-06-12T15:22:24-0300 [-] There is no wifi devices in this simulation or it is not in this wifi signal coverage area.
2020-06-12T15:22:24-0300 [-] There is no wifi devices in this simulation or it is not in this wifi signal coverage area.
2020-06-12T15:22:24-0300 [-] There is no wifi devices in this simulation or it is not in this wifi signal coverage area.
2020-06-12T15:22:24-0300 [-] There is no wifi devices in this simulation or it is not in this wifi signal coverage area.
2020-06-12T15:22:24-0300 [-] There is no wifi devices in this simulation or it is not in this wifi signal coverage area.
2020-06-12T15:22:24-0300 [-] There is no wifi devices in this simulation or it is not in this wifi signal coverage area.
2020-06-12T15:22:24-0300 [-] There is no wifi devices in this simulation or it is not in this wifi signal coverage area.
2020-06-12T15:22:24-0300 [-] There is no wifi devices in this simulation or it is not in this wifi signal coverage area.
2020-06-12T15:22:24-0300 [-] There is no wifi devices in this simulation or it is not in this wifi signal coverage area.
2020-06-12T15:22:25-0300 [-] There is no wifi devices in this simulation or it is not in this wifi signal coverage area.
2020-06-12T15:22:25-0300 [-] There is no wifi devices in this simulation or it is not in this wifi signal coverage area.
2020-06-12T15:22:25-0300 [-] There is no wifi devices in this simulation or it is not in this wifi signal coverage area.
2020-06-12T15:22:25-0300 [-] There is no wifi devices in this simulation or it is not in this wifi signal coverage area.
2020-06-12T15:22:25-0300 [-] There is no wifi devices in this simulation or it is not in this wifi signal coverage area.
2020-06-12T15:22:25-0300 [-] There is no wifi devices in this simulation or it is not in this wifi signal coverage area.
2020-06-12T15:22:25-0300 [-] There is no wifi devices in this simulation or it is not in this wifi signal coverage area.
2020-06-12T15:22:26-0300 [-] There is no wifi devices in this simulation or it is not in this wifi signal coverage area.
2020-06-12T15:22:26-0300 [-] There is no wifi devices in this simulation or it is not in this wifi signal coverage area.
2020-06-12T15:22:26-0300 [-] There is no wifi devices in this simulation or it is not in this wifi signal coverage area.
2020-06-12T15:22:26-0300 [-] There is no wifi devices in this simulation or it is not in this wifi signal coverage area.
2020-06-12T15:22:26-0300 [-] There is no wifi devices in this simulation or it is not in this wifi signal coverage area.
2020-06-12T15:22:26-0300 [-] There is no wifi devices in this simulation or it is not in this wifi signal coverage area.
2020-06-12T15:22:26-0300 [-] Received SIGINT, shutting down.
2020-06-12T15:22:26-0300 [applications.mqttapp.BrokerFactory] (TCP Port 5100 Closed)
2020-06-12T15:22:26-0300 [applications.routerapp.RouterFactory] (TCP Port 8081 Closed)
2020-06-12T15:22:26-0300 [-] Main loop terminated.
