2020-06-14T16:34:37-0300 [-] Creating router ...
2020-06-14T16:34:37-0300 [-] Initializing Router - Number of events: 1
2020-06-14T16:34:37-0300 [-] RouterFactory starting on 8081
2020-06-14T16:34:37-0300 [-] Creating AccessPoint station ...
2020-06-14T16:34:37-0300 [-] Initializing Access Point - Number of events: 2
2020-06-14T16:34:38-0300 [-] There is no wifi devices in this simulation or it is not in this wifi signal coverage area.
2020-06-14T16:34:38-0300 [-] Initializing Server - Number of events: 3
2020-06-14T16:34:38-0300 [-] BrokerFactory starting on 5100
2020-06-14T16:34:38-0300 [-] Initializing Server - Number of events: 4
2020-06-14T16:34:39-0300 [-] DatabaseServerAppFactory starting on 8083
2020-06-14T16:34:39-0300 [-] Initializing Client - Number of events: 5
2020-06-14T16:34:39-0300 [-] Initializing Client - Number of events: 6
2020-06-14T16:34:40-0300 [-] Initializing sink node - Number of events: 7
2020-06-14T16:34:40-0300 [-] Initializing sensor node - Number of events: 8
2020-06-14T16:34:41-0300 [-] Initializing sensor node - Number of events: 9
2020-06-14T16:34:41-0300 [-] Initializing sensor node - Number of events: 10
2020-06-14T16:34:42-0300 [-] Initializing sensor node - Number of events: 11
2020-06-14T16:34:42-0300 [-] Initializing sensor node - Number of events: 12
2020-06-14T16:34:43-0300 [-] Initializing sensor node - Number of events: 13
2020-06-14T16:34:43-0300 [-] Initializing sensor node - Number of events: 14
2020-06-14T16:34:44-0300 [-] Initializing sensor node - Number of events: 15
2020-06-14T16:34:44-0300 [-] Initializing sensor node - Number of events: 16
2020-06-14T16:34:45-0300 [stdout#info] ========= sensor_3 ==========
2020-06-14T16:34:45-0300 [stdout#info] sensor_3  <------->  sensor_1
2020-06-14T16:34:45-0300 [stdout#info] sensor_3  <------->  sensor_4
2020-06-14T16:34:45-0300 [stdout#info] =============================
2020-06-14T16:34:45-0300 [stdout#info] 98888055998444: sensor_3 - sensor_1
2020-06-14T16:34:45-0300 [-] wsn node send data - Number of events: 17
2020-06-14T16:34:45-0300 [stdout#info] 98888055998444: sensor_3 - sensor_4 - sensor_1
2020-06-14T16:34:45-0300 [-] wsn node send data - Number of events: 18
2020-06-14T16:34:45-0300 [stdout#info] 168675913879583: sensor_3 - sensor_1
2020-06-14T16:34:45-0300 [-] wsn node send data - Number of events: 19
2020-06-14T16:34:45-0300 [stdout#info] 168675913879583: sensor_3 - sensor_4 - sensor_1
2020-06-14T16:34:45-0300 [-] wsn node send data - Number of events: 20
2020-06-14T16:34:45-0300 [stdout#info] 171840363346271: sensor_3 - sensor_1
2020-06-14T16:34:45-0300 [-] wsn node send data - Number of events: 21
2020-06-14T16:34:45-0300 [stdout#info] 171840363346271: sensor_3 - sensor_4 - sensor_1
2020-06-14T16:34:45-0300 [-] wsn node send data - Number of events: 22
2020-06-14T16:34:45-0300 [stdout#info] ========= sensor_6 ==========
2020-06-14T16:34:45-0300 [stdout#info] sensor_6  <------->  sensor_5
2020-06-14T16:34:45-0300 [stdout#info] =============================
2020-06-14T16:34:45-0300 [stdout#info] 160022597232536: sensor_6 - sensor_5
2020-06-14T16:34:45-0300 [-] wsn node send data - Number of events: 23
2020-06-14T16:34:45-0300 [stdout#info] 36777367564813: sensor_6 - sensor_5
2020-06-14T16:34:45-0300 [-] wsn node send data - Number of events: 24
2020-06-14T16:34:45-0300 [stdout#info] ========= sensor_9 ==========
2020-06-14T16:34:45-0300 [stdout#info] =============================
2020-06-14T16:34:45-0300 [stdout#info] ========= sensor_1 ==========
2020-06-14T16:34:45-0300 [stdout#info] sensor_1  <------->  sensor_3
2020-06-14T16:34:45-0300 [stdout#info] =============================
2020-06-14T16:34:45-0300 [stdout#info] 203763398563035: sensor_1 - sensor_3
2020-06-14T16:34:45-0300 [-] wsn node send data - Number of events: 25
2020-06-14T16:34:45-0300 [stdout#info] 4909639510427: sensor_1 - sensor_3
2020-06-14T16:34:45-0300 [-] wsn node send data - Number of events: 26
2020-06-14T16:34:45-0300 [stdout#info] ========= sensor_8 ==========
2020-06-14T16:34:45-0300 [stdout#info] sensor_8  <------->  sensor_7
2020-06-14T16:34:45-0300 [stdout#info] =============================
2020-06-14T16:34:45-0300 [stdout#info] 188539655936639: sensor_8 - sensor_7
2020-06-14T16:34:45-0300 [-] wsn node send data - Number of events: 27
2020-06-14T16:34:45-0300 [stdout#info] 58493273333956: sensor_8 - sensor_7
2020-06-14T16:34:45-0300 [-] wsn node send data - Number of events: 28
2020-06-14T16:34:45-0300 [stdout#info] ========= sensor_2 ==========
2020-06-14T16:34:45-0300 [stdout#info] =============================
2020-06-14T16:34:45-0300 [stdout#info] ========= sensor_5 ==========
2020-06-14T16:34:45-0300 [stdout#info] sensor_5  <------->  sensor_6
2020-06-14T16:34:45-0300 [stdout#info] =============================
2020-06-14T16:34:45-0300 [stdout#info] 89552406651924: sensor_5 - sensor_6
2020-06-14T16:34:45-0300 [-] wsn node send data - Number of events: 29
2020-06-14T16:34:45-0300 [stdout#info] 72139996316339: sensor_5 - sensor_6
2020-06-14T16:34:45-0300 [-] wsn node send data - Number of events: 30
2020-06-14T16:34:45-0300 [stdout#info] ========= sensor_4 ==========
2020-06-14T16:34:45-0300 [stdout#info] sensor_4  <------->  sensor_3
2020-06-14T16:34:45-0300 [stdout#info] =============================
2020-06-14T16:34:45-0300 [stdout#info] 246588128113994: sensor_4 - sensor_3
2020-06-14T16:34:45-0300 [-] wsn node send data - Number of events: 31
2020-06-14T16:34:45-0300 [stdout#info] 128161675896210: sensor_4 - sensor_3
2020-06-14T16:34:45-0300 [-] wsn node send data - Number of events: 32
2020-06-14T16:34:45-0300 [stdout#info] ========= sensor_7 ==========
2020-06-14T16:34:45-0300 [stdout#info] sensor_7  <------->  sensor_8
2020-06-14T16:34:45-0300 [stdout#info] =============================
2020-06-14T16:34:45-0300 [stdout#info] 152839641875175: sensor_7 - sensor_8
2020-06-14T16:34:45-0300 [-] wsn node send data - Number of events: 33
2020-06-14T16:34:45-0300 [stdout#info] 133178372474657: sensor_7 - sensor_8
2020-06-14T16:34:45-0300 [-] wsn node send data - Number of events: 34
2020-06-14T16:34:45-0300 [stdout#info] This divice have no simulation core instance
2020-06-14T16:34:45-0300 [stdout#info] This divice have no simulation core instance
2020-06-14T16:34:45-0300 [stdout#info] This divice have no simulation core instance
2020-06-14T16:34:45-0300 [stdout#info] This divice have no simulation core instance
2020-06-14T16:34:45-0300 [Uninitialized] 127.0.0.1:57188 - Connected to mqtt broker - Number of events: 35
2020-06-14T16:34:45-0300 [Uninitialized] 127.0.0.1:57188 - sending MQTT SUBSCRIBE REQUEST - Number of events: 36
2020-06-14T16:34:45-0300 [Uninitialized] 127.0.0.1:57190 - Connected to mqtt broker - Number of events: 37
2020-06-14T16:34:45-0300 [Uninitialized] 127.0.0.1:57190 - sending MQTT SUBSCRIBE REQUEST - Number of events: 38
2020-06-14T16:34:45-0300 [twisted.internet.endpoints.OneShotFactory#info] Starting factory <twisted.internet.endpoints.connectProtocol.<locals>.OneShotFactory object at 0x7fdc68d1aa20>
2020-06-14T16:34:45-0300 [twisted.internet.endpoints.OneShotFactory#info] Starting factory <twisted.internet.endpoints.connectProtocol.<locals>.OneShotFactory object at 0x7fdc68cb0898>
2020-06-14T16:34:48-0300 [stdout#info] 246588128113994: sensor_4 - sensor_1 - sensor_3
2020-06-14T16:34:48-0300 [-] wsn node send data - Number of events: 39
2020-06-14T16:34:48-0300 [stdout#info] 203763398563035: sensor_1 - sensor_4 - sensor_3
2020-06-14T16:34:48-0300 [-] wsn node send data - Number of events: 40
2020-06-14T16:34:48-0300 [stdout#info] 128161675896210: sensor_4 - sensor_1 - sensor_3
2020-06-14T16:34:48-0300 [-] wsn node send data - Number of events: 41
2020-06-14T16:34:48-0300 [stdout#info] 4909639510427: sensor_1 - sensor_4 - sensor_3
2020-06-14T16:34:48-0300 [-] wsn node send data - Number of events: 42
2020-06-14T16:34:48-0300 [stdout#info] 89359276047091: sensor_3 - sensor_1
2020-06-14T16:34:48-0300 [-] wsn node send data - Number of events: 43
2020-06-14T16:34:48-0300 [stdout#info] 89359276047091: sensor_3 - sensor_4 - sensor_1
2020-06-14T16:34:48-0300 [-] wsn node send data - Number of events: 44
2020-06-14T16:34:48-0300 [stdout#info] 162174334452481: sensor_3 - sensor_1
2020-06-14T16:34:48-0300 [-] wsn node send data - Number of events: 45
2020-06-14T16:34:48-0300 [stdout#info] 162174334452481: sensor_3 - sensor_4 - sensor_1
2020-06-14T16:34:48-0300 [-] wsn node send data - Number of events: 46
2020-06-14T16:34:48-0300 [stdout#info] 180200246326095: sensor_3 - sensor_1
2020-06-14T16:34:48-0300 [-] wsn node send data - Number of events: 47
2020-06-14T16:34:48-0300 [stdout#info] 180200246326095: sensor_3 - sensor_4 - sensor_1
2020-06-14T16:34:48-0300 [-] wsn node send data - Number of events: 48
2020-06-14T16:34:48-0300 [stdout#info] 132605729761894: sensor_6 - sensor_5
2020-06-14T16:34:48-0300 [-] wsn node send data - Number of events: 49
2020-06-14T16:34:48-0300 [stdout#info] 249808066095862: sensor_6 - sensor_5
2020-06-14T16:34:48-0300 [-] wsn node send data - Number of events: 50
2020-06-14T16:34:48-0300 [stdout#info] 113173825430476: sensor_1 - sensor_3
2020-06-14T16:34:48-0300 [-] wsn node send data - Number of events: 51
2020-06-14T16:34:48-0300 [stdout#info] 52274105206770: sensor_1 - sensor_3
2020-06-14T16:34:48-0300 [-] wsn node send data - Number of events: 52
2020-06-14T16:34:48-0300 [stdout#info] 264043823385336: sensor_8 - sensor_7
2020-06-14T16:34:48-0300 [-] wsn node send data - Number of events: 53
2020-06-14T16:34:48-0300 [stdout#info] 84942214438397: sensor_8 - sensor_7
2020-06-14T16:34:48-0300 [-] wsn node send data - Number of events: 54
2020-06-14T16:34:48-0300 [stdout#info] 98548426479646: sensor_5 - sensor_6
2020-06-14T16:34:48-0300 [-] wsn node send data - Number of events: 55
2020-06-14T16:34:48-0300 [stdout#info] 262018440729741: sensor_5 - sensor_6
2020-06-14T16:34:48-0300 [-] wsn node send data - Number of events: 56
2020-06-14T16:34:48-0300 [stdout#info] 277801988944348: sensor_4 - sensor_3
2020-06-14T16:34:48-0300 [-] wsn node send data - Number of events: 57
2020-06-14T16:34:48-0300 [stdout#info] 111501930786389: sensor_4 - sensor_3
2020-06-14T16:34:48-0300 [-] wsn node send data - Number of events: 58
2020-06-14T16:34:48-0300 [stdout#info] 63035253708498: sensor_7 - sensor_8
2020-06-14T16:34:48-0300 [-] wsn node send data - Number of events: 59
2020-06-14T16:34:48-0300 [stdout#info] 133686622843688: sensor_7 - sensor_8
2020-06-14T16:34:48-0300 [-] wsn node send data - Number of events: 60
2020-06-14T16:34:51-0300 [stdout#info] 235124850032405: sensor_3 - sensor_1
2020-06-14T16:34:51-0300 [-] wsn node send data - Number of events: 61
2020-06-14T16:34:51-0300 [stdout#info] 235124850032405: sensor_3 - sensor_4 - sensor_1
2020-06-14T16:34:51-0300 [-] wsn node send data - Number of events: 62
2020-06-14T16:34:51-0300 [stdout#info] 111501930786389: sensor_4 - sensor_1 - sensor_3
2020-06-14T16:34:51-0300 [-] wsn node send data - Number of events: 63
2020-06-14T16:34:51-0300 [stdout#info] 242115711772502: sensor_3 - sensor_1
2020-06-14T16:34:51-0300 [-] wsn node send data - Number of events: 64
2020-06-14T16:34:51-0300 [stdout#info] 242115711772502: sensor_3 - sensor_4 - sensor_1
2020-06-14T16:34:51-0300 [-] wsn node send data - Number of events: 65
2020-06-14T16:34:51-0300 [stdout#info] 239546017717750: sensor_3 - sensor_1
2020-06-14T16:34:51-0300 [-] wsn node send data - Number of events: 66
2020-06-14T16:34:51-0300 [stdout#info] 239546017717750: sensor_3 - sensor_4 - sensor_1
2020-06-14T16:34:51-0300 [-] wsn node send data - Number of events: 67
2020-06-14T16:34:51-0300 [stdout#info] 277801988944348: sensor_4 - sensor_1 - sensor_3
2020-06-14T16:34:51-0300 [-] wsn node send data - Number of events: 68
2020-06-14T16:34:51-0300 [stdout#info] 113173825430476: sensor_1 - sensor_4 - sensor_3
2020-06-14T16:34:51-0300 [-] wsn node send data - Number of events: 69
2020-06-14T16:34:51-0300 [stdout#info] 52274105206770: sensor_1 - sensor_4 - sensor_3
2020-06-14T16:34:51-0300 [-] wsn node send data - Number of events: 70
2020-06-14T16:34:51-0300 [stdout#info] 117031050392378: sensor_6 - sensor_5
2020-06-14T16:34:51-0300 [-] wsn node send data - Number of events: 71
2020-06-14T16:34:51-0300 [stdout#info] 203275206478060: sensor_6 - sensor_5
2020-06-14T16:34:51-0300 [-] wsn node send data - Number of events: 72
2020-06-14T16:34:51-0300 [stdout#info] 220708887720271: sensor_1 - sensor_3
2020-06-14T16:34:51-0300 [-] wsn node send data - Number of events: 73
2020-06-14T16:34:51-0300 [stdout#info] 177602202650027: sensor_1 - sensor_3
2020-06-14T16:34:51-0300 [-] wsn node send data - Number of events: 74
2020-06-14T16:34:51-0300 [stdout#info] 68195009577177: sensor_8 - sensor_7
2020-06-14T16:34:51-0300 [-] wsn node send data - Number of events: 75
2020-06-14T16:34:51-0300 [stdout#info] 24351049237157: sensor_8 - sensor_7
2020-06-14T16:34:51-0300 [-] wsn node send data - Number of events: 76
2020-06-14T16:34:51-0300 [stdout#info] 2097085316775: sensor_5 - sensor_6
2020-06-14T16:34:51-0300 [-] wsn node send data - Number of events: 77
2020-06-14T16:34:51-0300 [stdout#info] 244873551263435: sensor_5 - sensor_6
2020-06-14T16:34:51-0300 [-] wsn node send data - Number of events: 78
2020-06-14T16:34:51-0300 [stdout#info] 124074382095920: sensor_4 - sensor_3
2020-06-14T16:34:51-0300 [-] wsn node send data - Number of events: 79
2020-06-14T16:34:51-0300 [stdout#info] 117649187713652: sensor_4 - sensor_3
2020-06-14T16:34:51-0300 [-] wsn node send data - Number of events: 80
2020-06-14T16:34:51-0300 [stdout#info] 104879739422663: sensor_7 - sensor_8
2020-06-14T16:34:51-0300 [-] wsn node send data - Number of events: 81
2020-06-14T16:34:51-0300 [stdout#info] 112031520043560: sensor_7 - sensor_8
2020-06-14T16:34:51-0300 [-] wsn node send data - Number of events: 82
2020-06-14T16:34:54-0300 [stdout#info] 37594273382733: sensor_3 - sensor_1
2020-06-14T16:34:54-0300 [-] wsn node send data - Number of events: 83
2020-06-14T16:34:54-0300 [stdout#info] 37594273382733: sensor_3 - sensor_4 - sensor_1
2020-06-14T16:34:54-0300 [-] wsn node send data - Number of events: 84
2020-06-14T16:34:54-0300 [stdout#info] 220708887720271: sensor_1 - sensor_4 - sensor_3
2020-06-14T16:34:54-0300 [-] wsn node send data - Number of events: 85
2020-06-14T16:34:54-0300 [stdout#info] 124074382095920: sensor_4 - sensor_1 - sensor_3
2020-06-14T16:34:54-0300 [-] wsn node send data - Number of events: 86
2020-06-14T16:34:54-0300 [stdout#info] 201542729985045: sensor_3 - sensor_1
2020-06-14T16:34:54-0300 [-] wsn node send data - Number of events: 87
2020-06-14T16:34:54-0300 [stdout#info] 201542729985045: sensor_3 - sensor_4 - sensor_1
2020-06-14T16:34:54-0300 [-] wsn node send data - Number of events: 88
2020-06-14T16:34:54-0300 [stdout#info] 117649187713652: sensor_4 - sensor_1 - sensor_3
2020-06-14T16:34:54-0300 [-] wsn node send data - Number of events: 89
2020-06-14T16:34:54-0300 [stdout#info] 177602202650027: sensor_1 - sensor_4 - sensor_3
2020-06-14T16:34:54-0300 [-] wsn node send data - Number of events: 90
2020-06-14T16:34:54-0300 [stdout#info] 52859104878258: sensor_3 - sensor_1
2020-06-14T16:34:54-0300 [-] wsn node send data - Number of events: 91
2020-06-14T16:34:54-0300 [stdout#info] 52859104878258: sensor_3 - sensor_4 - sensor_1
2020-06-14T16:34:54-0300 [-] wsn node send data - Number of events: 92
2020-06-14T16:34:54-0300 [stdout#info] 188701004527304: sensor_6 - sensor_5
2020-06-14T16:34:54-0300 [-] wsn node send data - Number of events: 93
2020-06-14T16:34:54-0300 [stdout#info] 140456352561508: sensor_6 - sensor_5
2020-06-14T16:34:54-0300 [-] wsn node send data - Number of events: 94
2020-06-14T16:34:54-0300 [stdout#info] 68631959080035: sensor_1 - sensor_3
2020-06-14T16:34:54-0300 [-] wsn node send data - Number of events: 95
2020-06-14T16:34:54-0300 [stdout#info] 16228114192693: sensor_1 - sensor_3
2020-06-14T16:34:54-0300 [-] wsn node send data - Number of events: 96
2020-06-14T16:34:54-0300 [stdout#info] 235649478220459: sensor_8 - sensor_7
2020-06-14T16:34:54-0300 [-] wsn node send data - Number of events: 97
2020-06-14T16:34:54-0300 [stdout#info] 180539781568014: sensor_8 - sensor_7
2020-06-14T16:34:54-0300 [-] wsn node send data - Number of events: 98
2020-06-14T16:34:54-0300 [stdout#info] 57516038939402: sensor_5 - sensor_6
2020-06-14T16:34:54-0300 [-] wsn node send data - Number of events: 99
2020-06-14T16:34:54-0300 [stdout#info] 232377326086759: sensor_5 - sensor_6
2020-06-14T16:34:54-0300 [-] wsn node send data - Number of events: 100
2020-06-14T16:34:54-0300 [stdout#info] 33689263423151: sensor_4 - sensor_3
2020-06-14T16:34:54-0300 [-] wsn node send data - Number of events: 101
2020-06-14T16:34:54-0300 [stdout#info] 189844331205578: sensor_4 - sensor_3
2020-06-14T16:34:54-0300 [-] wsn node send data - Number of events: 102
2020-06-14T16:34:54-0300 [stdout#info] 96350549990044: sensor_7 - sensor_8
2020-06-14T16:34:54-0300 [-] wsn node send data - Number of events: 103
2020-06-14T16:34:54-0300 [stdout#info] 26143368464113: sensor_7 - sensor_8
2020-06-14T16:34:54-0300 [-] wsn node send data - Number of events: 104
2020-06-14T16:34:57-0300 [stdout#info] 33689263423151: sensor_4 - sensor_1 - sensor_3
2020-06-14T16:34:57-0300 [-] wsn node send data - Number of events: 105
2020-06-14T16:34:57-0300 [stdout#info] 68631959080035: sensor_1 - sensor_4 - sensor_3
2020-06-14T16:34:57-0300 [-] wsn node send data - Number of events: 106
2020-06-14T16:34:57-0300 [stdout#info] 189844331205578: sensor_4 - sensor_1 - sensor_3
2020-06-14T16:34:57-0300 [-] wsn node send data - Number of events: 107
2020-06-14T16:34:57-0300 [stdout#info] 233419752564794: sensor_3 - sensor_1
2020-06-14T16:34:57-0300 [-] wsn node send data - Number of events: 108
2020-06-14T16:34:57-0300 [stdout#info] 233419752564794: sensor_3 - sensor_4 - sensor_1
2020-06-14T16:34:57-0300 [-] wsn node send data - Number of events: 109
2020-06-14T16:34:57-0300 [stdout#info] 260519690336569: sensor_3 - sensor_1
2020-06-14T16:34:57-0300 [-] wsn node send data - Number of events: 110
2020-06-14T16:34:57-0300 [stdout#info] 260519690336569: sensor_3 - sensor_4 - sensor_1
2020-06-14T16:34:57-0300 [-] wsn node send data - Number of events: 111
2020-06-14T16:34:57-0300 [stdout#info] 16228114192693: sensor_1 - sensor_4 - sensor_3
2020-06-14T16:34:57-0300 [-] wsn node send data - Number of events: 112
2020-06-14T16:34:57-0300 [stdout#info] 191610909619792: sensor_3 - sensor_1
2020-06-14T16:34:57-0300 [-] wsn node send data - Number of events: 113
2020-06-14T16:34:57-0300 [stdout#info] 191610909619792: sensor_3 - sensor_4 - sensor_1
2020-06-14T16:34:57-0300 [-] wsn node send data - Number of events: 114
2020-06-14T16:34:57-0300 [stdout#info] 117423663088093: sensor_6 - sensor_5
2020-06-14T16:34:57-0300 [-] wsn node send data - Number of events: 115
2020-06-14T16:34:57-0300 [stdout#info] 266039921657076: sensor_6 - sensor_5
2020-06-14T16:34:57-0300 [-] wsn node send data - Number of events: 116
2020-06-14T16:34:57-0300 [stdout#info] 116082169960013: sensor_1 - sensor_3
2020-06-14T16:34:57-0300 [-] wsn node send data - Number of events: 117
2020-06-14T16:34:57-0300 [stdout#info] 189834951632798: sensor_1 - sensor_3
2020-06-14T16:34:57-0300 [-] wsn node send data - Number of events: 118
2020-06-14T16:34:57-0300 [stdout#info] 211001490128297: sensor_8 - sensor_7
2020-06-14T16:34:57-0300 [-] wsn node send data - Number of events: 119
2020-06-14T16:34:57-0300 [stdout#info] 170478844761880: sensor_8 - sensor_7
2020-06-14T16:34:57-0300 [-] wsn node send data - Number of events: 120
2020-06-14T16:34:57-0300 [stdout#info] 263489172877930: sensor_5 - sensor_6
2020-06-14T16:34:57-0300 [-] wsn node send data - Number of events: 121
2020-06-14T16:34:57-0300 [stdout#info] 3205773801317: sensor_5 - sensor_6
2020-06-14T16:34:57-0300 [-] wsn node send data - Number of events: 122
2020-06-14T16:34:57-0300 [stdout#info] 265307766344459: sensor_4 - sensor_3
2020-06-14T16:34:57-0300 [-] wsn node send data - Number of events: 123
2020-06-14T16:34:57-0300 [stdout#info] 119920762295782: sensor_4 - sensor_3
2020-06-14T16:34:57-0300 [-] wsn node send data - Number of events: 124
2020-06-14T16:34:57-0300 [stdout#info] 235293000372464: sensor_7 - sensor_8
2020-06-14T16:34:57-0300 [-] wsn node send data - Number of events: 125
2020-06-14T16:34:57-0300 [stdout#info] 233827974821276: sensor_7 - sensor_8
2020-06-14T16:34:57-0300 [-] wsn node send data - Number of events: 126
2020-06-14T16:35:00-0300 [stdout#info] 119920762295782: sensor_4 - sensor_1 - sensor_3
2020-06-14T16:35:00-0300 [-] wsn node send data - Number of events: 127
2020-06-14T16:35:00-0300 [stdout#info] 116082169960013: sensor_1 - sensor_4 - sensor_3
2020-06-14T16:35:00-0300 [-] wsn node send data - Number of events: 128
2020-06-14T16:35:00-0300 [stdout#info] 265307766344459: sensor_4 - sensor_1 - sensor_3
2020-06-14T16:35:00-0300 [-] wsn node send data - Number of events: 129
2020-06-14T16:35:00-0300 [stdout#info] 184870374790625: sensor_3 - sensor_1
2020-06-14T16:35:00-0300 [-] wsn node send data - Number of events: 130
2020-06-14T16:35:00-0300 [stdout#info] 184870374790625: sensor_3 - sensor_4 - sensor_1
2020-06-14T16:35:00-0300 [-] wsn node send data - Number of events: 131
2020-06-14T16:35:00-0300 [stdout#info] 118990334496353: sensor_3 - sensor_1
2020-06-14T16:35:00-0300 [-] wsn node send data - Number of events: 132
2020-06-14T16:35:00-0300 [stdout#info] 118990334496353: sensor_3 - sensor_4 - sensor_1
2020-06-14T16:35:00-0300 [-] wsn node send data - Number of events: 133
2020-06-14T16:35:00-0300 [stdout#info] 189834951632798: sensor_1 - sensor_4 - sensor_3
2020-06-14T16:35:00-0300 [-] wsn node send data - Number of events: 134
2020-06-14T16:35:00-0300 [stdout#info] 189000405538099: sensor_3 - sensor_1
2020-06-14T16:35:00-0300 [-] wsn node send data - Number of events: 135
2020-06-14T16:35:00-0300 [stdout#info] 189000405538099: sensor_3 - sensor_4 - sensor_1
2020-06-14T16:35:00-0300 [-] wsn node send data - Number of events: 136
2020-06-14T16:35:00-0300 [stdout#info] 27645634429795: sensor_6 - sensor_5
2020-06-14T16:35:00-0300 [-] wsn node send data - Number of events: 137
2020-06-14T16:35:00-0300 [stdout#info] 8073920945965: sensor_6 - sensor_5
2020-06-14T16:35:00-0300 [-] wsn node send data - Number of events: 138
2020-06-14T16:35:00-0300 [stdout#info] 78650380044982: sensor_1 - sensor_3
2020-06-14T16:35:00-0300 [-] wsn node send data - Number of events: 139
2020-06-14T16:35:00-0300 [stdout#info] 135215055126846: sensor_1 - sensor_3
2020-06-14T16:35:00-0300 [-] wsn node send data - Number of events: 140
2020-06-14T16:35:00-0300 [stdout#info] 243271114835943: sensor_8 - sensor_7
2020-06-14T16:35:00-0300 [-] wsn node send data - Number of events: 141
2020-06-14T16:35:00-0300 [stdout#info] 82154177194785: sensor_8 - sensor_7
2020-06-14T16:35:00-0300 [-] wsn node send data - Number of events: 142
2020-06-14T16:35:00-0300 [stdout#info] 202764321008610: sensor_5 - sensor_6
2020-06-14T16:35:00-0300 [-] wsn node send data - Number of events: 143
2020-06-14T16:35:00-0300 [stdout#info] 268971063826298: sensor_5 - sensor_6
2020-06-14T16:35:00-0300 [-] wsn node send data - Number of events: 144
2020-06-14T16:35:00-0300 [stdout#info] 249256578788494: sensor_4 - sensor_3
2020-06-14T16:35:00-0300 [-] wsn node send data - Number of events: 145
2020-06-14T16:35:00-0300 [stdout#info] 187599722349653: sensor_4 - sensor_3
2020-06-14T16:35:00-0300 [-] wsn node send data - Number of events: 146
2020-06-14T16:35:00-0300 [stdout#info] 247569672260719: sensor_7 - sensor_8
2020-06-14T16:35:00-0300 [-] wsn node send data - Number of events: 147
2020-06-14T16:35:00-0300 [stdout#info] 217794105105768: sensor_7 - sensor_8
2020-06-14T16:35:00-0300 [-] wsn node send data - Number of events: 148
2020-06-14T16:35:03-0300 [stdout#info] 197397159276767: sensor_3 - sensor_1
2020-06-14T16:35:03-0300 [-] wsn node send data - Number of events: 149
2020-06-14T16:35:03-0300 [stdout#info] 197397159276767: sensor_3 - sensor_4 - sensor_1
2020-06-14T16:35:03-0300 [-] wsn node send data - Number of events: 150
2020-06-14T16:35:03-0300 [stdout#info] 81820369003895: sensor_3 - sensor_1
2020-06-14T16:35:03-0300 [-] wsn node send data - Number of events: 151
2020-06-14T16:35:03-0300 [stdout#info] 81820369003895: sensor_3 - sensor_4 - sensor_1
2020-06-14T16:35:03-0300 [-] wsn node send data - Number of events: 152
2020-06-14T16:35:03-0300 [stdout#info] 78650380044982: sensor_1 - sensor_4 - sensor_3
2020-06-14T16:35:03-0300 [-] wsn node send data - Number of events: 153
2020-06-14T16:35:03-0300 [stdout#info] 135215055126846: sensor_1 - sensor_4 - sensor_3
2020-06-14T16:35:03-0300 [-] wsn node send data - Number of events: 154
2020-06-14T16:35:03-0300 [stdout#info] 187599722349653: sensor_4 - sensor_1 - sensor_3
2020-06-14T16:35:03-0300 [-] wsn node send data - Number of events: 155
2020-06-14T16:35:03-0300 [stdout#info] 34263072951609: sensor_3 - sensor_1
2020-06-14T16:35:03-0300 [-] wsn node send data - Number of events: 156
2020-06-14T16:35:03-0300 [stdout#info] 34263072951609: sensor_3 - sensor_4 - sensor_1
2020-06-14T16:35:03-0300 [-] wsn node send data - Number of events: 157
2020-06-14T16:35:03-0300 [stdout#info] 249256578788494: sensor_4 - sensor_1 - sensor_3
2020-06-14T16:35:03-0300 [-] wsn node send data - Number of events: 158
2020-06-14T16:35:03-0300 [stdout#info] 52084252219271: sensor_6 - sensor_5
2020-06-14T16:35:03-0300 [-] wsn node send data - Number of events: 159
2020-06-14T16:35:03-0300 [stdout#info] 94184725309055: sensor_6 - sensor_5
2020-06-14T16:35:03-0300 [-] wsn node send data - Number of events: 160
2020-06-14T16:35:03-0300 [stdout#info] 40509682873607: sensor_1 - sensor_3
2020-06-14T16:35:03-0300 [-] wsn node send data - Number of events: 161
2020-06-14T16:35:03-0300 [stdout#info] 281185737056584: sensor_1 - sensor_3
2020-06-14T16:35:03-0300 [-] wsn node send data - Number of events: 162
2020-06-14T16:35:03-0300 [stdout#info] 224830452252096: sensor_8 - sensor_7
2020-06-14T16:35:03-0300 [-] wsn node send data - Number of events: 163
2020-06-14T16:35:03-0300 [stdout#info] 91770645807282: sensor_8 - sensor_7
2020-06-14T16:35:03-0300 [-] wsn node send data - Number of events: 164
2020-06-14T16:35:03-0300 [stdout#info] 24205179489633: sensor_5 - sensor_6
2020-06-14T16:35:03-0300 [-] wsn node send data - Number of events: 165
2020-06-14T16:35:03-0300 [stdout#info] 14692942235781: sensor_5 - sensor_6
2020-06-14T16:35:03-0300 [-] wsn node send data - Number of events: 166
2020-06-14T16:35:03-0300 [stdout#info] 245404089552400: sensor_4 - sensor_3
2020-06-14T16:35:03-0300 [-] wsn node send data - Number of events: 167
2020-06-14T16:35:03-0300 [stdout#info] 114475233652588: sensor_4 - sensor_3
2020-06-14T16:35:03-0300 [-] wsn node send data - Number of events: 168
2020-06-14T16:35:03-0300 [stdout#info] 183835165770188: sensor_7 - sensor_8
2020-06-14T16:35:03-0300 [-] wsn node send data - Number of events: 169
2020-06-14T16:35:03-0300 [stdout#info] 153348522990172: sensor_7 - sensor_8
2020-06-14T16:35:03-0300 [-] wsn node send data - Number of events: 170
2020-06-14T16:35:06-0300 [stdout#info] 245404089552400: sensor_4 - sensor_1 - sensor_3
2020-06-14T16:35:06-0300 [-] wsn node send data - Number of events: 171
2020-06-14T16:35:06-0300 [stdout#info] 40509682873607: sensor_1 - sensor_4 - sensor_3
2020-06-14T16:35:06-0300 [-] wsn node send data - Number of events: 172
2020-06-14T16:35:06-0300 [stdout#info] 281185737056584: sensor_1 - sensor_4 - sensor_3
2020-06-14T16:35:06-0300 [-] wsn node send data - Number of events: 173
2020-06-14T16:35:06-0300 [stdout#info] 154336425740853: sensor_3 - sensor_1
2020-06-14T16:35:06-0300 [-] wsn node send data - Number of events: 174
2020-06-14T16:35:06-0300 [stdout#info] 154336425740853: sensor_3 - sensor_4 - sensor_1
2020-06-14T16:35:06-0300 [-] wsn node send data - Number of events: 175
2020-06-14T16:35:06-0300 [stdout#info] 114475233652588: sensor_4 - sensor_1 - sensor_3
2020-06-14T16:35:06-0300 [-] wsn node send data - Number of events: 176
2020-06-14T16:35:06-0300 [stdout#info] 11879290449315: sensor_3 - sensor_1
2020-06-14T16:35:06-0300 [-] wsn node send data - Number of events: 177
2020-06-14T16:35:06-0300 [stdout#info] 11879290449315: sensor_3 - sensor_4 - sensor_1
2020-06-14T16:35:06-0300 [-] wsn node send data - Number of events: 178
2020-06-14T16:35:06-0300 [stdout#info] 24902083019261: sensor_3 - sensor_1
2020-06-14T16:35:06-0300 [-] wsn node send data - Number of events: 179
2020-06-14T16:35:06-0300 [stdout#info] 24902083019261: sensor_3 - sensor_4 - sensor_1
2020-06-14T16:35:06-0300 [-] wsn node send data - Number of events: 180
2020-06-14T16:35:06-0300 [stdout#info] 49925464051483: sensor_6 - sensor_5
2020-06-14T16:35:06-0300 [-] wsn node send data - Number of events: 181
2020-06-14T16:35:06-0300 [stdout#info] 190956062424871: sensor_6 - sensor_5
2020-06-14T16:35:06-0300 [-] wsn node send data - Number of events: 182
2020-06-14T16:35:06-0300 [stdout#info] 125500778283220: sensor_1 - sensor_3
2020-06-14T16:35:06-0300 [-] wsn node send data - Number of events: 183
2020-06-14T16:35:06-0300 [stdout#info] 114263613693850: sensor_1 - sensor_3
2020-06-14T16:35:06-0300 [-] wsn node send data - Number of events: 184
2020-06-14T16:35:06-0300 [stdout#info] 113395332479633: sensor_8 - sensor_7
2020-06-14T16:35:06-0300 [-] wsn node send data - Number of events: 185
2020-06-14T16:35:06-0300 [stdout#info] 112843372035179: sensor_8 - sensor_7
2020-06-14T16:35:06-0300 [-] wsn node send data - Number of events: 186
2020-06-14T16:35:06-0300 [stdout#info] 173998597561713: sensor_5 - sensor_6
2020-06-14T16:35:06-0300 [-] wsn node send data - Number of events: 187
2020-06-14T16:35:06-0300 [stdout#info] 265530622620011: sensor_5 - sensor_6
2020-06-14T16:35:06-0300 [-] wsn node send data - Number of events: 188
2020-06-14T16:35:06-0300 [stdout#info] 279506473210200: sensor_4 - sensor_3
2020-06-14T16:35:06-0300 [-] wsn node send data - Number of events: 189
2020-06-14T16:35:06-0300 [stdout#info] 12710646296105: sensor_4 - sensor_3
2020-06-14T16:35:06-0300 [-] wsn node send data - Number of events: 190
2020-06-14T16:35:06-0300 [stdout#info] 203114390649345: sensor_7 - sensor_8
2020-06-14T16:35:06-0300 [-] wsn node send data - Number of events: 191
2020-06-14T16:35:06-0300 [stdout#info] 98031971517520: sensor_7 - sensor_8
2020-06-14T16:35:06-0300 [-] wsn node send data - Number of events: 192
2020-06-14T16:35:09-0300 [stdout#info] 67092189088313: sensor_3 - sensor_1
2020-06-14T16:35:09-0300 [-] wsn node send data - Number of events: 193
2020-06-14T16:35:09-0300 [stdout#info] 67092189088313: sensor_3 - sensor_4 - sensor_1
2020-06-14T16:35:09-0300 [-] wsn node send data - Number of events: 194
2020-06-14T16:35:09-0300 [stdout#info] 119260483865227: sensor_3 - sensor_1
2020-06-14T16:35:09-0300 [-] wsn node send data - Number of events: 195
2020-06-14T16:35:09-0300 [stdout#info] 119260483865227: sensor_3 - sensor_4 - sensor_1
2020-06-14T16:35:09-0300 [-] wsn node send data - Number of events: 196
2020-06-14T16:35:09-0300 [stdout#info] 32314265815430: sensor_3 - sensor_1
2020-06-14T16:35:09-0300 [-] wsn node send data - Number of events: 197
2020-06-14T16:35:09-0300 [stdout#info] 32314265815430: sensor_3 - sensor_4 - sensor_1
2020-06-14T16:35:09-0300 [-] wsn node send data - Number of events: 198
2020-06-14T16:35:09-0300 [stdout#info] 114263613693850: sensor_1 - sensor_4 - sensor_3
2020-06-14T16:35:09-0300 [-] wsn node send data - Number of events: 199
2020-06-14T16:35:09-0300 [stdout#info] 279506473210200: sensor_4 - sensor_1 - sensor_3
2020-06-14T16:35:09-0300 [-] wsn node send data - Number of events: 200
2020-06-14T16:35:09-0300 [stdout#info] 12710646296105: sensor_4 - sensor_1 - sensor_3
2020-06-14T16:35:09-0300 [-] wsn node send data - Number of events: 201
2020-06-14T16:35:09-0300 [stdout#info] 125500778283220: sensor_1 - sensor_4 - sensor_3
2020-06-14T16:35:09-0300 [-] wsn node send data - Number of events: 202
2020-06-14T16:35:09-0300 [stdout#info] 34658767056454: sensor_6 - sensor_5
2020-06-14T16:35:09-0300 [-] wsn node send data - Number of events: 203
2020-06-14T16:35:09-0300 [stdout#info] 51577128439761: sensor_6 - sensor_5
2020-06-14T16:35:09-0300 [-] wsn node send data - Number of events: 204
2020-06-14T16:35:09-0300 [stdout#info] 92529493276627: sensor_1 - sensor_3
2020-06-14T16:35:09-0300 [-] wsn node send data - Number of events: 205
2020-06-14T16:35:09-0300 [stdout#info] 97394428122959: sensor_1 - sensor_3
2020-06-14T16:35:09-0300 [-] wsn node send data - Number of events: 206
2020-06-14T16:35:09-0300 [stdout#info] 70440077235648: sensor_8 - sensor_7
2020-06-14T16:35:09-0300 [-] wsn node send data - Number of events: 207
2020-06-14T16:35:09-0300 [stdout#info] 48975351647377: sensor_8 - sensor_7
2020-06-14T16:35:09-0300 [-] wsn node send data - Number of events: 208
2020-06-14T16:35:09-0300 [stdout#info] 50735936554895: sensor_5 - sensor_6
2020-06-14T16:35:09-0300 [-] wsn node send data - Number of events: 209
2020-06-14T16:35:09-0300 [stdout#info] 91840697128880: sensor_5 - sensor_6
2020-06-14T16:35:09-0300 [-] wsn node send data - Number of events: 210
2020-06-14T16:35:09-0300 [stdout#info] 120175584822378: sensor_4 - sensor_3
2020-06-14T16:35:09-0300 [-] wsn node send data - Number of events: 211
2020-06-14T16:35:09-0300 [stdout#info] 133832504213411: sensor_4 - sensor_3
2020-06-14T16:35:09-0300 [-] wsn node send data - Number of events: 212
2020-06-14T16:35:09-0300 [stdout#info] 239033949184623: sensor_7 - sensor_8
2020-06-14T16:35:09-0300 [-] wsn node send data - Number of events: 213
2020-06-14T16:35:09-0300 [stdout#info] 60222814161186: sensor_7 - sensor_8
2020-06-14T16:35:09-0300 [-] wsn node send data - Number of events: 214
2020-06-14T16:35:12-0300 [stdout#info] 120175584822378: sensor_4 - sensor_1 - sensor_3
2020-06-14T16:35:12-0300 [-] wsn node send data - Number of events: 215
2020-06-14T16:35:12-0300 [stdout#info] 78515099643457: sensor_3 - sensor_1
2020-06-14T16:35:12-0300 [-] wsn node send data - Number of events: 216
2020-06-14T16:35:12-0300 [stdout#info] 78515099643457: sensor_3 - sensor_4 - sensor_1
2020-06-14T16:35:12-0300 [-] wsn node send data - Number of events: 217
2020-06-14T16:35:12-0300 [stdout#info] 181604809520141: sensor_3 - sensor_1
2020-06-14T16:35:12-0300 [-] wsn node send data - Number of events: 218
2020-06-14T16:35:12-0300 [stdout#info] 181604809520141: sensor_3 - sensor_4 - sensor_1
2020-06-14T16:35:12-0300 [-] wsn node send data - Number of events: 219
2020-06-14T16:35:12-0300 [stdout#info] 92529493276627: sensor_1 - sensor_4 - sensor_3
2020-06-14T16:35:12-0300 [-] wsn node send data - Number of events: 220
2020-06-14T16:35:12-0300 [stdout#info] 133832504213411: sensor_4 - sensor_1 - sensor_3
2020-06-14T16:35:12-0300 [-] wsn node send data - Number of events: 221
2020-06-14T16:35:12-0300 [stdout#info] 97394428122959: sensor_1 - sensor_4 - sensor_3
2020-06-14T16:35:12-0300 [-] wsn node send data - Number of events: 222
2020-06-14T16:35:12-0300 [stdout#info] 20857307337198: sensor_3 - sensor_1
2020-06-14T16:35:12-0300 [-] wsn node send data - Number of events: 223
2020-06-14T16:35:12-0300 [stdout#info] 20857307337198: sensor_3 - sensor_4 - sensor_1
2020-06-14T16:35:12-0300 [-] wsn node send data - Number of events: 224
2020-06-14T16:35:12-0300 [stdout#info] 58749565956797: sensor_6 - sensor_5
2020-06-14T16:35:12-0300 [-] wsn node send data - Number of events: 225
2020-06-14T16:35:12-0300 [stdout#info] 214327733444231: sensor_6 - sensor_5
2020-06-14T16:35:12-0300 [-] wsn node send data - Number of events: 226
2020-06-14T16:35:12-0300 [stdout#info] 89208057851352: sensor_1 - sensor_3
2020-06-14T16:35:12-0300 [-] wsn node send data - Number of events: 227
2020-06-14T16:35:12-0300 [stdout#info] 139875001243999: sensor_1 - sensor_3
2020-06-14T16:35:12-0300 [-] wsn node send data - Number of events: 228
2020-06-14T16:35:12-0300 [stdout#info] 163201461675125: sensor_8 - sensor_7
2020-06-14T16:35:12-0300 [-] wsn node send data - Number of events: 229
2020-06-14T16:35:12-0300 [stdout#info] 271654478648341: sensor_8 - sensor_7
2020-06-14T16:35:12-0300 [-] wsn node send data - Number of events: 230
2020-06-14T16:35:12-0300 [stdout#info] 148454554969371: sensor_5 - sensor_6
2020-06-14T16:35:12-0300 [-] wsn node send data - Number of events: 231
2020-06-14T16:35:12-0300 [stdout#info] 241315776046505: sensor_5 - sensor_6
2020-06-14T16:35:12-0300 [-] wsn node send data - Number of events: 232
2020-06-14T16:35:12-0300 [stdout#info] 269587707495284: sensor_4 - sensor_3
2020-06-14T16:35:12-0300 [-] wsn node send data - Number of events: 233
2020-06-14T16:35:12-0300 [stdout#info] 213589351925759: sensor_4 - sensor_3
2020-06-14T16:35:12-0300 [-] wsn node send data - Number of events: 234
2020-06-14T16:35:12-0300 [stdout#info] 119584789913284: sensor_7 - sensor_8
2020-06-14T16:35:12-0300 [-] wsn node send data - Number of events: 235
2020-06-14T16:35:12-0300 [stdout#info] 129067362625435: sensor_7 - sensor_8
2020-06-14T16:35:12-0300 [-] wsn node send data - Number of events: 236
2020-06-14T16:35:15-0300 [stdout#info] 90041346070714: sensor_3 - sensor_1
2020-06-14T16:35:15-0300 [-] wsn node send data - Number of events: 237
2020-06-14T16:35:15-0300 [stdout#info] 90041346070714: sensor_3 - sensor_4 - sensor_1
2020-06-14T16:35:15-0300 [-] wsn node send data - Number of events: 238
2020-06-14T16:35:15-0300 [stdout#info] 213589351925759: sensor_4 - sensor_1 - sensor_3
2020-06-14T16:35:15-0300 [-] wsn node send data - Number of events: 239
2020-06-14T16:35:15-0300 [stdout#info] 89208057851352: sensor_1 - sensor_4 - sensor_3
2020-06-14T16:35:15-0300 [-] wsn node send data - Number of events: 240
2020-06-14T16:35:15-0300 [stdout#info] 269587707495284: sensor_4 - sensor_1 - sensor_3
2020-06-14T16:35:15-0300 [-] wsn node send data - Number of events: 241
2020-06-14T16:35:15-0300 [stdout#info] 32874407460802: sensor_3 - sensor_1
2020-06-14T16:35:15-0300 [-] wsn node send data - Number of events: 242
2020-06-14T16:35:15-0300 [stdout#info] 32874407460802: sensor_3 - sensor_4 - sensor_1
2020-06-14T16:35:15-0300 [-] wsn node send data - Number of events: 243
2020-06-14T16:35:15-0300 [stdout#info] 69943840617258: sensor_3 - sensor_1
2020-06-14T16:35:15-0300 [-] wsn node send data - Number of events: 244
2020-06-14T16:35:15-0300 [stdout#info] 69943840617258: sensor_3 - sensor_4 - sensor_1
2020-06-14T16:35:15-0300 [-] wsn node send data - Number of events: 245
2020-06-14T16:35:15-0300 [stdout#info] 139875001243999: sensor_1 - sensor_4 - sensor_3
2020-06-14T16:35:15-0300 [-] wsn node send data - Number of events: 246
2020-06-14T16:35:15-0300 [stdout#info] 24638427031623: sensor_6 - sensor_5
2020-06-14T16:35:15-0300 [-] wsn node send data - Number of events: 247
2020-06-14T16:35:15-0300 [stdout#info] 274474151438989: sensor_6 - sensor_5
2020-06-14T16:35:15-0300 [-] wsn node send data - Number of events: 248
2020-06-14T16:35:15-0300 [stdout#info] 97790960088594: sensor_1 - sensor_3
2020-06-14T16:35:15-0300 [-] wsn node send data - Number of events: 249
2020-06-14T16:35:15-0300 [stdout#info] 254956627983791: sensor_1 - sensor_3
2020-06-14T16:35:15-0300 [-] wsn node send data - Number of events: 250
2020-06-14T16:35:15-0300 [stdout#info] 221668742995648: sensor_8 - sensor_7
2020-06-14T16:35:15-0300 [-] wsn node send data - Number of events: 251
2020-06-14T16:35:15-0300 [stdout#info] 37344412219689: sensor_8 - sensor_7
2020-06-14T16:35:15-0300 [-] wsn node send data - Number of events: 252
2020-06-14T16:35:15-0300 [stdout#info] 56178809591846: sensor_5 - sensor_6
2020-06-14T16:35:15-0300 [-] wsn node send data - Number of events: 253
2020-06-14T16:35:15-0300 [stdout#info] 127333747270791: sensor_5 - sensor_6
2020-06-14T16:35:15-0300 [-] wsn node send data - Number of events: 254
2020-06-14T16:35:15-0300 [stdout#info] 17470473162331: sensor_4 - sensor_3
2020-06-14T16:35:15-0300 [-] wsn node send data - Number of events: 255
2020-06-14T16:35:15-0300 [stdout#info] 109405094018746: sensor_4 - sensor_3
2020-06-14T16:35:15-0300 [-] wsn node send data - Number of events: 256
2020-06-14T16:35:15-0300 [stdout#info] 65318930763981: sensor_7 - sensor_8
2020-06-14T16:35:15-0300 [-] wsn node send data - Number of events: 257
2020-06-14T16:35:15-0300 [stdout#info] 125917021050527: sensor_7 - sensor_8
2020-06-14T16:35:15-0300 [-] wsn node send data - Number of events: 258
2020-06-14T16:35:18-0300 [stdout#info] 17470473162331: sensor_4 - sensor_1 - sensor_3
2020-06-14T16:35:18-0300 [-] wsn node send data - Number of events: 259
2020-06-14T16:35:18-0300 [stdout#info] 97790960088594: sensor_1 - sensor_4 - sensor_3
2020-06-14T16:35:18-0300 [-] wsn node send data - Number of events: 260
2020-06-14T16:35:18-0300 [stdout#info] 254956627983791: sensor_1 - sensor_4 - sensor_3
2020-06-14T16:35:18-0300 [-] wsn node send data - Number of events: 261
2020-06-14T16:35:18-0300 [stdout#info] 139308182961747: sensor_3 - sensor_1
2020-06-14T16:35:18-0300 [-] wsn node send data - Number of events: 262
2020-06-14T16:35:18-0300 [stdout#info] 139308182961747: sensor_3 - sensor_4 - sensor_1
2020-06-14T16:35:18-0300 [-] wsn node send data - Number of events: 263
2020-06-14T16:35:18-0300 [stdout#info] 109405094018746: sensor_4 - sensor_1 - sensor_3
2020-06-14T16:35:18-0300 [-] wsn node send data - Number of events: 264
2020-06-14T16:35:18-0300 [stdout#info] 109103062262283: sensor_3 - sensor_1
2020-06-14T16:35:18-0300 [-] wsn node send data - Number of events: 265
2020-06-14T16:35:18-0300 [stdout#info] 109103062262283: sensor_3 - sensor_4 - sensor_1
2020-06-14T16:35:18-0300 [-] wsn node send data - Number of events: 266
2020-06-14T16:35:18-0300 [stdout#info] 38282062136149: sensor_3 - sensor_1
2020-06-14T16:35:18-0300 [-] wsn node send data - Number of events: 267
2020-06-14T16:35:18-0300 [stdout#info] 38282062136149: sensor_3 - sensor_4 - sensor_1
2020-06-14T16:35:18-0300 [-] wsn node send data - Number of events: 268
2020-06-14T16:35:18-0300 [stdout#info] 186661083849891: sensor_6 - sensor_5
2020-06-14T16:35:18-0300 [-] wsn node send data - Number of events: 269
2020-06-14T16:35:18-0300 [stdout#info] 279266905252940: sensor_6 - sensor_5
2020-06-14T16:35:18-0300 [-] wsn node send data - Number of events: 270
2020-06-14T16:35:18-0300 [stdout#info] 67628089671056: sensor_1 - sensor_3
2020-06-14T16:35:18-0300 [-] wsn node send data - Number of events: 271
2020-06-14T16:35:18-0300 [stdout#info] 52895631756680: sensor_1 - sensor_3
2020-06-14T16:35:18-0300 [-] wsn node send data - Number of events: 272
2020-06-14T16:35:18-0300 [stdout#info] 63834077706557: sensor_8 - sensor_7
2020-06-14T16:35:18-0300 [-] wsn node send data - Number of events: 273
2020-06-14T16:35:18-0300 [stdout#info] 116813574759188: sensor_8 - sensor_7
2020-06-14T16:35:18-0300 [-] wsn node send data - Number of events: 274
2020-06-14T16:35:18-0300 [stdout#info] 203601946922740: sensor_5 - sensor_6
2020-06-14T16:35:18-0300 [-] wsn node send data - Number of events: 275
2020-06-14T16:35:18-0300 [stdout#info] 267506563146161: sensor_5 - sensor_6
2020-06-14T16:35:18-0300 [-] wsn node send data - Number of events: 276
2020-06-14T16:35:18-0300 [stdout#info] 110959030636679: sensor_4 - sensor_3
2020-06-14T16:35:18-0300 [-] wsn node send data - Number of events: 277
2020-06-14T16:35:18-0300 [stdout#info] 124359297482120: sensor_4 - sensor_3
2020-06-14T16:35:18-0300 [-] wsn node send data - Number of events: 278
2020-06-14T16:35:18-0300 [stdout#info] 121255311522455: sensor_7 - sensor_8
2020-06-14T16:35:18-0300 [-] wsn node send data - Number of events: 279
2020-06-14T16:35:18-0300 [stdout#info] 123581191315122: sensor_7 - sensor_8
2020-06-14T16:35:18-0300 [-] wsn node send data - Number of events: 280
2020-06-14T16:35:20-0300 [-] Received SIGINT, shutting down.
2020-06-14T16:35:20-0300 [applications.routerapp.RouterFactory] (TCP Port 8081 Closed)
2020-06-14T16:35:20-0300 [twisted.internet.endpoints.OneShotFactory#info] Stopping factory <twisted.internet.endpoints.connectProtocol.<locals>.OneShotFactory object at 0x7fdc68d1aa20>
2020-06-14T16:35:20-0300 [SubscriberApp,client] connection lost: Connection to the other side was lost in a non-clean fashion: Connection lost.
2020-06-14T16:35:20-0300 [SubscriberApp,client] connection lost - Number of events: 281
2020-06-14T16:35:20-0300 [SubscriberApp,client] connection lost: Connection to the other side was lost in a non-clean fashion: Connection lost.
2020-06-14T16:35:20-0300 [SubscriberApp,client] connection lost - Number of events: 282
2020-06-14T16:35:20-0300 [twisted.internet.endpoints.OneShotFactory#info] Stopping factory <twisted.internet.endpoints.connectProtocol.<locals>.OneShotFactory object at 0x7fdc68cb0898>
2020-06-14T16:35:20-0300 [applications.databaseserverapp.DatabaseServerAppFactory] (TCP Port 8083 Closed)
2020-06-14T16:35:20-0300 [applications.mqttapp.BrokerFactory] (TCP Port 5100 Closed)
2020-06-14T16:35:20-0300 [-] Main loop terminated.
