2020-06-23T22:54:35-0300 [-] Creating router ...
2020-06-23T22:54:35-0300 [-] Initializing Router - Number of events: 1
2020-06-23T22:54:35-0300 [-] RouterFactory starting on 8081
2020-06-23T22:54:35-0300 [-] Creating AccessPoint station ...
2020-06-23T22:54:35-0300 [-] Initializing Access Point - Number of events: 2
2020-06-23T22:54:36-0300 [-] There is no wifi devices in this simulation or it is not in this wifi signal coverage area.
2020-06-23T22:54:36-0300 [-] Initializing Server - Number of events: 3
2020-06-23T22:54:36-0300 [-] BrokerFactory starting on 5100
2020-06-23T22:54:36-0300 [-] Initializing Server - Number of events: 4
2020-06-23T22:54:37-0300 [-] DatabaseServerAppFactory starting on 8083
2020-06-23T22:54:37-0300 [-] Initializing Client - Number of events: 5
2020-06-23T22:54:37-0300 [-] Initializing Client - Number of events: 6
2020-06-23T22:54:38-0300 [-] invalid syntax (wsnapp.py, line 200)
2020-06-23T22:54:38-0300 [-] Initializing sink node - Number of events: 7
2020-06-23T22:54:38-0300 [stderr#error] Exception in Tkinter callback
2020-06-23T22:54:38-0300 [stderr#error] Traceback (most recent call last):
2020-06-23T22:54:38-0300 [stderr#error]   File "/usr/lib/python3.6/tkinter/__init__.py", line 1708, in __call__
2020-06-23T22:54:38-0300 [stderr#error]     return self.func(*args)
2020-06-23T22:54:38-0300 [stderr#error]   File "/home/rafael/iotfogsim/scinetsim/scinetsim/configurations.py", line 107, in <lambda>
2020-06-23T22:54:38-0300 [stderr#error]     btn_open = ttk.Button(window, text="Open Project",command=lambda:open_project(window,simulation_core))
2020-06-23T22:54:38-0300 [stderr#error]   File "/home/rafael/iotfogsim/scinetsim/scinetsim/configurations.py", line 61, in open_project
2020-06-23T22:54:38-0300 [stderr#error]     load_nodes(selected_project_name, simulation_core)
2020-06-23T22:54:38-0300 [stderr#error]   File "/home/rafael/iotfogsim/scinetsim/scinetsim/configurations.py", line 192, in load_nodes
2020-06-23T22:54:38-0300 [stderr#error]     sk_node = WSNSinkNode(simulation_core, sink_cont, sink_node['name'], sink_node['icon'], sink_node['is_wireless'], sink_node['x'], sink_node['y'], sink_node['application'], sink_node['coverage_area_radius'], WSN_network_group)
2020-06-23T22:54:38-0300 [stderr#error]   File "/home/rafael/iotfogsim/scinetsim/scinetsim/standarddevice.py", line 260, in __init__
2020-06-23T22:54:38-0300 [stderr#error]     self.application.visual_component = self.visual_component
2020-06-23T22:54:38-0300 [stderr#error] AttributeError: 'NoneType' object has no attribute 'visual_component'
2020-06-23T22:54:38-0300 [-] There is no wifi devices in this simulation or it is not in this wifi signal coverage area.
2020-06-23T22:54:38-0300 [stdout#info] This divice have no simulation core instance
2020-06-23T22:54:38-0300 [stdout#info] This divice have no simulation core instance
2020-06-23T22:54:38-0300 [stdout#info] This divice have no simulation core instance
2020-06-23T22:54:38-0300 [stdout#info] This divice have no simulation core instance
2020-06-23T22:54:38-0300 [Uninitialized] 127.0.0.1:55202 - Connected to mqtt broker - Number of events: 8
2020-06-23T22:54:38-0300 [Uninitialized] 127.0.0.1:55202 - sending MQTT SUBSCRIBE REQUEST - Number of events: 9
2020-06-23T22:54:38-0300 [Uninitialized] 127.0.0.1:55204 - Connected to mqtt broker - Number of events: 10
2020-06-23T22:54:38-0300 [Uninitialized] 127.0.0.1:55204 - sending MQTT SUBSCRIBE REQUEST - Number of events: 11
2020-06-23T22:54:38-0300 [twisted.internet.endpoints.OneShotFactory#info] Starting factory <twisted.internet.endpoints.connectProtocol.<locals>.OneShotFactory object at 0x7f606a682400>
2020-06-23T22:54:38-0300 [twisted.internet.endpoints.OneShotFactory#info] Starting factory <twisted.internet.endpoints.connectProtocol.<locals>.OneShotFactory object at 0x7f606a6825f8>
2020-06-23T22:54:38-0300 [-] There is no wifi devices in this simulation or it is not in this wifi signal coverage area.
2020-06-23T22:54:38-0300 [-] There is no wifi devices in this simulation or it is not in this wifi signal coverage area.
2020-06-23T22:54:38-0300 [-] There is no wifi devices in this simulation or it is not in this wifi signal coverage area.
2020-06-23T22:54:38-0300 [-] There is no wifi devices in this simulation or it is not in this wifi signal coverage area.
2020-06-23T22:54:39-0300 [-] There is no wifi devices in this simulation or it is not in this wifi signal coverage area.
2020-06-23T22:54:39-0300 [-] There is no wifi devices in this simulation or it is not in this wifi signal coverage area.
2020-06-23T22:54:39-0300 [-] There is no wifi devices in this simulation or it is not in this wifi signal coverage area.
2020-06-23T22:54:39-0300 [-] There is no wifi devices in this simulation or it is not in this wifi signal coverage area.
2020-06-23T22:54:39-0300 [-] There is no wifi devices in this simulation or it is not in this wifi signal coverage area.
2020-06-23T22:54:39-0300 [-] There is no wifi devices in this simulation or it is not in this wifi signal coverage area.
2020-06-23T22:54:39-0300 [-] There is no wifi devices in this simulation or it is not in this wifi signal coverage area.
2020-06-23T22:54:39-0300 [-] There is no wifi devices in this simulation or it is not in this wifi signal coverage area.
2020-06-23T22:54:40-0300 [-] There is no wifi devices in this simulation or it is not in this wifi signal coverage area.
2020-06-23T22:54:40-0300 [-] There is no wifi devices in this simulation or it is not in this wifi signal coverage area.
2020-06-23T22:54:40-0300 [-] There is no wifi devices in this simulation or it is not in this wifi signal coverage area.
2020-06-23T22:54:40-0300 [-] There is no wifi devices in this simulation or it is not in this wifi signal coverage area.
2020-06-23T22:54:40-0300 [-] There is no wifi devices in this simulation or it is not in this wifi signal coverage area.
2020-06-23T22:54:40-0300 [-] There is no wifi devices in this simulation or it is not in this wifi signal coverage area.
2020-06-23T22:54:40-0300 [-] There is no wifi devices in this simulation or it is not in this wifi signal coverage area.
2020-06-23T22:54:40-0300 [-] There is no wifi devices in this simulation or it is not in this wifi signal coverage area.
2020-06-23T22:54:41-0300 [-] There is no wifi devices in this simulation or it is not in this wifi signal coverage area.
2020-06-23T22:54:41-0300 [-] There is no wifi devices in this simulation or it is not in this wifi signal coverage area.
2020-06-23T22:54:41-0300 [-] There is no wifi devices in this simulation or it is not in this wifi signal coverage area.
2020-06-23T22:54:41-0300 [-] There is no wifi devices in this simulation or it is not in this wifi signal coverage area.
2020-06-23T22:54:41-0300 [-] There is no wifi devices in this simulation or it is not in this wifi signal coverage area.
2020-06-23T22:54:41-0300 [-] There is no wifi devices in this simulation or it is not in this wifi signal coverage area.
2020-06-23T22:54:41-0300 [-] There is no wifi devices in this simulation or it is not in this wifi signal coverage area.
2020-06-23T22:54:41-0300 [-] There is no wifi devices in this simulation or it is not in this wifi signal coverage area.
2020-06-23T22:54:42-0300 [-] There is no wifi devices in this simulation or it is not in this wifi signal coverage area.
2020-06-23T22:54:42-0300 [-] There is no wifi devices in this simulation or it is not in this wifi signal coverage area.
2020-06-23T22:54:42-0300 [-] There is no wifi devices in this simulation or it is not in this wifi signal coverage area.
2020-06-23T22:54:42-0300 [-] There is no wifi devices in this simulation or it is not in this wifi signal coverage area.
2020-06-23T22:54:42-0300 [-] There is no wifi devices in this simulation or it is not in this wifi signal coverage area.
2020-06-23T22:54:42-0300 [-] There is no wifi devices in this simulation or it is not in this wifi signal coverage area.
2020-06-23T22:54:42-0300 [-] There is no wifi devices in this simulation or it is not in this wifi signal coverage area.
2020-06-23T22:54:42-0300 [-] There is no wifi devices in this simulation or it is not in this wifi signal coverage area.
2020-06-23T22:54:43-0300 [-] There is no wifi devices in this simulation or it is not in this wifi signal coverage area.
2020-06-23T22:54:43-0300 [-] There is no wifi devices in this simulation or it is not in this wifi signal coverage area.
2020-06-23T22:54:43-0300 [-] There is no wifi devices in this simulation or it is not in this wifi signal coverage area.
2020-06-23T22:54:43-0300 [-] There is no wifi devices in this simulation or it is not in this wifi signal coverage area.
2020-06-23T22:54:43-0300 [-] There is no wifi devices in this simulation or it is not in this wifi signal coverage area.
2020-06-23T22:54:43-0300 [-] There is no wifi devices in this simulation or it is not in this wifi signal coverage area.
2020-06-23T22:54:43-0300 [-] There is no wifi devices in this simulation or it is not in this wifi signal coverage area.
2020-06-23T22:54:43-0300 [-] There is no wifi devices in this simulation or it is not in this wifi signal coverage area.
2020-06-23T22:54:44-0300 [-] There is no wifi devices in this simulation or it is not in this wifi signal coverage area.
2020-06-23T22:54:44-0300 [-] There is no wifi devices in this simulation or it is not in this wifi signal coverage area.
2020-06-23T22:54:44-0300 [-] There is no wifi devices in this simulation or it is not in this wifi signal coverage area.
2020-06-23T22:54:44-0300 [-] There is no wifi devices in this simulation or it is not in this wifi signal coverage area.
2020-06-23T22:54:44-0300 [-] There is no wifi devices in this simulation or it is not in this wifi signal coverage area.
2020-06-23T22:54:44-0300 [-] There is no wifi devices in this simulation or it is not in this wifi signal coverage area.
2020-06-23T22:54:44-0300 [-] There is no wifi devices in this simulation or it is not in this wifi signal coverage area.
2020-06-23T22:54:44-0300 [-] There is no wifi devices in this simulation or it is not in this wifi signal coverage area.
2020-06-23T22:54:44-0300 [-] There is no wifi devices in this simulation or it is not in this wifi signal coverage area.
2020-06-23T22:54:45-0300 [-] There is no wifi devices in this simulation or it is not in this wifi signal coverage area.
2020-06-23T22:54:45-0300 [-] There is no wifi devices in this simulation or it is not in this wifi signal coverage area.
2020-06-23T22:54:45-0300 [-] There is no wifi devices in this simulation or it is not in this wifi signal coverage area.
2020-06-23T22:54:45-0300 [-] There is no wifi devices in this simulation or it is not in this wifi signal coverage area.
2020-06-23T22:54:45-0300 [-] There is no wifi devices in this simulation or it is not in this wifi signal coverage area.
2020-06-23T22:54:45-0300 [-] There is no wifi devices in this simulation or it is not in this wifi signal coverage area.
2020-06-23T22:54:45-0300 [-] There is no wifi devices in this simulation or it is not in this wifi signal coverage area.
2020-06-23T22:54:45-0300 [-] There is no wifi devices in this simulation or it is not in this wifi signal coverage area.
2020-06-23T22:54:46-0300 [-] There is no wifi devices in this simulation or it is not in this wifi signal coverage area.
2020-06-23T22:54:46-0300 [-] There is no wifi devices in this simulation or it is not in this wifi signal coverage area.
2020-06-23T22:54:46-0300 [-] There is no wifi devices in this simulation or it is not in this wifi signal coverage area.
2020-06-23T22:54:46-0300 [-] There is no wifi devices in this simulation or it is not in this wifi signal coverage area.
2020-06-23T22:54:46-0300 [-] There is no wifi devices in this simulation or it is not in this wifi signal coverage area.
2020-06-23T22:54:46-0300 [-] There is no wifi devices in this simulation or it is not in this wifi signal coverage area.
2020-06-23T22:54:46-0300 [-] There is no wifi devices in this simulation or it is not in this wifi signal coverage area.
2020-06-23T22:54:47-0300 [-] There is no wifi devices in this simulation or it is not in this wifi signal coverage area.
2020-06-23T22:54:47-0300 [-] There is no wifi devices in this simulation or it is not in this wifi signal coverage area.
2020-06-23T22:54:47-0300 [-] There is no wifi devices in this simulation or it is not in this wifi signal coverage area.
2020-06-23T22:54:47-0300 [-] There is no wifi devices in this simulation or it is not in this wifi signal coverage area.
2020-06-23T22:54:47-0300 [-] There is no wifi devices in this simulation or it is not in this wifi signal coverage area.
2020-06-23T22:54:47-0300 [-] There is no wifi devices in this simulation or it is not in this wifi signal coverage area.
2020-06-23T22:54:47-0300 [-] There is no wifi devices in this simulation or it is not in this wifi signal coverage area.
2020-06-23T22:54:47-0300 [-] There is no wifi devices in this simulation or it is not in this wifi signal coverage area.
2020-06-23T22:54:48-0300 [-] There is no wifi devices in this simulation or it is not in this wifi signal coverage area.
2020-06-23T22:54:48-0300 [-] There is no wifi devices in this simulation or it is not in this wifi signal coverage area.
2020-06-23T22:54:48-0300 [-] There is no wifi devices in this simulation or it is not in this wifi signal coverage area.
2020-06-23T22:54:48-0300 [-] There is no wifi devices in this simulation or it is not in this wifi signal coverage area.
2020-06-23T22:54:48-0300 [-] There is no wifi devices in this simulation or it is not in this wifi signal coverage area.
2020-06-23T22:54:48-0300 [-] There is no wifi devices in this simulation or it is not in this wifi signal coverage area.
2020-06-23T22:54:48-0300 [-] There is no wifi devices in this simulation or it is not in this wifi signal coverage area.
2020-06-23T22:54:48-0300 [-] There is no wifi devices in this simulation or it is not in this wifi signal coverage area.
2020-06-23T22:54:49-0300 [-] There is no wifi devices in this simulation or it is not in this wifi signal coverage area.
2020-06-23T22:54:49-0300 [-] There is no wifi devices in this simulation or it is not in this wifi signal coverage area.
2020-06-23T22:54:49-0300 [-] There is no wifi devices in this simulation or it is not in this wifi signal coverage area.
2020-06-23T22:54:49-0300 [-] There is no wifi devices in this simulation or it is not in this wifi signal coverage area.
2020-06-23T22:54:49-0300 [-] There is no wifi devices in this simulation or it is not in this wifi signal coverage area.
2020-06-23T22:54:49-0300 [-] There is no wifi devices in this simulation or it is not in this wifi signal coverage area.
2020-06-23T22:54:49-0300 [-] There is no wifi devices in this simulation or it is not in this wifi signal coverage area.
2020-06-23T22:54:49-0300 [-] There is no wifi devices in this simulation or it is not in this wifi signal coverage area.
2020-06-23T22:54:49-0300 [-] There is no wifi devices in this simulation or it is not in this wifi signal coverage area.
2020-06-23T22:54:50-0300 [-] There is no wifi devices in this simulation or it is not in this wifi signal coverage area.
2020-06-23T22:54:50-0300 [-] There is no wifi devices in this simulation or it is not in this wifi signal coverage area.
2020-06-23T22:54:50-0300 [-] There is no wifi devices in this simulation or it is not in this wifi signal coverage area.
2020-06-23T22:54:50-0300 [-] There is no wifi devices in this simulation or it is not in this wifi signal coverage area.
2020-06-23T22:54:50-0300 [-] There is no wifi devices in this simulation or it is not in this wifi signal coverage area.
2020-06-23T22:54:50-0300 [-] There is no wifi devices in this simulation or it is not in this wifi signal coverage area.
2020-06-23T22:54:50-0300 [-] There is no wifi devices in this simulation or it is not in this wifi signal coverage area.
2020-06-23T22:54:50-0300 [-] There is no wifi devices in this simulation or it is not in this wifi signal coverage area.
2020-06-23T22:54:51-0300 [-] There is no wifi devices in this simulation or it is not in this wifi signal coverage area.
2020-06-23T22:54:51-0300 [-] There is no wifi devices in this simulation or it is not in this wifi signal coverage area.
2020-06-23T22:54:51-0300 [-] There is no wifi devices in this simulation or it is not in this wifi signal coverage area.
2020-06-23T22:54:51-0300 [-] There is no wifi devices in this simulation or it is not in this wifi signal coverage area.
2020-06-23T22:54:51-0300 [-] There is no wifi devices in this simulation or it is not in this wifi signal coverage area.
2020-06-23T22:54:51-0300 [-] There is no wifi devices in this simulation or it is not in this wifi signal coverage area.
2020-06-23T22:54:51-0300 [-] There is no wifi devices in this simulation or it is not in this wifi signal coverage area.
2020-06-23T22:54:51-0300 [-] There is no wifi devices in this simulation or it is not in this wifi signal coverage area.
2020-06-23T22:54:52-0300 [-] There is no wifi devices in this simulation or it is not in this wifi signal coverage area.
2020-06-23T22:54:52-0300 [-] There is no wifi devices in this simulation or it is not in this wifi signal coverage area.
2020-06-23T22:54:52-0300 [-] There is no wifi devices in this simulation or it is not in this wifi signal coverage area.
2020-06-23T22:54:52-0300 [-] There is no wifi devices in this simulation or it is not in this wifi signal coverage area.
2020-06-23T22:54:52-0300 [-] There is no wifi devices in this simulation or it is not in this wifi signal coverage area.
2020-06-23T22:54:52-0300 [-] There is no wifi devices in this simulation or it is not in this wifi signal coverage area.
2020-06-23T22:54:52-0300 [-] There is no wifi devices in this simulation or it is not in this wifi signal coverage area.
2020-06-23T22:54:52-0300 [-] There is no wifi devices in this simulation or it is not in this wifi signal coverage area.
2020-06-23T22:54:53-0300 [-] There is no wifi devices in this simulation or it is not in this wifi signal coverage area.
2020-06-23T22:54:53-0300 [-] There is no wifi devices in this simulation or it is not in this wifi signal coverage area.
2020-06-23T22:54:53-0300 [-] There is no wifi devices in this simulation or it is not in this wifi signal coverage area.
2020-06-23T22:54:53-0300 [-] There is no wifi devices in this simulation or it is not in this wifi signal coverage area.
2020-06-23T22:54:53-0300 [-] There is no wifi devices in this simulation or it is not in this wifi signal coverage area.
2020-06-23T22:54:53-0300 [-] There is no wifi devices in this simulation or it is not in this wifi signal coverage area.
2020-06-23T22:54:53-0300 [-] There is no wifi devices in this simulation or it is not in this wifi signal coverage area.
2020-06-23T22:54:54-0300 [-] There is no wifi devices in this simulation or it is not in this wifi signal coverage area.
2020-06-23T22:54:54-0300 [-] There is no wifi devices in this simulation or it is not in this wifi signal coverage area.
2020-06-23T22:54:54-0300 [-] There is no wifi devices in this simulation or it is not in this wifi signal coverage area.
2020-06-23T22:54:54-0300 [-] There is no wifi devices in this simulation or it is not in this wifi signal coverage area.
2020-06-23T22:54:54-0300 [-] There is no wifi devices in this simulation or it is not in this wifi signal coverage area.
2020-06-23T22:54:54-0300 [-] There is no wifi devices in this simulation or it is not in this wifi signal coverage area.
2020-06-23T22:54:54-0300 [-] There is no wifi devices in this simulation or it is not in this wifi signal coverage area.
2020-06-23T22:54:54-0300 [-] There is no wifi devices in this simulation or it is not in this wifi signal coverage area.
2020-06-23T22:54:54-0300 [-] There is no wifi devices in this simulation or it is not in this wifi signal coverage area.
2020-06-23T22:54:55-0300 [-] There is no wifi devices in this simulation or it is not in this wifi signal coverage area.
2020-06-23T22:54:55-0300 [-] There is no wifi devices in this simulation or it is not in this wifi signal coverage area.
2020-06-23T22:54:55-0300 [-] There is no wifi devices in this simulation or it is not in this wifi signal coverage area.
2020-06-23T22:54:55-0300 [-] There is no wifi devices in this simulation or it is not in this wifi signal coverage area.
2020-06-23T22:54:55-0300 [-] There is no wifi devices in this simulation or it is not in this wifi signal coverage area.
2020-06-23T22:54:55-0300 [-] There is no wifi devices in this simulation or it is not in this wifi signal coverage area.
2020-06-23T22:54:55-0300 [-] There is no wifi devices in this simulation or it is not in this wifi signal coverage area.
2020-06-23T22:54:55-0300 [-] There is no wifi devices in this simulation or it is not in this wifi signal coverage area.
2020-06-23T22:54:56-0300 [-] There is no wifi devices in this simulation or it is not in this wifi signal coverage area.
2020-06-23T22:54:56-0300 [-] There is no wifi devices in this simulation or it is not in this wifi signal coverage area.
2020-06-23T22:54:56-0300 [-] There is no wifi devices in this simulation or it is not in this wifi signal coverage area.
2020-06-23T22:54:56-0300 [-] There is no wifi devices in this simulation or it is not in this wifi signal coverage area.
2020-06-23T22:54:56-0300 [-] There is no wifi devices in this simulation or it is not in this wifi signal coverage area.
2020-06-23T22:54:56-0300 [-] There is no wifi devices in this simulation or it is not in this wifi signal coverage area.
2020-06-23T22:54:56-0300 [-] There is no wifi devices in this simulation or it is not in this wifi signal coverage area.
2020-06-23T22:54:56-0300 [-] There is no wifi devices in this simulation or it is not in this wifi signal coverage area.
2020-06-23T22:54:57-0300 [-] There is no wifi devices in this simulation or it is not in this wifi signal coverage area.
2020-06-23T22:54:57-0300 [-] There is no wifi devices in this simulation or it is not in this wifi signal coverage area.
2020-06-23T22:54:57-0300 [-] There is no wifi devices in this simulation or it is not in this wifi signal coverage area.
2020-06-23T22:54:57-0300 [-] There is no wifi devices in this simulation or it is not in this wifi signal coverage area.
2020-06-23T22:54:57-0300 [-] There is no wifi devices in this simulation or it is not in this wifi signal coverage area.
2020-06-23T22:54:57-0300 [-] There is no wifi devices in this simulation or it is not in this wifi signal coverage area.
2020-06-23T22:54:57-0300 [-] There is no wifi devices in this simulation or it is not in this wifi signal coverage area.
2020-06-23T22:54:57-0300 [-] There is no wifi devices in this simulation or it is not in this wifi signal coverage area.
2020-06-23T22:54:58-0300 [-] There is no wifi devices in this simulation or it is not in this wifi signal coverage area.
2020-06-23T22:54:58-0300 [-] There is no wifi devices in this simulation or it is not in this wifi signal coverage area.
2020-06-23T22:54:58-0300 [-] There is no wifi devices in this simulation or it is not in this wifi signal coverage area.
2020-06-23T22:54:58-0300 [-] There is no wifi devices in this simulation or it is not in this wifi signal coverage area.
2020-06-23T22:54:58-0300 [-] There is no wifi devices in this simulation or it is not in this wifi signal coverage area.
2020-06-23T22:54:58-0300 [-] There is no wifi devices in this simulation or it is not in this wifi signal coverage area.
2020-06-23T22:54:58-0300 [-] There is no wifi devices in this simulation or it is not in this wifi signal coverage area.
2020-06-23T22:54:58-0300 [-] There is no wifi devices in this simulation or it is not in this wifi signal coverage area.
2020-06-23T22:54:59-0300 [-] There is no wifi devices in this simulation or it is not in this wifi signal coverage area.
2020-06-23T22:54:59-0300 [-] There is no wifi devices in this simulation or it is not in this wifi signal coverage area.
2020-06-23T22:54:59-0300 [-] There is no wifi devices in this simulation or it is not in this wifi signal coverage area.
2020-06-23T22:54:59-0300 [-] There is no wifi devices in this simulation or it is not in this wifi signal coverage area.
2020-06-23T22:54:59-0300 [-] There is no wifi devices in this simulation or it is not in this wifi signal coverage area.
2020-06-23T22:54:59-0300 [-] There is no wifi devices in this simulation or it is not in this wifi signal coverage area.
2020-06-23T22:54:59-0300 [-] There is no wifi devices in this simulation or it is not in this wifi signal coverage area.
2020-06-23T22:54:59-0300 [-] There is no wifi devices in this simulation or it is not in this wifi signal coverage area.
2020-06-23T22:55:00-0300 [-] There is no wifi devices in this simulation or it is not in this wifi signal coverage area.
2020-06-23T22:55:00-0300 [-] There is no wifi devices in this simulation or it is not in this wifi signal coverage area.
2020-06-23T22:55:00-0300 [-] There is no wifi devices in this simulation or it is not in this wifi signal coverage area.
2020-06-23T22:55:00-0300 [-] There is no wifi devices in this simulation or it is not in this wifi signal coverage area.
2020-06-23T22:55:00-0300 [-] There is no wifi devices in this simulation or it is not in this wifi signal coverage area.
2020-06-23T22:55:00-0300 [-] There is no wifi devices in this simulation or it is not in this wifi signal coverage area.
2020-06-23T22:55:00-0300 [-] There is no wifi devices in this simulation or it is not in this wifi signal coverage area.
2020-06-23T22:55:01-0300 [-] There is no wifi devices in this simulation or it is not in this wifi signal coverage area.
2020-06-23T22:55:01-0300 [-] There is no wifi devices in this simulation or it is not in this wifi signal coverage area.
2020-06-23T22:55:01-0300 [-] There is no wifi devices in this simulation or it is not in this wifi signal coverage area.
2020-06-23T22:55:01-0300 [-] There is no wifi devices in this simulation or it is not in this wifi signal coverage area.
2020-06-23T22:55:01-0300 [-] There is no wifi devices in this simulation or it is not in this wifi signal coverage area.
2020-06-23T22:55:01-0300 [-] There is no wifi devices in this simulation or it is not in this wifi signal coverage area.
2020-06-23T22:55:01-0300 [-] There is no wifi devices in this simulation or it is not in this wifi signal coverage area.
2020-06-23T22:55:01-0300 [-] There is no wifi devices in this simulation or it is not in this wifi signal coverage area.
2020-06-23T22:55:02-0300 [-] There is no wifi devices in this simulation or it is not in this wifi signal coverage area.
2020-06-23T22:55:02-0300 [-] There is no wifi devices in this simulation or it is not in this wifi signal coverage area.
2020-06-23T22:55:02-0300 [-] There is no wifi devices in this simulation or it is not in this wifi signal coverage area.
2020-06-23T22:55:02-0300 [-] There is no wifi devices in this simulation or it is not in this wifi signal coverage area.
2020-06-23T22:55:02-0300 [-] There is no wifi devices in this simulation or it is not in this wifi signal coverage area.
2020-06-23T22:55:02-0300 [-] There is no wifi devices in this simulation or it is not in this wifi signal coverage area.
2020-06-23T22:55:02-0300 [-] There is no wifi devices in this simulation or it is not in this wifi signal coverage area.
2020-06-23T22:55:02-0300 [-] There is no wifi devices in this simulation or it is not in this wifi signal coverage area.
2020-06-23T22:55:02-0300 [-] There is no wifi devices in this simulation or it is not in this wifi signal coverage area.
2020-06-23T22:55:03-0300 [-] There is no wifi devices in this simulation or it is not in this wifi signal coverage area.
2020-06-23T22:55:03-0300 [-] There is no wifi devices in this simulation or it is not in this wifi signal coverage area.
2020-06-23T22:55:03-0300 [-] There is no wifi devices in this simulation or it is not in this wifi signal coverage area.
2020-06-23T22:55:03-0300 [-] There is no wifi devices in this simulation or it is not in this wifi signal coverage area.
2020-06-23T22:55:03-0300 [-] There is no wifi devices in this simulation or it is not in this wifi signal coverage area.
2020-06-23T22:55:03-0300 [-] There is no wifi devices in this simulation or it is not in this wifi signal coverage area.
2020-06-23T22:55:03-0300 [-] There is no wifi devices in this simulation or it is not in this wifi signal coverage area.
2020-06-23T22:55:03-0300 [-] There is no wifi devices in this simulation or it is not in this wifi signal coverage area.
2020-06-23T22:55:04-0300 [-] There is no wifi devices in this simulation or it is not in this wifi signal coverage area.
2020-06-23T22:55:04-0300 [-] There is no wifi devices in this simulation or it is not in this wifi signal coverage area.
2020-06-23T22:55:04-0300 [-] There is no wifi devices in this simulation or it is not in this wifi signal coverage area.
2020-06-23T22:55:04-0300 [-] There is no wifi devices in this simulation or it is not in this wifi signal coverage area.
2020-06-23T22:55:04-0300 [-] There is no wifi devices in this simulation or it is not in this wifi signal coverage area.
2020-06-23T22:55:04-0300 [-] There is no wifi devices in this simulation or it is not in this wifi signal coverage area.
2020-06-23T22:55:04-0300 [-] There is no wifi devices in this simulation or it is not in this wifi signal coverage area.
2020-06-23T22:55:04-0300 [-] There is no wifi devices in this simulation or it is not in this wifi signal coverage area.
2020-06-23T22:55:05-0300 [-] There is no wifi devices in this simulation or it is not in this wifi signal coverage area.
2020-06-23T22:55:05-0300 [-] There is no wifi devices in this simulation or it is not in this wifi signal coverage area.
2020-06-23T22:55:05-0300 [-] There is no wifi devices in this simulation or it is not in this wifi signal coverage area.
2020-06-23T22:55:05-0300 [-] There is no wifi devices in this simulation or it is not in this wifi signal coverage area.
2020-06-23T22:55:05-0300 [-] There is no wifi devices in this simulation or it is not in this wifi signal coverage area.
2020-06-23T22:55:05-0300 [-] There is no wifi devices in this simulation or it is not in this wifi signal coverage area.
2020-06-23T22:55:05-0300 [-] There is no wifi devices in this simulation or it is not in this wifi signal coverage area.
2020-06-23T22:55:05-0300 [-] There is no wifi devices in this simulation or it is not in this wifi signal coverage area.
2020-06-23T22:55:06-0300 [-] There is no wifi devices in this simulation or it is not in this wifi signal coverage area.
2020-06-23T22:55:06-0300 [-] There is no wifi devices in this simulation or it is not in this wifi signal coverage area.
2020-06-23T22:55:06-0300 [-] There is no wifi devices in this simulation or it is not in this wifi signal coverage area.
2020-06-23T22:55:06-0300 [-] There is no wifi devices in this simulation or it is not in this wifi signal coverage area.
2020-06-23T22:55:06-0300 [-] There is no wifi devices in this simulation or it is not in this wifi signal coverage area.
2020-06-23T22:55:06-0300 [-] There is no wifi devices in this simulation or it is not in this wifi signal coverage area.
2020-06-23T22:55:06-0300 [-] There is no wifi devices in this simulation or it is not in this wifi signal coverage area.
2020-06-23T22:55:06-0300 [-] There is no wifi devices in this simulation or it is not in this wifi signal coverage area.
2020-06-23T22:55:07-0300 [-] There is no wifi devices in this simulation or it is not in this wifi signal coverage area.
2020-06-23T22:55:07-0300 [-] There is no wifi devices in this simulation or it is not in this wifi signal coverage area.
2020-06-23T22:55:07-0300 [-] There is no wifi devices in this simulation or it is not in this wifi signal coverage area.
2020-06-23T22:55:07-0300 [-] There is no wifi devices in this simulation or it is not in this wifi signal coverage area.
2020-06-23T22:55:07-0300 [-] There is no wifi devices in this simulation or it is not in this wifi signal coverage area.
2020-06-23T22:55:07-0300 [-] There is no wifi devices in this simulation or it is not in this wifi signal coverage area.
2020-06-23T22:55:07-0300 [-] There is no wifi devices in this simulation or it is not in this wifi signal coverage area.
2020-06-23T22:55:08-0300 [-] There is no wifi devices in this simulation or it is not in this wifi signal coverage area.
2020-06-23T22:55:08-0300 [-] There is no wifi devices in this simulation or it is not in this wifi signal coverage area.
2020-06-23T22:55:08-0300 [-] There is no wifi devices in this simulation or it is not in this wifi signal coverage area.
2020-06-23T22:55:08-0300 [-] There is no wifi devices in this simulation or it is not in this wifi signal coverage area.
2020-06-23T22:55:08-0300 [-] There is no wifi devices in this simulation or it is not in this wifi signal coverage area.
2020-06-23T22:55:08-0300 [-] There is no wifi devices in this simulation or it is not in this wifi signal coverage area.
2020-06-23T22:55:08-0300 [-] There is no wifi devices in this simulation or it is not in this wifi signal coverage area.
2020-06-23T22:55:08-0300 [-] There is no wifi devices in this simulation or it is not in this wifi signal coverage area.
2020-06-23T22:55:08-0300 [-] There is no wifi devices in this simulation or it is not in this wifi signal coverage area.
2020-06-23T22:55:09-0300 [-] There is no wifi devices in this simulation or it is not in this wifi signal coverage area.
2020-06-23T22:55:09-0300 [-] There is no wifi devices in this simulation or it is not in this wifi signal coverage area.
2020-06-23T22:55:09-0300 [-] There is no wifi devices in this simulation or it is not in this wifi signal coverage area.
2020-06-23T22:55:09-0300 [-] There is no wifi devices in this simulation or it is not in this wifi signal coverage area.
2020-06-23T22:55:09-0300 [-] There is no wifi devices in this simulation or it is not in this wifi signal coverage area.
2020-06-23T22:55:09-0300 [-] There is no wifi devices in this simulation or it is not in this wifi signal coverage area.
2020-06-23T22:55:09-0300 [-] There is no wifi devices in this simulation or it is not in this wifi signal coverage area.
2020-06-23T22:55:09-0300 [-] There is no wifi devices in this simulation or it is not in this wifi signal coverage area.
2020-06-23T22:55:10-0300 [-] There is no wifi devices in this simulation or it is not in this wifi signal coverage area.
2020-06-23T22:55:10-0300 [-] There is no wifi devices in this simulation or it is not in this wifi signal coverage area.
2020-06-23T22:55:10-0300 [-] There is no wifi devices in this simulation or it is not in this wifi signal coverage area.
2020-06-23T22:55:10-0300 [-] There is no wifi devices in this simulation or it is not in this wifi signal coverage area.
2020-06-23T22:55:10-0300 [-] There is no wifi devices in this simulation or it is not in this wifi signal coverage area.
2020-06-23T22:55:10-0300 [-] There is no wifi devices in this simulation or it is not in this wifi signal coverage area.
2020-06-23T22:55:10-0300 [-] There is no wifi devices in this simulation or it is not in this wifi signal coverage area.
2020-06-23T22:55:10-0300 [-] There is no wifi devices in this simulation or it is not in this wifi signal coverage area.
2020-06-23T22:55:11-0300 [-] There is no wifi devices in this simulation or it is not in this wifi signal coverage area.
2020-06-23T22:55:11-0300 [-] There is no wifi devices in this simulation or it is not in this wifi signal coverage area.
2020-06-23T22:55:11-0300 [-] There is no wifi devices in this simulation or it is not in this wifi signal coverage area.
2020-06-23T22:55:11-0300 [-] There is no wifi devices in this simulation or it is not in this wifi signal coverage area.
2020-06-23T22:55:11-0300 [-] There is no wifi devices in this simulation or it is not in this wifi signal coverage area.
2020-06-23T22:55:11-0300 [-] There is no wifi devices in this simulation or it is not in this wifi signal coverage area.
2020-06-23T22:55:11-0300 [-] There is no wifi devices in this simulation or it is not in this wifi signal coverage area.
2020-06-23T22:55:11-0300 [-] There is no wifi devices in this simulation or it is not in this wifi signal coverage area.
2020-06-23T22:55:12-0300 [-] There is no wifi devices in this simulation or it is not in this wifi signal coverage area.
2020-06-23T22:55:12-0300 [-] There is no wifi devices in this simulation or it is not in this wifi signal coverage area.
2020-06-23T22:55:12-0300 [-] There is no wifi devices in this simulation or it is not in this wifi signal coverage area.
2020-06-23T22:55:12-0300 [-] There is no wifi devices in this simulation or it is not in this wifi signal coverage area.
2020-06-23T22:55:12-0300 [-] There is no wifi devices in this simulation or it is not in this wifi signal coverage area.
2020-06-23T22:55:12-0300 [-] There is no wifi devices in this simulation or it is not in this wifi signal coverage area.
2020-06-23T22:55:12-0300 [-] There is no wifi devices in this simulation or it is not in this wifi signal coverage area.
2020-06-23T22:55:12-0300 [-] There is no wifi devices in this simulation or it is not in this wifi signal coverage area.
2020-06-23T22:55:13-0300 [-] There is no wifi devices in this simulation or it is not in this wifi signal coverage area.
2020-06-23T22:55:13-0300 [-] There is no wifi devices in this simulation or it is not in this wifi signal coverage area.
2020-06-23T22:55:13-0300 [-] There is no wifi devices in this simulation or it is not in this wifi signal coverage area.
2020-06-23T22:55:13-0300 [-] There is no wifi devices in this simulation or it is not in this wifi signal coverage area.
2020-06-23T22:55:13-0300 [-] There is no wifi devices in this simulation or it is not in this wifi signal coverage area.
2020-06-23T22:55:13-0300 [-] There is no wifi devices in this simulation or it is not in this wifi signal coverage area.
2020-06-23T22:55:13-0300 [-] There is no wifi devices in this simulation or it is not in this wifi signal coverage area.
2020-06-23T22:55:13-0300 [-] There is no wifi devices in this simulation or it is not in this wifi signal coverage area.
2020-06-23T22:55:14-0300 [-] There is no wifi devices in this simulation or it is not in this wifi signal coverage area.
2020-06-23T22:55:14-0300 [-] There is no wifi devices in this simulation or it is not in this wifi signal coverage area.
2020-06-23T22:55:14-0300 [-] There is no wifi devices in this simulation or it is not in this wifi signal coverage area.
2020-06-23T22:55:14-0300 [-] There is no wifi devices in this simulation or it is not in this wifi signal coverage area.
2020-06-23T22:55:14-0300 [-] There is no wifi devices in this simulation or it is not in this wifi signal coverage area.
2020-06-23T22:55:14-0300 [-] There is no wifi devices in this simulation or it is not in this wifi signal coverage area.
2020-06-23T22:55:14-0300 [-] There is no wifi devices in this simulation or it is not in this wifi signal coverage area.
2020-06-23T22:55:14-0300 [-] There is no wifi devices in this simulation or it is not in this wifi signal coverage area.
2020-06-23T22:55:15-0300 [-] There is no wifi devices in this simulation or it is not in this wifi signal coverage area.
2020-06-23T22:55:15-0300 [-] There is no wifi devices in this simulation or it is not in this wifi signal coverage area.
2020-06-23T22:55:15-0300 [-] There is no wifi devices in this simulation or it is not in this wifi signal coverage area.
2020-06-23T22:55:15-0300 [-] There is no wifi devices in this simulation or it is not in this wifi signal coverage area.
2020-06-23T22:55:15-0300 [-] There is no wifi devices in this simulation or it is not in this wifi signal coverage area.
2020-06-23T22:55:15-0300 [-] There is no wifi devices in this simulation or it is not in this wifi signal coverage area.
2020-06-23T22:55:15-0300 [-] There is no wifi devices in this simulation or it is not in this wifi signal coverage area.
2020-06-23T22:55:15-0300 [-] There is no wifi devices in this simulation or it is not in this wifi signal coverage area.
2020-06-23T22:55:16-0300 [-] There is no wifi devices in this simulation or it is not in this wifi signal coverage area.
2020-06-23T22:55:16-0300 [-] There is no wifi devices in this simulation or it is not in this wifi signal coverage area.
2020-06-23T22:55:16-0300 [-] There is no wifi devices in this simulation or it is not in this wifi signal coverage area.
2020-06-23T22:55:16-0300 [-] There is no wifi devices in this simulation or it is not in this wifi signal coverage area.
2020-06-23T22:55:16-0300 [-] There is no wifi devices in this simulation or it is not in this wifi signal coverage area.
2020-06-23T22:55:16-0300 [-] There is no wifi devices in this simulation or it is not in this wifi signal coverage area.
2020-06-23T22:55:16-0300 [-] There is no wifi devices in this simulation or it is not in this wifi signal coverage area.
2020-06-23T22:55:16-0300 [-] There is no wifi devices in this simulation or it is not in this wifi signal coverage area.
2020-06-23T22:55:17-0300 [-] There is no wifi devices in this simulation or it is not in this wifi signal coverage area.
2020-06-23T22:55:17-0300 [-] There is no wifi devices in this simulation or it is not in this wifi signal coverage area.
2020-06-23T22:55:17-0300 [-] There is no wifi devices in this simulation or it is not in this wifi signal coverage area.
2020-06-23T22:55:17-0300 [-] There is no wifi devices in this simulation or it is not in this wifi signal coverage area.
2020-06-23T22:55:17-0300 [-] There is no wifi devices in this simulation or it is not in this wifi signal coverage area.
2020-06-23T22:55:17-0300 [-] There is no wifi devices in this simulation or it is not in this wifi signal coverage area.
2020-06-23T22:55:17-0300 [-] There is no wifi devices in this simulation or it is not in this wifi signal coverage area.
2020-06-23T22:55:17-0300 [-] There is no wifi devices in this simulation or it is not in this wifi signal coverage area.
2020-06-23T22:55:18-0300 [-] There is no wifi devices in this simulation or it is not in this wifi signal coverage area.
2020-06-23T22:55:18-0300 [-] There is no wifi devices in this simulation or it is not in this wifi signal coverage area.
2020-06-23T22:55:18-0300 [-] There is no wifi devices in this simulation or it is not in this wifi signal coverage area.
2020-06-23T22:55:18-0300 [-] There is no wifi devices in this simulation or it is not in this wifi signal coverage area.
2020-06-23T22:55:18-0300 [-] There is no wifi devices in this simulation or it is not in this wifi signal coverage area.
2020-06-23T22:55:18-0300 [-] There is no wifi devices in this simulation or it is not in this wifi signal coverage area.
2020-06-23T22:55:18-0300 [-] There is no wifi devices in this simulation or it is not in this wifi signal coverage area.
2020-06-23T22:55:18-0300 [-] There is no wifi devices in this simulation or it is not in this wifi signal coverage area.
2020-06-23T22:55:19-0300 [-] There is no wifi devices in this simulation or it is not in this wifi signal coverage area.
2020-06-23T22:55:19-0300 [-] There is no wifi devices in this simulation or it is not in this wifi signal coverage area.
2020-06-23T22:55:19-0300 [-] There is no wifi devices in this simulation or it is not in this wifi signal coverage area.
2020-06-23T22:55:19-0300 [-] There is no wifi devices in this simulation or it is not in this wifi signal coverage area.
2020-06-23T22:55:19-0300 [-] There is no wifi devices in this simulation or it is not in this wifi signal coverage area.
2020-06-23T22:55:19-0300 [-] There is no wifi devices in this simulation or it is not in this wifi signal coverage area.
2020-06-23T22:55:19-0300 [-] There is no wifi devices in this simulation or it is not in this wifi signal coverage area.
2020-06-23T22:55:19-0300 [-] There is no wifi devices in this simulation or it is not in this wifi signal coverage area.
2020-06-23T22:55:20-0300 [-] There is no wifi devices in this simulation or it is not in this wifi signal coverage area.
2020-06-23T22:55:20-0300 [-] There is no wifi devices in this simulation or it is not in this wifi signal coverage area.
2020-06-23T22:55:20-0300 [-] There is no wifi devices in this simulation or it is not in this wifi signal coverage area.
2020-06-23T22:55:20-0300 [-] There is no wifi devices in this simulation or it is not in this wifi signal coverage area.
2020-06-23T22:55:20-0300 [-] There is no wifi devices in this simulation or it is not in this wifi signal coverage area.
2020-06-23T22:55:20-0300 [-] There is no wifi devices in this simulation or it is not in this wifi signal coverage area.
2020-06-23T22:55:20-0300 [-] There is no wifi devices in this simulation or it is not in this wifi signal coverage area.
2020-06-23T22:55:20-0300 [-] There is no wifi devices in this simulation or it is not in this wifi signal coverage area.
2020-06-23T22:55:21-0300 [-] There is no wifi devices in this simulation or it is not in this wifi signal coverage area.
2020-06-23T22:55:21-0300 [-] There is no wifi devices in this simulation or it is not in this wifi signal coverage area.
2020-06-23T22:55:21-0300 [-] There is no wifi devices in this simulation or it is not in this wifi signal coverage area.
2020-06-23T22:55:21-0300 [-] There is no wifi devices in this simulation or it is not in this wifi signal coverage area.
2020-06-23T22:55:21-0300 [-] There is no wifi devices in this simulation or it is not in this wifi signal coverage area.
2020-06-23T22:55:21-0300 [-] There is no wifi devices in this simulation or it is not in this wifi signal coverage area.
2020-06-23T22:55:21-0300 [-] There is no wifi devices in this simulation or it is not in this wifi signal coverage area.
2020-06-23T22:55:21-0300 [-] There is no wifi devices in this simulation or it is not in this wifi signal coverage area.
2020-06-23T22:55:22-0300 [-] There is no wifi devices in this simulation or it is not in this wifi signal coverage area.
2020-06-23T22:55:22-0300 [-] There is no wifi devices in this simulation or it is not in this wifi signal coverage area.
2020-06-23T22:55:22-0300 [-] There is no wifi devices in this simulation or it is not in this wifi signal coverage area.
2020-06-23T22:55:22-0300 [-] There is no wifi devices in this simulation or it is not in this wifi signal coverage area.
2020-06-23T22:55:22-0300 [-] There is no wifi devices in this simulation or it is not in this wifi signal coverage area.
2020-06-23T22:55:22-0300 [-] There is no wifi devices in this simulation or it is not in this wifi signal coverage area.
2020-06-23T22:55:22-0300 [-] There is no wifi devices in this simulation or it is not in this wifi signal coverage area.
2020-06-23T22:55:22-0300 [-] There is no wifi devices in this simulation or it is not in this wifi signal coverage area.
2020-06-23T22:55:23-0300 [-] There is no wifi devices in this simulation or it is not in this wifi signal coverage area.
2020-06-23T22:55:23-0300 [-] Received SIGINT, shutting down.
2020-06-23T22:55:23-0300 [applications.routerapp.RouterFactory] (TCP Port 8081 Closed)
2020-06-23T22:55:23-0300 [SubscriberApp,client] connection lost: Connection to the other side was lost in a non-clean fashion: Connection lost.
2020-06-23T22:55:23-0300 [SubscriberApp,client] connection lost - Number of events: 12
2020-06-23T22:55:23-0300 [SubscriberApp,client] connection lost: Connection to the other side was lost in a non-clean fashion: Connection lost.
2020-06-23T22:55:23-0300 [SubscriberApp,client] connection lost - Number of events: 13
2020-06-23T22:55:23-0300 [twisted.internet.endpoints.OneShotFactory#info] Stopping factory <twisted.internet.endpoints.connectProtocol.<locals>.OneShotFactory object at 0x7f606a682400>
2020-06-23T22:55:23-0300 [twisted.internet.endpoints.OneShotFactory#info] Stopping factory <twisted.internet.endpoints.connectProtocol.<locals>.OneShotFactory object at 0x7f606a6825f8>
2020-06-23T22:55:23-0300 [applications.databaseserverapp.DatabaseServerAppFactory] (TCP Port 8083 Closed)
2020-06-23T22:55:23-0300 [applications.mqttapp.BrokerFactory] (TCP Port 5100 Closed)
2020-06-23T22:55:23-0300 [-] Main loop terminated.
