2020-08-02T10:44:02-0300 [-] Creating router ...
2020-08-02T10:44:02-0300 [-] Initializing Router - Number of events: 1
2020-08-02T10:44:03-0300 [-] RouterFactory starting on 8081
2020-08-02T10:44:23-0300 [-] Initializing Server - Number of events: 2
2020-08-02T10:44:23-0300 [-] BrokerFactory starting on 5100
2020-08-02T10:44:23-0300 [-] Initializing Client - Number of events: 3
2020-08-02T10:44:24-0300 [-] Initializing sink node - Number of events: 4
2020-08-02T10:44:24-0300 [-] Initializing sensor node - Number of events: 5
2020-08-02T10:44:25-0300 [-] Initializing sensor node - Number of events: 6
2020-08-02T10:44:25-0300 [-] Initializing sensor node - Number of events: 7
2020-08-02T10:44:26-0300 [-] Initializing sensor node - Number of events: 8
2020-08-02T10:44:26-0300 [-] Initializing sensor node - Number of events: 9
2020-08-02T10:44:27-0300 [-] Initializing sensor node - Number of events: 10
2020-08-02T10:44:27-0300 [-] Initializing sensor node - Number of events: 11
2020-08-02T10:44:28-0300 [-] Initializing sensor node - Number of events: 12
2020-08-02T10:44:28-0300 [-] Initializing sensor node - Number of events: 13
2020-08-02T10:44:29-0300 [-] Initializing sensor node - Number of events: 14
2020-08-02T10:44:29-0300 [-] Initializing sensor node - Number of events: 15
2020-08-02T10:44:30-0300 [-] Initializing sensor node - Number of events: 16
2020-08-02T10:44:30-0300 [-] Initializing sensor node - Number of events: 17
2020-08-02T10:44:31-0300 [-] Initializing sensor node - Number of events: 18
2020-08-02T10:44:31-0300 [-] Initializing sensor node - Number of events: 19
2020-08-02T10:44:32-0300 [-] Initializing sensor node - Number of events: 20
2020-08-02T10:44:32-0300 [-] Initializing sensor node - Number of events: 21
2020-08-02T10:44:33-0300 [-] Initializing sensor node - Number of events: 22
2020-08-02T10:44:33-0300 [-] Initializing sensor node - Number of events: 23
2020-08-02T10:44:34-0300 [-] Initializing sensor node - Number of events: 24
2020-08-02T10:44:34-0300 [-] Initializing sensor node - Number of events: 25
2020-08-02T10:44:35-0300 [-] Initializing sensor node - Number of events: 26
2020-08-02T10:44:35-0300 [-] Initializing sensor node - Number of events: 27
2020-08-02T10:44:36-0300 [-] Initializing sensor node - Number of events: 28
2020-08-02T10:44:36-0300 [-] Initializing sensor node - Number of events: 29
2020-08-02T10:44:37-0300 [-] Initializing sensor node - Number of events: 30
2020-08-02T10:44:37-0300 [-] Initializing sensor node - Number of events: 31
2020-08-02T10:44:38-0300 [-] Initializing sensor node - Number of events: 32
2020-08-02T10:44:38-0300 [-] Initializing sensor node - Number of events: 33
2020-08-02T10:44:39-0300 [-] Initializing sensor node - Number of events: 34
2020-08-02T10:44:39-0300 [-] Initializing sensor node - Number of events: 35
2020-08-02T10:44:40-0300 [-] Initializing sensor node - Number of events: 36
2020-08-02T10:44:40-0300 [-] Initializing sensor node - Number of events: 37
2020-08-02T10:44:41-0300 [-] Initializing sensor node - Number of events: 38
2020-08-02T10:44:41-0300 [-] Initializing sensor node - Number of events: 39
2020-08-02T10:44:42-0300 [-] Initializing sensor node - Number of events: 40
2020-08-02T10:44:42-0300 [-] Initializing sensor node - Number of events: 41
2020-08-02T10:44:43-0300 [-] Initializing sensor node - Number of events: 42
2020-08-02T10:44:43-0300 [-] Initializing sensor node - Number of events: 43
2020-08-02T10:44:44-0300 [-] Initializing sensor node - Number of events: 44
2020-08-02T10:44:45-0300 [-] Initializing sensor node - Number of events: 45
2020-08-02T10:44:45-0300 [-] Initializing sensor node - Number of events: 46
2020-08-02T10:44:46-0300 [-] Initializing sensor node - Number of events: 47
2020-08-02T10:44:46-0300 [-] Initializing sensor node - Number of events: 48
2020-08-02T10:44:47-0300 [-] Initializing sensor node - Number of events: 49
2020-08-02T10:44:47-0300 [-] Initializing sensor node - Number of events: 50
2020-08-02T10:44:48-0300 [-] Initializing sensor node - Number of events: 51
2020-08-02T10:44:48-0300 [-] Initializing sensor node - Number of events: 52
2020-08-02T10:44:49-0300 [-] Initializing sensor node - Number of events: 53
2020-08-02T10:44:49-0300 [-] Initializing sensor node - Number of events: 54
2020-08-02T10:44:50-0300 [-] Initializing sensor node - Number of events: 55
2020-08-02T10:44:50-0300 [-] Initializing sensor node - Number of events: 56
2020-08-02T10:44:51-0300 [-] Initializing sensor node - Number of events: 57
2020-08-02T10:44:51-0300 [-] Initializing sensor node - Number of events: 58
2020-08-02T10:44:52-0300 [-] Initializing sensor node - Number of events: 59
2020-08-02T10:44:52-0300 [-] Initializing sensor node - Number of events: 60
2020-08-02T10:44:53-0300 [-] Initializing sensor node - Number of events: 61
2020-08-02T10:44:53-0300 [-] Initializing sensor node - Number of events: 62
2020-08-02T10:44:54-0300 [-] Initializing sensor node - Number of events: 63
2020-08-02T10:44:54-0300 [-] Initializing sensor node - Number of events: 64
2020-08-02T10:44:55-0300 [-] Initializing sensor node - Number of events: 65
2020-08-02T10:44:55-0300 [-] Initializing sensor node - Number of events: 66
2020-08-02T10:44:56-0300 [-] Initializing sensor node - Number of events: 67
2020-08-02T10:44:56-0300 [-] Initializing sensor node - Number of events: 68
2020-08-02T10:44:57-0300 [-] Initializing repeater node - Number of events: 69
2020-08-02T10:44:57-0300 [-] Initializing repeater node - Number of events: 70
2020-08-02T10:44:58-0300 [-] Initializing repeater node - Number of events: 71
2020-08-02T10:44:58-0300 [stdout#info] Error while try to connect to the router
2020-08-02T10:44:58-0300 [stdout#info] This divice have no simulation core instance
2020-08-02T10:44:58-0300 [stdout#info] This divice have no simulation core instance
2020-08-02T10:45:27-0300 [-] Received SIGINT, shutting down.
2020-08-02T10:45:27-0300 [applications.routerapp.RouterFactory] (TCP Port 8081 Closed)
2020-08-02T10:45:27-0300 [applications.mqttapp.BrokerFactory] (TCP Port 5100 Closed)
2020-08-02T10:45:27-0300 [-] Main loop terminated.
2020-08-02T10:45:27-0300 [twisted.internet.defer#critical] Unhandled error in Deferred:
2020-08-02T10:45:27-0300 [twisted.internet.defer#critical] 
	Traceback (most recent call last):
	Failure: twisted.internet.error.TimeoutError: User timeout caused connection failure.
	
