2020-08-09T22:18:46-0300 [-] Creating router ...
2020-08-09T22:18:46-0300 [-] Initializing Router - Number of events: 1
2020-08-09T22:18:46-0300 [-] RouterFactory starting on 8081
2020-08-09T22:18:47-0300 [-] Initializing Server - Number of events: 2
2020-08-09T22:18:47-0300 [-] BrokerFactory starting on 5100
2020-08-09T22:18:47-0300 [-] Initializing Client - Number of events: 3
2020-08-09T22:18:48-0300 [-] Initializing sink node - Number of events: 4
2020-08-09T22:18:48-0300 [-] Initializing sensor node - Number of events: 5
2020-08-09T22:18:49-0300 [-] Initializing sensor node - Number of events: 6
2020-08-09T22:18:49-0300 [-] Initializing sensor node - Number of events: 7
2020-08-09T22:18:50-0300 [-] Initializing sensor node - Number of events: 8
2020-08-09T22:18:50-0300 [-] Initializing sensor node - Number of events: 9
2020-08-09T22:18:51-0300 [-] Initializing sensor node - Number of events: 10
2020-08-09T22:18:51-0300 [-] Initializing sensor node - Number of events: 11
2020-08-09T22:18:52-0300 [-] Initializing sensor node - Number of events: 12
2020-08-09T22:18:52-0300 [-] Initializing sensor node - Number of events: 13
2020-08-09T22:18:53-0300 [-] Initializing sensor node - Number of events: 14
2020-08-09T22:18:53-0300 [-] Initializing sensor node - Number of events: 15
2020-08-09T22:18:54-0300 [-] Initializing sensor node - Number of events: 16
2020-08-09T22:18:54-0300 [-] Initializing sensor node - Number of events: 17
2020-08-09T22:18:55-0300 [-] Initializing repeater node - Number of events: 18
2020-08-09T22:18:55-0300 [-] Initializing repeater node - Number of events: 19
2020-08-09T22:18:56-0300 [-] Initializing repeater node - Number of events: 20
2020-08-09T22:18:56-0300 [-] Initializing repeater node - Number of events: 21
2020-08-09T22:18:57-0300 [-] Initializing repeater node - Number of events: 22
2020-08-09T22:18:57-0300 [stderr#error] Exception in Tkinter callback
2020-08-09T22:18:57-0300 [stderr#error] Traceback (most recent call last):
2020-08-09T22:18:57-0300 [stderr#error]   File "/usr/lib/python3.6/tkinter/__init__.py", line 1708, in __call__
2020-08-09T22:18:57-0300 [stderr#error]     return self.func(*args)
2020-08-09T22:18:57-0300 [stderr#error]   File "/home/rafael/iotfogsim/scinetsim/scinetsim/configurations.py", line 112, in <lambda>
2020-08-09T22:18:57-0300 [stderr#error]     btn_open = ttk.Button(window, text="Open Project",command=lambda:open_project(window,simulation_core))
2020-08-09T22:18:57-0300 [stderr#error]   File "/home/rafael/iotfogsim/scinetsim/scinetsim/configurations.py", line 64, in open_project
2020-08-09T22:18:57-0300 [stderr#error]     load_nodes(selected_project_name, simulation_core)
2020-08-09T22:18:57-0300 [stderr#error]   File "/home/rafael/iotfogsim/scinetsim/scinetsim/configurations.py", line 218, in load_nodes
2020-08-09T22:18:57-0300 [stderr#error]     deivce.run()
2020-08-09T22:18:57-0300 [stderr#error]   File "/home/rafael/iotfogsim/scinetsim/scinetsim/standarddevice.py", line 325, in run
2020-08-09T22:18:57-0300 [stderr#error]     nearby_devices_list = self.get_nearby_devices_list()
2020-08-09T22:18:57-0300 [stderr#error]   File "/home/rafael/iotfogsim/scinetsim/scinetsim/standarddevice.py", line 148, in get_nearby_devices_list
2020-08-09T22:18:57-0300 [stderr#error]     nearby_devices_icon_list = self.find_nearby_devices_icon()
2020-08-09T22:18:57-0300 [stderr#error]   File "/home/rafael/iotfogsim/scinetsim/scinetsim/standarddevice.py", line 138, in find_nearby_devices_icon
2020-08-09T22:18:57-0300 [stderr#error]     *cr+self.coverage_area_radius)
2020-08-09T22:18:57-0300 [stderr#error] TypeError: can only concatenate list (not "int") to list
2020-08-09T22:18:57-0300 [stdout#info] This divice have no simulation core instance
2020-08-09T22:18:57-0300 [stdout#info] This divice have no simulation core instance
2020-08-09T22:18:57-0300 [Uninitialized] 127.0.0.1:33716 - Connected to mqtt broker - Number of events: 23
2020-08-09T22:18:57-0300 [Uninitialized] 127.0.0.1:33716 - sending MQTT SUBSCRIBE REQUEST - Number of events: 24
2020-08-09T22:18:57-0300 [twisted.internet.endpoints.OneShotFactory#info] Starting factory <twisted.internet.endpoints.connectProtocol.<locals>.OneShotFactory object at 0x7f282258ccf8>
2020-08-09T22:19:48-0300 [-] Received SIGINT, shutting down.
2020-08-09T22:19:48-0300 [SCADAApp,client] connection lost: Connection to the other side was lost in a non-clean fashion: Connection lost.
2020-08-09T22:19:48-0300 [SCADAApp,client] connection lost - Number of events: 25
2020-08-09T22:19:48-0300 [applications.routerapp.RouterFactory] (TCP Port 8081 Closed)
2020-08-09T22:19:48-0300 [twisted.internet.endpoints.OneShotFactory#info] Stopping factory <twisted.internet.endpoints.connectProtocol.<locals>.OneShotFactory object at 0x7f282258ccf8>
2020-08-09T22:19:48-0300 [applications.pesquisaapp.BrokerFactory] (TCP Port 5100 Closed)
2020-08-09T22:19:48-0300 [-] Main loop terminated.
