2020-07-27T21:43:52-0300 [-] Creating router ...
2020-07-27T21:43:52-0300 [-] Initializing Router - Number of events: 1
2020-07-27T21:43:52-0300 [-] RouterFactory starting on 8081
2020-07-27T21:43:52-0300 [-] Creating AccessPoint station ...
2020-07-27T21:43:52-0300 [-] Initializing Access Point - Number of events: 2
2020-07-27T21:43:53-0300 [-] There is no wifi devices in this simulation or it is not in this wifi signal coverage area.
2020-07-27T21:43:53-0300 [-] Initializing Server - Number of events: 3
2020-07-27T21:43:53-0300 [-] BrokerFactory starting on 5100
2020-07-27T21:43:53-0300 [-] Initializing Client - Number of events: 4
2020-07-27T21:43:54-0300 [-] Initializing sink node - Number of events: 5
2020-07-27T21:43:54-0300 [-] Initializing sensor node - Number of events: 6
2020-07-27T21:43:55-0300 [-] Initializing sensor node - Number of events: 7
2020-07-27T21:43:55-0300 [-] Initializing sensor node - Number of events: 8
2020-07-27T21:43:56-0300 [-] Initializing sensor node - Number of events: 9
2020-07-27T21:43:56-0300 [-] Initializing repeater node - Number of events: 10
2020-07-27T21:43:57-0300 [-] Initializing repeater node - Number of events: 11
2020-07-27T21:43:57-0300 [-] Initializing repeater node - Number of events: 12
2020-07-27T21:43:58-0300 [stdout#info] ========= sensor_1 ==========
2020-07-27T21:43:58-0300 [stdout#info] sensor_1  <------->  sensor_2
2020-07-27T21:43:58-0300 [stdout#info] =============================
2020-07-27T21:43:58-0300 [-] wsn node send data - Number of events: 13
2020-07-27T21:43:58-0300 [stdout#info] ========= sensor_3 ==========
2020-07-27T21:43:58-0300 [stdout#info] sensor_3  <------->  wsn_repeater_1
2020-07-27T21:43:58-0300 [stdout#info] =============================
2020-07-27T21:43:58-0300 [-] wsn node send data - Number of events: 14
2020-07-27T21:43:58-0300 [stdout#info] ========= sensor_2 ==========
2020-07-27T21:43:58-0300 [stdout#info] sensor_2  <------->  wsn_sink
2020-07-27T21:43:58-0300 [stdout#info] sensor_2  <------->  wsn_repeater_1
2020-07-27T21:43:58-0300 [stdout#info] sensor_2  <------->  sensor_1
2020-07-27T21:43:58-0300 [stdout#info] =============================
2020-07-27T21:43:58-0300 [-] wsn node send data - Number of events: 15
2020-07-27T21:43:58-0300 [-] wsn node send data - Number of events: 16
2020-07-27T21:43:58-0300 [-] wsn node send data - Number of events: 17
2020-07-27T21:43:58-0300 [-] wsn node send data - Number of events: 18
2020-07-27T21:43:58-0300 [-] wsn node send data - Number of events: 19
2020-07-27T21:43:58-0300 [stdout#info] ========= sensor_4 ==========
2020-07-27T21:43:58-0300 [stdout#info] sensor_4  <------->  wsn_repeater_2
2020-07-27T21:43:58-0300 [stdout#info] =============================
2020-07-27T21:43:58-0300 [-] wsn node send data - Number of events: 20
2020-07-27T21:43:58-0300 [stdout#info] ========= wsn_repeater_3 ==========
2020-07-27T21:43:58-0300 [stdout#info] wsn_repeater_3  <------->  wsn_repeater_2
2020-07-27T21:43:58-0300 [stdout#info] =============================
2020-07-27T21:43:58-0300 [stdout#info] ========= wsn_repeater_2 ==========
2020-07-27T21:43:58-0300 [stdout#info] wsn_repeater_2  <------->  wsn_repeater_3
2020-07-27T21:43:58-0300 [stdout#info] wsn_repeater_2  <------->  sensor_4
2020-07-27T21:43:58-0300 [stdout#info] wsn_repeater_2  <------->  wsn_repeater_1
2020-07-27T21:43:58-0300 [stdout#info] =============================
2020-07-27T21:43:58-0300 [-] wsn repeater node routing data - Number of events: 21
2020-07-27T21:43:58-0300 [-] wsn repeater node routing data - Number of events: 22
2020-07-27T21:43:58-0300 [stdout#info] ========= wsn_repeater_1 ==========
2020-07-27T21:43:58-0300 [stdout#info] wsn_repeater_1  <------->  wsn_repeater_2
2020-07-27T21:43:58-0300 [stdout#info] wsn_repeater_1  <------->  sensor_2
2020-07-27T21:43:58-0300 [stdout#info] =============================
2020-07-27T21:43:58-0300 [-] wsn repeater node routing data - Number of events: 23
2020-07-27T21:43:58-0300 [-] wsn repeater node routing data - Number of events: 24
2020-07-27T21:43:58-0300 [-] wsn repeater node routing data - Number of events: 25
2020-07-27T21:43:58-0300 [-] wsn repeater node routing data - Number of events: 26
2020-07-27T21:43:58-0300 [-] wsn repeater node routing data - Number of events: 27
2020-07-27T21:43:58-0300 [stdout#info] This divice have no simulation core instance
2020-07-27T21:43:58-0300 [stdout#info] This divice have no simulation core instance
2020-07-27T21:43:58-0300 [stdout#info] This divice have no simulation core instance
2020-07-27T21:43:58-0300 [stdout#info] This divice have no simulation core instance
2020-07-27T21:43:58-0300 [Uninitialized] 127.0.0.1:38224 - Connected to mqtt broker - Number of events: 28
2020-07-27T21:43:58-0300 [Uninitialized] 127.0.0.1:38224 - sending MQTT SUBSCRIBE REQUEST - Number of events: 29
2020-07-27T21:43:58-0300 [twisted.internet.endpoints.OneShotFactory#info] Starting factory <twisted.internet.endpoints.connectProtocol.<locals>.OneShotFactory object at 0x7f2d74d17b70>
2020-07-27T21:44:33-0300 [-] Received SIGINT, shutting down.
