2020-08-09T22:17:47-0300 [-] Creating router ...
2020-08-09T22:17:47-0300 [-] Initializing Router - Number of events: 1
2020-08-09T22:17:47-0300 [-] RouterFactory starting on 8081
2020-08-09T22:17:47-0300 [-] Initializing Server - Number of events: 2
2020-08-09T22:17:48-0300 [-] BrokerFactory starting on 5100
2020-08-09T22:17:48-0300 [-] Initializing Client - Number of events: 3
2020-08-09T22:17:48-0300 [-] Initializing sink node - Number of events: 4
2020-08-09T22:17:49-0300 [-] Initializing sensor node - Number of events: 5
2020-08-09T22:17:49-0300 [-] Initializing sensor node - Number of events: 6
2020-08-09T22:17:50-0300 [-] Initializing sensor node - Number of events: 7
2020-08-09T22:17:50-0300 [-] Initializing sensor node - Number of events: 8
2020-08-09T22:17:51-0300 [-] Initializing sensor node - Number of events: 9
2020-08-09T22:17:51-0300 [-] Initializing sensor node - Number of events: 10
2020-08-09T22:17:52-0300 [-] Initializing sensor node - Number of events: 11
2020-08-09T22:17:52-0300 [-] Initializing sensor node - Number of events: 12
2020-08-09T22:17:53-0300 [-] Initializing sensor node - Number of events: 13
2020-08-09T22:17:53-0300 [-] Initializing sensor node - Number of events: 14
2020-08-09T22:17:54-0300 [-] Initializing sensor node - Number of events: 15
2020-08-09T22:17:54-0300 [-] Initializing sensor node - Number of events: 16
2020-08-09T22:17:55-0300 [-] Initializing sensor node - Number of events: 17
2020-08-09T22:17:55-0300 [-] Initializing repeater node - Number of events: 18
2020-08-09T22:17:56-0300 [-] Initializing repeater node - Number of events: 19
2020-08-09T22:17:56-0300 [-] Initializing repeater node - Number of events: 20
2020-08-09T22:17:57-0300 [-] Initializing repeater node - Number of events: 21
2020-08-09T22:17:57-0300 [-] Initializing repeater node - Number of events: 22
2020-08-09T22:17:58-0300 [stdout#info] ========= sensor_6 ==========
2020-08-09T22:17:58-0300 [stdout#info] =============================
2020-08-09T22:17:58-0300 [stdout#info] ========= sensor_12 ==========
2020-08-09T22:17:58-0300 [stdout#info] =============================
2020-08-09T22:17:58-0300 [stdout#info] ========= sensor_5 ==========
2020-08-09T22:17:58-0300 [stdout#info] =============================
2020-08-09T22:17:58-0300 [stdout#info] ========= sensor_8 ==========
2020-08-09T22:17:58-0300 [stdout#info] =============================
2020-08-09T22:17:58-0300 [stdout#info] ========= sensor_2 ==========
2020-08-09T22:17:58-0300 [stdout#info] =============================
2020-08-09T22:17:58-0300 [stdout#info] ========= sensor_11 ==========
2020-08-09T22:17:58-0300 [stdout#info] =============================
2020-08-09T22:17:58-0300 [stdout#info] ========= sensor_10 ==========
2020-08-09T22:17:58-0300 [stdout#info] =============================
2020-08-09T22:17:58-0300 [stdout#info] ========= sensor_4 ==========
2020-08-09T22:17:58-0300 [stdout#info] =============================
2020-08-09T22:17:58-0300 [stdout#info] ========= sensor_13 ==========
2020-08-09T22:17:58-0300 [stdout#info] =============================
2020-08-09T22:17:58-0300 [stdout#info] ========= sensor_7 ==========
2020-08-09T22:17:58-0300 [stdout#info] =============================
2020-08-09T22:17:58-0300 [stdout#info] ========= sensor_1 ==========
2020-08-09T22:17:58-0300 [stdout#info] =============================
2020-08-09T22:17:58-0300 [stdout#info] ========= sensor_9 ==========
2020-08-09T22:17:58-0300 [stdout#info] =============================
2020-08-09T22:17:58-0300 [stdout#info] ========= sensor_3 ==========
2020-08-09T22:17:58-0300 [stdout#info] =============================
2020-08-09T22:17:58-0300 [stdout#info] ========= wsn_repeater_1 ==========
2020-08-09T22:17:58-0300 [stdout#info] =============================
2020-08-09T22:17:58-0300 [stdout#info] ========= wsn_repeater_4 ==========
2020-08-09T22:17:58-0300 [stdout#info] =============================
2020-08-09T22:17:58-0300 [stdout#info] ========= wsn_repeater_3 ==========
2020-08-09T22:17:58-0300 [stdout#info] =============================
2020-08-09T22:17:58-0300 [stdout#info] ========= wsn_repeater_2 ==========
2020-08-09T22:17:58-0300 [stdout#info] =============================
2020-08-09T22:17:58-0300 [stdout#info] ========= wsn_repeater_5 ==========
2020-08-09T22:17:58-0300 [stdout#info] =============================
2020-08-09T22:17:58-0300 [stdout#info] This divice have no simulation core instance
2020-08-09T22:17:58-0300 [stdout#info] This divice have no simulation core instance
2020-08-09T22:17:58-0300 [stdout#info] This divice have no simulation core instance
2020-08-09T22:17:58-0300 [Uninitialized] 127.0.0.1:33706 - Connected to mqtt broker - Number of events: 23
2020-08-09T22:17:58-0300 [Uninitialized] 127.0.0.1:33706 - sending MQTT SUBSCRIBE REQUEST - Number of events: 24
2020-08-09T22:17:58-0300 [twisted.internet.endpoints.OneShotFactory#info] Starting factory <twisted.internet.endpoints.connectProtocol.<locals>.OneShotFactory object at 0x7f947704cf60>
2020-08-09T22:18:39-0300 [-] Received SIGINT, shutting down.
2020-08-09T22:18:39-0300 [twisted.internet.endpoints.OneShotFactory#info] Stopping factory <twisted.internet.endpoints.connectProtocol.<locals>.OneShotFactory object at 0x7f947704cf60>
2020-08-09T22:18:39-0300 [SCADAApp,client] connection lost: Connection to the other side was lost in a non-clean fashion: Connection lost.
2020-08-09T22:18:39-0300 [SCADAApp,client] connection lost - Number of events: 25
2020-08-09T22:18:39-0300 [applications.pesquisaapp.BrokerFactory] (TCP Port 5100 Closed)
2020-08-09T22:18:39-0300 [applications.routerapp.RouterFactory] (TCP Port 8081 Closed)
2020-08-09T22:18:39-0300 [-] Main loop terminated.
