2020-06-28T12:17:27-0300 [-] Creating router ...
2020-06-28T12:17:28-0300 [-] Initializing Router - Number of events: 1
2020-06-28T12:17:28-0300 [-] RouterFactory starting on 8081
2020-06-28T12:17:28-0300 [-] Creating AccessPoint station ...
2020-06-28T12:17:28-0300 [-] Initializing Access Point - Number of events: 2
2020-06-28T12:17:29-0300 [-] There is no wifi devices in this simulation or it is not in this wifi signal coverage area.
2020-06-28T12:17:29-0300 [-] Initializing Server - Number of events: 3
2020-06-28T12:17:29-0300 [-] BrokerFactory starting on 5100
2020-06-28T12:17:29-0300 [-] Initializing Client - Number of events: 4
2020-06-28T12:17:30-0300 [-] Initializing sink node - Number of events: 5
2020-06-28T12:17:30-0300 [-] Initializing sensor node - Number of events: 6
2020-06-28T12:17:31-0300 [-] Initializing sensor node - Number of events: 7
2020-06-28T12:17:31-0300 [-] Initializing sensor node - Number of events: 8
2020-06-28T12:17:32-0300 [-] Initializing sensor node - Number of events: 9
2020-06-28T12:17:32-0300 [-] Initializing sensor node - Number of events: 10
2020-06-28T12:17:33-0300 [-] Initializing sensor node - Number of events: 11
2020-06-28T12:17:33-0300 [-] Initializing sensor node - Number of events: 12
2020-06-28T12:17:34-0300 [-] Initializing sensor node - Number of events: 13
2020-06-28T12:17:34-0300 [-] Initializing sensor node - Number of events: 14
2020-06-28T12:17:35-0300 [stdout#info] ========= sensor_5 ==========
2020-06-28T12:17:35-0300 [stdout#info] sensor_5  <------->  sensor_6
2020-06-28T12:17:35-0300 [stdout#info] =============================
2020-06-28T12:17:35-0300 [-] wsn node send data - Number of events: 15
2020-06-28T12:17:35-0300 [stdout#info] ========= sensor_8 ==========
2020-06-28T12:17:35-0300 [stdout#info] sensor_8  <------->  sensor_7
2020-06-28T12:17:35-0300 [stdout#info] =============================
2020-06-28T12:17:35-0300 [-] wsn node send data - Number of events: 16
2020-06-28T12:17:35-0300 [stdout#info] ========= sensor_2 ==========
2020-06-28T12:17:35-0300 [stdout#info] =============================
2020-06-28T12:17:35-0300 [stdout#info] ========= sensor_4 ==========
2020-06-28T12:17:35-0300 [stdout#info] sensor_4  <------->  sensor_3
2020-06-28T12:17:35-0300 [stdout#info] =============================
2020-06-28T12:17:35-0300 [-] wsn node send data - Number of events: 17
2020-06-28T12:17:35-0300 [stdout#info] ========= sensor_7 ==========
2020-06-28T12:17:35-0300 [stdout#info] sensor_7  <------->  sensor_8
2020-06-28T12:17:35-0300 [stdout#info] =============================
2020-06-28T12:17:35-0300 [-] wsn node send data - Number of events: 18
2020-06-28T12:17:35-0300 [stdout#info] ========= sensor_1 ==========
2020-06-28T12:17:35-0300 [stdout#info] sensor_1  <------->  wsn_sink
2020-06-28T12:17:35-0300 [stdout#info] sensor_1  <------->  sensor_3
2020-06-28T12:17:35-0300 [stdout#info] =============================
2020-06-28T12:17:35-0300 [-] wsn node send data - Number of events: 19
2020-06-28T12:17:35-0300 [-] wsn node send data - Number of events: 20
2020-06-28T12:17:35-0300 [stdout#info] ========= sensor_9 ==========
2020-06-28T12:17:35-0300 [stdout#info] =============================
2020-06-28T12:17:35-0300 [stdout#info] ========= sensor_3 ==========
2020-06-28T12:17:35-0300 [stdout#info] sensor_3  <------->  sensor_4
2020-06-28T12:17:35-0300 [stdout#info] sensor_3  <------->  sensor_1
2020-06-28T12:17:35-0300 [stdout#info] =============================
2020-06-28T12:17:35-0300 [-] wsn node send data - Number of events: 21
2020-06-28T12:17:35-0300 [-] wsn node send data - Number of events: 22
2020-06-28T12:17:35-0300 [-] wsn node send data - Number of events: 23
2020-06-28T12:17:35-0300 [-] wsn node send data - Number of events: 24
2020-06-28T12:17:35-0300 [stdout#info] ========= sensor_6 ==========
2020-06-28T12:17:35-0300 [stdout#info] sensor_6  <------->  sensor_5
2020-06-28T12:17:35-0300 [stdout#info] =============================
2020-06-28T12:17:35-0300 [-] wsn node send data - Number of events: 25
2020-06-28T12:17:35-0300 [stdout#info] This divice have no simulation core instance
2020-06-28T12:17:35-0300 [stdout#info] This divice have no simulation core instance
2020-06-28T12:17:35-0300 [stdout#info] This divice have no simulation core instance
2020-06-28T12:17:35-0300 [stdout#info] This divice have no simulation core instance
2020-06-28T12:17:35-0300 [Uninitialized] 127.0.0.1:33422 - Connected to mqtt broker - Number of events: 26
2020-06-28T12:17:35-0300 [Uninitialized] 127.0.0.1:33422 - sending MQTT SUBSCRIBE REQUEST - Number of events: 27
2020-06-28T12:17:35-0300 [twisted.internet.endpoints.OneShotFactory#info] Starting factory <twisted.internet.endpoints.connectProtocol.<locals>.OneShotFactory object at 0x7f4fa025d668>
2020-06-28T12:17:36-0300 [twisted.internet.endpoints.OneShotFactory#info] Starting factory <twisted.internet.endpoints.connectProtocol.<locals>.OneShotFactory object at 0x7f4fa025d7f0>
2020-06-28T12:17:36-0300 [-] Unterminated string starting at: line 1 column 1 (char 0)
2020-06-28T12:17:37-0300 [-] Unterminated string starting at: line 1 column 1 (char 0)
2020-06-28T12:17:38-0300 [-] wsn node send data - Number of events: 28
2020-06-28T12:17:38-0300 [-] wsn node send data - Number of events: 29
2020-06-28T12:17:38-0300 [-] wsn node send data - Number of events: 30
2020-06-28T12:17:38-0300 [-] wsn node send data - Number of events: 31
2020-06-28T12:17:38-0300 [-] wsn node send data - Number of events: 32
2020-06-28T12:17:38-0300 [-] wsn node send data - Number of events: 33
2020-06-28T12:17:38-0300 [-] wsn node send data - Number of events: 34
2020-06-28T12:17:38-0300 [-] wsn node send data - Number of events: 35
2020-06-28T12:17:38-0300 [-] wsn node send data - Number of events: 36
2020-06-28T12:17:38-0300 [-] wsn node send data - Number of events: 37
2020-06-28T12:17:38-0300 [-] wsn node send data - Number of events: 38
2020-06-28T12:17:38-0300 [-] wsn node send data - Number of events: 39
2020-06-28T12:17:38-0300 [-] wsn node send data - Number of events: 40
2020-06-28T12:17:38-0300 [-] Unterminated string starting at: line 1 column 1 (char 0)
2020-06-28T12:17:39-0300 [twisted.internet.endpoints.OneShotFactory#info] Starting factory <twisted.internet.endpoints.connectProtocol.<locals>.OneShotFactory object at 0x7f4fa025dc18>
2020-06-28T12:17:39-0300 [twisted.internet.endpoints.OneShotFactory#info] Stopping factory <twisted.internet.endpoints.connectProtocol.<locals>.OneShotFactory object at 0x7f4fa025d7f0>
2020-06-28T12:17:39-0300 [-] Unterminated string starting at: line 1 column 1 (char 0)
2020-06-28T12:17:40-0300 [-] Unterminated string starting at: line 1 column 1 (char 0)
2020-06-28T12:17:41-0300 [-] wsn node send data - Number of events: 41
2020-06-28T12:17:41-0300 [-] wsn node send data - Number of events: 42
2020-06-28T12:17:41-0300 [-] wsn node send data - Number of events: 43
2020-06-28T12:17:41-0300 [-] wsn node send data - Number of events: 44
2020-06-28T12:17:41-0300 [-] wsn node send data - Number of events: 45
2020-06-28T12:17:41-0300 [-] wsn node send data - Number of events: 46
2020-06-28T12:17:41-0300 [-] wsn node send data - Number of events: 47
2020-06-28T12:17:41-0300 [-] wsn node send data - Number of events: 48
2020-06-28T12:17:41-0300 [-] wsn node send data - Number of events: 49
2020-06-28T12:17:41-0300 [-] wsn node send data - Number of events: 50
2020-06-28T12:17:41-0300 [-] wsn node send data - Number of events: 51
2020-06-28T12:17:41-0300 [-] wsn node send data - Number of events: 52
2020-06-28T12:17:41-0300 [-] wsn node send data - Number of events: 53
2020-06-28T12:17:41-0300 [-] Unterminated string starting at: line 1 column 1 (char 0)
2020-06-28T12:17:42-0300 [twisted.internet.endpoints.OneShotFactory#info] Starting factory <twisted.internet.endpoints.connectProtocol.<locals>.OneShotFactory object at 0x7f4fa025db70>
2020-06-28T12:17:42-0300 [twisted.internet.endpoints.OneShotFactory#info] Stopping factory <twisted.internet.endpoints.connectProtocol.<locals>.OneShotFactory object at 0x7f4fa025dc18>
2020-06-28T12:17:42-0300 [-] Unterminated string starting at: line 1 column 1 (char 0)
2020-06-28T12:17:43-0300 [-] Unterminated string starting at: line 1 column 1 (char 0)
2020-06-28T12:17:44-0300 [-] wsn node send data - Number of events: 54
2020-06-28T12:17:44-0300 [-] wsn node send data - Number of events: 55
2020-06-28T12:17:44-0300 [-] wsn node send data - Number of events: 56
2020-06-28T12:17:44-0300 [-] wsn node send data - Number of events: 57
2020-06-28T12:17:44-0300 [-] wsn node send data - Number of events: 58
2020-06-28T12:17:44-0300 [-] wsn node send data - Number of events: 59
2020-06-28T12:17:44-0300 [-] wsn node send data - Number of events: 60
2020-06-28T12:17:44-0300 [-] wsn node send data - Number of events: 61
2020-06-28T12:17:44-0300 [-] wsn node send data - Number of events: 62
2020-06-28T12:17:44-0300 [-] wsn node send data - Number of events: 63
2020-06-28T12:17:44-0300 [-] wsn node send data - Number of events: 64
2020-06-28T12:17:44-0300 [-] wsn node send data - Number of events: 65
2020-06-28T12:17:44-0300 [-] wsn node send data - Number of events: 66
2020-06-28T12:17:44-0300 [-] Unterminated string starting at: line 1 column 1 (char 0)
2020-06-28T12:17:45-0300 [twisted.internet.endpoints.OneShotFactory#info] Starting factory <twisted.internet.endpoints.connectProtocol.<locals>.OneShotFactory object at 0x7f4fa01e11d0>
2020-06-28T12:17:45-0300 [twisted.internet.endpoints.OneShotFactory#info] Stopping factory <twisted.internet.endpoints.connectProtocol.<locals>.OneShotFactory object at 0x7f4fa025db70>
2020-06-28T12:17:45-0300 [-] Unterminated string starting at: line 1 column 1 (char 0)
2020-06-28T12:17:46-0300 [-] Unterminated string starting at: line 1 column 1 (char 0)
2020-06-28T12:17:47-0300 [-] wsn node send data - Number of events: 67
2020-06-28T12:17:47-0300 [-] wsn node send data - Number of events: 68
2020-06-28T12:17:47-0300 [-] wsn node send data - Number of events: 69
2020-06-28T12:17:47-0300 [-] wsn node send data - Number of events: 70
2020-06-28T12:17:47-0300 [-] wsn node send data - Number of events: 71
2020-06-28T12:17:47-0300 [-] wsn node send data - Number of events: 72
2020-06-28T12:17:47-0300 [-] wsn node send data - Number of events: 73
2020-06-28T12:17:47-0300 [-] wsn node send data - Number of events: 74
2020-06-28T12:17:47-0300 [-] wsn node send data - Number of events: 75
2020-06-28T12:17:47-0300 [-] wsn node send data - Number of events: 76
2020-06-28T12:17:47-0300 [-] wsn node send data - Number of events: 77
2020-06-28T12:17:47-0300 [-] wsn node send data - Number of events: 78
2020-06-28T12:17:47-0300 [-] wsn node send data - Number of events: 79
2020-06-28T12:17:47-0300 [-] Unterminated string starting at: line 1 column 1 (char 0)
2020-06-28T12:17:48-0300 [twisted.internet.endpoints.OneShotFactory#info] Starting factory <twisted.internet.endpoints.connectProtocol.<locals>.OneShotFactory object at 0x7f4fa01e12e8>
2020-06-28T12:17:48-0300 [twisted.internet.endpoints.OneShotFactory#info] Stopping factory <twisted.internet.endpoints.connectProtocol.<locals>.OneShotFactory object at 0x7f4fa01e11d0>
2020-06-28T12:17:48-0300 [-] Unterminated string starting at: line 1 column 1 (char 0)
2020-06-28T12:17:49-0300 [-] Unterminated string starting at: line 1 column 1 (char 0)
2020-06-28T12:17:50-0300 [-] wsn node send data - Number of events: 80
2020-06-28T12:17:50-0300 [-] wsn node send data - Number of events: 81
2020-06-28T12:17:50-0300 [-] wsn node send data - Number of events: 82
2020-06-28T12:17:50-0300 [-] wsn node send data - Number of events: 83
2020-06-28T12:17:50-0300 [-] wsn node send data - Number of events: 84
2020-06-28T12:17:50-0300 [-] wsn node send data - Number of events: 85
2020-06-28T12:17:50-0300 [-] wsn node send data - Number of events: 86
2020-06-28T12:17:50-0300 [-] wsn node send data - Number of events: 87
2020-06-28T12:17:50-0300 [-] wsn node send data - Number of events: 88
2020-06-28T12:17:50-0300 [-] wsn node send data - Number of events: 89
2020-06-28T12:17:50-0300 [-] wsn node send data - Number of events: 90
2020-06-28T12:17:50-0300 [-] wsn node send data - Number of events: 91
2020-06-28T12:17:50-0300 [-] wsn node send data - Number of events: 92
2020-06-28T12:17:50-0300 [-] Unterminated string starting at: line 1 column 1 (char 0)
2020-06-28T12:17:51-0300 [twisted.internet.endpoints.OneShotFactory#info] Starting factory <twisted.internet.endpoints.connectProtocol.<locals>.OneShotFactory object at 0x7f4fa01e1710>
2020-06-28T12:17:51-0300 [twisted.internet.endpoints.OneShotFactory#info] Stopping factory <twisted.internet.endpoints.connectProtocol.<locals>.OneShotFactory object at 0x7f4fa01e12e8>
2020-06-28T12:17:51-0300 [-] Unterminated string starting at: line 1 column 1 (char 0)
2020-06-28T12:17:52-0300 [-] Unterminated string starting at: line 1 column 1 (char 0)
2020-06-28T12:17:53-0300 [-] wsn node send data - Number of events: 93
2020-06-28T12:17:53-0300 [-] wsn node send data - Number of events: 94
2020-06-28T12:17:53-0300 [-] wsn node send data - Number of events: 95
2020-06-28T12:17:53-0300 [-] wsn node send data - Number of events: 96
2020-06-28T12:17:53-0300 [-] wsn node send data - Number of events: 97
2020-06-28T12:17:53-0300 [-] wsn node send data - Number of events: 98
2020-06-28T12:17:53-0300 [-] wsn node send data - Number of events: 99
2020-06-28T12:17:53-0300 [-] wsn node send data - Number of events: 100
2020-06-28T12:17:53-0300 [-] wsn node send data - Number of events: 101
2020-06-28T12:17:53-0300 [-] wsn node send data - Number of events: 102
2020-06-28T12:17:53-0300 [-] wsn node send data - Number of events: 103
2020-06-28T12:17:53-0300 [-] wsn node send data - Number of events: 104
2020-06-28T12:17:53-0300 [-] wsn node send data - Number of events: 105
2020-06-28T12:17:53-0300 [-] Unterminated string starting at: line 1 column 1 (char 0)
2020-06-28T12:17:54-0300 [twisted.internet.endpoints.OneShotFactory#info] Starting factory <twisted.internet.endpoints.connectProtocol.<locals>.OneShotFactory object at 0x7f4fa01e19e8>
2020-06-28T12:17:54-0300 [twisted.internet.endpoints.OneShotFactory#info] Stopping factory <twisted.internet.endpoints.connectProtocol.<locals>.OneShotFactory object at 0x7f4fa01e1710>
2020-06-28T12:17:54-0300 [-] Unterminated string starting at: line 1 column 1 (char 0)
2020-06-28T12:17:55-0300 [-] Unterminated string starting at: line 1 column 1 (char 0)
2020-06-28T12:17:56-0300 [-] wsn node send data - Number of events: 106
2020-06-28T12:17:56-0300 [-] wsn node send data - Number of events: 107
2020-06-28T12:17:56-0300 [-] wsn node send data - Number of events: 108
2020-06-28T12:17:56-0300 [-] wsn node send data - Number of events: 109
2020-06-28T12:17:56-0300 [-] wsn node send data - Number of events: 110
2020-06-28T12:17:56-0300 [-] wsn node send data - Number of events: 111
2020-06-28T12:17:56-0300 [-] wsn node send data - Number of events: 112
2020-06-28T12:17:56-0300 [-] wsn node send data - Number of events: 113
2020-06-28T12:17:56-0300 [-] wsn node send data - Number of events: 114
2020-06-28T12:17:56-0300 [-] wsn node send data - Number of events: 115
2020-06-28T12:17:56-0300 [-] wsn node send data - Number of events: 116
2020-06-28T12:17:56-0300 [-] wsn node send data - Number of events: 117
2020-06-28T12:17:56-0300 [-] wsn node send data - Number of events: 118
2020-06-28T12:17:56-0300 [-] Unterminated string starting at: line 1 column 1 (char 0)
2020-06-28T12:17:57-0300 [twisted.internet.endpoints.OneShotFactory#info] Starting factory <twisted.internet.endpoints.connectProtocol.<locals>.OneShotFactory object at 0x7f4fa01e1c88>
2020-06-28T12:17:57-0300 [twisted.internet.endpoints.OneShotFactory#info] Stopping factory <twisted.internet.endpoints.connectProtocol.<locals>.OneShotFactory object at 0x7f4fa01e19e8>
2020-06-28T12:17:57-0300 [-] Unterminated string starting at: line 1 column 1 (char 0)
2020-06-28T12:17:58-0300 [-] Unterminated string starting at: line 1 column 1 (char 0)
2020-06-28T12:17:59-0300 [-] wsn node send data - Number of events: 119
2020-06-28T12:17:59-0300 [-] wsn node send data - Number of events: 120
2020-06-28T12:17:59-0300 [-] wsn node send data - Number of events: 121
2020-06-28T12:17:59-0300 [-] wsn node send data - Number of events: 122
2020-06-28T12:17:59-0300 [-] wsn node send data - Number of events: 123
2020-06-28T12:17:59-0300 [-] wsn node send data - Number of events: 124
2020-06-28T12:17:59-0300 [-] wsn node send data - Number of events: 125
2020-06-28T12:17:59-0300 [-] wsn node send data - Number of events: 126
2020-06-28T12:17:59-0300 [-] wsn node send data - Number of events: 127
2020-06-28T12:17:59-0300 [-] wsn node send data - Number of events: 128
2020-06-28T12:17:59-0300 [-] wsn node send data - Number of events: 129
2020-06-28T12:17:59-0300 [-] wsn node send data - Number of events: 130
2020-06-28T12:17:59-0300 [-] wsn node send data - Number of events: 131
2020-06-28T12:17:59-0300 [-] Unterminated string starting at: line 1 column 1 (char 0)
2020-06-28T12:18:00-0300 [twisted.internet.endpoints.OneShotFactory#info] Starting factory <twisted.internet.endpoints.connectProtocol.<locals>.OneShotFactory object at 0x7f4fa01e1c50>
2020-06-28T12:18:00-0300 [twisted.internet.endpoints.OneShotFactory#info] Stopping factory <twisted.internet.endpoints.connectProtocol.<locals>.OneShotFactory object at 0x7f4fa01e1c88>
2020-06-28T12:18:00-0300 [-] Unterminated string starting at: line 1 column 1 (char 0)
2020-06-28T12:18:01-0300 [-] Unterminated string starting at: line 1 column 1 (char 0)
2020-06-28T12:18:02-0300 [-] wsn node send data - Number of events: 132
2020-06-28T12:18:02-0300 [-] wsn node send data - Number of events: 133
2020-06-28T12:18:02-0300 [-] wsn node send data - Number of events: 134
2020-06-28T12:18:02-0300 [-] wsn node send data - Number of events: 135
2020-06-28T12:18:02-0300 [-] wsn node send data - Number of events: 136
2020-06-28T12:18:02-0300 [-] wsn node send data - Number of events: 137
2020-06-28T12:18:02-0300 [-] wsn node send data - Number of events: 138
2020-06-28T12:18:02-0300 [-] wsn node send data - Number of events: 139
2020-06-28T12:18:02-0300 [-] wsn node send data - Number of events: 140
2020-06-28T12:18:02-0300 [-] wsn node send data - Number of events: 141
2020-06-28T12:18:02-0300 [-] wsn node send data - Number of events: 142
2020-06-28T12:18:02-0300 [-] wsn node send data - Number of events: 143
2020-06-28T12:18:02-0300 [-] wsn node send data - Number of events: 144
2020-06-28T12:18:02-0300 [-] Unterminated string starting at: line 1 column 1 (char 0)
2020-06-28T12:18:03-0300 [twisted.internet.endpoints.OneShotFactory#info] Starting factory <twisted.internet.endpoints.connectProtocol.<locals>.OneShotFactory object at 0x7f4fa0214048>
2020-06-28T12:18:03-0300 [twisted.internet.endpoints.OneShotFactory#info] Stopping factory <twisted.internet.endpoints.connectProtocol.<locals>.OneShotFactory object at 0x7f4fa01e1c50>
2020-06-28T12:18:03-0300 [-] Unterminated string starting at: line 1 column 1 (char 0)
2020-06-28T12:18:04-0300 [-] Unterminated string starting at: line 1 column 1 (char 0)
2020-06-28T12:18:04-0300 [-] Received SIGINT, shutting down.
2020-06-28T12:18:04-0300 [applications.routerapp.RouterFactory] (TCP Port 8081 Closed)
2020-06-28T12:18:04-0300 [SCADAApp,client] connection lost: Connection to the other side was lost in a non-clean fashion: Connection lost.
2020-06-28T12:18:04-0300 [SCADAApp,client] connection lost - Number of events: 145
2020-06-28T12:18:04-0300 [twisted.internet.endpoints.OneShotFactory#info] Stopping factory <twisted.internet.endpoints.connectProtocol.<locals>.OneShotFactory object at 0x7f4fa025d668>
2020-06-28T12:18:04-0300 [twisted.internet.endpoints.OneShotFactory#info] Stopping factory <twisted.internet.endpoints.connectProtocol.<locals>.OneShotFactory object at 0x7f4fa0214048>
2020-06-28T12:18:04-0300 [applications.mqttapp.BrokerFactory] (TCP Port 5100 Closed)
2020-06-28T12:18:04-0300 [-] Main loop terminated.
