2020-06-28T13:58:20-0300 [-] Creating router ...
2020-06-28T13:58:20-0300 [-] Initializing Router - Number of events: 1
2020-06-28T13:58:20-0300 [-] RouterFactory starting on 8081
2020-06-28T13:58:20-0300 [-] Creating AccessPoint station ...
2020-06-28T13:58:20-0300 [-] Initializing Access Point - Number of events: 2
2020-06-28T13:58:21-0300 [-] There is no wifi devices in this simulation or it is not in this wifi signal coverage area.
2020-06-28T13:58:21-0300 [-] Initializing Server - Number of events: 3
2020-06-28T13:58:22-0300 [-] BrokerFactory starting on 5100
2020-06-28T13:58:22-0300 [-] Initializing Client - Number of events: 4
2020-06-28T13:58:22-0300 [-] Initializing sink node - Number of events: 5
2020-06-28T13:58:23-0300 [-] Initializing sensor node - Number of events: 6
2020-06-28T13:58:23-0300 [-] Initializing sensor node - Number of events: 7
2020-06-28T13:58:24-0300 [-] Initializing sensor node - Number of events: 8
2020-06-28T13:58:24-0300 [-] Initializing sensor node - Number of events: 9
2020-06-28T13:58:25-0300 [-] Initializing sensor node - Number of events: 10
2020-06-28T13:58:25-0300 [-] Initializing sensor node - Number of events: 11
2020-06-28T13:58:26-0300 [-] Initializing sensor node - Number of events: 12
2020-06-28T13:58:26-0300 [-] Initializing sensor node - Number of events: 13
2020-06-28T13:58:27-0300 [-] Initializing sensor node - Number of events: 14
2020-06-28T13:58:27-0300 [stdout#info] ========= sensor_6 ==========
2020-06-28T13:58:27-0300 [stdout#info] sensor_6  <------->  sensor_5
2020-06-28T13:58:27-0300 [stdout#info] =============================
2020-06-28T13:58:27-0300 [-] wsn node send data - Number of events: 15
2020-06-28T13:58:27-0300 [stdout#info] ========= sensor_5 ==========
2020-06-28T13:58:27-0300 [stdout#info] sensor_5  <------->  sensor_6
2020-06-28T13:58:27-0300 [stdout#info] =============================
2020-06-28T13:58:27-0300 [-] wsn node send data - Number of events: 16
2020-06-28T13:58:27-0300 [stdout#info] ========= sensor_8 ==========
2020-06-28T13:58:27-0300 [stdout#info] sensor_8  <------->  sensor_7
2020-06-28T13:58:27-0300 [stdout#info] =============================
2020-06-28T13:58:27-0300 [-] wsn node send data - Number of events: 17
2020-06-28T13:58:27-0300 [stdout#info] ========= sensor_2 ==========
2020-06-28T13:58:27-0300 [stdout#info] =============================
2020-06-28T13:58:27-0300 [stdout#info] ========= sensor_4 ==========
2020-06-28T13:58:27-0300 [stdout#info] sensor_4  <------->  sensor_3
2020-06-28T13:58:27-0300 [stdout#info] =============================
2020-06-28T13:58:27-0300 [-] wsn node send data - Number of events: 18
2020-06-28T13:58:27-0300 [stdout#info] ========= sensor_7 ==========
2020-06-28T13:58:27-0300 [stdout#info] sensor_7  <------->  sensor_8
2020-06-28T13:58:27-0300 [stdout#info] =============================
2020-06-28T13:58:27-0300 [-] wsn node send data - Number of events: 19
2020-06-28T13:58:27-0300 [stdout#info] ========= sensor_1 ==========
2020-06-28T13:58:27-0300 [stdout#info] sensor_1  <------->  sensor_3
2020-06-28T13:58:27-0300 [stdout#info] sensor_1  <------->  wsn_sink
2020-06-28T13:58:27-0300 [stdout#info] =============================
2020-06-28T13:58:27-0300 [-] wsn node send data - Number of events: 20
2020-06-28T13:58:27-0300 [-] wsn node send data - Number of events: 21
2020-06-28T13:58:27-0300 [stdout#info] ========= sensor_9 ==========
2020-06-28T13:58:27-0300 [stdout#info] =============================
2020-06-28T13:58:27-0300 [stdout#info] ========= sensor_3 ==========
2020-06-28T13:58:27-0300 [stdout#info] sensor_3  <------->  sensor_4
2020-06-28T13:58:27-0300 [stdout#info] sensor_3  <------->  sensor_1
2020-06-28T13:58:27-0300 [stdout#info] =============================
2020-06-28T13:58:27-0300 [-] wsn node send data - Number of events: 22
2020-06-28T13:58:27-0300 [-] wsn node send data - Number of events: 23
2020-06-28T13:58:27-0300 [-] wsn node send data - Number of events: 24
2020-06-28T13:58:27-0300 [-] wsn node send data - Number of events: 25
2020-06-28T13:58:27-0300 [stdout#info] This divice have no simulation core instance
2020-06-28T13:58:27-0300 [stdout#info] This divice have no simulation core instance
2020-06-28T13:58:27-0300 [stdout#info] This divice have no simulation core instance
2020-06-28T13:58:27-0300 [stdout#info] This divice have no simulation core instance
2020-06-28T13:58:27-0300 [Uninitialized] 127.0.0.1:38374 - Connected to mqtt broker - Number of events: 26
2020-06-28T13:58:27-0300 [Uninitialized] 127.0.0.1:38374 - sending MQTT SUBSCRIBE REQUEST - Number of events: 27
2020-06-28T13:58:27-0300 [stdout#info] {"destiny_addr": "127.0.0.1", "destiny_port": 5100, "source_addr": "127.0.0.1", "source_port": 38374, "type": "http", "payload": {"action": "subscribe", "topic": "sensor_metering", "content": "None"}}
2020-06-28T13:58:27-0300 [twisted.internet.endpoints.OneShotFactory#info] Starting factory <twisted.internet.endpoints.connectProtocol.<locals>.OneShotFactory object at 0x7fcbd0ba5a90>
2020-06-28T13:58:27-0300 [stdout#info] {"destiny_addr": "127.0.0.1", "destiny_port": 5100, "source_addr": "127.0.0.1", "source_port": 38374, "type": "http", "payload": {"action": "subscribe", "topic": "sensor_metering", "content": "None"}}
2020-06-28T13:58:28-0300 [stdout#info] {"destiny_addr": "127.0.0.1", "destiny_port": 5100, "source_addr": "127.0.0.1", "source_port": 38376, "type": "http", "payload": {"action": "publish", "topic": "sensor_metering", "content": "[{ "source": "sensor_1", "data": "8.67 Kwh" }]"}}
2020-06-28T13:58:28-0300 [RouterAppProtocol,3,127.0.0.1] Expecting ',' delimiter: line 1 column 196 (char 195)
2020-06-28T13:58:28-0300 [RouterAppProtocol,3,127.0.0.1] Unhandled Error
	Traceback (most recent call last):
	  File "/home/rafael/iotfogsim/vm/lib/python3.6/site-packages/twisted/python/log.py", line 103, in callWithLogger
	    return callWithContext({"system": lp}, func, *args, **kw)
	  File "/home/rafael/iotfogsim/vm/lib/python3.6/site-packages/twisted/python/log.py", line 86, in callWithContext
	    return context.call({ILogContext: newCtx}, func, *args, **kw)
	  File "/home/rafael/iotfogsim/vm/lib/python3.6/site-packages/twisted/python/context.py", line 122, in callWithContext
	    return self.currentContext().callWithContext(ctx, func, *args, **kw)
	  File "/home/rafael/iotfogsim/vm/lib/python3.6/site-packages/twisted/python/context.py", line 85, in callWithContext
	    return func(*args,**kw)
	--- <exception caught here> ---
	  File "/home/rafael/iotfogsim/vm/lib/python3.6/site-packages/twisted/internet/posixbase.py", line 614, in _doReadOrWrite
	    why = selectable.doRead()
	  File "/home/rafael/iotfogsim/vm/lib/python3.6/site-packages/twisted/internet/tcp.py", line 243, in doRead
	    return self._dataReceived(data)
	  File "/home/rafael/iotfogsim/vm/lib/python3.6/site-packages/twisted/internet/tcp.py", line 249, in _dataReceived
	    rval = self.protocol.dataReceived(data)
	  File "/home/rafael/iotfogsim/scinetsim/applications/routerapp.py", line 76, in dataReceived
	    destiny_addr, destiny_port, source_addr, source_port, _type, payload = self.extract_package_contents(package)
	builtins.TypeError: 'NoneType' object is not iterable
	
2020-06-28T13:58:28-0300 [stdout#info] {"destiny_addr": "127.0.0.1", "destiny_port": 33196, "source_addr": "127.0.0.1", "source_port": 5100, "type": "http", "payload": "MQTT_ACK"}
2020-06-28T13:58:28-0300 [stdout#info] {"destiny_addr": "127.0.0.1", "destiny_port": 38374, "source_addr": "127.0.0.1", "source_port": 5100, "type": "http", "payload": "MQTT_ACK108126949624387"}
2020-06-28T13:58:30-0300 [-] wsn node send data - Number of events: 28
2020-06-28T13:58:30-0300 [-] wsn node send data - Number of events: 29
2020-06-28T13:58:30-0300 [-] wsn node send data - Number of events: 30
2020-06-28T13:58:30-0300 [-] wsn node send data - Number of events: 31
2020-06-28T13:58:30-0300 [-] wsn node send data - Number of events: 32
2020-06-28T13:58:30-0300 [-] wsn node send data - Number of events: 33
2020-06-28T13:58:30-0300 [-] wsn node send data - Number of events: 34
2020-06-28T13:58:30-0300 [-] wsn node send data - Number of events: 35
2020-06-28T13:58:30-0300 [-] wsn node send data - Number of events: 36
2020-06-28T13:58:30-0300 [-] wsn node send data - Number of events: 37
2020-06-28T13:58:30-0300 [-] wsn node send data - Number of events: 38
2020-06-28T13:58:30-0300 [-] wsn node send data - Number of events: 39
2020-06-28T13:58:30-0300 [-] wsn node send data - Number of events: 40
2020-06-28T13:58:33-0300 [-] wsn node send data - Number of events: 41
2020-06-28T13:58:33-0300 [-] wsn node send data - Number of events: 42
2020-06-28T13:58:33-0300 [-] wsn node send data - Number of events: 43
2020-06-28T13:58:33-0300 [-] wsn node send data - Number of events: 44
2020-06-28T13:58:33-0300 [-] wsn node send data - Number of events: 45
2020-06-28T13:58:33-0300 [-] wsn node send data - Number of events: 46
2020-06-28T13:58:33-0300 [-] wsn node send data - Number of events: 47
2020-06-28T13:58:33-0300 [-] wsn node send data - Number of events: 48
2020-06-28T13:58:33-0300 [-] wsn node send data - Number of events: 49
2020-06-28T13:58:33-0300 [-] wsn node send data - Number of events: 50
2020-06-28T13:58:33-0300 [-] wsn node send data - Number of events: 51
2020-06-28T13:58:33-0300 [-] wsn node send data - Number of events: 52
2020-06-28T13:58:33-0300 [-] wsn node send data - Number of events: 53
2020-06-28T13:58:36-0300 [-] wsn node send data - Number of events: 54
2020-06-28T13:58:36-0300 [-] wsn node send data - Number of events: 55
2020-06-28T13:58:36-0300 [-] wsn node send data - Number of events: 56
2020-06-28T13:58:36-0300 [-] wsn node send data - Number of events: 57
2020-06-28T13:58:36-0300 [-] wsn node send data - Number of events: 58
2020-06-28T13:58:36-0300 [-] wsn node send data - Number of events: 59
2020-06-28T13:58:36-0300 [-] wsn node send data - Number of events: 60
2020-06-28T13:58:36-0300 [-] wsn node send data - Number of events: 61
2020-06-28T13:58:36-0300 [-] wsn node send data - Number of events: 62
2020-06-28T13:58:36-0300 [-] wsn node send data - Number of events: 63
2020-06-28T13:58:36-0300 [-] wsn node send data - Number of events: 64
2020-06-28T13:58:36-0300 [-] wsn node send data - Number of events: 65
2020-06-28T13:58:36-0300 [-] wsn node send data - Number of events: 66
2020-06-28T13:58:39-0300 [-] wsn node send data - Number of events: 67
2020-06-28T13:58:39-0300 [-] wsn node send data - Number of events: 68
2020-06-28T13:58:39-0300 [-] wsn node send data - Number of events: 69
2020-06-28T13:58:39-0300 [-] wsn node send data - Number of events: 70
2020-06-28T13:58:39-0300 [-] wsn node send data - Number of events: 71
2020-06-28T13:58:39-0300 [-] wsn node send data - Number of events: 72
2020-06-28T13:58:39-0300 [-] wsn node send data - Number of events: 73
2020-06-28T13:58:39-0300 [-] wsn node send data - Number of events: 74
2020-06-28T13:58:39-0300 [-] wsn node send data - Number of events: 75
2020-06-28T13:58:39-0300 [-] wsn node send data - Number of events: 76
2020-06-28T13:58:39-0300 [-] wsn node send data - Number of events: 77
2020-06-28T13:58:39-0300 [-] wsn node send data - Number of events: 78
2020-06-28T13:58:39-0300 [-] wsn node send data - Number of events: 79
2020-06-28T13:58:42-0300 [-] wsn node send data - Number of events: 80
2020-06-28T13:58:42-0300 [-] wsn node send data - Number of events: 81
2020-06-28T13:58:42-0300 [-] wsn node send data - Number of events: 82
2020-06-28T13:58:42-0300 [-] wsn node send data - Number of events: 83
2020-06-28T13:58:42-0300 [-] wsn node send data - Number of events: 84
2020-06-28T13:58:42-0300 [-] wsn node send data - Number of events: 85
2020-06-28T13:58:42-0300 [-] wsn node send data - Number of events: 86
2020-06-28T13:58:42-0300 [-] wsn node send data - Number of events: 87
2020-06-28T13:58:42-0300 [-] wsn node send data - Number of events: 88
2020-06-28T13:58:42-0300 [-] wsn node send data - Number of events: 89
2020-06-28T13:58:42-0300 [-] wsn node send data - Number of events: 90
2020-06-28T13:58:42-0300 [-] wsn node send data - Number of events: 91
2020-06-28T13:58:42-0300 [-] wsn node send data - Number of events: 92
2020-06-28T13:58:45-0300 [-] wsn node send data - Number of events: 93
2020-06-28T13:58:45-0300 [-] wsn node send data - Number of events: 94
2020-06-28T13:58:45-0300 [-] wsn node send data - Number of events: 95
2020-06-28T13:58:45-0300 [-] wsn node send data - Number of events: 96
2020-06-28T13:58:45-0300 [-] wsn node send data - Number of events: 97
2020-06-28T13:58:45-0300 [-] wsn node send data - Number of events: 98
2020-06-28T13:58:45-0300 [-] wsn node send data - Number of events: 99
2020-06-28T13:58:45-0300 [-] wsn node send data - Number of events: 100
2020-06-28T13:58:45-0300 [-] wsn node send data - Number of events: 101
2020-06-28T13:58:45-0300 [-] wsn node send data - Number of events: 102
2020-06-28T13:58:45-0300 [-] wsn node send data - Number of events: 103
2020-06-28T13:58:45-0300 [-] wsn node send data - Number of events: 104
2020-06-28T13:58:45-0300 [-] wsn node send data - Number of events: 105
2020-06-28T13:58:48-0300 [-] wsn node send data - Number of events: 106
2020-06-28T13:58:48-0300 [-] wsn node send data - Number of events: 107
2020-06-28T13:58:48-0300 [-] wsn node send data - Number of events: 108
2020-06-28T13:58:48-0300 [-] wsn node send data - Number of events: 109
2020-06-28T13:58:48-0300 [-] wsn node send data - Number of events: 110
2020-06-28T13:58:48-0300 [-] wsn node send data - Number of events: 111
2020-06-28T13:58:48-0300 [-] wsn node send data - Number of events: 112
2020-06-28T13:58:48-0300 [-] wsn node send data - Number of events: 113
2020-06-28T13:58:48-0300 [-] wsn node send data - Number of events: 114
2020-06-28T13:58:48-0300 [-] wsn node send data - Number of events: 115
2020-06-28T13:58:48-0300 [-] wsn node send data - Number of events: 116
2020-06-28T13:58:48-0300 [-] wsn node send data - Number of events: 117
2020-06-28T13:58:48-0300 [-] wsn node send data - Number of events: 118
2020-06-28T13:58:51-0300 [-] wsn node send data - Number of events: 119
2020-06-28T13:58:51-0300 [-] wsn node send data - Number of events: 120
2020-06-28T13:58:51-0300 [-] wsn node send data - Number of events: 121
2020-06-28T13:58:51-0300 [-] wsn node send data - Number of events: 122
2020-06-28T13:58:51-0300 [-] wsn node send data - Number of events: 123
2020-06-28T13:58:51-0300 [-] wsn node send data - Number of events: 124
2020-06-28T13:58:51-0300 [-] wsn node send data - Number of events: 125
2020-06-28T13:58:51-0300 [-] wsn node send data - Number of events: 126
2020-06-28T13:58:51-0300 [-] wsn node send data - Number of events: 127
2020-06-28T13:58:51-0300 [-] wsn node send data - Number of events: 128
2020-06-28T13:58:51-0300 [-] wsn node send data - Number of events: 129
2020-06-28T13:58:51-0300 [-] wsn node send data - Number of events: 130
2020-06-28T13:58:51-0300 [-] wsn node send data - Number of events: 131
2020-06-28T13:58:54-0300 [-] wsn node send data - Number of events: 132
2020-06-28T13:58:54-0300 [-] wsn node send data - Number of events: 133
2020-06-28T13:58:54-0300 [-] wsn node send data - Number of events: 134
2020-06-28T13:58:54-0300 [-] wsn node send data - Number of events: 135
2020-06-28T13:58:54-0300 [-] wsn node send data - Number of events: 136
2020-06-28T13:58:54-0300 [-] wsn node send data - Number of events: 137
2020-06-28T13:58:54-0300 [-] wsn node send data - Number of events: 138
2020-06-28T13:58:54-0300 [-] wsn node send data - Number of events: 139
2020-06-28T13:58:54-0300 [-] wsn node send data - Number of events: 140
2020-06-28T13:58:54-0300 [-] wsn node send data - Number of events: 141
2020-06-28T13:58:54-0300 [-] wsn node send data - Number of events: 142
2020-06-28T13:58:54-0300 [-] wsn node send data - Number of events: 143
2020-06-28T13:58:54-0300 [-] wsn node send data - Number of events: 144
2020-06-28T13:58:57-0300 [-] wsn node send data - Number of events: 145
2020-06-28T13:58:57-0300 [-] wsn node send data - Number of events: 146
2020-06-28T13:58:57-0300 [-] wsn node send data - Number of events: 147
2020-06-28T13:58:57-0300 [-] wsn node send data - Number of events: 148
2020-06-28T13:58:57-0300 [-] wsn node send data - Number of events: 149
2020-06-28T13:58:57-0300 [-] wsn node send data - Number of events: 150
2020-06-28T13:58:57-0300 [-] wsn node send data - Number of events: 151
2020-06-28T13:58:57-0300 [-] wsn node send data - Number of events: 152
2020-06-28T13:58:57-0300 [-] wsn node send data - Number of events: 153
2020-06-28T13:58:57-0300 [-] wsn node send data - Number of events: 154
2020-06-28T13:58:57-0300 [-] wsn node send data - Number of events: 155
2020-06-28T13:58:57-0300 [-] wsn node send data - Number of events: 156
2020-06-28T13:58:57-0300 [-] wsn node send data - Number of events: 157
2020-06-28T13:59:00-0300 [-] wsn node send data - Number of events: 158
2020-06-28T13:59:00-0300 [-] wsn node send data - Number of events: 159
2020-06-28T13:59:00-0300 [-] wsn node send data - Number of events: 160
2020-06-28T13:59:00-0300 [-] wsn node send data - Number of events: 161
2020-06-28T13:59:00-0300 [-] wsn node send data - Number of events: 162
2020-06-28T13:59:00-0300 [-] wsn node send data - Number of events: 163
2020-06-28T13:59:00-0300 [-] wsn node send data - Number of events: 164
2020-06-28T13:59:00-0300 [-] wsn node send data - Number of events: 165
2020-06-28T13:59:00-0300 [-] wsn node send data - Number of events: 166
2020-06-28T13:59:00-0300 [-] wsn node send data - Number of events: 167
2020-06-28T13:59:00-0300 [-] wsn node send data - Number of events: 168
2020-06-28T13:59:00-0300 [-] wsn node send data - Number of events: 169
2020-06-28T13:59:00-0300 [-] wsn node send data - Number of events: 170
2020-06-28T13:59:03-0300 [-] wsn node send data - Number of events: 171
2020-06-28T13:59:03-0300 [-] wsn node send data - Number of events: 172
2020-06-28T13:59:03-0300 [-] wsn node send data - Number of events: 173
2020-06-28T13:59:03-0300 [-] wsn node send data - Number of events: 174
2020-06-28T13:59:03-0300 [-] wsn node send data - Number of events: 175
2020-06-28T13:59:03-0300 [-] wsn node send data - Number of events: 176
2020-06-28T13:59:03-0300 [-] wsn node send data - Number of events: 177
2020-06-28T13:59:03-0300 [-] wsn node send data - Number of events: 178
2020-06-28T13:59:03-0300 [-] wsn node send data - Number of events: 179
2020-06-28T13:59:03-0300 [-] wsn node send data - Number of events: 180
2020-06-28T13:59:03-0300 [-] wsn node send data - Number of events: 181
2020-06-28T13:59:03-0300 [-] wsn node send data - Number of events: 182
2020-06-28T13:59:03-0300 [-] wsn node send data - Number of events: 183
2020-06-28T13:59:06-0300 [-] wsn node send data - Number of events: 184
2020-06-28T13:59:06-0300 [-] wsn node send data - Number of events: 185
2020-06-28T13:59:06-0300 [-] wsn node send data - Number of events: 186
2020-06-28T13:59:06-0300 [-] wsn node send data - Number of events: 187
2020-06-28T13:59:06-0300 [-] wsn node send data - Number of events: 188
2020-06-28T13:59:06-0300 [-] wsn node send data - Number of events: 189
2020-06-28T13:59:06-0300 [-] wsn node send data - Number of events: 190
2020-06-28T13:59:06-0300 [-] wsn node send data - Number of events: 191
2020-06-28T13:59:06-0300 [-] wsn node send data - Number of events: 192
2020-06-28T13:59:06-0300 [-] wsn node send data - Number of events: 193
2020-06-28T13:59:06-0300 [-] wsn node send data - Number of events: 194
2020-06-28T13:59:06-0300 [-] wsn node send data - Number of events: 195
2020-06-28T13:59:06-0300 [-] wsn node send data - Number of events: 196
2020-06-28T13:59:09-0300 [-] wsn node send data - Number of events: 197
2020-06-28T13:59:09-0300 [-] wsn node send data - Number of events: 198
2020-06-28T13:59:09-0300 [-] wsn node send data - Number of events: 199
2020-06-28T13:59:09-0300 [-] wsn node send data - Number of events: 200
2020-06-28T13:59:09-0300 [-] wsn node send data - Number of events: 201
2020-06-28T13:59:09-0300 [-] wsn node send data - Number of events: 202
2020-06-28T13:59:09-0300 [-] wsn node send data - Number of events: 203
2020-06-28T13:59:09-0300 [-] wsn node send data - Number of events: 204
2020-06-28T13:59:09-0300 [-] wsn node send data - Number of events: 205
2020-06-28T13:59:09-0300 [-] wsn node send data - Number of events: 206
2020-06-28T13:59:09-0300 [-] wsn node send data - Number of events: 207
2020-06-28T13:59:09-0300 [-] wsn node send data - Number of events: 208
2020-06-28T13:59:09-0300 [-] wsn node send data - Number of events: 209
2020-06-28T13:59:12-0300 [-] wsn node send data - Number of events: 210
2020-06-28T13:59:12-0300 [-] wsn node send data - Number of events: 211
2020-06-28T13:59:12-0300 [-] wsn node send data - Number of events: 212
2020-06-28T13:59:12-0300 [-] wsn node send data - Number of events: 213
2020-06-28T13:59:12-0300 [-] wsn node send data - Number of events: 214
2020-06-28T13:59:12-0300 [-] wsn node send data - Number of events: 215
2020-06-28T13:59:12-0300 [-] wsn node send data - Number of events: 216
2020-06-28T13:59:12-0300 [-] wsn node send data - Number of events: 217
2020-06-28T13:59:12-0300 [-] wsn node send data - Number of events: 218
2020-06-28T13:59:12-0300 [-] wsn node send data - Number of events: 219
2020-06-28T13:59:12-0300 [-] wsn node send data - Number of events: 220
2020-06-28T13:59:12-0300 [-] wsn node send data - Number of events: 221
2020-06-28T13:59:12-0300 [-] wsn node send data - Number of events: 222
2020-06-28T13:59:15-0300 [-] wsn node send data - Number of events: 223
2020-06-28T13:59:15-0300 [-] wsn node send data - Number of events: 224
2020-06-28T13:59:15-0300 [-] wsn node send data - Number of events: 225
2020-06-28T13:59:15-0300 [-] wsn node send data - Number of events: 226
2020-06-28T13:59:15-0300 [-] wsn node send data - Number of events: 227
2020-06-28T13:59:15-0300 [-] wsn node send data - Number of events: 228
2020-06-28T13:59:15-0300 [-] wsn node send data - Number of events: 229
2020-06-28T13:59:15-0300 [-] wsn node send data - Number of events: 230
2020-06-28T13:59:15-0300 [-] wsn node send data - Number of events: 231
2020-06-28T13:59:15-0300 [-] wsn node send data - Number of events: 232
2020-06-28T13:59:15-0300 [-] wsn node send data - Number of events: 233
2020-06-28T13:59:15-0300 [-] wsn node send data - Number of events: 234
2020-06-28T13:59:15-0300 [-] wsn node send data - Number of events: 235
2020-06-28T13:59:18-0300 [-] wsn node send data - Number of events: 236
2020-06-28T13:59:18-0300 [-] wsn node send data - Number of events: 237
2020-06-28T13:59:18-0300 [-] wsn node send data - Number of events: 238
2020-06-28T13:59:18-0300 [-] wsn node send data - Number of events: 239
2020-06-28T13:59:18-0300 [-] wsn node send data - Number of events: 240
2020-06-28T13:59:18-0300 [-] wsn node send data - Number of events: 241
2020-06-28T13:59:18-0300 [-] wsn node send data - Number of events: 242
2020-06-28T13:59:18-0300 [-] wsn node send data - Number of events: 243
2020-06-28T13:59:18-0300 [-] wsn node send data - Number of events: 244
2020-06-28T13:59:18-0300 [-] wsn node send data - Number of events: 245
2020-06-28T13:59:18-0300 [-] wsn node send data - Number of events: 246
2020-06-28T13:59:18-0300 [-] wsn node send data - Number of events: 247
2020-06-28T13:59:18-0300 [-] wsn node send data - Number of events: 248
2020-06-28T13:59:21-0300 [-] wsn node send data - Number of events: 249
2020-06-28T13:59:21-0300 [-] wsn node send data - Number of events: 250
2020-06-28T13:59:21-0300 [-] wsn node send data - Number of events: 251
2020-06-28T13:59:21-0300 [-] wsn node send data - Number of events: 252
2020-06-28T13:59:21-0300 [-] wsn node send data - Number of events: 253
2020-06-28T13:59:21-0300 [-] wsn node send data - Number of events: 254
2020-06-28T13:59:21-0300 [-] wsn node send data - Number of events: 255
2020-06-28T13:59:21-0300 [-] wsn node send data - Number of events: 256
2020-06-28T13:59:21-0300 [-] wsn node send data - Number of events: 257
2020-06-28T13:59:21-0300 [-] wsn node send data - Number of events: 258
2020-06-28T13:59:21-0300 [-] wsn node send data - Number of events: 259
2020-06-28T13:59:21-0300 [-] wsn node send data - Number of events: 260
2020-06-28T13:59:21-0300 [-] wsn node send data - Number of events: 261
2020-06-28T13:59:24-0300 [-] wsn node send data - Number of events: 262
2020-06-28T13:59:24-0300 [-] wsn node send data - Number of events: 263
2020-06-28T13:59:24-0300 [-] wsn node send data - Number of events: 264
2020-06-28T13:59:24-0300 [-] wsn node send data - Number of events: 265
2020-06-28T13:59:24-0300 [-] wsn node send data - Number of events: 266
2020-06-28T13:59:24-0300 [-] wsn node send data - Number of events: 267
2020-06-28T13:59:24-0300 [-] wsn node send data - Number of events: 268
2020-06-28T13:59:24-0300 [-] wsn node send data - Number of events: 269
2020-06-28T13:59:24-0300 [-] wsn node send data - Number of events: 270
2020-06-28T13:59:24-0300 [-] wsn node send data - Number of events: 271
2020-06-28T13:59:24-0300 [-] wsn node send data - Number of events: 272
2020-06-28T13:59:24-0300 [-] wsn node send data - Number of events: 273
2020-06-28T13:59:24-0300 [-] wsn node send data - Number of events: 274
2020-06-28T13:59:27-0300 [-] wsn node send data - Number of events: 275
2020-06-28T13:59:27-0300 [-] wsn node send data - Number of events: 276
2020-06-28T13:59:27-0300 [-] wsn node send data - Number of events: 277
2020-06-28T13:59:27-0300 [-] wsn node send data - Number of events: 278
2020-06-28T13:59:27-0300 [-] wsn node send data - Number of events: 279
2020-06-28T13:59:27-0300 [-] wsn node send data - Number of events: 280
2020-06-28T13:59:27-0300 [-] wsn node send data - Number of events: 281
2020-06-28T13:59:27-0300 [-] wsn node send data - Number of events: 282
2020-06-28T13:59:27-0300 [-] wsn node send data - Number of events: 283
2020-06-28T13:59:27-0300 [-] wsn node send data - Number of events: 284
2020-06-28T13:59:27-0300 [-] wsn node send data - Number of events: 285
2020-06-28T13:59:27-0300 [-] wsn node send data - Number of events: 286
2020-06-28T13:59:27-0300 [-] wsn node send data - Number of events: 287
2020-06-28T13:59:30-0300 [-] wsn node send data - Number of events: 288
2020-06-28T13:59:30-0300 [-] wsn node send data - Number of events: 289
2020-06-28T13:59:30-0300 [-] wsn node send data - Number of events: 290
2020-06-28T13:59:30-0300 [-] wsn node send data - Number of events: 291
2020-06-28T13:59:30-0300 [-] wsn node send data - Number of events: 292
2020-06-28T13:59:30-0300 [-] wsn node send data - Number of events: 293
2020-06-28T13:59:30-0300 [-] wsn node send data - Number of events: 294
2020-06-28T13:59:30-0300 [-] wsn node send data - Number of events: 295
2020-06-28T13:59:30-0300 [-] wsn node send data - Number of events: 296
2020-06-28T13:59:30-0300 [-] wsn node send data - Number of events: 297
2020-06-28T13:59:30-0300 [-] wsn node send data - Number of events: 298
2020-06-28T13:59:30-0300 [-] wsn node send data - Number of events: 299
2020-06-28T13:59:30-0300 [-] wsn node send data - Number of events: 300
2020-06-28T13:59:33-0300 [-] wsn node send data - Number of events: 301
2020-06-28T13:59:33-0300 [-] wsn node send data - Number of events: 302
2020-06-28T13:59:33-0300 [-] wsn node send data - Number of events: 303
2020-06-28T13:59:33-0300 [-] wsn node send data - Number of events: 304
2020-06-28T13:59:33-0300 [-] wsn node send data - Number of events: 305
2020-06-28T13:59:33-0300 [-] wsn node send data - Number of events: 306
2020-06-28T13:59:33-0300 [-] wsn node send data - Number of events: 307
2020-06-28T13:59:33-0300 [-] wsn node send data - Number of events: 308
2020-06-28T13:59:33-0300 [-] wsn node send data - Number of events: 309
2020-06-28T13:59:33-0300 [-] wsn node send data - Number of events: 310
2020-06-28T13:59:33-0300 [-] wsn node send data - Number of events: 311
2020-06-28T13:59:33-0300 [-] wsn node send data - Number of events: 312
2020-06-28T13:59:33-0300 [-] wsn node send data - Number of events: 313
2020-06-28T13:59:36-0300 [-] wsn node send data - Number of events: 314
2020-06-28T13:59:36-0300 [-] wsn node send data - Number of events: 315
2020-06-28T13:59:36-0300 [-] wsn node send data - Number of events: 316
2020-06-28T13:59:36-0300 [-] wsn node send data - Number of events: 317
2020-06-28T13:59:36-0300 [-] wsn node send data - Number of events: 318
2020-06-28T13:59:36-0300 [-] wsn node send data - Number of events: 319
2020-06-28T13:59:36-0300 [-] wsn node send data - Number of events: 320
2020-06-28T13:59:36-0300 [-] wsn node send data - Number of events: 321
2020-06-28T13:59:36-0300 [-] wsn node send data - Number of events: 322
2020-06-28T13:59:36-0300 [-] wsn node send data - Number of events: 323
2020-06-28T13:59:36-0300 [-] wsn node send data - Number of events: 324
2020-06-28T13:59:36-0300 [-] wsn node send data - Number of events: 325
2020-06-28T13:59:36-0300 [-] wsn node send data - Number of events: 326
2020-06-28T13:59:39-0300 [-] wsn node send data - Number of events: 327
2020-06-28T13:59:39-0300 [-] wsn node send data - Number of events: 328
2020-06-28T13:59:39-0300 [-] wsn node send data - Number of events: 329
2020-06-28T13:59:39-0300 [-] wsn node send data - Number of events: 330
2020-06-28T13:59:39-0300 [-] wsn node send data - Number of events: 331
2020-06-28T13:59:39-0300 [-] wsn node send data - Number of events: 332
2020-06-28T13:59:39-0300 [-] wsn node send data - Number of events: 333
2020-06-28T13:59:39-0300 [-] wsn node send data - Number of events: 334
2020-06-28T13:59:39-0300 [-] wsn node send data - Number of events: 335
2020-06-28T13:59:39-0300 [-] wsn node send data - Number of events: 336
2020-06-28T13:59:39-0300 [-] wsn node send data - Number of events: 337
2020-06-28T13:59:39-0300 [-] wsn node send data - Number of events: 338
2020-06-28T13:59:39-0300 [-] wsn node send data - Number of events: 339
2020-06-28T13:59:42-0300 [-] wsn node send data - Number of events: 340
2020-06-28T13:59:42-0300 [-] wsn node send data - Number of events: 341
2020-06-28T13:59:42-0300 [-] wsn node send data - Number of events: 342
2020-06-28T13:59:42-0300 [-] wsn node send data - Number of events: 343
2020-06-28T13:59:42-0300 [-] wsn node send data - Number of events: 344
2020-06-28T13:59:42-0300 [-] wsn node send data - Number of events: 345
2020-06-28T13:59:42-0300 [-] wsn node send data - Number of events: 346
2020-06-28T13:59:42-0300 [-] wsn node send data - Number of events: 347
2020-06-28T13:59:42-0300 [-] wsn node send data - Number of events: 348
2020-06-28T13:59:42-0300 [-] wsn node send data - Number of events: 349
2020-06-28T13:59:42-0300 [-] wsn node send data - Number of events: 350
2020-06-28T13:59:42-0300 [-] wsn node send data - Number of events: 351
2020-06-28T13:59:42-0300 [-] wsn node send data - Number of events: 352
2020-06-28T13:59:45-0300 [-] wsn node send data - Number of events: 353
2020-06-28T13:59:45-0300 [-] wsn node send data - Number of events: 354
2020-06-28T13:59:45-0300 [-] wsn node send data - Number of events: 355
2020-06-28T13:59:45-0300 [-] wsn node send data - Number of events: 356
2020-06-28T13:59:45-0300 [-] wsn node send data - Number of events: 357
2020-06-28T13:59:45-0300 [-] wsn node send data - Number of events: 358
2020-06-28T13:59:45-0300 [-] wsn node send data - Number of events: 359
2020-06-28T13:59:45-0300 [-] wsn node send data - Number of events: 360
2020-06-28T13:59:45-0300 [-] wsn node send data - Number of events: 361
2020-06-28T13:59:45-0300 [-] wsn node send data - Number of events: 362
2020-06-28T13:59:45-0300 [-] wsn node send data - Number of events: 363
2020-06-28T13:59:45-0300 [-] wsn node send data - Number of events: 364
2020-06-28T13:59:45-0300 [-] wsn node send data - Number of events: 365
2020-06-28T13:59:48-0300 [-] wsn node send data - Number of events: 366
2020-06-28T13:59:48-0300 [-] wsn node send data - Number of events: 367
2020-06-28T13:59:48-0300 [-] wsn node send data - Number of events: 368
2020-06-28T13:59:48-0300 [-] wsn node send data - Number of events: 369
2020-06-28T13:59:48-0300 [-] wsn node send data - Number of events: 370
2020-06-28T13:59:48-0300 [-] wsn node send data - Number of events: 371
2020-06-28T13:59:48-0300 [-] wsn node send data - Number of events: 372
2020-06-28T13:59:48-0300 [-] wsn node send data - Number of events: 373
2020-06-28T13:59:48-0300 [-] wsn node send data - Number of events: 374
2020-06-28T13:59:48-0300 [-] wsn node send data - Number of events: 375
2020-06-28T13:59:48-0300 [-] wsn node send data - Number of events: 376
2020-06-28T13:59:48-0300 [-] wsn node send data - Number of events: 377
2020-06-28T13:59:48-0300 [-] wsn node send data - Number of events: 378
2020-06-28T13:59:51-0300 [-] wsn node send data - Number of events: 379
2020-06-28T13:59:51-0300 [-] wsn node send data - Number of events: 380
2020-06-28T13:59:51-0300 [-] wsn node send data - Number of events: 381
2020-06-28T13:59:51-0300 [-] wsn node send data - Number of events: 382
2020-06-28T13:59:51-0300 [-] wsn node send data - Number of events: 383
2020-06-28T13:59:51-0300 [-] wsn node send data - Number of events: 384
2020-06-28T13:59:51-0300 [-] wsn node send data - Number of events: 385
2020-06-28T13:59:51-0300 [-] wsn node send data - Number of events: 386
2020-06-28T13:59:51-0300 [-] wsn node send data - Number of events: 387
2020-06-28T13:59:51-0300 [-] wsn node send data - Number of events: 388
2020-06-28T13:59:51-0300 [-] wsn node send data - Number of events: 389
2020-06-28T13:59:51-0300 [-] wsn node send data - Number of events: 390
2020-06-28T13:59:51-0300 [-] wsn node send data - Number of events: 391
2020-06-28T13:59:54-0300 [-] wsn node send data - Number of events: 392
2020-06-28T13:59:54-0300 [-] wsn node send data - Number of events: 393
2020-06-28T13:59:54-0300 [-] wsn node send data - Number of events: 394
2020-06-28T13:59:54-0300 [-] wsn node send data - Number of events: 395
2020-06-28T13:59:54-0300 [-] wsn node send data - Number of events: 396
2020-06-28T13:59:54-0300 [-] wsn node send data - Number of events: 397
2020-06-28T13:59:54-0300 [-] wsn node send data - Number of events: 398
2020-06-28T13:59:54-0300 [-] wsn node send data - Number of events: 399
2020-06-28T13:59:54-0300 [-] wsn node send data - Number of events: 400
2020-06-28T13:59:54-0300 [-] wsn node send data - Number of events: 401
2020-06-28T13:59:54-0300 [-] wsn node send data - Number of events: 402
2020-06-28T13:59:54-0300 [-] wsn node send data - Number of events: 403
2020-06-28T13:59:54-0300 [-] wsn node send data - Number of events: 404
2020-06-28T13:59:57-0300 [-] wsn node send data - Number of events: 405
2020-06-28T13:59:57-0300 [-] wsn node send data - Number of events: 406
2020-06-28T13:59:57-0300 [-] wsn node send data - Number of events: 407
2020-06-28T13:59:57-0300 [-] wsn node send data - Number of events: 408
2020-06-28T13:59:57-0300 [-] wsn node send data - Number of events: 409
2020-06-28T13:59:57-0300 [-] wsn node send data - Number of events: 410
2020-06-28T13:59:57-0300 [-] wsn node send data - Number of events: 411
2020-06-28T13:59:57-0300 [-] wsn node send data - Number of events: 412
2020-06-28T13:59:57-0300 [-] wsn node send data - Number of events: 413
2020-06-28T13:59:57-0300 [-] wsn node send data - Number of events: 414
2020-06-28T13:59:57-0300 [-] wsn node send data - Number of events: 415
2020-06-28T13:59:57-0300 [-] wsn node send data - Number of events: 416
2020-06-28T13:59:57-0300 [-] wsn node send data - Number of events: 417
2020-06-28T14:00:00-0300 [-] wsn node send data - Number of events: 418
2020-06-28T14:00:00-0300 [-] wsn node send data - Number of events: 419
2020-06-28T14:00:00-0300 [-] wsn node send data - Number of events: 420
2020-06-28T14:00:00-0300 [-] wsn node send data - Number of events: 421
2020-06-28T14:00:00-0300 [-] wsn node send data - Number of events: 422
2020-06-28T14:00:00-0300 [-] wsn node send data - Number of events: 423
2020-06-28T14:00:00-0300 [-] wsn node send data - Number of events: 424
2020-06-28T14:00:00-0300 [-] wsn node send data - Number of events: 425
2020-06-28T14:00:00-0300 [-] wsn node send data - Number of events: 426
2020-06-28T14:00:00-0300 [-] wsn node send data - Number of events: 427
2020-06-28T14:00:00-0300 [-] wsn node send data - Number of events: 428
2020-06-28T14:00:00-0300 [-] wsn node send data - Number of events: 429
2020-06-28T14:00:00-0300 [-] wsn node send data - Number of events: 430
2020-06-28T14:00:03-0300 [-] wsn node send data - Number of events: 431
2020-06-28T14:00:03-0300 [-] wsn node send data - Number of events: 432
2020-06-28T14:00:03-0300 [-] wsn node send data - Number of events: 433
2020-06-28T14:00:03-0300 [-] wsn node send data - Number of events: 434
2020-06-28T14:00:03-0300 [-] wsn node send data - Number of events: 435
2020-06-28T14:00:03-0300 [-] wsn node send data - Number of events: 436
2020-06-28T14:00:03-0300 [-] wsn node send data - Number of events: 437
2020-06-28T14:00:03-0300 [-] wsn node send data - Number of events: 438
2020-06-28T14:00:03-0300 [-] wsn node send data - Number of events: 439
2020-06-28T14:00:03-0300 [-] wsn node send data - Number of events: 440
2020-06-28T14:00:03-0300 [-] wsn node send data - Number of events: 441
2020-06-28T14:00:03-0300 [-] wsn node send data - Number of events: 442
2020-06-28T14:00:03-0300 [-] wsn node send data - Number of events: 443
2020-06-28T14:00:06-0300 [-] wsn node send data - Number of events: 444
2020-06-28T14:00:06-0300 [-] wsn node send data - Number of events: 445
2020-06-28T14:00:06-0300 [-] wsn node send data - Number of events: 446
2020-06-28T14:00:06-0300 [-] wsn node send data - Number of events: 447
2020-06-28T14:00:06-0300 [-] wsn node send data - Number of events: 448
2020-06-28T14:00:06-0300 [-] wsn node send data - Number of events: 449
2020-06-28T14:00:06-0300 [-] wsn node send data - Number of events: 450
2020-06-28T14:00:06-0300 [-] wsn node send data - Number of events: 451
2020-06-28T14:00:06-0300 [-] wsn node send data - Number of events: 452
2020-06-28T14:00:06-0300 [-] wsn node send data - Number of events: 453
2020-06-28T14:00:06-0300 [-] wsn node send data - Number of events: 454
2020-06-28T14:00:06-0300 [-] wsn node send data - Number of events: 455
2020-06-28T14:00:06-0300 [-] wsn node send data - Number of events: 456
2020-06-28T14:00:09-0300 [-] wsn node send data - Number of events: 457
2020-06-28T14:00:09-0300 [-] wsn node send data - Number of events: 458
2020-06-28T14:00:09-0300 [-] wsn node send data - Number of events: 459
2020-06-28T14:00:09-0300 [-] wsn node send data - Number of events: 460
2020-06-28T14:00:09-0300 [-] wsn node send data - Number of events: 461
2020-06-28T14:00:09-0300 [-] wsn node send data - Number of events: 462
2020-06-28T14:00:09-0300 [-] wsn node send data - Number of events: 463
2020-06-28T14:00:09-0300 [-] wsn node send data - Number of events: 464
2020-06-28T14:00:09-0300 [-] wsn node send data - Number of events: 465
2020-06-28T14:00:09-0300 [-] wsn node send data - Number of events: 466
2020-06-28T14:00:09-0300 [-] wsn node send data - Number of events: 467
2020-06-28T14:00:09-0300 [-] wsn node send data - Number of events: 468
2020-06-28T14:00:09-0300 [-] wsn node send data - Number of events: 469
2020-06-28T14:00:12-0300 [-] wsn node send data - Number of events: 470
2020-06-28T14:00:12-0300 [-] wsn node send data - Number of events: 471
2020-06-28T14:00:12-0300 [-] wsn node send data - Number of events: 472
2020-06-28T14:00:12-0300 [-] wsn node send data - Number of events: 473
2020-06-28T14:00:12-0300 [-] wsn node send data - Number of events: 474
2020-06-28T14:00:12-0300 [-] wsn node send data - Number of events: 475
2020-06-28T14:00:12-0300 [-] wsn node send data - Number of events: 476
2020-06-28T14:00:12-0300 [-] wsn node send data - Number of events: 477
2020-06-28T14:00:12-0300 [-] wsn node send data - Number of events: 478
2020-06-28T14:00:12-0300 [-] wsn node send data - Number of events: 479
2020-06-28T14:00:12-0300 [-] wsn node send data - Number of events: 480
2020-06-28T14:00:12-0300 [-] wsn node send data - Number of events: 481
2020-06-28T14:00:12-0300 [-] wsn node send data - Number of events: 482
2020-06-28T14:00:15-0300 [-] wsn node send data - Number of events: 483
2020-06-28T14:00:15-0300 [-] wsn node send data - Number of events: 484
2020-06-28T14:00:15-0300 [-] wsn node send data - Number of events: 485
2020-06-28T14:00:15-0300 [-] wsn node send data - Number of events: 486
2020-06-28T14:00:15-0300 [-] wsn node send data - Number of events: 487
2020-06-28T14:00:15-0300 [-] wsn node send data - Number of events: 488
2020-06-28T14:00:15-0300 [-] wsn node send data - Number of events: 489
2020-06-28T14:00:15-0300 [-] wsn node send data - Number of events: 490
2020-06-28T14:00:15-0300 [-] wsn node send data - Number of events: 491
2020-06-28T14:00:15-0300 [-] wsn node send data - Number of events: 492
2020-06-28T14:00:15-0300 [-] wsn node send data - Number of events: 493
2020-06-28T14:00:15-0300 [-] wsn node send data - Number of events: 494
2020-06-28T14:00:15-0300 [-] wsn node send data - Number of events: 495
2020-06-28T14:00:18-0300 [-] wsn node send data - Number of events: 496
2020-06-28T14:00:18-0300 [-] wsn node send data - Number of events: 497
2020-06-28T14:00:18-0300 [-] wsn node send data - Number of events: 498
2020-06-28T14:00:18-0300 [-] wsn node send data - Number of events: 499
2020-06-28T14:00:18-0300 [-] wsn node send data - Number of events: 500
2020-06-28T14:00:18-0300 [-] wsn node send data - Number of events: 501
2020-06-28T14:00:18-0300 [-] wsn node send data - Number of events: 502
2020-06-28T14:00:18-0300 [-] wsn node send data - Number of events: 503
2020-06-28T14:00:18-0300 [-] wsn node send data - Number of events: 504
2020-06-28T14:00:18-0300 [-] wsn node send data - Number of events: 505
2020-06-28T14:00:18-0300 [-] wsn node send data - Number of events: 506
2020-06-28T14:00:18-0300 [-] wsn node send data - Number of events: 507
2020-06-28T14:00:18-0300 [-] wsn node send data - Number of events: 508
2020-06-28T14:00:21-0300 [-] wsn node send data - Number of events: 509
2020-06-28T14:00:21-0300 [-] wsn node send data - Number of events: 510
2020-06-28T14:00:21-0300 [-] wsn node send data - Number of events: 511
2020-06-28T14:00:21-0300 [-] wsn node send data - Number of events: 512
2020-06-28T14:00:21-0300 [-] wsn node send data - Number of events: 513
2020-06-28T14:00:21-0300 [-] wsn node send data - Number of events: 514
2020-06-28T14:00:21-0300 [-] wsn node send data - Number of events: 515
2020-06-28T14:00:21-0300 [-] wsn node send data - Number of events: 516
2020-06-28T14:00:21-0300 [-] wsn node send data - Number of events: 517
2020-06-28T14:00:21-0300 [-] wsn node send data - Number of events: 518
2020-06-28T14:00:21-0300 [-] wsn node send data - Number of events: 519
2020-06-28T14:00:21-0300 [-] wsn node send data - Number of events: 520
2020-06-28T14:00:21-0300 [-] wsn node send data - Number of events: 521
2020-06-28T14:00:24-0300 [-] wsn node send data - Number of events: 522
2020-06-28T14:00:24-0300 [-] wsn node send data - Number of events: 523
2020-06-28T14:00:24-0300 [-] wsn node send data - Number of events: 524
2020-06-28T14:00:24-0300 [-] wsn node send data - Number of events: 525
2020-06-28T14:00:24-0300 [-] wsn node send data - Number of events: 526
2020-06-28T14:00:24-0300 [-] wsn node send data - Number of events: 527
2020-06-28T14:00:24-0300 [-] wsn node send data - Number of events: 528
2020-06-28T14:00:24-0300 [-] wsn node send data - Number of events: 529
2020-06-28T14:00:24-0300 [-] wsn node send data - Number of events: 530
2020-06-28T14:00:24-0300 [-] wsn node send data - Number of events: 531
2020-06-28T14:00:24-0300 [-] wsn node send data - Number of events: 532
2020-06-28T14:00:24-0300 [-] wsn node send data - Number of events: 533
2020-06-28T14:00:24-0300 [-] wsn node send data - Number of events: 534
2020-06-28T14:00:27-0300 [-] wsn node send data - Number of events: 535
2020-06-28T14:00:27-0300 [-] wsn node send data - Number of events: 536
2020-06-28T14:00:27-0300 [-] wsn node send data - Number of events: 537
2020-06-28T14:00:27-0300 [-] wsn node send data - Number of events: 538
2020-06-28T14:00:27-0300 [-] wsn node send data - Number of events: 539
2020-06-28T14:00:27-0300 [-] wsn node send data - Number of events: 540
2020-06-28T14:00:27-0300 [-] wsn node send data - Number of events: 541
2020-06-28T14:00:27-0300 [-] wsn node send data - Number of events: 542
2020-06-28T14:00:27-0300 [-] wsn node send data - Number of events: 543
2020-06-28T14:00:27-0300 [-] wsn node send data - Number of events: 544
2020-06-28T14:00:27-0300 [-] wsn node send data - Number of events: 545
2020-06-28T14:00:27-0300 [-] wsn node send data - Number of events: 546
2020-06-28T14:00:27-0300 [-] wsn node send data - Number of events: 547
2020-06-28T14:00:30-0300 [-] wsn node send data - Number of events: 548
2020-06-28T14:00:30-0300 [-] wsn node send data - Number of events: 549
2020-06-28T14:00:30-0300 [-] wsn node send data - Number of events: 550
2020-06-28T14:00:30-0300 [-] wsn node send data - Number of events: 551
2020-06-28T14:00:30-0300 [-] wsn node send data - Number of events: 552
2020-06-28T14:00:30-0300 [-] wsn node send data - Number of events: 553
2020-06-28T14:00:30-0300 [-] wsn node send data - Number of events: 554
2020-06-28T14:00:30-0300 [-] wsn node send data - Number of events: 555
2020-06-28T14:00:30-0300 [-] wsn node send data - Number of events: 556
2020-06-28T14:00:30-0300 [-] wsn node send data - Number of events: 557
2020-06-28T14:00:30-0300 [-] wsn node send data - Number of events: 558
2020-06-28T14:00:30-0300 [-] wsn node send data - Number of events: 559
2020-06-28T14:00:30-0300 [-] wsn node send data - Number of events: 560
2020-06-28T14:00:33-0300 [-] wsn node send data - Number of events: 561
2020-06-28T14:00:33-0300 [-] wsn node send data - Number of events: 562
2020-06-28T14:00:33-0300 [-] wsn node send data - Number of events: 563
2020-06-28T14:00:33-0300 [-] wsn node send data - Number of events: 564
2020-06-28T14:00:33-0300 [-] wsn node send data - Number of events: 565
2020-06-28T14:00:33-0300 [-] wsn node send data - Number of events: 566
2020-06-28T14:00:33-0300 [-] wsn node send data - Number of events: 567
2020-06-28T14:00:33-0300 [-] wsn node send data - Number of events: 568
2020-06-28T14:00:33-0300 [-] wsn node send data - Number of events: 569
2020-06-28T14:00:33-0300 [-] wsn node send data - Number of events: 570
2020-06-28T14:00:33-0300 [-] wsn node send data - Number of events: 571
2020-06-28T14:00:33-0300 [-] wsn node send data - Number of events: 572
2020-06-28T14:00:33-0300 [-] wsn node send data - Number of events: 573
2020-06-28T14:00:36-0300 [-] wsn node send data - Number of events: 574
2020-06-28T14:00:36-0300 [-] wsn node send data - Number of events: 575
2020-06-28T14:00:36-0300 [-] wsn node send data - Number of events: 576
2020-06-28T14:00:36-0300 [-] wsn node send data - Number of events: 577
2020-06-28T14:00:36-0300 [-] wsn node send data - Number of events: 578
2020-06-28T14:00:36-0300 [-] wsn node send data - Number of events: 579
2020-06-28T14:00:36-0300 [-] wsn node send data - Number of events: 580
2020-06-28T14:00:36-0300 [-] wsn node send data - Number of events: 581
2020-06-28T14:00:36-0300 [-] wsn node send data - Number of events: 582
2020-06-28T14:00:36-0300 [-] wsn node send data - Number of events: 583
2020-06-28T14:00:36-0300 [-] wsn node send data - Number of events: 584
2020-06-28T14:00:36-0300 [-] wsn node send data - Number of events: 585
2020-06-28T14:00:36-0300 [-] wsn node send data - Number of events: 586
2020-06-28T14:00:39-0300 [-] wsn node send data - Number of events: 587
2020-06-28T14:00:39-0300 [-] wsn node send data - Number of events: 588
2020-06-28T14:00:39-0300 [-] wsn node send data - Number of events: 589
2020-06-28T14:00:39-0300 [-] wsn node send data - Number of events: 590
2020-06-28T14:00:39-0300 [-] wsn node send data - Number of events: 591
2020-06-28T14:00:39-0300 [-] wsn node send data - Number of events: 592
2020-06-28T14:00:39-0300 [-] wsn node send data - Number of events: 593
2020-06-28T14:00:39-0300 [-] wsn node send data - Number of events: 594
2020-06-28T14:00:39-0300 [-] wsn node send data - Number of events: 595
2020-06-28T14:00:39-0300 [-] wsn node send data - Number of events: 596
2020-06-28T14:00:39-0300 [-] wsn node send data - Number of events: 597
2020-06-28T14:00:39-0300 [-] wsn node send data - Number of events: 598
2020-06-28T14:00:39-0300 [-] wsn node send data - Number of events: 599
2020-06-28T14:00:42-0300 [-] wsn node send data - Number of events: 600
2020-06-28T14:00:42-0300 [-] wsn node send data - Number of events: 601
2020-06-28T14:00:42-0300 [-] wsn node send data - Number of events: 602
2020-06-28T14:00:42-0300 [-] wsn node send data - Number of events: 603
2020-06-28T14:00:42-0300 [-] wsn node send data - Number of events: 604
2020-06-28T14:00:42-0300 [-] wsn node send data - Number of events: 605
2020-06-28T14:00:42-0300 [-] wsn node send data - Number of events: 606
2020-06-28T14:00:42-0300 [-] wsn node send data - Number of events: 607
2020-06-28T14:00:42-0300 [-] wsn node send data - Number of events: 608
2020-06-28T14:00:42-0300 [-] wsn node send data - Number of events: 609
2020-06-28T14:00:42-0300 [-] wsn node send data - Number of events: 610
2020-06-28T14:00:42-0300 [-] wsn node send data - Number of events: 611
2020-06-28T14:00:42-0300 [-] wsn node send data - Number of events: 612
2020-06-28T14:00:45-0300 [-] wsn node send data - Number of events: 613
2020-06-28T14:00:45-0300 [-] wsn node send data - Number of events: 614
2020-06-28T14:00:45-0300 [-] wsn node send data - Number of events: 615
2020-06-28T14:00:45-0300 [-] wsn node send data - Number of events: 616
2020-06-28T14:00:45-0300 [-] wsn node send data - Number of events: 617
2020-06-28T14:00:45-0300 [-] wsn node send data - Number of events: 618
2020-06-28T14:00:45-0300 [-] wsn node send data - Number of events: 619
2020-06-28T14:00:45-0300 [-] wsn node send data - Number of events: 620
2020-06-28T14:00:45-0300 [-] wsn node send data - Number of events: 621
2020-06-28T14:00:45-0300 [-] wsn node send data - Number of events: 622
2020-06-28T14:00:45-0300 [-] wsn node send data - Number of events: 623
2020-06-28T14:00:45-0300 [-] wsn node send data - Number of events: 624
2020-06-28T14:00:45-0300 [-] wsn node send data - Number of events: 625
2020-06-28T14:00:48-0300 [-] wsn node send data - Number of events: 626
2020-06-28T14:00:48-0300 [-] wsn node send data - Number of events: 627
2020-06-28T14:00:48-0300 [-] wsn node send data - Number of events: 628
2020-06-28T14:00:48-0300 [-] wsn node send data - Number of events: 629
2020-06-28T14:00:48-0300 [-] wsn node send data - Number of events: 630
2020-06-28T14:00:48-0300 [-] wsn node send data - Number of events: 631
2020-06-28T14:00:48-0300 [-] wsn node send data - Number of events: 632
2020-06-28T14:00:48-0300 [-] wsn node send data - Number of events: 633
2020-06-28T14:00:48-0300 [-] wsn node send data - Number of events: 634
2020-06-28T14:00:48-0300 [-] wsn node send data - Number of events: 635
2020-06-28T14:00:48-0300 [-] wsn node send data - Number of events: 636
2020-06-28T14:00:48-0300 [-] wsn node send data - Number of events: 637
2020-06-28T14:00:48-0300 [-] wsn node send data - Number of events: 638
2020-06-28T14:00:51-0300 [-] wsn node send data - Number of events: 639
2020-06-28T14:00:51-0300 [-] wsn node send data - Number of events: 640
2020-06-28T14:00:51-0300 [-] wsn node send data - Number of events: 641
2020-06-28T14:00:51-0300 [-] wsn node send data - Number of events: 642
2020-06-28T14:00:51-0300 [-] wsn node send data - Number of events: 643
2020-06-28T14:00:51-0300 [-] wsn node send data - Number of events: 644
2020-06-28T14:00:51-0300 [-] wsn node send data - Number of events: 645
2020-06-28T14:00:51-0300 [-] wsn node send data - Number of events: 646
2020-06-28T14:00:51-0300 [-] wsn node send data - Number of events: 647
2020-06-28T14:00:51-0300 [-] wsn node send data - Number of events: 648
2020-06-28T14:00:51-0300 [-] wsn node send data - Number of events: 649
2020-06-28T14:00:51-0300 [-] wsn node send data - Number of events: 650
2020-06-28T14:00:51-0300 [-] wsn node send data - Number of events: 651
2020-06-28T14:00:54-0300 [-] wsn node send data - Number of events: 652
2020-06-28T14:00:54-0300 [-] wsn node send data - Number of events: 653
2020-06-28T14:00:54-0300 [-] wsn node send data - Number of events: 654
2020-06-28T14:00:54-0300 [-] wsn node send data - Number of events: 655
2020-06-28T14:00:54-0300 [-] wsn node send data - Number of events: 656
2020-06-28T14:00:54-0300 [-] wsn node send data - Number of events: 657
2020-06-28T14:00:54-0300 [-] wsn node send data - Number of events: 658
2020-06-28T14:00:54-0300 [-] wsn node send data - Number of events: 659
2020-06-28T14:00:54-0300 [-] wsn node send data - Number of events: 660
2020-06-28T14:00:54-0300 [-] wsn node send data - Number of events: 661
2020-06-28T14:00:54-0300 [-] wsn node send data - Number of events: 662
2020-06-28T14:00:54-0300 [-] wsn node send data - Number of events: 663
2020-06-28T14:00:54-0300 [-] wsn node send data - Number of events: 664
2020-06-28T14:00:57-0300 [-] wsn node send data - Number of events: 665
2020-06-28T14:00:57-0300 [-] wsn node send data - Number of events: 666
2020-06-28T14:00:57-0300 [-] wsn node send data - Number of events: 667
2020-06-28T14:00:57-0300 [-] wsn node send data - Number of events: 668
2020-06-28T14:00:57-0300 [-] wsn node send data - Number of events: 669
2020-06-28T14:00:57-0300 [-] wsn node send data - Number of events: 670
2020-06-28T14:00:57-0300 [-] wsn node send data - Number of events: 671
2020-06-28T14:00:57-0300 [-] wsn node send data - Number of events: 672
2020-06-28T14:00:57-0300 [-] wsn node send data - Number of events: 673
2020-06-28T14:00:57-0300 [-] wsn node send data - Number of events: 674
2020-06-28T14:00:57-0300 [-] wsn node send data - Number of events: 675
2020-06-28T14:00:57-0300 [-] wsn node send data - Number of events: 676
2020-06-28T14:00:57-0300 [-] wsn node send data - Number of events: 677
2020-06-28T14:01:00-0300 [-] wsn node send data - Number of events: 678
2020-06-28T14:01:00-0300 [-] wsn node send data - Number of events: 679
2020-06-28T14:01:00-0300 [-] wsn node send data - Number of events: 680
2020-06-28T14:01:00-0300 [-] wsn node send data - Number of events: 681
2020-06-28T14:01:00-0300 [-] wsn node send data - Number of events: 682
2020-06-28T14:01:00-0300 [-] wsn node send data - Number of events: 683
2020-06-28T14:01:00-0300 [-] wsn node send data - Number of events: 684
2020-06-28T14:01:00-0300 [-] wsn node send data - Number of events: 685
2020-06-28T14:01:00-0300 [-] wsn node send data - Number of events: 686
2020-06-28T14:01:00-0300 [-] wsn node send data - Number of events: 687
2020-06-28T14:01:00-0300 [-] wsn node send data - Number of events: 688
2020-06-28T14:01:00-0300 [-] wsn node send data - Number of events: 689
2020-06-28T14:01:00-0300 [-] wsn node send data - Number of events: 690
2020-06-28T14:01:03-0300 [-] wsn node send data - Number of events: 691
2020-06-28T14:01:03-0300 [-] wsn node send data - Number of events: 692
2020-06-28T14:01:03-0300 [-] wsn node send data - Number of events: 693
2020-06-28T14:01:03-0300 [-] wsn node send data - Number of events: 694
2020-06-28T14:01:03-0300 [-] wsn node send data - Number of events: 695
2020-06-28T14:01:03-0300 [-] wsn node send data - Number of events: 696
2020-06-28T14:01:03-0300 [-] wsn node send data - Number of events: 697
2020-06-28T14:01:03-0300 [-] wsn node send data - Number of events: 698
2020-06-28T14:01:03-0300 [-] wsn node send data - Number of events: 699
2020-06-28T14:01:03-0300 [-] wsn node send data - Number of events: 700
2020-06-28T14:01:03-0300 [-] wsn node send data - Number of events: 701
2020-06-28T14:01:03-0300 [-] wsn node send data - Number of events: 702
2020-06-28T14:01:03-0300 [-] wsn node send data - Number of events: 703
2020-06-28T14:01:06-0300 [-] wsn node send data - Number of events: 704
2020-06-28T14:01:06-0300 [-] wsn node send data - Number of events: 705
2020-06-28T14:01:06-0300 [-] wsn node send data - Number of events: 706
2020-06-28T14:01:06-0300 [-] wsn node send data - Number of events: 707
2020-06-28T14:01:06-0300 [-] wsn node send data - Number of events: 708
2020-06-28T14:01:06-0300 [-] wsn node send data - Number of events: 709
2020-06-28T14:01:06-0300 [-] wsn node send data - Number of events: 710
2020-06-28T14:01:06-0300 [-] wsn node send data - Number of events: 711
2020-06-28T14:01:06-0300 [-] wsn node send data - Number of events: 712
2020-06-28T14:01:06-0300 [-] wsn node send data - Number of events: 713
2020-06-28T14:01:06-0300 [-] wsn node send data - Number of events: 714
2020-06-28T14:01:06-0300 [-] wsn node send data - Number of events: 715
2020-06-28T14:01:06-0300 [-] wsn node send data - Number of events: 716
2020-06-28T14:01:07-0300 [-] Received SIGINT, shutting down.
2020-06-28T14:01:07-0300 [SCADAApp,client] connection lost: Connection to the other side was lost in a non-clean fashion: Connection lost.
2020-06-28T14:01:07-0300 [SCADAApp,client] connection lost - Number of events: 717
2020-06-28T14:01:07-0300 [applications.routerapp.RouterFactory] (TCP Port 8081 Closed)
2020-06-28T14:01:07-0300 [applications.mqttapp.BrokerFactory] (TCP Port 5100 Closed)
2020-06-28T14:01:07-0300 [twisted.internet.endpoints.OneShotFactory#info] Stopping factory <twisted.internet.endpoints.connectProtocol.<locals>.OneShotFactory object at 0x7fcbd0ba5a90>
2020-06-28T14:01:07-0300 [-] Main loop terminated.
