2020-06-27T10:59:51-0300 [-] Creating router ...
2020-06-27T10:59:51-0300 [-] Initializing Router - Number of events: 1
2020-06-27T10:59:51-0300 [-] RouterFactory starting on 8081
2020-06-27T10:59:51-0300 [-] Creating AccessPoint station ...
2020-06-27T10:59:51-0300 [-] Initializing Access Point - Number of events: 2
2020-06-27T10:59:52-0300 [-] There is no wifi devices in this simulation or it is not in this wifi signal coverage area.
2020-06-27T10:59:52-0300 [-] Initializing Server - Number of events: 3
2020-06-27T10:59:52-0300 [-] BrokerFactory starting on 5100
2020-06-27T10:59:52-0300 [-] Initializing Client - Number of events: 4
2020-06-27T10:59:53-0300 [-] Initializing sink node - Number of events: 5
2020-06-27T10:59:53-0300 [-] Initializing sensor node - Number of events: 6
2020-06-27T10:59:54-0300 [-] Initializing sensor node - Number of events: 7
2020-06-27T10:59:54-0300 [-] Initializing sensor node - Number of events: 8
2020-06-27T10:59:55-0300 [-] Initializing sensor node - Number of events: 9
2020-06-27T10:59:55-0300 [-] Initializing sensor node - Number of events: 10
2020-06-27T10:59:56-0300 [-] Initializing sensor node - Number of events: 11
2020-06-27T10:59:57-0300 [-] Initializing sensor node - Number of events: 12
2020-06-27T10:59:57-0300 [-] Initializing sensor node - Number of events: 13
2020-06-27T10:59:58-0300 [-] Initializing sensor node - Number of events: 14
2020-06-27T10:59:58-0300 [stdout#info] ========= sensor_6 ==========
2020-06-27T10:59:58-0300 [stdout#info] sensor_6  <------->  sensor_5
2020-06-27T10:59:58-0300 [stdout#info] =============================
2020-06-27T10:59:58-0300 [-] wsn node send data - Number of events: 15
2020-06-27T10:59:58-0300 [stderr#error] Exception in Tkinter callback
2020-06-27T10:59:58-0300 [stderr#error] Traceback (most recent call last):
2020-06-27T10:59:58-0300 [stderr#error]   File "/usr/lib/python3.6/tkinter/__init__.py", line 1708, in __call__
2020-06-27T10:59:58-0300 [stderr#error]     return self.func(*args)
2020-06-27T10:59:58-0300 [stderr#error]   File "/home/rafael/iotfogsim/scinetsim/scinetsim/configurations.py", line 111, in <lambda>
2020-06-27T10:59:58-0300 [stderr#error]     btn_open = ttk.Button(window, text="Open Project",command=lambda:open_project(window,simulation_core))
2020-06-27T10:59:58-0300 [stderr#error]   File "/home/rafael/iotfogsim/scinetsim/scinetsim/configurations.py", line 63, in open_project
2020-06-27T10:59:58-0300 [stderr#error]     load_nodes(selected_project_name, simulation_core)
2020-06-27T10:59:58-0300 [stderr#error]   File "/home/rafael/iotfogsim/scinetsim/scinetsim/configurations.py", line 211, in load_nodes
2020-06-27T10:59:58-0300 [stderr#error]     deivce.run()
2020-06-27T10:59:58-0300 [stderr#error]   File "/home/rafael/iotfogsim/scinetsim/scinetsim/standarddevice.py", line 239, in run
2020-06-27T10:59:58-0300 [stderr#error]     self.application.start(nearby_devices_list)
2020-06-27T10:59:58-0300 [stderr#error]   File "/home/rafael/iotfogsim/scinetsim/applications/wsnapp.py", line 81, in start
2020-06-27T10:59:58-0300 [stderr#error]     self.collect_and_send_data()
2020-06-27T10:59:58-0300 [stderr#error]   File "/home/rafael/iotfogsim/scinetsim/applications/wsnapp.py", line 117, in collect_and_send_data
2020-06-27T10:59:58-0300 [stderr#error]     remove_sent_packages_from_buffer(package)
2020-06-27T10:59:58-0300 [stderr#error] NameError: name 'package' is not defined
2020-06-27T10:59:58-0300 [stdout#info] This divice have no simulation core instance
2020-06-27T10:59:58-0300 [stdout#info] This divice have no simulation core instance
2020-06-27T10:59:58-0300 [stdout#info] This divice have no simulation core instance
2020-06-27T10:59:58-0300 [stdout#info] This divice have no simulation core instance
2020-06-27T10:59:58-0300 [Uninitialized] 127.0.0.1:55420 - Connected to mqtt broker - Number of events: 16
2020-06-27T10:59:58-0300 [Uninitialized] 127.0.0.1:55420 - sending MQTT SUBSCRIBE REQUEST - Number of events: 17
2020-06-27T10:59:58-0300 [twisted.internet.endpoints.OneShotFactory#info] Starting factory <twisted.internet.endpoints.connectProtocol.<locals>.OneShotFactory object at 0x7f4741abc978>
2020-06-27T11:01:05-0300 [-] Received SIGINT, shutting down.
2020-06-27T11:01:05-0300 [applications.routerapp.RouterFactory] (TCP Port 8081 Closed)
2020-06-27T11:01:05-0300 [twisted.internet.endpoints.OneShotFactory#info] Stopping factory <twisted.internet.endpoints.connectProtocol.<locals>.OneShotFactory object at 0x7f4741abc978>
2020-06-27T11:01:05-0300 [SCADAApp,client] connection lost: Connection to the other side was lost in a non-clean fashion: Connection lost.
2020-06-27T11:01:05-0300 [SCADAApp,client] connection lost - Number of events: 18
2020-06-27T11:01:05-0300 [applications.mqttapp.BrokerFactory] (TCP Port 5100 Closed)
2020-06-27T11:01:05-0300 [-] Main loop terminated.
