2020-06-27T23:17:07-0300 [-] Creating router ...
2020-06-27T23:17:07-0300 [-] Initializing Router - Number of events: 1
2020-06-27T23:17:08-0300 [-] RouterFactory starting on 8081
2020-06-27T23:17:08-0300 [-] Creating AccessPoint station ...
2020-06-27T23:17:08-0300 [-] Initializing Access Point - Number of events: 2
2020-06-27T23:17:08-0300 [-] There is no wifi devices in this simulation or it is not in this wifi signal coverage area.
2020-06-27T23:17:09-0300 [-] Initializing Server - Number of events: 3
2020-06-27T23:17:09-0300 [-] BrokerFactory starting on 5100
2020-06-27T23:17:09-0300 [-] unexpected indent (wsnapp.py, line 391)
2020-06-27T23:17:09-0300 [-] Initializing Client - Number of events: 4
2020-06-27T23:17:09-0300 [stderr#error] Exception in Tkinter callback
2020-06-27T23:17:09-0300 [stderr#error] Traceback (most recent call last):
2020-06-27T23:17:09-0300 [stderr#error]   File "/usr/lib/python3.6/tkinter/__init__.py", line 1708, in __call__
2020-06-27T23:17:09-0300 [stderr#error]     return self.func(*args)
2020-06-27T23:17:09-0300 [stderr#error]   File "/home/rafael/iotfogsim/scinetsim/scinetsim/configurations.py", line 111, in <lambda>
2020-06-27T23:17:09-0300 [stderr#error]     btn_open = ttk.Button(window, text="Open Project",command=lambda:open_project(window,simulation_core))
2020-06-27T23:17:09-0300 [stderr#error]   File "/home/rafael/iotfogsim/scinetsim/scinetsim/configurations.py", line 63, in open_project
2020-06-27T23:17:09-0300 [stderr#error]     load_nodes(selected_project_name, simulation_core)
2020-06-27T23:17:09-0300 [stderr#error]   File "/home/rafael/iotfogsim/scinetsim/scinetsim/configurations.py", line 182, in load_nodes
2020-06-27T23:17:09-0300 [stderr#error]     cl = StandardClientDevice(simulation_core, client['real_ip'], client['simulation_ip'], client['id'], client['name'], client['icon'], client['is_wireless'], client['x'], client['y'], client['application'], client['coverage_area_radius'])
2020-06-27T23:17:09-0300 [stderr#error]   File "/home/rafael/iotfogsim/scinetsim/scinetsim/standarddevice.py", line 68, in __init__
2020-06-27T23:17:09-0300 [stderr#error]     self.application.visual_component = self.visual_component
2020-06-27T23:17:09-0300 [stderr#error] AttributeError: 'NoneType' object has no attribute 'visual_component'
2020-06-27T23:17:09-0300 [-] There is no wifi devices in this simulation or it is not in this wifi signal coverage area.
2020-06-27T23:17:09-0300 [stdout#info] This divice have no simulation core instance
2020-06-27T23:17:09-0300 [stdout#info] This divice have no simulation core instance
2020-06-27T23:17:09-0300 [-] There is no wifi devices in this simulation or it is not in this wifi signal coverage area.
2020-06-27T23:17:09-0300 [-] There is no wifi devices in this simulation or it is not in this wifi signal coverage area.
2020-06-27T23:17:09-0300 [-] There is no wifi devices in this simulation or it is not in this wifi signal coverage area.
2020-06-27T23:17:10-0300 [-] There is no wifi devices in this simulation or it is not in this wifi signal coverage area.
2020-06-27T23:17:10-0300 [-] There is no wifi devices in this simulation or it is not in this wifi signal coverage area.
2020-06-27T23:17:10-0300 [-] There is no wifi devices in this simulation or it is not in this wifi signal coverage area.
2020-06-27T23:17:10-0300 [-] There is no wifi devices in this simulation or it is not in this wifi signal coverage area.
2020-06-27T23:17:10-0300 [-] There is no wifi devices in this simulation or it is not in this wifi signal coverage area.
2020-06-27T23:17:10-0300 [-] There is no wifi devices in this simulation or it is not in this wifi signal coverage area.
2020-06-27T23:17:10-0300 [-] There is no wifi devices in this simulation or it is not in this wifi signal coverage area.
2020-06-27T23:17:10-0300 [-] There is no wifi devices in this simulation or it is not in this wifi signal coverage area.
2020-06-27T23:17:11-0300 [-] There is no wifi devices in this simulation or it is not in this wifi signal coverage area.
2020-06-27T23:17:11-0300 [-] There is no wifi devices in this simulation or it is not in this wifi signal coverage area.
2020-06-27T23:17:11-0300 [-] There is no wifi devices in this simulation or it is not in this wifi signal coverage area.
2020-06-27T23:17:11-0300 [-] There is no wifi devices in this simulation or it is not in this wifi signal coverage area.
2020-06-27T23:17:11-0300 [-] There is no wifi devices in this simulation or it is not in this wifi signal coverage area.
2020-06-27T23:17:11-0300 [-] There is no wifi devices in this simulation or it is not in this wifi signal coverage area.
2020-06-27T23:17:11-0300 [-] There is no wifi devices in this simulation or it is not in this wifi signal coverage area.
2020-06-27T23:17:11-0300 [-] There is no wifi devices in this simulation or it is not in this wifi signal coverage area.
2020-06-27T23:17:12-0300 [-] There is no wifi devices in this simulation or it is not in this wifi signal coverage area.
2020-06-27T23:17:12-0300 [-] There is no wifi devices in this simulation or it is not in this wifi signal coverage area.
2020-06-27T23:17:12-0300 [-] There is no wifi devices in this simulation or it is not in this wifi signal coverage area.
2020-06-27T23:17:12-0300 [-] There is no wifi devices in this simulation or it is not in this wifi signal coverage area.
2020-06-27T23:17:12-0300 [-] There is no wifi devices in this simulation or it is not in this wifi signal coverage area.
2020-06-27T23:17:12-0300 [-] There is no wifi devices in this simulation or it is not in this wifi signal coverage area.
2020-06-27T23:17:12-0300 [-] There is no wifi devices in this simulation or it is not in this wifi signal coverage area.
2020-06-27T23:17:13-0300 [-] There is no wifi devices in this simulation or it is not in this wifi signal coverage area.
2020-06-27T23:17:13-0300 [-] There is no wifi devices in this simulation or it is not in this wifi signal coverage area.
2020-06-27T23:17:13-0300 [-] There is no wifi devices in this simulation or it is not in this wifi signal coverage area.
2020-06-27T23:17:13-0300 [-] There is no wifi devices in this simulation or it is not in this wifi signal coverage area.
2020-06-27T23:17:13-0300 [-] There is no wifi devices in this simulation or it is not in this wifi signal coverage area.
2020-06-27T23:17:13-0300 [-] There is no wifi devices in this simulation or it is not in this wifi signal coverage area.
2020-06-27T23:17:13-0300 [-] There is no wifi devices in this simulation or it is not in this wifi signal coverage area.
2020-06-27T23:17:13-0300 [-] There is no wifi devices in this simulation or it is not in this wifi signal coverage area.
2020-06-27T23:17:14-0300 [-] There is no wifi devices in this simulation or it is not in this wifi signal coverage area.
2020-06-27T23:17:14-0300 [-] There is no wifi devices in this simulation or it is not in this wifi signal coverage area.
2020-06-27T23:17:14-0300 [-] There is no wifi devices in this simulation or it is not in this wifi signal coverage area.
2020-06-27T23:17:14-0300 [-] There is no wifi devices in this simulation or it is not in this wifi signal coverage area.
2020-06-27T23:17:14-0300 [-] There is no wifi devices in this simulation or it is not in this wifi signal coverage area.
2020-06-27T23:17:14-0300 [-] There is no wifi devices in this simulation or it is not in this wifi signal coverage area.
2020-06-27T23:17:14-0300 [-] There is no wifi devices in this simulation or it is not in this wifi signal coverage area.
2020-06-27T23:17:14-0300 [-] There is no wifi devices in this simulation or it is not in this wifi signal coverage area.
2020-06-27T23:17:15-0300 [-] There is no wifi devices in this simulation or it is not in this wifi signal coverage area.
2020-06-27T23:17:15-0300 [-] There is no wifi devices in this simulation or it is not in this wifi signal coverage area.
2020-06-27T23:17:15-0300 [-] There is no wifi devices in this simulation or it is not in this wifi signal coverage area.
2020-06-27T23:17:15-0300 [-] There is no wifi devices in this simulation or it is not in this wifi signal coverage area.
2020-06-27T23:17:15-0300 [-] There is no wifi devices in this simulation or it is not in this wifi signal coverage area.
2020-06-27T23:17:15-0300 [-] There is no wifi devices in this simulation or it is not in this wifi signal coverage area.
2020-06-27T23:17:15-0300 [-] There is no wifi devices in this simulation or it is not in this wifi signal coverage area.
2020-06-27T23:17:15-0300 [-] There is no wifi devices in this simulation or it is not in this wifi signal coverage area.
2020-06-27T23:17:16-0300 [-] There is no wifi devices in this simulation or it is not in this wifi signal coverage area.
2020-06-27T23:17:16-0300 [-] There is no wifi devices in this simulation or it is not in this wifi signal coverage area.
2020-06-27T23:17:16-0300 [-] There is no wifi devices in this simulation or it is not in this wifi signal coverage area.
2020-06-27T23:17:16-0300 [-] There is no wifi devices in this simulation or it is not in this wifi signal coverage area.
2020-06-27T23:17:16-0300 [-] There is no wifi devices in this simulation or it is not in this wifi signal coverage area.
2020-06-27T23:17:16-0300 [-] There is no wifi devices in this simulation or it is not in this wifi signal coverage area.
2020-06-27T23:17:16-0300 [-] There is no wifi devices in this simulation or it is not in this wifi signal coverage area.
2020-06-27T23:17:16-0300 [-] There is no wifi devices in this simulation or it is not in this wifi signal coverage area.
2020-06-27T23:17:16-0300 [-] There is no wifi devices in this simulation or it is not in this wifi signal coverage area.
2020-06-27T23:17:17-0300 [-] There is no wifi devices in this simulation or it is not in this wifi signal coverage area.
2020-06-27T23:17:17-0300 [-] There is no wifi devices in this simulation or it is not in this wifi signal coverage area.
2020-06-27T23:17:17-0300 [-] There is no wifi devices in this simulation or it is not in this wifi signal coverage area.
2020-06-27T23:17:17-0300 [-] There is no wifi devices in this simulation or it is not in this wifi signal coverage area.
2020-06-27T23:17:17-0300 [-] There is no wifi devices in this simulation or it is not in this wifi signal coverage area.
2020-06-27T23:17:17-0300 [-] There is no wifi devices in this simulation or it is not in this wifi signal coverage area.
2020-06-27T23:17:17-0300 [-] There is no wifi devices in this simulation or it is not in this wifi signal coverage area.
2020-06-27T23:17:17-0300 [-] There is no wifi devices in this simulation or it is not in this wifi signal coverage area.
2020-06-27T23:17:18-0300 [-] There is no wifi devices in this simulation or it is not in this wifi signal coverage area.
2020-06-27T23:17:18-0300 [-] There is no wifi devices in this simulation or it is not in this wifi signal coverage area.
2020-06-27T23:17:18-0300 [-] There is no wifi devices in this simulation or it is not in this wifi signal coverage area.
2020-06-27T23:17:18-0300 [-] There is no wifi devices in this simulation or it is not in this wifi signal coverage area.
2020-06-27T23:17:18-0300 [-] There is no wifi devices in this simulation or it is not in this wifi signal coverage area.
2020-06-27T23:17:18-0300 [-] There is no wifi devices in this simulation or it is not in this wifi signal coverage area.
2020-06-27T23:17:18-0300 [-] There is no wifi devices in this simulation or it is not in this wifi signal coverage area.
2020-06-27T23:17:18-0300 [-] There is no wifi devices in this simulation or it is not in this wifi signal coverage area.
2020-06-27T23:17:19-0300 [-] There is no wifi devices in this simulation or it is not in this wifi signal coverage area.
2020-06-27T23:17:19-0300 [-] There is no wifi devices in this simulation or it is not in this wifi signal coverage area.
2020-06-27T23:17:19-0300 [-] There is no wifi devices in this simulation or it is not in this wifi signal coverage area.
2020-06-27T23:17:19-0300 [-] There is no wifi devices in this simulation or it is not in this wifi signal coverage area.
2020-06-27T23:17:19-0300 [-] There is no wifi devices in this simulation or it is not in this wifi signal coverage area.
2020-06-27T23:17:19-0300 [-] There is no wifi devices in this simulation or it is not in this wifi signal coverage area.
2020-06-27T23:17:19-0300 [-] There is no wifi devices in this simulation or it is not in this wifi signal coverage area.
2020-06-27T23:17:20-0300 [-] There is no wifi devices in this simulation or it is not in this wifi signal coverage area.
2020-06-27T23:17:20-0300 [-] There is no wifi devices in this simulation or it is not in this wifi signal coverage area.
2020-06-27T23:17:20-0300 [-] There is no wifi devices in this simulation or it is not in this wifi signal coverage area.
2020-06-27T23:17:20-0300 [-] There is no wifi devices in this simulation or it is not in this wifi signal coverage area.
2020-06-27T23:17:20-0300 [-] There is no wifi devices in this simulation or it is not in this wifi signal coverage area.
2020-06-27T23:17:20-0300 [-] There is no wifi devices in this simulation or it is not in this wifi signal coverage area.
2020-06-27T23:17:20-0300 [-] There is no wifi devices in this simulation or it is not in this wifi signal coverage area.
2020-06-27T23:17:20-0300 [-] There is no wifi devices in this simulation or it is not in this wifi signal coverage area.
2020-06-27T23:17:21-0300 [-] There is no wifi devices in this simulation or it is not in this wifi signal coverage area.
2020-06-27T23:17:21-0300 [-] There is no wifi devices in this simulation or it is not in this wifi signal coverage area.
2020-06-27T23:17:21-0300 [-] There is no wifi devices in this simulation or it is not in this wifi signal coverage area.
2020-06-27T23:17:21-0300 [-] There is no wifi devices in this simulation or it is not in this wifi signal coverage area.
2020-06-27T23:17:21-0300 [-] There is no wifi devices in this simulation or it is not in this wifi signal coverage area.
2020-06-27T23:17:21-0300 [-] There is no wifi devices in this simulation or it is not in this wifi signal coverage area.
2020-06-27T23:17:21-0300 [-] There is no wifi devices in this simulation or it is not in this wifi signal coverage area.
2020-06-27T23:17:21-0300 [-] There is no wifi devices in this simulation or it is not in this wifi signal coverage area.
2020-06-27T23:17:22-0300 [-] There is no wifi devices in this simulation or it is not in this wifi signal coverage area.
2020-06-27T23:17:22-0300 [-] There is no wifi devices in this simulation or it is not in this wifi signal coverage area.
2020-06-27T23:17:22-0300 [-] There is no wifi devices in this simulation or it is not in this wifi signal coverage area.
2020-06-27T23:17:22-0300 [-] There is no wifi devices in this simulation or it is not in this wifi signal coverage area.
2020-06-27T23:17:22-0300 [-] There is no wifi devices in this simulation or it is not in this wifi signal coverage area.
2020-06-27T23:17:22-0300 [-] There is no wifi devices in this simulation or it is not in this wifi signal coverage area.
2020-06-27T23:17:22-0300 [-] There is no wifi devices in this simulation or it is not in this wifi signal coverage area.
2020-06-27T23:17:22-0300 [-] There is no wifi devices in this simulation or it is not in this wifi signal coverage area.
2020-06-27T23:17:23-0300 [-] There is no wifi devices in this simulation or it is not in this wifi signal coverage area.
2020-06-27T23:17:23-0300 [-] There is no wifi devices in this simulation or it is not in this wifi signal coverage area.
2020-06-27T23:17:23-0300 [-] There is no wifi devices in this simulation or it is not in this wifi signal coverage area.
2020-06-27T23:17:23-0300 [-] There is no wifi devices in this simulation or it is not in this wifi signal coverage area.
2020-06-27T23:17:23-0300 [-] There is no wifi devices in this simulation or it is not in this wifi signal coverage area.
2020-06-27T23:17:23-0300 [-] There is no wifi devices in this simulation or it is not in this wifi signal coverage area.
2020-06-27T23:17:23-0300 [-] There is no wifi devices in this simulation or it is not in this wifi signal coverage area.
2020-06-27T23:17:23-0300 [-] There is no wifi devices in this simulation or it is not in this wifi signal coverage area.
2020-06-27T23:17:24-0300 [-] There is no wifi devices in this simulation or it is not in this wifi signal coverage area.
2020-06-27T23:17:24-0300 [-] There is no wifi devices in this simulation or it is not in this wifi signal coverage area.
2020-06-27T23:17:24-0300 [-] There is no wifi devices in this simulation or it is not in this wifi signal coverage area.
2020-06-27T23:17:24-0300 [-] There is no wifi devices in this simulation or it is not in this wifi signal coverage area.
2020-06-27T23:17:24-0300 [-] There is no wifi devices in this simulation or it is not in this wifi signal coverage area.
2020-06-27T23:17:24-0300 [-] There is no wifi devices in this simulation or it is not in this wifi signal coverage area.
2020-06-27T23:17:24-0300 [-] There is no wifi devices in this simulation or it is not in this wifi signal coverage area.
2020-06-27T23:17:24-0300 [-] There is no wifi devices in this simulation or it is not in this wifi signal coverage area.
2020-06-27T23:17:25-0300 [-] There is no wifi devices in this simulation or it is not in this wifi signal coverage area.
2020-06-27T23:17:25-0300 [-] There is no wifi devices in this simulation or it is not in this wifi signal coverage area.
2020-06-27T23:17:25-0300 [-] There is no wifi devices in this simulation or it is not in this wifi signal coverage area.
2020-06-27T23:17:25-0300 [-] There is no wifi devices in this simulation or it is not in this wifi signal coverage area.
2020-06-27T23:17:25-0300 [-] There is no wifi devices in this simulation or it is not in this wifi signal coverage area.
2020-06-27T23:17:25-0300 [-] There is no wifi devices in this simulation or it is not in this wifi signal coverage area.
2020-06-27T23:17:25-0300 [-] There is no wifi devices in this simulation or it is not in this wifi signal coverage area.
2020-06-27T23:17:25-0300 [-] There is no wifi devices in this simulation or it is not in this wifi signal coverage area.
2020-06-27T23:17:26-0300 [-] There is no wifi devices in this simulation or it is not in this wifi signal coverage area.
2020-06-27T23:17:26-0300 [-] There is no wifi devices in this simulation or it is not in this wifi signal coverage area.
2020-06-27T23:17:26-0300 [-] There is no wifi devices in this simulation or it is not in this wifi signal coverage area.
2020-06-27T23:17:26-0300 [-] There is no wifi devices in this simulation or it is not in this wifi signal coverage area.
2020-06-27T23:17:26-0300 [-] There is no wifi devices in this simulation or it is not in this wifi signal coverage area.
2020-06-27T23:17:26-0300 [-] There is no wifi devices in this simulation or it is not in this wifi signal coverage area.
2020-06-27T23:17:26-0300 [-] There is no wifi devices in this simulation or it is not in this wifi signal coverage area.
2020-06-27T23:17:26-0300 [-] There is no wifi devices in this simulation or it is not in this wifi signal coverage area.
2020-06-27T23:17:27-0300 [-] There is no wifi devices in this simulation or it is not in this wifi signal coverage area.
2020-06-27T23:17:27-0300 [-] There is no wifi devices in this simulation or it is not in this wifi signal coverage area.
2020-06-27T23:17:27-0300 [-] There is no wifi devices in this simulation or it is not in this wifi signal coverage area.
2020-06-27T23:17:27-0300 [-] There is no wifi devices in this simulation or it is not in this wifi signal coverage area.
2020-06-27T23:17:27-0300 [-] There is no wifi devices in this simulation or it is not in this wifi signal coverage area.
2020-06-27T23:17:27-0300 [-] There is no wifi devices in this simulation or it is not in this wifi signal coverage area.
2020-06-27T23:17:27-0300 [-] There is no wifi devices in this simulation or it is not in this wifi signal coverage area.
2020-06-27T23:17:28-0300 [-] There is no wifi devices in this simulation or it is not in this wifi signal coverage area.
2020-06-27T23:17:28-0300 [-] There is no wifi devices in this simulation or it is not in this wifi signal coverage area.
2020-06-27T23:17:28-0300 [-] There is no wifi devices in this simulation or it is not in this wifi signal coverage area.
2020-06-27T23:17:28-0300 [-] There is no wifi devices in this simulation or it is not in this wifi signal coverage area.
2020-06-27T23:17:28-0300 [-] There is no wifi devices in this simulation or it is not in this wifi signal coverage area.
2020-06-27T23:17:28-0300 [-] There is no wifi devices in this simulation or it is not in this wifi signal coverage area.
2020-06-27T23:17:28-0300 [-] There is no wifi devices in this simulation or it is not in this wifi signal coverage area.
2020-06-27T23:17:28-0300 [-] There is no wifi devices in this simulation or it is not in this wifi signal coverage area.
2020-06-27T23:17:29-0300 [-] There is no wifi devices in this simulation or it is not in this wifi signal coverage area.
2020-06-27T23:17:29-0300 [-] There is no wifi devices in this simulation or it is not in this wifi signal coverage area.
2020-06-27T23:17:29-0300 [-] There is no wifi devices in this simulation or it is not in this wifi signal coverage area.
2020-06-27T23:17:29-0300 [-] There is no wifi devices in this simulation or it is not in this wifi signal coverage area.
2020-06-27T23:17:29-0300 [-] There is no wifi devices in this simulation or it is not in this wifi signal coverage area.
2020-06-27T23:17:29-0300 [-] There is no wifi devices in this simulation or it is not in this wifi signal coverage area.
2020-06-27T23:17:29-0300 [-] There is no wifi devices in this simulation or it is not in this wifi signal coverage area.
2020-06-27T23:17:29-0300 [-] There is no wifi devices in this simulation or it is not in this wifi signal coverage area.
2020-06-27T23:17:30-0300 [-] There is no wifi devices in this simulation or it is not in this wifi signal coverage area.
2020-06-27T23:17:30-0300 [-] There is no wifi devices in this simulation or it is not in this wifi signal coverage area.
2020-06-27T23:17:30-0300 [-] There is no wifi devices in this simulation or it is not in this wifi signal coverage area.
2020-06-27T23:17:30-0300 [-] Received SIGINT, shutting down.
2020-06-27T23:17:30-0300 [applications.mqttapp.BrokerFactory] (TCP Port 5100 Closed)
2020-06-27T23:17:30-0300 [applications.routerapp.RouterFactory] (TCP Port 8081 Closed)
2020-06-27T23:17:30-0300 [-] Main loop terminated.
