2020-02-25T11:37:16-0300 [-] Creating router ...
2020-02-25T11:37:16-0300 [-] Initializing Router - Number of events: 1
2020-02-25T11:37:16-0300 [-] ServerFactory starting on 8081
2020-02-25T11:37:16-0300 [-] Creating fog node ...
2020-02-25T11:37:16-0300 [stdout#info] applications.mqttapp.SubscriberApp
2020-02-25T11:37:16-0300 [-] Initializing Client - Number of events: 2
2020-02-25T11:37:16-0300 [-] Creating fog node ...
2020-02-25T11:37:16-0300 [-] Initializing Server - Number of events: 3
2020-02-25T11:37:16-0300 [-] BrokerFactory starting on 5100
2020-02-25T11:37:16-0300 [-] Creating iot node ...
2020-02-25T11:37:16-0300 [stdout#info] applications.mqttapp.PublisherApp
2020-02-25T11:37:16-0300 [-] Initializing Client - Number of events: 4
2020-02-25T11:37:16-0300 [-] Creating iot node ...
2020-02-25T11:37:16-0300 [stdout#info] applications.mqttapp.PublisherApp
2020-02-25T11:37:16-0300 [-] Initializing Client - Number of events: 5
2020-02-25T11:37:16-0300 [Uninitialized] 127.0.0.1:44200 - Connected to mqtt broker - Number of events: 6
2020-02-25T11:37:16-0300 [Uninitialized] 127.0.0.1:44200 - sending MQTT SUBSCRIBE REQUEST - Number of events: 7
2020-02-25T11:37:16-0300 [stdout#info] {<applications.mqttapp.SubscriberApp object at 0x7fd5c2a86898>}
2020-02-25T11:37:16-0300 [Uninitialized] 127.0.0.1:44202 - Connected to mqtt broker - Number of events: 8
2020-02-25T11:37:16-0300 [Uninitialized] 127.0.0.1:44202 - sending MQTT PUBLISH REQUEST - Number of events: 9
2020-02-25T11:37:16-0300 [stdout#info] {<applications.mqttapp.SubscriberApp object at 0x7fd5c2a86898>, <applications.mqttapp.PublisherApp object at 0x7fd5bb656b38>}
2020-02-25T11:37:16-0300 [Uninitialized] Unhandled Error
	Traceback (most recent call last):
	  File "/home/rafael/iotfogsim/vm/lib/python3.6/site-packages/twisted/python/log.py", line 103, in callWithLogger
	    return callWithContext({"system": lp}, func, *args, **kw)
	  File "/home/rafael/iotfogsim/vm/lib/python3.6/site-packages/twisted/python/log.py", line 86, in callWithContext
	    return context.call({ILogContext: newCtx}, func, *args, **kw)
	  File "/home/rafael/iotfogsim/vm/lib/python3.6/site-packages/twisted/python/context.py", line 122, in callWithContext
	    return self.currentContext().callWithContext(ctx, func, *args, **kw)
	  File "/home/rafael/iotfogsim/vm/lib/python3.6/site-packages/twisted/python/context.py", line 85, in callWithContext
	    return func(*args,**kw)
	--- <exception caught here> ---
	  File "/home/rafael/iotfogsim/vm/lib/python3.6/site-packages/twisted/internet/posixbase.py", line 619, in _doReadOrWrite
	    why = selectable.doWrite()
	  File "/home/rafael/iotfogsim/vm/lib/python3.6/site-packages/twisted/internet/tcp.py", line 627, in doConnect
	    self._connectDone()
	  File "/home/rafael/iotfogsim/vm/lib/python3.6/site-packages/twisted/internet/tcp.py", line 656, in _connectDone
	    self.protocol.makeConnection(self)
	  File "/home/rafael/iotfogsim/vm/lib/python3.6/site-packages/twisted/internet/protocol.py", line 514, in makeConnection
	    self.connectionMade()
	  File "/home/rafael/iotfogsim/vm/lib/python3.6/site-packages/twisted/internet/endpoints.py", line 124, in connectionMade
	    self._wrappedProtocol.makeConnection(self.transport)
	  File "/home/rafael/iotfogsim/vm/lib/python3.6/site-packages/twisted/internet/protocol.py", line 514, in makeConnection
	    self.connectionMade()
	  File "/home/rafael/iotfogsim/scinetsim/applications/mqttapp.py", line 50, in connectionMade
	    self.create_connection_animation()
	  File "/home/rafael/iotfogsim/scinetsim/applications/applicationcomponent.py", line 78, in create_connection_animation
	    con = Connection(self.simulation_core, self, self.transport.getPeer().host, self.transport.getPeer().port)
	  File "/home/rafael/iotfogsim/scinetsim/scinetsim/standarddevice.py", line 217, in __init__
	    self.create_connection(self.simulation_core, self.device1, self.device2)
	  File "/home/rafael/iotfogsim/scinetsim/scinetsim/standarddevice.py", line 227, in create_connection
	    x2 = self.device2.visual_component.x
	builtins.AttributeError: 'NoneType' object has no attribute 'visual_component'
	
2020-02-25T11:37:16-0300 [Uninitialized] connection lost: 'NoneType' object has no attribute 'visual_component'
2020-02-25T11:37:16-0300 [Uninitialized] connection lost - Number of events: 10
2020-02-25T11:37:16-0300 [Uninitialized] 127.0.0.1:44204 - Connected to mqtt broker - Number of events: 11
2020-02-25T11:37:16-0300 [Uninitialized] 127.0.0.1:44204 - sending MQTT PUBLISH REQUEST - Number of events: 12
2020-02-25T11:37:16-0300 [stdout#info] {<applications.mqttapp.SubscriberApp object at 0x7fd5c2a86898>, <applications.mqttapp.PublisherApp object at 0x7fd5bb656f28>, <applications.mqttapp.PublisherApp object at 0x7fd5bb656b38>}
2020-02-25T11:37:16-0300 [Uninitialized] Unhandled Error
	Traceback (most recent call last):
	  File "/home/rafael/iotfogsim/vm/lib/python3.6/site-packages/twisted/python/log.py", line 103, in callWithLogger
	    return callWithContext({"system": lp}, func, *args, **kw)
	  File "/home/rafael/iotfogsim/vm/lib/python3.6/site-packages/twisted/python/log.py", line 86, in callWithContext
	    return context.call({ILogContext: newCtx}, func, *args, **kw)
	  File "/home/rafael/iotfogsim/vm/lib/python3.6/site-packages/twisted/python/context.py", line 122, in callWithContext
	    return self.currentContext().callWithContext(ctx, func, *args, **kw)
	  File "/home/rafael/iotfogsim/vm/lib/python3.6/site-packages/twisted/python/context.py", line 85, in callWithContext
	    return func(*args,**kw)
	--- <exception caught here> ---
	  File "/home/rafael/iotfogsim/vm/lib/python3.6/site-packages/twisted/internet/posixbase.py", line 619, in _doReadOrWrite
	    why = selectable.doWrite()
	  File "/home/rafael/iotfogsim/vm/lib/python3.6/site-packages/twisted/internet/tcp.py", line 627, in doConnect
	    self._connectDone()
	  File "/home/rafael/iotfogsim/vm/lib/python3.6/site-packages/twisted/internet/tcp.py", line 656, in _connectDone
	    self.protocol.makeConnection(self)
	  File "/home/rafael/iotfogsim/vm/lib/python3.6/site-packages/twisted/internet/protocol.py", line 514, in makeConnection
	    self.connectionMade()
	  File "/home/rafael/iotfogsim/vm/lib/python3.6/site-packages/twisted/internet/endpoints.py", line 124, in connectionMade
	    self._wrappedProtocol.makeConnection(self.transport)
	  File "/home/rafael/iotfogsim/vm/lib/python3.6/site-packages/twisted/internet/protocol.py", line 514, in makeConnection
	    self.connectionMade()
	  File "/home/rafael/iotfogsim/scinetsim/applications/mqttapp.py", line 50, in connectionMade
	    self.create_connection_animation()
	  File "/home/rafael/iotfogsim/scinetsim/applications/applicationcomponent.py", line 78, in create_connection_animation
	    con = Connection(self.simulation_core, self, self.transport.getPeer().host, self.transport.getPeer().port)
	  File "/home/rafael/iotfogsim/scinetsim/scinetsim/standarddevice.py", line 215, in __init__
	    self.device2 = simulation_core.get_any_protocol_by_addr_and_port(destiny_addr, destiny_port)
	  File "/home/rafael/iotfogsim/scinetsim/scinetsim/simulationcore.py", line 31, in get_any_protocol_by_addr_and_port
	    if proto.transport.getHost().host == addr and proto.transport.getHost().port == port:
	  File "/home/rafael/iotfogsim/vm/lib/python3.6/site-packages/twisted/internet/tcp.py", line 759, in getHost
	    return self._addressType('TCP', *_getsockname(self.socket))
	builtins.AttributeError: 'Client' object has no attribute 'socket'
	
2020-02-25T11:37:16-0300 [Uninitialized] connection lost: 'Client' object has no attribute 'socket'
2020-02-25T11:37:16-0300 [Uninitialized] connection lost - Number of events: 13
2020-02-25T11:37:16-0300 [RouterApp,1,127.0.0.1] connection lost: Connection was closed cleanly.
2020-02-25T11:37:16-0300 [RouterApp,1,127.0.0.1] Unhandled Error
	Traceback (most recent call last):
	  File "run_iotfogsim.py", line 23, in <module>
	    reactor.run()
	  File "/home/rafael/iotfogsim/vm/lib/python3.6/site-packages/twisted/internet/base.py", line 1283, in run
	    self.mainLoop()
	  File "/home/rafael/iotfogsim/vm/lib/python3.6/site-packages/twisted/internet/base.py", line 1295, in mainLoop
	    self.doIteration(t)
	  File "/home/rafael/iotfogsim/vm/lib/python3.6/site-packages/twisted/internet/epollreactor.py", line 235, in doPoll
	    log.callWithLogger(selectable, _drdw, selectable, fd, event)
	--- <exception caught here> ---
	  File "/home/rafael/iotfogsim/vm/lib/python3.6/site-packages/twisted/python/log.py", line 103, in callWithLogger
	    return callWithContext({"system": lp}, func, *args, **kw)
	  File "/home/rafael/iotfogsim/vm/lib/python3.6/site-packages/twisted/python/log.py", line 86, in callWithContext
	    return context.call({ILogContext: newCtx}, func, *args, **kw)
	  File "/home/rafael/iotfogsim/vm/lib/python3.6/site-packages/twisted/python/context.py", line 122, in callWithContext
	    return self.currentContext().callWithContext(ctx, func, *args, **kw)
	  File "/home/rafael/iotfogsim/vm/lib/python3.6/site-packages/twisted/python/context.py", line 85, in callWithContext
	    return func(*args,**kw)
	  File "/home/rafael/iotfogsim/vm/lib/python3.6/site-packages/twisted/internet/posixbase.py", line 627, in _doReadOrWrite
	    self._disconnectSelectable(selectable, why, inRead)
	  File "/home/rafael/iotfogsim/vm/lib/python3.6/site-packages/twisted/internet/posixbase.py", line 252, in _disconnectSelectable
	    selectable.readConnectionLost(f)
	  File "/home/rafael/iotfogsim/vm/lib/python3.6/site-packages/twisted/internet/tcp.py", line 307, in readConnectionLost
	    self.connectionLost(reason)
	  File "/home/rafael/iotfogsim/vm/lib/python3.6/site-packages/twisted/internet/tcp.py", line 327, in connectionLost
	    protocol.connectionLost(reason)
	  File "/home/rafael/iotfogsim/scinetsim/applications/applicationcomponent.py", line 55, in connectionLost
	    self.simulation_core.updateEventsCounter("connection lost")
	builtins.AttributeError: 'NoneType' object has no attribute 'updateEventsCounter'
	
2020-02-25T11:37:16-0300 [RouterApp,2,127.0.0.1] connection lost: Connection was closed cleanly.
2020-02-25T11:37:16-0300 [RouterApp,2,127.0.0.1] Unhandled Error
	Traceback (most recent call last):
	  File "run_iotfogsim.py", line 23, in <module>
	    reactor.run()
	  File "/home/rafael/iotfogsim/vm/lib/python3.6/site-packages/twisted/internet/base.py", line 1283, in run
	    self.mainLoop()
	  File "/home/rafael/iotfogsim/vm/lib/python3.6/site-packages/twisted/internet/base.py", line 1295, in mainLoop
	    self.doIteration(t)
	  File "/home/rafael/iotfogsim/vm/lib/python3.6/site-packages/twisted/internet/epollreactor.py", line 235, in doPoll
	    log.callWithLogger(selectable, _drdw, selectable, fd, event)
	--- <exception caught here> ---
	  File "/home/rafael/iotfogsim/vm/lib/python3.6/site-packages/twisted/python/log.py", line 103, in callWithLogger
	    return callWithContext({"system": lp}, func, *args, **kw)
	  File "/home/rafael/iotfogsim/vm/lib/python3.6/site-packages/twisted/python/log.py", line 86, in callWithContext
	    return context.call({ILogContext: newCtx}, func, *args, **kw)
	  File "/home/rafael/iotfogsim/vm/lib/python3.6/site-packages/twisted/python/context.py", line 122, in callWithContext
	    return self.currentContext().callWithContext(ctx, func, *args, **kw)
	  File "/home/rafael/iotfogsim/vm/lib/python3.6/site-packages/twisted/python/context.py", line 85, in callWithContext
	    return func(*args,**kw)
	  File "/home/rafael/iotfogsim/vm/lib/python3.6/site-packages/twisted/internet/posixbase.py", line 627, in _doReadOrWrite
	    self._disconnectSelectable(selectable, why, inRead)
	  File "/home/rafael/iotfogsim/vm/lib/python3.6/site-packages/twisted/internet/posixbase.py", line 252, in _disconnectSelectable
	    selectable.readConnectionLost(f)
	  File "/home/rafael/iotfogsim/vm/lib/python3.6/site-packages/twisted/internet/tcp.py", line 307, in readConnectionLost
	    self.connectionLost(reason)
	  File "/home/rafael/iotfogsim/vm/lib/python3.6/site-packages/twisted/internet/tcp.py", line 327, in connectionLost
	    protocol.connectionLost(reason)
	  File "/home/rafael/iotfogsim/scinetsim/applications/applicationcomponent.py", line 55, in connectionLost
	    self.simulation_core.updateEventsCounter("connection lost")
	builtins.AttributeError: 'NoneType' object has no attribute 'updateEventsCounter'
	
2020-02-25T11:37:16-0300 [stdout#info] {<applications.mqttapp.SubscriberApp object at 0x7fd5c2a86898>, <applications.mqttapp.PublisherApp object at 0x7fd5bb656f28>, <applications.mqttapp.PublisherApp object at 0x7fd5bb656b38>, <applications.mqttapp.BrokerProtocol object at 0x7fd5bb665be0>}
2020-02-25T11:37:17-0300 [-] Received SIGINT, shutting down.
2020-02-25T11:37:17-0300 [twisted.internet.protocol.ServerFactory] (TCP Port 8081 Closed)
2020-02-25T11:37:17-0300 [RouterApp,0,127.0.0.1] connection lost: Connection to the other side was lost in a non-clean fashion: Connection lost.
2020-02-25T11:37:17-0300 [RouterApp,0,127.0.0.1] Unhandled Error
	Traceback (most recent call last):
	  File "/home/rafael/iotfogsim/vm/lib/python3.6/site-packages/twisted/internet/defer.py", line 311, in addCallbacks
	    self._runCallbacks()
	  File "/home/rafael/iotfogsim/vm/lib/python3.6/site-packages/twisted/internet/defer.py", line 654, in _runCallbacks
	    current.result = callback(current.result, *args, **kw)
	  File "/home/rafael/iotfogsim/vm/lib/python3.6/site-packages/twisted/internet/base.py", line 447, in _continueFiring
	    callable(*args, **kwargs)
	  File "/home/rafael/iotfogsim/vm/lib/python3.6/site-packages/twisted/internet/base.py", line 706, in disconnectAll
	    failure.Failure(main.CONNECTION_LOST))
	--- <exception caught here> ---
	  File "/home/rafael/iotfogsim/vm/lib/python3.6/site-packages/twisted/python/log.py", line 103, in callWithLogger
	    return callWithContext({"system": lp}, func, *args, **kw)
	  File "/home/rafael/iotfogsim/vm/lib/python3.6/site-packages/twisted/python/log.py", line 86, in callWithContext
	    return context.call({ILogContext: newCtx}, func, *args, **kw)
	  File "/home/rafael/iotfogsim/vm/lib/python3.6/site-packages/twisted/python/context.py", line 122, in callWithContext
	    return self.currentContext().callWithContext(ctx, func, *args, **kw)
	  File "/home/rafael/iotfogsim/vm/lib/python3.6/site-packages/twisted/python/context.py", line 85, in callWithContext
	    return func(*args,**kw)
	  File "/home/rafael/iotfogsim/vm/lib/python3.6/site-packages/twisted/internet/tcp.py", line 327, in connectionLost
	    protocol.connectionLost(reason)
	  File "/home/rafael/iotfogsim/scinetsim/applications/applicationcomponent.py", line 55, in connectionLost
	    self.simulation_core.updateEventsCounter("connection lost")
	builtins.AttributeError: 'NoneType' object has no attribute 'updateEventsCounter'
	
2020-02-25T11:37:17-0300 [applications.mqttapp.BrokerFactory] (TCP Port 5100 Closed)
2020-02-25T11:37:17-0300 [SubscriberApp,client] connection lost: Connection to the other side was lost in a non-clean fashion: Connection lost.
2020-02-25T11:37:17-0300 [SubscriberApp,client] connection lost - Number of events: 14
2020-02-25T11:37:17-0300 [-] Main loop terminated.
