2020-06-21T16:11:18-0300 [-] Creating router ...
2020-06-21T16:11:18-0300 [-] Initializing Router - Number of events: 1
2020-06-21T16:11:18-0300 [-] RouterFactory starting on 8081
2020-06-21T16:11:18-0300 [-] Initializing Server - Number of events: 2
2020-06-21T16:11:19-0300 [-] BrokerFactory starting on 5100
2020-06-21T16:11:19-0300 [-] Initializing Client - Number of events: 3
2020-06-21T16:11:19-0300 [-] Initializing Client - Number of events: 4
2020-06-21T16:11:20-0300 [-] Initializing Client - Number of events: 5
2020-06-21T16:11:20-0300 [-] Initializing Client - Number of events: 6
2020-06-21T16:11:21-0300 [-] Initializing Client - Number of events: 7
2020-06-21T16:11:21-0300 [-] Initializing Client - Number of events: 8
2020-06-21T16:11:22-0300 [-] Initializing Client - Number of events: 9
2020-06-21T16:11:22-0300 [stdout#info] This divice have no simulation core instance
2020-06-21T16:11:22-0300 [stdout#info] This divice have no simulation core instance
2020-06-21T16:11:22-0300 [stdout#info] This divice have no simulation core instance
2020-06-21T16:11:22-0300 [stdout#info] This divice have no simulation core instance
2020-06-21T16:11:22-0300 [stdout#info] This divice have no simulation core instance
2020-06-21T16:11:22-0300 [stdout#info] This divice have no simulation core instance
2020-06-21T16:11:22-0300 [stdout#info] This divice have no simulation core instance
2020-06-21T16:11:22-0300 [stdout#info] This divice have no simulation core instance
2020-06-21T16:11:22-0300 [Uninitialized] 127.0.0.1:54654 - Connected to mqtt broker - Number of events: 10
2020-06-21T16:11:22-0300 [Uninitialized] 127.0.0.1:54654 - sending MQTT SUBSCRIBE REQUEST - Number of events: 11
2020-06-21T16:11:22-0300 [Uninitialized] 127.0.0.1:54656 - Connected to mqtt broker - Number of events: 12
2020-06-21T16:11:22-0300 [Uninitialized] 127.0.0.1:54656 - sending MQTT SUBSCRIBE REQUEST - Number of events: 13
2020-06-21T16:11:22-0300 [Uninitialized] 127.0.0.1:54658 - Connected to mqtt broker - Number of events: 14
2020-06-21T16:11:22-0300 [Uninitialized] 127.0.0.1:54658 - sending MQTT PUBLISH REQUEST - Number of events: 15
2020-06-21T16:11:22-0300 [Uninitialized] 127.0.0.1:54660 - Connected to mqtt broker - Number of events: 16
2020-06-21T16:11:22-0300 [Uninitialized] 127.0.0.1:54660 - sending MQTT PUBLISH REQUEST - Number of events: 17
2020-06-21T16:11:22-0300 [Uninitialized] 127.0.0.1:54662 - Connected to mqtt broker - Number of events: 18
2020-06-21T16:11:22-0300 [Uninitialized] 127.0.0.1:54662 - sending MQTT PUBLISH REQUEST - Number of events: 19
2020-06-21T16:11:22-0300 [Uninitialized] 127.0.0.1:54664 - Connected to mqtt broker - Number of events: 20
2020-06-21T16:11:22-0300 [Uninitialized] 127.0.0.1:54664 - sending MQTT PUBLISH REQUEST - Number of events: 21
2020-06-21T16:11:22-0300 [Uninitialized] 127.0.0.1:54666 - Connected to mqtt broker - Number of events: 22
2020-06-21T16:11:22-0300 [Uninitialized] 127.0.0.1:54666 - sending MQTT PUBLISH REQUEST - Number of events: 23
2020-06-21T16:11:22-0300 [twisted.internet.endpoints.OneShotFactory#info] Starting factory <twisted.internet.endpoints.connectProtocol.<locals>.OneShotFactory object at 0x7fcb4bbc7438>
2020-06-21T16:11:22-0300 [twisted.internet.endpoints.OneShotFactory#info] Starting factory <twisted.internet.endpoints.connectProtocol.<locals>.OneShotFactory object at 0x7fcb4bbc7630>
2020-06-21T16:11:22-0300 [twisted.internet.endpoints.OneShotFactory#info] Starting factory <twisted.internet.endpoints.connectProtocol.<locals>.OneShotFactory object at 0x7fcb4bbc7828>
2020-06-21T16:11:22-0300 [twisted.internet.endpoints.OneShotFactory#info] Starting factory <twisted.internet.endpoints.connectProtocol.<locals>.OneShotFactory object at 0x7fcb4bbc7a20>
2020-06-21T16:11:22-0300 [twisted.internet.endpoints.OneShotFactory#info] Starting factory <twisted.internet.endpoints.connectProtocol.<locals>.OneShotFactory object at 0x7fcb4bbc7c18>
2020-06-21T16:11:22-0300 [twisted.internet.endpoints.OneShotFactory#info] Starting factory <twisted.internet.endpoints.connectProtocol.<locals>.OneShotFactory object at 0x7fcb4bbc7e10>
2020-06-21T16:11:22-0300 [twisted.internet.endpoints.OneShotFactory#info] Starting factory <twisted.internet.endpoints.connectProtocol.<locals>.OneShotFactory object at 0x7fcb4bbd1160>
2020-06-21T16:11:22-0300 [SubscriberApp,client] local variable 'json_msg' referenced before assignment
2020-06-21T16:11:22-0300 [SubscriberApp,client] local variable 'json_msg' referenced before assignment
2020-06-21T16:11:22-0300 [PublisherApp,client] local variable 'json_msg' referenced before assignment
2020-06-21T16:11:22-0300 [PublisherApp,client] local variable 'json_msg' referenced before assignment
2020-06-21T16:11:22-0300 [PublisherApp,client] local variable 'json_msg' referenced before assignment
2020-06-21T16:11:22-0300 [PublisherApp,client] local variable 'json_msg' referenced before assignment
2020-06-21T16:11:22-0300 [PublisherApp,client] local variable 'json_msg' referenced before assignment
2020-06-21T16:11:22-0300 [SubscriberApp,client] local variable 'json_msg' referenced before assignment
2020-06-21T16:11:22-0300 [SubscriberApp,client] local variable 'json_msg' referenced before assignment
2020-06-21T16:11:22-0300 [PublisherApp,client] local variable 'json_msg' referenced before assignment
2020-06-21T16:11:22-0300 [PublisherApp,client] local variable 'json_msg' referenced before assignment
2020-06-21T16:11:22-0300 [PublisherApp,client] local variable 'json_msg' referenced before assignment
2020-06-21T16:11:22-0300 [PublisherApp,client] local variable 'json_msg' referenced before assignment
2020-06-21T16:11:22-0300 [PublisherApp,client] local variable 'json_msg' referenced before assignment
2020-06-21T16:11:27-0300 [-] 127.0.0.1:54658 - sending MQTT PUBLISH REQUEST - Number of events: 24
2020-06-21T16:11:27-0300 [-] 127.0.0.1:54660 - sending MQTT PUBLISH REQUEST - Number of events: 25
2020-06-21T16:11:27-0300 [-] 127.0.0.1:54662 - sending MQTT PUBLISH REQUEST - Number of events: 26
2020-06-21T16:11:27-0300 [-] 127.0.0.1:54664 - sending MQTT PUBLISH REQUEST - Number of events: 27
2020-06-21T16:11:27-0300 [twisted.internet.endpoints.OneShotFactory#info] Starting factory <twisted.internet.endpoints.connectProtocol.<locals>.OneShotFactory object at 0x7fcb4bbd1ac8>
2020-06-21T16:11:27-0300 [twisted.internet.endpoints.OneShotFactory#info] Starting factory <twisted.internet.endpoints.connectProtocol.<locals>.OneShotFactory object at 0x7fcb4bbd1d30>
2020-06-21T16:11:27-0300 [-] 127.0.0.1:54666 - sending MQTT PUBLISH REQUEST - Number of events: 28
2020-06-21T16:11:28-0300 [twisted.internet.endpoints.OneShotFactory#info] Stopping factory <twisted.internet.endpoints.connectProtocol.<locals>.OneShotFactory object at 0x7fcb4bbc7828>
2020-06-21T16:11:28-0300 [twisted.internet.endpoints.OneShotFactory#info] Stopping factory <twisted.internet.endpoints.connectProtocol.<locals>.OneShotFactory object at 0x7fcb4bbc7a20>
2020-06-21T16:11:28-0300 [twisted.internet.endpoints.OneShotFactory#info] Starting factory <twisted.internet.endpoints.connectProtocol.<locals>.OneShotFactory object at 0x7fcb4bbd17f0>
2020-06-21T16:11:28-0300 [twisted.internet.endpoints.OneShotFactory#info] Starting factory <twisted.internet.endpoints.connectProtocol.<locals>.OneShotFactory object at 0x7fcb4bbd1b70>
2020-06-21T16:11:28-0300 [twisted.internet.endpoints.OneShotFactory#info] Stopping factory <twisted.internet.endpoints.connectProtocol.<locals>.OneShotFactory object at 0x7fcb4bbc7c18>
2020-06-21T16:11:28-0300 [twisted.internet.endpoints.OneShotFactory#info] Stopping factory <twisted.internet.endpoints.connectProtocol.<locals>.OneShotFactory object at 0x7fcb4bbc7e10>
2020-06-21T16:11:28-0300 [twisted.internet.endpoints.OneShotFactory#info] Starting factory <twisted.internet.endpoints.connectProtocol.<locals>.OneShotFactory object at 0x7fcb4bbdb320>
2020-06-21T16:11:28-0300 [twisted.internet.endpoints.OneShotFactory#info] Stopping factory <twisted.internet.endpoints.connectProtocol.<locals>.OneShotFactory object at 0x7fcb4bbd1160>
2020-06-21T16:11:28-0300 [PublisherApp,client] local variable 'json_msg' referenced before assignment
2020-06-21T16:11:28-0300 [PublisherApp,client] local variable 'json_msg' referenced before assignment
2020-06-21T16:11:28-0300 [PublisherApp,client] local variable 'json_msg' referenced before assignment
2020-06-21T16:11:28-0300 [PublisherApp,client] local variable 'json_msg' referenced before assignment
2020-06-21T16:11:28-0300 [SubscriberApp,client] local variable 'json_msg' referenced before assignment
2020-06-21T16:11:28-0300 [SubscriberApp,client] local variable 'json_msg' referenced before assignment
2020-06-21T16:11:28-0300 [PublisherApp,client] local variable 'json_msg' referenced before assignment
2020-06-21T16:11:28-0300 [SubscriberApp,client] local variable 'json_msg' referenced before assignment
2020-06-21T16:11:28-0300 [SubscriberApp,client] local variable 'json_msg' referenced before assignment
2020-06-21T16:11:32-0300 [-] 127.0.0.1:54658 - sending MQTT PUBLISH REQUEST - Number of events: 29
2020-06-21T16:11:32-0300 [-] 127.0.0.1:54660 - sending MQTT PUBLISH REQUEST - Number of events: 30
2020-06-21T16:11:32-0300 [-] 127.0.0.1:54662 - sending MQTT PUBLISH REQUEST - Number of events: 31
2020-06-21T16:11:32-0300 [-] 127.0.0.1:54664 - sending MQTT PUBLISH REQUEST - Number of events: 32
2020-06-21T16:11:33-0300 [twisted.internet.endpoints.OneShotFactory#info] Starting factory <twisted.internet.endpoints.connectProtocol.<locals>.OneShotFactory object at 0x7fcb4bbdb630>
2020-06-21T16:11:33-0300 [twisted.internet.endpoints.OneShotFactory#info] Starting factory <twisted.internet.endpoints.connectProtocol.<locals>.OneShotFactory object at 0x7fcb4bbdb7f0>
2020-06-21T16:11:33-0300 [twisted.internet.endpoints.OneShotFactory#info] Starting factory <twisted.internet.endpoints.connectProtocol.<locals>.OneShotFactory object at 0x7fcb4bbdb9e8>
2020-06-21T16:11:33-0300 [twisted.internet.endpoints.OneShotFactory#info] Starting factory <twisted.internet.endpoints.connectProtocol.<locals>.OneShotFactory object at 0x7fcb4bbdbc50>
2020-06-21T16:11:33-0300 [-] 127.0.0.1:54666 - sending MQTT PUBLISH REQUEST - Number of events: 33
2020-06-21T16:11:33-0300 [twisted.internet.endpoints.OneShotFactory#info] Stopping factory <twisted.internet.endpoints.connectProtocol.<locals>.OneShotFactory object at 0x7fcb4bbd1ac8>
2020-06-21T16:11:33-0300 [twisted.internet.endpoints.OneShotFactory#info] Stopping factory <twisted.internet.endpoints.connectProtocol.<locals>.OneShotFactory object at 0x7fcb4bbd1d30>
2020-06-21T16:11:33-0300 [twisted.internet.endpoints.OneShotFactory#info] Stopping factory <twisted.internet.endpoints.connectProtocol.<locals>.OneShotFactory object at 0x7fcb4bbd17f0>
2020-06-21T16:11:33-0300 [twisted.internet.endpoints.OneShotFactory#info] Stopping factory <twisted.internet.endpoints.connectProtocol.<locals>.OneShotFactory object at 0x7fcb4bbd1b70>
2020-06-21T16:11:33-0300 [twisted.internet.endpoints.OneShotFactory#info] Starting factory <twisted.internet.endpoints.connectProtocol.<locals>.OneShotFactory object at 0x7fcb4bbe6198>
2020-06-21T16:11:33-0300 [twisted.internet.endpoints.OneShotFactory#info] Stopping factory <twisted.internet.endpoints.connectProtocol.<locals>.OneShotFactory object at 0x7fcb4bbdb320>
2020-06-21T16:11:33-0300 [PublisherApp,client] local variable 'json_msg' referenced before assignment
2020-06-21T16:11:33-0300 [PublisherApp,client] local variable 'json_msg' referenced before assignment
2020-06-21T16:11:33-0300 [PublisherApp,client] local variable 'json_msg' referenced before assignment
2020-06-21T16:11:33-0300 [PublisherApp,client] local variable 'json_msg' referenced before assignment
2020-06-21T16:11:33-0300 [SubscriberApp,client] local variable 'json_msg' referenced before assignment
2020-06-21T16:11:33-0300 [SubscriberApp,client] local variable 'json_msg' referenced before assignment
2020-06-21T16:11:33-0300 [PublisherApp,client] local variable 'json_msg' referenced before assignment
2020-06-21T16:11:33-0300 [SubscriberApp,client] local variable 'json_msg' referenced before assignment
2020-06-21T16:11:33-0300 [SubscriberApp,client] local variable 'json_msg' referenced before assignment
2020-06-21T16:11:37-0300 [-] 127.0.0.1:54658 - sending MQTT PUBLISH REQUEST - Number of events: 34
2020-06-21T16:11:37-0300 [-] 127.0.0.1:54660 - sending MQTT PUBLISH REQUEST - Number of events: 35
2020-06-21T16:11:38-0300 [twisted.internet.endpoints.OneShotFactory#info] Starting factory <twisted.internet.endpoints.connectProtocol.<locals>.OneShotFactory object at 0x7fcb4bbe60f0>
2020-06-21T16:11:38-0300 [-] 127.0.0.1:54662 - sending MQTT PUBLISH REQUEST - Number of events: 36
2020-06-21T16:11:38-0300 [-] 127.0.0.1:54664 - sending MQTT PUBLISH REQUEST - Number of events: 37
2020-06-21T16:11:38-0300 [twisted.internet.endpoints.OneShotFactory#info] Stopping factory <twisted.internet.endpoints.connectProtocol.<locals>.OneShotFactory object at 0x7fcb4bbdb630>
2020-06-21T16:11:38-0300 [twisted.internet.endpoints.OneShotFactory#info] Starting factory <twisted.internet.endpoints.connectProtocol.<locals>.OneShotFactory object at 0x7fcb4bbe6358>
2020-06-21T16:11:38-0300 [twisted.internet.endpoints.OneShotFactory#info] Stopping factory <twisted.internet.endpoints.connectProtocol.<locals>.OneShotFactory object at 0x7fcb4bbdb7f0>
2020-06-21T16:11:38-0300 [twisted.internet.endpoints.OneShotFactory#info] Starting factory <twisted.internet.endpoints.connectProtocol.<locals>.OneShotFactory object at 0x7fcb4bbe63c8>
2020-06-21T16:11:38-0300 [twisted.internet.endpoints.OneShotFactory#info] Starting factory <twisted.internet.endpoints.connectProtocol.<locals>.OneShotFactory object at 0x7fcb4bbe6a58>
2020-06-21T16:11:38-0300 [twisted.internet.endpoints.OneShotFactory#info] Stopping factory <twisted.internet.endpoints.connectProtocol.<locals>.OneShotFactory object at 0x7fcb4bbdb9e8>
2020-06-21T16:11:38-0300 [twisted.internet.endpoints.OneShotFactory#info] Stopping factory <twisted.internet.endpoints.connectProtocol.<locals>.OneShotFactory object at 0x7fcb4bbdbc50>
2020-06-21T16:11:38-0300 [-] 127.0.0.1:54666 - sending MQTT PUBLISH REQUEST - Number of events: 38
2020-06-21T16:11:38-0300 [PublisherApp,client] local variable 'json_msg' referenced before assignment
2020-06-21T16:11:38-0300 [twisted.internet.endpoints.OneShotFactory#info] Starting factory <twisted.internet.endpoints.connectProtocol.<locals>.OneShotFactory object at 0x7fcb4bbe6c50>
2020-06-21T16:11:38-0300 [PublisherApp,client] local variable 'json_msg' referenced before assignment
2020-06-21T16:11:38-0300 [SubscriberApp,client] local variable 'json_msg' referenced before assignment
2020-06-21T16:11:38-0300 [SubscriberApp,client] local variable 'json_msg' referenced before assignment
2020-06-21T16:11:38-0300 [twisted.internet.endpoints.OneShotFactory#info] Stopping factory <twisted.internet.endpoints.connectProtocol.<locals>.OneShotFactory object at 0x7fcb4bbe6198>
2020-06-21T16:11:38-0300 [PublisherApp,client] local variable 'json_msg' referenced before assignment
2020-06-21T16:11:38-0300 [SubscriberApp,client] local variable 'json_msg' referenced before assignment
2020-06-21T16:11:38-0300 [SubscriberApp,client] local variable 'json_msg' referenced before assignment
2020-06-21T16:11:38-0300 [PublisherApp,client] local variable 'json_msg' referenced before assignment
2020-06-21T16:11:38-0300 [PublisherApp,client] local variable 'json_msg' referenced before assignment
2020-06-21T16:11:38-0300 [SubscriberApp,client] local variable 'json_msg' referenced before assignment
2020-06-21T16:11:38-0300 [SubscriberApp,client] local variable 'json_msg' referenced before assignment
2020-06-21T16:11:42-0300 [-] 127.0.0.1:54658 - sending MQTT PUBLISH REQUEST - Number of events: 39
2020-06-21T16:11:42-0300 [-] 127.0.0.1:54660 - sending MQTT PUBLISH REQUEST - Number of events: 40
2020-06-21T16:11:42-0300 [twisted.internet.endpoints.OneShotFactory#info] Starting factory <twisted.internet.endpoints.connectProtocol.<locals>.OneShotFactory object at 0x7fcb4bbe6f28>
2020-06-21T16:11:42-0300 [twisted.internet.endpoints.OneShotFactory#info] Stopping factory <twisted.internet.endpoints.connectProtocol.<locals>.OneShotFactory object at 0x7fcb4bbe60f0>
2020-06-21T16:11:42-0300 [twisted.internet.endpoints.OneShotFactory#info] Starting factory <twisted.internet.endpoints.connectProtocol.<locals>.OneShotFactory object at 0x7fcb4bbec0b8>
2020-06-21T16:11:42-0300 [twisted.internet.endpoints.OneShotFactory#info] Stopping factory <twisted.internet.endpoints.connectProtocol.<locals>.OneShotFactory object at 0x7fcb4bbe6358>
2020-06-21T16:11:43-0300 [-] 127.0.0.1:54662 - sending MQTT PUBLISH REQUEST - Number of events: 41
2020-06-21T16:11:43-0300 [-] 127.0.0.1:54664 - sending MQTT PUBLISH REQUEST - Number of events: 42
2020-06-21T16:11:43-0300 [-] 127.0.0.1:54666 - sending MQTT PUBLISH REQUEST - Number of events: 43
2020-06-21T16:11:43-0300 [PublisherApp,client] local variable 'json_msg' referenced before assignment
2020-06-21T16:11:43-0300 [twisted.internet.endpoints.OneShotFactory#info] Starting factory <twisted.internet.endpoints.connectProtocol.<locals>.OneShotFactory object at 0x7fcb4bbec3c8>
2020-06-21T16:11:43-0300 [twisted.internet.endpoints.OneShotFactory#info] Starting factory <twisted.internet.endpoints.connectProtocol.<locals>.OneShotFactory object at 0x7fcb4bbec5c0>
2020-06-21T16:11:43-0300 [PublisherApp,client] local variable 'json_msg' referenced before assignment
2020-06-21T16:11:43-0300 [SubscriberApp,client] local variable 'json_msg' referenced before assignment
2020-06-21T16:11:43-0300 [SubscriberApp,client] local variable 'json_msg' referenced before assignment
2020-06-21T16:11:43-0300 [twisted.internet.endpoints.OneShotFactory#info] Stopping factory <twisted.internet.endpoints.connectProtocol.<locals>.OneShotFactory object at 0x7fcb4bbe63c8>
2020-06-21T16:11:43-0300 [twisted.internet.endpoints.OneShotFactory#info] Stopping factory <twisted.internet.endpoints.connectProtocol.<locals>.OneShotFactory object at 0x7fcb4bbe6a58>
2020-06-21T16:11:43-0300 [twisted.internet.endpoints.OneShotFactory#info] Starting factory <twisted.internet.endpoints.connectProtocol.<locals>.OneShotFactory object at 0x7fcb4bbe6438>
2020-06-21T16:11:43-0300 [twisted.internet.endpoints.OneShotFactory#info] Stopping factory <twisted.internet.endpoints.connectProtocol.<locals>.OneShotFactory object at 0x7fcb4bbe6c50>
2020-06-21T16:11:43-0300 [PublisherApp,client] local variable 'json_msg' referenced before assignment
2020-06-21T16:11:43-0300 [PublisherApp,client] local variable 'json_msg' referenced before assignment
2020-06-21T16:11:43-0300 [PublisherApp,client] local variable 'json_msg' referenced before assignment
2020-06-21T16:11:43-0300 [SubscriberApp,client] local variable 'json_msg' referenced before assignment
2020-06-21T16:11:43-0300 [SubscriberApp,client] local variable 'json_msg' referenced before assignment
2020-06-21T16:11:47-0300 [-] 127.0.0.1:54658 - sending MQTT PUBLISH REQUEST - Number of events: 44
2020-06-21T16:11:47-0300 [-] 127.0.0.1:54660 - sending MQTT PUBLISH REQUEST - Number of events: 45
2020-06-21T16:11:47-0300 [twisted.internet.endpoints.OneShotFactory#info] Starting factory <twisted.internet.endpoints.connectProtocol.<locals>.OneShotFactory object at 0x7fcb4bbc71d0>
2020-06-21T16:11:47-0300 [twisted.internet.endpoints.OneShotFactory#info] Starting factory <twisted.internet.endpoints.connectProtocol.<locals>.OneShotFactory object at 0x7fcb4bbdb9b0>
2020-06-21T16:11:48-0300 [twisted.internet.endpoints.OneShotFactory#info] Stopping factory <twisted.internet.endpoints.connectProtocol.<locals>.OneShotFactory object at 0x7fcb4bbe6f28>
2020-06-21T16:11:48-0300 [twisted.internet.endpoints.OneShotFactory#info] Stopping factory <twisted.internet.endpoints.connectProtocol.<locals>.OneShotFactory object at 0x7fcb4bbec0b8>
2020-06-21T16:11:48-0300 [PublisherApp,client] local variable 'json_msg' referenced before assignment
2020-06-21T16:11:48-0300 [PublisherApp,client] local variable 'json_msg' referenced before assignment
2020-06-21T16:11:48-0300 [SubscriberApp,client] local variable 'json_msg' referenced before assignment
2020-06-21T16:11:48-0300 [SubscriberApp,client] local variable 'json_msg' referenced before assignment
2020-06-21T16:11:48-0300 [-] 127.0.0.1:54662 - sending MQTT PUBLISH REQUEST - Number of events: 46
2020-06-21T16:11:48-0300 [-] 127.0.0.1:54664 - sending MQTT PUBLISH REQUEST - Number of events: 47
2020-06-21T16:11:48-0300 [-] 127.0.0.1:54666 - sending MQTT PUBLISH REQUEST - Number of events: 48
2020-06-21T16:11:48-0300 [twisted.internet.endpoints.OneShotFactory#info] Starting factory <twisted.internet.endpoints.connectProtocol.<locals>.OneShotFactory object at 0x7fcb4bbdb898>
2020-06-21T16:11:48-0300 [twisted.internet.endpoints.OneShotFactory#info] Starting factory <twisted.internet.endpoints.connectProtocol.<locals>.OneShotFactory object at 0x7fcb4bbdb588>
2020-06-21T16:11:48-0300 [twisted.internet.endpoints.OneShotFactory#info] Stopping factory <twisted.internet.endpoints.connectProtocol.<locals>.OneShotFactory object at 0x7fcb4bbec3c8>
2020-06-21T16:11:48-0300 [twisted.internet.endpoints.OneShotFactory#info] Stopping factory <twisted.internet.endpoints.connectProtocol.<locals>.OneShotFactory object at 0x7fcb4bbec5c0>
2020-06-21T16:11:48-0300 [twisted.internet.endpoints.OneShotFactory#info] Starting factory <twisted.internet.endpoints.connectProtocol.<locals>.OneShotFactory object at 0x7fcb4bbdb7b8>
2020-06-21T16:11:48-0300 [twisted.internet.endpoints.OneShotFactory#info] Stopping factory <twisted.internet.endpoints.connectProtocol.<locals>.OneShotFactory object at 0x7fcb4bbe6438>
2020-06-21T16:11:48-0300 [PublisherApp,client] local variable 'json_msg' referenced before assignment
2020-06-21T16:11:48-0300 [PublisherApp,client] local variable 'json_msg' referenced before assignment
2020-06-21T16:11:48-0300 [PublisherApp,client] local variable 'json_msg' referenced before assignment
2020-06-21T16:11:48-0300 [SubscriberApp,client] local variable 'json_msg' referenced before assignment
2020-06-21T16:11:48-0300 [SubscriberApp,client] local variable 'json_msg' referenced before assignment
2020-06-21T16:11:49-0300 [-] Received SIGINT, shutting down.
2020-06-21T16:11:49-0300 [applications.mqttapp.BrokerFactory] (TCP Port 5100 Closed)
2020-06-21T16:11:49-0300 [PublisherApp,client] connection lost: Connection to the other side was lost in a non-clean fashion: Connection lost.
2020-06-21T16:11:49-0300 [PublisherApp,client] connection lost - Number of events: 49
2020-06-21T16:11:49-0300 [SubscriberApp,client] connection lost: Connection to the other side was lost in a non-clean fashion: Connection lost.
2020-06-21T16:11:49-0300 [SubscriberApp,client] connection lost - Number of events: 50
2020-06-21T16:11:49-0300 [PublisherApp,client] connection lost: Connection to the other side was lost in a non-clean fashion: Connection lost.
2020-06-21T16:11:49-0300 [PublisherApp,client] connection lost - Number of events: 51
2020-06-21T16:11:49-0300 [twisted.internet.endpoints.OneShotFactory#info] Stopping factory <twisted.internet.endpoints.connectProtocol.<locals>.OneShotFactory object at 0x7fcb4bbdb9b0>
2020-06-21T16:11:49-0300 [twisted.internet.endpoints.OneShotFactory#info] Stopping factory <twisted.internet.endpoints.connectProtocol.<locals>.OneShotFactory object at 0x7fcb4bbc71d0>
2020-06-21T16:11:49-0300 [twisted.internet.endpoints.OneShotFactory#info] Stopping factory <twisted.internet.endpoints.connectProtocol.<locals>.OneShotFactory object at 0x7fcb4bbc7438>
2020-06-21T16:11:49-0300 [twisted.internet.endpoints.OneShotFactory#info] Stopping factory <twisted.internet.endpoints.connectProtocol.<locals>.OneShotFactory object at 0x7fcb4bbdb7b8>
2020-06-21T16:11:49-0300 [twisted.internet.endpoints.OneShotFactory#info] Stopping factory <twisted.internet.endpoints.connectProtocol.<locals>.OneShotFactory object at 0x7fcb4bbdb898>
2020-06-21T16:11:49-0300 [PublisherApp,client] connection lost: Connection to the other side was lost in a non-clean fashion: Connection lost.
2020-06-21T16:11:49-0300 [PublisherApp,client] connection lost - Number of events: 52
2020-06-21T16:11:49-0300 [PublisherApp,client] connection lost: Connection to the other side was lost in a non-clean fashion: Connection lost.
2020-06-21T16:11:49-0300 [PublisherApp,client] connection lost - Number of events: 53
2020-06-21T16:11:49-0300 [PublisherApp,client] connection lost: Connection to the other side was lost in a non-clean fashion: Connection lost.
2020-06-21T16:11:49-0300 [PublisherApp,client] connection lost - Number of events: 54
2020-06-21T16:11:49-0300 [applications.routerapp.RouterFactory] (TCP Port 8081 Closed)
2020-06-21T16:11:49-0300 [SubscriberApp,client] connection lost: Connection to the other side was lost in a non-clean fashion: Connection lost.
2020-06-21T16:11:49-0300 [SubscriberApp,client] connection lost - Number of events: 55
2020-06-21T16:11:49-0300 [twisted.internet.endpoints.OneShotFactory#info] Stopping factory <twisted.internet.endpoints.connectProtocol.<locals>.OneShotFactory object at 0x7fcb4bbc7630>
2020-06-21T16:11:49-0300 [twisted.internet.endpoints.OneShotFactory#info] Stopping factory <twisted.internet.endpoints.connectProtocol.<locals>.OneShotFactory object at 0x7fcb4bbdb588>
2020-06-21T16:11:49-0300 [-] Main loop terminated.
