2020-02-25T17:44:28-0300 [-] Creating router ...
2020-02-25T17:44:28-0300 [-] Initializing Router - Number of events: 1
2020-02-25T17:44:28-0300 [-] RouterFactory starting on 8081
2020-02-25T17:44:28-0300 [twisted.internet.protocol.ClientFactory#info] Starting factory <twisted.internet.protocol.ClientFactory object at 0x7f75e9a609e8>
2020-02-25T17:44:28-0300 [-] Creating fog node ...
2020-02-25T17:44:28-0300 [stdout#info] applications.mqttapp.SubscriberApp
2020-02-25T17:44:28-0300 [-] Initializing Client - Number of events: 2
2020-02-25T17:44:28-0300 [-] Creating fog node ...
2020-02-25T17:44:28-0300 [-] Initializing Server - Number of events: 3
2020-02-25T17:44:28-0300 [-] BrokerFactory starting on 5100
2020-02-25T17:44:28-0300 [-] Creating iot node ...
2020-02-25T17:44:28-0300 [stdout#info] applications.mqttapp.PublisherApp
2020-02-25T17:44:28-0300 [-] Initializing Client - Number of events: 4
2020-02-25T17:44:28-0300 [-] Creating iot node ...
2020-02-25T17:44:28-0300 [stdout#info] applications.mqttapp.PublisherApp
2020-02-25T17:44:28-0300 [-] Initializing Client - Number of events: 5
2020-02-25T17:44:28-0300 [stdout#info] This divice have no simulation core instance
2020-02-25T17:44:28-0300 [stdout#info] This divice have no simulation core instance
2020-02-25T17:44:28-0300 [stdout#info] This divice have no simulation core instance
2020-02-25T17:44:28-0300 [stdout#info] This divice have no simulation core instance
2020-02-25T17:44:28-0300 [Uninitialized] 127.0.0.1:46026 - Connected to mqtt broker - Number of events: 6
2020-02-25T17:44:28-0300 [Uninitialized] 127.0.0.1:46026 - sending MQTT SUBSCRIBE REQUEST - Number of events: 7
2020-02-25T17:44:28-0300 [stdout#info] {<applications.mqttapp.SubscriberApp object at 0x7f75e9a60e10>, <applications.routerapp.RouterAppProtocol object at 0x7f75e45d8550>}
2020-02-25T17:44:28-0300 [stdout#info] 127.0.0.18081
2020-02-25T17:44:28-0300 [Uninitialized] 127.0.0.1:46028 - Connected to mqtt broker - Number of events: 8
2020-02-25T17:44:28-0300 [Uninitialized] 127.0.0.1:46028 - sending MQTT PUBLISH REQUEST - Number of events: 9
2020-02-25T17:44:28-0300 [stdout#info] {<applications.mqttapp.SubscriberApp object at 0x7f75e9a60e10>, <applications.routerapp.RouterAppProtocol object at 0x7f75e45d8550>, <applications.mqttapp.PublisherApp object at 0x7f75e2640160>}
2020-02-25T17:44:28-0300 [stdout#info] 127.0.0.18081
2020-02-25T17:44:28-0300 [Uninitialized] 127.0.0.1:46030 - Connected to mqtt broker - Number of events: 10
2020-02-25T17:44:28-0300 [Uninitialized] 127.0.0.1:46030 - sending MQTT PUBLISH REQUEST - Number of events: 11
2020-02-25T17:44:28-0300 [stdout#info] {<applications.mqttapp.SubscriberApp object at 0x7f75e9a60e10>, <applications.mqttapp.PublisherApp object at 0x7f75e2640550>, <applications.routerapp.RouterAppProtocol object at 0x7f75e45d8550>, <applications.mqttapp.PublisherApp object at 0x7f75e2640160>}
2020-02-25T17:44:28-0300 [stdout#info] 127.0.0.18081
2020-02-25T17:44:28-0300 [RouterAppProtocol,1,127.0.0.1] Unhandled Error
	Traceback (most recent call last):
	  File "/home/rafael/iotfogsim/vm/lib/python3.6/site-packages/twisted/python/log.py", line 103, in callWithLogger
	    return callWithContext({"system": lp}, func, *args, **kw)
	  File "/home/rafael/iotfogsim/vm/lib/python3.6/site-packages/twisted/python/log.py", line 86, in callWithContext
	    return context.call({ILogContext: newCtx}, func, *args, **kw)
	  File "/home/rafael/iotfogsim/vm/lib/python3.6/site-packages/twisted/python/context.py", line 122, in callWithContext
	    return self.currentContext().callWithContext(ctx, func, *args, **kw)
	  File "/home/rafael/iotfogsim/vm/lib/python3.6/site-packages/twisted/python/context.py", line 85, in callWithContext
	    return func(*args,**kw)
	--- <exception caught here> ---
	  File "/home/rafael/iotfogsim/vm/lib/python3.6/site-packages/twisted/internet/posixbase.py", line 614, in _doReadOrWrite
	    why = selectable.doRead()
	  File "/home/rafael/iotfogsim/vm/lib/python3.6/site-packages/twisted/internet/tcp.py", line 243, in doRead
	    return self._dataReceived(data)
	  File "/home/rafael/iotfogsim/vm/lib/python3.6/site-packages/twisted/internet/tcp.py", line 249, in _dataReceived
	    rval = self.protocol.dataReceived(data)
	  File "/home/rafael/iotfogsim/scinetsim/applications/routerapp.py", line 103, in dataReceived
	    d = connectProtocol(point, cur_protocol)
	builtins.NameError: name 'connectProtocol' is not defined
	
2020-02-25T17:44:28-0300 [RouterAppProtocol,1,127.0.0.1] connection lost: name 'connectProtocol' is not defined
2020-02-25T17:44:28-0300 [RouterAppProtocol,1,127.0.0.1] Unhandled Error
	Traceback (most recent call last):
	  File "run_iotfogsim.py", line 23, in <module>
	    reactor.run()
	  File "/home/rafael/iotfogsim/vm/lib/python3.6/site-packages/twisted/internet/base.py", line 1283, in run
	    self.mainLoop()
	  File "/home/rafael/iotfogsim/vm/lib/python3.6/site-packages/twisted/internet/base.py", line 1295, in mainLoop
	    self.doIteration(t)
	  File "/home/rafael/iotfogsim/vm/lib/python3.6/site-packages/twisted/internet/epollreactor.py", line 235, in doPoll
	    log.callWithLogger(selectable, _drdw, selectable, fd, event)
	--- <exception caught here> ---
	  File "/home/rafael/iotfogsim/vm/lib/python3.6/site-packages/twisted/python/log.py", line 103, in callWithLogger
	    return callWithContext({"system": lp}, func, *args, **kw)
	  File "/home/rafael/iotfogsim/vm/lib/python3.6/site-packages/twisted/python/log.py", line 86, in callWithContext
	    return context.call({ILogContext: newCtx}, func, *args, **kw)
	  File "/home/rafael/iotfogsim/vm/lib/python3.6/site-packages/twisted/python/context.py", line 122, in callWithContext
	    return self.currentContext().callWithContext(ctx, func, *args, **kw)
	  File "/home/rafael/iotfogsim/vm/lib/python3.6/site-packages/twisted/python/context.py", line 85, in callWithContext
	    return func(*args,**kw)
	  File "/home/rafael/iotfogsim/vm/lib/python3.6/site-packages/twisted/internet/posixbase.py", line 627, in _doReadOrWrite
	    self._disconnectSelectable(selectable, why, inRead)
	  File "/home/rafael/iotfogsim/vm/lib/python3.6/site-packages/twisted/internet/posixbase.py", line 258, in _disconnectSelectable
	    selectable.connectionLost(failure.Failure(why))
	  File "/home/rafael/iotfogsim/vm/lib/python3.6/site-packages/twisted/internet/tcp.py", line 327, in connectionLost
	    protocol.connectionLost(reason)
	  File "/home/rafael/iotfogsim/scinetsim/applications/applicationcomponent.py", line 55, in connectionLost
	    self.simulation_core.updateEventsCounter("connection lost")
	builtins.AttributeError: 'NoneType' object has no attribute 'updateEventsCounter'
	
2020-02-25T17:44:28-0300 [RouterAppProtocol,2,127.0.0.1] Unhandled Error
	Traceback (most recent call last):
	  File "/home/rafael/iotfogsim/vm/lib/python3.6/site-packages/twisted/python/log.py", line 103, in callWithLogger
	    return callWithContext({"system": lp}, func, *args, **kw)
	  File "/home/rafael/iotfogsim/vm/lib/python3.6/site-packages/twisted/python/log.py", line 86, in callWithContext
	    return context.call({ILogContext: newCtx}, func, *args, **kw)
	  File "/home/rafael/iotfogsim/vm/lib/python3.6/site-packages/twisted/python/context.py", line 122, in callWithContext
	    return self.currentContext().callWithContext(ctx, func, *args, **kw)
	  File "/home/rafael/iotfogsim/vm/lib/python3.6/site-packages/twisted/python/context.py", line 85, in callWithContext
	    return func(*args,**kw)
	--- <exception caught here> ---
	  File "/home/rafael/iotfogsim/vm/lib/python3.6/site-packages/twisted/internet/posixbase.py", line 614, in _doReadOrWrite
	    why = selectable.doRead()
	  File "/home/rafael/iotfogsim/vm/lib/python3.6/site-packages/twisted/internet/tcp.py", line 243, in doRead
	    return self._dataReceived(data)
	  File "/home/rafael/iotfogsim/vm/lib/python3.6/site-packages/twisted/internet/tcp.py", line 249, in _dataReceived
	    rval = self.protocol.dataReceived(data)
	  File "/home/rafael/iotfogsim/scinetsim/applications/routerapp.py", line 103, in dataReceived
	    d = connectProtocol(point, cur_protocol)
	builtins.NameError: name 'connectProtocol' is not defined
	
2020-02-25T17:44:28-0300 [RouterAppProtocol,2,127.0.0.1] connection lost: name 'connectProtocol' is not defined
2020-02-25T17:44:28-0300 [RouterAppProtocol,2,127.0.0.1] Unhandled Error
	Traceback (most recent call last):
	  File "run_iotfogsim.py", line 23, in <module>
	    reactor.run()
	  File "/home/rafael/iotfogsim/vm/lib/python3.6/site-packages/twisted/internet/base.py", line 1283, in run
	    self.mainLoop()
	  File "/home/rafael/iotfogsim/vm/lib/python3.6/site-packages/twisted/internet/base.py", line 1295, in mainLoop
	    self.doIteration(t)
	  File "/home/rafael/iotfogsim/vm/lib/python3.6/site-packages/twisted/internet/epollreactor.py", line 235, in doPoll
	    log.callWithLogger(selectable, _drdw, selectable, fd, event)
	--- <exception caught here> ---
	  File "/home/rafael/iotfogsim/vm/lib/python3.6/site-packages/twisted/python/log.py", line 103, in callWithLogger
	    return callWithContext({"system": lp}, func, *args, **kw)
	  File "/home/rafael/iotfogsim/vm/lib/python3.6/site-packages/twisted/python/log.py", line 86, in callWithContext
	    return context.call({ILogContext: newCtx}, func, *args, **kw)
	  File "/home/rafael/iotfogsim/vm/lib/python3.6/site-packages/twisted/python/context.py", line 122, in callWithContext
	    return self.currentContext().callWithContext(ctx, func, *args, **kw)
	  File "/home/rafael/iotfogsim/vm/lib/python3.6/site-packages/twisted/python/context.py", line 85, in callWithContext
	    return func(*args,**kw)
	  File "/home/rafael/iotfogsim/vm/lib/python3.6/site-packages/twisted/internet/posixbase.py", line 627, in _doReadOrWrite
	    self._disconnectSelectable(selectable, why, inRead)
	  File "/home/rafael/iotfogsim/vm/lib/python3.6/site-packages/twisted/internet/posixbase.py", line 258, in _disconnectSelectable
	    selectable.connectionLost(failure.Failure(why))
	  File "/home/rafael/iotfogsim/vm/lib/python3.6/site-packages/twisted/internet/tcp.py", line 327, in connectionLost
	    protocol.connectionLost(reason)
	  File "/home/rafael/iotfogsim/scinetsim/applications/applicationcomponent.py", line 55, in connectionLost
	    self.simulation_core.updateEventsCounter("connection lost")
	builtins.AttributeError: 'NoneType' object has no attribute 'updateEventsCounter'
	
2020-02-25T17:44:28-0300 [RouterAppProtocol,3,127.0.0.1] Unhandled Error
	Traceback (most recent call last):
	  File "/home/rafael/iotfogsim/vm/lib/python3.6/site-packages/twisted/python/log.py", line 103, in callWithLogger
	    return callWithContext({"system": lp}, func, *args, **kw)
	  File "/home/rafael/iotfogsim/vm/lib/python3.6/site-packages/twisted/python/log.py", line 86, in callWithContext
	    return context.call({ILogContext: newCtx}, func, *args, **kw)
	  File "/home/rafael/iotfogsim/vm/lib/python3.6/site-packages/twisted/python/context.py", line 122, in callWithContext
	    return self.currentContext().callWithContext(ctx, func, *args, **kw)
	  File "/home/rafael/iotfogsim/vm/lib/python3.6/site-packages/twisted/python/context.py", line 85, in callWithContext
	    return func(*args,**kw)
	--- <exception caught here> ---
	  File "/home/rafael/iotfogsim/vm/lib/python3.6/site-packages/twisted/internet/posixbase.py", line 614, in _doReadOrWrite
	    why = selectable.doRead()
	  File "/home/rafael/iotfogsim/vm/lib/python3.6/site-packages/twisted/internet/tcp.py", line 243, in doRead
	    return self._dataReceived(data)
	  File "/home/rafael/iotfogsim/vm/lib/python3.6/site-packages/twisted/internet/tcp.py", line 249, in _dataReceived
	    rval = self.protocol.dataReceived(data)
	  File "/home/rafael/iotfogsim/scinetsim/applications/routerapp.py", line 103, in dataReceived
	    d = connectProtocol(point, cur_protocol)
	builtins.NameError: name 'connectProtocol' is not defined
	
2020-02-25T17:44:28-0300 [RouterAppProtocol,3,127.0.0.1] connection lost: name 'connectProtocol' is not defined
2020-02-25T17:44:28-0300 [RouterAppProtocol,3,127.0.0.1] connection lost - Number of events: 12
2020-02-25T17:44:28-0300 [SubscriberApp,client] connection lost: Connection was closed cleanly.
2020-02-25T17:44:28-0300 [SubscriberApp,client] connection lost - Number of events: 13
2020-02-25T17:44:28-0300 [PublisherApp,client] connection lost: Connection was closed cleanly.
2020-02-25T17:44:28-0300 [PublisherApp,client] connection lost - Number of events: 14
2020-02-25T17:44:28-0300 [PublisherApp,client] connection lost: Connection was closed cleanly.
2020-02-25T17:44:28-0300 [PublisherApp,client] connection lost - Number of events: 15
2020-02-25T17:44:32-0300 [-] Received SIGINT, shutting down.
2020-02-25T17:44:32-0300 [applications.routerapp.RouterFactory] (TCP Port 8081 Closed)
2020-02-25T17:44:32-0300 [applications.mqttapp.BrokerFactory] (TCP Port 5100 Closed)
2020-02-25T17:44:32-0300 [RouterAppProtocol,0,127.0.0.1] connection lost: Connection to the other side was lost in a non-clean fashion: Connection lost.
2020-02-25T17:44:32-0300 [RouterAppProtocol,0,127.0.0.1] Unhandled Error
	Traceback (most recent call last):
	  File "/home/rafael/iotfogsim/vm/lib/python3.6/site-packages/twisted/internet/defer.py", line 311, in addCallbacks
	    self._runCallbacks()
	  File "/home/rafael/iotfogsim/vm/lib/python3.6/site-packages/twisted/internet/defer.py", line 654, in _runCallbacks
	    current.result = callback(current.result, *args, **kw)
	  File "/home/rafael/iotfogsim/vm/lib/python3.6/site-packages/twisted/internet/base.py", line 447, in _continueFiring
	    callable(*args, **kwargs)
	  File "/home/rafael/iotfogsim/vm/lib/python3.6/site-packages/twisted/internet/base.py", line 706, in disconnectAll
	    failure.Failure(main.CONNECTION_LOST))
	--- <exception caught here> ---
	  File "/home/rafael/iotfogsim/vm/lib/python3.6/site-packages/twisted/python/log.py", line 103, in callWithLogger
	    return callWithContext({"system": lp}, func, *args, **kw)
	  File "/home/rafael/iotfogsim/vm/lib/python3.6/site-packages/twisted/python/log.py", line 86, in callWithContext
	    return context.call({ILogContext: newCtx}, func, *args, **kw)
	  File "/home/rafael/iotfogsim/vm/lib/python3.6/site-packages/twisted/python/context.py", line 122, in callWithContext
	    return self.currentContext().callWithContext(ctx, func, *args, **kw)
	  File "/home/rafael/iotfogsim/vm/lib/python3.6/site-packages/twisted/python/context.py", line 85, in callWithContext
	    return func(*args,**kw)
	  File "/home/rafael/iotfogsim/vm/lib/python3.6/site-packages/twisted/internet/tcp.py", line 327, in connectionLost
	    protocol.connectionLost(reason)
	  File "/home/rafael/iotfogsim/scinetsim/applications/applicationcomponent.py", line 55, in connectionLost
	    self.simulation_core.updateEventsCounter("connection lost")
	builtins.AttributeError: 'NoneType' object has no attribute 'updateEventsCounter'
	
2020-02-25T17:44:32-0300 [twisted.internet.protocol.ClientFactory#info] Stopping factory <twisted.internet.protocol.ClientFactory object at 0x7f75e9a609e8>
2020-02-25T17:44:32-0300 [-] Main loop terminated.
