2020-03-04T12:22:45-0300 [-] Creating router ...
2020-03-04T12:22:45-0300 [-] Initializing Router - Number of events: 1
2020-03-04T12:22:45-0300 [-] RouterFactory starting on 8081
2020-03-04T12:22:45-0300 [-] Creating fog node ...
2020-03-04T12:22:45-0300 [-] Initializing Client - Number of events: 2
2020-03-04T12:22:45-0300 [-] Creating fog node ...
2020-03-04T12:22:45-0300 [-] Initializing Server - Number of events: 3
2020-03-04T12:22:45-0300 [-] BrokerFactory starting on 5100
2020-03-04T12:22:45-0300 [-] Creating iot node ...
2020-03-04T12:22:45-0300 [-] Initializing Client - Number of events: 4
2020-03-04T12:22:45-0300 [-] Creating iot node ...
2020-03-04T12:22:45-0300 [-] Initializing Client - Number of events: 5
2020-03-04T12:22:45-0300 [stdout#info] This divice have no simulation core instance
2020-03-04T12:22:45-0300 [stdout#info] This divice have no simulation core instance
2020-03-04T12:22:45-0300 [stdout#info] This divice have no simulation core instance
2020-03-04T12:22:45-0300 [stdout#info] This divice have no simulation core instance
2020-03-04T12:22:45-0300 [Uninitialized] 127.0.0.1:46004 - Connected to mqtt broker - Number of events: 6
2020-03-04T12:22:45-0300 [Uninitialized] 127.0.0.1:46004 - sending MQTT SUBSCRIBE REQUEST - Number of events: 7
2020-03-04T12:22:45-0300 [Uninitialized] 127.0.0.1:46006 - Connected to mqtt broker - Number of events: 8
2020-03-04T12:22:45-0300 [Uninitialized] 127.0.0.1:46006 - sending MQTT PUBLISH REQUEST - Number of events: 9
2020-03-04T12:22:45-0300 [Uninitialized] 127.0.0.1:46008 - Connected to mqtt broker - Number of events: 10
2020-03-04T12:22:45-0300 [Uninitialized] 127.0.0.1:46008 - sending MQTT PUBLISH REQUEST - Number of events: 11
2020-03-04T12:22:45-0300 [stdout#info] OPACOTE É b'{"destiny_addr": "127.0.0.1", "destiny_port": 5100, "source_addr": "127.0.0.1", "source_port": 46004, "type": "http", "payload": {"action": "subscribe", "topic": "sensor_metering", "content": "None"}}\n'
2020-03-04T12:22:45-0300 [twisted.internet.endpoints.OneShotFactory#info] Starting factory <twisted.internet.endpoints.connectProtocol.<locals>.OneShotFactory object at 0x7fe178d7af28>
2020-03-04T12:22:45-0300 [stdout#info] OPACOTE É b'{"destiny_addr": "127.0.0.1", "destiny_port": 5100, "source_addr": "127.0.0.1", "source_port": 46006, "type": "http", "payload": {"action": "publish", "topic": "sensor_metering", "content": "22.34 Kwh"}}\n'
2020-03-04T12:22:45-0300 [twisted.internet.endpoints.OneShotFactory#info] Starting factory <twisted.internet.endpoints.connectProtocol.<locals>.OneShotFactory object at 0x7fe178d93160>
2020-03-04T12:22:45-0300 [stdout#info] OPACOTE É b'{"destiny_addr": "127.0.0.1", "destiny_port": 5100, "source_addr": "127.0.0.1", "source_port": 46008, "type": "http", "payload": {"action": "publish", "topic": "sensor_metering", "content": "12.03 Kwh"}}\n'
2020-03-04T12:22:45-0300 [twisted.internet.endpoints.OneShotFactory#info] Starting factory <twisted.internet.endpoints.connectProtocol.<locals>.OneShotFactory object at 0x7fe178d93358>
2020-03-04T12:22:50-0300 [twisted.internet.defer#critical] Unhandled error in Deferred:
2020-03-04T12:22:50-0300 [twisted.internet.defer#critical] 
	Traceback (most recent call last):
	  File "/home/rafael/iotfogsim/vm/lib/python3.6/site-packages/twisted/internet/base.py", line 1283, in run
	    self.mainLoop()
	  File "/home/rafael/iotfogsim/vm/lib/python3.6/site-packages/twisted/internet/base.py", line 1292, in mainLoop
	    self.runUntilCurrent()
	  File "/home/rafael/iotfogsim/vm/lib/python3.6/site-packages/twisted/internet/base.py", line 913, in runUntilCurrent
	    call.func(*call.args, **call.kw)
	  File "/home/rafael/iotfogsim/vm/lib/python3.6/site-packages/twisted/internet/task.py", line 239, in __call__
	    d = defer.maybeDeferred(self.f, *self.a, **self.kw)
	--- <exception caught here> ---
	  File "/home/rafael/iotfogsim/vm/lib/python3.6/site-packages/twisted/internet/defer.py", line 151, in maybeDeferred
	    result = f(*args, **kw)
	  File "/home/rafael/iotfogsim/vm/lib/python3.6/site-packages/twisted/internet/task.py", line 139, in counter
	    return countCallable(count)
	  File "/home/rafael/iotfogsim/scinetsim/applications/applicationcomponent.py", line 122, in propagate_signal
	    LoopingCall.stop()
	builtins.TypeError: stop() missing 1 required positional argument: 'self'
	
2020-03-04T12:22:50-0300 [-] 127.0.0.1:46006 - sending MQTT PUBLISH REQUEST - Number of events: 12
2020-03-04T12:22:50-0300 [twisted.internet.defer#critical] Unhandled error in Deferred:
2020-03-04T12:22:50-0300 [twisted.internet.defer#critical] 
	Traceback (most recent call last):
	  File "/home/rafael/iotfogsim/vm/lib/python3.6/site-packages/twisted/internet/base.py", line 1283, in run
	    self.mainLoop()
	  File "/home/rafael/iotfogsim/vm/lib/python3.6/site-packages/twisted/internet/base.py", line 1292, in mainLoop
	    self.runUntilCurrent()
	  File "/home/rafael/iotfogsim/vm/lib/python3.6/site-packages/twisted/internet/base.py", line 913, in runUntilCurrent
	    call.func(*call.args, **call.kw)
	  File "/home/rafael/iotfogsim/vm/lib/python3.6/site-packages/twisted/internet/task.py", line 239, in __call__
	    d = defer.maybeDeferred(self.f, *self.a, **self.kw)
	--- <exception caught here> ---
	  File "/home/rafael/iotfogsim/vm/lib/python3.6/site-packages/twisted/internet/defer.py", line 151, in maybeDeferred
	    result = f(*args, **kw)
	  File "/home/rafael/iotfogsim/vm/lib/python3.6/site-packages/twisted/internet/task.py", line 139, in counter
	    return countCallable(count)
	  File "/home/rafael/iotfogsim/scinetsim/applications/applicationcomponent.py", line 122, in propagate_signal
	    LoopingCall.stop()
	builtins.TypeError: stop() missing 1 required positional argument: 'self'
	
2020-03-04T12:22:50-0300 [-] 127.0.0.1:46008 - sending MQTT PUBLISH REQUEST - Number of events: 13
2020-03-04T12:22:50-0300 [stdout#info] OPACOTE É b'{"destiny_addr": "127.0.0.1", "destiny_port": 5100, "source_addr": "127.0.0.1", "source_port": 46006, "type": "http", "payload": {"action": "publish", "topic": "sensor_metering", "content": "10.17 Kwh"}}\n'
2020-03-04T12:22:50-0300 [twisted.internet.endpoints.OneShotFactory#info] Starting factory <twisted.internet.endpoints.connectProtocol.<locals>.OneShotFactory object at 0x7fe178d93da0>
2020-03-04T12:22:50-0300 [stdout#info] OPACOTE É b'{"destiny_addr": "127.0.0.1", "destiny_port": 5100, "source_addr": "127.0.0.1", "source_port": 46008, "type": "http", "payload": {"action": "publish", "topic": "sensor_metering", "content": "10.24 Kwh"}}\n'
2020-03-04T12:22:50-0300 [twisted.internet.endpoints.OneShotFactory#info] Starting factory <twisted.internet.endpoints.connectProtocol.<locals>.OneShotFactory object at 0x7fe178d93f60>
2020-03-04T12:22:55-0300 [twisted.internet.defer#critical] Unhandled error in Deferred:
2020-03-04T12:22:55-0300 [twisted.internet.defer#critical] 
	Traceback (most recent call last):
	  File "/home/rafael/iotfogsim/vm/lib/python3.6/site-packages/twisted/internet/base.py", line 1283, in run
	    self.mainLoop()
	  File "/home/rafael/iotfogsim/vm/lib/python3.6/site-packages/twisted/internet/base.py", line 1292, in mainLoop
	    self.runUntilCurrent()
	  File "/home/rafael/iotfogsim/vm/lib/python3.6/site-packages/twisted/internet/base.py", line 913, in runUntilCurrent
	    call.func(*call.args, **call.kw)
	  File "/home/rafael/iotfogsim/vm/lib/python3.6/site-packages/twisted/internet/task.py", line 239, in __call__
	    d = defer.maybeDeferred(self.f, *self.a, **self.kw)
	--- <exception caught here> ---
	  File "/home/rafael/iotfogsim/vm/lib/python3.6/site-packages/twisted/internet/defer.py", line 151, in maybeDeferred
	    result = f(*args, **kw)
	  File "/home/rafael/iotfogsim/vm/lib/python3.6/site-packages/twisted/internet/task.py", line 139, in counter
	    return countCallable(count)
	  File "/home/rafael/iotfogsim/scinetsim/applications/applicationcomponent.py", line 122, in propagate_signal
	    LoopingCall.stop()
	builtins.TypeError: stop() missing 1 required positional argument: 'self'
	
2020-03-04T12:22:55-0300 [-] 127.0.0.1:46006 - sending MQTT PUBLISH REQUEST - Number of events: 14
2020-03-04T12:22:55-0300 [twisted.internet.defer#critical] Unhandled error in Deferred:
2020-03-04T12:22:55-0300 [twisted.internet.defer#critical] 
	Traceback (most recent call last):
	  File "/home/rafael/iotfogsim/vm/lib/python3.6/site-packages/twisted/internet/base.py", line 1283, in run
	    self.mainLoop()
	  File "/home/rafael/iotfogsim/vm/lib/python3.6/site-packages/twisted/internet/base.py", line 1292, in mainLoop
	    self.runUntilCurrent()
	  File "/home/rafael/iotfogsim/vm/lib/python3.6/site-packages/twisted/internet/base.py", line 913, in runUntilCurrent
	    call.func(*call.args, **call.kw)
	  File "/home/rafael/iotfogsim/vm/lib/python3.6/site-packages/twisted/internet/task.py", line 239, in __call__
	    d = defer.maybeDeferred(self.f, *self.a, **self.kw)
	--- <exception caught here> ---
	  File "/home/rafael/iotfogsim/vm/lib/python3.6/site-packages/twisted/internet/defer.py", line 151, in maybeDeferred
	    result = f(*args, **kw)
	  File "/home/rafael/iotfogsim/vm/lib/python3.6/site-packages/twisted/internet/task.py", line 139, in counter
	    return countCallable(count)
	  File "/home/rafael/iotfogsim/scinetsim/applications/applicationcomponent.py", line 122, in propagate_signal
	    LoopingCall.stop()
	builtins.TypeError: stop() missing 1 required positional argument: 'self'
	
2020-03-04T12:22:55-0300 [stdout#info] OPACOTE É b'{"destiny_addr": "127.0.0.1", "destiny_port": 5100, "source_addr": "127.0.0.1", "source_port": 46006, "type": "http", "payload": {"action": "publish", "topic": "sensor_metering", "content": "15.9 Kwh"}}\n'
2020-03-04T12:22:55-0300 [twisted.internet.endpoints.OneShotFactory#info] Starting factory <twisted.internet.endpoints.connectProtocol.<locals>.OneShotFactory object at 0x7fe17a3eb2b0>
2020-03-04T12:22:55-0300 [-] 127.0.0.1:46008 - sending MQTT PUBLISH REQUEST - Number of events: 15
2020-03-04T12:22:55-0300 [stdout#info] OPACOTE É b'{"destiny_addr": "127.0.0.1", "destiny_port": 5100, "source_addr": "127.0.0.1", "source_port": 46008, "type": "http", "payload": {"action": "publish", "topic": "sensor_metering", "content": "9.02 Kwh"}}\n'
2020-03-04T12:22:55-0300 [twisted.internet.endpoints.OneShotFactory#info] Starting factory <twisted.internet.endpoints.connectProtocol.<locals>.OneShotFactory object at 0x7fe17a3eb4a8>
2020-03-04T12:23:00-0300 [twisted.internet.defer#critical] Unhandled error in Deferred:
2020-03-04T12:23:00-0300 [twisted.internet.defer#critical] 
	Traceback (most recent call last):
	  File "/home/rafael/iotfogsim/vm/lib/python3.6/site-packages/twisted/internet/base.py", line 1283, in run
	    self.mainLoop()
	  File "/home/rafael/iotfogsim/vm/lib/python3.6/site-packages/twisted/internet/base.py", line 1292, in mainLoop
	    self.runUntilCurrent()
	  File "/home/rafael/iotfogsim/vm/lib/python3.6/site-packages/twisted/internet/base.py", line 913, in runUntilCurrent
	    call.func(*call.args, **call.kw)
	  File "/home/rafael/iotfogsim/vm/lib/python3.6/site-packages/twisted/internet/task.py", line 239, in __call__
	    d = defer.maybeDeferred(self.f, *self.a, **self.kw)
	--- <exception caught here> ---
	  File "/home/rafael/iotfogsim/vm/lib/python3.6/site-packages/twisted/internet/defer.py", line 151, in maybeDeferred
	    result = f(*args, **kw)
	  File "/home/rafael/iotfogsim/vm/lib/python3.6/site-packages/twisted/internet/task.py", line 139, in counter
	    return countCallable(count)
	  File "/home/rafael/iotfogsim/scinetsim/applications/applicationcomponent.py", line 122, in propagate_signal
	    LoopingCall.stop()
	builtins.TypeError: stop() missing 1 required positional argument: 'self'
	
2020-03-04T12:23:00-0300 [-] 127.0.0.1:46006 - sending MQTT PUBLISH REQUEST - Number of events: 16
2020-03-04T12:23:00-0300 [twisted.internet.defer#critical] Unhandled error in Deferred:
2020-03-04T12:23:00-0300 [twisted.internet.defer#critical] 
	Traceback (most recent call last):
	  File "/home/rafael/iotfogsim/vm/lib/python3.6/site-packages/twisted/internet/base.py", line 1283, in run
	    self.mainLoop()
	  File "/home/rafael/iotfogsim/vm/lib/python3.6/site-packages/twisted/internet/base.py", line 1292, in mainLoop
	    self.runUntilCurrent()
	  File "/home/rafael/iotfogsim/vm/lib/python3.6/site-packages/twisted/internet/base.py", line 913, in runUntilCurrent
	    call.func(*call.args, **call.kw)
	  File "/home/rafael/iotfogsim/vm/lib/python3.6/site-packages/twisted/internet/task.py", line 239, in __call__
	    d = defer.maybeDeferred(self.f, *self.a, **self.kw)
	--- <exception caught here> ---
	  File "/home/rafael/iotfogsim/vm/lib/python3.6/site-packages/twisted/internet/defer.py", line 151, in maybeDeferred
	    result = f(*args, **kw)
	  File "/home/rafael/iotfogsim/vm/lib/python3.6/site-packages/twisted/internet/task.py", line 139, in counter
	    return countCallable(count)
	  File "/home/rafael/iotfogsim/scinetsim/applications/applicationcomponent.py", line 122, in propagate_signal
	    LoopingCall.stop()
	builtins.TypeError: stop() missing 1 required positional argument: 'self'
	
2020-03-04T12:23:00-0300 [stdout#info] OPACOTE É b'{"destiny_addr": "127.0.0.1", "destiny_port": 5100, "source_addr": "127.0.0.1", "source_port": 46006, "type": "http", "payload": {"action": "publish", "topic": "sensor_metering", "content": "6.62 Kwh"}}\n'
2020-03-04T12:23:00-0300 [twisted.internet.endpoints.OneShotFactory#info] Starting factory <twisted.internet.endpoints.connectProtocol.<locals>.OneShotFactory object at 0x7fe17a3eb8d0>
2020-03-04T12:23:00-0300 [-] 127.0.0.1:46008 - sending MQTT PUBLISH REQUEST - Number of events: 17
2020-03-04T12:23:01-0300 [stdout#info] OPACOTE É b'{"destiny_addr": "127.0.0.1", "destiny_port": 5100, "source_addr": "127.0.0.1", "source_port": 46008, "type": "http", "payload": {"action": "publish", "topic": "sensor_metering", "content": "19.21 Kwh"}}\n'
2020-03-04T12:23:01-0300 [twisted.internet.endpoints.OneShotFactory#info] Starting factory <twisted.internet.endpoints.connectProtocol.<locals>.OneShotFactory object at 0x7fe17a3eba90>
2020-03-04T12:23:05-0300 [twisted.internet.defer#critical] Unhandled error in Deferred:
2020-03-04T12:23:05-0300 [twisted.internet.defer#critical] 
	Traceback (most recent call last):
	  File "/home/rafael/iotfogsim/vm/lib/python3.6/site-packages/twisted/internet/base.py", line 1283, in run
	    self.mainLoop()
	  File "/home/rafael/iotfogsim/vm/lib/python3.6/site-packages/twisted/internet/base.py", line 1292, in mainLoop
	    self.runUntilCurrent()
	  File "/home/rafael/iotfogsim/vm/lib/python3.6/site-packages/twisted/internet/base.py", line 913, in runUntilCurrent
	    call.func(*call.args, **call.kw)
	  File "/home/rafael/iotfogsim/vm/lib/python3.6/site-packages/twisted/internet/task.py", line 239, in __call__
	    d = defer.maybeDeferred(self.f, *self.a, **self.kw)
	--- <exception caught here> ---
	  File "/home/rafael/iotfogsim/vm/lib/python3.6/site-packages/twisted/internet/defer.py", line 151, in maybeDeferred
	    result = f(*args, **kw)
	  File "/home/rafael/iotfogsim/vm/lib/python3.6/site-packages/twisted/internet/task.py", line 139, in counter
	    return countCallable(count)
	  File "/home/rafael/iotfogsim/scinetsim/applications/applicationcomponent.py", line 122, in propagate_signal
	    LoopingCall.stop()
	builtins.TypeError: stop() missing 1 required positional argument: 'self'
	
2020-03-04T12:23:05-0300 [-] 127.0.0.1:46006 - sending MQTT PUBLISH REQUEST - Number of events: 18
2020-03-04T12:23:06-0300 [twisted.internet.defer#critical] Unhandled error in Deferred:
2020-03-04T12:23:06-0300 [twisted.internet.defer#critical] 
	Traceback (most recent call last):
	  File "/home/rafael/iotfogsim/vm/lib/python3.6/site-packages/twisted/internet/base.py", line 1283, in run
	    self.mainLoop()
	  File "/home/rafael/iotfogsim/vm/lib/python3.6/site-packages/twisted/internet/base.py", line 1292, in mainLoop
	    self.runUntilCurrent()
	  File "/home/rafael/iotfogsim/vm/lib/python3.6/site-packages/twisted/internet/base.py", line 913, in runUntilCurrent
	    call.func(*call.args, **call.kw)
	  File "/home/rafael/iotfogsim/vm/lib/python3.6/site-packages/twisted/internet/task.py", line 239, in __call__
	    d = defer.maybeDeferred(self.f, *self.a, **self.kw)
	--- <exception caught here> ---
	  File "/home/rafael/iotfogsim/vm/lib/python3.6/site-packages/twisted/internet/defer.py", line 151, in maybeDeferred
	    result = f(*args, **kw)
	  File "/home/rafael/iotfogsim/vm/lib/python3.6/site-packages/twisted/internet/task.py", line 139, in counter
	    return countCallable(count)
	  File "/home/rafael/iotfogsim/scinetsim/applications/applicationcomponent.py", line 122, in propagate_signal
	    LoopingCall.stop()
	builtins.TypeError: stop() missing 1 required positional argument: 'self'
	
2020-03-04T12:23:06-0300 [-] 127.0.0.1:46008 - sending MQTT PUBLISH REQUEST - Number of events: 19
2020-03-04T12:23:06-0300 [stdout#info] OPACOTE É b'{"destiny_addr": "127.0.0.1", "destiny_port": 5100, "source_addr": "127.0.0.1", "source_port": 46006, "type": "http", "payload": {"action": "publish", "topic": "sensor_metering", "content": "21.75 Kwh"}}\n'
2020-03-04T12:23:06-0300 [twisted.internet.endpoints.OneShotFactory#info] Starting factory <twisted.internet.endpoints.connectProtocol.<locals>.OneShotFactory object at 0x7fe17a3ebcf8>
2020-03-04T12:23:06-0300 [stdout#info] OPACOTE É b'{"destiny_addr": "127.0.0.1", "destiny_port": 5100, "source_addr": "127.0.0.1", "source_port": 46008, "type": "http", "payload": {"action": "publish", "topic": "sensor_metering", "content": "14.43 Kwh"}}\n'
2020-03-04T12:23:06-0300 [twisted.internet.endpoints.OneShotFactory#info] Starting factory <twisted.internet.endpoints.connectProtocol.<locals>.OneShotFactory object at 0x7fe17a3ebf60>
2020-03-04T12:23:11-0300 [twisted.internet.defer#critical] Unhandled error in Deferred:
2020-03-04T12:23:11-0300 [twisted.internet.defer#critical] 
	Traceback (most recent call last):
	  File "/home/rafael/iotfogsim/vm/lib/python3.6/site-packages/twisted/internet/base.py", line 1283, in run
	    self.mainLoop()
	  File "/home/rafael/iotfogsim/vm/lib/python3.6/site-packages/twisted/internet/base.py", line 1292, in mainLoop
	    self.runUntilCurrent()
	  File "/home/rafael/iotfogsim/vm/lib/python3.6/site-packages/twisted/internet/base.py", line 913, in runUntilCurrent
	    call.func(*call.args, **call.kw)
	  File "/home/rafael/iotfogsim/vm/lib/python3.6/site-packages/twisted/internet/task.py", line 239, in __call__
	    d = defer.maybeDeferred(self.f, *self.a, **self.kw)
	--- <exception caught here> ---
	  File "/home/rafael/iotfogsim/vm/lib/python3.6/site-packages/twisted/internet/defer.py", line 151, in maybeDeferred
	    result = f(*args, **kw)
	  File "/home/rafael/iotfogsim/vm/lib/python3.6/site-packages/twisted/internet/task.py", line 139, in counter
	    return countCallable(count)
	  File "/home/rafael/iotfogsim/scinetsim/applications/applicationcomponent.py", line 122, in propagate_signal
	    LoopingCall.stop()
	builtins.TypeError: stop() missing 1 required positional argument: 'self'
	
2020-03-04T12:23:11-0300 [-] 127.0.0.1:46006 - sending MQTT PUBLISH REQUEST - Number of events: 20
2020-03-04T12:23:11-0300 [twisted.internet.defer#critical] Unhandled error in Deferred:
2020-03-04T12:23:11-0300 [twisted.internet.defer#critical] 
	Traceback (most recent call last):
	  File "/home/rafael/iotfogsim/vm/lib/python3.6/site-packages/twisted/internet/base.py", line 1283, in run
	    self.mainLoop()
	  File "/home/rafael/iotfogsim/vm/lib/python3.6/site-packages/twisted/internet/base.py", line 1292, in mainLoop
	    self.runUntilCurrent()
	  File "/home/rafael/iotfogsim/vm/lib/python3.6/site-packages/twisted/internet/base.py", line 913, in runUntilCurrent
	    call.func(*call.args, **call.kw)
	  File "/home/rafael/iotfogsim/vm/lib/python3.6/site-packages/twisted/internet/task.py", line 239, in __call__
	    d = defer.maybeDeferred(self.f, *self.a, **self.kw)
	--- <exception caught here> ---
	  File "/home/rafael/iotfogsim/vm/lib/python3.6/site-packages/twisted/internet/defer.py", line 151, in maybeDeferred
	    result = f(*args, **kw)
	  File "/home/rafael/iotfogsim/vm/lib/python3.6/site-packages/twisted/internet/task.py", line 139, in counter
	    return countCallable(count)
	  File "/home/rafael/iotfogsim/scinetsim/applications/applicationcomponent.py", line 122, in propagate_signal
	    LoopingCall.stop()
	builtins.TypeError: stop() missing 1 required positional argument: 'self'
	
2020-03-04T12:23:11-0300 [stdout#info] OPACOTE É b'{"destiny_addr": "127.0.0.1", "destiny_port": 5100, "source_addr": "127.0.0.1", "source_port": 46006, "type": "http", "payload": {"action": "publish", "topic": "sensor_metering", "content": "12.6 Kwh"}}\n'
2020-03-04T12:23:11-0300 [twisted.internet.endpoints.OneShotFactory#info] Starting factory <twisted.internet.endpoints.connectProtocol.<locals>.OneShotFactory object at 0x7fe17a3fa3c8>
2020-03-04T12:23:11-0300 [-] 127.0.0.1:46008 - sending MQTT PUBLISH REQUEST - Number of events: 21
2020-03-04T12:23:11-0300 [stdout#info] OPACOTE É b'{"destiny_addr": "127.0.0.1", "destiny_port": 5100, "source_addr": "127.0.0.1", "source_port": 46008, "type": "http", "payload": {"action": "publish", "topic": "sensor_metering", "content": "6.84 Kwh"}}\n'
2020-03-04T12:23:11-0300 [twisted.internet.endpoints.OneShotFactory#info] Starting factory <twisted.internet.endpoints.connectProtocol.<locals>.OneShotFactory object at 0x7fe17a3fa550>
2020-03-04T12:23:16-0300 [twisted.internet.defer#critical] Unhandled error in Deferred:
2020-03-04T12:23:16-0300 [twisted.internet.defer#critical] 
	Traceback (most recent call last):
	  File "/home/rafael/iotfogsim/vm/lib/python3.6/site-packages/twisted/internet/base.py", line 1283, in run
	    self.mainLoop()
	  File "/home/rafael/iotfogsim/vm/lib/python3.6/site-packages/twisted/internet/base.py", line 1292, in mainLoop
	    self.runUntilCurrent()
	  File "/home/rafael/iotfogsim/vm/lib/python3.6/site-packages/twisted/internet/base.py", line 913, in runUntilCurrent
	    call.func(*call.args, **call.kw)
	  File "/home/rafael/iotfogsim/vm/lib/python3.6/site-packages/twisted/internet/task.py", line 239, in __call__
	    d = defer.maybeDeferred(self.f, *self.a, **self.kw)
	--- <exception caught here> ---
	  File "/home/rafael/iotfogsim/vm/lib/python3.6/site-packages/twisted/internet/defer.py", line 151, in maybeDeferred
	    result = f(*args, **kw)
	  File "/home/rafael/iotfogsim/vm/lib/python3.6/site-packages/twisted/internet/task.py", line 139, in counter
	    return countCallable(count)
	  File "/home/rafael/iotfogsim/scinetsim/applications/applicationcomponent.py", line 122, in propagate_signal
	    LoopingCall.stop()
	builtins.TypeError: stop() missing 1 required positional argument: 'self'
	
2020-03-04T12:23:16-0300 [-] 127.0.0.1:46006 - sending MQTT PUBLISH REQUEST - Number of events: 22
2020-03-04T12:23:16-0300 [stdout#info] OPACOTE É b'{"destiny_addr": "127.0.0.1", "destiny_port": 5100, "source_addr": "127.0.0.1", "source_port": 46006, "type": "http", "payload": {"action": "publish", "topic": "sensor_metering", "content": "15.6 Kwh"}}\n'
2020-03-04T12:23:16-0300 [twisted.internet.endpoints.OneShotFactory#info] Starting factory <twisted.internet.endpoints.connectProtocol.<locals>.OneShotFactory object at 0x7fe1801b33c8>
2020-03-04T12:23:16-0300 [twisted.internet.defer#critical] Unhandled error in Deferred:
2020-03-04T12:23:16-0300 [twisted.internet.defer#critical] 
	Traceback (most recent call last):
	  File "/home/rafael/iotfogsim/vm/lib/python3.6/site-packages/twisted/internet/base.py", line 1283, in run
	    self.mainLoop()
	  File "/home/rafael/iotfogsim/vm/lib/python3.6/site-packages/twisted/internet/base.py", line 1292, in mainLoop
	    self.runUntilCurrent()
	  File "/home/rafael/iotfogsim/vm/lib/python3.6/site-packages/twisted/internet/base.py", line 913, in runUntilCurrent
	    call.func(*call.args, **call.kw)
	  File "/home/rafael/iotfogsim/vm/lib/python3.6/site-packages/twisted/internet/task.py", line 239, in __call__
	    d = defer.maybeDeferred(self.f, *self.a, **self.kw)
	--- <exception caught here> ---
	  File "/home/rafael/iotfogsim/vm/lib/python3.6/site-packages/twisted/internet/defer.py", line 151, in maybeDeferred
	    result = f(*args, **kw)
	  File "/home/rafael/iotfogsim/vm/lib/python3.6/site-packages/twisted/internet/task.py", line 139, in counter
	    return countCallable(count)
	  File "/home/rafael/iotfogsim/scinetsim/applications/applicationcomponent.py", line 122, in propagate_signal
	    LoopingCall.stop()
	builtins.TypeError: stop() missing 1 required positional argument: 'self'
	
2020-03-04T12:23:16-0300 [-] 127.0.0.1:46008 - sending MQTT PUBLISH REQUEST - Number of events: 23
2020-03-04T12:23:16-0300 [stdout#info] OPACOTE É b'{"destiny_addr": "127.0.0.1", "destiny_port": 5100, "source_addr": "127.0.0.1", "source_port": 46008, "type": "http", "payload": {"action": "publish", "topic": "sensor_metering", "content": "16.54 Kwh"}}\n'
2020-03-04T12:23:16-0300 [twisted.internet.endpoints.OneShotFactory#info] Starting factory <twisted.internet.endpoints.connectProtocol.<locals>.OneShotFactory object at 0x7fe17a3fa7b8>
2020-03-04T12:23:21-0300 [twisted.internet.defer#critical] Unhandled error in Deferred:
2020-03-04T12:23:21-0300 [twisted.internet.defer#critical] 
	Traceback (most recent call last):
	  File "/home/rafael/iotfogsim/vm/lib/python3.6/site-packages/twisted/internet/base.py", line 1283, in run
	    self.mainLoop()
	  File "/home/rafael/iotfogsim/vm/lib/python3.6/site-packages/twisted/internet/base.py", line 1292, in mainLoop
	    self.runUntilCurrent()
	  File "/home/rafael/iotfogsim/vm/lib/python3.6/site-packages/twisted/internet/base.py", line 913, in runUntilCurrent
	    call.func(*call.args, **call.kw)
	  File "/home/rafael/iotfogsim/vm/lib/python3.6/site-packages/twisted/internet/task.py", line 239, in __call__
	    d = defer.maybeDeferred(self.f, *self.a, **self.kw)
	--- <exception caught here> ---
	  File "/home/rafael/iotfogsim/vm/lib/python3.6/site-packages/twisted/internet/defer.py", line 151, in maybeDeferred
	    result = f(*args, **kw)
	  File "/home/rafael/iotfogsim/vm/lib/python3.6/site-packages/twisted/internet/task.py", line 139, in counter
	    return countCallable(count)
	  File "/home/rafael/iotfogsim/scinetsim/applications/applicationcomponent.py", line 122, in propagate_signal
	    LoopingCall.stop()
	builtins.TypeError: stop() missing 1 required positional argument: 'self'
	
2020-03-04T12:23:21-0300 [-] 127.0.0.1:46006 - sending MQTT PUBLISH REQUEST - Number of events: 24
2020-03-04T12:23:21-0300 [twisted.internet.defer#critical] Unhandled error in Deferred:
2020-03-04T12:23:21-0300 [twisted.internet.defer#critical] 
	Traceback (most recent call last):
	  File "/home/rafael/iotfogsim/vm/lib/python3.6/site-packages/twisted/internet/base.py", line 1283, in run
	    self.mainLoop()
	  File "/home/rafael/iotfogsim/vm/lib/python3.6/site-packages/twisted/internet/base.py", line 1292, in mainLoop
	    self.runUntilCurrent()
	  File "/home/rafael/iotfogsim/vm/lib/python3.6/site-packages/twisted/internet/base.py", line 913, in runUntilCurrent
	    call.func(*call.args, **call.kw)
	  File "/home/rafael/iotfogsim/vm/lib/python3.6/site-packages/twisted/internet/task.py", line 239, in __call__
	    d = defer.maybeDeferred(self.f, *self.a, **self.kw)
	--- <exception caught here> ---
	  File "/home/rafael/iotfogsim/vm/lib/python3.6/site-packages/twisted/internet/defer.py", line 151, in maybeDeferred
	    result = f(*args, **kw)
	  File "/home/rafael/iotfogsim/vm/lib/python3.6/site-packages/twisted/internet/task.py", line 139, in counter
	    return countCallable(count)
	  File "/home/rafael/iotfogsim/scinetsim/applications/applicationcomponent.py", line 122, in propagate_signal
	    LoopingCall.stop()
	builtins.TypeError: stop() missing 1 required positional argument: 'self'
	
2020-03-04T12:23:21-0300 [stdout#info] OPACOTE É b'{"destiny_addr": "127.0.0.1", "destiny_port": 5100, "source_addr": "127.0.0.1", "source_port": 46006, "type": "http", "payload": {"action": "publish", "topic": "sensor_metering", "content": "21.3 Kwh"}}\n'
2020-03-04T12:23:21-0300 [twisted.internet.endpoints.OneShotFactory#info] Starting factory <twisted.internet.endpoints.connectProtocol.<locals>.OneShotFactory object at 0x7fe17a3faa90>
2020-03-04T12:23:21-0300 [-] 127.0.0.1:46008 - sending MQTT PUBLISH REQUEST - Number of events: 25
2020-03-04T12:23:21-0300 [stdout#info] OPACOTE É b'{"destiny_addr": "127.0.0.1", "destiny_port": 5100, "source_addr": "127.0.0.1", "source_port": 46008, "type": "http", "payload": {"action": "publish", "topic": "sensor_metering", "content": "14.61 Kwh"}}\n'
2020-03-04T12:23:21-0300 [twisted.internet.endpoints.OneShotFactory#info] Starting factory <twisted.internet.endpoints.connectProtocol.<locals>.OneShotFactory object at 0x7fe17a3fac50>
2020-03-04T12:23:26-0300 [twisted.internet.defer#critical] Unhandled error in Deferred:
2020-03-04T12:23:26-0300 [twisted.internet.defer#critical] 
	Traceback (most recent call last):
	  File "/home/rafael/iotfogsim/vm/lib/python3.6/site-packages/twisted/internet/base.py", line 1283, in run
	    self.mainLoop()
	  File "/home/rafael/iotfogsim/vm/lib/python3.6/site-packages/twisted/internet/base.py", line 1292, in mainLoop
	    self.runUntilCurrent()
	  File "/home/rafael/iotfogsim/vm/lib/python3.6/site-packages/twisted/internet/base.py", line 913, in runUntilCurrent
	    call.func(*call.args, **call.kw)
	  File "/home/rafael/iotfogsim/vm/lib/python3.6/site-packages/twisted/internet/task.py", line 239, in __call__
	    d = defer.maybeDeferred(self.f, *self.a, **self.kw)
	--- <exception caught here> ---
	  File "/home/rafael/iotfogsim/vm/lib/python3.6/site-packages/twisted/internet/defer.py", line 151, in maybeDeferred
	    result = f(*args, **kw)
	  File "/home/rafael/iotfogsim/vm/lib/python3.6/site-packages/twisted/internet/task.py", line 139, in counter
	    return countCallable(count)
	  File "/home/rafael/iotfogsim/scinetsim/applications/applicationcomponent.py", line 122, in propagate_signal
	    LoopingCall.stop()
	builtins.TypeError: stop() missing 1 required positional argument: 'self'
	
2020-03-04T12:23:26-0300 [-] 127.0.0.1:46006 - sending MQTT PUBLISH REQUEST - Number of events: 26
2020-03-04T12:23:26-0300 [twisted.internet.defer#critical] Unhandled error in Deferred:
2020-03-04T12:23:26-0300 [twisted.internet.defer#critical] 
	Traceback (most recent call last):
	  File "/home/rafael/iotfogsim/vm/lib/python3.6/site-packages/twisted/internet/base.py", line 1283, in run
	    self.mainLoop()
	  File "/home/rafael/iotfogsim/vm/lib/python3.6/site-packages/twisted/internet/base.py", line 1292, in mainLoop
	    self.runUntilCurrent()
	  File "/home/rafael/iotfogsim/vm/lib/python3.6/site-packages/twisted/internet/base.py", line 913, in runUntilCurrent
	    call.func(*call.args, **call.kw)
	  File "/home/rafael/iotfogsim/vm/lib/python3.6/site-packages/twisted/internet/task.py", line 239, in __call__
	    d = defer.maybeDeferred(self.f, *self.a, **self.kw)
	--- <exception caught here> ---
	  File "/home/rafael/iotfogsim/vm/lib/python3.6/site-packages/twisted/internet/defer.py", line 151, in maybeDeferred
	    result = f(*args, **kw)
	  File "/home/rafael/iotfogsim/vm/lib/python3.6/site-packages/twisted/internet/task.py", line 139, in counter
	    return countCallable(count)
	  File "/home/rafael/iotfogsim/scinetsim/applications/applicationcomponent.py", line 122, in propagate_signal
	    LoopingCall.stop()
	builtins.TypeError: stop() missing 1 required positional argument: 'self'
	
2020-03-04T12:23:26-0300 [-] 127.0.0.1:46008 - sending MQTT PUBLISH REQUEST - Number of events: 27
2020-03-04T12:23:26-0300 [stdout#info] OPACOTE É b'{"destiny_addr": "127.0.0.1", "destiny_port": 5100, "source_addr": "127.0.0.1", "source_port": 46006, "type": "http", "payload": {"action": "publish", "topic": "sensor_metering", "content": "12.2 Kwh"}}\n'
2020-03-04T12:23:26-0300 [twisted.internet.endpoints.OneShotFactory#info] Starting factory <twisted.internet.endpoints.connectProtocol.<locals>.OneShotFactory object at 0x7fe17a3fabe0>
2020-03-04T12:23:26-0300 [stdout#info] OPACOTE É b'{"destiny_addr": "127.0.0.1", "destiny_port": 5100, "source_addr": "127.0.0.1", "source_port": 46008, "type": "http", "payload": {"action": "publish", "topic": "sensor_metering", "content": "14.44 Kwh"}}\n'
2020-03-04T12:23:26-0300 [twisted.internet.endpoints.OneShotFactory#info] Starting factory <twisted.internet.endpoints.connectProtocol.<locals>.OneShotFactory object at 0x7fe17a4070f0>
2020-03-04T12:23:31-0300 [twisted.internet.defer#critical] Unhandled error in Deferred:
2020-03-04T12:23:31-0300 [twisted.internet.defer#critical] 
	Traceback (most recent call last):
	  File "/home/rafael/iotfogsim/vm/lib/python3.6/site-packages/twisted/internet/base.py", line 1283, in run
	    self.mainLoop()
	  File "/home/rafael/iotfogsim/vm/lib/python3.6/site-packages/twisted/internet/base.py", line 1292, in mainLoop
	    self.runUntilCurrent()
	  File "/home/rafael/iotfogsim/vm/lib/python3.6/site-packages/twisted/internet/base.py", line 913, in runUntilCurrent
	    call.func(*call.args, **call.kw)
	  File "/home/rafael/iotfogsim/vm/lib/python3.6/site-packages/twisted/internet/task.py", line 239, in __call__
	    d = defer.maybeDeferred(self.f, *self.a, **self.kw)
	--- <exception caught here> ---
	  File "/home/rafael/iotfogsim/vm/lib/python3.6/site-packages/twisted/internet/defer.py", line 151, in maybeDeferred
	    result = f(*args, **kw)
	  File "/home/rafael/iotfogsim/vm/lib/python3.6/site-packages/twisted/internet/task.py", line 139, in counter
	    return countCallable(count)
	  File "/home/rafael/iotfogsim/scinetsim/applications/applicationcomponent.py", line 122, in propagate_signal
	    LoopingCall.stop()
	builtins.TypeError: stop() missing 1 required positional argument: 'self'
	
2020-03-04T12:23:31-0300 [-] 127.0.0.1:46006 - sending MQTT PUBLISH REQUEST - Number of events: 28
2020-03-04T12:23:31-0300 [twisted.internet.defer#critical] Unhandled error in Deferred:
2020-03-04T12:23:31-0300 [twisted.internet.defer#critical] 
	Traceback (most recent call last):
	  File "/home/rafael/iotfogsim/vm/lib/python3.6/site-packages/twisted/internet/base.py", line 1283, in run
	    self.mainLoop()
	  File "/home/rafael/iotfogsim/vm/lib/python3.6/site-packages/twisted/internet/base.py", line 1292, in mainLoop
	    self.runUntilCurrent()
	  File "/home/rafael/iotfogsim/vm/lib/python3.6/site-packages/twisted/internet/base.py", line 913, in runUntilCurrent
	    call.func(*call.args, **call.kw)
	  File "/home/rafael/iotfogsim/vm/lib/python3.6/site-packages/twisted/internet/task.py", line 239, in __call__
	    d = defer.maybeDeferred(self.f, *self.a, **self.kw)
	--- <exception caught here> ---
	  File "/home/rafael/iotfogsim/vm/lib/python3.6/site-packages/twisted/internet/defer.py", line 151, in maybeDeferred
	    result = f(*args, **kw)
	  File "/home/rafael/iotfogsim/vm/lib/python3.6/site-packages/twisted/internet/task.py", line 139, in counter
	    return countCallable(count)
	  File "/home/rafael/iotfogsim/scinetsim/applications/applicationcomponent.py", line 122, in propagate_signal
	    LoopingCall.stop()
	builtins.TypeError: stop() missing 1 required positional argument: 'self'
	
2020-03-04T12:23:31-0300 [stdout#info] OPACOTE É b'{"destiny_addr": "127.0.0.1", "destiny_port": 5100, "source_addr": "127.0.0.1", "source_port": 46006, "type": "http", "payload": {"action": "publish", "topic": "sensor_metering", "content": "16.92 Kwh"}}\n'
2020-03-04T12:23:31-0300 [twisted.internet.endpoints.OneShotFactory#info] Starting factory <twisted.internet.endpoints.connectProtocol.<locals>.OneShotFactory object at 0x7fe17a407320>
2020-03-04T12:23:31-0300 [-] 127.0.0.1:46008 - sending MQTT PUBLISH REQUEST - Number of events: 29
2020-03-04T12:23:31-0300 [stdout#info] OPACOTE É b'{"destiny_addr": "127.0.0.1", "destiny_port": 5100, "source_addr": "127.0.0.1", "source_port": 46008, "type": "http", "payload": {"action": "publish", "topic": "sensor_metering", "content": "18.64 Kwh"}}\n'
2020-03-04T12:23:31-0300 [twisted.internet.endpoints.OneShotFactory#info] Starting factory <twisted.internet.endpoints.connectProtocol.<locals>.OneShotFactory object at 0x7fe17a407668>
2020-03-04T12:23:36-0300 [twisted.internet.defer#critical] Unhandled error in Deferred:
2020-03-04T12:23:36-0300 [twisted.internet.defer#critical] 
	Traceback (most recent call last):
	  File "/home/rafael/iotfogsim/vm/lib/python3.6/site-packages/twisted/internet/base.py", line 1283, in run
	    self.mainLoop()
	  File "/home/rafael/iotfogsim/vm/lib/python3.6/site-packages/twisted/internet/base.py", line 1292, in mainLoop
	    self.runUntilCurrent()
	  File "/home/rafael/iotfogsim/vm/lib/python3.6/site-packages/twisted/internet/base.py", line 913, in runUntilCurrent
	    call.func(*call.args, **call.kw)
	  File "/home/rafael/iotfogsim/vm/lib/python3.6/site-packages/twisted/internet/task.py", line 239, in __call__
	    d = defer.maybeDeferred(self.f, *self.a, **self.kw)
	--- <exception caught here> ---
	  File "/home/rafael/iotfogsim/vm/lib/python3.6/site-packages/twisted/internet/defer.py", line 151, in maybeDeferred
	    result = f(*args, **kw)
	  File "/home/rafael/iotfogsim/vm/lib/python3.6/site-packages/twisted/internet/task.py", line 139, in counter
	    return countCallable(count)
	  File "/home/rafael/iotfogsim/scinetsim/applications/applicationcomponent.py", line 122, in propagate_signal
	    LoopingCall.stop()
	builtins.TypeError: stop() missing 1 required positional argument: 'self'
	
2020-03-04T12:23:36-0300 [-] 127.0.0.1:46006 - sending MQTT PUBLISH REQUEST - Number of events: 30
2020-03-04T12:23:36-0300 [twisted.internet.defer#critical] Unhandled error in Deferred:
2020-03-04T12:23:36-0300 [twisted.internet.defer#critical] 
	Traceback (most recent call last):
	  File "/home/rafael/iotfogsim/vm/lib/python3.6/site-packages/twisted/internet/base.py", line 1283, in run
	    self.mainLoop()
	  File "/home/rafael/iotfogsim/vm/lib/python3.6/site-packages/twisted/internet/base.py", line 1292, in mainLoop
	    self.runUntilCurrent()
	  File "/home/rafael/iotfogsim/vm/lib/python3.6/site-packages/twisted/internet/base.py", line 913, in runUntilCurrent
	    call.func(*call.args, **call.kw)
	  File "/home/rafael/iotfogsim/vm/lib/python3.6/site-packages/twisted/internet/task.py", line 239, in __call__
	    d = defer.maybeDeferred(self.f, *self.a, **self.kw)
	--- <exception caught here> ---
	  File "/home/rafael/iotfogsim/vm/lib/python3.6/site-packages/twisted/internet/defer.py", line 151, in maybeDeferred
	    result = f(*args, **kw)
	  File "/home/rafael/iotfogsim/vm/lib/python3.6/site-packages/twisted/internet/task.py", line 139, in counter
	    return countCallable(count)
	  File "/home/rafael/iotfogsim/scinetsim/applications/applicationcomponent.py", line 122, in propagate_signal
	    LoopingCall.stop()
	builtins.TypeError: stop() missing 1 required positional argument: 'self'
	
2020-03-04T12:23:36-0300 [-] 127.0.0.1:46008 - sending MQTT PUBLISH REQUEST - Number of events: 31
2020-03-04T12:23:36-0300 [stdout#info] OPACOTE É b'{"destiny_addr": "127.0.0.1", "destiny_port": 5100, "source_addr": "127.0.0.1", "source_port": 46006, "type": "http", "payload": {"action": "publish", "topic": "sensor_metering", "content": "3.49 Kwh"}}\n'
2020-03-04T12:23:36-0300 [twisted.internet.endpoints.OneShotFactory#info] Starting factory <twisted.internet.endpoints.connectProtocol.<locals>.OneShotFactory object at 0x7fe17a407940>
2020-03-04T12:23:36-0300 [stdout#info] OPACOTE É b'{"destiny_addr": "127.0.0.1", "destiny_port": 5100, "source_addr": "127.0.0.1", "source_port": 46008, "type": "http", "payload": {"action": "publish", "topic": "sensor_metering", "content": "9.15 Kwh"}}\n'
2020-03-04T12:23:36-0300 [twisted.internet.endpoints.OneShotFactory#info] Starting factory <twisted.internet.endpoints.connectProtocol.<locals>.OneShotFactory object at 0x7fe17a407b38>
2020-03-04T12:23:41-0300 [twisted.internet.defer#critical] Unhandled error in Deferred:
2020-03-04T12:23:41-0300 [twisted.internet.defer#critical] 
	Traceback (most recent call last):
	  File "/home/rafael/iotfogsim/vm/lib/python3.6/site-packages/twisted/internet/base.py", line 1283, in run
	    self.mainLoop()
	  File "/home/rafael/iotfogsim/vm/lib/python3.6/site-packages/twisted/internet/base.py", line 1292, in mainLoop
	    self.runUntilCurrent()
	  File "/home/rafael/iotfogsim/vm/lib/python3.6/site-packages/twisted/internet/base.py", line 913, in runUntilCurrent
	    call.func(*call.args, **call.kw)
	  File "/home/rafael/iotfogsim/vm/lib/python3.6/site-packages/twisted/internet/task.py", line 239, in __call__
	    d = defer.maybeDeferred(self.f, *self.a, **self.kw)
	--- <exception caught here> ---
	  File "/home/rafael/iotfogsim/vm/lib/python3.6/site-packages/twisted/internet/defer.py", line 151, in maybeDeferred
	    result = f(*args, **kw)
	  File "/home/rafael/iotfogsim/vm/lib/python3.6/site-packages/twisted/internet/task.py", line 139, in counter
	    return countCallable(count)
	  File "/home/rafael/iotfogsim/scinetsim/applications/applicationcomponent.py", line 122, in propagate_signal
	    LoopingCall.stop()
	builtins.TypeError: stop() missing 1 required positional argument: 'self'
	
2020-03-04T12:23:41-0300 [-] 127.0.0.1:46006 - sending MQTT PUBLISH REQUEST - Number of events: 32
2020-03-04T12:23:41-0300 [twisted.internet.defer#critical] Unhandled error in Deferred:
2020-03-04T12:23:41-0300 [twisted.internet.defer#critical] 
	Traceback (most recent call last):
	  File "/home/rafael/iotfogsim/vm/lib/python3.6/site-packages/twisted/internet/base.py", line 1283, in run
	    self.mainLoop()
	  File "/home/rafael/iotfogsim/vm/lib/python3.6/site-packages/twisted/internet/base.py", line 1292, in mainLoop
	    self.runUntilCurrent()
	  File "/home/rafael/iotfogsim/vm/lib/python3.6/site-packages/twisted/internet/base.py", line 913, in runUntilCurrent
	    call.func(*call.args, **call.kw)
	  File "/home/rafael/iotfogsim/vm/lib/python3.6/site-packages/twisted/internet/task.py", line 239, in __call__
	    d = defer.maybeDeferred(self.f, *self.a, **self.kw)
	--- <exception caught here> ---
	  File "/home/rafael/iotfogsim/vm/lib/python3.6/site-packages/twisted/internet/defer.py", line 151, in maybeDeferred
	    result = f(*args, **kw)
	  File "/home/rafael/iotfogsim/vm/lib/python3.6/site-packages/twisted/internet/task.py", line 139, in counter
	    return countCallable(count)
	  File "/home/rafael/iotfogsim/scinetsim/applications/applicationcomponent.py", line 122, in propagate_signal
	    LoopingCall.stop()
	builtins.TypeError: stop() missing 1 required positional argument: 'self'
	
2020-03-04T12:23:41-0300 [-] 127.0.0.1:46008 - sending MQTT PUBLISH REQUEST - Number of events: 33
2020-03-04T12:23:41-0300 [stdout#info] OPACOTE É b'{"destiny_addr": "127.0.0.1", "destiny_port": 5100, "source_addr": "127.0.0.1", "source_port": 46006, "type": "http", "payload": {"action": "publish", "topic": "sensor_metering", "content": "11.41 Kwh"}}\n'
2020-03-04T12:23:41-0300 [twisted.internet.endpoints.OneShotFactory#info] Starting factory <twisted.internet.endpoints.connectProtocol.<locals>.OneShotFactory object at 0x7fe17a407da0>
2020-03-04T12:23:41-0300 [stdout#info] OPACOTE É b'{"destiny_addr": "127.0.0.1", "destiny_port": 5100, "source_addr": "127.0.0.1", "source_port": 46008, "type": "http", "payload": {"action": "publish", "topic": "sensor_metering", "content": "14.32 Kwh"}}\n'
2020-03-04T12:23:41-0300 [twisted.internet.endpoints.OneShotFactory#info] Starting factory <twisted.internet.endpoints.connectProtocol.<locals>.OneShotFactory object at 0x7fe17a3fa0f0>
2020-03-04T12:23:46-0300 [twisted.internet.defer#critical] Unhandled error in Deferred:
2020-03-04T12:23:46-0300 [twisted.internet.defer#critical] 
	Traceback (most recent call last):
	  File "/home/rafael/iotfogsim/vm/lib/python3.6/site-packages/twisted/internet/base.py", line 1283, in run
	    self.mainLoop()
	  File "/home/rafael/iotfogsim/vm/lib/python3.6/site-packages/twisted/internet/base.py", line 1292, in mainLoop
	    self.runUntilCurrent()
	  File "/home/rafael/iotfogsim/vm/lib/python3.6/site-packages/twisted/internet/base.py", line 913, in runUntilCurrent
	    call.func(*call.args, **call.kw)
	  File "/home/rafael/iotfogsim/vm/lib/python3.6/site-packages/twisted/internet/task.py", line 239, in __call__
	    d = defer.maybeDeferred(self.f, *self.a, **self.kw)
	--- <exception caught here> ---
	  File "/home/rafael/iotfogsim/vm/lib/python3.6/site-packages/twisted/internet/defer.py", line 151, in maybeDeferred
	    result = f(*args, **kw)
	  File "/home/rafael/iotfogsim/vm/lib/python3.6/site-packages/twisted/internet/task.py", line 139, in counter
	    return countCallable(count)
	  File "/home/rafael/iotfogsim/scinetsim/applications/applicationcomponent.py", line 122, in propagate_signal
	    LoopingCall.stop()
	builtins.TypeError: stop() missing 1 required positional argument: 'self'
	
2020-03-04T12:23:46-0300 [-] 127.0.0.1:46006 - sending MQTT PUBLISH REQUEST - Number of events: 34
2020-03-04T12:23:46-0300 [twisted.internet.defer#critical] Unhandled error in Deferred:
2020-03-04T12:23:46-0300 [twisted.internet.defer#critical] 
	Traceback (most recent call last):
	  File "/home/rafael/iotfogsim/vm/lib/python3.6/site-packages/twisted/internet/base.py", line 1283, in run
	    self.mainLoop()
	  File "/home/rafael/iotfogsim/vm/lib/python3.6/site-packages/twisted/internet/base.py", line 1292, in mainLoop
	    self.runUntilCurrent()
	  File "/home/rafael/iotfogsim/vm/lib/python3.6/site-packages/twisted/internet/base.py", line 913, in runUntilCurrent
	    call.func(*call.args, **call.kw)
	  File "/home/rafael/iotfogsim/vm/lib/python3.6/site-packages/twisted/internet/task.py", line 239, in __call__
	    d = defer.maybeDeferred(self.f, *self.a, **self.kw)
	--- <exception caught here> ---
	  File "/home/rafael/iotfogsim/vm/lib/python3.6/site-packages/twisted/internet/defer.py", line 151, in maybeDeferred
	    result = f(*args, **kw)
	  File "/home/rafael/iotfogsim/vm/lib/python3.6/site-packages/twisted/internet/task.py", line 139, in counter
	    return countCallable(count)
	  File "/home/rafael/iotfogsim/scinetsim/applications/applicationcomponent.py", line 122, in propagate_signal
	    LoopingCall.stop()
	builtins.TypeError: stop() missing 1 required positional argument: 'self'
	
2020-03-04T12:23:46-0300 [stdout#info] OPACOTE É b'{"destiny_addr": "127.0.0.1", "destiny_port": 5100, "source_addr": "127.0.0.1", "source_port": 46006, "type": "http", "payload": {"action": "publish", "topic": "sensor_metering", "content": "16.76 Kwh"}}\n'
2020-03-04T12:23:46-0300 [twisted.internet.endpoints.OneShotFactory#info] Starting factory <twisted.internet.endpoints.connectProtocol.<locals>.OneShotFactory object at 0x7fe17a3a1278>
2020-03-04T12:23:46-0300 [-] 127.0.0.1:46008 - sending MQTT PUBLISH REQUEST - Number of events: 35
2020-03-04T12:23:46-0300 [stdout#info] OPACOTE É b'{"destiny_addr": "127.0.0.1", "destiny_port": 5100, "source_addr": "127.0.0.1", "source_port": 46008, "type": "http", "payload": {"action": "publish", "topic": "sensor_metering", "content": "19.48 Kwh"}}\n'
2020-03-04T12:23:46-0300 [twisted.internet.endpoints.OneShotFactory#info] Starting factory <twisted.internet.endpoints.connectProtocol.<locals>.OneShotFactory object at 0x7fe17a3a15f8>
2020-03-04T12:23:51-0300 [twisted.internet.defer#critical] Unhandled error in Deferred:
2020-03-04T12:23:51-0300 [twisted.internet.defer#critical] 
	Traceback (most recent call last):
	  File "/home/rafael/iotfogsim/vm/lib/python3.6/site-packages/twisted/internet/base.py", line 1283, in run
	    self.mainLoop()
	  File "/home/rafael/iotfogsim/vm/lib/python3.6/site-packages/twisted/internet/base.py", line 1292, in mainLoop
	    self.runUntilCurrent()
	  File "/home/rafael/iotfogsim/vm/lib/python3.6/site-packages/twisted/internet/base.py", line 913, in runUntilCurrent
	    call.func(*call.args, **call.kw)
	  File "/home/rafael/iotfogsim/vm/lib/python3.6/site-packages/twisted/internet/task.py", line 239, in __call__
	    d = defer.maybeDeferred(self.f, *self.a, **self.kw)
	--- <exception caught here> ---
	  File "/home/rafael/iotfogsim/vm/lib/python3.6/site-packages/twisted/internet/defer.py", line 151, in maybeDeferred
	    result = f(*args, **kw)
	  File "/home/rafael/iotfogsim/vm/lib/python3.6/site-packages/twisted/internet/task.py", line 139, in counter
	    return countCallable(count)
	  File "/home/rafael/iotfogsim/scinetsim/applications/applicationcomponent.py", line 122, in propagate_signal
	    LoopingCall.stop()
	builtins.TypeError: stop() missing 1 required positional argument: 'self'
	
2020-03-04T12:23:51-0300 [-] 127.0.0.1:46006 - sending MQTT PUBLISH REQUEST - Number of events: 36
2020-03-04T12:23:51-0300 [twisted.internet.defer#critical] Unhandled error in Deferred:
2020-03-04T12:23:51-0300 [twisted.internet.defer#critical] 
	Traceback (most recent call last):
	  File "/home/rafael/iotfogsim/vm/lib/python3.6/site-packages/twisted/internet/base.py", line 1283, in run
	    self.mainLoop()
	  File "/home/rafael/iotfogsim/vm/lib/python3.6/site-packages/twisted/internet/base.py", line 1292, in mainLoop
	    self.runUntilCurrent()
	  File "/home/rafael/iotfogsim/vm/lib/python3.6/site-packages/twisted/internet/base.py", line 913, in runUntilCurrent
	    call.func(*call.args, **call.kw)
	  File "/home/rafael/iotfogsim/vm/lib/python3.6/site-packages/twisted/internet/task.py", line 239, in __call__
	    d = defer.maybeDeferred(self.f, *self.a, **self.kw)
	--- <exception caught here> ---
	  File "/home/rafael/iotfogsim/vm/lib/python3.6/site-packages/twisted/internet/defer.py", line 151, in maybeDeferred
	    result = f(*args, **kw)
	  File "/home/rafael/iotfogsim/vm/lib/python3.6/site-packages/twisted/internet/task.py", line 139, in counter
	    return countCallable(count)
	  File "/home/rafael/iotfogsim/scinetsim/applications/applicationcomponent.py", line 122, in propagate_signal
	    LoopingCall.stop()
	builtins.TypeError: stop() missing 1 required positional argument: 'self'
	
2020-03-04T12:23:51-0300 [stdout#info] OPACOTE É b'{"destiny_addr": "127.0.0.1", "destiny_port": 5100, "source_addr": "127.0.0.1", "source_port": 46006, "type": "http", "payload": {"action": "publish", "topic": "sensor_metering", "content": "9.15 Kwh"}}\n'
2020-03-04T12:23:51-0300 [twisted.internet.endpoints.OneShotFactory#info] Starting factory <twisted.internet.endpoints.connectProtocol.<locals>.OneShotFactory object at 0x7fe17a3a1550>
2020-03-04T12:23:51-0300 [-] 127.0.0.1:46008 - sending MQTT PUBLISH REQUEST - Number of events: 37
2020-03-04T12:23:51-0300 [stdout#info] OPACOTE É b'{"destiny_addr": "127.0.0.1", "destiny_port": 5100, "source_addr": "127.0.0.1", "source_port": 46008, "type": "http", "payload": {"action": "publish", "topic": "sensor_metering", "content": "3.03 Kwh"}}\n'
2020-03-04T12:23:51-0300 [twisted.internet.endpoints.OneShotFactory#info] Starting factory <twisted.internet.endpoints.connectProtocol.<locals>.OneShotFactory object at 0x7fe17a3a1b38>
2020-03-04T12:23:54-0300 [-] Received SIGINT, shutting down.
2020-03-04T12:23:54-0300 [twisted.internet.endpoints.OneShotFactory#info] Stopping factory <twisted.internet.endpoints.connectProtocol.<locals>.OneShotFactory object at 0x7fe178d7af28>
2020-03-04T12:23:54-0300 [BrokerProtocol,18,127.0.0.1] The requested subscriber is no longer available in subscribers list
2020-03-04T12:23:54-0300 [ClientProtocol,client] connection lost: Connection to the other side was lost in a non-clean fashion: Connection lost.
2020-03-04T12:23:54-0300 [ClientProtocol,client] connection lost - Number of events: 38
2020-03-04T12:23:54-0300 [twisted.internet.endpoints.OneShotFactory#info] Stopping factory <twisted.internet.endpoints.connectProtocol.<locals>.OneShotFactory object at 0x7fe178d93f60>
2020-03-04T12:23:54-0300 [ClientProtocol,client] connection lost: Connection to the other side was lost in a non-clean fashion: Connection lost.
2020-03-04T12:23:54-0300 [ClientProtocol,client] connection lost - Number of events: 39
2020-03-04T12:23:54-0300 [twisted.internet.endpoints.OneShotFactory#info] Stopping factory <twisted.internet.endpoints.connectProtocol.<locals>.OneShotFactory object at 0x7fe17a3ebf60>
2020-03-04T12:23:54-0300 [BrokerProtocol,7,127.0.0.1] The requested subscriber is no longer available in subscribers list
2020-03-04T12:23:54-0300 [ClientProtocol,client] connection lost: Connection to the other side was lost in a non-clean fashion: Connection lost.
2020-03-04T12:23:54-0300 [ClientProtocol,client] connection lost - Number of events: 40
2020-03-04T12:23:54-0300 [twisted.internet.endpoints.OneShotFactory#info] Stopping factory <twisted.internet.endpoints.connectProtocol.<locals>.OneShotFactory object at 0x7fe17a3fa0f0>
2020-03-04T12:23:54-0300 [ClientProtocol,client] connection lost: Connection to the other side was lost in a non-clean fashion: Connection lost.
2020-03-04T12:23:54-0300 [ClientProtocol,client] connection lost - Number of events: 41
2020-03-04T12:23:54-0300 [twisted.internet.endpoints.OneShotFactory#info] Stopping factory <twisted.internet.endpoints.connectProtocol.<locals>.OneShotFactory object at 0x7fe17a4070f0>
2020-03-04T12:23:54-0300 [BrokerProtocol,25,127.0.0.1] The requested subscriber is no longer available in subscribers list
2020-03-04T12:23:54-0300 [twisted.internet.endpoints.OneShotFactory#info] Stopping factory <twisted.internet.endpoints.connectProtocol.<locals>.OneShotFactory object at 0x7fe178d93160>
2020-03-04T12:23:54-0300 [BrokerProtocol,5,127.0.0.1] The requested subscriber is no longer available in subscribers list
2020-03-04T12:23:54-0300 [twisted.internet.endpoints.OneShotFactory#info] Stopping factory <twisted.internet.endpoints.connectProtocol.<locals>.OneShotFactory object at 0x7fe17a3fa3c8>
2020-03-04T12:23:54-0300 [twisted.internet.endpoints.OneShotFactory#info] Stopping factory <twisted.internet.endpoints.connectProtocol.<locals>.OneShotFactory object at 0x7fe1801b33c8>
2020-03-04T12:23:54-0300 [twisted.internet.endpoints.OneShotFactory#info] Stopping factory <twisted.internet.endpoints.connectProtocol.<locals>.OneShotFactory object at 0x7fe17a3a1278>
2020-03-04T12:23:54-0300 [twisted.internet.endpoints.OneShotFactory#info] Stopping factory <twisted.internet.endpoints.connectProtocol.<locals>.OneShotFactory object at 0x7fe17a3eb2b0>
2020-03-04T12:23:54-0300 [BrokerProtocol,11,127.0.0.1] The requested subscriber is no longer available in subscribers list
2020-03-04T12:23:54-0300 [twisted.internet.endpoints.OneShotFactory#info] Stopping factory <twisted.internet.endpoints.connectProtocol.<locals>.OneShotFactory object at 0x7fe17a407320>
2020-03-04T12:23:54-0300 [RouterAppProtocol,3,127.0.0.1] connection lost: Connection to the other side was lost in a non-clean fashion: Connection lost.
2020-03-04T12:23:54-0300 [RouterAppProtocol,3,127.0.0.1] connection lost - Number of events: 42
2020-03-04T12:23:54-0300 [BrokerProtocol,20,127.0.0.1] The requested subscriber is no longer available in subscribers list
2020-03-04T12:23:54-0300 [ClientProtocol,client] connection lost: Connection to the other side was lost in a non-clean fashion: Connection lost.
2020-03-04T12:23:54-0300 [ClientProtocol,client] connection lost - Number of events: 43
2020-03-04T12:23:54-0300 [twisted.internet.endpoints.OneShotFactory#info] Stopping factory <twisted.internet.endpoints.connectProtocol.<locals>.OneShotFactory object at 0x7fe178d93358>
2020-03-04T12:23:54-0300 [BrokerProtocol,19,127.0.0.1] The requested subscriber is no longer available in subscribers list
2020-03-04T12:23:54-0300 [BrokerProtocol,0,127.0.0.1] The requested subscriber is no longer available in subscribers list
2020-03-04T12:23:54-0300 [ClientProtocol,client] connection lost: Connection to the other side was lost in a non-clean fashion: Connection lost.
2020-03-04T12:23:54-0300 [ClientProtocol,client] connection lost - Number of events: 44
2020-03-04T12:23:54-0300 [twisted.internet.endpoints.OneShotFactory#info] Stopping factory <twisted.internet.endpoints.connectProtocol.<locals>.OneShotFactory object at 0x7fe17a3eb4a8>
2020-03-04T12:23:54-0300 [PublisherApp,client] connection lost: Connection to the other side was lost in a non-clean fashion: Connection lost.
2020-03-04T12:23:54-0300 [PublisherApp,client] connection lost - Number of events: 45
2020-03-04T12:23:54-0300 [BrokerProtocol,26,127.0.0.1] The requested subscriber is no longer available in subscribers list
2020-03-04T12:23:54-0300 [BrokerProtocol,12,127.0.0.1] The requested subscriber is no longer available in subscribers list
2020-03-04T12:23:54-0300 [BrokerProtocol,6,127.0.0.1] The requested subscriber is no longer available in subscribers list
2020-03-04T12:23:54-0300 [BrokerProtocol,1,127.0.0.1] The requested subscriber is no longer available in subscribers list
2020-03-04T12:23:54-0300 [ClientProtocol,client] connection lost: Connection to the other side was lost in a non-clean fashion: Connection lost.
2020-03-04T12:23:54-0300 [ClientProtocol,client] connection lost - Number of events: 46
2020-03-04T12:23:54-0300 [twisted.internet.endpoints.OneShotFactory#info] Stopping factory <twisted.internet.endpoints.connectProtocol.<locals>.OneShotFactory object at 0x7fe17a3a15f8>
2020-03-04T12:23:54-0300 [BrokerProtocol,2,127.0.0.1] The requested subscriber is no longer available in subscribers list
2020-03-04T12:23:54-0300 [ClientProtocol,client] connection lost: Connection to the other side was lost in a non-clean fashion: Connection lost.
2020-03-04T12:23:54-0300 [ClientProtocol,client] connection lost - Number of events: 47
2020-03-04T12:23:54-0300 [twisted.internet.endpoints.OneShotFactory#info] Stopping factory <twisted.internet.endpoints.connectProtocol.<locals>.OneShotFactory object at 0x7fe17a3fa550>
2020-03-04T12:23:54-0300 [SubscriberApp,client] connection lost: Connection to the other side was lost in a non-clean fashion: Connection lost.
2020-03-04T12:23:54-0300 [SubscriberApp,client] connection lost - Number of events: 48
2020-03-04T12:23:54-0300 [ClientProtocol,client] connection lost: Connection to the other side was lost in a non-clean fashion: Connection lost.
2020-03-04T12:23:54-0300 [ClientProtocol,client] connection lost - Number of events: 49
2020-03-04T12:23:54-0300 [twisted.internet.endpoints.OneShotFactory#info] Stopping factory <twisted.internet.endpoints.connectProtocol.<locals>.OneShotFactory object at 0x7fe17a407668>
2020-03-04T12:23:54-0300 [twisted.internet.endpoints.OneShotFactory#info] Stopping factory <twisted.internet.endpoints.connectProtocol.<locals>.OneShotFactory object at 0x7fe17a3a1550>
2020-03-04T12:23:54-0300 [BrokerProtocol,14,127.0.0.1] The requested subscriber is no longer available in subscribers list
2020-03-04T12:23:54-0300 [twisted.internet.endpoints.OneShotFactory#info] Stopping factory <twisted.internet.endpoints.connectProtocol.<locals>.OneShotFactory object at 0x7fe17a3eb8d0>
2020-03-04T12:23:54-0300 [ClientProtocol,client] connection lost: Connection to the other side was lost in a non-clean fashion: Connection lost.
2020-03-04T12:23:54-0300 [ClientProtocol,client] connection lost - Number of events: 50
2020-03-04T12:23:54-0300 [twisted.internet.endpoints.OneShotFactory#info] Stopping factory <twisted.internet.endpoints.connectProtocol.<locals>.OneShotFactory object at 0x7fe17a3fa7b8>
2020-03-04T12:23:54-0300 [twisted.internet.endpoints.OneShotFactory#info] Stopping factory <twisted.internet.endpoints.connectProtocol.<locals>.OneShotFactory object at 0x7fe17a407940>
2020-03-04T12:23:54-0300 [BrokerProtocol,27,127.0.0.1] The requested subscriber is no longer available in subscribers list
2020-03-04T12:23:54-0300 [BrokerProtocol,3,127.0.0.1] The requested subscriber is no longer available in subscribers list
2020-03-04T12:23:54-0300 [twisted.internet.endpoints.OneShotFactory#info] Stopping factory <twisted.internet.endpoints.connectProtocol.<locals>.OneShotFactory object at 0x7fe17a3faa90>
2020-03-04T12:23:54-0300 [applications.routerapp.RouterFactory] (TCP Port 8081 Closed)
2020-03-04T12:23:54-0300 [BrokerProtocol,15,127.0.0.1] The requested subscriber is no longer available in subscribers list
2020-03-04T12:23:54-0300 [PublisherApp,client] connection lost: Connection to the other side was lost in a non-clean fashion: Connection lost.
2020-03-04T12:23:54-0300 [PublisherApp,client] connection lost - Number of events: 51
2020-03-04T12:23:54-0300 [BrokerProtocol,4,127.0.0.1] The requested subscriber is no longer available in subscribers list
2020-03-04T12:23:54-0300 [BrokerProtocol,8,127.0.0.1] The requested subscriber is no longer available in subscribers list
2020-03-04T12:23:54-0300 [BrokerProtocol,22,127.0.0.1] The requested subscriber is no longer available in subscribers list
2020-03-04T12:23:54-0300 [BrokerProtocol,13,127.0.0.1] The requested subscriber is no longer available in subscribers list
2020-03-04T12:23:54-0300 [BrokerProtocol,21,127.0.0.1] The requested subscriber is no longer available in subscribers list
2020-03-04T12:23:54-0300 [BrokerProtocol,28,127.0.0.1] The requested subscriber is no longer available in subscribers list
2020-03-04T12:23:54-0300 [ClientProtocol,client] connection lost: Connection to the other side was lost in a non-clean fashion: Connection lost.
2020-03-04T12:23:54-0300 [ClientProtocol,client] connection lost - Number of events: 52
2020-03-04T12:23:54-0300 [twisted.internet.endpoints.OneShotFactory#info] Stopping factory <twisted.internet.endpoints.connectProtocol.<locals>.OneShotFactory object at 0x7fe17a3eba90>
2020-03-04T12:23:54-0300 [BrokerProtocol,16,127.0.0.1] The requested subscriber is no longer available in subscribers list
2020-03-04T12:23:54-0300 [BrokerProtocol,17,127.0.0.1] The requested subscriber is no longer available in subscribers list
2020-03-04T12:23:54-0300 [ClientProtocol,client] connection lost: Connection to the other side was lost in a non-clean fashion: Connection lost.
2020-03-04T12:23:54-0300 [ClientProtocol,client] connection lost - Number of events: 53
2020-03-04T12:23:54-0300 [twisted.internet.endpoints.OneShotFactory#info] Stopping factory <twisted.internet.endpoints.connectProtocol.<locals>.OneShotFactory object at 0x7fe17a3a1b38>
2020-03-04T12:23:54-0300 [BrokerProtocol,10,127.0.0.1] The requested subscriber is no longer available in subscribers list
2020-03-04T12:23:54-0300 [ClientProtocol,client] connection lost: Connection to the other side was lost in a non-clean fashion: Connection lost.
2020-03-04T12:23:54-0300 [ClientProtocol,client] connection lost - Number of events: 54
2020-03-04T12:23:54-0300 [twisted.internet.endpoints.OneShotFactory#info] Stopping factory <twisted.internet.endpoints.connectProtocol.<locals>.OneShotFactory object at 0x7fe17a407b38>
2020-03-04T12:23:54-0300 [BrokerProtocol,9,127.0.0.1] The requested subscriber is no longer available in subscribers list
2020-03-04T12:23:54-0300 [BrokerProtocol,23,127.0.0.1] The requested subscriber is no longer available in subscribers list
2020-03-04T12:23:54-0300 [ClientProtocol,client] connection lost: Connection to the other side was lost in a non-clean fashion: Connection lost.
2020-03-04T12:23:54-0300 [ClientProtocol,client] connection lost - Number of events: 55
2020-03-04T12:23:54-0300 [twisted.internet.endpoints.OneShotFactory#info] Stopping factory <twisted.internet.endpoints.connectProtocol.<locals>.OneShotFactory object at 0x7fe17a3fac50>
2020-03-04T12:23:54-0300 [twisted.internet.endpoints.OneShotFactory#info] Stopping factory <twisted.internet.endpoints.connectProtocol.<locals>.OneShotFactory object at 0x7fe17a3fabe0>
2020-03-04T12:23:54-0300 [BrokerProtocol,24,127.0.0.1] The requested subscriber is no longer available in subscribers list
2020-03-04T12:23:54-0300 [twisted.internet.endpoints.OneShotFactory#info] Stopping factory <twisted.internet.endpoints.connectProtocol.<locals>.OneShotFactory object at 0x7fe178d93da0>
2020-03-04T12:23:54-0300 [twisted.internet.endpoints.OneShotFactory#info] Stopping factory <twisted.internet.endpoints.connectProtocol.<locals>.OneShotFactory object at 0x7fe17a3ebcf8>
2020-03-04T12:23:54-0300 [twisted.internet.endpoints.OneShotFactory#info] Stopping factory <twisted.internet.endpoints.connectProtocol.<locals>.OneShotFactory object at 0x7fe17a407da0>
2020-03-04T12:23:54-0300 [applications.mqttapp.BrokerFactory] (TCP Port 5100 Closed)
2020-03-04T12:23:54-0300 [-] Main loop terminated.
