2020-06-21T15:57:55-0300 [-] Creating router ...
2020-06-21T15:57:55-0300 [-] Initializing Router - Number of events: 1
2020-06-21T15:57:55-0300 [-] RouterFactory starting on 8081
2020-06-21T15:57:55-0300 [-] Initializing Server - Number of events: 2
2020-06-21T15:57:56-0300 [-] BrokerFactory starting on 5100
2020-06-21T15:57:56-0300 [-] Initializing Client - Number of events: 3
2020-06-21T15:57:56-0300 [-] Initializing Client - Number of events: 4
2020-06-21T15:57:57-0300 [-] Initializing Client - Number of events: 5
2020-06-21T15:57:57-0300 [-] Initializing Client - Number of events: 6
2020-06-21T15:57:58-0300 [-] Initializing Client - Number of events: 7
2020-06-21T15:57:58-0300 [-] Initializing Client - Number of events: 8
2020-06-21T15:57:59-0300 [-] Initializing Client - Number of events: 9
2020-06-21T15:57:59-0300 [stdout#info] This divice have no simulation core instance
2020-06-21T15:57:59-0300 [stdout#info] This divice have no simulation core instance
2020-06-21T15:57:59-0300 [stdout#info] This divice have no simulation core instance
2020-06-21T15:57:59-0300 [stdout#info] This divice have no simulation core instance
2020-06-21T15:57:59-0300 [stdout#info] This divice have no simulation core instance
2020-06-21T15:57:59-0300 [stdout#info] This divice have no simulation core instance
2020-06-21T15:57:59-0300 [stdout#info] This divice have no simulation core instance
2020-06-21T15:57:59-0300 [stdout#info] This divice have no simulation core instance
2020-06-21T15:57:59-0300 [Uninitialized] 127.0.0.1:53250 - Connected to mqtt broker - Number of events: 10
2020-06-21T15:57:59-0300 [Uninitialized] 127.0.0.1:53250 - sending MQTT SUBSCRIBE REQUEST - Number of events: 11
2020-06-21T15:57:59-0300 [Uninitialized] 127.0.0.1:53252 - Connected to mqtt broker - Number of events: 12
2020-06-21T15:57:59-0300 [Uninitialized] 127.0.0.1:53252 - sending MQTT SUBSCRIBE REQUEST - Number of events: 13
2020-06-21T15:57:59-0300 [Uninitialized] 127.0.0.1:53254 - Connected to mqtt broker - Number of events: 14
2020-06-21T15:57:59-0300 [Uninitialized] 127.0.0.1:53254 - sending MQTT PUBLISH REQUEST - Number of events: 15
2020-06-21T15:57:59-0300 [Uninitialized] 127.0.0.1:53256 - Connected to mqtt broker - Number of events: 16
2020-06-21T15:57:59-0300 [Uninitialized] 127.0.0.1:53256 - sending MQTT PUBLISH REQUEST - Number of events: 17
2020-06-21T15:57:59-0300 [Uninitialized] 127.0.0.1:53258 - Connected to mqtt broker - Number of events: 18
2020-06-21T15:57:59-0300 [Uninitialized] 127.0.0.1:53258 - sending MQTT PUBLISH REQUEST - Number of events: 19
2020-06-21T15:57:59-0300 [Uninitialized] 127.0.0.1:53260 - Connected to mqtt broker - Number of events: 20
2020-06-21T15:57:59-0300 [Uninitialized] 127.0.0.1:53260 - sending MQTT PUBLISH REQUEST - Number of events: 21
2020-06-21T15:57:59-0300 [Uninitialized] 127.0.0.1:53262 - Connected to mqtt broker - Number of events: 22
2020-06-21T15:57:59-0300 [Uninitialized] 127.0.0.1:53262 - sending MQTT PUBLISH REQUEST - Number of events: 23
2020-06-21T15:57:59-0300 [twisted.internet.endpoints.OneShotFactory#info] Starting factory <twisted.internet.endpoints.connectProtocol.<locals>.OneShotFactory object at 0x7fb99bbd7400>
2020-06-21T15:57:59-0300 [twisted.internet.endpoints.OneShotFactory#info] Starting factory <twisted.internet.endpoints.connectProtocol.<locals>.OneShotFactory object at 0x7fb99bbd75f8>
2020-06-21T15:57:59-0300 [twisted.internet.endpoints.OneShotFactory#info] Starting factory <twisted.internet.endpoints.connectProtocol.<locals>.OneShotFactory object at 0x7fb99bbd77f0>
2020-06-21T15:57:59-0300 [twisted.internet.endpoints.OneShotFactory#info] Starting factory <twisted.internet.endpoints.connectProtocol.<locals>.OneShotFactory object at 0x7fb99bbd79e8>
2020-06-21T15:57:59-0300 [twisted.internet.endpoints.OneShotFactory#info] Starting factory <twisted.internet.endpoints.connectProtocol.<locals>.OneShotFactory object at 0x7fb99bbd7be0>
2020-06-21T15:57:59-0300 [twisted.internet.endpoints.OneShotFactory#info] Starting factory <twisted.internet.endpoints.connectProtocol.<locals>.OneShotFactory object at 0x7fb99bbd7dd8>
2020-06-21T15:57:59-0300 [twisted.internet.endpoints.OneShotFactory#info] Starting factory <twisted.internet.endpoints.connectProtocol.<locals>.OneShotFactory object at 0x7fb99bbdf128>
2020-06-21T15:57:59-0300 [SubscriberApp,client] Unhandled Error
	Traceback (most recent call last):
	  File "/home/rafael/iotfogsim/vm/lib/python3.6/site-packages/twisted/python/log.py", line 103, in callWithLogger
	    return callWithContext({"system": lp}, func, *args, **kw)
	  File "/home/rafael/iotfogsim/vm/lib/python3.6/site-packages/twisted/python/log.py", line 86, in callWithContext
	    return context.call({ILogContext: newCtx}, func, *args, **kw)
	  File "/home/rafael/iotfogsim/vm/lib/python3.6/site-packages/twisted/python/context.py", line 122, in callWithContext
	    return self.currentContext().callWithContext(ctx, func, *args, **kw)
	  File "/home/rafael/iotfogsim/vm/lib/python3.6/site-packages/twisted/python/context.py", line 85, in callWithContext
	    return func(*args,**kw)
	--- <exception caught here> ---
	  File "/home/rafael/iotfogsim/vm/lib/python3.6/site-packages/twisted/internet/posixbase.py", line 614, in _doReadOrWrite
	    why = selectable.doRead()
	  File "/home/rafael/iotfogsim/vm/lib/python3.6/site-packages/twisted/internet/tcp.py", line 243, in doRead
	    return self._dataReceived(data)
	  File "/home/rafael/iotfogsim/vm/lib/python3.6/site-packages/twisted/internet/tcp.py", line 249, in _dataReceived
	    rval = self.protocol.dataReceived(data)
	  File "/home/rafael/iotfogsim/vm/lib/python3.6/site-packages/twisted/internet/endpoints.py", line 132, in dataReceived
	    return self._wrappedProtocol.dataReceived(data)
	  File "/home/rafael/iotfogsim/scinetsim/applications/mqttapp.py", line 134, in dataReceived
	    self.put_package_in_buffer(data)
	  File "/home/rafael/iotfogsim/scinetsim/applications/applicationcomponent.py", line 153, in put_package_in_buffer
	    data = data.replace("\n","")
	builtins.TypeError: a bytes-like object is required, not 'str'
	
2020-06-21T15:57:59-0300 [SubscriberApp,client] connection lost: a bytes-like object is required, not 'str'
2020-06-21T15:57:59-0300 [SubscriberApp,client] connection lost - Number of events: 24
2020-06-21T15:57:59-0300 [SubscriberApp,client] Unhandled Error
	Traceback (most recent call last):
	  File "/home/rafael/iotfogsim/vm/lib/python3.6/site-packages/twisted/python/log.py", line 103, in callWithLogger
	    return callWithContext({"system": lp}, func, *args, **kw)
	  File "/home/rafael/iotfogsim/vm/lib/python3.6/site-packages/twisted/python/log.py", line 86, in callWithContext
	    return context.call({ILogContext: newCtx}, func, *args, **kw)
	  File "/home/rafael/iotfogsim/vm/lib/python3.6/site-packages/twisted/python/context.py", line 122, in callWithContext
	    return self.currentContext().callWithContext(ctx, func, *args, **kw)
	  File "/home/rafael/iotfogsim/vm/lib/python3.6/site-packages/twisted/python/context.py", line 85, in callWithContext
	    return func(*args,**kw)
	--- <exception caught here> ---
	  File "/home/rafael/iotfogsim/vm/lib/python3.6/site-packages/twisted/internet/posixbase.py", line 614, in _doReadOrWrite
	    why = selectable.doRead()
	  File "/home/rafael/iotfogsim/vm/lib/python3.6/site-packages/twisted/internet/tcp.py", line 243, in doRead
	    return self._dataReceived(data)
	  File "/home/rafael/iotfogsim/vm/lib/python3.6/site-packages/twisted/internet/tcp.py", line 249, in _dataReceived
	    rval = self.protocol.dataReceived(data)
	  File "/home/rafael/iotfogsim/vm/lib/python3.6/site-packages/twisted/internet/endpoints.py", line 132, in dataReceived
	    return self._wrappedProtocol.dataReceived(data)
	  File "/home/rafael/iotfogsim/scinetsim/applications/mqttapp.py", line 134, in dataReceived
	    self.put_package_in_buffer(data)
	  File "/home/rafael/iotfogsim/scinetsim/applications/applicationcomponent.py", line 153, in put_package_in_buffer
	    data = data.replace("\n","")
	builtins.TypeError: a bytes-like object is required, not 'str'
	
2020-06-21T15:57:59-0300 [SubscriberApp,client] connection lost: a bytes-like object is required, not 'str'
2020-06-21T15:57:59-0300 [SubscriberApp,client] connection lost - Number of events: 25
2020-06-21T15:57:59-0300 [PublisherApp,client] Unhandled Error
	Traceback (most recent call last):
	  File "/home/rafael/iotfogsim/vm/lib/python3.6/site-packages/twisted/python/log.py", line 103, in callWithLogger
	    return callWithContext({"system": lp}, func, *args, **kw)
	  File "/home/rafael/iotfogsim/vm/lib/python3.6/site-packages/twisted/python/log.py", line 86, in callWithContext
	    return context.call({ILogContext: newCtx}, func, *args, **kw)
	  File "/home/rafael/iotfogsim/vm/lib/python3.6/site-packages/twisted/python/context.py", line 122, in callWithContext
	    return self.currentContext().callWithContext(ctx, func, *args, **kw)
	  File "/home/rafael/iotfogsim/vm/lib/python3.6/site-packages/twisted/python/context.py", line 85, in callWithContext
	    return func(*args,**kw)
	--- <exception caught here> ---
	  File "/home/rafael/iotfogsim/vm/lib/python3.6/site-packages/twisted/internet/posixbase.py", line 614, in _doReadOrWrite
	    why = selectable.doRead()
	  File "/home/rafael/iotfogsim/vm/lib/python3.6/site-packages/twisted/internet/tcp.py", line 243, in doRead
	    return self._dataReceived(data)
	  File "/home/rafael/iotfogsim/vm/lib/python3.6/site-packages/twisted/internet/tcp.py", line 249, in _dataReceived
	    rval = self.protocol.dataReceived(data)
	  File "/home/rafael/iotfogsim/vm/lib/python3.6/site-packages/twisted/internet/endpoints.py", line 132, in dataReceived
	    return self._wrappedProtocol.dataReceived(data)
	  File "/home/rafael/iotfogsim/scinetsim/applications/mqttapp.py", line 72, in dataReceived
	    self.put_package_in_buffer(data)
	  File "/home/rafael/iotfogsim/scinetsim/applications/applicationcomponent.py", line 153, in put_package_in_buffer
	    data = data.replace("\n","")
	builtins.TypeError: a bytes-like object is required, not 'str'
	
2020-06-21T15:57:59-0300 [PublisherApp,client] connection lost: a bytes-like object is required, not 'str'
2020-06-21T15:57:59-0300 [PublisherApp,client] connection lost - Number of events: 26
2020-06-21T15:57:59-0300 [PublisherApp,client] Unhandled Error
	Traceback (most recent call last):
	  File "/home/rafael/iotfogsim/vm/lib/python3.6/site-packages/twisted/python/log.py", line 103, in callWithLogger
	    return callWithContext({"system": lp}, func, *args, **kw)
	  File "/home/rafael/iotfogsim/vm/lib/python3.6/site-packages/twisted/python/log.py", line 86, in callWithContext
	    return context.call({ILogContext: newCtx}, func, *args, **kw)
	  File "/home/rafael/iotfogsim/vm/lib/python3.6/site-packages/twisted/python/context.py", line 122, in callWithContext
	    return self.currentContext().callWithContext(ctx, func, *args, **kw)
	  File "/home/rafael/iotfogsim/vm/lib/python3.6/site-packages/twisted/python/context.py", line 85, in callWithContext
	    return func(*args,**kw)
	--- <exception caught here> ---
	  File "/home/rafael/iotfogsim/vm/lib/python3.6/site-packages/twisted/internet/posixbase.py", line 614, in _doReadOrWrite
	    why = selectable.doRead()
	  File "/home/rafael/iotfogsim/vm/lib/python3.6/site-packages/twisted/internet/tcp.py", line 243, in doRead
	    return self._dataReceived(data)
	  File "/home/rafael/iotfogsim/vm/lib/python3.6/site-packages/twisted/internet/tcp.py", line 249, in _dataReceived
	    rval = self.protocol.dataReceived(data)
	  File "/home/rafael/iotfogsim/vm/lib/python3.6/site-packages/twisted/internet/endpoints.py", line 132, in dataReceived
	    return self._wrappedProtocol.dataReceived(data)
	  File "/home/rafael/iotfogsim/scinetsim/applications/mqttapp.py", line 72, in dataReceived
	    self.put_package_in_buffer(data)
	  File "/home/rafael/iotfogsim/scinetsim/applications/applicationcomponent.py", line 153, in put_package_in_buffer
	    data = data.replace("\n","")
	builtins.TypeError: a bytes-like object is required, not 'str'
	
2020-06-21T15:57:59-0300 [PublisherApp,client] connection lost: a bytes-like object is required, not 'str'
2020-06-21T15:57:59-0300 [PublisherApp,client] connection lost - Number of events: 27
2020-06-21T15:57:59-0300 [PublisherApp,client] Unhandled Error
	Traceback (most recent call last):
	  File "/home/rafael/iotfogsim/vm/lib/python3.6/site-packages/twisted/python/log.py", line 103, in callWithLogger
	    return callWithContext({"system": lp}, func, *args, **kw)
	  File "/home/rafael/iotfogsim/vm/lib/python3.6/site-packages/twisted/python/log.py", line 86, in callWithContext
	    return context.call({ILogContext: newCtx}, func, *args, **kw)
	  File "/home/rafael/iotfogsim/vm/lib/python3.6/site-packages/twisted/python/context.py", line 122, in callWithContext
	    return self.currentContext().callWithContext(ctx, func, *args, **kw)
	  File "/home/rafael/iotfogsim/vm/lib/python3.6/site-packages/twisted/python/context.py", line 85, in callWithContext
	    return func(*args,**kw)
	--- <exception caught here> ---
	  File "/home/rafael/iotfogsim/vm/lib/python3.6/site-packages/twisted/internet/posixbase.py", line 614, in _doReadOrWrite
	    why = selectable.doRead()
	  File "/home/rafael/iotfogsim/vm/lib/python3.6/site-packages/twisted/internet/tcp.py", line 243, in doRead
	    return self._dataReceived(data)
	  File "/home/rafael/iotfogsim/vm/lib/python3.6/site-packages/twisted/internet/tcp.py", line 249, in _dataReceived
	    rval = self.protocol.dataReceived(data)
	  File "/home/rafael/iotfogsim/vm/lib/python3.6/site-packages/twisted/internet/endpoints.py", line 132, in dataReceived
	    return self._wrappedProtocol.dataReceived(data)
	  File "/home/rafael/iotfogsim/scinetsim/applications/mqttapp.py", line 72, in dataReceived
	    self.put_package_in_buffer(data)
	  File "/home/rafael/iotfogsim/scinetsim/applications/applicationcomponent.py", line 153, in put_package_in_buffer
	    data = data.replace("\n","")
	builtins.TypeError: a bytes-like object is required, not 'str'
	
2020-06-21T15:57:59-0300 [PublisherApp,client] connection lost: a bytes-like object is required, not 'str'
2020-06-21T15:57:59-0300 [PublisherApp,client] connection lost - Number of events: 28
2020-06-21T15:57:59-0300 [PublisherApp,client] Unhandled Error
	Traceback (most recent call last):
	  File "/home/rafael/iotfogsim/vm/lib/python3.6/site-packages/twisted/python/log.py", line 103, in callWithLogger
	    return callWithContext({"system": lp}, func, *args, **kw)
	  File "/home/rafael/iotfogsim/vm/lib/python3.6/site-packages/twisted/python/log.py", line 86, in callWithContext
	    return context.call({ILogContext: newCtx}, func, *args, **kw)
	  File "/home/rafael/iotfogsim/vm/lib/python3.6/site-packages/twisted/python/context.py", line 122, in callWithContext
	    return self.currentContext().callWithContext(ctx, func, *args, **kw)
	  File "/home/rafael/iotfogsim/vm/lib/python3.6/site-packages/twisted/python/context.py", line 85, in callWithContext
	    return func(*args,**kw)
	--- <exception caught here> ---
	  File "/home/rafael/iotfogsim/vm/lib/python3.6/site-packages/twisted/internet/posixbase.py", line 614, in _doReadOrWrite
	    why = selectable.doRead()
	  File "/home/rafael/iotfogsim/vm/lib/python3.6/site-packages/twisted/internet/tcp.py", line 243, in doRead
	    return self._dataReceived(data)
	  File "/home/rafael/iotfogsim/vm/lib/python3.6/site-packages/twisted/internet/tcp.py", line 249, in _dataReceived
	    rval = self.protocol.dataReceived(data)
	  File "/home/rafael/iotfogsim/vm/lib/python3.6/site-packages/twisted/internet/endpoints.py", line 132, in dataReceived
	    return self._wrappedProtocol.dataReceived(data)
	  File "/home/rafael/iotfogsim/scinetsim/applications/mqttapp.py", line 72, in dataReceived
	    self.put_package_in_buffer(data)
	  File "/home/rafael/iotfogsim/scinetsim/applications/applicationcomponent.py", line 153, in put_package_in_buffer
	    data = data.replace("\n","")
	builtins.TypeError: a bytes-like object is required, not 'str'
	
2020-06-21T15:57:59-0300 [PublisherApp,client] connection lost: a bytes-like object is required, not 'str'
2020-06-21T15:57:59-0300 [PublisherApp,client] connection lost - Number of events: 29
2020-06-21T15:57:59-0300 [PublisherApp,client] Unhandled Error
	Traceback (most recent call last):
	  File "/home/rafael/iotfogsim/vm/lib/python3.6/site-packages/twisted/python/log.py", line 103, in callWithLogger
	    return callWithContext({"system": lp}, func, *args, **kw)
	  File "/home/rafael/iotfogsim/vm/lib/python3.6/site-packages/twisted/python/log.py", line 86, in callWithContext
	    return context.call({ILogContext: newCtx}, func, *args, **kw)
	  File "/home/rafael/iotfogsim/vm/lib/python3.6/site-packages/twisted/python/context.py", line 122, in callWithContext
	    return self.currentContext().callWithContext(ctx, func, *args, **kw)
	  File "/home/rafael/iotfogsim/vm/lib/python3.6/site-packages/twisted/python/context.py", line 85, in callWithContext
	    return func(*args,**kw)
	--- <exception caught here> ---
	  File "/home/rafael/iotfogsim/vm/lib/python3.6/site-packages/twisted/internet/posixbase.py", line 614, in _doReadOrWrite
	    why = selectable.doRead()
	  File "/home/rafael/iotfogsim/vm/lib/python3.6/site-packages/twisted/internet/tcp.py", line 243, in doRead
	    return self._dataReceived(data)
	  File "/home/rafael/iotfogsim/vm/lib/python3.6/site-packages/twisted/internet/tcp.py", line 249, in _dataReceived
	    rval = self.protocol.dataReceived(data)
	  File "/home/rafael/iotfogsim/vm/lib/python3.6/site-packages/twisted/internet/endpoints.py", line 132, in dataReceived
	    return self._wrappedProtocol.dataReceived(data)
	  File "/home/rafael/iotfogsim/scinetsim/applications/mqttapp.py", line 72, in dataReceived
	    self.put_package_in_buffer(data)
	  File "/home/rafael/iotfogsim/scinetsim/applications/applicationcomponent.py", line 153, in put_package_in_buffer
	    data = data.replace("\n","")
	builtins.TypeError: a bytes-like object is required, not 'str'
	
2020-06-21T15:57:59-0300 [PublisherApp,client] connection lost: a bytes-like object is required, not 'str'
2020-06-21T15:57:59-0300 [PublisherApp,client] connection lost - Number of events: 30
2020-06-21T15:58:04-0300 [-] 127.0.0.1:53254 - sending MQTT PUBLISH REQUEST - Number of events: 31
2020-06-21T15:58:04-0300 [-] 127.0.0.1:53256 - sending MQTT PUBLISH REQUEST - Number of events: 32
2020-06-21T15:58:04-0300 [-] 127.0.0.1:53258 - sending MQTT PUBLISH REQUEST - Number of events: 33
2020-06-21T15:58:04-0300 [-] 127.0.0.1:53260 - sending MQTT PUBLISH REQUEST - Number of events: 34
2020-06-21T15:58:04-0300 [-] 127.0.0.1:53262 - sending MQTT PUBLISH REQUEST - Number of events: 35
2020-06-21T15:58:09-0300 [-] 127.0.0.1:53254 - sending MQTT PUBLISH REQUEST - Number of events: 36
2020-06-21T15:58:09-0300 [-] 127.0.0.1:53256 - sending MQTT PUBLISH REQUEST - Number of events: 37
2020-06-21T15:58:09-0300 [-] 127.0.0.1:53258 - sending MQTT PUBLISH REQUEST - Number of events: 38
2020-06-21T15:58:09-0300 [-] 127.0.0.1:53260 - sending MQTT PUBLISH REQUEST - Number of events: 39
2020-06-21T15:58:09-0300 [-] 127.0.0.1:53262 - sending MQTT PUBLISH REQUEST - Number of events: 40
2020-06-21T15:58:14-0300 [-] 127.0.0.1:53254 - sending MQTT PUBLISH REQUEST - Number of events: 41
2020-06-21T15:58:14-0300 [-] 127.0.0.1:53256 - sending MQTT PUBLISH REQUEST - Number of events: 42
2020-06-21T15:58:14-0300 [-] 127.0.0.1:53258 - sending MQTT PUBLISH REQUEST - Number of events: 43
2020-06-21T15:58:14-0300 [-] 127.0.0.1:53260 - sending MQTT PUBLISH REQUEST - Number of events: 44
2020-06-21T15:58:14-0300 [-] 127.0.0.1:53262 - sending MQTT PUBLISH REQUEST - Number of events: 45
2020-06-21T15:58:19-0300 [-] 127.0.0.1:53254 - sending MQTT PUBLISH REQUEST - Number of events: 46
2020-06-21T15:58:19-0300 [-] 127.0.0.1:53256 - sending MQTT PUBLISH REQUEST - Number of events: 47
2020-06-21T15:58:19-0300 [-] 127.0.0.1:53258 - sending MQTT PUBLISH REQUEST - Number of events: 48
2020-06-21T15:58:19-0300 [-] 127.0.0.1:53260 - sending MQTT PUBLISH REQUEST - Number of events: 49
2020-06-21T15:58:19-0300 [-] 127.0.0.1:53262 - sending MQTT PUBLISH REQUEST - Number of events: 50
2020-06-21T15:58:24-0300 [-] Received SIGINT, shutting down.
2020-06-21T15:58:24-0300 [twisted.internet.endpoints.OneShotFactory#info] Stopping factory <twisted.internet.endpoints.connectProtocol.<locals>.OneShotFactory object at 0x7fb99bbd7be0>
2020-06-21T15:58:24-0300 [twisted.internet.endpoints.OneShotFactory#info] Stopping factory <twisted.internet.endpoints.connectProtocol.<locals>.OneShotFactory object at 0x7fb99bbd77f0>
2020-06-21T15:58:24-0300 [twisted.internet.endpoints.OneShotFactory#info] Stopping factory <twisted.internet.endpoints.connectProtocol.<locals>.OneShotFactory object at 0x7fb99bbd7400>
2020-06-21T15:58:24-0300 [applications.mqttapp.BrokerFactory] (TCP Port 5100 Closed)
2020-06-21T15:58:24-0300 [applications.routerapp.RouterFactory] (TCP Port 8081 Closed)
2020-06-21T15:58:24-0300 [twisted.internet.endpoints.OneShotFactory#info] Stopping factory <twisted.internet.endpoints.connectProtocol.<locals>.OneShotFactory object at 0x7fb99bbdf128>
2020-06-21T15:58:24-0300 [twisted.internet.endpoints.OneShotFactory#info] Stopping factory <twisted.internet.endpoints.connectProtocol.<locals>.OneShotFactory object at 0x7fb99bbd7dd8>
2020-06-21T15:58:24-0300 [twisted.internet.endpoints.OneShotFactory#info] Stopping factory <twisted.internet.endpoints.connectProtocol.<locals>.OneShotFactory object at 0x7fb99bbd79e8>
2020-06-21T15:58:24-0300 [twisted.internet.endpoints.OneShotFactory#info] Stopping factory <twisted.internet.endpoints.connectProtocol.<locals>.OneShotFactory object at 0x7fb99bbd75f8>
2020-06-21T15:58:24-0300 [-] Main loop terminated.
