2020-03-04T09:49:40-0300 [-] Creating router ...
2020-03-04T09:49:40-0300 [-] Initializing Router - Number of events: 1
2020-03-04T09:49:40-0300 [-] RouterFactory starting on 8081
2020-03-04T09:49:40-0300 [-] Creating AccessPoint station ...
2020-03-04T09:49:40-0300 [-] Initializing Access Point - Number of events: 2
2020-03-04T09:49:40-0300 [-] Access Point BEACON - Number of events: 3
2020-03-04T09:49:40-0300 [-] Creating fog node ...
2020-03-04T09:49:40-0300 [stdout#info] applications.mqttapp.SubscriberApp
2020-03-04T09:49:40-0300 [-] Initializing Client - Number of events: 4
2020-03-04T09:49:40-0300 [-] Creating fog node ...
2020-03-04T09:49:40-0300 [-] Initializing Server - Number of events: 5
2020-03-04T09:49:40-0300 [-] BrokerFactory starting on 5100
2020-03-04T09:49:40-0300 [-] Creating iot node ...
2020-03-04T09:49:40-0300 [stdout#info] applications.mqttapp.PublisherApp
2020-03-04T09:49:40-0300 [-] Initializing Client - Number of events: 6
2020-03-04T09:49:40-0300 [-] Creating iot node ...
2020-03-04T09:49:40-0300 [stdout#info] applications.mqttapp.PublisherApp
2020-03-04T09:49:40-0300 [-] Initializing Client - Number of events: 7
2020-03-04T09:49:40-0300 [stdout#info] This divice have no simulation core instance
2020-03-04T09:49:40-0300 [stdout#info] This divice have no simulation core instance
2020-03-04T09:49:40-0300 [stdout#info] This divice have no simulation core instance
2020-03-04T09:49:40-0300 [stdout#info] This divice have no simulation core instance
2020-03-04T09:49:40-0300 [Uninitialized] 127.0.0.1:41432 - Connected to mqtt broker - Number of events: 8
2020-03-04T09:49:40-0300 [Uninitialized] 127.0.0.1:41432 - sending MQTT SUBSCRIBE REQUEST - Number of events: 9
2020-03-04T09:49:40-0300 [Uninitialized] Unhandled Error
	Traceback (most recent call last):
	  File "/home/rafael/iotfogsim/vm/lib/python3.6/site-packages/twisted/python/log.py", line 103, in callWithLogger
	    return callWithContext({"system": lp}, func, *args, **kw)
	  File "/home/rafael/iotfogsim/vm/lib/python3.6/site-packages/twisted/python/log.py", line 86, in callWithContext
	    return context.call({ILogContext: newCtx}, func, *args, **kw)
	  File "/home/rafael/iotfogsim/vm/lib/python3.6/site-packages/twisted/python/context.py", line 122, in callWithContext
	    return self.currentContext().callWithContext(ctx, func, *args, **kw)
	  File "/home/rafael/iotfogsim/vm/lib/python3.6/site-packages/twisted/python/context.py", line 85, in callWithContext
	    return func(*args,**kw)
	--- <exception caught here> ---
	  File "/home/rafael/iotfogsim/vm/lib/python3.6/site-packages/twisted/internet/posixbase.py", line 619, in _doReadOrWrite
	    why = selectable.doWrite()
	  File "/home/rafael/iotfogsim/vm/lib/python3.6/site-packages/twisted/internet/tcp.py", line 627, in doConnect
	    self._connectDone()
	  File "/home/rafael/iotfogsim/vm/lib/python3.6/site-packages/twisted/internet/tcp.py", line 656, in _connectDone
	    self.protocol.makeConnection(self)
	  File "/home/rafael/iotfogsim/vm/lib/python3.6/site-packages/twisted/internet/protocol.py", line 514, in makeConnection
	    self.connectionMade()
	  File "/home/rafael/iotfogsim/vm/lib/python3.6/site-packages/twisted/internet/endpoints.py", line 124, in connectionMade
	    self._wrappedProtocol.makeConnection(self.transport)
	  File "/home/rafael/iotfogsim/vm/lib/python3.6/site-packages/twisted/internet/protocol.py", line 514, in makeConnection
	    self.connectionMade()
	  File "/home/rafael/iotfogsim/scinetsim/applications/mqttapp.py", line 107, in connectionMade
	    self.create_connection_animation()
	  File "/home/rafael/iotfogsim/scinetsim/applications/applicationcomponent.py", line 87, in create_connection_animation
	    con = Connection(self.simulation_core, self, self.transport.getPeer().host, self.transport.getPeer().port)
	  File "/home/rafael/iotfogsim/scinetsim/scinetsim/standarddevice.py", line 217, in __init__
	    self.create_connection(self.simulation_core, self.device1, self.device2)
	  File "/home/rafael/iotfogsim/scinetsim/scinetsim/standarddevice.py", line 235, in create_connection
	    self.simulation_core.canvas.tag_bind(self.device1.visual_component.draggable_img, '<ButtonMotion-1>', self.update_connection_arrow)
	  File "/usr/lib/python3.6/tkinter/__init__.py", line 2456, in tag_bind
	    sequence, func, add)
	  File "/usr/lib/python3.6/tkinter/__init__.py", line 1209, in _bind
	    self.tk.call(what + (sequence, cmd))
	_tkinter.TclError: bad event type or keysym "ButtonMotion"
	
2020-03-04T09:49:40-0300 [Uninitialized] connection lost: bad event type or keysym "ButtonMotion"
2020-03-04T09:49:40-0300 [Uninitialized] connection lost - Number of events: 10
2020-03-04T09:49:40-0300 [Uninitialized] 127.0.0.1:41434 - Connected to mqtt broker - Number of events: 11
2020-03-04T09:49:40-0300 [Uninitialized] 127.0.0.1:41434 - sending MQTT PUBLISH REQUEST - Number of events: 12
2020-03-04T09:49:40-0300 [Uninitialized] Unhandled Error
	Traceback (most recent call last):
	  File "/home/rafael/iotfogsim/vm/lib/python3.6/site-packages/twisted/python/log.py", line 103, in callWithLogger
	    return callWithContext({"system": lp}, func, *args, **kw)
	  File "/home/rafael/iotfogsim/vm/lib/python3.6/site-packages/twisted/python/log.py", line 86, in callWithContext
	    return context.call({ILogContext: newCtx}, func, *args, **kw)
	  File "/home/rafael/iotfogsim/vm/lib/python3.6/site-packages/twisted/python/context.py", line 122, in callWithContext
	    return self.currentContext().callWithContext(ctx, func, *args, **kw)
	  File "/home/rafael/iotfogsim/vm/lib/python3.6/site-packages/twisted/python/context.py", line 85, in callWithContext
	    return func(*args,**kw)
	--- <exception caught here> ---
	  File "/home/rafael/iotfogsim/vm/lib/python3.6/site-packages/twisted/internet/posixbase.py", line 619, in _doReadOrWrite
	    why = selectable.doWrite()
	  File "/home/rafael/iotfogsim/vm/lib/python3.6/site-packages/twisted/internet/tcp.py", line 627, in doConnect
	    self._connectDone()
	  File "/home/rafael/iotfogsim/vm/lib/python3.6/site-packages/twisted/internet/tcp.py", line 656, in _connectDone
	    self.protocol.makeConnection(self)
	  File "/home/rafael/iotfogsim/vm/lib/python3.6/site-packages/twisted/internet/protocol.py", line 514, in makeConnection
	    self.connectionMade()
	  File "/home/rafael/iotfogsim/vm/lib/python3.6/site-packages/twisted/internet/endpoints.py", line 124, in connectionMade
	    self._wrappedProtocol.makeConnection(self.transport)
	  File "/home/rafael/iotfogsim/vm/lib/python3.6/site-packages/twisted/internet/protocol.py", line 514, in makeConnection
	    self.connectionMade()
	  File "/home/rafael/iotfogsim/scinetsim/applications/mqttapp.py", line 50, in connectionMade
	    self.create_connection_animation()
	  File "/home/rafael/iotfogsim/scinetsim/applications/applicationcomponent.py", line 87, in create_connection_animation
	    con = Connection(self.simulation_core, self, self.transport.getPeer().host, self.transport.getPeer().port)
	  File "/home/rafael/iotfogsim/scinetsim/scinetsim/standarddevice.py", line 217, in __init__
	    self.create_connection(self.simulation_core, self.device1, self.device2)
	  File "/home/rafael/iotfogsim/scinetsim/scinetsim/standarddevice.py", line 235, in create_connection
	    self.simulation_core.canvas.tag_bind(self.device1.visual_component.draggable_img, '<ButtonMotion-1>', self.update_connection_arrow)
	  File "/usr/lib/python3.6/tkinter/__init__.py", line 2456, in tag_bind
	    sequence, func, add)
	  File "/usr/lib/python3.6/tkinter/__init__.py", line 1209, in _bind
	    self.tk.call(what + (sequence, cmd))
	_tkinter.TclError: bad event type or keysym "ButtonMotion"
	
2020-03-04T09:49:40-0300 [Uninitialized] connection lost: bad event type or keysym "ButtonMotion"
2020-03-04T09:49:40-0300 [Uninitialized] connection lost - Number of events: 13
2020-03-04T09:49:40-0300 [Uninitialized] 127.0.0.1:41436 - Connected to mqtt broker - Number of events: 14
2020-03-04T09:49:40-0300 [Uninitialized] 127.0.0.1:41436 - sending MQTT PUBLISH REQUEST - Number of events: 15
2020-03-04T09:49:40-0300 [Uninitialized] Unhandled Error
	Traceback (most recent call last):
	  File "/home/rafael/iotfogsim/vm/lib/python3.6/site-packages/twisted/python/log.py", line 103, in callWithLogger
	    return callWithContext({"system": lp}, func, *args, **kw)
	  File "/home/rafael/iotfogsim/vm/lib/python3.6/site-packages/twisted/python/log.py", line 86, in callWithContext
	    return context.call({ILogContext: newCtx}, func, *args, **kw)
	  File "/home/rafael/iotfogsim/vm/lib/python3.6/site-packages/twisted/python/context.py", line 122, in callWithContext
	    return self.currentContext().callWithContext(ctx, func, *args, **kw)
	  File "/home/rafael/iotfogsim/vm/lib/python3.6/site-packages/twisted/python/context.py", line 85, in callWithContext
	    return func(*args,**kw)
	--- <exception caught here> ---
	  File "/home/rafael/iotfogsim/vm/lib/python3.6/site-packages/twisted/internet/posixbase.py", line 619, in _doReadOrWrite
	    why = selectable.doWrite()
	  File "/home/rafael/iotfogsim/vm/lib/python3.6/site-packages/twisted/internet/tcp.py", line 627, in doConnect
	    self._connectDone()
	  File "/home/rafael/iotfogsim/vm/lib/python3.6/site-packages/twisted/internet/tcp.py", line 656, in _connectDone
	    self.protocol.makeConnection(self)
	  File "/home/rafael/iotfogsim/vm/lib/python3.6/site-packages/twisted/internet/protocol.py", line 514, in makeConnection
	    self.connectionMade()
	  File "/home/rafael/iotfogsim/vm/lib/python3.6/site-packages/twisted/internet/endpoints.py", line 124, in connectionMade
	    self._wrappedProtocol.makeConnection(self.transport)
	  File "/home/rafael/iotfogsim/vm/lib/python3.6/site-packages/twisted/internet/protocol.py", line 514, in makeConnection
	    self.connectionMade()
	  File "/home/rafael/iotfogsim/scinetsim/applications/mqttapp.py", line 50, in connectionMade
	    self.create_connection_animation()
	  File "/home/rafael/iotfogsim/scinetsim/applications/applicationcomponent.py", line 87, in create_connection_animation
	    con = Connection(self.simulation_core, self, self.transport.getPeer().host, self.transport.getPeer().port)
	  File "/home/rafael/iotfogsim/scinetsim/scinetsim/standarddevice.py", line 217, in __init__
	    self.create_connection(self.simulation_core, self.device1, self.device2)
	  File "/home/rafael/iotfogsim/scinetsim/scinetsim/standarddevice.py", line 235, in create_connection
	    self.simulation_core.canvas.tag_bind(self.device1.visual_component.draggable_img, '<ButtonMotion-1>', self.update_connection_arrow)
	  File "/usr/lib/python3.6/tkinter/__init__.py", line 2456, in tag_bind
	    sequence, func, add)
	  File "/usr/lib/python3.6/tkinter/__init__.py", line 1209, in _bind
	    self.tk.call(what + (sequence, cmd))
	_tkinter.TclError: bad event type or keysym "ButtonMotion"
	
2020-03-04T09:49:40-0300 [Uninitialized] connection lost: bad event type or keysym "ButtonMotion"
2020-03-04T09:49:40-0300 [Uninitialized] connection lost - Number of events: 16
2020-03-04T09:49:40-0300 [RouterAppProtocol,3,127.0.0.1] connection lost: Connection was closed cleanly.
2020-03-04T09:49:40-0300 [RouterAppProtocol,3,127.0.0.1] connection lost - Number of events: 17
2020-03-04T09:49:40-0300 [-] Access Point BEACON - Number of events: 18
2020-03-04T09:49:40-0300 [-] Access Point BEACON - Number of events: 19
2020-03-04T09:49:40-0300 [-] Access Point BEACON - Number of events: 20
2020-03-04T09:49:40-0300 [-] Access Point BEACON - Number of events: 21
2020-03-04T09:49:41-0300 [-] Access Point BEACON - Number of events: 22
2020-03-04T09:49:41-0300 [-] Access Point BEACON - Number of events: 23
2020-03-04T09:49:41-0300 [-] Access Point BEACON - Number of events: 24
2020-03-04T09:49:41-0300 [-] Access Point BEACON - Number of events: 25
2020-03-04T09:49:41-0300 [-] Access Point BEACON - Number of events: 26
2020-03-04T09:49:41-0300 [-] Access Point BEACON - Number of events: 27
2020-03-04T09:49:41-0300 [-] Access Point BEACON - Number of events: 28
2020-03-04T09:49:41-0300 [-] Access Point BEACON - Number of events: 29
2020-03-04T09:49:41-0300 [-] Access Point BEACON - Number of events: 30
2020-03-04T09:49:42-0300 [-] Access Point BEACON - Number of events: 31
2020-03-04T09:49:42-0300 [-] Access Point BEACON - Number of events: 32
2020-03-04T09:49:42-0300 [-] Access Point BEACON - Number of events: 33
2020-03-04T09:49:42-0300 [-] Access Point BEACON - Number of events: 34
2020-03-04T09:49:42-0300 [-] Access Point BEACON - Number of events: 35
2020-03-04T09:49:42-0300 [-] Access Point BEACON - Number of events: 36
2020-03-04T09:49:42-0300 [-] Access Point BEACON - Number of events: 37
2020-03-04T09:49:42-0300 [-] Access Point BEACON - Number of events: 38
2020-03-04T09:49:42-0300 [-] Access Point BEACON - Number of events: 39
2020-03-04T09:49:43-0300 [-] Access Point BEACON - Number of events: 40
2020-03-04T09:49:43-0300 [-] Access Point BEACON - Number of events: 41
2020-03-04T09:49:43-0300 [-] Access Point BEACON - Number of events: 42
2020-03-04T09:49:43-0300 [-] Access Point BEACON - Number of events: 43
2020-03-04T09:49:43-0300 [-] Access Point BEACON - Number of events: 44
2020-03-04T09:49:43-0300 [-] Access Point BEACON - Number of events: 45
2020-03-04T09:49:43-0300 [-] Access Point BEACON - Number of events: 46
2020-03-04T09:49:43-0300 [-] Access Point BEACON - Number of events: 47
2020-03-04T09:49:43-0300 [-] Access Point BEACON - Number of events: 48
2020-03-04T09:49:44-0300 [-] Access Point BEACON - Number of events: 49
2020-03-04T09:49:44-0300 [-] Access Point BEACON - Number of events: 50
2020-03-04T09:49:44-0300 [-] Access Point BEACON - Number of events: 51
2020-03-04T09:49:44-0300 [-] Access Point BEACON - Number of events: 52
2020-03-04T09:49:44-0300 [-] Access Point BEACON - Number of events: 53
2020-03-04T09:49:44-0300 [-] Access Point BEACON - Number of events: 54
2020-03-04T09:49:44-0300 [-] Access Point BEACON - Number of events: 55
2020-03-04T09:49:44-0300 [-] Access Point BEACON - Number of events: 56
2020-03-04T09:49:44-0300 [-] Access Point BEACON - Number of events: 57
2020-03-04T09:49:45-0300 [-] Access Point BEACON - Number of events: 58
2020-03-04T09:49:45-0300 [-] Access Point BEACON - Number of events: 59
2020-03-04T09:49:45-0300 [-] Access Point BEACON - Number of events: 60
2020-03-04T09:49:45-0300 [-] Access Point BEACON - Number of events: 61
2020-03-04T09:49:45-0300 [-] Access Point BEACON - Number of events: 62
2020-03-04T09:49:45-0300 [-] 127.0.0.1:41434 - sending MQTT PUBLISH REQUEST - Number of events: 63
2020-03-04T09:49:45-0300 [-] 127.0.0.1:41436 - sending MQTT PUBLISH REQUEST - Number of events: 64
2020-03-04T09:49:45-0300 [-] Access Point BEACON - Number of events: 65
2020-03-04T09:49:45-0300 [-] Access Point BEACON - Number of events: 66
2020-03-04T09:49:45-0300 [-] Access Point BEACON - Number of events: 67
2020-03-04T09:49:45-0300 [-] Access Point BEACON - Number of events: 68
2020-03-04T09:49:46-0300 [-] Access Point BEACON - Number of events: 69
2020-03-04T09:49:46-0300 [-] Access Point BEACON - Number of events: 70
2020-03-04T09:49:46-0300 [-] Access Point BEACON - Number of events: 71
2020-03-04T09:49:46-0300 [-] Access Point BEACON - Number of events: 72
2020-03-04T09:49:46-0300 [-] Access Point BEACON - Number of events: 73
2020-03-04T09:49:46-0300 [-] Access Point BEACON - Number of events: 74
2020-03-04T09:49:46-0300 [-] Access Point BEACON - Number of events: 75
2020-03-04T09:49:46-0300 [-] Access Point BEACON - Number of events: 76
2020-03-04T09:49:46-0300 [-] Access Point BEACON - Number of events: 77
2020-03-04T09:49:47-0300 [-] Access Point BEACON - Number of events: 78
2020-03-04T09:49:47-0300 [-] Access Point BEACON - Number of events: 79
2020-03-04T09:49:47-0300 [-] Access Point BEACON - Number of events: 80
2020-03-04T09:49:47-0300 [-] Access Point BEACON - Number of events: 81
2020-03-04T09:49:47-0300 [-] Access Point BEACON - Number of events: 82
2020-03-04T09:49:47-0300 [-] Access Point BEACON - Number of events: 83
2020-03-04T09:49:47-0300 [-] Access Point BEACON - Number of events: 84
2020-03-04T09:49:47-0300 [-] Access Point BEACON - Number of events: 85
2020-03-04T09:49:47-0300 [-] Access Point BEACON - Number of events: 86
2020-03-04T09:49:48-0300 [-] Access Point BEACON - Number of events: 87
2020-03-04T09:49:48-0300 [-] Access Point BEACON - Number of events: 88
2020-03-04T09:49:48-0300 [-] Access Point BEACON - Number of events: 89
2020-03-04T09:49:48-0300 [-] Access Point BEACON - Number of events: 90
2020-03-04T09:49:48-0300 [-] Access Point BEACON - Number of events: 91
2020-03-04T09:49:48-0300 [-] Access Point BEACON - Number of events: 92
2020-03-04T09:49:48-0300 [-] Access Point BEACON - Number of events: 93
2020-03-04T09:49:48-0300 [-] Access Point BEACON - Number of events: 94
2020-03-04T09:49:48-0300 [-] Access Point BEACON - Number of events: 95
2020-03-04T09:49:49-0300 [-] Access Point BEACON - Number of events: 96
2020-03-04T09:49:49-0300 [-] Access Point BEACON - Number of events: 97
2020-03-04T09:49:49-0300 [-] Access Point BEACON - Number of events: 98
2020-03-04T09:49:49-0300 [-] Access Point BEACON - Number of events: 99
2020-03-04T09:49:49-0300 [-] Access Point BEACON - Number of events: 100
2020-03-04T09:49:49-0300 [-] Access Point BEACON - Number of events: 101
2020-03-04T09:49:49-0300 [-] Access Point BEACON - Number of events: 102
2020-03-04T09:49:49-0300 [-] Access Point BEACON - Number of events: 103
2020-03-04T09:49:49-0300 [-] Access Point BEACON - Number of events: 104
2020-03-04T09:49:50-0300 [-] Access Point BEACON - Number of events: 105
2020-03-04T09:49:50-0300 [-] Access Point BEACON - Number of events: 106
2020-03-04T09:49:50-0300 [-] Access Point BEACON - Number of events: 107
2020-03-04T09:49:50-0300 [-] Access Point BEACON - Number of events: 108
2020-03-04T09:49:50-0300 [-] Access Point BEACON - Number of events: 109
2020-03-04T09:49:50-0300 [-] 127.0.0.1:41434 - sending MQTT PUBLISH REQUEST - Number of events: 110
2020-03-04T09:49:50-0300 [-] 127.0.0.1:41436 - sending MQTT PUBLISH REQUEST - Number of events: 111
2020-03-04T09:49:50-0300 [-] Access Point BEACON - Number of events: 112
2020-03-04T09:49:50-0300 [-] Access Point BEACON - Number of events: 113
2020-03-04T09:49:50-0300 [-] Access Point BEACON - Number of events: 114
2020-03-04T09:49:50-0300 [-] Access Point BEACON - Number of events: 115
2020-03-04T09:49:51-0300 [-] Access Point BEACON - Number of events: 116
2020-03-04T09:49:51-0300 [-] Access Point BEACON - Number of events: 117
2020-03-04T09:49:51-0300 [-] Access Point BEACON - Number of events: 118
2020-03-04T09:49:51-0300 [-] Access Point BEACON - Number of events: 119
2020-03-04T09:49:51-0300 [-] Access Point BEACON - Number of events: 120
2020-03-04T09:49:51-0300 [-] Access Point BEACON - Number of events: 121
2020-03-04T09:49:51-0300 [-] Access Point BEACON - Number of events: 122
2020-03-04T09:49:51-0300 [-] Access Point BEACON - Number of events: 123
2020-03-04T09:49:51-0300 [-] Access Point BEACON - Number of events: 124
2020-03-04T09:49:52-0300 [-] Access Point BEACON - Number of events: 125
2020-03-04T09:49:52-0300 [-] Access Point BEACON - Number of events: 126
2020-03-04T09:49:52-0300 [-] Access Point BEACON - Number of events: 127
2020-03-04T09:49:52-0300 [-] Access Point BEACON - Number of events: 128
2020-03-04T09:49:52-0300 [-] Access Point BEACON - Number of events: 129
2020-03-04T09:49:52-0300 [-] Access Point BEACON - Number of events: 130
2020-03-04T09:49:52-0300 [-] Access Point BEACON - Number of events: 131
2020-03-04T09:49:52-0300 [-] Access Point BEACON - Number of events: 132
2020-03-04T09:49:52-0300 [-] Access Point BEACON - Number of events: 133
2020-03-04T09:49:53-0300 [-] Access Point BEACON - Number of events: 134
2020-03-04T09:49:53-0300 [-] Access Point BEACON - Number of events: 135
2020-03-04T09:49:53-0300 [-] Access Point BEACON - Number of events: 136
2020-03-04T09:49:53-0300 [-] Access Point BEACON - Number of events: 137
2020-03-04T09:49:53-0300 [-] Access Point BEACON - Number of events: 138
2020-03-04T09:49:53-0300 [-] Access Point BEACON - Number of events: 139
2020-03-04T09:49:53-0300 [-] Access Point BEACON - Number of events: 140
2020-03-04T09:49:53-0300 [-] Access Point BEACON - Number of events: 141
2020-03-04T09:49:53-0300 [-] Access Point BEACON - Number of events: 142
2020-03-04T09:49:54-0300 [-] Access Point BEACON - Number of events: 143
2020-03-04T09:49:54-0300 [-] Access Point BEACON - Number of events: 144
2020-03-04T09:49:54-0300 [-] Access Point BEACON - Number of events: 145
2020-03-04T09:49:54-0300 [-] Access Point BEACON - Number of events: 146
2020-03-04T09:49:54-0300 [-] Access Point BEACON - Number of events: 147
2020-03-04T09:49:54-0300 [-] Access Point BEACON - Number of events: 148
2020-03-04T09:49:54-0300 [-] Access Point BEACON - Number of events: 149
2020-03-04T09:49:54-0300 [-] Access Point BEACON - Number of events: 150
2020-03-04T09:49:54-0300 [-] Access Point BEACON - Number of events: 151
2020-03-04T09:49:55-0300 [-] Access Point BEACON - Number of events: 152
2020-03-04T09:49:55-0300 [-] Access Point BEACON - Number of events: 153
2020-03-04T09:49:55-0300 [-] Access Point BEACON - Number of events: 154
2020-03-04T09:49:55-0300 [-] Access Point BEACON - Number of events: 155
2020-03-04T09:49:55-0300 [-] Access Point BEACON - Number of events: 156
2020-03-04T09:49:55-0300 [-] 127.0.0.1:41434 - sending MQTT PUBLISH REQUEST - Number of events: 157
2020-03-04T09:49:55-0300 [-] 127.0.0.1:41436 - sending MQTT PUBLISH REQUEST - Number of events: 158
2020-03-04T09:49:55-0300 [-] Access Point BEACON - Number of events: 159
2020-03-04T09:49:55-0300 [-] Access Point BEACON - Number of events: 160
2020-03-04T09:49:55-0300 [-] Access Point BEACON - Number of events: 161
2020-03-04T09:49:55-0300 [-] Access Point BEACON - Number of events: 162
2020-03-04T09:49:56-0300 [-] Access Point BEACON - Number of events: 163
2020-03-04T09:49:56-0300 [-] Access Point BEACON - Number of events: 164
2020-03-04T09:49:56-0300 [-] Access Point BEACON - Number of events: 165
2020-03-04T09:49:56-0300 [-] Access Point BEACON - Number of events: 166
2020-03-04T09:49:56-0300 [-] Access Point BEACON - Number of events: 167
2020-03-04T09:49:56-0300 [-] Access Point BEACON - Number of events: 168
2020-03-04T09:49:56-0300 [-] Access Point BEACON - Number of events: 169
2020-03-04T09:49:56-0300 [-] Access Point BEACON - Number of events: 170
2020-03-04T09:49:56-0300 [-] Access Point BEACON - Number of events: 171
2020-03-04T09:49:57-0300 [-] Access Point BEACON - Number of events: 172
2020-03-04T09:49:57-0300 [-] Access Point BEACON - Number of events: 173
2020-03-04T09:49:57-0300 [-] Access Point BEACON - Number of events: 174
2020-03-04T09:49:57-0300 [-] Access Point BEACON - Number of events: 175
2020-03-04T09:49:57-0300 [-] Access Point BEACON - Number of events: 176
2020-03-04T09:49:57-0300 [-] Access Point BEACON - Number of events: 177
2020-03-04T09:49:57-0300 [-] Access Point BEACON - Number of events: 178
2020-03-04T09:49:57-0300 [-] Access Point BEACON - Number of events: 179
2020-03-04T09:49:57-0300 [-] Access Point BEACON - Number of events: 180
2020-03-04T09:49:57-0300 [-] Access Point BEACON - Number of events: 181
2020-03-04T09:49:58-0300 [-] Access Point BEACON - Number of events: 182
2020-03-04T09:49:58-0300 [-] Access Point BEACON - Number of events: 183
2020-03-04T09:49:58-0300 [-] Access Point BEACON - Number of events: 184
2020-03-04T09:49:58-0300 [-] Access Point BEACON - Number of events: 185
2020-03-04T09:49:58-0300 [-] Access Point BEACON - Number of events: 186
2020-03-04T09:49:58-0300 [-] Access Point BEACON - Number of events: 187
2020-03-04T09:49:58-0300 [-] Access Point BEACON - Number of events: 188
2020-03-04T09:49:58-0300 [-] Access Point BEACON - Number of events: 189
2020-03-04T09:49:58-0300 [-] Access Point BEACON - Number of events: 190
2020-03-04T09:49:59-0300 [-] Access Point BEACON - Number of events: 191
2020-03-04T09:49:59-0300 [-] Access Point BEACON - Number of events: 192
2020-03-04T09:49:59-0300 [-] Access Point BEACON - Number of events: 193
2020-03-04T09:49:59-0300 [-] Access Point BEACON - Number of events: 194
2020-03-04T09:49:59-0300 [-] Access Point BEACON - Number of events: 195
2020-03-04T09:49:59-0300 [-] Access Point BEACON - Number of events: 196
2020-03-04T09:49:59-0300 [-] Access Point BEACON - Number of events: 197
2020-03-04T09:49:59-0300 [-] Access Point BEACON - Number of events: 198
2020-03-04T09:49:59-0300 [-] Access Point BEACON - Number of events: 199
2020-03-04T09:50:00-0300 [-] Access Point BEACON - Number of events: 200
2020-03-04T09:50:00-0300 [-] Access Point BEACON - Number of events: 201
2020-03-04T09:50:00-0300 [-] Access Point BEACON - Number of events: 202
2020-03-04T09:50:00-0300 [-] Access Point BEACON - Number of events: 203
2020-03-04T09:50:00-0300 [-] Access Point BEACON - Number of events: 204
2020-03-04T09:50:00-0300 [-] 127.0.0.1:41434 - sending MQTT PUBLISH REQUEST - Number of events: 205
2020-03-04T09:50:00-0300 [-] 127.0.0.1:41436 - sending MQTT PUBLISH REQUEST - Number of events: 206
2020-03-04T09:50:00-0300 [-] Access Point BEACON - Number of events: 207
2020-03-04T09:50:00-0300 [-] Access Point BEACON - Number of events: 208
2020-03-04T09:50:00-0300 [-] Access Point BEACON - Number of events: 209
2020-03-04T09:50:00-0300 [-] Access Point BEACON - Number of events: 210
2020-03-04T09:50:01-0300 [-] Access Point BEACON - Number of events: 211
2020-03-04T09:50:01-0300 [-] Access Point BEACON - Number of events: 212
2020-03-04T09:50:01-0300 [-] Access Point BEACON - Number of events: 213
2020-03-04T09:50:01-0300 [-] Access Point BEACON - Number of events: 214
2020-03-04T09:50:01-0300 [-] Access Point BEACON - Number of events: 215
2020-03-04T09:50:01-0300 [-] Access Point BEACON - Number of events: 216
2020-03-04T09:50:01-0300 [-] Access Point BEACON - Number of events: 217
2020-03-04T09:50:01-0300 [-] Access Point BEACON - Number of events: 218
2020-03-04T09:50:01-0300 [-] Access Point BEACON - Number of events: 219
2020-03-04T09:50:02-0300 [-] Access Point BEACON - Number of events: 220
2020-03-04T09:50:02-0300 [-] Access Point BEACON - Number of events: 221
2020-03-04T09:50:02-0300 [-] Access Point BEACON - Number of events: 222
2020-03-04T09:50:02-0300 [-] Access Point BEACON - Number of events: 223
2020-03-04T09:50:02-0300 [-] Access Point BEACON - Number of events: 224
2020-03-04T09:50:02-0300 [-] Access Point BEACON - Number of events: 225
2020-03-04T09:50:02-0300 [-] Access Point BEACON - Number of events: 226
2020-03-04T09:50:02-0300 [-] Access Point BEACON - Number of events: 227
2020-03-04T09:50:02-0300 [-] Access Point BEACON - Number of events: 228
2020-03-04T09:50:03-0300 [-] Access Point BEACON - Number of events: 229
2020-03-04T09:50:03-0300 [-] Access Point BEACON - Number of events: 230
2020-03-04T09:50:03-0300 [-] Access Point BEACON - Number of events: 231
2020-03-04T09:50:03-0300 [-] Access Point BEACON - Number of events: 232
2020-03-04T09:50:03-0300 [-] Access Point BEACON - Number of events: 233
2020-03-04T09:50:03-0300 [-] Access Point BEACON - Number of events: 234
2020-03-04T09:50:03-0300 [-] Access Point BEACON - Number of events: 235
2020-03-04T09:50:03-0300 [-] Access Point BEACON - Number of events: 236
2020-03-04T09:50:03-0300 [-] Access Point BEACON - Number of events: 237
2020-03-04T09:50:04-0300 [-] Access Point BEACON - Number of events: 238
2020-03-04T09:50:04-0300 [-] Access Point BEACON - Number of events: 239
2020-03-04T09:50:04-0300 [-] Access Point BEACON - Number of events: 240
2020-03-04T09:50:04-0300 [-] Access Point BEACON - Number of events: 241
2020-03-04T09:50:04-0300 [-] Access Point BEACON - Number of events: 242
2020-03-04T09:50:04-0300 [-] Access Point BEACON - Number of events: 243
2020-03-04T09:50:04-0300 [-] Access Point BEACON - Number of events: 244
2020-03-04T09:50:04-0300 [-] Access Point BEACON - Number of events: 245
2020-03-04T09:50:04-0300 [-] Access Point BEACON - Number of events: 246
2020-03-04T09:50:05-0300 [-] Access Point BEACON - Number of events: 247
2020-03-04T09:50:05-0300 [-] Access Point BEACON - Number of events: 248
2020-03-04T09:50:05-0300 [-] Access Point BEACON - Number of events: 249
2020-03-04T09:50:05-0300 [-] Access Point BEACON - Number of events: 250
2020-03-04T09:50:05-0300 [-] Access Point BEACON - Number of events: 251
2020-03-04T09:50:05-0300 [-] 127.0.0.1:41434 - sending MQTT PUBLISH REQUEST - Number of events: 252
2020-03-04T09:50:05-0300 [-] 127.0.0.1:41436 - sending MQTT PUBLISH REQUEST - Number of events: 253
2020-03-04T09:50:05-0300 [-] Access Point BEACON - Number of events: 254
2020-03-04T09:50:05-0300 [-] Access Point BEACON - Number of events: 255
2020-03-04T09:50:05-0300 [-] Access Point BEACON - Number of events: 256
2020-03-04T09:50:05-0300 [-] Access Point BEACON - Number of events: 257
2020-03-04T09:50:05-0300 [-] Received SIGINT, shutting down.
2020-03-04T09:50:05-0300 [applications.mqttapp.BrokerFactory] (TCP Port 5100 Closed)
2020-03-04T09:50:05-0300 [applications.routerapp.RouterFactory] (TCP Port 8081 Closed)
2020-03-04T09:50:05-0300 [-] Main loop terminated.
