2020-03-04T12:24:00-0300 [-] Creating router ...
2020-03-04T12:24:00-0300 [-] Initializing Router - Number of events: 1
2020-03-04T12:24:00-0300 [-] RouterFactory starting on 8081
2020-03-04T12:24:00-0300 [-] Creating fog node ...
2020-03-04T12:24:00-0300 [-] Initializing Client - Number of events: 2
2020-03-04T12:24:00-0300 [-] Creating fog node ...
2020-03-04T12:24:00-0300 [-] Initializing Server - Number of events: 3
2020-03-04T12:24:00-0300 [-] BrokerFactory starting on 5100
2020-03-04T12:24:00-0300 [-] Creating iot node ...
2020-03-04T12:24:00-0300 [-] Initializing Client - Number of events: 4
2020-03-04T12:24:00-0300 [-] Creating iot node ...
2020-03-04T12:24:00-0300 [-] Initializing Client - Number of events: 5
2020-03-04T12:24:00-0300 [stdout#info] This divice have no simulation core instance
2020-03-04T12:24:00-0300 [stdout#info] This divice have no simulation core instance
2020-03-04T12:24:00-0300 [stdout#info] This divice have no simulation core instance
2020-03-04T12:24:00-0300 [stdout#info] This divice have no simulation core instance
2020-03-04T12:24:00-0300 [Uninitialized] 127.0.0.1:46078 - Connected to mqtt broker - Number of events: 6
2020-03-04T12:24:00-0300 [Uninitialized] 127.0.0.1:46078 - sending MQTT SUBSCRIBE REQUEST - Number of events: 7
2020-03-04T12:24:00-0300 [Uninitialized] 127.0.0.1:46080 - Connected to mqtt broker - Number of events: 8
2020-03-04T12:24:00-0300 [Uninitialized] 127.0.0.1:46080 - sending MQTT PUBLISH REQUEST - Number of events: 9
2020-03-04T12:24:00-0300 [Uninitialized] Unhandled Error
	Traceback (most recent call last):
	  File "/home/rafael/iotfogsim/vm/lib/python3.6/site-packages/twisted/python/log.py", line 103, in callWithLogger
	    return callWithContext({"system": lp}, func, *args, **kw)
	  File "/home/rafael/iotfogsim/vm/lib/python3.6/site-packages/twisted/python/log.py", line 86, in callWithContext
	    return context.call({ILogContext: newCtx}, func, *args, **kw)
	  File "/home/rafael/iotfogsim/vm/lib/python3.6/site-packages/twisted/python/context.py", line 122, in callWithContext
	    return self.currentContext().callWithContext(ctx, func, *args, **kw)
	  File "/home/rafael/iotfogsim/vm/lib/python3.6/site-packages/twisted/python/context.py", line 85, in callWithContext
	    return func(*args,**kw)
	--- <exception caught here> ---
	  File "/home/rafael/iotfogsim/vm/lib/python3.6/site-packages/twisted/internet/posixbase.py", line 619, in _doReadOrWrite
	    why = selectable.doWrite()
	  File "/home/rafael/iotfogsim/vm/lib/python3.6/site-packages/twisted/internet/tcp.py", line 627, in doConnect
	    self._connectDone()
	  File "/home/rafael/iotfogsim/vm/lib/python3.6/site-packages/twisted/internet/tcp.py", line 656, in _connectDone
	    self.protocol.makeConnection(self)
	  File "/home/rafael/iotfogsim/vm/lib/python3.6/site-packages/twisted/internet/protocol.py", line 514, in makeConnection
	    self.connectionMade()
	  File "/home/rafael/iotfogsim/vm/lib/python3.6/site-packages/twisted/internet/endpoints.py", line 124, in connectionMade
	    self._wrappedProtocol.makeConnection(self.transport)
	  File "/home/rafael/iotfogsim/vm/lib/python3.6/site-packages/twisted/internet/protocol.py", line 514, in makeConnection
	    self.connectionMade()
	  File "/home/rafael/iotfogsim/scinetsim/applications/mqttapp.py", line 46, in connectionMade
	    self.publish()
	  File "/home/rafael/iotfogsim/scinetsim/applications/mqttapp.py", line 64, in publish
	    self.draw_wireless_signal("MQTT_PUBLISH")
	  File "/home/rafael/iotfogsim/scinetsim/applications/applicationcomponent.py", line 126, in draw_wireless_signal
	    LoopingCall.withCount(propagate_signal).lc.start(1)
	builtins.AttributeError: 'LoopingCall' object has no attribute 'lc'
	
2020-03-04T12:24:00-0300 [Uninitialized] connection lost: 'LoopingCall' object has no attribute 'lc'
2020-03-04T12:24:00-0300 [Uninitialized] connection lost - Number of events: 10
2020-03-04T12:24:00-0300 [Uninitialized] Unhandled Error
	Traceback (most recent call last):
	  File "run_iotfogsim.py", line 23, in <module>
	    reactor.run()
	  File "/home/rafael/iotfogsim/vm/lib/python3.6/site-packages/twisted/internet/base.py", line 1283, in run
	    self.mainLoop()
	  File "/home/rafael/iotfogsim/vm/lib/python3.6/site-packages/twisted/internet/base.py", line 1295, in mainLoop
	    self.doIteration(t)
	  File "/home/rafael/iotfogsim/vm/lib/python3.6/site-packages/twisted/internet/epollreactor.py", line 235, in doPoll
	    log.callWithLogger(selectable, _drdw, selectable, fd, event)
	--- <exception caught here> ---
	  File "/home/rafael/iotfogsim/vm/lib/python3.6/site-packages/twisted/python/log.py", line 103, in callWithLogger
	    return callWithContext({"system": lp}, func, *args, **kw)
	  File "/home/rafael/iotfogsim/vm/lib/python3.6/site-packages/twisted/python/log.py", line 86, in callWithContext
	    return context.call({ILogContext: newCtx}, func, *args, **kw)
	  File "/home/rafael/iotfogsim/vm/lib/python3.6/site-packages/twisted/python/context.py", line 122, in callWithContext
	    return self.currentContext().callWithContext(ctx, func, *args, **kw)
	  File "/home/rafael/iotfogsim/vm/lib/python3.6/site-packages/twisted/python/context.py", line 85, in callWithContext
	    return func(*args,**kw)
	  File "/home/rafael/iotfogsim/vm/lib/python3.6/site-packages/twisted/internet/posixbase.py", line 627, in _doReadOrWrite
	    self._disconnectSelectable(selectable, why, inRead)
	  File "/home/rafael/iotfogsim/vm/lib/python3.6/site-packages/twisted/internet/posixbase.py", line 258, in _disconnectSelectable
	    selectable.connectionLost(failure.Failure(why))
	  File "/home/rafael/iotfogsim/vm/lib/python3.6/site-packages/twisted/internet/tcp.py", line 519, in connectionLost
	    self._commonConnection.connectionLost(self, reason)
	  File "/home/rafael/iotfogsim/vm/lib/python3.6/site-packages/twisted/internet/tcp.py", line 327, in connectionLost
	    protocol.connectionLost(reason)
	  File "/home/rafael/iotfogsim/vm/lib/python3.6/site-packages/twisted/internet/endpoints.py", line 146, in connectionLost
	    return self._wrappedProtocol.connectionLost(reason)
	  File "/home/rafael/iotfogsim/scinetsim/applications/applicationcomponent.py", line 62, in connectionLost
	    self.simulation_core.allProtocols.remove(self)
	builtins.KeyError: <applications.mqttapp.PublisherApp object at 0x7f7a7b438400>
	
2020-03-04T12:24:00-0300 [Uninitialized] 127.0.0.1:46082 - Connected to mqtt broker - Number of events: 11
2020-03-04T12:24:00-0300 [Uninitialized] 127.0.0.1:46082 - sending MQTT PUBLISH REQUEST - Number of events: 12
2020-03-04T12:24:00-0300 [Uninitialized] Unhandled Error
	Traceback (most recent call last):
	  File "/home/rafael/iotfogsim/vm/lib/python3.6/site-packages/twisted/python/log.py", line 103, in callWithLogger
	    return callWithContext({"system": lp}, func, *args, **kw)
	  File "/home/rafael/iotfogsim/vm/lib/python3.6/site-packages/twisted/python/log.py", line 86, in callWithContext
	    return context.call({ILogContext: newCtx}, func, *args, **kw)
	  File "/home/rafael/iotfogsim/vm/lib/python3.6/site-packages/twisted/python/context.py", line 122, in callWithContext
	    return self.currentContext().callWithContext(ctx, func, *args, **kw)
	  File "/home/rafael/iotfogsim/vm/lib/python3.6/site-packages/twisted/python/context.py", line 85, in callWithContext
	    return func(*args,**kw)
	--- <exception caught here> ---
	  File "/home/rafael/iotfogsim/vm/lib/python3.6/site-packages/twisted/internet/posixbase.py", line 619, in _doReadOrWrite
	    why = selectable.doWrite()
	  File "/home/rafael/iotfogsim/vm/lib/python3.6/site-packages/twisted/internet/tcp.py", line 627, in doConnect
	    self._connectDone()
	  File "/home/rafael/iotfogsim/vm/lib/python3.6/site-packages/twisted/internet/tcp.py", line 656, in _connectDone
	    self.protocol.makeConnection(self)
	  File "/home/rafael/iotfogsim/vm/lib/python3.6/site-packages/twisted/internet/protocol.py", line 514, in makeConnection
	    self.connectionMade()
	  File "/home/rafael/iotfogsim/vm/lib/python3.6/site-packages/twisted/internet/endpoints.py", line 124, in connectionMade
	    self._wrappedProtocol.makeConnection(self.transport)
	  File "/home/rafael/iotfogsim/vm/lib/python3.6/site-packages/twisted/internet/protocol.py", line 514, in makeConnection
	    self.connectionMade()
	  File "/home/rafael/iotfogsim/scinetsim/applications/mqttapp.py", line 46, in connectionMade
	    self.publish()
	  File "/home/rafael/iotfogsim/scinetsim/applications/mqttapp.py", line 64, in publish
	    self.draw_wireless_signal("MQTT_PUBLISH")
	  File "/home/rafael/iotfogsim/scinetsim/applications/applicationcomponent.py", line 126, in draw_wireless_signal
	    LoopingCall.withCount(propagate_signal).lc.start(1)
	builtins.AttributeError: 'LoopingCall' object has no attribute 'lc'
	
2020-03-04T12:24:00-0300 [Uninitialized] connection lost: 'LoopingCall' object has no attribute 'lc'
2020-03-04T12:24:00-0300 [Uninitialized] connection lost - Number of events: 13
2020-03-04T12:24:00-0300 [Uninitialized] Unhandled Error
	Traceback (most recent call last):
	  File "run_iotfogsim.py", line 23, in <module>
	    reactor.run()
	  File "/home/rafael/iotfogsim/vm/lib/python3.6/site-packages/twisted/internet/base.py", line 1283, in run
	    self.mainLoop()
	  File "/home/rafael/iotfogsim/vm/lib/python3.6/site-packages/twisted/internet/base.py", line 1295, in mainLoop
	    self.doIteration(t)
	  File "/home/rafael/iotfogsim/vm/lib/python3.6/site-packages/twisted/internet/epollreactor.py", line 235, in doPoll
	    log.callWithLogger(selectable, _drdw, selectable, fd, event)
	--- <exception caught here> ---
	  File "/home/rafael/iotfogsim/vm/lib/python3.6/site-packages/twisted/python/log.py", line 103, in callWithLogger
	    return callWithContext({"system": lp}, func, *args, **kw)
	  File "/home/rafael/iotfogsim/vm/lib/python3.6/site-packages/twisted/python/log.py", line 86, in callWithContext
	    return context.call({ILogContext: newCtx}, func, *args, **kw)
	  File "/home/rafael/iotfogsim/vm/lib/python3.6/site-packages/twisted/python/context.py", line 122, in callWithContext
	    return self.currentContext().callWithContext(ctx, func, *args, **kw)
	  File "/home/rafael/iotfogsim/vm/lib/python3.6/site-packages/twisted/python/context.py", line 85, in callWithContext
	    return func(*args,**kw)
	  File "/home/rafael/iotfogsim/vm/lib/python3.6/site-packages/twisted/internet/posixbase.py", line 627, in _doReadOrWrite
	    self._disconnectSelectable(selectable, why, inRead)
	  File "/home/rafael/iotfogsim/vm/lib/python3.6/site-packages/twisted/internet/posixbase.py", line 258, in _disconnectSelectable
	    selectable.connectionLost(failure.Failure(why))
	  File "/home/rafael/iotfogsim/vm/lib/python3.6/site-packages/twisted/internet/tcp.py", line 519, in connectionLost
	    self._commonConnection.connectionLost(self, reason)
	  File "/home/rafael/iotfogsim/vm/lib/python3.6/site-packages/twisted/internet/tcp.py", line 327, in connectionLost
	    protocol.connectionLost(reason)
	  File "/home/rafael/iotfogsim/vm/lib/python3.6/site-packages/twisted/internet/endpoints.py", line 146, in connectionLost
	    return self._wrappedProtocol.connectionLost(reason)
	  File "/home/rafael/iotfogsim/scinetsim/applications/applicationcomponent.py", line 62, in connectionLost
	    self.simulation_core.allProtocols.remove(self)
	builtins.KeyError: <applications.mqttapp.PublisherApp object at 0x7f7a7b4388d0>
	
2020-03-04T12:24:00-0300 [RouterAppProtocol,3,127.0.0.1] connection lost: Connection was closed cleanly.
2020-03-04T12:24:00-0300 [RouterAppProtocol,3,127.0.0.1] connection lost - Number of events: 14
2020-03-04T12:24:00-0300 [stdout#info] OPACOTE É b'{"destiny_addr": "127.0.0.1", "destiny_port": 5100, "source_addr": "127.0.0.1", "source_port": 46078, "type": "http", "payload": {"action": "subscribe", "topic": "sensor_metering", "content": "None"}}\n'
2020-03-04T12:24:00-0300 [twisted.internet.endpoints.OneShotFactory#info] Starting factory <twisted.internet.endpoints.connectProtocol.<locals>.OneShotFactory object at 0x7f7a7d35f080>
2020-03-04T12:24:41-0300 [-] Received SIGINT, shutting down.
2020-03-04T12:24:41-0300 [SubscriberApp,client] connection lost: Connection to the other side was lost in a non-clean fashion: Connection lost.
2020-03-04T12:24:41-0300 [SubscriberApp,client] connection lost - Number of events: 15
2020-03-04T12:24:41-0300 [twisted.internet.endpoints.OneShotFactory#info] Stopping factory <twisted.internet.endpoints.connectProtocol.<locals>.OneShotFactory object at 0x7f7a7d35f080>
2020-03-04T12:24:41-0300 [applications.routerapp.RouterFactory] (TCP Port 8081 Closed)
2020-03-04T12:24:41-0300 [applications.mqttapp.BrokerFactory] (TCP Port 5100 Closed)
2020-03-04T12:24:41-0300 [BrokerProtocol,0,127.0.0.1] The requested subscriber is no longer available in subscribers list
2020-03-04T12:24:41-0300 [-] Main loop terminated.
