2020-04-14T23:20:44-0300 [-] Creating router ...
2020-04-14T23:20:44-0300 [-] Initializing Router - Number of events: 1
2020-04-14T23:20:44-0300 [-] RouterFactory starting on 8081
2020-04-14T23:20:44-0300 [-] Creating AccessPoint station ...
2020-04-14T23:20:44-0300 [-] Initializing Access Point - Number of events: 2
2020-04-14T23:20:45-0300 [-] AccessPointFactory starting on 8082
2020-04-14T23:20:45-0300 [-] Creating fog node ...
2020-04-14T23:20:45-0300 [-] Initializing Client - Number of events: 3
2020-04-14T23:20:45-0300 [-] Creating fog node ...
2020-04-14T23:20:45-0300 [-] Initializing Client - Number of events: 4
2020-04-14T23:20:46-0300 [-] Creating fog node ...
2020-04-14T23:20:46-0300 [-] Initializing Server - Number of events: 5
2020-04-14T23:20:46-0300 [-] BrokerFactory starting on 5100
2020-04-14T23:20:46-0300 [-] Creating iot node ...
2020-04-14T23:20:46-0300 [-] Initializing Client - Number of events: 6
2020-04-14T23:20:47-0300 [-] Creating iot node ...
2020-04-14T23:20:47-0300 [-] Initializing Client - Number of events: 7
2020-04-14T23:20:47-0300 [-] Creating iot node ...
2020-04-14T23:20:47-0300 [-] Initializing Client - Number of events: 8
2020-04-14T23:20:48-0300 [-] Creating iot node ...
2020-04-14T23:20:48-0300 [-] Initializing Client - Number of events: 9
2020-04-14T23:20:48-0300 [-] Creating iot node ...
2020-04-14T23:20:48-0300 [-] Initializing Client - Number of events: 10
2020-04-14T23:20:49-0300 [stdout#info] This divice have no simulation core instance
2020-04-14T23:20:49-0300 [stdout#info] This divice have no simulation core instance
2020-04-14T23:20:49-0300 [stdout#info] This divice have no simulation core instance
2020-04-14T23:20:49-0300 [stdout#info] This divice have no simulation core instance
2020-04-14T23:20:49-0300 [stdout#info] This divice have no simulation core instance
2020-04-14T23:20:49-0300 [stdout#info] This divice have no simulation core instance
2020-04-14T23:20:49-0300 [stdout#info] This divice have no simulation core instance
2020-04-14T23:20:49-0300 [stdout#info] This divice have no simulation core instance
2020-04-14T23:20:49-0300 [stdout#info] This divice have no simulation core instance
2020-04-14T23:20:49-0300 [Uninitialized] 127.0.0.1:46428 - Connected to mqtt broker - Number of events: 11
2020-04-14T23:20:49-0300 [Uninitialized] 127.0.0.1:46428 - sending MQTT SUBSCRIBE REQUEST - Number of events: 12
2020-04-14T23:20:49-0300 [Uninitialized] 127.0.0.1:46430 - Connected to mqtt broker - Number of events: 13
2020-04-14T23:20:49-0300 [Uninitialized] 127.0.0.1:46430 - sending MQTT SUBSCRIBE REQUEST - Number of events: 14
2020-04-14T23:20:49-0300 [Uninitialized] 127.0.0.1:40872 - Connected to mqtt broker - Number of events: 15
2020-04-14T23:20:49-0300 [Uninitialized] 127.0.0.1:40872 - sending MQTT PUBLISH REQUEST - Number of events: 16
2020-04-14T23:20:49-0300 [Uninitialized] 127.0.0.1:40874 - Connected to mqtt broker - Number of events: 17
2020-04-14T23:20:49-0300 [Uninitialized] 127.0.0.1:40874 - sending MQTT PUBLISH REQUEST - Number of events: 18
2020-04-14T23:20:49-0300 [Uninitialized] 127.0.0.1:40876 - Connected to mqtt broker - Number of events: 19
2020-04-14T23:20:49-0300 [Uninitialized] 127.0.0.1:40876 - sending MQTT PUBLISH REQUEST - Number of events: 20
2020-04-14T23:20:49-0300 [Uninitialized] 127.0.0.1:40878 - Connected to mqtt broker - Number of events: 21
2020-04-14T23:20:49-0300 [Uninitialized] 127.0.0.1:40878 - sending MQTT PUBLISH REQUEST - Number of events: 22
2020-04-14T23:20:49-0300 [Uninitialized] 127.0.0.1:40880 - Connected to mqtt broker - Number of events: 23
2020-04-14T23:20:49-0300 [Uninitialized] 127.0.0.1:40880 - sending MQTT PUBLISH REQUEST - Number of events: 24
2020-04-14T23:20:49-0300 [twisted.internet.endpoints.OneShotFactory#info] Starting factory <twisted.internet.endpoints.connectProtocol.<locals>.OneShotFactory object at 0x7f5d14aea7b8>
2020-04-14T23:20:49-0300 [twisted.internet.endpoints.OneShotFactory#info] Starting factory <twisted.internet.endpoints.connectProtocol.<locals>.OneShotFactory object at 0x7f5d14aea9b0>
2020-04-14T23:20:49-0300 [twisted.internet.endpoints.OneShotFactory#info] Starting factory <twisted.internet.endpoints.connectProtocol.<locals>.OneShotFactory object at 0x7f5d1bef5e48>
2020-04-14T23:20:49-0300 [twisted.internet.endpoints.OneShotFactory#info] Starting factory <twisted.internet.endpoints.connectProtocol.<locals>.OneShotFactory object at 0x7f5d14aea978>
2020-04-14T23:20:49-0300 [twisted.internet.endpoints.OneShotFactory#info] Starting factory <twisted.internet.endpoints.connectProtocol.<locals>.OneShotFactory object at 0x7f5d14aeae48>
2020-04-14T23:20:49-0300 [twisted.internet.endpoints.OneShotFactory#info] Starting factory <twisted.internet.endpoints.connectProtocol.<locals>.OneShotFactory object at 0x7f5d14b01198>
2020-04-14T23:20:49-0300 [twisted.internet.endpoints.OneShotFactory#info] Starting factory <twisted.internet.endpoints.connectProtocol.<locals>.OneShotFactory object at 0x7f5d14b014a8>
2020-04-14T23:20:49-0300 [stdout#info] This divice have no simulation core instance
2020-04-14T23:20:49-0300 [stdout#info] This divice have no simulation core instance
2020-04-14T23:20:49-0300 [stdout#info] This divice have no simulation core instance
2020-04-14T23:20:49-0300 [stdout#info] This divice have no simulation core instance
2020-04-14T23:20:49-0300 [stdout#info] This divice have no simulation core instance
2020-04-14T23:20:49-0300 [twisted.internet.endpoints.OneShotFactory#info] Starting factory <twisted.internet.endpoints.connectProtocol.<locals>.OneShotFactory object at 0x7f5d14b07048>
2020-04-14T23:20:49-0300 [twisted.internet.endpoints.OneShotFactory#info] Starting factory <twisted.internet.endpoints.connectProtocol.<locals>.OneShotFactory object at 0x7f5d14b07240>
2020-04-14T23:20:49-0300 [twisted.internet.endpoints.OneShotFactory#info] Starting factory <twisted.internet.endpoints.connectProtocol.<locals>.OneShotFactory object at 0x7f5d14b07438>
2020-04-14T23:20:49-0300 [twisted.internet.endpoints.OneShotFactory#info] Starting factory <twisted.internet.endpoints.connectProtocol.<locals>.OneShotFactory object at 0x7f5d14b076a0>
2020-04-14T23:20:49-0300 [twisted.internet.endpoints.OneShotFactory#info] Starting factory <twisted.internet.endpoints.connectProtocol.<locals>.OneShotFactory object at 0x7f5d14b079b0>
2020-04-14T23:20:54-0300 [-] 127.0.0.1:40872 - sending MQTT PUBLISH REQUEST - Number of events: 25
2020-04-14T23:20:54-0300 [-] 127.0.0.1:40874 - sending MQTT PUBLISH REQUEST - Number of events: 26
2020-04-14T23:20:54-0300 [-] 127.0.0.1:40876 - sending MQTT PUBLISH REQUEST - Number of events: 27
2020-04-14T23:20:54-0300 [-] 127.0.0.1:40878 - sending MQTT PUBLISH REQUEST - Number of events: 28
2020-04-14T23:20:54-0300 [-] 127.0.0.1:40880 - sending MQTT PUBLISH REQUEST - Number of events: 29
2020-04-14T23:20:54-0300 [twisted.internet.endpoints.OneShotFactory#info] Starting factory <twisted.internet.endpoints.connectProtocol.<locals>.OneShotFactory object at 0x7f5d14b07fd0>
2020-04-14T23:20:54-0300 [twisted.internet.endpoints.OneShotFactory#info] Stopping factory <twisted.internet.endpoints.connectProtocol.<locals>.OneShotFactory object at 0x7f5d1bef5e48>
2020-04-14T23:20:54-0300 [twisted.internet.endpoints.OneShotFactory#info] Starting factory <twisted.internet.endpoints.connectProtocol.<locals>.OneShotFactory object at 0x7f5d161b80f0>
2020-04-14T23:20:54-0300 [twisted.internet.endpoints.OneShotFactory#info] Starting factory <twisted.internet.endpoints.connectProtocol.<locals>.OneShotFactory object at 0x7f5d161b82e8>
2020-04-14T23:20:54-0300 [twisted.internet.endpoints.OneShotFactory#info] Starting factory <twisted.internet.endpoints.connectProtocol.<locals>.OneShotFactory object at 0x7f5d161b84e0>
2020-04-14T23:20:54-0300 [twisted.internet.endpoints.OneShotFactory#info] Starting factory <twisted.internet.endpoints.connectProtocol.<locals>.OneShotFactory object at 0x7f5d161b86d8>
2020-04-14T23:20:54-0300 [stdout#info] This divice have no simulation core instance
2020-04-14T23:20:54-0300 [stdout#info] This divice have no simulation core instance
2020-04-14T23:20:54-0300 [twisted.internet.endpoints.OneShotFactory#info] Starting factory <twisted.internet.endpoints.connectProtocol.<locals>.OneShotFactory object at 0x7f5d161b88d0>
2020-04-14T23:20:54-0300 [twisted.internet.endpoints.OneShotFactory#info] Stopping factory <twisted.internet.endpoints.connectProtocol.<locals>.OneShotFactory object at 0x7f5d14aea978>
2020-04-14T23:20:54-0300 [twisted.internet.endpoints.OneShotFactory#info] Stopping factory <twisted.internet.endpoints.connectProtocol.<locals>.OneShotFactory object at 0x7f5d14aeae48>
2020-04-14T23:20:54-0300 [twisted.internet.endpoints.OneShotFactory#info] Stopping factory <twisted.internet.endpoints.connectProtocol.<locals>.OneShotFactory object at 0x7f5d14b01198>
2020-04-14T23:20:54-0300 [twisted.internet.endpoints.OneShotFactory#info] Stopping factory <twisted.internet.endpoints.connectProtocol.<locals>.OneShotFactory object at 0x7f5d14b014a8>
2020-04-14T23:20:54-0300 [stdout#info] This divice have no simulation core instance
2020-04-14T23:20:54-0300 [stdout#info] This divice have no simulation core instance
2020-04-14T23:20:54-0300 [stdout#info] This divice have no simulation core instance
2020-04-14T23:20:54-0300 [twisted.internet.endpoints.OneShotFactory#info] Stopping factory <twisted.internet.endpoints.connectProtocol.<locals>.OneShotFactory object at 0x7f5d14b07048>
2020-04-14T23:20:54-0300 [twisted.internet.endpoints.OneShotFactory#info] Starting factory <twisted.internet.endpoints.connectProtocol.<locals>.OneShotFactory object at 0x7f5d161b8c18>
2020-04-14T23:20:54-0300 [twisted.internet.endpoints.OneShotFactory#info] Starting factory <twisted.internet.endpoints.connectProtocol.<locals>.OneShotFactory object at 0x7f5d161b8e10>
2020-04-14T23:20:54-0300 [twisted.internet.endpoints.OneShotFactory#info] Starting factory <twisted.internet.endpoints.connectProtocol.<locals>.OneShotFactory object at 0x7f5d161c3048>
2020-04-14T23:20:54-0300 [twisted.internet.endpoints.OneShotFactory#info] Starting factory <twisted.internet.endpoints.connectProtocol.<locals>.OneShotFactory object at 0x7f5d161c3240>
2020-04-14T23:20:54-0300 [twisted.internet.endpoints.OneShotFactory#info] Stopping factory <twisted.internet.endpoints.connectProtocol.<locals>.OneShotFactory object at 0x7f5d14b07240>
2020-04-14T23:20:54-0300 [twisted.internet.endpoints.OneShotFactory#info] Stopping factory <twisted.internet.endpoints.connectProtocol.<locals>.OneShotFactory object at 0x7f5d14b07438>
2020-04-14T23:20:54-0300 [twisted.internet.endpoints.OneShotFactory#info] Stopping factory <twisted.internet.endpoints.connectProtocol.<locals>.OneShotFactory object at 0x7f5d14b076a0>
2020-04-14T23:20:54-0300 [twisted.internet.endpoints.OneShotFactory#info] Stopping factory <twisted.internet.endpoints.connectProtocol.<locals>.OneShotFactory object at 0x7f5d14b079b0>
2020-04-14T23:20:59-0300 [-] Received SIGINT, shutting down.
2020-04-14T23:20:59-0300 [PublisherApp,client] connection lost: Connection to the other side was lost in a non-clean fashion: Connection lost.
2020-04-14T23:20:59-0300 [PublisherApp,client] connection lost - Number of events: 30
2020-04-14T23:20:59-0300 [twisted.internet.endpoints.OneShotFactory#info] Stopping factory <twisted.internet.endpoints.connectProtocol.<locals>.OneShotFactory object at 0x7f5d14aea7b8>
2020-04-14T23:20:59-0300 [twisted.internet.endpoints.OneShotFactory#info] Stopping factory <twisted.internet.endpoints.connectProtocol.<locals>.OneShotFactory object at 0x7f5d161c3048>
2020-04-14T23:20:59-0300 [twisted.internet.endpoints.OneShotFactory#info] Stopping factory <twisted.internet.endpoints.connectProtocol.<locals>.OneShotFactory object at 0x7f5d161b88d0>
2020-04-14T23:20:59-0300 [twisted.internet.endpoints.OneShotFactory#info] Stopping factory <twisted.internet.endpoints.connectProtocol.<locals>.OneShotFactory object at 0x7f5d161b80f0>
2020-04-14T23:20:59-0300 [PublisherApp,client] connection lost: Connection to the other side was lost in a non-clean fashion: Connection lost.
2020-04-14T23:20:59-0300 [PublisherApp,client] connection lost - Number of events: 31
2020-04-14T23:20:59-0300 [SubscriberApp,client] connection lost: Connection to the other side was lost in a non-clean fashion: Connection lost.
2020-04-14T23:20:59-0300 [SubscriberApp,client] connection lost - Number of events: 32
2020-04-14T23:20:59-0300 [twisted.internet.endpoints.OneShotFactory#info] Stopping factory <twisted.internet.endpoints.connectProtocol.<locals>.OneShotFactory object at 0x7f5d14aea9b0>
2020-04-14T23:20:59-0300 [twisted.internet.endpoints.OneShotFactory#info] Stopping factory <twisted.internet.endpoints.connectProtocol.<locals>.OneShotFactory object at 0x7f5d161c3240>
2020-04-14T23:20:59-0300 [applications.mqttapp.BrokerFactory] (TCP Port 5100 Closed)
2020-04-14T23:20:59-0300 [PublisherApp,client] connection lost: Connection to the other side was lost in a non-clean fashion: Connection lost.
2020-04-14T23:20:59-0300 [PublisherApp,client] connection lost - Number of events: 33
2020-04-14T23:20:59-0300 [twisted.internet.endpoints.OneShotFactory#info] Stopping factory <twisted.internet.endpoints.connectProtocol.<locals>.OneShotFactory object at 0x7f5d161b82e8>
2020-04-14T23:20:59-0300 [applications.routerapp.RouterFactory] (TCP Port 8081 Closed)
2020-04-14T23:20:59-0300 [SubscriberApp,client] connection lost: Connection to the other side was lost in a non-clean fashion: Connection lost.
2020-04-14T23:20:59-0300 [SubscriberApp,client] connection lost - Number of events: 34
2020-04-14T23:20:59-0300 [PublisherApp,client] connection lost: Connection to the other side was lost in a non-clean fashion: Connection lost.
2020-04-14T23:20:59-0300 [PublisherApp,client] connection lost - Number of events: 35
2020-04-14T23:20:59-0300 [twisted.internet.endpoints.OneShotFactory#info] Stopping factory <twisted.internet.endpoints.connectProtocol.<locals>.OneShotFactory object at 0x7f5d161b8c18>
2020-04-14T23:20:59-0300 [applications.accesspointapp.AccessPointFactory] (TCP Port 8082 Closed)
2020-04-14T23:20:59-0300 [twisted.internet.endpoints.OneShotFactory#info] Stopping factory <twisted.internet.endpoints.connectProtocol.<locals>.OneShotFactory object at 0x7f5d161b84e0>
2020-04-14T23:20:59-0300 [twisted.internet.endpoints.OneShotFactory#info] Stopping factory <twisted.internet.endpoints.connectProtocol.<locals>.OneShotFactory object at 0x7f5d14b07fd0>
2020-04-14T23:20:59-0300 [PublisherApp,client] connection lost: Connection to the other side was lost in a non-clean fashion: Connection lost.
2020-04-14T23:20:59-0300 [PublisherApp,client] connection lost - Number of events: 36
2020-04-14T23:20:59-0300 [twisted.internet.endpoints.OneShotFactory#info] Stopping factory <twisted.internet.endpoints.connectProtocol.<locals>.OneShotFactory object at 0x7f5d161b8e10>
2020-04-14T23:20:59-0300 [twisted.internet.endpoints.OneShotFactory#info] Stopping factory <twisted.internet.endpoints.connectProtocol.<locals>.OneShotFactory object at 0x7f5d161b86d8>
2020-04-14T23:20:59-0300 [-] Main loop terminated.
