2020-02-26T11:44:15-0300 [-] Creating router ...
2020-02-26T11:44:15-0300 [-] Initializing Router - Number of events: 1
2020-02-26T11:44:15-0300 [-] RouterFactory starting on 8081
2020-02-26T11:44:15-0300 [-] Creating fog node ...
2020-02-26T11:44:15-0300 [stdout#info] applications.mqttapp.SubscriberApp
2020-02-26T11:44:15-0300 [-] Initializing Client - Number of events: 2
2020-02-26T11:44:15-0300 [-] Creating fog node ...
2020-02-26T11:44:15-0300 [-] Initializing Server - Number of events: 3
2020-02-26T11:44:15-0300 [-] BrokerFactory starting on 5100
2020-02-26T11:44:15-0300 [-] Creating iot node ...
2020-02-26T11:44:15-0300 [stdout#info] applications.mqttapp.PublisherApp
2020-02-26T11:44:15-0300 [-] Initializing Client - Number of events: 4
2020-02-26T11:44:15-0300 [-] Creating iot node ...
2020-02-26T11:44:15-0300 [stdout#info] applications.mqttapp.PublisherApp
2020-02-26T11:44:15-0300 [-] Initializing Client - Number of events: 5
2020-02-26T11:44:15-0300 [stdout#info] This divice have no simulation core instance
2020-02-26T11:44:15-0300 [stdout#info] This divice have no simulation core instance
2020-02-26T11:44:15-0300 [stdout#info] This divice have no simulation core instance
2020-02-26T11:44:15-0300 [stdout#info] This divice have no simulation core instance
2020-02-26T11:44:15-0300 [Uninitialized] 127.0.0.1:56156 - Connected to mqtt broker - Number of events: 6
2020-02-26T11:44:15-0300 [Uninitialized] 127.0.0.1:56156 - sending MQTT SUBSCRIBE REQUEST - Number of events: 7
2020-02-26T11:44:15-0300 [Uninitialized] 127.0.0.1:56158 - Connected to mqtt broker - Number of events: 8
2020-02-26T11:44:15-0300 [Uninitialized] 127.0.0.1:56158 - sending MQTT PUBLISH REQUEST - Number of events: 9
2020-02-26T11:44:15-0300 [Uninitialized] 127.0.0.1:56160 - Connected to mqtt broker - Number of events: 10
2020-02-26T11:44:15-0300 [Uninitialized] 127.0.0.1:56160 - sending MQTT PUBLISH REQUEST - Number of events: 11
2020-02-26T11:44:15-0300 [twisted.internet.endpoints.OneShotFactory#info] Starting factory <twisted.internet.endpoints.connectProtocol.<locals>.OneShotFactory object at 0x7f2d34ac8c88>
2020-02-26T11:44:15-0300 [twisted.internet.endpoints.OneShotFactory#info] Starting factory <twisted.internet.endpoints.connectProtocol.<locals>.OneShotFactory object at 0x7f2d34ac8e80>
2020-02-26T11:44:15-0300 [twisted.internet.endpoints.OneShotFactory#info] Starting factory <twisted.internet.endpoints.connectProtocol.<locals>.OneShotFactory object at 0x7f2d34add0b8>
2020-02-26T11:44:20-0300 [-] 127.0.0.1:56158 - sending MQTT PUBLISH REQUEST - Number of events: 12
2020-02-26T11:44:20-0300 [-] 127.0.0.1:56160 - sending MQTT PUBLISH REQUEST - Number of events: 13
2020-02-26T11:44:20-0300 [twisted.internet.endpoints.OneShotFactory#info] Starting factory <twisted.internet.endpoints.connectProtocol.<locals>.OneShotFactory object at 0x7f2d34adda20>
2020-02-26T11:44:20-0300 [twisted.internet.endpoints.OneShotFactory#info] Starting factory <twisted.internet.endpoints.connectProtocol.<locals>.OneShotFactory object at 0x7f2d34addcc0>
2020-02-26T11:44:25-0300 [-] 127.0.0.1:56158 - sending MQTT PUBLISH REQUEST - Number of events: 14
2020-02-26T11:44:25-0300 [-] 127.0.0.1:56160 - sending MQTT PUBLISH REQUEST - Number of events: 15
2020-02-26T11:44:25-0300 [twisted.internet.endpoints.OneShotFactory#info] Starting factory <twisted.internet.endpoints.connectProtocol.<locals>.OneShotFactory object at 0x7f2d34ae8438>
2020-02-26T11:44:25-0300 [twisted.internet.endpoints.OneShotFactory#info] Starting factory <twisted.internet.endpoints.connectProtocol.<locals>.OneShotFactory object at 0x7f2d34ae8710>
2020-02-26T11:44:30-0300 [-] 127.0.0.1:56158 - sending MQTT PUBLISH REQUEST - Number of events: 16
2020-02-26T11:44:30-0300 [-] 127.0.0.1:56160 - sending MQTT PUBLISH REQUEST - Number of events: 17
2020-02-26T11:44:30-0300 [twisted.internet.endpoints.OneShotFactory#info] Starting factory <twisted.internet.endpoints.connectProtocol.<locals>.OneShotFactory object at 0x7f2d36163438>
2020-02-26T11:44:30-0300 [twisted.internet.endpoints.OneShotFactory#info] Starting factory <twisted.internet.endpoints.connectProtocol.<locals>.OneShotFactory object at 0x7f2d361636d8>
2020-02-26T11:44:35-0300 [-] 127.0.0.1:56158 - sending MQTT PUBLISH REQUEST - Number of events: 18
2020-02-26T11:44:35-0300 [-] 127.0.0.1:56160 - sending MQTT PUBLISH REQUEST - Number of events: 19
2020-02-26T11:44:35-0300 [twisted.internet.endpoints.OneShotFactory#info] Starting factory <twisted.internet.endpoints.connectProtocol.<locals>.OneShotFactory object at 0x7f2d3616dc88>
2020-02-26T11:44:35-0300 [twisted.internet.endpoints.OneShotFactory#info] Starting factory <twisted.internet.endpoints.connectProtocol.<locals>.OneShotFactory object at 0x7f2d361730b8>
2020-02-26T11:44:40-0300 [-] 127.0.0.1:56158 - sending MQTT PUBLISH REQUEST - Number of events: 20
2020-02-26T11:44:40-0300 [-] 127.0.0.1:56160 - sending MQTT PUBLISH REQUEST - Number of events: 21
2020-02-26T11:44:40-0300 [twisted.internet.endpoints.OneShotFactory#info] Starting factory <twisted.internet.endpoints.connectProtocol.<locals>.OneShotFactory object at 0x7f2d3617fbe0>
2020-02-26T11:44:40-0300 [twisted.internet.endpoints.OneShotFactory#info] Starting factory <twisted.internet.endpoints.connectProtocol.<locals>.OneShotFactory object at 0x7f2d3617fd30>
2020-02-26T11:44:45-0300 [-] 127.0.0.1:56158 - sending MQTT PUBLISH REQUEST - Number of events: 22
2020-02-26T11:44:45-0300 [-] 127.0.0.1:56160 - sending MQTT PUBLISH REQUEST - Number of events: 23
2020-02-26T11:44:45-0300 [twisted.internet.endpoints.OneShotFactory#info] Starting factory <twisted.internet.endpoints.connectProtocol.<locals>.OneShotFactory object at 0x7f2d36127518>
2020-02-26T11:44:45-0300 [twisted.internet.endpoints.OneShotFactory#info] Starting factory <twisted.internet.endpoints.connectProtocol.<locals>.OneShotFactory object at 0x7f2d361274e0>
2020-02-26T11:44:50-0300 [-] 127.0.0.1:56158 - sending MQTT PUBLISH REQUEST - Number of events: 24
2020-02-26T11:44:50-0300 [-] 127.0.0.1:56160 - sending MQTT PUBLISH REQUEST - Number of events: 25
2020-02-26T11:44:50-0300 [twisted.internet.endpoints.OneShotFactory#info] Starting factory <twisted.internet.endpoints.connectProtocol.<locals>.OneShotFactory object at 0x7f2d360f3320>
2020-02-26T11:44:50-0300 [twisted.internet.endpoints.OneShotFactory#info] Starting factory <twisted.internet.endpoints.connectProtocol.<locals>.OneShotFactory object at 0x7f2d360f3518>
2020-02-26T11:44:55-0300 [-] 127.0.0.1:56158 - sending MQTT PUBLISH REQUEST - Number of events: 26
2020-02-26T11:44:55-0300 [-] 127.0.0.1:56160 - sending MQTT PUBLISH REQUEST - Number of events: 27
2020-02-26T11:44:55-0300 [twisted.internet.endpoints.OneShotFactory#info] Starting factory <twisted.internet.endpoints.connectProtocol.<locals>.OneShotFactory object at 0x7f2d34a4fc50>
2020-02-26T11:44:55-0300 [twisted.internet.endpoints.OneShotFactory#info] Starting factory <twisted.internet.endpoints.connectProtocol.<locals>.OneShotFactory object at 0x7f2d34a4feb8>
2020-02-26T11:45:00-0300 [-] 127.0.0.1:56158 - sending MQTT PUBLISH REQUEST - Number of events: 28
2020-02-26T11:45:00-0300 [-] 127.0.0.1:56160 - sending MQTT PUBLISH REQUEST - Number of events: 29
2020-02-26T11:45:00-0300 [twisted.internet.endpoints.OneShotFactory#info] Starting factory <twisted.internet.endpoints.connectProtocol.<locals>.OneShotFactory object at 0x7f2d348f1da0>
2020-02-26T11:45:00-0300 [twisted.internet.endpoints.OneShotFactory#info] Starting factory <twisted.internet.endpoints.connectProtocol.<locals>.OneShotFactory object at 0x7f2d348f1e10>
2020-02-26T11:45:05-0300 [-] 127.0.0.1:56158 - sending MQTT PUBLISH REQUEST - Number of events: 30
2020-02-26T11:45:05-0300 [-] 127.0.0.1:56160 - sending MQTT PUBLISH REQUEST - Number of events: 31
2020-02-26T11:45:05-0300 [twisted.internet.endpoints.OneShotFactory#info] Starting factory <twisted.internet.endpoints.connectProtocol.<locals>.OneShotFactory object at 0x7f2d346b65c0>
2020-02-26T11:45:05-0300 [twisted.internet.endpoints.OneShotFactory#info] Starting factory <twisted.internet.endpoints.connectProtocol.<locals>.OneShotFactory object at 0x7f2d346b67b8>
2020-02-26T11:45:10-0300 [-] 127.0.0.1:56158 - sending MQTT PUBLISH REQUEST - Number of events: 32
2020-02-26T11:45:10-0300 [-] 127.0.0.1:56160 - sending MQTT PUBLISH REQUEST - Number of events: 33
2020-02-26T11:45:10-0300 [twisted.internet.endpoints.OneShotFactory#info] Starting factory <twisted.internet.endpoints.connectProtocol.<locals>.OneShotFactory object at 0x7f2d3422f4a8>
2020-02-26T11:45:10-0300 [twisted.internet.endpoints.OneShotFactory#info] Starting factory <twisted.internet.endpoints.connectProtocol.<locals>.OneShotFactory object at 0x7f2d3422f6d8>
2020-02-26T11:45:15-0300 [-] 127.0.0.1:56158 - sending MQTT PUBLISH REQUEST - Number of events: 34
2020-02-26T11:45:15-0300 [-] 127.0.0.1:56160 - sending MQTT PUBLISH REQUEST - Number of events: 35
2020-02-26T11:45:15-0300 [twisted.internet.endpoints.OneShotFactory#info] Starting factory <twisted.internet.endpoints.connectProtocol.<locals>.OneShotFactory object at 0x7f2d3399ff98>
2020-02-26T11:45:15-0300 [twisted.internet.endpoints.OneShotFactory#info] Starting factory <twisted.internet.endpoints.connectProtocol.<locals>.OneShotFactory object at 0x7f2d339a70f0>
2020-02-26T11:45:20-0300 [-] 127.0.0.1:56158 - sending MQTT PUBLISH REQUEST - Number of events: 36
2020-02-26T11:45:20-0300 [-] 127.0.0.1:56160 - sending MQTT PUBLISH REQUEST - Number of events: 37
2020-02-26T11:45:20-0300 [twisted.internet.endpoints.OneShotFactory#info] Starting factory <twisted.internet.endpoints.connectProtocol.<locals>.OneShotFactory object at 0x7f2d32485e10>
2020-02-26T11:45:20-0300 [twisted.internet.endpoints.OneShotFactory#info] Starting factory <twisted.internet.endpoints.connectProtocol.<locals>.OneShotFactory object at 0x7f2d32485f98>
2020-02-26T11:45:26-0300 [-] 127.0.0.1:56158 - sending MQTT PUBLISH REQUEST - Number of events: 38
2020-02-26T11:45:26-0300 [-] 127.0.0.1:56160 - sending MQTT PUBLISH REQUEST - Number of events: 39
2020-02-26T11:45:26-0300 [twisted.internet.endpoints.OneShotFactory#info] Starting factory <twisted.internet.endpoints.connectProtocol.<locals>.OneShotFactory object at 0x7f2d2feb0780>
2020-02-26T11:45:26-0300 [twisted.internet.endpoints.OneShotFactory#info] Starting factory <twisted.internet.endpoints.connectProtocol.<locals>.OneShotFactory object at 0x7f2d2feb09b0>
2020-02-26T11:45:33-0300 [-] 127.0.0.1:56158 - sending MQTT PUBLISH REQUEST - Number of events: 40
2020-02-26T11:45:33-0300 [-] 127.0.0.1:56160 - sending MQTT PUBLISH REQUEST - Number of events: 41
2020-02-26T11:45:33-0300 [twisted.internet.endpoints.OneShotFactory#info] Starting factory <twisted.internet.endpoints.connectProtocol.<locals>.OneShotFactory object at 0x7f2d2b1e57b8>
2020-02-26T11:45:33-0300 [twisted.internet.endpoints.OneShotFactory#info] Starting factory <twisted.internet.endpoints.connectProtocol.<locals>.OneShotFactory object at 0x7f2d2b1e59b0>
2020-02-26T11:45:49-0300 [-] 127.0.0.1:56158 - sending MQTT PUBLISH REQUEST - Number of events: 42
2020-02-26T11:45:49-0300 [-] 127.0.0.1:56160 - sending MQTT PUBLISH REQUEST - Number of events: 43
2020-02-26T11:46:00-0300 [twisted.internet.endpoints.OneShotFactory#info] Starting factory <twisted.internet.endpoints.connectProtocol.<locals>.OneShotFactory object at 0x7f2d2179c208>
2020-02-26T11:46:00-0300 [twisted.internet.endpoints.OneShotFactory#info] Starting factory <twisted.internet.endpoints.connectProtocol.<locals>.OneShotFactory object at 0x7f2d2179c128>
2020-02-26T11:46:00-0300 [-] 127.0.0.1:56158 - sending MQTT PUBLISH REQUEST - Number of events: 44
2020-02-26T11:46:00-0300 [-] 127.0.0.1:56160 - sending MQTT PUBLISH REQUEST - Number of events: 45
2020-02-26T11:46:33-0300 [-] 127.0.0.1:56158 - sending MQTT PUBLISH REQUEST - Number of events: 46
2020-02-26T11:46:33-0300 [-] 127.0.0.1:56160 - sending MQTT PUBLISH REQUEST - Number of events: 47
2020-02-26T11:46:33-0300 [twisted.internet.endpoints.OneShotFactory#info] Starting factory <twisted.internet.endpoints.connectProtocol.<locals>.OneShotFactory object at 0x7f2d0e476f28>
2020-02-26T11:46:33-0300 [twisted.internet.endpoints.OneShotFactory#info] Starting factory <twisted.internet.endpoints.connectProtocol.<locals>.OneShotFactory object at 0x7f2d0e47c160>
2020-02-26T11:46:33-0300 [twisted.internet.endpoints.OneShotFactory#info] Starting factory <twisted.internet.endpoints.connectProtocol.<locals>.OneShotFactory object at 0x7f2d0e47c128>
2020-02-26T11:46:33-0300 [twisted.internet.endpoints.OneShotFactory#info] Starting factory <twisted.internet.endpoints.connectProtocol.<locals>.OneShotFactory object at 0x7f2d0e47c550>
2020-02-26T11:46:50-0300 [Uninitialized] Received SIGINT, shutting down.
2020-02-26T11:46:52-0300 [Uninitialized] Received SIGINT, shutting down.
2020-02-26T11:46:54-0300 [Uninitialized] Received SIGINT, shutting down.
2020-02-26T11:46:54-0300 [Uninitialized] Received SIGINT, shutting down.
2020-02-26T11:46:55-0300 [Uninitialized] Received SIGINT, shutting down.
2020-02-26T11:46:55-0300 [Uninitialized] Received SIGINT, shutting down.
2020-02-26T11:46:56-0300 [Uninitialized] Received SIGINT, shutting down.
2020-02-26T11:46:56-0300 [Uninitialized] Received SIGINT, shutting down.
2020-02-26T11:46:56-0300 [Uninitialized] Received SIGINT, shutting down.
2020-02-26T11:46:56-0300 [Uninitialized] Received SIGINT, shutting down.
2020-02-26T11:46:57-0300 [Uninitialized] Received SIGINT, shutting down.
2020-02-26T11:46:58-0300 [Uninitialized] Received SIGINT, shutting down.
2020-02-26T11:47:01-0300 [-] Unhandled Error
	Traceback (most recent call last):
	  File "run_iotfogsim.py", line 23, in <module>
	    reactor.run()
	  File "/home/rafael/iotfogsim/vm/lib/python3.6/site-packages/twisted/internet/base.py", line 1283, in run
	    self.mainLoop()
	  File "/home/rafael/iotfogsim/vm/lib/python3.6/site-packages/twisted/internet/base.py", line 1292, in mainLoop
	    self.runUntilCurrent()
	--- <exception caught here> ---
	  File "/home/rafael/iotfogsim/vm/lib/python3.6/site-packages/twisted/internet/base.py", line 886, in runUntilCurrent
	    f(*a, **kw)
	  File "/home/rafael/iotfogsim/vm/lib/python3.6/site-packages/twisted/internet/base.py", line 647, in stop
	    "Can't stop reactor that isn't running.")
	twisted.internet.error.ReactorNotRunning: Can't stop reactor that isn't running.
	
2020-02-26T11:47:01-0300 [-] Unhandled Error
	Traceback (most recent call last):
	  File "run_iotfogsim.py", line 23, in <module>
	    reactor.run()
	  File "/home/rafael/iotfogsim/vm/lib/python3.6/site-packages/twisted/internet/base.py", line 1283, in run
	    self.mainLoop()
	  File "/home/rafael/iotfogsim/vm/lib/python3.6/site-packages/twisted/internet/base.py", line 1292, in mainLoop
	    self.runUntilCurrent()
	--- <exception caught here> ---
	  File "/home/rafael/iotfogsim/vm/lib/python3.6/site-packages/twisted/internet/base.py", line 886, in runUntilCurrent
	    f(*a, **kw)
	  File "/home/rafael/iotfogsim/vm/lib/python3.6/site-packages/twisted/internet/base.py", line 647, in stop
	    "Can't stop reactor that isn't running.")
	twisted.internet.error.ReactorNotRunning: Can't stop reactor that isn't running.
	
2020-02-26T11:47:01-0300 [-] Unhandled Error
	Traceback (most recent call last):
	  File "run_iotfogsim.py", line 23, in <module>
	    reactor.run()
	  File "/home/rafael/iotfogsim/vm/lib/python3.6/site-packages/twisted/internet/base.py", line 1283, in run
	    self.mainLoop()
	  File "/home/rafael/iotfogsim/vm/lib/python3.6/site-packages/twisted/internet/base.py", line 1292, in mainLoop
	    self.runUntilCurrent()
	--- <exception caught here> ---
	  File "/home/rafael/iotfogsim/vm/lib/python3.6/site-packages/twisted/internet/base.py", line 886, in runUntilCurrent
	    f(*a, **kw)
	  File "/home/rafael/iotfogsim/vm/lib/python3.6/site-packages/twisted/internet/base.py", line 647, in stop
	    "Can't stop reactor that isn't running.")
	twisted.internet.error.ReactorNotRunning: Can't stop reactor that isn't running.
	
2020-02-26T11:47:01-0300 [-] Unhandled Error
	Traceback (most recent call last):
	  File "run_iotfogsim.py", line 23, in <module>
	    reactor.run()
	  File "/home/rafael/iotfogsim/vm/lib/python3.6/site-packages/twisted/internet/base.py", line 1283, in run
	    self.mainLoop()
	  File "/home/rafael/iotfogsim/vm/lib/python3.6/site-packages/twisted/internet/base.py", line 1292, in mainLoop
	    self.runUntilCurrent()
	--- <exception caught here> ---
	  File "/home/rafael/iotfogsim/vm/lib/python3.6/site-packages/twisted/internet/base.py", line 886, in runUntilCurrent
	    f(*a, **kw)
	  File "/home/rafael/iotfogsim/vm/lib/python3.6/site-packages/twisted/internet/base.py", line 647, in stop
	    "Can't stop reactor that isn't running.")
	twisted.internet.error.ReactorNotRunning: Can't stop reactor that isn't running.
	
2020-02-26T11:47:01-0300 [-] Unhandled Error
	Traceback (most recent call last):
	  File "run_iotfogsim.py", line 23, in <module>
	    reactor.run()
	  File "/home/rafael/iotfogsim/vm/lib/python3.6/site-packages/twisted/internet/base.py", line 1283, in run
	    self.mainLoop()
	  File "/home/rafael/iotfogsim/vm/lib/python3.6/site-packages/twisted/internet/base.py", line 1292, in mainLoop
	    self.runUntilCurrent()
	--- <exception caught here> ---
	  File "/home/rafael/iotfogsim/vm/lib/python3.6/site-packages/twisted/internet/base.py", line 886, in runUntilCurrent
	    f(*a, **kw)
	  File "/home/rafael/iotfogsim/vm/lib/python3.6/site-packages/twisted/internet/base.py", line 647, in stop
	    "Can't stop reactor that isn't running.")
	twisted.internet.error.ReactorNotRunning: Can't stop reactor that isn't running.
	
2020-02-26T11:47:01-0300 [-] Unhandled Error
	Traceback (most recent call last):
	  File "run_iotfogsim.py", line 23, in <module>
	    reactor.run()
	  File "/home/rafael/iotfogsim/vm/lib/python3.6/site-packages/twisted/internet/base.py", line 1283, in run
	    self.mainLoop()
	  File "/home/rafael/iotfogsim/vm/lib/python3.6/site-packages/twisted/internet/base.py", line 1292, in mainLoop
	    self.runUntilCurrent()
	--- <exception caught here> ---
	  File "/home/rafael/iotfogsim/vm/lib/python3.6/site-packages/twisted/internet/base.py", line 886, in runUntilCurrent
	    f(*a, **kw)
	  File "/home/rafael/iotfogsim/vm/lib/python3.6/site-packages/twisted/internet/base.py", line 647, in stop
	    "Can't stop reactor that isn't running.")
	twisted.internet.error.ReactorNotRunning: Can't stop reactor that isn't running.
	
2020-02-26T11:47:01-0300 [-] Unhandled Error
	Traceback (most recent call last):
	  File "run_iotfogsim.py", line 23, in <module>
	    reactor.run()
	  File "/home/rafael/iotfogsim/vm/lib/python3.6/site-packages/twisted/internet/base.py", line 1283, in run
	    self.mainLoop()
	  File "/home/rafael/iotfogsim/vm/lib/python3.6/site-packages/twisted/internet/base.py", line 1292, in mainLoop
	    self.runUntilCurrent()
	--- <exception caught here> ---
	  File "/home/rafael/iotfogsim/vm/lib/python3.6/site-packages/twisted/internet/base.py", line 886, in runUntilCurrent
	    f(*a, **kw)
	  File "/home/rafael/iotfogsim/vm/lib/python3.6/site-packages/twisted/internet/base.py", line 647, in stop
	    "Can't stop reactor that isn't running.")
	twisted.internet.error.ReactorNotRunning: Can't stop reactor that isn't running.
	
2020-02-26T11:47:01-0300 [-] Unhandled Error
	Traceback (most recent call last):
	  File "run_iotfogsim.py", line 23, in <module>
	    reactor.run()
	  File "/home/rafael/iotfogsim/vm/lib/python3.6/site-packages/twisted/internet/base.py", line 1283, in run
	    self.mainLoop()
	  File "/home/rafael/iotfogsim/vm/lib/python3.6/site-packages/twisted/internet/base.py", line 1292, in mainLoop
	    self.runUntilCurrent()
	--- <exception caught here> ---
	  File "/home/rafael/iotfogsim/vm/lib/python3.6/site-packages/twisted/internet/base.py", line 886, in runUntilCurrent
	    f(*a, **kw)
	  File "/home/rafael/iotfogsim/vm/lib/python3.6/site-packages/twisted/internet/base.py", line 647, in stop
	    "Can't stop reactor that isn't running.")
	twisted.internet.error.ReactorNotRunning: Can't stop reactor that isn't running.
	
2020-02-26T11:47:01-0300 [-] Unhandled Error
	Traceback (most recent call last):
	  File "run_iotfogsim.py", line 23, in <module>
	    reactor.run()
	  File "/home/rafael/iotfogsim/vm/lib/python3.6/site-packages/twisted/internet/base.py", line 1283, in run
	    self.mainLoop()
	  File "/home/rafael/iotfogsim/vm/lib/python3.6/site-packages/twisted/internet/base.py", line 1292, in mainLoop
	    self.runUntilCurrent()
	--- <exception caught here> ---
	  File "/home/rafael/iotfogsim/vm/lib/python3.6/site-packages/twisted/internet/base.py", line 886, in runUntilCurrent
	    f(*a, **kw)
	  File "/home/rafael/iotfogsim/vm/lib/python3.6/site-packages/twisted/internet/base.py", line 647, in stop
	    "Can't stop reactor that isn't running.")
	twisted.internet.error.ReactorNotRunning: Can't stop reactor that isn't running.
	
2020-02-26T11:47:01-0300 [-] Unhandled Error
	Traceback (most recent call last):
	  File "run_iotfogsim.py", line 23, in <module>
	    reactor.run()
	  File "/home/rafael/iotfogsim/vm/lib/python3.6/site-packages/twisted/internet/base.py", line 1283, in run
	    self.mainLoop()
	  File "/home/rafael/iotfogsim/vm/lib/python3.6/site-packages/twisted/internet/base.py", line 1292, in mainLoop
	    self.runUntilCurrent()
	--- <exception caught here> ---
	  File "/home/rafael/iotfogsim/vm/lib/python3.6/site-packages/twisted/internet/base.py", line 886, in runUntilCurrent
	    f(*a, **kw)
	  File "/home/rafael/iotfogsim/vm/lib/python3.6/site-packages/twisted/internet/base.py", line 647, in stop
	    "Can't stop reactor that isn't running.")
	twisted.internet.error.ReactorNotRunning: Can't stop reactor that isn't running.
	
2020-02-26T11:47:01-0300 [-] Unhandled Error
	Traceback (most recent call last):
	  File "run_iotfogsim.py", line 23, in <module>
	    reactor.run()
	  File "/home/rafael/iotfogsim/vm/lib/python3.6/site-packages/twisted/internet/base.py", line 1283, in run
	    self.mainLoop()
	  File "/home/rafael/iotfogsim/vm/lib/python3.6/site-packages/twisted/internet/base.py", line 1292, in mainLoop
	    self.runUntilCurrent()
	--- <exception caught here> ---
	  File "/home/rafael/iotfogsim/vm/lib/python3.6/site-packages/twisted/internet/base.py", line 886, in runUntilCurrent
	    f(*a, **kw)
	  File "/home/rafael/iotfogsim/vm/lib/python3.6/site-packages/twisted/internet/base.py", line 647, in stop
	    "Can't stop reactor that isn't running.")
	twisted.internet.error.ReactorNotRunning: Can't stop reactor that isn't running.
	
