2020-04-14T22:07:50-0300 [-] Creating router ...
2020-04-14T22:07:50-0300 [-] Initializing Router - Number of events: 1
2020-04-14T22:07:50-0300 [-] RouterFactory starting on 8081
2020-04-14T22:07:50-0300 [-] Creating AccessPoint station ...
2020-04-14T22:07:50-0300 [-] Initializing Access Point - Number of events: 2
2020-04-14T22:07:51-0300 [-] AccessPointFactory starting on 8082
2020-04-14T22:07:51-0300 [-] Creating fog node ...
2020-04-14T22:07:51-0300 [-] Initializing Client - Number of events: 3
2020-04-14T22:07:51-0300 [-] Creating fog node ...
2020-04-14T22:07:51-0300 [-] Initializing Client - Number of events: 4
2020-04-14T22:07:52-0300 [-] Creating fog node ...
2020-04-14T22:07:52-0300 [-] Initializing Server - Number of events: 5
2020-04-14T22:07:52-0300 [-] BrokerFactory starting on 5100
2020-04-14T22:07:52-0300 [-] Creating iot node ...
2020-04-14T22:07:52-0300 [-] Initializing Client - Number of events: 6
2020-04-14T22:07:53-0300 [-] Creating iot node ...
2020-04-14T22:07:53-0300 [-] Initializing Client - Number of events: 7
2020-04-14T22:07:53-0300 [-] Creating iot node ...
2020-04-14T22:07:53-0300 [-] Initializing Client - Number of events: 8
2020-04-14T22:07:54-0300 [-] Creating iot node ...
2020-04-14T22:07:54-0300 [-] Initializing Client - Number of events: 9
2020-04-14T22:07:54-0300 [-] Creating iot node ...
2020-04-14T22:07:54-0300 [-] Initializing Client - Number of events: 10
2020-04-14T22:07:55-0300 [stdout#info] This divice have no simulation core instance
2020-04-14T22:07:55-0300 [stdout#info] This divice have no simulation core instance
2020-04-14T22:07:55-0300 [stdout#info] This divice have no simulation core instance
2020-04-14T22:07:55-0300 [stdout#info] This divice have no simulation core instance
2020-04-14T22:07:55-0300 [stdout#info] This divice have no simulation core instance
2020-04-14T22:07:55-0300 [stdout#info] This divice have no simulation core instance
2020-04-14T22:07:55-0300 [stdout#info] This divice have no simulation core instance
2020-04-14T22:07:55-0300 [stdout#info] This divice have no simulation core instance
2020-04-14T22:07:55-0300 [stdout#info] This divice have no simulation core instance
2020-04-14T22:07:55-0300 [Uninitialized] 127.0.0.1:44040 - Connected to mqtt broker - Number of events: 11
2020-04-14T22:07:55-0300 [Uninitialized] 127.0.0.1:44040 - sending MQTT SUBSCRIBE REQUEST - Number of events: 12
2020-04-14T22:07:55-0300 [Uninitialized] 127.0.0.1:44042 - Connected to mqtt broker - Number of events: 13
2020-04-14T22:07:55-0300 [Uninitialized] 127.0.0.1:44042 - sending MQTT SUBSCRIBE REQUEST - Number of events: 14
2020-04-14T22:07:55-0300 [Uninitialized] 127.0.0.1:38484 - Connected to mqtt broker - Number of events: 15
2020-04-14T22:07:55-0300 [Uninitialized] 127.0.0.1:38484 - sending MQTT PUBLISH REQUEST - Number of events: 16
2020-04-14T22:07:55-0300 [Uninitialized] 127.0.0.1:38486 - Connected to mqtt broker - Number of events: 17
2020-04-14T22:07:55-0300 [Uninitialized] 127.0.0.1:38486 - sending MQTT PUBLISH REQUEST - Number of events: 18
2020-04-14T22:07:55-0300 [Uninitialized] 127.0.0.1:38488 - Connected to mqtt broker - Number of events: 19
2020-04-14T22:07:55-0300 [Uninitialized] 127.0.0.1:38488 - sending MQTT PUBLISH REQUEST - Number of events: 20
2020-04-14T22:07:55-0300 [Uninitialized] 127.0.0.1:38490 - Connected to mqtt broker - Number of events: 21
2020-04-14T22:07:55-0300 [Uninitialized] 127.0.0.1:38490 - sending MQTT PUBLISH REQUEST - Number of events: 22
2020-04-14T22:07:55-0300 [Uninitialized] 127.0.0.1:38492 - Connected to mqtt broker - Number of events: 23
2020-04-14T22:07:55-0300 [Uninitialized] 127.0.0.1:38492 - sending MQTT PUBLISH REQUEST - Number of events: 24
2020-04-14T22:07:55-0300 [twisted.internet.endpoints.OneShotFactory#info] Starting factory <twisted.internet.endpoints.connectProtocol.<locals>.OneShotFactory object at 0x7fbb168867f0>
2020-04-14T22:07:55-0300 [twisted.internet.endpoints.OneShotFactory#info] Starting factory <twisted.internet.endpoints.connectProtocol.<locals>.OneShotFactory object at 0x7fbb168869e8>
2020-04-14T22:07:55-0300 [twisted.internet.endpoints.OneShotFactory#info] Starting factory <twisted.internet.endpoints.connectProtocol.<locals>.OneShotFactory object at 0x7fbb16876048>
2020-04-14T22:07:55-0300 [twisted.internet.endpoints.OneShotFactory#info] Starting factory <twisted.internet.endpoints.connectProtocol.<locals>.OneShotFactory object at 0x7fbb16886780>
2020-04-14T22:07:55-0300 [twisted.internet.endpoints.OneShotFactory#info] Starting factory <twisted.internet.endpoints.connectProtocol.<locals>.OneShotFactory object at 0x7fbb16886e48>
2020-04-14T22:07:55-0300 [twisted.internet.endpoints.OneShotFactory#info] Starting factory <twisted.internet.endpoints.connectProtocol.<locals>.OneShotFactory object at 0x7fbb1689d1d0>
2020-04-14T22:07:55-0300 [twisted.internet.endpoints.OneShotFactory#info] Starting factory <twisted.internet.endpoints.connectProtocol.<locals>.OneShotFactory object at 0x7fbb1689d4a8>
2020-04-14T22:07:55-0300 [stdout#info] This divice have no simulation core instance
2020-04-14T22:07:55-0300 [stdout#info] This divice have no simulation core instance
2020-04-14T22:07:55-0300 [stdout#info] This divice have no simulation core instance
2020-04-14T22:07:55-0300 [stdout#info] This divice have no simulation core instance
2020-04-14T22:07:55-0300 [stdout#info] This divice have no simulation core instance
2020-04-14T22:07:55-0300 [twisted.internet.endpoints.OneShotFactory#info] Starting factory <twisted.internet.endpoints.connectProtocol.<locals>.OneShotFactory object at 0x7fbb168a4080>
2020-04-14T22:07:55-0300 [twisted.internet.endpoints.OneShotFactory#info] Starting factory <twisted.internet.endpoints.connectProtocol.<locals>.OneShotFactory object at 0x7fbb168a4240>
2020-04-14T22:07:55-0300 [twisted.internet.endpoints.OneShotFactory#info] Starting factory <twisted.internet.endpoints.connectProtocol.<locals>.OneShotFactory object at 0x7fbb168a4438>
2020-04-14T22:07:55-0300 [twisted.internet.endpoints.OneShotFactory#info] Starting factory <twisted.internet.endpoints.connectProtocol.<locals>.OneShotFactory object at 0x7fbb168a46d8>
2020-04-14T22:07:55-0300 [twisted.internet.endpoints.OneShotFactory#info] Starting factory <twisted.internet.endpoints.connectProtocol.<locals>.OneShotFactory object at 0x7fbb168a49b0>
2020-04-14T22:08:00-0300 [-] 127.0.0.1:38484 - sending MQTT PUBLISH REQUEST - Number of events: 25
2020-04-14T22:08:00-0300 [-] 127.0.0.1:38486 - sending MQTT PUBLISH REQUEST - Number of events: 26
2020-04-14T22:08:00-0300 [twisted.internet.endpoints.OneShotFactory#info] Starting factory <twisted.internet.endpoints.connectProtocol.<locals>.OneShotFactory object at 0x7fbb16886b00>
2020-04-14T22:08:00-0300 [-] 127.0.0.1:38488 - sending MQTT PUBLISH REQUEST - Number of events: 27
2020-04-14T22:08:00-0300 [-] 127.0.0.1:38490 - sending MQTT PUBLISH REQUEST - Number of events: 28
2020-04-14T22:08:00-0300 [twisted.internet.endpoints.OneShotFactory#info] Stopping factory <twisted.internet.endpoints.connectProtocol.<locals>.OneShotFactory object at 0x7fbb16876048>
2020-04-14T22:08:00-0300 [twisted.internet.endpoints.OneShotFactory#info] Starting factory <twisted.internet.endpoints.connectProtocol.<locals>.OneShotFactory object at 0x7fbb17f54128>
2020-04-14T22:08:00-0300 [stdout#info] This divice have no simulation core instance
2020-04-14T22:08:00-0300 [-] 127.0.0.1:38492 - sending MQTT PUBLISH REQUEST - Number of events: 29
2020-04-14T22:08:00-0300 [stdout#info] This divice have no simulation core instance
2020-04-14T22:08:00-0300 [twisted.internet.endpoints.OneShotFactory#info] Starting factory <twisted.internet.endpoints.connectProtocol.<locals>.OneShotFactory object at 0x7fbb17f54438>
2020-04-14T22:08:00-0300 [twisted.internet.endpoints.OneShotFactory#info] Stopping factory <twisted.internet.endpoints.connectProtocol.<locals>.OneShotFactory object at 0x7fbb16886780>
2020-04-14T22:08:00-0300 [twisted.internet.endpoints.OneShotFactory#info] Starting factory <twisted.internet.endpoints.connectProtocol.<locals>.OneShotFactory object at 0x7fbb17f545f8>
2020-04-14T22:08:00-0300 [twisted.internet.endpoints.OneShotFactory#info] Starting factory <twisted.internet.endpoints.connectProtocol.<locals>.OneShotFactory object at 0x7fbb17f547f0>
2020-04-14T22:08:00-0300 [stdout#info] This divice have no simulation core instance
2020-04-14T22:08:00-0300 [stdout#info] This divice have no simulation core instance
2020-04-14T22:08:00-0300 [twisted.internet.endpoints.OneShotFactory#info] Stopping factory <twisted.internet.endpoints.connectProtocol.<locals>.OneShotFactory object at 0x7fbb168a4080>
2020-04-14T22:08:00-0300 [twisted.internet.endpoints.OneShotFactory#info] Starting factory <twisted.internet.endpoints.connectProtocol.<locals>.OneShotFactory object at 0x7fbb17f549e8>
2020-04-14T22:08:00-0300 [twisted.internet.endpoints.OneShotFactory#info] Stopping factory <twisted.internet.endpoints.connectProtocol.<locals>.OneShotFactory object at 0x7fbb16886e48>
2020-04-14T22:08:00-0300 [twisted.internet.endpoints.OneShotFactory#info] Stopping factory <twisted.internet.endpoints.connectProtocol.<locals>.OneShotFactory object at 0x7fbb1689d1d0>
2020-04-14T22:08:00-0300 [twisted.internet.endpoints.OneShotFactory#info] Starting factory <twisted.internet.endpoints.connectProtocol.<locals>.OneShotFactory object at 0x7fbb17f54b70>
2020-04-14T22:08:00-0300 [stdout#info] This divice have no simulation core instance
2020-04-14T22:08:00-0300 [twisted.internet.endpoints.OneShotFactory#info] Stopping factory <twisted.internet.endpoints.connectProtocol.<locals>.OneShotFactory object at 0x7fbb168a4240>
2020-04-14T22:08:00-0300 [twisted.internet.endpoints.OneShotFactory#info] Starting factory <twisted.internet.endpoints.connectProtocol.<locals>.OneShotFactory object at 0x7fbb17f54ef0>
2020-04-14T22:08:00-0300 [twisted.internet.endpoints.OneShotFactory#info] Starting factory <twisted.internet.endpoints.connectProtocol.<locals>.OneShotFactory object at 0x7fbb17f600f0>
2020-04-14T22:08:00-0300 [twisted.internet.endpoints.OneShotFactory#info] Stopping factory <twisted.internet.endpoints.connectProtocol.<locals>.OneShotFactory object at 0x7fbb1689d4a8>
2020-04-14T22:08:00-0300 [twisted.internet.endpoints.OneShotFactory#info] Stopping factory <twisted.internet.endpoints.connectProtocol.<locals>.OneShotFactory object at 0x7fbb168a4438>
2020-04-14T22:08:00-0300 [twisted.internet.endpoints.OneShotFactory#info] Stopping factory <twisted.internet.endpoints.connectProtocol.<locals>.OneShotFactory object at 0x7fbb168a46d8>
2020-04-14T22:08:00-0300 [twisted.internet.endpoints.OneShotFactory#info] Starting factory <twisted.internet.endpoints.connectProtocol.<locals>.OneShotFactory object at 0x7fbb17f600b8>
2020-04-14T22:08:00-0300 [twisted.internet.endpoints.OneShotFactory#info] Stopping factory <twisted.internet.endpoints.connectProtocol.<locals>.OneShotFactory object at 0x7fbb168a49b0>
2020-04-14T22:08:01-0300 [-] Closing IoTFogSim Application...
2020-04-14T22:08:01-0300 [twisted.internet.endpoints.OneShotFactory#info] Stopping factory <twisted.internet.endpoints.connectProtocol.<locals>.OneShotFactory object at 0x7fbb16886b00>
2020-04-14T22:08:01-0300 [PublisherApp,client] connection lost: Connection to the other side was lost in a non-clean fashion: Connection lost.
2020-04-14T22:08:01-0300 [PublisherApp,client] connection lost - Number of events: 30
2020-04-14T22:08:01-0300 [twisted.internet.endpoints.OneShotFactory#info] Stopping factory <twisted.internet.endpoints.connectProtocol.<locals>.OneShotFactory object at 0x7fbb168867f0>
2020-04-14T22:08:01-0300 [twisted.internet.endpoints.OneShotFactory#info] Stopping factory <twisted.internet.endpoints.connectProtocol.<locals>.OneShotFactory object at 0x7fbb17f547f0>
2020-04-14T22:08:01-0300 [twisted.internet.endpoints.OneShotFactory#info] Stopping factory <twisted.internet.endpoints.connectProtocol.<locals>.OneShotFactory object at 0x7fbb17f600f0>
2020-04-14T22:08:01-0300 [PublisherApp,client] connection lost: Connection to the other side was lost in a non-clean fashion: Connection lost.
2020-04-14T22:08:01-0300 [PublisherApp,client] connection lost - Number of events: 31
2020-04-14T22:08:01-0300 [twisted.internet.endpoints.OneShotFactory#info] Stopping factory <twisted.internet.endpoints.connectProtocol.<locals>.OneShotFactory object at 0x7fbb17f54128>
2020-04-14T22:08:01-0300 [SubscriberApp,client] connection lost: Connection to the other side was lost in a non-clean fashion: Connection lost.
2020-04-14T22:08:01-0300 [SubscriberApp,client] connection lost - Number of events: 32
2020-04-14T22:08:01-0300 [twisted.internet.endpoints.OneShotFactory#info] Stopping factory <twisted.internet.endpoints.connectProtocol.<locals>.OneShotFactory object at 0x7fbb168869e8>
2020-04-14T22:08:01-0300 [twisted.internet.endpoints.OneShotFactory#info] Stopping factory <twisted.internet.endpoints.connectProtocol.<locals>.OneShotFactory object at 0x7fbb17f549e8>
2020-04-14T22:08:01-0300 [PublisherApp,client] connection lost: Connection to the other side was lost in a non-clean fashion: Connection lost.
2020-04-14T22:08:01-0300 [PublisherApp,client] connection lost - Number of events: 33
2020-04-14T22:08:01-0300 [applications.routerapp.RouterFactory] (TCP Port 8081 Closed)
2020-04-14T22:08:01-0300 [twisted.internet.endpoints.OneShotFactory#info] Stopping factory <twisted.internet.endpoints.connectProtocol.<locals>.OneShotFactory object at 0x7fbb17f600b8>
2020-04-14T22:08:01-0300 [twisted.internet.endpoints.OneShotFactory#info] Stopping factory <twisted.internet.endpoints.connectProtocol.<locals>.OneShotFactory object at 0x7fbb17f54b70>
2020-04-14T22:08:01-0300 [SubscriberApp,client] connection lost: Connection to the other side was lost in a non-clean fashion: Connection lost.
2020-04-14T22:08:01-0300 [SubscriberApp,client] connection lost - Number of events: 34
2020-04-14T22:08:01-0300 [PublisherApp,client] connection lost: Connection to the other side was lost in a non-clean fashion: Connection lost.
2020-04-14T22:08:01-0300 [PublisherApp,client] connection lost - Number of events: 35
2020-04-14T22:08:01-0300 [twisted.internet.endpoints.OneShotFactory#info] Stopping factory <twisted.internet.endpoints.connectProtocol.<locals>.OneShotFactory object at 0x7fbb17f54438>
2020-04-14T22:08:01-0300 [applications.accesspointapp.AccessPointFactory] (TCP Port 8082 Closed)
2020-04-14T22:08:01-0300 [PublisherApp,client] connection lost: Connection to the other side was lost in a non-clean fashion: Connection lost.
2020-04-14T22:08:01-0300 [PublisherApp,client] connection lost - Number of events: 36
2020-04-14T22:08:01-0300 [twisted.internet.endpoints.OneShotFactory#info] Stopping factory <twisted.internet.endpoints.connectProtocol.<locals>.OneShotFactory object at 0x7fbb17f545f8>
2020-04-14T22:08:01-0300 [twisted.internet.endpoints.OneShotFactory#info] Stopping factory <twisted.internet.endpoints.connectProtocol.<locals>.OneShotFactory object at 0x7fbb17f54ef0>
2020-04-14T22:08:01-0300 [applications.mqttapp.BrokerFactory] (TCP Port 5100 Closed)
2020-04-14T22:08:01-0300 [-] Main loop terminated.
