2020-04-10T12:06:56-0300 [-] Creating router ...
2020-04-10T12:06:56-0300 [-] Initializing Router - Number of events: 1
2020-04-10T12:06:57-0300 [-] RouterFactory starting on 8081
2020-04-10T12:06:57-0300 [-] Creating AccessPoint station ...
2020-04-10T12:06:57-0300 [-] Initializing Access Point - Number of events: 2
2020-04-10T12:06:57-0300 [-] AccessPointFactory starting on 8082
2020-04-10T12:06:57-0300 [-] Creating fog node ...
2020-04-10T12:06:57-0300 [-] Initializing Client - Number of events: 3
2020-04-10T12:06:58-0300 [-] Creating fog node ...
2020-04-10T12:06:58-0300 [-] Initializing Client - Number of events: 4
2020-04-10T12:06:58-0300 [-] Creating fog node ...
2020-04-10T12:06:58-0300 [-] Initializing Server - Number of events: 5
2020-04-10T12:06:59-0300 [-] BrokerFactory starting on 5100
2020-04-10T12:06:59-0300 [-] Creating iot node ...
2020-04-10T12:06:59-0300 [-] Initializing Client - Number of events: 6
2020-04-10T12:06:59-0300 [-] Creating iot node ...
2020-04-10T12:06:59-0300 [-] Initializing Client - Number of events: 7
2020-04-10T12:07:00-0300 [-] Creating iot node ...
2020-04-10T12:07:00-0300 [-] Initializing Client - Number of events: 8
2020-04-10T12:07:00-0300 [-] Creating iot node ...
2020-04-10T12:07:00-0300 [-] Initializing Client - Number of events: 9
2020-04-10T12:07:01-0300 [-] Creating iot node ...
2020-04-10T12:07:01-0300 [-] Initializing Client - Number of events: 10
2020-04-10T12:07:01-0300 [-] Initializing sensor node - Number of events: 11
2020-04-10T12:07:02-0300 [-] Initializing sensor node - Number of events: 12
2020-04-10T12:07:02-0300 [-] Initializing sensor node - Number of events: 13
2020-04-10T12:07:03-0300 [stdout#info] This divice have no simulation core instance
2020-04-10T12:07:03-0300 [stdout#info] This divice have no simulation core instance
2020-04-10T12:07:03-0300 [stdout#info] This divice have no simulation core instance
2020-04-10T12:07:03-0300 [stdout#info] This divice have no simulation core instance
2020-04-10T12:07:03-0300 [stdout#info] This divice have no simulation core instance
2020-04-10T12:07:03-0300 [stdout#info] This divice have no simulation core instance
2020-04-10T12:07:03-0300 [stdout#info] This divice have no simulation core instance
2020-04-10T12:07:03-0300 [stdout#info] This divice have no simulation core instance
2020-04-10T12:07:03-0300 [stdout#info] This divice have no simulation core instance
2020-04-10T12:07:03-0300 [Uninitialized] 127.0.0.1:39088 - Connected to mqtt broker - Number of events: 14
2020-04-10T12:07:03-0300 [Uninitialized] 127.0.0.1:39088 - sending MQTT SUBSCRIBE REQUEST - Number of events: 15
2020-04-10T12:07:03-0300 [Uninitialized] 127.0.0.1:39090 - Connected to mqtt broker - Number of events: 16
2020-04-10T12:07:03-0300 [Uninitialized] 127.0.0.1:39090 - sending MQTT SUBSCRIBE REQUEST - Number of events: 17
2020-04-10T12:07:03-0300 [Uninitialized] 127.0.0.1:58108 - Connected to mqtt broker - Number of events: 18
2020-04-10T12:07:03-0300 [Uninitialized] 127.0.0.1:58108 - sending MQTT PUBLISH REQUEST - Number of events: 19
2020-04-10T12:07:03-0300 [Uninitialized] 127.0.0.1:58110 - Connected to mqtt broker - Number of events: 20
2020-04-10T12:07:03-0300 [Uninitialized] 127.0.0.1:58110 - sending MQTT PUBLISH REQUEST - Number of events: 21
2020-04-10T12:07:03-0300 [Uninitialized] 127.0.0.1:58112 - Connected to mqtt broker - Number of events: 22
2020-04-10T12:07:03-0300 [Uninitialized] 127.0.0.1:58112 - sending MQTT PUBLISH REQUEST - Number of events: 23
2020-04-10T12:07:03-0300 [Uninitialized] 127.0.0.1:58114 - Connected to mqtt broker - Number of events: 24
2020-04-10T12:07:03-0300 [Uninitialized] 127.0.0.1:58114 - sending MQTT PUBLISH REQUEST - Number of events: 25
2020-04-10T12:07:03-0300 [Uninitialized] 127.0.0.1:58116 - Connected to mqtt broker - Number of events: 26
2020-04-10T12:07:03-0300 [Uninitialized] 127.0.0.1:58116 - sending MQTT PUBLISH REQUEST - Number of events: 27
2020-04-10T12:07:03-0300 [twisted.internet.endpoints.OneShotFactory#info] Starting factory <twisted.internet.endpoints.connectProtocol.<locals>.OneShotFactory object at 0x7f62effbc080>
2020-04-10T12:07:03-0300 [twisted.internet.endpoints.OneShotFactory#info] Starting factory <twisted.internet.endpoints.connectProtocol.<locals>.OneShotFactory object at 0x7f62effbc278>
2020-04-10T12:07:03-0300 [twisted.internet.endpoints.OneShotFactory#info] Starting factory <twisted.internet.endpoints.connectProtocol.<locals>.OneShotFactory object at 0x7f62effa8208>
2020-04-10T12:07:03-0300 [twisted.internet.endpoints.OneShotFactory#info] Starting factory <twisted.internet.endpoints.connectProtocol.<locals>.OneShotFactory object at 0x7f62effbc630>
2020-04-10T12:07:03-0300 [twisted.internet.endpoints.OneShotFactory#info] Starting factory <twisted.internet.endpoints.connectProtocol.<locals>.OneShotFactory object at 0x7f62effbc828>
2020-04-10T12:07:03-0300 [twisted.internet.endpoints.OneShotFactory#info] Starting factory <twisted.internet.endpoints.connectProtocol.<locals>.OneShotFactory object at 0x7f62effbcac8>
2020-04-10T12:07:03-0300 [twisted.internet.endpoints.OneShotFactory#info] Starting factory <twisted.internet.endpoints.connectProtocol.<locals>.OneShotFactory object at 0x7f62effbcdd8>
2020-04-10T12:07:03-0300 [stdout#info] This divice have no simulation core instance
2020-04-10T12:07:03-0300 [stdout#info] This divice have no simulation core instance
2020-04-10T12:07:03-0300 [stdout#info] This divice have no simulation core instance
2020-04-10T12:07:03-0300 [stdout#info] This divice have no simulation core instance
2020-04-10T12:07:03-0300 [stdout#info] This divice have no simulation core instance
2020-04-10T12:07:03-0300 [twisted.internet.endpoints.OneShotFactory#info] Starting factory <twisted.internet.endpoints.connectProtocol.<locals>.OneShotFactory object at 0x7f62effc6908>
2020-04-10T12:07:03-0300 [twisted.internet.endpoints.OneShotFactory#info] Starting factory <twisted.internet.endpoints.connectProtocol.<locals>.OneShotFactory object at 0x7f62effc6b70>
2020-04-10T12:07:03-0300 [twisted.internet.endpoints.OneShotFactory#info] Starting factory <twisted.internet.endpoints.connectProtocol.<locals>.OneShotFactory object at 0x7f62effc6d68>
2020-04-10T12:07:03-0300 [twisted.internet.endpoints.OneShotFactory#info] Starting factory <twisted.internet.endpoints.connectProtocol.<locals>.OneShotFactory object at 0x7f62effc6fd0>
2020-04-10T12:07:03-0300 [twisted.internet.endpoints.OneShotFactory#info] Starting factory <twisted.internet.endpoints.connectProtocol.<locals>.OneShotFactory object at 0x7f62effce320>
2020-04-10T12:07:08-0300 [-] 127.0.0.1:58108 - sending MQTT PUBLISH REQUEST - Number of events: 28
2020-04-10T12:07:08-0300 [-] 127.0.0.1:58110 - sending MQTT PUBLISH REQUEST - Number of events: 29
2020-04-10T12:07:08-0300 [twisted.internet.endpoints.OneShotFactory#info] Starting factory <twisted.internet.endpoints.connectProtocol.<locals>.OneShotFactory object at 0x7f62effce940>
2020-04-10T12:07:08-0300 [-] 127.0.0.1:58112 - sending MQTT PUBLISH REQUEST - Number of events: 30
2020-04-10T12:07:08-0300 [twisted.internet.endpoints.OneShotFactory#info] Stopping factory <twisted.internet.endpoints.connectProtocol.<locals>.OneShotFactory object at 0x7f62effa8208>
2020-04-10T12:07:08-0300 [twisted.internet.endpoints.OneShotFactory#info] Starting factory <twisted.internet.endpoints.connectProtocol.<locals>.OneShotFactory object at 0x7f62effce9e8>
2020-04-10T12:07:08-0300 [stdout#info] This divice have no simulation core instance
2020-04-10T12:07:08-0300 [-] 127.0.0.1:58114 - sending MQTT PUBLISH REQUEST - Number of events: 31
2020-04-10T12:07:08-0300 [-] 127.0.0.1:58116 - sending MQTT PUBLISH REQUEST - Number of events: 32
2020-04-10T12:07:08-0300 [stdout#info] This divice have no simulation core instance
2020-04-10T12:07:08-0300 [twisted.internet.endpoints.OneShotFactory#info] Starting factory <twisted.internet.endpoints.connectProtocol.<locals>.OneShotFactory object at 0x7f62effcecf8>
2020-04-10T12:07:08-0300 [twisted.internet.endpoints.OneShotFactory#info] Stopping factory <twisted.internet.endpoints.connectProtocol.<locals>.OneShotFactory object at 0x7f62effbc630>
2020-04-10T12:07:08-0300 [twisted.internet.endpoints.OneShotFactory#info] Starting factory <twisted.internet.endpoints.connectProtocol.<locals>.OneShotFactory object at 0x7f62effceeb8>
2020-04-10T12:07:08-0300 [stdout#info] This divice have no simulation core instance
2020-04-10T12:07:08-0300 [twisted.internet.endpoints.OneShotFactory#info] Stopping factory <twisted.internet.endpoints.connectProtocol.<locals>.OneShotFactory object at 0x7f62effc6908>
2020-04-10T12:07:08-0300 [twisted.internet.endpoints.OneShotFactory#info] Starting factory <twisted.internet.endpoints.connectProtocol.<locals>.OneShotFactory object at 0x7f62f16bc0b8>
2020-04-10T12:07:08-0300 [twisted.internet.endpoints.OneShotFactory#info] Stopping factory <twisted.internet.endpoints.connectProtocol.<locals>.OneShotFactory object at 0x7f62effbc828>
2020-04-10T12:07:08-0300 [twisted.internet.endpoints.OneShotFactory#info] Starting factory <twisted.internet.endpoints.connectProtocol.<locals>.OneShotFactory object at 0x7f62f16bc278>
2020-04-10T12:07:08-0300 [twisted.internet.endpoints.OneShotFactory#info] Starting factory <twisted.internet.endpoints.connectProtocol.<locals>.OneShotFactory object at 0x7f62f16bc470>
2020-04-10T12:07:08-0300 [stdout#info] This divice have no simulation core instance
2020-04-10T12:07:08-0300 [twisted.internet.endpoints.OneShotFactory#info] Stopping factory <twisted.internet.endpoints.connectProtocol.<locals>.OneShotFactory object at 0x7f62effc6b70>
2020-04-10T12:07:08-0300 [twisted.internet.endpoints.OneShotFactory#info] Starting factory <twisted.internet.endpoints.connectProtocol.<locals>.OneShotFactory object at 0x7f62f16bc780>
2020-04-10T12:07:08-0300 [twisted.internet.endpoints.OneShotFactory#info] Stopping factory <twisted.internet.endpoints.connectProtocol.<locals>.OneShotFactory object at 0x7f62effbcac8>
2020-04-10T12:07:08-0300 [twisted.internet.endpoints.OneShotFactory#info] Stopping factory <twisted.internet.endpoints.connectProtocol.<locals>.OneShotFactory object at 0x7f62effbcdd8>
2020-04-10T12:07:08-0300 [stdout#info] This divice have no simulation core instance
2020-04-10T12:07:08-0300 [twisted.internet.endpoints.OneShotFactory#info] Stopping factory <twisted.internet.endpoints.connectProtocol.<locals>.OneShotFactory object at 0x7f62effc6d68>
2020-04-10T12:07:08-0300 [twisted.internet.endpoints.OneShotFactory#info] Starting factory <twisted.internet.endpoints.connectProtocol.<locals>.OneShotFactory object at 0x7f62f16bca58>
2020-04-10T12:07:08-0300 [twisted.internet.endpoints.OneShotFactory#info] Starting factory <twisted.internet.endpoints.connectProtocol.<locals>.OneShotFactory object at 0x7f62f16bcc18>
2020-04-10T12:07:08-0300 [twisted.internet.endpoints.OneShotFactory#info] Stopping factory <twisted.internet.endpoints.connectProtocol.<locals>.OneShotFactory object at 0x7f62effc6fd0>
2020-04-10T12:07:08-0300 [twisted.internet.endpoints.OneShotFactory#info] Stopping factory <twisted.internet.endpoints.connectProtocol.<locals>.OneShotFactory object at 0x7f62effce320>
2020-04-10T12:07:13-0300 [-] 127.0.0.1:58108 - sending MQTT PUBLISH REQUEST - Number of events: 33
2020-04-10T12:07:13-0300 [-] 127.0.0.1:58110 - sending MQTT PUBLISH REQUEST - Number of events: 34
2020-04-10T12:07:13-0300 [-] 127.0.0.1:58112 - sending MQTT PUBLISH REQUEST - Number of events: 35
2020-04-10T12:07:13-0300 [-] 127.0.0.1:58114 - sending MQTT PUBLISH REQUEST - Number of events: 36
2020-04-10T12:07:13-0300 [twisted.internet.endpoints.OneShotFactory#info] Starting factory <twisted.internet.endpoints.connectProtocol.<locals>.OneShotFactory object at 0x7f62f16bcd30>
2020-04-10T12:07:13-0300 [twisted.internet.endpoints.OneShotFactory#info] Starting factory <twisted.internet.endpoints.connectProtocol.<locals>.OneShotFactory object at 0x7f62f16d00f0>
2020-04-10T12:07:13-0300 [twisted.internet.endpoints.OneShotFactory#info] Starting factory <twisted.internet.endpoints.connectProtocol.<locals>.OneShotFactory object at 0x7f62f16d02e8>
2020-04-10T12:07:13-0300 [twisted.internet.endpoints.OneShotFactory#info] Starting factory <twisted.internet.endpoints.connectProtocol.<locals>.OneShotFactory object at 0x7f62f16d04e0>
2020-04-10T12:07:13-0300 [twisted.internet.endpoints.OneShotFactory#info] Stopping factory <twisted.internet.endpoints.connectProtocol.<locals>.OneShotFactory object at 0x7f62effce940>
2020-04-10T12:07:13-0300 [twisted.internet.endpoints.OneShotFactory#info] Stopping factory <twisted.internet.endpoints.connectProtocol.<locals>.OneShotFactory object at 0x7f62effce9e8>
2020-04-10T12:07:13-0300 [twisted.internet.endpoints.OneShotFactory#info] Stopping factory <twisted.internet.endpoints.connectProtocol.<locals>.OneShotFactory object at 0x7f62effceeb8>
2020-04-10T12:07:13-0300 [twisted.internet.endpoints.OneShotFactory#info] Stopping factory <twisted.internet.endpoints.connectProtocol.<locals>.OneShotFactory object at 0x7f62f16bc278>
2020-04-10T12:07:13-0300 [stdout#info] This divice have no simulation core instance
2020-04-10T12:07:13-0300 [-] 127.0.0.1:58116 - sending MQTT PUBLISH REQUEST - Number of events: 37
2020-04-10T12:07:13-0300 [stdout#info] This divice have no simulation core instance
2020-04-10T12:07:13-0300 [stdout#info] This divice have no simulation core instance
2020-04-10T12:07:13-0300 [stdout#info] This divice have no simulation core instance
2020-04-10T12:07:13-0300 [twisted.internet.endpoints.OneShotFactory#info] Starting factory <twisted.internet.endpoints.connectProtocol.<locals>.OneShotFactory object at 0x7f62f16d07b8>
2020-04-10T12:07:13-0300 [twisted.internet.endpoints.OneShotFactory#info] Starting factory <twisted.internet.endpoints.connectProtocol.<locals>.OneShotFactory object at 0x7f62f16d09b0>
2020-04-10T12:07:13-0300 [twisted.internet.endpoints.OneShotFactory#info] Starting factory <twisted.internet.endpoints.connectProtocol.<locals>.OneShotFactory object at 0x7f62f16d0ba8>
2020-04-10T12:07:13-0300 [twisted.internet.endpoints.OneShotFactory#info] Starting factory <twisted.internet.endpoints.connectProtocol.<locals>.OneShotFactory object at 0x7f62f16d0da0>
2020-04-10T12:07:13-0300 [twisted.internet.endpoints.OneShotFactory#info] Starting factory <twisted.internet.endpoints.connectProtocol.<locals>.OneShotFactory object at 0x7f62f16d06d8>
2020-04-10T12:07:13-0300 [twisted.internet.endpoints.OneShotFactory#info] Stopping factory <twisted.internet.endpoints.connectProtocol.<locals>.OneShotFactory object at 0x7f62f16bc470>
2020-04-10T12:07:13-0300 [stdout#info] This divice have no simulation core instance
2020-04-10T12:07:13-0300 [twisted.internet.endpoints.OneShotFactory#info] Starting factory <twisted.internet.endpoints.connectProtocol.<locals>.OneShotFactory object at 0x7f62f16d91d0>
2020-04-10T12:07:18-0300 [-] 127.0.0.1:58108 - sending MQTT PUBLISH REQUEST - Number of events: 38
2020-04-10T12:07:18-0300 [-] 127.0.0.1:58110 - sending MQTT PUBLISH REQUEST - Number of events: 39
2020-04-10T12:07:18-0300 [-] 127.0.0.1:58112 - sending MQTT PUBLISH REQUEST - Number of events: 40
2020-04-10T12:07:18-0300 [-] 127.0.0.1:58114 - sending MQTT PUBLISH REQUEST - Number of events: 41
2020-04-10T12:07:18-0300 [twisted.internet.endpoints.OneShotFactory#info] Starting factory <twisted.internet.endpoints.connectProtocol.<locals>.OneShotFactory object at 0x7f62f16d95f8>
2020-04-10T12:07:18-0300 [twisted.internet.endpoints.OneShotFactory#info] Starting factory <twisted.internet.endpoints.connectProtocol.<locals>.OneShotFactory object at 0x7f62f16d9860>
2020-04-10T12:07:18-0300 [twisted.internet.endpoints.OneShotFactory#info] Starting factory <twisted.internet.endpoints.connectProtocol.<locals>.OneShotFactory object at 0x7f62f16d9a58>
2020-04-10T12:07:18-0300 [twisted.internet.endpoints.OneShotFactory#info] Starting factory <twisted.internet.endpoints.connectProtocol.<locals>.OneShotFactory object at 0x7f62f16d9c50>
2020-04-10T12:07:18-0300 [-] 127.0.0.1:58116 - sending MQTT PUBLISH REQUEST - Number of events: 42
2020-04-10T12:07:18-0300 [twisted.internet.endpoints.OneShotFactory#info] Stopping factory <twisted.internet.endpoints.connectProtocol.<locals>.OneShotFactory object at 0x7f62f16bcd30>
2020-04-10T12:07:18-0300 [twisted.internet.endpoints.OneShotFactory#info] Stopping factory <twisted.internet.endpoints.connectProtocol.<locals>.OneShotFactory object at 0x7f62f16d00f0>
2020-04-10T12:07:18-0300 [twisted.internet.endpoints.OneShotFactory#info] Stopping factory <twisted.internet.endpoints.connectProtocol.<locals>.OneShotFactory object at 0x7f62f16d02e8>
2020-04-10T12:07:18-0300 [twisted.internet.endpoints.OneShotFactory#info] Stopping factory <twisted.internet.endpoints.connectProtocol.<locals>.OneShotFactory object at 0x7f62f16d04e0>
2020-04-10T12:07:18-0300 [stdout#info] This divice have no simulation core instance
2020-04-10T12:07:18-0300 [stdout#info] This divice have no simulation core instance
2020-04-10T12:07:18-0300 [stdout#info] This divice have no simulation core instance
2020-04-10T12:07:18-0300 [stdout#info] This divice have no simulation core instance
2020-04-10T12:07:18-0300 [twisted.internet.endpoints.OneShotFactory#info] Starting factory <twisted.internet.endpoints.connectProtocol.<locals>.OneShotFactory object at 0x7f62f16d9f28>
2020-04-10T12:07:18-0300 [twisted.internet.endpoints.OneShotFactory#info] Starting factory <twisted.internet.endpoints.connectProtocol.<locals>.OneShotFactory object at 0x7f62f16e9160>
2020-04-10T12:07:18-0300 [twisted.internet.endpoints.OneShotFactory#info] Starting factory <twisted.internet.endpoints.connectProtocol.<locals>.OneShotFactory object at 0x7f62f16e9358>
2020-04-10T12:07:18-0300 [twisted.internet.endpoints.OneShotFactory#info] Starting factory <twisted.internet.endpoints.connectProtocol.<locals>.OneShotFactory object at 0x7f62f16e9550>
2020-04-10T12:07:18-0300 [twisted.internet.endpoints.OneShotFactory#info] Starting factory <twisted.internet.endpoints.connectProtocol.<locals>.OneShotFactory object at 0x7f62f16e9748>
2020-04-10T12:07:18-0300 [stdout#info] This divice have no simulation core instance
2020-04-10T12:07:18-0300 [twisted.internet.endpoints.OneShotFactory#info] Stopping factory <twisted.internet.endpoints.connectProtocol.<locals>.OneShotFactory object at 0x7f62f16d06d8>
2020-04-10T12:07:18-0300 [twisted.internet.endpoints.OneShotFactory#info] Starting factory <twisted.internet.endpoints.connectProtocol.<locals>.OneShotFactory object at 0x7f62f16e9ba8>
2020-04-10T12:07:23-0300 [-] 127.0.0.1:58108 - sending MQTT PUBLISH REQUEST - Number of events: 43
2020-04-10T12:07:23-0300 [-] 127.0.0.1:58110 - sending MQTT PUBLISH REQUEST - Number of events: 44
2020-04-10T12:07:23-0300 [-] 127.0.0.1:58112 - sending MQTT PUBLISH REQUEST - Number of events: 45
2020-04-10T12:07:23-0300 [-] 127.0.0.1:58114 - sending MQTT PUBLISH REQUEST - Number of events: 46
2020-04-10T12:07:23-0300 [-] 127.0.0.1:58116 - sending MQTT PUBLISH REQUEST - Number of events: 47
2020-04-10T12:07:23-0300 [twisted.internet.endpoints.OneShotFactory#info] Starting factory <twisted.internet.endpoints.connectProtocol.<locals>.OneShotFactory object at 0x7f62effbc1d0>
2020-04-10T12:07:23-0300 [twisted.internet.endpoints.OneShotFactory#info] Starting factory <twisted.internet.endpoints.connectProtocol.<locals>.OneShotFactory object at 0x7f62eff9a4e0>
2020-04-10T12:07:23-0300 [twisted.internet.endpoints.OneShotFactory#info] Starting factory <twisted.internet.endpoints.connectProtocol.<locals>.OneShotFactory object at 0x7f62effc6c88>
2020-04-10T12:07:23-0300 [twisted.internet.endpoints.OneShotFactory#info] Starting factory <twisted.internet.endpoints.connectProtocol.<locals>.OneShotFactory object at 0x7f62f16d0940>
2020-04-10T12:07:23-0300 [twisted.internet.endpoints.OneShotFactory#info] Starting factory <twisted.internet.endpoints.connectProtocol.<locals>.OneShotFactory object at 0x7f62f16d0cc0>
2020-04-10T12:07:23-0300 [twisted.internet.endpoints.OneShotFactory#info] Stopping factory <twisted.internet.endpoints.connectProtocol.<locals>.OneShotFactory object at 0x7f62f16d95f8>
2020-04-10T12:07:23-0300 [twisted.internet.endpoints.OneShotFactory#info] Stopping factory <twisted.internet.endpoints.connectProtocol.<locals>.OneShotFactory object at 0x7f62f16d9860>
2020-04-10T12:07:23-0300 [twisted.internet.endpoints.OneShotFactory#info] Stopping factory <twisted.internet.endpoints.connectProtocol.<locals>.OneShotFactory object at 0x7f62f16d9a58>
2020-04-10T12:07:23-0300 [twisted.internet.endpoints.OneShotFactory#info] Stopping factory <twisted.internet.endpoints.connectProtocol.<locals>.OneShotFactory object at 0x7f62f16d9c50>
2020-04-10T12:07:23-0300 [twisted.internet.endpoints.OneShotFactory#info] Stopping factory <twisted.internet.endpoints.connectProtocol.<locals>.OneShotFactory object at 0x7f62f16e9748>
2020-04-10T12:07:23-0300 [stdout#info] This divice have no simulation core instance
2020-04-10T12:07:23-0300 [stdout#info] This divice have no simulation core instance
2020-04-10T12:07:23-0300 [stdout#info] This divice have no simulation core instance
2020-04-10T12:07:23-0300 [stdout#info] This divice have no simulation core instance
2020-04-10T12:07:23-0300 [stdout#info] This divice have no simulation core instance
2020-04-10T12:07:23-0300 [twisted.internet.endpoints.OneShotFactory#info] Starting factory <twisted.internet.endpoints.connectProtocol.<locals>.OneShotFactory object at 0x7f62f16e9b00>
2020-04-10T12:07:23-0300 [twisted.internet.endpoints.OneShotFactory#info] Starting factory <twisted.internet.endpoints.connectProtocol.<locals>.OneShotFactory object at 0x7f62f16e9fd0>
2020-04-10T12:07:23-0300 [twisted.internet.endpoints.OneShotFactory#info] Starting factory <twisted.internet.endpoints.connectProtocol.<locals>.OneShotFactory object at 0x7f62f167c208>
2020-04-10T12:07:23-0300 [twisted.internet.endpoints.OneShotFactory#info] Starting factory <twisted.internet.endpoints.connectProtocol.<locals>.OneShotFactory object at 0x7f62f167c400>
2020-04-10T12:07:23-0300 [twisted.internet.endpoints.OneShotFactory#info] Starting factory <twisted.internet.endpoints.connectProtocol.<locals>.OneShotFactory object at 0x7f62f167c5f8>
2020-04-10T12:07:28-0300 [-] Received SIGINT, shutting down.
2020-04-10T12:07:28-0300 [twisted.internet.endpoints.OneShotFactory#info] Stopping factory <twisted.internet.endpoints.connectProtocol.<locals>.OneShotFactory object at 0x7f62f16d9f28>
2020-04-10T12:07:28-0300 [twisted.internet.endpoints.OneShotFactory#info] Stopping factory <twisted.internet.endpoints.connectProtocol.<locals>.OneShotFactory object at 0x7f62eff9a4e0>
2020-04-10T12:07:28-0300 [twisted.internet.endpoints.OneShotFactory#info] Stopping factory <twisted.internet.endpoints.connectProtocol.<locals>.OneShotFactory object at 0x7f62f16d0940>
2020-04-10T12:07:28-0300 [PublisherApp,client] connection lost: Connection to the other side was lost in a non-clean fashion: Connection lost.
2020-04-10T12:07:28-0300 [PublisherApp,client] connection lost - Number of events: 48
2020-04-10T12:07:28-0300 [twisted.internet.endpoints.OneShotFactory#info] Stopping factory <twisted.internet.endpoints.connectProtocol.<locals>.OneShotFactory object at 0x7f62f16e9fd0>
2020-04-10T12:07:28-0300 [twisted.internet.endpoints.OneShotFactory#info] Stopping factory <twisted.internet.endpoints.connectProtocol.<locals>.OneShotFactory object at 0x7f62effbc080>
2020-04-10T12:07:28-0300 [twisted.internet.endpoints.OneShotFactory#info] Stopping factory <twisted.internet.endpoints.connectProtocol.<locals>.OneShotFactory object at 0x7f62f16bc0b8>
2020-04-10T12:07:28-0300 [PublisherApp,client] connection lost: Connection to the other side was lost in a non-clean fashion: Connection lost.
2020-04-10T12:07:28-0300 [PublisherApp,client] connection lost - Number of events: 49
2020-04-10T12:07:28-0300 [twisted.internet.endpoints.OneShotFactory#info] Stopping factory <twisted.internet.endpoints.connectProtocol.<locals>.OneShotFactory object at 0x7f62f16e9160>
2020-04-10T12:07:28-0300 [twisted.internet.endpoints.OneShotFactory#info] Stopping factory <twisted.internet.endpoints.connectProtocol.<locals>.OneShotFactory object at 0x7f62f16d0cc0>
2020-04-10T12:07:28-0300 [twisted.internet.endpoints.OneShotFactory#info] Stopping factory <twisted.internet.endpoints.connectProtocol.<locals>.OneShotFactory object at 0x7f62f167c208>
2020-04-10T12:07:28-0300 [twisted.internet.endpoints.OneShotFactory#info] Stopping factory <twisted.internet.endpoints.connectProtocol.<locals>.OneShotFactory object at 0x7f62effbc278>
2020-04-10T12:07:28-0300 [SubscriberApp,client] connection lost: Connection to the other side was lost in a non-clean fashion: Connection lost.
2020-04-10T12:07:28-0300 [SubscriberApp,client] connection lost - Number of events: 50
2020-04-10T12:07:28-0300 [twisted.internet.endpoints.OneShotFactory#info] Stopping factory <twisted.internet.endpoints.connectProtocol.<locals>.OneShotFactory object at 0x7f62f16e9358>
2020-04-10T12:07:28-0300 [SubscriberApp,client] connection lost: Connection to the other side was lost in a non-clean fashion: Connection lost.
2020-04-10T12:07:28-0300 [SubscriberApp,client] connection lost - Number of events: 51
2020-04-10T12:07:28-0300 [twisted.internet.endpoints.OneShotFactory#info] Stopping factory <twisted.internet.endpoints.connectProtocol.<locals>.OneShotFactory object at 0x7f62f16d91d0>
2020-04-10T12:07:28-0300 [twisted.internet.endpoints.OneShotFactory#info] Stopping factory <twisted.internet.endpoints.connectProtocol.<locals>.OneShotFactory object at 0x7f62f167c400>
2020-04-10T12:07:28-0300 [twisted.internet.endpoints.OneShotFactory#info] Stopping factory <twisted.internet.endpoints.connectProtocol.<locals>.OneShotFactory object at 0x7f62f16e9550>
2020-04-10T12:07:28-0300 [PublisherApp,client] connection lost: Connection to the other side was lost in a non-clean fashion: Connection lost.
2020-04-10T12:07:28-0300 [PublisherApp,client] connection lost - Number of events: 52
2020-04-10T12:07:28-0300 [twisted.internet.endpoints.OneShotFactory#info] Stopping factory <twisted.internet.endpoints.connectProtocol.<locals>.OneShotFactory object at 0x7f62f167c5f8>
2020-04-10T12:07:28-0300 [applications.mqttapp.BrokerFactory] (TCP Port 5100 Closed)
2020-04-10T12:07:28-0300 [twisted.internet.endpoints.OneShotFactory#info] Stopping factory <twisted.internet.endpoints.connectProtocol.<locals>.OneShotFactory object at 0x7f62f16bc780>
2020-04-10T12:07:28-0300 [twisted.internet.endpoints.OneShotFactory#info] Stopping factory <twisted.internet.endpoints.connectProtocol.<locals>.OneShotFactory object at 0x7f62f16d07b8>
2020-04-10T12:07:28-0300 [twisted.internet.endpoints.OneShotFactory#info] Stopping factory <twisted.internet.endpoints.connectProtocol.<locals>.OneShotFactory object at 0x7f62f16d09b0>
2020-04-10T12:07:28-0300 [twisted.internet.endpoints.OneShotFactory#info] Stopping factory <twisted.internet.endpoints.connectProtocol.<locals>.OneShotFactory object at 0x7f62f16bca58>
2020-04-10T12:07:28-0300 [applications.routerapp.RouterFactory] (TCP Port 8081 Closed)
2020-04-10T12:07:28-0300 [PublisherApp,client] connection lost: Connection to the other side was lost in a non-clean fashion: Connection lost.
2020-04-10T12:07:28-0300 [PublisherApp,client] connection lost - Number of events: 53
2020-04-10T12:07:28-0300 [twisted.internet.endpoints.OneShotFactory#info] Stopping factory <twisted.internet.endpoints.connectProtocol.<locals>.OneShotFactory object at 0x7f62effc6c88>
2020-04-10T12:07:28-0300 [twisted.internet.endpoints.OneShotFactory#info] Stopping factory <twisted.internet.endpoints.connectProtocol.<locals>.OneShotFactory object at 0x7f62f16d0ba8>
2020-04-10T12:07:28-0300 [twisted.internet.endpoints.OneShotFactory#info] Stopping factory <twisted.internet.endpoints.connectProtocol.<locals>.OneShotFactory object at 0x7f62f16e9ba8>
2020-04-10T12:07:28-0300 [applications.accesspointapp.AccessPointFactory] (TCP Port 8082 Closed)
2020-04-10T12:07:28-0300 [PublisherApp,client] connection lost: Connection to the other side was lost in a non-clean fashion: Connection lost.
2020-04-10T12:07:28-0300 [PublisherApp,client] connection lost - Number of events: 54
2020-04-10T12:07:28-0300 [twisted.internet.endpoints.OneShotFactory#info] Stopping factory <twisted.internet.endpoints.connectProtocol.<locals>.OneShotFactory object at 0x7f62f16bcc18>
2020-04-10T12:07:28-0300 [twisted.internet.endpoints.OneShotFactory#info] Stopping factory <twisted.internet.endpoints.connectProtocol.<locals>.OneShotFactory object at 0x7f62effcecf8>
2020-04-10T12:07:28-0300 [twisted.internet.endpoints.OneShotFactory#info] Stopping factory <twisted.internet.endpoints.connectProtocol.<locals>.OneShotFactory object at 0x7f62f16d0da0>
2020-04-10T12:07:28-0300 [twisted.internet.endpoints.OneShotFactory#info] Stopping factory <twisted.internet.endpoints.connectProtocol.<locals>.OneShotFactory object at 0x7f62f16e9b00>
2020-04-10T12:07:28-0300 [twisted.internet.endpoints.OneShotFactory#info] Stopping factory <twisted.internet.endpoints.connectProtocol.<locals>.OneShotFactory object at 0x7f62effbc1d0>
2020-04-10T12:07:28-0300 [-] Main loop terminated.
