2020-02-25T18:25:31-0300 [-] Creating router ...
2020-02-25T18:25:31-0300 [-] Initializing Router - Number of events: 1
2020-02-25T18:25:31-0300 [-] RouterFactory starting on 8081
2020-02-25T18:25:31-0300 [-] Creating fog node ...
2020-02-25T18:25:31-0300 [stdout#info] applications.mqttapp.SubscriberApp
2020-02-25T18:25:31-0300 [-] Initializing Client - Number of events: 2
2020-02-25T18:25:31-0300 [-] Creating fog node ...
2020-02-25T18:25:31-0300 [-] Initializing Server - Number of events: 3
2020-02-25T18:25:31-0300 [-] BrokerFactory starting on 5100
2020-02-25T18:25:31-0300 [-] Creating iot node ...
2020-02-25T18:25:31-0300 [stdout#info] applications.mqttapp.PublisherApp
2020-02-25T18:25:31-0300 [-] Initializing Client - Number of events: 4
2020-02-25T18:25:31-0300 [-] Creating iot node ...
2020-02-25T18:25:31-0300 [stdout#info] applications.mqttapp.PublisherApp
2020-02-25T18:25:31-0300 [-] Initializing Client - Number of events: 5
2020-02-25T18:25:31-0300 [stdout#info] This divice have no simulation core instance
2020-02-25T18:25:31-0300 [stdout#info] This divice have no simulation core instance
2020-02-25T18:25:31-0300 [stdout#info] This divice have no simulation core instance
2020-02-25T18:25:31-0300 [stdout#info] This divice have no simulation core instance
2020-02-25T18:25:31-0300 [Uninitialized] 127.0.0.1:46568 - Connected to mqtt broker - Number of events: 6
2020-02-25T18:25:31-0300 [Uninitialized] 127.0.0.1:46568 - sending MQTT SUBSCRIBE REQUEST - Number of events: 7
2020-02-25T18:25:31-0300 [stdout#info] {<applications.mqttapp.SubscriberApp object at 0x7fb5cde41dd8>, <applications.routerapp.RouterAppProtocol object at 0x7fb5c89b6550>}
2020-02-25T18:25:31-0300 [stdout#info] 127.0.0.18081
2020-02-25T18:25:31-0300 [Uninitialized] 127.0.0.1:46570 - Connected to mqtt broker - Number of events: 8
2020-02-25T18:25:31-0300 [Uninitialized] 127.0.0.1:46570 - sending MQTT PUBLISH REQUEST - Number of events: 9
2020-02-25T18:25:31-0300 [stdout#info] {<applications.mqttapp.SubscriberApp object at 0x7fb5cde41dd8>, <applications.mqttapp.PublisherApp object at 0x7fb5c6a1e128>, <applications.routerapp.RouterAppProtocol object at 0x7fb5c89b6550>}
2020-02-25T18:25:31-0300 [stdout#info] 127.0.0.18081
2020-02-25T18:25:31-0300 [Uninitialized] 127.0.0.1:46572 - Connected to mqtt broker - Number of events: 10
2020-02-25T18:25:31-0300 [Uninitialized] 127.0.0.1:46572 - sending MQTT PUBLISH REQUEST - Number of events: 11
2020-02-25T18:25:31-0300 [stdout#info] {<applications.mqttapp.SubscriberApp object at 0x7fb5cde41dd8>, <applications.mqttapp.PublisherApp object at 0x7fb5c6a1e518>, <applications.mqttapp.PublisherApp object at 0x7fb5c6a1e128>, <applications.routerapp.RouterAppProtocol object at 0x7fb5c89b6550>}
2020-02-25T18:25:31-0300 [stdout#info] 127.0.0.18081
2020-02-25T18:25:31-0300 [twisted.internet.endpoints.OneShotFactory#info] Starting factory <twisted.internet.endpoints.connectProtocol.<locals>.OneShotFactory object at 0x7fb5c6a1eac8>
2020-02-25T18:25:31-0300 [twisted.internet.endpoints.OneShotFactory#info] Starting factory <twisted.internet.endpoints.connectProtocol.<locals>.OneShotFactory object at 0x7fb5c6a1ecc0>
2020-02-25T18:25:31-0300 [twisted.internet.endpoints.OneShotFactory#info] Starting factory <twisted.internet.endpoints.connectProtocol.<locals>.OneShotFactory object at 0x7fb5c6a1eeb8>
2020-02-25T18:25:31-0300 [stdout#info] {<applications.mqttapp.BrokerProtocol object at 0x7fb5c6a1ee80>, <applications.mqttapp.PublisherApp object at 0x7fb5c6a1e518>, <applications.mqttapp.PublisherApp object at 0x7fb5c6a1e128>, <applications.routerapp.RouterAppProtocol object at 0x7fb5c89b6550>, <applications.mqttapp.SubscriberApp object at 0x7fb5cde41dd8>}
2020-02-25T18:25:31-0300 [stdout#info] {<applications.mqttapp.BrokerProtocol object at 0x7fb5c6a33278>, <applications.mqttapp.BrokerProtocol object at 0x7fb5c6a1ee80>, <applications.mqttapp.PublisherApp object at 0x7fb5c6a1e518>, <applications.mqttapp.PublisherApp object at 0x7fb5c6a1e128>, <applications.routerapp.RouterAppProtocol object at 0x7fb5c89b6550>, <applications.mqttapp.SubscriberApp object at 0x7fb5cde41dd8>}
2020-02-25T18:25:31-0300 [stdout#info] {<applications.mqttapp.BrokerProtocol object at 0x7fb5c6a33278>, <applications.mqttapp.BrokerProtocol object at 0x7fb5c6a1ee80>, <applications.mqttapp.PublisherApp object at 0x7fb5c6a1e518>, <applications.mqttapp.PublisherApp object at 0x7fb5c6a1e128>, <applications.routerapp.RouterAppProtocol object at 0x7fb5c89b6550>, <applications.mqttapp.BrokerProtocol object at 0x7fb5c6a333c8>, <applications.mqttapp.SubscriberApp object at 0x7fb5cde41dd8>}
2020-02-25T18:25:31-0300 [stdout#info] PELO MENOS CHEGOU AQUI
2020-02-25T18:25:31-0300 [stdout#info] PELO MENOS CHEGOU AQUI
2020-02-25T18:25:31-0300 [stdout#info] PELO MENOS CHEGOU AQUI
2020-02-25T18:25:31-0300 [stdout#info] 127.0.0.15100
2020-02-25T18:25:36-0300 [-] 127.0.0.1:46570 - sending MQTT PUBLISH REQUEST - Number of events: 12
2020-02-25T18:25:36-0300 [-] 127.0.0.1:46572 - sending MQTT PUBLISH REQUEST - Number of events: 13
2020-02-25T18:25:36-0300 [twisted.internet.endpoints.OneShotFactory#info] Starting factory <twisted.internet.endpoints.connectProtocol.<locals>.OneShotFactory object at 0x7fb5c6a33908>
2020-02-25T18:25:36-0300 [twisted.internet.endpoints.OneShotFactory#info] Starting factory <twisted.internet.endpoints.connectProtocol.<locals>.OneShotFactory object at 0x7fb5c6a33ac8>
2020-02-25T18:25:36-0300 [stdout#info] {<applications.mqttapp.BrokerProtocol object at 0x7fb5c6a33278>, <applications.mqttapp.BrokerProtocol object at 0x7fb5c6a1ee80>, <applications.routerapp.ClientProtocol object at 0x7fb5c6a1ec88>, <applications.mqttapp.PublisherApp object at 0x7fb5c6a1e518>, <applications.mqttapp.PublisherApp object at 0x7fb5c6a1e128>, <applications.mqttapp.BrokerProtocol object at 0x7fb5c6a33940>, <applications.routerapp.RouterAppProtocol object at 0x7fb5c89b6550>, <applications.mqttapp.BrokerProtocol object at 0x7fb5c6a333c8>, <applications.mqttapp.SubscriberApp object at 0x7fb5cde41dd8>}
2020-02-25T18:25:36-0300 [stdout#info] PELO MENOS CHEGOU AQUI
2020-02-25T18:25:36-0300 [stdout#info] {<applications.mqttapp.BrokerProtocol object at 0x7fb5c6a33278>, <applications.mqttapp.BrokerProtocol object at 0x7fb5c6a1ee80>, <applications.routerapp.ClientProtocol object at 0x7fb5c6a1ec88>, <applications.mqttapp.BrokerProtocol object at 0x7fb5c6a33cc0>, <applications.mqttapp.PublisherApp object at 0x7fb5c6a1e518>, <applications.mqttapp.PublisherApp object at 0x7fb5c6a1e128>, <applications.mqttapp.BrokerProtocol object at 0x7fb5c6a33940>, <applications.routerapp.RouterAppProtocol object at 0x7fb5c89b6550>, <applications.mqttapp.BrokerProtocol object at 0x7fb5c6a333c8>, <applications.mqttapp.SubscriberApp object at 0x7fb5cde41dd8>}
2020-02-25T18:25:36-0300 [stdout#info] PELO MENOS CHEGOU AQUI
2020-02-25T18:25:36-0300 [stdout#info] 127.0.0.15100
2020-02-25T18:25:41-0300 [-] 127.0.0.1:46570 - sending MQTT PUBLISH REQUEST - Number of events: 14
2020-02-25T18:25:41-0300 [twisted.internet.endpoints.OneShotFactory#info] Starting factory <twisted.internet.endpoints.connectProtocol.<locals>.OneShotFactory object at 0x7fb5c6a33748>
2020-02-25T18:25:41-0300 [stdout#info] {<applications.routerapp.ClientProtocol object at 0x7fb5c6a33a20>, <applications.mqttapp.BrokerProtocol object at 0x7fb5c6a33278>, <applications.mqttapp.BrokerProtocol object at 0x7fb5c6a1ee80>, <applications.routerapp.ClientProtocol object at 0x7fb5c6a1ec88>, <applications.mqttapp.BrokerProtocol object at 0x7fb5c6a33e80>, <applications.mqttapp.BrokerProtocol object at 0x7fb5c6a33cc0>, <applications.mqttapp.PublisherApp object at 0x7fb5c6a1e518>, <applications.mqttapp.PublisherApp object at 0x7fb5c6a1e128>, <applications.mqttapp.BrokerProtocol object at 0x7fb5c6a33940>, <applications.routerapp.RouterAppProtocol object at 0x7fb5c89b6550>, <applications.mqttapp.BrokerProtocol object at 0x7fb5c6a333c8>, <applications.mqttapp.SubscriberApp object at 0x7fb5cde41dd8>}
2020-02-25T18:25:41-0300 [stdout#info] PELO MENOS CHEGOU AQUI
2020-02-25T18:25:41-0300 [-] 127.0.0.1:46572 - sending MQTT PUBLISH REQUEST - Number of events: 15
2020-02-25T18:25:41-0300 [twisted.internet.endpoints.OneShotFactory#info] Starting factory <twisted.internet.endpoints.connectProtocol.<locals>.OneShotFactory object at 0x7fb5c6a421d0>
2020-02-25T18:25:41-0300 [stdout#info] {<applications.routerapp.ClientProtocol object at 0x7fb5c6a33a20>, <applications.mqttapp.BrokerProtocol object at 0x7fb5c6a33278>, <applications.mqttapp.BrokerProtocol object at 0x7fb5c6a1ee80>, <applications.routerapp.ClientProtocol object at 0x7fb5c6a1ec88>, <applications.mqttapp.BrokerProtocol object at 0x7fb5c6a33e80>, <applications.mqttapp.BrokerProtocol object at 0x7fb5c6a33cc0>, <applications.mqttapp.BrokerProtocol object at 0x7fb5c6a420f0>, <applications.mqttapp.PublisherApp object at 0x7fb5c6a1e518>, <applications.mqttapp.PublisherApp object at 0x7fb5c6a1e128>, <applications.mqttapp.BrokerProtocol object at 0x7fb5c6a33940>, <applications.routerapp.RouterAppProtocol object at 0x7fb5c89b6550>, <applications.mqttapp.BrokerProtocol object at 0x7fb5c6a333c8>, <applications.mqttapp.SubscriberApp object at 0x7fb5cde41dd8>}
2020-02-25T18:25:41-0300 [stdout#info] PELO MENOS CHEGOU AQUI
2020-02-25T18:25:41-0300 [stdout#info] 127.0.0.15100
2020-02-25T18:25:46-0300 [-] 127.0.0.1:46570 - sending MQTT PUBLISH REQUEST - Number of events: 16
2020-02-25T18:25:46-0300 [twisted.internet.endpoints.OneShotFactory#info] Starting factory <twisted.internet.endpoints.connectProtocol.<locals>.OneShotFactory object at 0x7fb5c6a424e0>
2020-02-25T18:25:46-0300 [stdout#info] {<applications.routerapp.ClientProtocol object at 0x7fb5c6a33a20>, <applications.mqttapp.BrokerProtocol object at 0x7fb5c6a33278>, <applications.mqttapp.BrokerProtocol object at 0x7fb5c6a1ee80>, <applications.routerapp.ClientProtocol object at 0x7fb5c6a1ec88>, <applications.mqttapp.BrokerProtocol object at 0x7fb5c6a33e80>, <applications.mqttapp.BrokerProtocol object at 0x7fb5c6a33cc0>, <applications.mqttapp.BrokerProtocol object at 0x7fb5c6a420f0>, <applications.mqttapp.PublisherApp object at 0x7fb5c6a1e518>, <applications.mqttapp.PublisherApp object at 0x7fb5c6a1e128>, <applications.mqttapp.BrokerProtocol object at 0x7fb5c6a33940>, <applications.routerapp.RouterAppProtocol object at 0x7fb5c89b6550>, <applications.mqttapp.BrokerProtocol object at 0x7fb5c6a42550>, <applications.routerapp.ClientProtocol object at 0x7fb5c6a42198>, <applications.mqttapp.BrokerProtocol object at 0x7fb5c6a333c8>, <applications.mqttapp.SubscriberApp object at 0x7fb5cde41dd8>}
2020-02-25T18:25:46-0300 [stdout#info] PELO MENOS CHEGOU AQUI
2020-02-25T18:25:46-0300 [-] 127.0.0.1:46572 - sending MQTT PUBLISH REQUEST - Number of events: 17
2020-02-25T18:25:46-0300 [twisted.internet.endpoints.OneShotFactory#info] Starting factory <twisted.internet.endpoints.connectProtocol.<locals>.OneShotFactory object at 0x7fb5c6a427b8>
2020-02-25T18:25:46-0300 [stdout#info] {<applications.routerapp.ClientProtocol object at 0x7fb5c6a33a20>, <applications.mqttapp.BrokerProtocol object at 0x7fb5c6a33278>, <applications.mqttapp.BrokerProtocol object at 0x7fb5c6a1ee80>, <applications.routerapp.ClientProtocol object at 0x7fb5c6a1ec88>, <applications.mqttapp.BrokerProtocol object at 0x7fb5c6a33e80>, <applications.mqttapp.BrokerProtocol object at 0x7fb5c6a33cc0>, <applications.mqttapp.BrokerProtocol object at 0x7fb5c6a420f0>, <applications.mqttapp.PublisherApp object at 0x7fb5c6a1e518>, <applications.mqttapp.PublisherApp object at 0x7fb5c6a1e128>, <applications.mqttapp.BrokerProtocol object at 0x7fb5c6a42518>, <applications.mqttapp.BrokerProtocol object at 0x7fb5c6a33940>, <applications.routerapp.RouterAppProtocol object at 0x7fb5c89b6550>, <applications.mqttapp.BrokerProtocol object at 0x7fb5c6a42550>, <applications.routerapp.ClientProtocol object at 0x7fb5c6a42198>, <applications.mqttapp.BrokerProtocol object at 0x7fb5c6a333c8>, <applications.mqttapp.SubscriberApp object at 0x7fb5cde41dd8>}
2020-02-25T18:25:46-0300 [stdout#info] PELO MENOS CHEGOU AQUI
2020-02-25T18:25:46-0300 [stdout#info] 127.0.0.15100
2020-02-25T18:25:51-0300 [-] 127.0.0.1:46570 - sending MQTT PUBLISH REQUEST - Number of events: 18
2020-02-25T18:25:51-0300 [twisted.internet.endpoints.OneShotFactory#info] Starting factory <twisted.internet.endpoints.connectProtocol.<locals>.OneShotFactory object at 0x7fb5c6a42b00>
2020-02-25T18:25:51-0300 [stdout#info] {<applications.routerapp.ClientProtocol object at 0x7fb5c6a33a20>, <applications.mqttapp.BrokerProtocol object at 0x7fb5c6a33278>, <applications.mqttapp.BrokerProtocol object at 0x7fb5c6a1ee80>, <applications.routerapp.ClientProtocol object at 0x7fb5c6a1ec88>, <applications.mqttapp.BrokerProtocol object at 0x7fb5c6a33e80>, <applications.mqttapp.BrokerProtocol object at 0x7fb5c6a33cc0>, <applications.mqttapp.BrokerProtocol object at 0x7fb5c6a420f0>, <applications.mqttapp.PublisherApp object at 0x7fb5c6a1e518>, <applications.mqttapp.PublisherApp object at 0x7fb5c6a1e128>, <applications.mqttapp.BrokerProtocol object at 0x7fb5c6a42518>, <applications.mqttapp.BrokerProtocol object at 0x7fb5c6a33940>, <applications.routerapp.RouterAppProtocol object at 0x7fb5c89b6550>, <applications.mqttapp.BrokerProtocol object at 0x7fb5c6a42550>, <applications.mqttapp.BrokerProtocol object at 0x7fb5c6a42978>, <applications.routerapp.ClientProtocol object at 0x7fb5c6a42780>, <applications.routerapp.ClientProtocol object at 0x7fb5c6a42198>, <applications.mqttapp.BrokerProtocol object at 0x7fb5c6a333c8>, <applications.mqttapp.SubscriberApp object at 0x7fb5cde41dd8>}
2020-02-25T18:25:51-0300 [stdout#info] PELO MENOS CHEGOU AQUI
2020-02-25T18:25:51-0300 [-] 127.0.0.1:46572 - sending MQTT PUBLISH REQUEST - Number of events: 19
2020-02-25T18:25:51-0300 [twisted.internet.endpoints.OneShotFactory#info] Starting factory <twisted.internet.endpoints.connectProtocol.<locals>.OneShotFactory object at 0x7fb5c6a42e10>
2020-02-25T18:25:51-0300 [stdout#info] {<applications.routerapp.ClientProtocol object at 0x7fb5c6a33a20>, <applications.mqttapp.BrokerProtocol object at 0x7fb5c6a33278>, <applications.mqttapp.BrokerProtocol object at 0x7fb5c6a1ee80>, <applications.routerapp.ClientProtocol object at 0x7fb5c6a1ec88>, <applications.mqttapp.BrokerProtocol object at 0x7fb5c6a33e80>, <applications.mqttapp.BrokerProtocol object at 0x7fb5c6a42c88>, <applications.mqttapp.BrokerProtocol object at 0x7fb5c6a33cc0>, <applications.mqttapp.BrokerProtocol object at 0x7fb5c6a420f0>, <applications.mqttapp.PublisherApp object at 0x7fb5c6a1e518>, <applications.mqttapp.PublisherApp object at 0x7fb5c6a1e128>, <applications.mqttapp.BrokerProtocol object at 0x7fb5c6a42518>, <applications.mqttapp.BrokerProtocol object at 0x7fb5c6a33940>, <applications.routerapp.RouterAppProtocol object at 0x7fb5c89b6550>, <applications.mqttapp.BrokerProtocol object at 0x7fb5c6a42550>, <applications.mqttapp.BrokerProtocol object at 0x7fb5c6a42978>, <applications.routerapp.ClientProtocol object at 0x7fb5c6a42780>, <applications.routerapp.ClientProtocol object at 0x7fb5c6a42198>, <applications.mqttapp.BrokerProtocol object at 0x7fb5c6a333c8>, <applications.mqttapp.SubscriberApp object at 0x7fb5cde41dd8>}
2020-02-25T18:25:51-0300 [stdout#info] PELO MENOS CHEGOU AQUI
2020-02-25T18:25:51-0300 [stdout#info] 127.0.0.15100
2020-02-25T18:25:56-0300 [-] 127.0.0.1:46570 - sending MQTT PUBLISH REQUEST - Number of events: 20
2020-02-25T18:25:56-0300 [twisted.internet.endpoints.OneShotFactory#info] Starting factory <twisted.internet.endpoints.connectProtocol.<locals>.OneShotFactory object at 0x7fb5c80c8128>
2020-02-25T18:25:56-0300 [stdout#info] {<applications.mqttapp.BrokerProtocol object at 0x7fb5c6a420f0>, <applications.mqttapp.BrokerProtocol object at 0x7fb5c80c80f0>, <applications.mqttapp.PublisherApp object at 0x7fb5c6a1e128>, <applications.mqttapp.BrokerProtocol object at 0x7fb5c6a33940>, <applications.mqttapp.BrokerProtocol object at 0x7fb5c6a42978>, <applications.routerapp.ClientProtocol object at 0x7fb5c6a42198>, <applications.routerapp.ClientProtocol object at 0x7fb5c6a33a20>, <applications.mqttapp.BrokerProtocol object at 0x7fb5c6a33278>, <applications.mqttapp.BrokerProtocol object at 0x7fb5c6a333c8>, <applications.routerapp.ClientProtocol object at 0x7fb5c6a1ec88>, <applications.mqttapp.BrokerProtocol object at 0x7fb5c6a42c88>, <applications.mqttapp.BrokerProtocol object at 0x7fb5c6a33cc0>, <applications.routerapp.ClientProtocol object at 0x7fb5c6a42cc0>, <applications.mqttapp.PublisherApp object at 0x7fb5c6a1e518>, <applications.mqttapp.BrokerProtocol object at 0x7fb5c6a42518>, <applications.routerapp.RouterAppProtocol object at 0x7fb5c89b6550>, <applications.mqttapp.BrokerProtocol object at 0x7fb5c6a42550>, <applications.mqttapp.SubscriberApp object at 0x7fb5cde41dd8>, <applications.mqttapp.BrokerProtocol object at 0x7fb5c6a1ee80>, <applications.mqttapp.BrokerProtocol object at 0x7fb5c6a33e80>, <applications.routerapp.ClientProtocol object at 0x7fb5c6a42780>}
2020-02-25T18:25:56-0300 [stdout#info] PELO MENOS CHEGOU AQUI
2020-02-25T18:25:56-0300 [-] 127.0.0.1:46572 - sending MQTT PUBLISH REQUEST - Number of events: 21
2020-02-25T18:25:56-0300 [twisted.internet.endpoints.OneShotFactory#info] Starting factory <twisted.internet.endpoints.connectProtocol.<locals>.OneShotFactory object at 0x7fb5c80c82b0>
2020-02-25T18:25:56-0300 [stdout#info] {<applications.mqttapp.BrokerProtocol object at 0x7fb5c6a420f0>, <applications.mqttapp.BrokerProtocol object at 0x7fb5c80c80f0>, <applications.mqttapp.PublisherApp object at 0x7fb5c6a1e128>, <applications.mqttapp.BrokerProtocol object at 0x7fb5c6a33940>, <applications.mqttapp.BrokerProtocol object at 0x7fb5c6a42978>, <applications.routerapp.ClientProtocol object at 0x7fb5c6a42198>, <applications.routerapp.ClientProtocol object at 0x7fb5c6a33a20>, <applications.mqttapp.BrokerProtocol object at 0x7fb5c6a33278>, <applications.mqttapp.BrokerProtocol object at 0x7fb5c80c8320>, <applications.mqttapp.BrokerProtocol object at 0x7fb5c6a333c8>, <applications.routerapp.ClientProtocol object at 0x7fb5c6a1ec88>, <applications.mqttapp.BrokerProtocol object at 0x7fb5c6a42c88>, <applications.mqttapp.BrokerProtocol object at 0x7fb5c6a33cc0>, <applications.routerapp.ClientProtocol object at 0x7fb5c6a42cc0>, <applications.mqttapp.PublisherApp object at 0x7fb5c6a1e518>, <applications.mqttapp.BrokerProtocol object at 0x7fb5c6a42518>, <applications.routerapp.RouterAppProtocol object at 0x7fb5c89b6550>, <applications.mqttapp.BrokerProtocol object at 0x7fb5c6a42550>, <applications.mqttapp.SubscriberApp object at 0x7fb5cde41dd8>, <applications.mqttapp.BrokerProtocol object at 0x7fb5c6a1ee80>, <applications.mqttapp.BrokerProtocol object at 0x7fb5c6a33e80>, <applications.routerapp.ClientProtocol object at 0x7fb5c6a42780>}
2020-02-25T18:25:56-0300 [stdout#info] PELO MENOS CHEGOU AQUI
2020-02-25T18:25:56-0300 [stdout#info] 127.0.0.15100
2020-02-25T18:25:57-0300 [-] Received SIGINT, shutting down.
2020-02-25T18:25:57-0300 [BrokerProtocol,6,127.0.0.1] Unhandled Error
	Traceback (most recent call last):
	  File "/home/rafael/iotfogsim/vm/lib/python3.6/site-packages/twisted/internet/defer.py", line 311, in addCallbacks
	    self._runCallbacks()
	  File "/home/rafael/iotfogsim/vm/lib/python3.6/site-packages/twisted/internet/defer.py", line 654, in _runCallbacks
	    current.result = callback(current.result, *args, **kw)
	  File "/home/rafael/iotfogsim/vm/lib/python3.6/site-packages/twisted/internet/base.py", line 447, in _continueFiring
	    callable(*args, **kwargs)
	  File "/home/rafael/iotfogsim/vm/lib/python3.6/site-packages/twisted/internet/base.py", line 706, in disconnectAll
	    failure.Failure(main.CONNECTION_LOST))
	--- <exception caught here> ---
	  File "/home/rafael/iotfogsim/vm/lib/python3.6/site-packages/twisted/python/log.py", line 103, in callWithLogger
	    return callWithContext({"system": lp}, func, *args, **kw)
	  File "/home/rafael/iotfogsim/vm/lib/python3.6/site-packages/twisted/python/log.py", line 86, in callWithContext
	    return context.call({ILogContext: newCtx}, func, *args, **kw)
	  File "/home/rafael/iotfogsim/vm/lib/python3.6/site-packages/twisted/python/context.py", line 122, in callWithContext
	    return self.currentContext().callWithContext(ctx, func, *args, **kw)
	  File "/home/rafael/iotfogsim/vm/lib/python3.6/site-packages/twisted/python/context.py", line 85, in callWithContext
	    return func(*args,**kw)
	  File "/home/rafael/iotfogsim/vm/lib/python3.6/site-packages/twisted/internet/tcp.py", line 327, in connectionLost
	    protocol.connectionLost(reason)
	  File "/home/rafael/iotfogsim/scinetsim/applications/mqttapp.py", line 153, in connectionLost
	    self.factory.subscribers.remove(self)
	builtins.KeyError: <applications.mqttapp.BrokerProtocol object at 0x7fb5c6a420f0>
	
2020-02-25T18:25:57-0300 [ClientProtocol,client] connection lost: Connection to the other side was lost in a non-clean fashion: Connection lost.
2020-02-25T18:25:57-0300 [ClientProtocol,client] connection lost - Number of events: 22
2020-02-25T18:25:57-0300 [twisted.internet.endpoints.OneShotFactory#info] Stopping factory <twisted.internet.endpoints.connectProtocol.<locals>.OneShotFactory object at 0x7fb5c6a427b8>
2020-02-25T18:25:57-0300 [ClientProtocol,client] connection lost: Connection to the other side was lost in a non-clean fashion: Connection lost.
2020-02-25T18:25:57-0300 [ClientProtocol,client] Unhandled Error
	Traceback (most recent call last):
	  File "/home/rafael/iotfogsim/vm/lib/python3.6/site-packages/twisted/internet/defer.py", line 311, in addCallbacks
	    self._runCallbacks()
	  File "/home/rafael/iotfogsim/vm/lib/python3.6/site-packages/twisted/internet/defer.py", line 654, in _runCallbacks
	    current.result = callback(current.result, *args, **kw)
	  File "/home/rafael/iotfogsim/vm/lib/python3.6/site-packages/twisted/internet/base.py", line 447, in _continueFiring
	    callable(*args, **kwargs)
	  File "/home/rafael/iotfogsim/vm/lib/python3.6/site-packages/twisted/internet/base.py", line 706, in disconnectAll
	    failure.Failure(main.CONNECTION_LOST))
	--- <exception caught here> ---
	  File "/home/rafael/iotfogsim/vm/lib/python3.6/site-packages/twisted/python/log.py", line 103, in callWithLogger
	    return callWithContext({"system": lp}, func, *args, **kw)
	  File "/home/rafael/iotfogsim/vm/lib/python3.6/site-packages/twisted/python/log.py", line 86, in callWithContext
	    return context.call({ILogContext: newCtx}, func, *args, **kw)
	  File "/home/rafael/iotfogsim/vm/lib/python3.6/site-packages/twisted/python/context.py", line 122, in callWithContext
	    return self.currentContext().callWithContext(ctx, func, *args, **kw)
	  File "/home/rafael/iotfogsim/vm/lib/python3.6/site-packages/twisted/python/context.py", line 85, in callWithContext
	    return func(*args,**kw)
	  File "/home/rafael/iotfogsim/vm/lib/python3.6/site-packages/twisted/internet/tcp.py", line 519, in connectionLost
	    self._commonConnection.connectionLost(self, reason)
	  File "/home/rafael/iotfogsim/vm/lib/python3.6/site-packages/twisted/internet/tcp.py", line 327, in connectionLost
	    protocol.connectionLost(reason)
	  File "/home/rafael/iotfogsim/vm/lib/python3.6/site-packages/twisted/internet/endpoints.py", line 146, in connectionLost
	    return self._wrappedProtocol.connectionLost(reason)
	  File "/home/rafael/iotfogsim/scinetsim/applications/applicationcomponent.py", line 55, in connectionLost
	    self.simulation_core.updateEventsCounter("connection lost")
	builtins.AttributeError: 'NoneType' object has no attribute 'updateEventsCounter'
	
2020-02-25T18:25:57-0300 [BrokerProtocol,3,127.0.0.1] Unhandled Error
	Traceback (most recent call last):
	  File "/home/rafael/iotfogsim/vm/lib/python3.6/site-packages/twisted/internet/defer.py", line 311, in addCallbacks
	    self._runCallbacks()
	  File "/home/rafael/iotfogsim/vm/lib/python3.6/site-packages/twisted/internet/defer.py", line 654, in _runCallbacks
	    current.result = callback(current.result, *args, **kw)
	  File "/home/rafael/iotfogsim/vm/lib/python3.6/site-packages/twisted/internet/base.py", line 447, in _continueFiring
	    callable(*args, **kwargs)
	  File "/home/rafael/iotfogsim/vm/lib/python3.6/site-packages/twisted/internet/base.py", line 706, in disconnectAll
	    failure.Failure(main.CONNECTION_LOST))
	--- <exception caught here> ---
	  File "/home/rafael/iotfogsim/vm/lib/python3.6/site-packages/twisted/python/log.py", line 103, in callWithLogger
	    return callWithContext({"system": lp}, func, *args, **kw)
	  File "/home/rafael/iotfogsim/vm/lib/python3.6/site-packages/twisted/python/log.py", line 86, in callWithContext
	    return context.call({ILogContext: newCtx}, func, *args, **kw)
	  File "/home/rafael/iotfogsim/vm/lib/python3.6/site-packages/twisted/python/context.py", line 122, in callWithContext
	    return self.currentContext().callWithContext(ctx, func, *args, **kw)
	  File "/home/rafael/iotfogsim/vm/lib/python3.6/site-packages/twisted/python/context.py", line 85, in callWithContext
	    return func(*args,**kw)
	  File "/home/rafael/iotfogsim/vm/lib/python3.6/site-packages/twisted/internet/tcp.py", line 327, in connectionLost
	    protocol.connectionLost(reason)
	  File "/home/rafael/iotfogsim/scinetsim/applications/mqttapp.py", line 153, in connectionLost
	    self.factory.subscribers.remove(self)
	builtins.KeyError: <applications.mqttapp.BrokerProtocol object at 0x7fb5c6a33940>
	
2020-02-25T18:25:57-0300 [RouterAppProtocol,0,127.0.0.1] connection lost: Connection to the other side was lost in a non-clean fashion: Connection lost.
2020-02-25T18:25:57-0300 [RouterAppProtocol,0,127.0.0.1] Unhandled Error
	Traceback (most recent call last):
	  File "/home/rafael/iotfogsim/vm/lib/python3.6/site-packages/twisted/internet/defer.py", line 311, in addCallbacks
	    self._runCallbacks()
	  File "/home/rafael/iotfogsim/vm/lib/python3.6/site-packages/twisted/internet/defer.py", line 654, in _runCallbacks
	    current.result = callback(current.result, *args, **kw)
	  File "/home/rafael/iotfogsim/vm/lib/python3.6/site-packages/twisted/internet/base.py", line 447, in _continueFiring
	    callable(*args, **kwargs)
	  File "/home/rafael/iotfogsim/vm/lib/python3.6/site-packages/twisted/internet/base.py", line 706, in disconnectAll
	    failure.Failure(main.CONNECTION_LOST))
	--- <exception caught here> ---
	  File "/home/rafael/iotfogsim/vm/lib/python3.6/site-packages/twisted/python/log.py", line 103, in callWithLogger
	    return callWithContext({"system": lp}, func, *args, **kw)
	  File "/home/rafael/iotfogsim/vm/lib/python3.6/site-packages/twisted/python/log.py", line 86, in callWithContext
	    return context.call({ILogContext: newCtx}, func, *args, **kw)
	  File "/home/rafael/iotfogsim/vm/lib/python3.6/site-packages/twisted/python/context.py", line 122, in callWithContext
	    return self.currentContext().callWithContext(ctx, func, *args, **kw)
	  File "/home/rafael/iotfogsim/vm/lib/python3.6/site-packages/twisted/python/context.py", line 85, in callWithContext
	    return func(*args,**kw)
	  File "/home/rafael/iotfogsim/vm/lib/python3.6/site-packages/twisted/internet/tcp.py", line 327, in connectionLost
	    protocol.connectionLost(reason)
	  File "/home/rafael/iotfogsim/scinetsim/applications/applicationcomponent.py", line 55, in connectionLost
	    self.simulation_core.updateEventsCounter("connection lost")
	builtins.AttributeError: 'NoneType' object has no attribute 'updateEventsCounter'
	
2020-02-25T18:25:57-0300 [PublisherApp,client] connection lost: Connection to the other side was lost in a non-clean fashion: Connection lost.
2020-02-25T18:25:57-0300 [PublisherApp,client] connection lost - Number of events: 23
2020-02-25T18:25:57-0300 [ClientProtocol,client] connection lost: Connection to the other side was lost in a non-clean fashion: Connection lost.
2020-02-25T18:25:57-0300 [ClientProtocol,client] Unhandled Error
	Traceback (most recent call last):
	  File "/home/rafael/iotfogsim/vm/lib/python3.6/site-packages/twisted/internet/defer.py", line 311, in addCallbacks
	    self._runCallbacks()
	  File "/home/rafael/iotfogsim/vm/lib/python3.6/site-packages/twisted/internet/defer.py", line 654, in _runCallbacks
	    current.result = callback(current.result, *args, **kw)
	  File "/home/rafael/iotfogsim/vm/lib/python3.6/site-packages/twisted/internet/base.py", line 447, in _continueFiring
	    callable(*args, **kwargs)
	  File "/home/rafael/iotfogsim/vm/lib/python3.6/site-packages/twisted/internet/base.py", line 706, in disconnectAll
	    failure.Failure(main.CONNECTION_LOST))
	--- <exception caught here> ---
	  File "/home/rafael/iotfogsim/vm/lib/python3.6/site-packages/twisted/python/log.py", line 103, in callWithLogger
	    return callWithContext({"system": lp}, func, *args, **kw)
	  File "/home/rafael/iotfogsim/vm/lib/python3.6/site-packages/twisted/python/log.py", line 86, in callWithContext
	    return context.call({ILogContext: newCtx}, func, *args, **kw)
	  File "/home/rafael/iotfogsim/vm/lib/python3.6/site-packages/twisted/python/context.py", line 122, in callWithContext
	    return self.currentContext().callWithContext(ctx, func, *args, **kw)
	  File "/home/rafael/iotfogsim/vm/lib/python3.6/site-packages/twisted/python/context.py", line 85, in callWithContext
	    return func(*args,**kw)
	  File "/home/rafael/iotfogsim/vm/lib/python3.6/site-packages/twisted/internet/tcp.py", line 519, in connectionLost
	    self._commonConnection.connectionLost(self, reason)
	  File "/home/rafael/iotfogsim/vm/lib/python3.6/site-packages/twisted/internet/tcp.py", line 327, in connectionLost
	    protocol.connectionLost(reason)
	  File "/home/rafael/iotfogsim/vm/lib/python3.6/site-packages/twisted/internet/endpoints.py", line 146, in connectionLost
	    return self._wrappedProtocol.connectionLost(reason)
	  File "/home/rafael/iotfogsim/scinetsim/applications/applicationcomponent.py", line 55, in connectionLost
	    self.simulation_core.updateEventsCounter("connection lost")
	builtins.AttributeError: 'NoneType' object has no attribute 'updateEventsCounter'
	
2020-02-25T18:25:57-0300 [BrokerProtocol,1,127.0.0.1] Unhandled Error
	Traceback (most recent call last):
	  File "/home/rafael/iotfogsim/vm/lib/python3.6/site-packages/twisted/internet/defer.py", line 311, in addCallbacks
	    self._runCallbacks()
	  File "/home/rafael/iotfogsim/vm/lib/python3.6/site-packages/twisted/internet/defer.py", line 654, in _runCallbacks
	    current.result = callback(current.result, *args, **kw)
	  File "/home/rafael/iotfogsim/vm/lib/python3.6/site-packages/twisted/internet/base.py", line 447, in _continueFiring
	    callable(*args, **kwargs)
	  File "/home/rafael/iotfogsim/vm/lib/python3.6/site-packages/twisted/internet/base.py", line 706, in disconnectAll
	    failure.Failure(main.CONNECTION_LOST))
	--- <exception caught here> ---
	  File "/home/rafael/iotfogsim/vm/lib/python3.6/site-packages/twisted/python/log.py", line 103, in callWithLogger
	    return callWithContext({"system": lp}, func, *args, **kw)
	  File "/home/rafael/iotfogsim/vm/lib/python3.6/site-packages/twisted/python/log.py", line 86, in callWithContext
	    return context.call({ILogContext: newCtx}, func, *args, **kw)
	  File "/home/rafael/iotfogsim/vm/lib/python3.6/site-packages/twisted/python/context.py", line 122, in callWithContext
	    return self.currentContext().callWithContext(ctx, func, *args, **kw)
	  File "/home/rafael/iotfogsim/vm/lib/python3.6/site-packages/twisted/python/context.py", line 85, in callWithContext
	    return func(*args,**kw)
	  File "/home/rafael/iotfogsim/vm/lib/python3.6/site-packages/twisted/internet/tcp.py", line 327, in connectionLost
	    protocol.connectionLost(reason)
	  File "/home/rafael/iotfogsim/scinetsim/applications/mqttapp.py", line 153, in connectionLost
	    self.factory.subscribers.remove(self)
	builtins.KeyError: <applications.mqttapp.BrokerProtocol object at 0x7fb5c6a33278>
	
2020-02-25T18:25:57-0300 [BrokerProtocol,11,127.0.0.1] Unhandled Error
	Traceback (most recent call last):
	  File "/home/rafael/iotfogsim/vm/lib/python3.6/site-packages/twisted/internet/defer.py", line 311, in addCallbacks
	    self._runCallbacks()
	  File "/home/rafael/iotfogsim/vm/lib/python3.6/site-packages/twisted/internet/defer.py", line 654, in _runCallbacks
	    current.result = callback(current.result, *args, **kw)
	  File "/home/rafael/iotfogsim/vm/lib/python3.6/site-packages/twisted/internet/base.py", line 447, in _continueFiring
	    callable(*args, **kwargs)
	  File "/home/rafael/iotfogsim/vm/lib/python3.6/site-packages/twisted/internet/base.py", line 706, in disconnectAll
	    failure.Failure(main.CONNECTION_LOST))
	--- <exception caught here> ---
	  File "/home/rafael/iotfogsim/vm/lib/python3.6/site-packages/twisted/python/log.py", line 103, in callWithLogger
	    return callWithContext({"system": lp}, func, *args, **kw)
	  File "/home/rafael/iotfogsim/vm/lib/python3.6/site-packages/twisted/python/log.py", line 86, in callWithContext
	    return context.call({ILogContext: newCtx}, func, *args, **kw)
	  File "/home/rafael/iotfogsim/vm/lib/python3.6/site-packages/twisted/python/context.py", line 122, in callWithContext
	    return self.currentContext().callWithContext(ctx, func, *args, **kw)
	  File "/home/rafael/iotfogsim/vm/lib/python3.6/site-packages/twisted/python/context.py", line 85, in callWithContext
	    return func(*args,**kw)
	  File "/home/rafael/iotfogsim/vm/lib/python3.6/site-packages/twisted/internet/tcp.py", line 327, in connectionLost
	    protocol.connectionLost(reason)
	  File "/home/rafael/iotfogsim/scinetsim/applications/mqttapp.py", line 153, in connectionLost
	    self.factory.subscribers.remove(self)
	builtins.KeyError: <applications.mqttapp.BrokerProtocol object at 0x7fb5c80c80f0>
	
2020-02-25T18:25:57-0300 [ClientProtocol,client] connection lost: Connection to the other side was lost in a non-clean fashion: Connection lost.
2020-02-25T18:25:57-0300 [ClientProtocol,client] connection lost - Number of events: 24
2020-02-25T18:25:57-0300 [twisted.internet.endpoints.OneShotFactory#info] Stopping factory <twisted.internet.endpoints.connectProtocol.<locals>.OneShotFactory object at 0x7fb5c6a421d0>
2020-02-25T18:25:57-0300 [ClientProtocol,client] connection lost: Connection to the other side was lost in a non-clean fashion: Connection lost.
2020-02-25T18:25:57-0300 [ClientProtocol,client] connection lost - Number of events: 25
2020-02-25T18:25:57-0300 [twisted.internet.endpoints.OneShotFactory#info] Stopping factory <twisted.internet.endpoints.connectProtocol.<locals>.OneShotFactory object at 0x7fb5c80c82b0>
2020-02-25T18:25:57-0300 [ClientProtocol,client] connection lost: Connection to the other side was lost in a non-clean fashion: Connection lost.
2020-02-25T18:25:57-0300 [ClientProtocol,client] Unhandled Error
	Traceback (most recent call last):
	  File "/home/rafael/iotfogsim/vm/lib/python3.6/site-packages/twisted/internet/defer.py", line 311, in addCallbacks
	    self._runCallbacks()
	  File "/home/rafael/iotfogsim/vm/lib/python3.6/site-packages/twisted/internet/defer.py", line 654, in _runCallbacks
	    current.result = callback(current.result, *args, **kw)
	  File "/home/rafael/iotfogsim/vm/lib/python3.6/site-packages/twisted/internet/base.py", line 447, in _continueFiring
	    callable(*args, **kwargs)
	  File "/home/rafael/iotfogsim/vm/lib/python3.6/site-packages/twisted/internet/base.py", line 706, in disconnectAll
	    failure.Failure(main.CONNECTION_LOST))
	--- <exception caught here> ---
	  File "/home/rafael/iotfogsim/vm/lib/python3.6/site-packages/twisted/python/log.py", line 103, in callWithLogger
	    return callWithContext({"system": lp}, func, *args, **kw)
	  File "/home/rafael/iotfogsim/vm/lib/python3.6/site-packages/twisted/python/log.py", line 86, in callWithContext
	    return context.call({ILogContext: newCtx}, func, *args, **kw)
	  File "/home/rafael/iotfogsim/vm/lib/python3.6/site-packages/twisted/python/context.py", line 122, in callWithContext
	    return self.currentContext().callWithContext(ctx, func, *args, **kw)
	  File "/home/rafael/iotfogsim/vm/lib/python3.6/site-packages/twisted/python/context.py", line 85, in callWithContext
	    return func(*args,**kw)
	  File "/home/rafael/iotfogsim/vm/lib/python3.6/site-packages/twisted/internet/tcp.py", line 519, in connectionLost
	    self._commonConnection.connectionLost(self, reason)
	  File "/home/rafael/iotfogsim/vm/lib/python3.6/site-packages/twisted/internet/tcp.py", line 327, in connectionLost
	    protocol.connectionLost(reason)
	  File "/home/rafael/iotfogsim/vm/lib/python3.6/site-packages/twisted/internet/endpoints.py", line 146, in connectionLost
	    return self._wrappedProtocol.connectionLost(reason)
	  File "/home/rafael/iotfogsim/scinetsim/applications/applicationcomponent.py", line 55, in connectionLost
	    self.simulation_core.updateEventsCounter("connection lost")
	builtins.AttributeError: 'NoneType' object has no attribute 'updateEventsCounter'
	
2020-02-25T18:25:57-0300 [BrokerProtocol,2,127.0.0.1] Unhandled Error
	Traceback (most recent call last):
	  File "/home/rafael/iotfogsim/vm/lib/python3.6/site-packages/twisted/internet/defer.py", line 311, in addCallbacks
	    self._runCallbacks()
	  File "/home/rafael/iotfogsim/vm/lib/python3.6/site-packages/twisted/internet/defer.py", line 654, in _runCallbacks
	    current.result = callback(current.result, *args, **kw)
	  File "/home/rafael/iotfogsim/vm/lib/python3.6/site-packages/twisted/internet/base.py", line 447, in _continueFiring
	    callable(*args, **kwargs)
	  File "/home/rafael/iotfogsim/vm/lib/python3.6/site-packages/twisted/internet/base.py", line 706, in disconnectAll
	    failure.Failure(main.CONNECTION_LOST))
	--- <exception caught here> ---
	  File "/home/rafael/iotfogsim/vm/lib/python3.6/site-packages/twisted/python/log.py", line 103, in callWithLogger
	    return callWithContext({"system": lp}, func, *args, **kw)
	  File "/home/rafael/iotfogsim/vm/lib/python3.6/site-packages/twisted/python/log.py", line 86, in callWithContext
	    return context.call({ILogContext: newCtx}, func, *args, **kw)
	  File "/home/rafael/iotfogsim/vm/lib/python3.6/site-packages/twisted/python/context.py", line 122, in callWithContext
	    return self.currentContext().callWithContext(ctx, func, *args, **kw)
	  File "/home/rafael/iotfogsim/vm/lib/python3.6/site-packages/twisted/python/context.py", line 85, in callWithContext
	    return func(*args,**kw)
	  File "/home/rafael/iotfogsim/vm/lib/python3.6/site-packages/twisted/internet/tcp.py", line 327, in connectionLost
	    protocol.connectionLost(reason)
	  File "/home/rafael/iotfogsim/scinetsim/applications/mqttapp.py", line 153, in connectionLost
	    self.factory.subscribers.remove(self)
	builtins.KeyError: <applications.mqttapp.BrokerProtocol object at 0x7fb5c6a333c8>
	
2020-02-25T18:25:57-0300 [RouterAppProtocol,1,127.0.0.1] connection lost: Connection to the other side was lost in a non-clean fashion: Connection lost.
2020-02-25T18:25:57-0300 [RouterAppProtocol,1,127.0.0.1] Unhandled Error
	Traceback (most recent call last):
	  File "/home/rafael/iotfogsim/vm/lib/python3.6/site-packages/twisted/internet/defer.py", line 311, in addCallbacks
	    self._runCallbacks()
	  File "/home/rafael/iotfogsim/vm/lib/python3.6/site-packages/twisted/internet/defer.py", line 654, in _runCallbacks
	    current.result = callback(current.result, *args, **kw)
	  File "/home/rafael/iotfogsim/vm/lib/python3.6/site-packages/twisted/internet/base.py", line 447, in _continueFiring
	    callable(*args, **kwargs)
	  File "/home/rafael/iotfogsim/vm/lib/python3.6/site-packages/twisted/internet/base.py", line 706, in disconnectAll
	    failure.Failure(main.CONNECTION_LOST))
	--- <exception caught here> ---
	  File "/home/rafael/iotfogsim/vm/lib/python3.6/site-packages/twisted/python/log.py", line 103, in callWithLogger
	    return callWithContext({"system": lp}, func, *args, **kw)
	  File "/home/rafael/iotfogsim/vm/lib/python3.6/site-packages/twisted/python/log.py", line 86, in callWithContext
	    return context.call({ILogContext: newCtx}, func, *args, **kw)
	  File "/home/rafael/iotfogsim/vm/lib/python3.6/site-packages/twisted/python/context.py", line 122, in callWithContext
	    return self.currentContext().callWithContext(ctx, func, *args, **kw)
	  File "/home/rafael/iotfogsim/vm/lib/python3.6/site-packages/twisted/python/context.py", line 85, in callWithContext
	    return func(*args,**kw)
	  File "/home/rafael/iotfogsim/vm/lib/python3.6/site-packages/twisted/internet/tcp.py", line 327, in connectionLost
	    protocol.connectionLost(reason)
	  File "/home/rafael/iotfogsim/scinetsim/applications/applicationcomponent.py", line 55, in connectionLost
	    self.simulation_core.updateEventsCounter("connection lost")
	builtins.AttributeError: 'NoneType' object has no attribute 'updateEventsCounter'
	
2020-02-25T18:25:57-0300 [ClientProtocol,client] connection lost: Connection to the other side was lost in a non-clean fashion: Connection lost.
2020-02-25T18:25:57-0300 [ClientProtocol,client] connection lost - Number of events: 26
2020-02-25T18:25:57-0300 [twisted.internet.endpoints.OneShotFactory#info] Stopping factory <twisted.internet.endpoints.connectProtocol.<locals>.OneShotFactory object at 0x7fb5c6a33ac8>
2020-02-25T18:25:57-0300 [ClientProtocol,client] connection lost: Connection to the other side was lost in a non-clean fashion: Connection lost.
2020-02-25T18:25:57-0300 [ClientProtocol,client] Unhandled Error
	Traceback (most recent call last):
	  File "/home/rafael/iotfogsim/vm/lib/python3.6/site-packages/twisted/internet/defer.py", line 311, in addCallbacks
	    self._runCallbacks()
	  File "/home/rafael/iotfogsim/vm/lib/python3.6/site-packages/twisted/internet/defer.py", line 654, in _runCallbacks
	    current.result = callback(current.result, *args, **kw)
	  File "/home/rafael/iotfogsim/vm/lib/python3.6/site-packages/twisted/internet/base.py", line 447, in _continueFiring
	    callable(*args, **kwargs)
	  File "/home/rafael/iotfogsim/vm/lib/python3.6/site-packages/twisted/internet/base.py", line 706, in disconnectAll
	    failure.Failure(main.CONNECTION_LOST))
	--- <exception caught here> ---
	  File "/home/rafael/iotfogsim/vm/lib/python3.6/site-packages/twisted/python/log.py", line 103, in callWithLogger
	    return callWithContext({"system": lp}, func, *args, **kw)
	  File "/home/rafael/iotfogsim/vm/lib/python3.6/site-packages/twisted/python/log.py", line 86, in callWithContext
	    return context.call({ILogContext: newCtx}, func, *args, **kw)
	  File "/home/rafael/iotfogsim/vm/lib/python3.6/site-packages/twisted/python/context.py", line 122, in callWithContext
	    return self.currentContext().callWithContext(ctx, func, *args, **kw)
	  File "/home/rafael/iotfogsim/vm/lib/python3.6/site-packages/twisted/python/context.py", line 85, in callWithContext
	    return func(*args,**kw)
	  File "/home/rafael/iotfogsim/vm/lib/python3.6/site-packages/twisted/internet/tcp.py", line 519, in connectionLost
	    self._commonConnection.connectionLost(self, reason)
	  File "/home/rafael/iotfogsim/vm/lib/python3.6/site-packages/twisted/internet/tcp.py", line 327, in connectionLost
	    protocol.connectionLost(reason)
	  File "/home/rafael/iotfogsim/vm/lib/python3.6/site-packages/twisted/internet/endpoints.py", line 146, in connectionLost
	    return self._wrappedProtocol.connectionLost(reason)
	  File "/home/rafael/iotfogsim/scinetsim/applications/applicationcomponent.py", line 55, in connectionLost
	    self.simulation_core.updateEventsCounter("connection lost")
	builtins.AttributeError: 'NoneType' object has no attribute 'updateEventsCounter'
	
2020-02-25T18:25:57-0300 [BrokerProtocol,9,127.0.0.1] Unhandled Error
	Traceback (most recent call last):
	  File "/home/rafael/iotfogsim/vm/lib/python3.6/site-packages/twisted/internet/defer.py", line 311, in addCallbacks
	    self._runCallbacks()
	  File "/home/rafael/iotfogsim/vm/lib/python3.6/site-packages/twisted/internet/defer.py", line 654, in _runCallbacks
	    current.result = callback(current.result, *args, **kw)
	  File "/home/rafael/iotfogsim/vm/lib/python3.6/site-packages/twisted/internet/base.py", line 447, in _continueFiring
	    callable(*args, **kwargs)
	  File "/home/rafael/iotfogsim/vm/lib/python3.6/site-packages/twisted/internet/base.py", line 706, in disconnectAll
	    failure.Failure(main.CONNECTION_LOST))
	--- <exception caught here> ---
	  File "/home/rafael/iotfogsim/vm/lib/python3.6/site-packages/twisted/python/log.py", line 103, in callWithLogger
	    return callWithContext({"system": lp}, func, *args, **kw)
	  File "/home/rafael/iotfogsim/vm/lib/python3.6/site-packages/twisted/python/log.py", line 86, in callWithContext
	    return context.call({ILogContext: newCtx}, func, *args, **kw)
	  File "/home/rafael/iotfogsim/vm/lib/python3.6/site-packages/twisted/python/context.py", line 122, in callWithContext
	    return self.currentContext().callWithContext(ctx, func, *args, **kw)
	  File "/home/rafael/iotfogsim/vm/lib/python3.6/site-packages/twisted/python/context.py", line 85, in callWithContext
	    return func(*args,**kw)
	  File "/home/rafael/iotfogsim/vm/lib/python3.6/site-packages/twisted/internet/tcp.py", line 327, in connectionLost
	    protocol.connectionLost(reason)
	  File "/home/rafael/iotfogsim/scinetsim/applications/mqttapp.py", line 153, in connectionLost
	    self.factory.subscribers.remove(self)
	builtins.KeyError: <applications.mqttapp.BrokerProtocol object at 0x7fb5c6a42978>
	
2020-02-25T18:25:57-0300 [BrokerProtocol,12,127.0.0.1] Unhandled Error
	Traceback (most recent call last):
	  File "/home/rafael/iotfogsim/vm/lib/python3.6/site-packages/twisted/internet/defer.py", line 311, in addCallbacks
	    self._runCallbacks()
	  File "/home/rafael/iotfogsim/vm/lib/python3.6/site-packages/twisted/internet/defer.py", line 654, in _runCallbacks
	    current.result = callback(current.result, *args, **kw)
	  File "/home/rafael/iotfogsim/vm/lib/python3.6/site-packages/twisted/internet/base.py", line 447, in _continueFiring
	    callable(*args, **kwargs)
	  File "/home/rafael/iotfogsim/vm/lib/python3.6/site-packages/twisted/internet/base.py", line 706, in disconnectAll
	    failure.Failure(main.CONNECTION_LOST))
	--- <exception caught here> ---
	  File "/home/rafael/iotfogsim/vm/lib/python3.6/site-packages/twisted/python/log.py", line 103, in callWithLogger
	    return callWithContext({"system": lp}, func, *args, **kw)
	  File "/home/rafael/iotfogsim/vm/lib/python3.6/site-packages/twisted/python/log.py", line 86, in callWithContext
	    return context.call({ILogContext: newCtx}, func, *args, **kw)
	  File "/home/rafael/iotfogsim/vm/lib/python3.6/site-packages/twisted/python/context.py", line 122, in callWithContext
	    return self.currentContext().callWithContext(ctx, func, *args, **kw)
	  File "/home/rafael/iotfogsim/vm/lib/python3.6/site-packages/twisted/python/context.py", line 85, in callWithContext
	    return func(*args,**kw)
	  File "/home/rafael/iotfogsim/vm/lib/python3.6/site-packages/twisted/internet/tcp.py", line 327, in connectionLost
	    protocol.connectionLost(reason)
	  File "/home/rafael/iotfogsim/scinetsim/applications/mqttapp.py", line 153, in connectionLost
	    self.factory.subscribers.remove(self)
	builtins.KeyError: <applications.mqttapp.BrokerProtocol object at 0x7fb5c80c8320>
	
2020-02-25T18:25:57-0300 [BrokerProtocol,4,127.0.0.1] Unhandled Error
	Traceback (most recent call last):
	  File "/home/rafael/iotfogsim/vm/lib/python3.6/site-packages/twisted/internet/defer.py", line 311, in addCallbacks
	    self._runCallbacks()
	  File "/home/rafael/iotfogsim/vm/lib/python3.6/site-packages/twisted/internet/defer.py", line 654, in _runCallbacks
	    current.result = callback(current.result, *args, **kw)
	  File "/home/rafael/iotfogsim/vm/lib/python3.6/site-packages/twisted/internet/base.py", line 447, in _continueFiring
	    callable(*args, **kwargs)
	  File "/home/rafael/iotfogsim/vm/lib/python3.6/site-packages/twisted/internet/base.py", line 706, in disconnectAll
	    failure.Failure(main.CONNECTION_LOST))
	--- <exception caught here> ---
	  File "/home/rafael/iotfogsim/vm/lib/python3.6/site-packages/twisted/python/log.py", line 103, in callWithLogger
	    return callWithContext({"system": lp}, func, *args, **kw)
	  File "/home/rafael/iotfogsim/vm/lib/python3.6/site-packages/twisted/python/log.py", line 86, in callWithContext
	    return context.call({ILogContext: newCtx}, func, *args, **kw)
	  File "/home/rafael/iotfogsim/vm/lib/python3.6/site-packages/twisted/python/context.py", line 122, in callWithContext
	    return self.currentContext().callWithContext(ctx, func, *args, **kw)
	  File "/home/rafael/iotfogsim/vm/lib/python3.6/site-packages/twisted/python/context.py", line 85, in callWithContext
	    return func(*args,**kw)
	  File "/home/rafael/iotfogsim/vm/lib/python3.6/site-packages/twisted/internet/tcp.py", line 327, in connectionLost
	    protocol.connectionLost(reason)
	  File "/home/rafael/iotfogsim/scinetsim/applications/mqttapp.py", line 153, in connectionLost
	    self.factory.subscribers.remove(self)
	builtins.KeyError: <applications.mqttapp.BrokerProtocol object at 0x7fb5c6a33cc0>
	
2020-02-25T18:25:57-0300 [RouterAppProtocol,2,127.0.0.1] connection lost: Connection to the other side was lost in a non-clean fashion: Connection lost.
2020-02-25T18:25:57-0300 [RouterAppProtocol,2,127.0.0.1] Unhandled Error
	Traceback (most recent call last):
	  File "/home/rafael/iotfogsim/vm/lib/python3.6/site-packages/twisted/internet/defer.py", line 311, in addCallbacks
	    self._runCallbacks()
	  File "/home/rafael/iotfogsim/vm/lib/python3.6/site-packages/twisted/internet/defer.py", line 654, in _runCallbacks
	    current.result = callback(current.result, *args, **kw)
	  File "/home/rafael/iotfogsim/vm/lib/python3.6/site-packages/twisted/internet/base.py", line 447, in _continueFiring
	    callable(*args, **kwargs)
	  File "/home/rafael/iotfogsim/vm/lib/python3.6/site-packages/twisted/internet/base.py", line 706, in disconnectAll
	    failure.Failure(main.CONNECTION_LOST))
	--- <exception caught here> ---
	  File "/home/rafael/iotfogsim/vm/lib/python3.6/site-packages/twisted/python/log.py", line 103, in callWithLogger
	    return callWithContext({"system": lp}, func, *args, **kw)
	  File "/home/rafael/iotfogsim/vm/lib/python3.6/site-packages/twisted/python/log.py", line 86, in callWithContext
	    return context.call({ILogContext: newCtx}, func, *args, **kw)
	  File "/home/rafael/iotfogsim/vm/lib/python3.6/site-packages/twisted/python/context.py", line 122, in callWithContext
	    return self.currentContext().callWithContext(ctx, func, *args, **kw)
	  File "/home/rafael/iotfogsim/vm/lib/python3.6/site-packages/twisted/python/context.py", line 85, in callWithContext
	    return func(*args,**kw)
	  File "/home/rafael/iotfogsim/vm/lib/python3.6/site-packages/twisted/internet/tcp.py", line 327, in connectionLost
	    protocol.connectionLost(reason)
	  File "/home/rafael/iotfogsim/scinetsim/applications/applicationcomponent.py", line 55, in connectionLost
	    self.simulation_core.updateEventsCounter("connection lost")
	builtins.AttributeError: 'NoneType' object has no attribute 'updateEventsCounter'
	
2020-02-25T18:25:57-0300 [BrokerProtocol,7,127.0.0.1] Unhandled Error
	Traceback (most recent call last):
	  File "/home/rafael/iotfogsim/vm/lib/python3.6/site-packages/twisted/internet/defer.py", line 311, in addCallbacks
	    self._runCallbacks()
	  File "/home/rafael/iotfogsim/vm/lib/python3.6/site-packages/twisted/internet/defer.py", line 654, in _runCallbacks
	    current.result = callback(current.result, *args, **kw)
	  File "/home/rafael/iotfogsim/vm/lib/python3.6/site-packages/twisted/internet/base.py", line 447, in _continueFiring
	    callable(*args, **kwargs)
	  File "/home/rafael/iotfogsim/vm/lib/python3.6/site-packages/twisted/internet/base.py", line 706, in disconnectAll
	    failure.Failure(main.CONNECTION_LOST))
	--- <exception caught here> ---
	  File "/home/rafael/iotfogsim/vm/lib/python3.6/site-packages/twisted/python/log.py", line 103, in callWithLogger
	    return callWithContext({"system": lp}, func, *args, **kw)
	  File "/home/rafael/iotfogsim/vm/lib/python3.6/site-packages/twisted/python/log.py", line 86, in callWithContext
	    return context.call({ILogContext: newCtx}, func, *args, **kw)
	  File "/home/rafael/iotfogsim/vm/lib/python3.6/site-packages/twisted/python/context.py", line 122, in callWithContext
	    return self.currentContext().callWithContext(ctx, func, *args, **kw)
	  File "/home/rafael/iotfogsim/vm/lib/python3.6/site-packages/twisted/python/context.py", line 85, in callWithContext
	    return func(*args,**kw)
	  File "/home/rafael/iotfogsim/vm/lib/python3.6/site-packages/twisted/internet/tcp.py", line 327, in connectionLost
	    protocol.connectionLost(reason)
	  File "/home/rafael/iotfogsim/scinetsim/applications/mqttapp.py", line 153, in connectionLost
	    self.factory.subscribers.remove(self)
	builtins.KeyError: <applications.mqttapp.BrokerProtocol object at 0x7fb5c6a42550>
	
2020-02-25T18:25:57-0300 [SubscriberApp,client] connection lost: Connection to the other side was lost in a non-clean fashion: Connection lost.
2020-02-25T18:25:57-0300 [SubscriberApp,client] connection lost - Number of events: 27
2020-02-25T18:25:57-0300 [applications.mqttapp.BrokerFactory] (TCP Port 5100 Closed)
2020-02-25T18:25:57-0300 [RouterAppProtocol,3,127.0.0.1] connection lost: Connection to the other side was lost in a non-clean fashion: Connection lost.
2020-02-25T18:25:57-0300 [RouterAppProtocol,3,127.0.0.1] connection lost - Number of events: 28
2020-02-25T18:25:57-0300 [ClientProtocol,client] connection lost: Connection to the other side was lost in a non-clean fashion: Connection lost.
2020-02-25T18:25:57-0300 [ClientProtocol,client] Unhandled Error
	Traceback (most recent call last):
	  File "/home/rafael/iotfogsim/vm/lib/python3.6/site-packages/twisted/internet/defer.py", line 311, in addCallbacks
	    self._runCallbacks()
	  File "/home/rafael/iotfogsim/vm/lib/python3.6/site-packages/twisted/internet/defer.py", line 654, in _runCallbacks
	    current.result = callback(current.result, *args, **kw)
	  File "/home/rafael/iotfogsim/vm/lib/python3.6/site-packages/twisted/internet/base.py", line 447, in _continueFiring
	    callable(*args, **kwargs)
	  File "/home/rafael/iotfogsim/vm/lib/python3.6/site-packages/twisted/internet/base.py", line 706, in disconnectAll
	    failure.Failure(main.CONNECTION_LOST))
	--- <exception caught here> ---
	  File "/home/rafael/iotfogsim/vm/lib/python3.6/site-packages/twisted/python/log.py", line 103, in callWithLogger
	    return callWithContext({"system": lp}, func, *args, **kw)
	  File "/home/rafael/iotfogsim/vm/lib/python3.6/site-packages/twisted/python/log.py", line 86, in callWithContext
	    return context.call({ILogContext: newCtx}, func, *args, **kw)
	  File "/home/rafael/iotfogsim/vm/lib/python3.6/site-packages/twisted/python/context.py", line 122, in callWithContext
	    return self.currentContext().callWithContext(ctx, func, *args, **kw)
	  File "/home/rafael/iotfogsim/vm/lib/python3.6/site-packages/twisted/python/context.py", line 85, in callWithContext
	    return func(*args,**kw)
	  File "/home/rafael/iotfogsim/vm/lib/python3.6/site-packages/twisted/internet/tcp.py", line 519, in connectionLost
	    self._commonConnection.connectionLost(self, reason)
	  File "/home/rafael/iotfogsim/vm/lib/python3.6/site-packages/twisted/internet/tcp.py", line 327, in connectionLost
	    protocol.connectionLost(reason)
	  File "/home/rafael/iotfogsim/vm/lib/python3.6/site-packages/twisted/internet/endpoints.py", line 146, in connectionLost
	    return self._wrappedProtocol.connectionLost(reason)
	  File "/home/rafael/iotfogsim/scinetsim/applications/applicationcomponent.py", line 55, in connectionLost
	    self.simulation_core.updateEventsCounter("connection lost")
	builtins.AttributeError: 'NoneType' object has no attribute 'updateEventsCounter'
	
2020-02-25T18:25:58-0300 [BrokerProtocol,10,127.0.0.1] Unhandled Error
	Traceback (most recent call last):
	  File "/home/rafael/iotfogsim/vm/lib/python3.6/site-packages/twisted/internet/defer.py", line 311, in addCallbacks
	    self._runCallbacks()
	  File "/home/rafael/iotfogsim/vm/lib/python3.6/site-packages/twisted/internet/defer.py", line 654, in _runCallbacks
	    current.result = callback(current.result, *args, **kw)
	  File "/home/rafael/iotfogsim/vm/lib/python3.6/site-packages/twisted/internet/base.py", line 447, in _continueFiring
	    callable(*args, **kwargs)
	  File "/home/rafael/iotfogsim/vm/lib/python3.6/site-packages/twisted/internet/base.py", line 706, in disconnectAll
	    failure.Failure(main.CONNECTION_LOST))
	--- <exception caught here> ---
	  File "/home/rafael/iotfogsim/vm/lib/python3.6/site-packages/twisted/python/log.py", line 103, in callWithLogger
	    return callWithContext({"system": lp}, func, *args, **kw)
	  File "/home/rafael/iotfogsim/vm/lib/python3.6/site-packages/twisted/python/log.py", line 86, in callWithContext
	    return context.call({ILogContext: newCtx}, func, *args, **kw)
	  File "/home/rafael/iotfogsim/vm/lib/python3.6/site-packages/twisted/python/context.py", line 122, in callWithContext
	    return self.currentContext().callWithContext(ctx, func, *args, **kw)
	  File "/home/rafael/iotfogsim/vm/lib/python3.6/site-packages/twisted/python/context.py", line 85, in callWithContext
	    return func(*args,**kw)
	  File "/home/rafael/iotfogsim/vm/lib/python3.6/site-packages/twisted/internet/tcp.py", line 327, in connectionLost
	    protocol.connectionLost(reason)
	  File "/home/rafael/iotfogsim/scinetsim/applications/mqttapp.py", line 153, in connectionLost
	    self.factory.subscribers.remove(self)
	builtins.KeyError: <applications.mqttapp.BrokerProtocol object at 0x7fb5c6a42c88>
	
2020-02-25T18:25:58-0300 [PublisherApp,client] connection lost: Connection to the other side was lost in a non-clean fashion: Connection lost.
2020-02-25T18:25:58-0300 [PublisherApp,client] connection lost - Number of events: 29
2020-02-25T18:25:58-0300 [BrokerProtocol,8,127.0.0.1] Unhandled Error
	Traceback (most recent call last):
	  File "/home/rafael/iotfogsim/vm/lib/python3.6/site-packages/twisted/internet/defer.py", line 311, in addCallbacks
	    self._runCallbacks()
	  File "/home/rafael/iotfogsim/vm/lib/python3.6/site-packages/twisted/internet/defer.py", line 654, in _runCallbacks
	    current.result = callback(current.result, *args, **kw)
	  File "/home/rafael/iotfogsim/vm/lib/python3.6/site-packages/twisted/internet/base.py", line 447, in _continueFiring
	    callable(*args, **kwargs)
	  File "/home/rafael/iotfogsim/vm/lib/python3.6/site-packages/twisted/internet/base.py", line 706, in disconnectAll
	    failure.Failure(main.CONNECTION_LOST))
	--- <exception caught here> ---
	  File "/home/rafael/iotfogsim/vm/lib/python3.6/site-packages/twisted/python/log.py", line 103, in callWithLogger
	    return callWithContext({"system": lp}, func, *args, **kw)
	  File "/home/rafael/iotfogsim/vm/lib/python3.6/site-packages/twisted/python/log.py", line 86, in callWithContext
	    return context.call({ILogContext: newCtx}, func, *args, **kw)
	  File "/home/rafael/iotfogsim/vm/lib/python3.6/site-packages/twisted/python/context.py", line 122, in callWithContext
	    return self.currentContext().callWithContext(ctx, func, *args, **kw)
	  File "/home/rafael/iotfogsim/vm/lib/python3.6/site-packages/twisted/python/context.py", line 85, in callWithContext
	    return func(*args,**kw)
	  File "/home/rafael/iotfogsim/vm/lib/python3.6/site-packages/twisted/internet/tcp.py", line 327, in connectionLost
	    protocol.connectionLost(reason)
	  File "/home/rafael/iotfogsim/scinetsim/applications/mqttapp.py", line 153, in connectionLost
	    self.factory.subscribers.remove(self)
	builtins.KeyError: <applications.mqttapp.BrokerProtocol object at 0x7fb5c6a42518>
	
2020-02-25T18:25:58-0300 [ClientProtocol,client] connection lost: Connection to the other side was lost in a non-clean fashion: Connection lost.
2020-02-25T18:25:58-0300 [ClientProtocol,client] connection lost - Number of events: 30
2020-02-25T18:25:58-0300 [twisted.internet.endpoints.OneShotFactory#info] Stopping factory <twisted.internet.endpoints.connectProtocol.<locals>.OneShotFactory object at 0x7fb5c6a42e10>
2020-02-25T18:25:58-0300 [applications.routerapp.RouterFactory] (TCP Port 8081 Closed)
2020-02-25T18:25:58-0300 [ClientProtocol,client] connection lost: Connection to the other side was lost in a non-clean fashion: Connection lost.
2020-02-25T18:25:58-0300 [ClientProtocol,client] connection lost - Number of events: 31
2020-02-25T18:25:58-0300 [twisted.internet.endpoints.OneShotFactory#info] Stopping factory <twisted.internet.endpoints.connectProtocol.<locals>.OneShotFactory object at 0x7fb5c6a1eeb8>
2020-02-25T18:25:58-0300 [ClientProtocol,client] connection lost: Connection to the other side was lost in a non-clean fashion: Connection lost.
2020-02-25T18:25:58-0300 [ClientProtocol,client] Unhandled Error
	Traceback (most recent call last):
	  File "/home/rafael/iotfogsim/vm/lib/python3.6/site-packages/twisted/internet/defer.py", line 311, in addCallbacks
	    self._runCallbacks()
	  File "/home/rafael/iotfogsim/vm/lib/python3.6/site-packages/twisted/internet/defer.py", line 654, in _runCallbacks
	    current.result = callback(current.result, *args, **kw)
	  File "/home/rafael/iotfogsim/vm/lib/python3.6/site-packages/twisted/internet/base.py", line 447, in _continueFiring
	    callable(*args, **kwargs)
	  File "/home/rafael/iotfogsim/vm/lib/python3.6/site-packages/twisted/internet/base.py", line 706, in disconnectAll
	    failure.Failure(main.CONNECTION_LOST))
	--- <exception caught here> ---
	  File "/home/rafael/iotfogsim/vm/lib/python3.6/site-packages/twisted/python/log.py", line 103, in callWithLogger
	    return callWithContext({"system": lp}, func, *args, **kw)
	  File "/home/rafael/iotfogsim/vm/lib/python3.6/site-packages/twisted/python/log.py", line 86, in callWithContext
	    return context.call({ILogContext: newCtx}, func, *args, **kw)
	  File "/home/rafael/iotfogsim/vm/lib/python3.6/site-packages/twisted/python/context.py", line 122, in callWithContext
	    return self.currentContext().callWithContext(ctx, func, *args, **kw)
	  File "/home/rafael/iotfogsim/vm/lib/python3.6/site-packages/twisted/python/context.py", line 85, in callWithContext
	    return func(*args,**kw)
	  File "/home/rafael/iotfogsim/vm/lib/python3.6/site-packages/twisted/internet/tcp.py", line 519, in connectionLost
	    self._commonConnection.connectionLost(self, reason)
	  File "/home/rafael/iotfogsim/vm/lib/python3.6/site-packages/twisted/internet/tcp.py", line 327, in connectionLost
	    protocol.connectionLost(reason)
	  File "/home/rafael/iotfogsim/vm/lib/python3.6/site-packages/twisted/internet/endpoints.py", line 146, in connectionLost
	    return self._wrappedProtocol.connectionLost(reason)
	  File "/home/rafael/iotfogsim/scinetsim/applications/applicationcomponent.py", line 55, in connectionLost
	    self.simulation_core.updateEventsCounter("connection lost")
	builtins.AttributeError: 'NoneType' object has no attribute 'updateEventsCounter'
	
2020-02-25T18:25:58-0300 [BrokerProtocol,5,127.0.0.1] Unhandled Error
	Traceback (most recent call last):
	  File "/home/rafael/iotfogsim/vm/lib/python3.6/site-packages/twisted/internet/defer.py", line 311, in addCallbacks
	    self._runCallbacks()
	  File "/home/rafael/iotfogsim/vm/lib/python3.6/site-packages/twisted/internet/defer.py", line 654, in _runCallbacks
	    current.result = callback(current.result, *args, **kw)
	  File "/home/rafael/iotfogsim/vm/lib/python3.6/site-packages/twisted/internet/base.py", line 447, in _continueFiring
	    callable(*args, **kwargs)
	  File "/home/rafael/iotfogsim/vm/lib/python3.6/site-packages/twisted/internet/base.py", line 706, in disconnectAll
	    failure.Failure(main.CONNECTION_LOST))
	--- <exception caught here> ---
	  File "/home/rafael/iotfogsim/vm/lib/python3.6/site-packages/twisted/python/log.py", line 103, in callWithLogger
	    return callWithContext({"system": lp}, func, *args, **kw)
	  File "/home/rafael/iotfogsim/vm/lib/python3.6/site-packages/twisted/python/log.py", line 86, in callWithContext
	    return context.call({ILogContext: newCtx}, func, *args, **kw)
	  File "/home/rafael/iotfogsim/vm/lib/python3.6/site-packages/twisted/python/context.py", line 122, in callWithContext
	    return self.currentContext().callWithContext(ctx, func, *args, **kw)
	  File "/home/rafael/iotfogsim/vm/lib/python3.6/site-packages/twisted/python/context.py", line 85, in callWithContext
	    return func(*args,**kw)
	  File "/home/rafael/iotfogsim/vm/lib/python3.6/site-packages/twisted/internet/tcp.py", line 327, in connectionLost
	    protocol.connectionLost(reason)
	  File "/home/rafael/iotfogsim/scinetsim/applications/mqttapp.py", line 153, in connectionLost
	    self.factory.subscribers.remove(self)
	builtins.KeyError: <applications.mqttapp.BrokerProtocol object at 0x7fb5c6a33e80>
	
2020-02-25T18:25:58-0300 [ClientProtocol,client] connection lost: Connection to the other side was lost in a non-clean fashion: Connection lost.
2020-02-25T18:25:58-0300 [ClientProtocol,client] Unhandled Error
	Traceback (most recent call last):
	  File "/home/rafael/iotfogsim/vm/lib/python3.6/site-packages/twisted/internet/defer.py", line 311, in addCallbacks
	    self._runCallbacks()
	  File "/home/rafael/iotfogsim/vm/lib/python3.6/site-packages/twisted/internet/defer.py", line 654, in _runCallbacks
	    current.result = callback(current.result, *args, **kw)
	  File "/home/rafael/iotfogsim/vm/lib/python3.6/site-packages/twisted/internet/base.py", line 447, in _continueFiring
	    callable(*args, **kwargs)
	  File "/home/rafael/iotfogsim/vm/lib/python3.6/site-packages/twisted/internet/base.py", line 706, in disconnectAll
	    failure.Failure(main.CONNECTION_LOST))
	--- <exception caught here> ---
	  File "/home/rafael/iotfogsim/vm/lib/python3.6/site-packages/twisted/python/log.py", line 103, in callWithLogger
	    return callWithContext({"system": lp}, func, *args, **kw)
	  File "/home/rafael/iotfogsim/vm/lib/python3.6/site-packages/twisted/python/log.py", line 86, in callWithContext
	    return context.call({ILogContext: newCtx}, func, *args, **kw)
	  File "/home/rafael/iotfogsim/vm/lib/python3.6/site-packages/twisted/python/context.py", line 122, in callWithContext
	    return self.currentContext().callWithContext(ctx, func, *args, **kw)
	  File "/home/rafael/iotfogsim/vm/lib/python3.6/site-packages/twisted/python/context.py", line 85, in callWithContext
	    return func(*args,**kw)
	  File "/home/rafael/iotfogsim/vm/lib/python3.6/site-packages/twisted/internet/tcp.py", line 519, in connectionLost
	    self._commonConnection.connectionLost(self, reason)
	  File "/home/rafael/iotfogsim/vm/lib/python3.6/site-packages/twisted/internet/tcp.py", line 327, in connectionLost
	    protocol.connectionLost(reason)
	  File "/home/rafael/iotfogsim/vm/lib/python3.6/site-packages/twisted/internet/endpoints.py", line 146, in connectionLost
	    return self._wrappedProtocol.connectionLost(reason)
	  File "/home/rafael/iotfogsim/scinetsim/applications/applicationcomponent.py", line 55, in connectionLost
	    self.simulation_core.updateEventsCounter("connection lost")
	builtins.AttributeError: 'NoneType' object has no attribute 'updateEventsCounter'
	
2020-02-25T18:25:58-0300 [-] Main loop terminated.
2020-02-25T18:25:58-0300 [twisted.internet.defer#critical] Unhandled error in Deferred:
2020-02-25T18:25:58-0300 [twisted.internet.defer#critical] 
	Traceback (most recent call last):
	  File "/home/rafael/iotfogsim/vm/lib/python3.6/site-packages/twisted/internet/protocol.py", line 514, in makeConnection
	    self.connectionMade()
	  File "/home/rafael/iotfogsim/vm/lib/python3.6/site-packages/twisted/internet/endpoints.py", line 125, in connectionMade
	    self._connectedDeferred.callback(self._wrappedProtocol)
	  File "/home/rafael/iotfogsim/vm/lib/python3.6/site-packages/twisted/internet/defer.py", line 460, in callback
	    self._startRunCallbacks(result)
	  File "/home/rafael/iotfogsim/vm/lib/python3.6/site-packages/twisted/internet/defer.py", line 568, in _startRunCallbacks
	    self._runCallbacks()
	--- <exception caught here> ---
	  File "/home/rafael/iotfogsim/vm/lib/python3.6/site-packages/twisted/internet/defer.py", line 654, in _runCallbacks
	    current.result = callback(current.result, *args, **kw)
	  File "/home/rafael/iotfogsim/scinetsim/applications/routerapp.py", line 98, in save_protocol
	    self.simulation_core.allProtocols.add(proto)
	builtins.AttributeError: 'NoneType' object has no attribute 'allProtocols'
	
2020-02-25T18:25:58-0300 [twisted.internet.defer#critical] Unhandled error in Deferred:
2020-02-25T18:25:58-0300 [twisted.internet.defer#critical] 
	Traceback (most recent call last):
	  File "/home/rafael/iotfogsim/vm/lib/python3.6/site-packages/twisted/internet/protocol.py", line 514, in makeConnection
	    self.connectionMade()
	  File "/home/rafael/iotfogsim/vm/lib/python3.6/site-packages/twisted/internet/endpoints.py", line 125, in connectionMade
	    self._connectedDeferred.callback(self._wrappedProtocol)
	  File "/home/rafael/iotfogsim/vm/lib/python3.6/site-packages/twisted/internet/defer.py", line 460, in callback
	    self._startRunCallbacks(result)
	  File "/home/rafael/iotfogsim/vm/lib/python3.6/site-packages/twisted/internet/defer.py", line 568, in _startRunCallbacks
	    self._runCallbacks()
	--- <exception caught here> ---
	  File "/home/rafael/iotfogsim/vm/lib/python3.6/site-packages/twisted/internet/defer.py", line 654, in _runCallbacks
	    current.result = callback(current.result, *args, **kw)
	  File "/home/rafael/iotfogsim/scinetsim/applications/routerapp.py", line 98, in save_protocol
	    self.simulation_core.allProtocols.add(proto)
	builtins.AttributeError: 'NoneType' object has no attribute 'allProtocols'
	
2020-02-25T18:25:58-0300 [twisted.internet.defer#critical] Unhandled error in Deferred:
2020-02-25T18:25:58-0300 [twisted.internet.defer#critical] 
	Traceback (most recent call last):
	  File "/home/rafael/iotfogsim/vm/lib/python3.6/site-packages/twisted/internet/protocol.py", line 514, in makeConnection
	    self.connectionMade()
	  File "/home/rafael/iotfogsim/vm/lib/python3.6/site-packages/twisted/internet/endpoints.py", line 125, in connectionMade
	    self._connectedDeferred.callback(self._wrappedProtocol)
	  File "/home/rafael/iotfogsim/vm/lib/python3.6/site-packages/twisted/internet/defer.py", line 460, in callback
	    self._startRunCallbacks(result)
	  File "/home/rafael/iotfogsim/vm/lib/python3.6/site-packages/twisted/internet/defer.py", line 568, in _startRunCallbacks
	    self._runCallbacks()
	--- <exception caught here> ---
	  File "/home/rafael/iotfogsim/vm/lib/python3.6/site-packages/twisted/internet/defer.py", line 654, in _runCallbacks
	    current.result = callback(current.result, *args, **kw)
	  File "/home/rafael/iotfogsim/scinetsim/applications/routerapp.py", line 98, in save_protocol
	    self.simulation_core.allProtocols.add(proto)
	builtins.AttributeError: 'NoneType' object has no attribute 'allProtocols'
	
2020-02-25T18:25:58-0300 [twisted.internet.defer#critical] Unhandled error in Deferred:
2020-02-25T18:25:58-0300 [twisted.internet.defer#critical] 
	Traceback (most recent call last):
	  File "/home/rafael/iotfogsim/vm/lib/python3.6/site-packages/twisted/internet/protocol.py", line 514, in makeConnection
	    self.connectionMade()
	  File "/home/rafael/iotfogsim/vm/lib/python3.6/site-packages/twisted/internet/endpoints.py", line 125, in connectionMade
	    self._connectedDeferred.callback(self._wrappedProtocol)
	  File "/home/rafael/iotfogsim/vm/lib/python3.6/site-packages/twisted/internet/defer.py", line 460, in callback
	    self._startRunCallbacks(result)
	  File "/home/rafael/iotfogsim/vm/lib/python3.6/site-packages/twisted/internet/defer.py", line 568, in _startRunCallbacks
	    self._runCallbacks()
	--- <exception caught here> ---
	  File "/home/rafael/iotfogsim/vm/lib/python3.6/site-packages/twisted/internet/defer.py", line 654, in _runCallbacks
	    current.result = callback(current.result, *args, **kw)
	  File "/home/rafael/iotfogsim/scinetsim/applications/routerapp.py", line 98, in save_protocol
	    self.simulation_core.allProtocols.add(proto)
	builtins.AttributeError: 'NoneType' object has no attribute 'allProtocols'
	
2020-02-25T18:25:58-0300 [twisted.internet.defer#critical] Unhandled error in Deferred:
2020-02-25T18:25:58-0300 [twisted.internet.defer#critical] 
	Traceback (most recent call last):
	  File "/home/rafael/iotfogsim/vm/lib/python3.6/site-packages/twisted/internet/protocol.py", line 514, in makeConnection
	    self.connectionMade()
	  File "/home/rafael/iotfogsim/vm/lib/python3.6/site-packages/twisted/internet/endpoints.py", line 125, in connectionMade
	    self._connectedDeferred.callback(self._wrappedProtocol)
	  File "/home/rafael/iotfogsim/vm/lib/python3.6/site-packages/twisted/internet/defer.py", line 460, in callback
	    self._startRunCallbacks(result)
	  File "/home/rafael/iotfogsim/vm/lib/python3.6/site-packages/twisted/internet/defer.py", line 568, in _startRunCallbacks
	    self._runCallbacks()
	--- <exception caught here> ---
	  File "/home/rafael/iotfogsim/vm/lib/python3.6/site-packages/twisted/internet/defer.py", line 654, in _runCallbacks
	    current.result = callback(current.result, *args, **kw)
	  File "/home/rafael/iotfogsim/scinetsim/applications/routerapp.py", line 98, in save_protocol
	    self.simulation_core.allProtocols.add(proto)
	builtins.AttributeError: 'NoneType' object has no attribute 'allProtocols'
	
2020-02-25T18:25:58-0300 [twisted.internet.defer#critical] Unhandled error in Deferred:
2020-02-25T18:25:58-0300 [twisted.internet.defer#critical] 
	Traceback (most recent call last):
	  File "/home/rafael/iotfogsim/vm/lib/python3.6/site-packages/twisted/internet/protocol.py", line 514, in makeConnection
	    self.connectionMade()
	  File "/home/rafael/iotfogsim/vm/lib/python3.6/site-packages/twisted/internet/endpoints.py", line 125, in connectionMade
	    self._connectedDeferred.callback(self._wrappedProtocol)
	  File "/home/rafael/iotfogsim/vm/lib/python3.6/site-packages/twisted/internet/defer.py", line 460, in callback
	    self._startRunCallbacks(result)
	  File "/home/rafael/iotfogsim/vm/lib/python3.6/site-packages/twisted/internet/defer.py", line 568, in _startRunCallbacks
	    self._runCallbacks()
	--- <exception caught here> ---
	  File "/home/rafael/iotfogsim/vm/lib/python3.6/site-packages/twisted/internet/defer.py", line 654, in _runCallbacks
	    current.result = callback(current.result, *args, **kw)
	  File "/home/rafael/iotfogsim/scinetsim/applications/routerapp.py", line 98, in save_protocol
	    self.simulation_core.allProtocols.add(proto)
	builtins.AttributeError: 'NoneType' object has no attribute 'allProtocols'
	
2020-02-25T18:25:58-0300 [twisted.internet.defer#critical] Unhandled error in Deferred:
2020-02-25T18:25:58-0300 [twisted.internet.defer#critical] 
	Traceback (most recent call last):
	  File "/home/rafael/iotfogsim/vm/lib/python3.6/site-packages/twisted/internet/protocol.py", line 514, in makeConnection
	    self.connectionMade()
	  File "/home/rafael/iotfogsim/vm/lib/python3.6/site-packages/twisted/internet/endpoints.py", line 125, in connectionMade
	    self._connectedDeferred.callback(self._wrappedProtocol)
	  File "/home/rafael/iotfogsim/vm/lib/python3.6/site-packages/twisted/internet/defer.py", line 460, in callback
	    self._startRunCallbacks(result)
	  File "/home/rafael/iotfogsim/vm/lib/python3.6/site-packages/twisted/internet/defer.py", line 568, in _startRunCallbacks
	    self._runCallbacks()
	--- <exception caught here> ---
	  File "/home/rafael/iotfogsim/vm/lib/python3.6/site-packages/twisted/internet/defer.py", line 654, in _runCallbacks
	    current.result = callback(current.result, *args, **kw)
	  File "/home/rafael/iotfogsim/scinetsim/applications/routerapp.py", line 98, in save_protocol
	    self.simulation_core.allProtocols.add(proto)
	builtins.AttributeError: 'NoneType' object has no attribute 'allProtocols'
	
