2020-04-10T12:11:48-0300 [-] Creating router ...
2020-04-10T12:11:48-0300 [-] Initializing Router - Number of events: 1
2020-04-10T12:11:48-0300 [-] RouterFactory starting on 8081
2020-04-10T12:11:48-0300 [-] Creating AccessPoint station ...
2020-04-10T12:11:48-0300 [-] Initializing Access Point - Number of events: 2
2020-04-10T12:11:49-0300 [-] AccessPointFactory starting on 8082
2020-04-10T12:11:49-0300 [-] Creating fog node ...
2020-04-10T12:11:49-0300 [-] Initializing Client - Number of events: 3
2020-04-10T12:11:49-0300 [-] Creating fog node ...
2020-04-10T12:11:49-0300 [-] Initializing Client - Number of events: 4
2020-04-10T12:11:50-0300 [-] Creating fog node ...
2020-04-10T12:11:50-0300 [-] Initializing Server - Number of events: 5
2020-04-10T12:11:50-0300 [-] BrokerFactory starting on 5100
2020-04-10T12:11:50-0300 [-] Creating iot node ...
2020-04-10T12:11:50-0300 [-] Initializing Client - Number of events: 6
2020-04-10T12:11:51-0300 [-] Creating iot node ...
2020-04-10T12:11:51-0300 [-] Initializing Client - Number of events: 7
2020-04-10T12:11:51-0300 [-] Creating iot node ...
2020-04-10T12:11:51-0300 [-] Initializing Client - Number of events: 8
2020-04-10T12:11:52-0300 [-] Creating iot node ...
2020-04-10T12:11:52-0300 [-] Initializing Client - Number of events: 9
2020-04-10T12:11:52-0300 [-] Creating iot node ...
2020-04-10T12:11:52-0300 [-] Initializing Client - Number of events: 10
2020-04-10T12:11:53-0300 [-] Initializing sensor node - Number of events: 11
2020-04-10T12:11:53-0300 [-] Initializing sensor node - Number of events: 12
2020-04-10T12:11:54-0300 [-] Initializing sensor node - Number of events: 13
2020-04-10T12:11:54-0300 [stdout#info] This divice have no simulation core instance
2020-04-10T12:11:54-0300 [stdout#info] This divice have no simulation core instance
2020-04-10T12:11:54-0300 [stdout#info] This divice have no simulation core instance
2020-04-10T12:11:54-0300 [stdout#info] This divice have no simulation core instance
2020-04-10T12:11:54-0300 [stdout#info] This divice have no simulation core instance
2020-04-10T12:11:54-0300 [stdout#info] This divice have no simulation core instance
2020-04-10T12:11:54-0300 [stdout#info] This divice have no simulation core instance
2020-04-10T12:11:54-0300 [stdout#info] This divice have no simulation core instance
2020-04-10T12:11:54-0300 [stdout#info] This divice have no simulation core instance
2020-04-10T12:11:54-0300 [Uninitialized] 127.0.0.1:39990 - Connected to mqtt broker - Number of events: 14
2020-04-10T12:11:54-0300 [Uninitialized] 127.0.0.1:39990 - sending MQTT SUBSCRIBE REQUEST - Number of events: 15
2020-04-10T12:11:54-0300 [Uninitialized] 127.0.0.1:39992 - Connected to mqtt broker - Number of events: 16
2020-04-10T12:11:54-0300 [Uninitialized] 127.0.0.1:39992 - sending MQTT SUBSCRIBE REQUEST - Number of events: 17
2020-04-10T12:11:54-0300 [Uninitialized] 127.0.0.1:59010 - Connected to mqtt broker - Number of events: 18
2020-04-10T12:11:54-0300 [Uninitialized] 127.0.0.1:59010 - sending MQTT PUBLISH REQUEST - Number of events: 19
2020-04-10T12:11:54-0300 [Uninitialized] 127.0.0.1:59012 - Connected to mqtt broker - Number of events: 20
2020-04-10T12:11:54-0300 [Uninitialized] 127.0.0.1:59012 - sending MQTT PUBLISH REQUEST - Number of events: 21
2020-04-10T12:11:54-0300 [Uninitialized] 127.0.0.1:59014 - Connected to mqtt broker - Number of events: 22
2020-04-10T12:11:54-0300 [Uninitialized] 127.0.0.1:59014 - sending MQTT PUBLISH REQUEST - Number of events: 23
2020-04-10T12:11:54-0300 [Uninitialized] 127.0.0.1:59016 - Connected to mqtt broker - Number of events: 24
2020-04-10T12:11:54-0300 [Uninitialized] 127.0.0.1:59016 - sending MQTT PUBLISH REQUEST - Number of events: 25
2020-04-10T12:11:54-0300 [Uninitialized] 127.0.0.1:59018 - Connected to mqtt broker - Number of events: 26
2020-04-10T12:11:54-0300 [Uninitialized] 127.0.0.1:59018 - sending MQTT PUBLISH REQUEST - Number of events: 27
2020-04-10T12:11:54-0300 [twisted.internet.endpoints.OneShotFactory#info] Starting factory <twisted.internet.endpoints.connectProtocol.<locals>.OneShotFactory object at 0x7fdbf3f59f60>
2020-04-10T12:11:54-0300 [twisted.internet.endpoints.OneShotFactory#info] Starting factory <twisted.internet.endpoints.connectProtocol.<locals>.OneShotFactory object at 0x7fdbf3f6d198>
2020-04-10T12:11:54-0300 [twisted.internet.endpoints.OneShotFactory#info] Starting factory <twisted.internet.endpoints.connectProtocol.<locals>.OneShotFactory object at 0x7fdbf3f6d390>
2020-04-10T12:11:54-0300 [twisted.internet.endpoints.OneShotFactory#info] Starting factory <twisted.internet.endpoints.connectProtocol.<locals>.OneShotFactory object at 0x7fdbf3f6d588>
2020-04-10T12:11:54-0300 [twisted.internet.endpoints.OneShotFactory#info] Starting factory <twisted.internet.endpoints.connectProtocol.<locals>.OneShotFactory object at 0x7fdbf3f6d780>
2020-04-10T12:11:54-0300 [twisted.internet.endpoints.OneShotFactory#info] Starting factory <twisted.internet.endpoints.connectProtocol.<locals>.OneShotFactory object at 0x7fdbf3f6da20>
2020-04-10T12:11:54-0300 [twisted.internet.endpoints.OneShotFactory#info] Starting factory <twisted.internet.endpoints.connectProtocol.<locals>.OneShotFactory object at 0x7fdbf3f6dd30>
2020-04-10T12:11:54-0300 [stdout#info] This divice have no simulation core instance
2020-04-10T12:11:54-0300 [stdout#info] This divice have no simulation core instance
2020-04-10T12:11:54-0300 [stdout#info] This divice have no simulation core instance
2020-04-10T12:11:54-0300 [stdout#info] This divice have no simulation core instance
2020-04-10T12:11:54-0300 [stdout#info] This divice have no simulation core instance
2020-04-10T12:11:54-0300 [twisted.internet.endpoints.OneShotFactory#info] Starting factory <twisted.internet.endpoints.connectProtocol.<locals>.OneShotFactory object at 0x7fdbf3f7a860>
2020-04-10T12:11:54-0300 [twisted.internet.endpoints.OneShotFactory#info] Starting factory <twisted.internet.endpoints.connectProtocol.<locals>.OneShotFactory object at 0x7fdbf3f7aac8>
2020-04-10T12:11:54-0300 [twisted.internet.endpoints.OneShotFactory#info] Starting factory <twisted.internet.endpoints.connectProtocol.<locals>.OneShotFactory object at 0x7fdbf3f7acc0>
2020-04-10T12:11:54-0300 [twisted.internet.endpoints.OneShotFactory#info] Starting factory <twisted.internet.endpoints.connectProtocol.<locals>.OneShotFactory object at 0x7fdbf3f7af28>
2020-04-10T12:11:54-0300 [twisted.internet.endpoints.OneShotFactory#info] Starting factory <twisted.internet.endpoints.connectProtocol.<locals>.OneShotFactory object at 0x7fdbf3f80278>
2020-04-10T12:11:59-0300 [-] 127.0.0.1:59010 - sending MQTT PUBLISH REQUEST - Number of events: 28
2020-04-10T12:11:59-0300 [-] 127.0.0.1:59012 - sending MQTT PUBLISH REQUEST - Number of events: 29
2020-04-10T12:11:59-0300 [-] 127.0.0.1:59014 - sending MQTT PUBLISH REQUEST - Number of events: 30
2020-04-10T12:11:59-0300 [-] 127.0.0.1:59016 - sending MQTT PUBLISH REQUEST - Number of events: 31
2020-04-10T12:11:59-0300 [-] 127.0.0.1:59018 - sending MQTT PUBLISH REQUEST - Number of events: 32
2020-04-10T12:11:59-0300 [twisted.internet.endpoints.OneShotFactory#info] Starting factory <twisted.internet.endpoints.connectProtocol.<locals>.OneShotFactory object at 0x7fdbf3f807f0>
2020-04-10T12:11:59-0300 [twisted.internet.endpoints.OneShotFactory#info] Starting factory <twisted.internet.endpoints.connectProtocol.<locals>.OneShotFactory object at 0x7fdbf3f809b0>
2020-04-10T12:11:59-0300 [twisted.internet.endpoints.OneShotFactory#info] Starting factory <twisted.internet.endpoints.connectProtocol.<locals>.OneShotFactory object at 0x7fdbf3f80ba8>
2020-04-10T12:11:59-0300 [twisted.internet.endpoints.OneShotFactory#info] Stopping factory <twisted.internet.endpoints.connectProtocol.<locals>.OneShotFactory object at 0x7fdbf3f6d390>
2020-04-10T12:11:59-0300 [twisted.internet.endpoints.OneShotFactory#info] Stopping factory <twisted.internet.endpoints.connectProtocol.<locals>.OneShotFactory object at 0x7fdbf3f6d588>
2020-04-10T12:11:59-0300 [twisted.internet.endpoints.OneShotFactory#info] Stopping factory <twisted.internet.endpoints.connectProtocol.<locals>.OneShotFactory object at 0x7fdbf3f6d780>
2020-04-10T12:11:59-0300 [twisted.internet.endpoints.OneShotFactory#info] Starting factory <twisted.internet.endpoints.connectProtocol.<locals>.OneShotFactory object at 0x7fdbf3f80b38>
2020-04-10T12:11:59-0300 [twisted.internet.endpoints.OneShotFactory#info] Starting factory <twisted.internet.endpoints.connectProtocol.<locals>.OneShotFactory object at 0x7fdbf3f80e48>
2020-04-10T12:11:59-0300 [stdout#info] This divice have no simulation core instance
2020-04-10T12:11:59-0300 [stdout#info] This divice have no simulation core instance
2020-04-10T12:11:59-0300 [stdout#info] This divice have no simulation core instance
2020-04-10T12:11:59-0300 [stdout#info] This divice have no simulation core instance
2020-04-10T12:11:59-0300 [stdout#info] This divice have no simulation core instance
2020-04-10T12:11:59-0300 [twisted.internet.endpoints.OneShotFactory#info] Starting factory <twisted.internet.endpoints.connectProtocol.<locals>.OneShotFactory object at 0x7fdbf5633320>
2020-04-10T12:11:59-0300 [twisted.internet.endpoints.OneShotFactory#info] Starting factory <twisted.internet.endpoints.connectProtocol.<locals>.OneShotFactory object at 0x7fdbf56334e0>
2020-04-10T12:11:59-0300 [twisted.internet.endpoints.OneShotFactory#info] Starting factory <twisted.internet.endpoints.connectProtocol.<locals>.OneShotFactory object at 0x7fdbf56336d8>
2020-04-10T12:12:00-0300 [twisted.internet.endpoints.OneShotFactory#info] Stopping factory <twisted.internet.endpoints.connectProtocol.<locals>.OneShotFactory object at 0x7fdbf3f6da20>
2020-04-10T12:12:00-0300 [twisted.internet.endpoints.OneShotFactory#info] Stopping factory <twisted.internet.endpoints.connectProtocol.<locals>.OneShotFactory object at 0x7fdbf3f6dd30>
2020-04-10T12:12:00-0300 [twisted.internet.endpoints.OneShotFactory#info] Stopping factory <twisted.internet.endpoints.connectProtocol.<locals>.OneShotFactory object at 0x7fdbf3f7a860>
2020-04-10T12:12:00-0300 [twisted.internet.endpoints.OneShotFactory#info] Stopping factory <twisted.internet.endpoints.connectProtocol.<locals>.OneShotFactory object at 0x7fdbf3f7aac8>
2020-04-10T12:12:00-0300 [twisted.internet.endpoints.OneShotFactory#info] Stopping factory <twisted.internet.endpoints.connectProtocol.<locals>.OneShotFactory object at 0x7fdbf3f7acc0>
2020-04-10T12:12:00-0300 [twisted.internet.endpoints.OneShotFactory#info] Starting factory <twisted.internet.endpoints.connectProtocol.<locals>.OneShotFactory object at 0x7fdbf5633278>
2020-04-10T12:12:00-0300 [twisted.internet.endpoints.OneShotFactory#info] Starting factory <twisted.internet.endpoints.connectProtocol.<locals>.OneShotFactory object at 0x7fdbf56339b0>
2020-04-10T12:12:00-0300 [twisted.internet.endpoints.OneShotFactory#info] Stopping factory <twisted.internet.endpoints.connectProtocol.<locals>.OneShotFactory object at 0x7fdbf3f7af28>
2020-04-10T12:12:00-0300 [twisted.internet.endpoints.OneShotFactory#info] Stopping factory <twisted.internet.endpoints.connectProtocol.<locals>.OneShotFactory object at 0x7fdbf3f80278>
2020-04-10T12:12:04-0300 [-] 127.0.0.1:59010 - sending MQTT PUBLISH REQUEST - Number of events: 33
2020-04-10T12:12:04-0300 [-] 127.0.0.1:59012 - sending MQTT PUBLISH REQUEST - Number of events: 34
2020-04-10T12:12:04-0300 [-] 127.0.0.1:59014 - sending MQTT PUBLISH REQUEST - Number of events: 35
2020-04-10T12:12:04-0300 [-] 127.0.0.1:59016 - sending MQTT PUBLISH REQUEST - Number of events: 36
2020-04-10T12:12:04-0300 [twisted.internet.endpoints.OneShotFactory#info] Starting factory <twisted.internet.endpoints.connectProtocol.<locals>.OneShotFactory object at 0x7fdbf5633f28>
2020-04-10T12:12:04-0300 [twisted.internet.endpoints.OneShotFactory#info] Starting factory <twisted.internet.endpoints.connectProtocol.<locals>.OneShotFactory object at 0x7fdbf564b048>
2020-04-10T12:12:04-0300 [-] 127.0.0.1:59018 - sending MQTT PUBLISH REQUEST - Number of events: 37
2020-04-10T12:12:04-0300 [twisted.internet.endpoints.OneShotFactory#info] Stopping factory <twisted.internet.endpoints.connectProtocol.<locals>.OneShotFactory object at 0x7fdbf3f807f0>
2020-04-10T12:12:04-0300 [twisted.internet.endpoints.OneShotFactory#info] Stopping factory <twisted.internet.endpoints.connectProtocol.<locals>.OneShotFactory object at 0x7fdbf3f809b0>
2020-04-10T12:12:04-0300 [twisted.internet.endpoints.OneShotFactory#info] Starting factory <twisted.internet.endpoints.connectProtocol.<locals>.OneShotFactory object at 0x7fdbf5633d68>
2020-04-10T12:12:04-0300 [twisted.internet.endpoints.OneShotFactory#info] Starting factory <twisted.internet.endpoints.connectProtocol.<locals>.OneShotFactory object at 0x7fdbf564b358>
2020-04-10T12:12:04-0300 [stdout#info] This divice have no simulation core instance
2020-04-10T12:12:04-0300 [stdout#info] This divice have no simulation core instance
2020-04-10T12:12:04-0300 [stdout#info] This divice have no simulation core instance
2020-04-10T12:12:04-0300 [stdout#info] This divice have no simulation core instance
2020-04-10T12:12:04-0300 [twisted.internet.endpoints.OneShotFactory#info] Starting factory <twisted.internet.endpoints.connectProtocol.<locals>.OneShotFactory object at 0x7fdbf564b710>
2020-04-10T12:12:04-0300 [twisted.internet.endpoints.OneShotFactory#info] Starting factory <twisted.internet.endpoints.connectProtocol.<locals>.OneShotFactory object at 0x7fdbf564b908>
2020-04-10T12:12:04-0300 [twisted.internet.endpoints.OneShotFactory#info] Stopping factory <twisted.internet.endpoints.connectProtocol.<locals>.OneShotFactory object at 0x7fdbf3f80ba8>
2020-04-10T12:12:04-0300 [twisted.internet.endpoints.OneShotFactory#info] Stopping factory <twisted.internet.endpoints.connectProtocol.<locals>.OneShotFactory object at 0x7fdbf3f80b38>
2020-04-10T12:12:04-0300 [twisted.internet.endpoints.OneShotFactory#info] Starting factory <twisted.internet.endpoints.connectProtocol.<locals>.OneShotFactory object at 0x7fdbf564ba90>
2020-04-10T12:12:04-0300 [stdout#info] This divice have no simulation core instance
2020-04-10T12:12:04-0300 [twisted.internet.endpoints.OneShotFactory#info] Starting factory <twisted.internet.endpoints.connectProtocol.<locals>.OneShotFactory object at 0x7fdbf564bcc0>
2020-04-10T12:12:04-0300 [twisted.internet.endpoints.OneShotFactory#info] Starting factory <twisted.internet.endpoints.connectProtocol.<locals>.OneShotFactory object at 0x7fdbf564beb8>
2020-04-10T12:12:04-0300 [twisted.internet.endpoints.OneShotFactory#info] Stopping factory <twisted.internet.endpoints.connectProtocol.<locals>.OneShotFactory object at 0x7fdbf3f80e48>
2020-04-10T12:12:04-0300 [twisted.internet.endpoints.OneShotFactory#info] Starting factory <twisted.internet.endpoints.connectProtocol.<locals>.OneShotFactory object at 0x7fdbf56552e8>
2020-04-10T12:12:09-0300 [-] 127.0.0.1:59010 - sending MQTT PUBLISH REQUEST - Number of events: 38
2020-04-10T12:12:09-0300 [-] 127.0.0.1:59012 - sending MQTT PUBLISH REQUEST - Number of events: 39
2020-04-10T12:12:09-0300 [twisted.internet.endpoints.OneShotFactory#info] Starting factory <twisted.internet.endpoints.connectProtocol.<locals>.OneShotFactory object at 0x7fdbf56555f8>
2020-04-10T12:12:09-0300 [-] 127.0.0.1:59014 - sending MQTT PUBLISH REQUEST - Number of events: 40
2020-04-10T12:12:09-0300 [twisted.internet.endpoints.OneShotFactory#info] Stopping factory <twisted.internet.endpoints.connectProtocol.<locals>.OneShotFactory object at 0x7fdbf5633f28>
2020-04-10T12:12:09-0300 [twisted.internet.endpoints.OneShotFactory#info] Starting factory <twisted.internet.endpoints.connectProtocol.<locals>.OneShotFactory object at 0x7fdbf5655668>
2020-04-10T12:12:09-0300 [stdout#info] This divice have no simulation core instance
2020-04-10T12:12:09-0300 [-] 127.0.0.1:59016 - sending MQTT PUBLISH REQUEST - Number of events: 41
2020-04-10T12:12:09-0300 [stdout#info] This divice have no simulation core instance
2020-04-10T12:12:09-0300 [twisted.internet.endpoints.OneShotFactory#info] Starting factory <twisted.internet.endpoints.connectProtocol.<locals>.OneShotFactory object at 0x7fdbf5655a58>
2020-04-10T12:12:09-0300 [twisted.internet.endpoints.OneShotFactory#info] Stopping factory <twisted.internet.endpoints.connectProtocol.<locals>.OneShotFactory object at 0x7fdbf564b048>
2020-04-10T12:12:09-0300 [twisted.internet.endpoints.OneShotFactory#info] Starting factory <twisted.internet.endpoints.connectProtocol.<locals>.OneShotFactory object at 0x7fdbf5655be0>
2020-04-10T12:12:09-0300 [-] 127.0.0.1:59018 - sending MQTT PUBLISH REQUEST - Number of events: 42
2020-04-10T12:12:09-0300 [stdout#info] This divice have no simulation core instance
2020-04-10T12:12:09-0300 [twisted.internet.endpoints.OneShotFactory#info] Starting factory <twisted.internet.endpoints.connectProtocol.<locals>.OneShotFactory object at 0x7fdbf5655e10>
2020-04-10T12:12:09-0300 [twisted.internet.endpoints.OneShotFactory#info] Stopping factory <twisted.internet.endpoints.connectProtocol.<locals>.OneShotFactory object at 0x7fdbf5633d68>
2020-04-10T12:12:09-0300 [twisted.internet.endpoints.OneShotFactory#info] Starting factory <twisted.internet.endpoints.connectProtocol.<locals>.OneShotFactory object at 0x7fdbf5655fd0>
2020-04-10T12:12:09-0300 [stdout#info] This divice have no simulation core instance
2020-04-10T12:12:09-0300 [twisted.internet.endpoints.OneShotFactory#info] Starting factory <twisted.internet.endpoints.connectProtocol.<locals>.OneShotFactory object at 0x7fdbf55ea358>
2020-04-10T12:12:09-0300 [twisted.internet.endpoints.OneShotFactory#info] Stopping factory <twisted.internet.endpoints.connectProtocol.<locals>.OneShotFactory object at 0x7fdbf564b358>
2020-04-10T12:12:09-0300 [twisted.internet.endpoints.OneShotFactory#info] Starting factory <twisted.internet.endpoints.connectProtocol.<locals>.OneShotFactory object at 0x7fdbf55ea518>
2020-04-10T12:12:09-0300 [stdout#info] This divice have no simulation core instance
2020-04-10T12:12:09-0300 [twisted.internet.endpoints.OneShotFactory#info] Starting factory <twisted.internet.endpoints.connectProtocol.<locals>.OneShotFactory object at 0x7fdbf55ea630>
2020-04-10T12:12:09-0300 [twisted.internet.endpoints.OneShotFactory#info] Stopping factory <twisted.internet.endpoints.connectProtocol.<locals>.OneShotFactory object at 0x7fdbf564ba90>
2020-04-10T12:12:09-0300 [twisted.internet.endpoints.OneShotFactory#info] Starting factory <twisted.internet.endpoints.connectProtocol.<locals>.OneShotFactory object at 0x7fdbf55eaa58>
2020-04-10T12:12:14-0300 [-] 127.0.0.1:59010 - sending MQTT PUBLISH REQUEST - Number of events: 43
2020-04-10T12:12:14-0300 [twisted.internet.endpoints.OneShotFactory#info] Starting factory <twisted.internet.endpoints.connectProtocol.<locals>.OneShotFactory object at 0x7fdbf3f6d2e8>
2020-04-10T12:12:14-0300 [twisted.internet.endpoints.OneShotFactory#info] Stopping factory <twisted.internet.endpoints.connectProtocol.<locals>.OneShotFactory object at 0x7fdbf56555f8>
2020-04-10T12:12:14-0300 [stdout#info] This divice have no simulation core instance
2020-04-10T12:12:14-0300 [twisted.internet.endpoints.OneShotFactory#info] Starting factory <twisted.internet.endpoints.connectProtocol.<locals>.OneShotFactory object at 0x7fdbf564b860>
2020-04-10T12:12:14-0300 [-] 127.0.0.1:59012 - sending MQTT PUBLISH REQUEST - Number of events: 44
2020-04-10T12:12:14-0300 [twisted.internet.endpoints.OneShotFactory#info] Starting factory <twisted.internet.endpoints.connectProtocol.<locals>.OneShotFactory object at 0x7fdbf3f80470>
2020-04-10T12:12:14-0300 [-] 127.0.0.1:59014 - sending MQTT PUBLISH REQUEST - Number of events: 45
2020-04-10T12:12:14-0300 [twisted.internet.endpoints.OneShotFactory#info] Stopping factory <twisted.internet.endpoints.connectProtocol.<locals>.OneShotFactory object at 0x7fdbf5655668>
2020-04-10T12:12:14-0300 [stdout#info] This divice have no simulation core instance
2020-04-10T12:12:14-0300 [-] 127.0.0.1:59016 - sending MQTT PUBLISH REQUEST - Number of events: 46
2020-04-10T12:12:14-0300 [twisted.internet.endpoints.OneShotFactory#info] Starting factory <twisted.internet.endpoints.connectProtocol.<locals>.OneShotFactory object at 0x7fdbf5655048>
2020-04-10T12:12:14-0300 [twisted.internet.endpoints.OneShotFactory#info] Starting factory <twisted.internet.endpoints.connectProtocol.<locals>.OneShotFactory object at 0x7fdbf55ea668>
2020-04-10T12:12:14-0300 [-] 127.0.0.1:59018 - sending MQTT PUBLISH REQUEST - Number of events: 47
2020-04-10T12:12:14-0300 [twisted.internet.endpoints.OneShotFactory#info] Stopping factory <twisted.internet.endpoints.connectProtocol.<locals>.OneShotFactory object at 0x7fdbf5655be0>
2020-04-10T12:12:14-0300 [twisted.internet.endpoints.OneShotFactory#info] Starting factory <twisted.internet.endpoints.connectProtocol.<locals>.OneShotFactory object at 0x7fdbf55ea160>
2020-04-10T12:12:14-0300 [stdout#info] This divice have no simulation core instance
2020-04-10T12:12:15-0300 [stdout#info] This divice have no simulation core instance
2020-04-10T12:12:15-0300 [twisted.internet.endpoints.OneShotFactory#info] Starting factory <twisted.internet.endpoints.connectProtocol.<locals>.OneShotFactory object at 0x7fdbf55eafd0>
2020-04-10T12:12:15-0300 [twisted.internet.endpoints.OneShotFactory#info] Stopping factory <twisted.internet.endpoints.connectProtocol.<locals>.OneShotFactory object at 0x7fdbf5655fd0>
2020-04-10T12:12:15-0300 [twisted.internet.endpoints.OneShotFactory#info] Starting factory <twisted.internet.endpoints.connectProtocol.<locals>.OneShotFactory object at 0x7fdbf56041d0>
2020-04-10T12:12:15-0300 [stdout#info] This divice have no simulation core instance
2020-04-10T12:12:15-0300 [twisted.internet.endpoints.OneShotFactory#info] Starting factory <twisted.internet.endpoints.connectProtocol.<locals>.OneShotFactory object at 0x7fdbf5604390>
2020-04-10T12:12:15-0300 [twisted.internet.endpoints.OneShotFactory#info] Stopping factory <twisted.internet.endpoints.connectProtocol.<locals>.OneShotFactory object at 0x7fdbf55ea518>
2020-04-10T12:12:15-0300 [twisted.internet.endpoints.OneShotFactory#info] Starting factory <twisted.internet.endpoints.connectProtocol.<locals>.OneShotFactory object at 0x7fdbf56046d8>
2020-04-10T12:12:20-0300 [-] 127.0.0.1:59010 - sending MQTT PUBLISH REQUEST - Number of events: 48
2020-04-10T12:12:20-0300 [-] 127.0.0.1:59012 - sending MQTT PUBLISH REQUEST - Number of events: 49
2020-04-10T12:12:20-0300 [-] 127.0.0.1:59014 - sending MQTT PUBLISH REQUEST - Number of events: 50
2020-04-10T12:12:20-0300 [-] 127.0.0.1:59016 - sending MQTT PUBLISH REQUEST - Number of events: 51
2020-04-10T12:12:20-0300 [-] 127.0.0.1:59018 - sending MQTT PUBLISH REQUEST - Number of events: 52
2020-04-10T12:12:20-0300 [twisted.internet.endpoints.OneShotFactory#info] Starting factory <twisted.internet.endpoints.connectProtocol.<locals>.OneShotFactory object at 0x7fdbf56049b0>
2020-04-10T12:12:20-0300 [twisted.internet.endpoints.OneShotFactory#info] Starting factory <twisted.internet.endpoints.connectProtocol.<locals>.OneShotFactory object at 0x7fdbf3f59128>
2020-04-10T12:12:20-0300 [twisted.internet.endpoints.OneShotFactory#info] Starting factory <twisted.internet.endpoints.connectProtocol.<locals>.OneShotFactory object at 0x7fdbf5604d30>
2020-04-10T12:12:20-0300 [twisted.internet.endpoints.OneShotFactory#info] Stopping factory <twisted.internet.endpoints.connectProtocol.<locals>.OneShotFactory object at 0x7fdbf3f6d2e8>
2020-04-10T12:12:20-0300 [twisted.internet.endpoints.OneShotFactory#info] Stopping factory <twisted.internet.endpoints.connectProtocol.<locals>.OneShotFactory object at 0x7fdbf3f80470>
2020-04-10T12:12:20-0300 [twisted.internet.endpoints.OneShotFactory#info] Stopping factory <twisted.internet.endpoints.connectProtocol.<locals>.OneShotFactory object at 0x7fdbf55ea668>
2020-04-10T12:12:20-0300 [twisted.internet.endpoints.OneShotFactory#info] Starting factory <twisted.internet.endpoints.connectProtocol.<locals>.OneShotFactory object at 0x7fdbf5604a20>
2020-04-10T12:12:20-0300 [twisted.internet.endpoints.OneShotFactory#info] Starting factory <twisted.internet.endpoints.connectProtocol.<locals>.OneShotFactory object at 0x7fdbf5604fd0>
2020-04-10T12:12:20-0300 [stdout#info] This divice have no simulation core instance
2020-04-10T12:12:20-0300 [stdout#info] This divice have no simulation core instance
2020-04-10T12:12:20-0300 [stdout#info] This divice have no simulation core instance
2020-04-10T12:12:20-0300 [stdout#info] This divice have no simulation core instance
2020-04-10T12:12:20-0300 [stdout#info] This divice have no simulation core instance
2020-04-10T12:12:20-0300 [twisted.internet.endpoints.OneShotFactory#info] Starting factory <twisted.internet.endpoints.connectProtocol.<locals>.OneShotFactory object at 0x7fdbf5618470>
2020-04-10T12:12:20-0300 [twisted.internet.endpoints.OneShotFactory#info] Starting factory <twisted.internet.endpoints.connectProtocol.<locals>.OneShotFactory object at 0x7fdbf5618668>
2020-04-10T12:12:20-0300 [twisted.internet.endpoints.OneShotFactory#info] Starting factory <twisted.internet.endpoints.connectProtocol.<locals>.OneShotFactory object at 0x7fdbf5618860>
2020-04-10T12:12:20-0300 [twisted.internet.endpoints.OneShotFactory#info] Stopping factory <twisted.internet.endpoints.connectProtocol.<locals>.OneShotFactory object at 0x7fdbf55ea160>
2020-04-10T12:12:20-0300 [twisted.internet.endpoints.OneShotFactory#info] Stopping factory <twisted.internet.endpoints.connectProtocol.<locals>.OneShotFactory object at 0x7fdbf56041d0>
2020-04-10T12:12:20-0300 [twisted.internet.endpoints.OneShotFactory#info] Starting factory <twisted.internet.endpoints.connectProtocol.<locals>.OneShotFactory object at 0x7fdbf56189e8>
2020-04-10T12:12:20-0300 [twisted.internet.endpoints.OneShotFactory#info] Starting factory <twisted.internet.endpoints.connectProtocol.<locals>.OneShotFactory object at 0x7fdbf5618be0>
