2020-06-20T10:58:23-0300 [-] Creating router ...
2020-06-20T10:58:23-0300 [-] Initializing Router - Number of events: 1
2020-06-20T10:58:24-0300 [-] RouterFactory starting on 8081
2020-06-20T10:58:24-0300 [-] Creating AccessPoint station ...
2020-06-20T10:58:24-0300 [-] Initializing Access Point - Number of events: 2
2020-06-20T10:58:24-0300 [-] There is no wifi devices in this simulation or it is not in this wifi signal coverage area.
2020-06-20T10:58:24-0300 [-] Initializing Server - Number of events: 3
2020-06-20T10:58:25-0300 [-] BrokerFactory starting on 5100
2020-06-20T10:58:25-0300 [-] Initializing Client - Number of events: 4
2020-06-20T10:58:25-0300 [-] Initializing Client - Number of events: 5
2020-06-20T10:58:26-0300 [-] Initializing Client - Number of events: 6
2020-06-20T10:58:26-0300 [-] Initializing Client - Number of events: 7
2020-06-20T10:58:27-0300 [-] Initializing Client - Number of events: 8
2020-06-20T10:58:27-0300 [-] Initializing Client - Number of events: 9
2020-06-20T10:58:28-0300 [-] Initializing Client - Number of events: 10
2020-06-20T10:58:28-0300 [-] There is no wifi devices in this simulation or it is not in this wifi signal coverage area.
2020-06-20T10:58:28-0300 [stdout#info] This divice have no simulation core instance
2020-06-20T10:58:28-0300 [stdout#info] This divice have no simulation core instance
2020-06-20T10:58:28-0300 [stdout#info] This divice have no simulation core instance
2020-06-20T10:58:28-0300 [stdout#info] This divice have no simulation core instance
2020-06-20T10:58:28-0300 [stdout#info] This divice have no simulation core instance
2020-06-20T10:58:28-0300 [stdout#info] This divice have no simulation core instance
2020-06-20T10:58:28-0300 [stdout#info] This divice have no simulation core instance
2020-06-20T10:58:28-0300 [stdout#info] This divice have no simulation core instance
2020-06-20T10:58:28-0300 [stdout#info] This divice have no simulation core instance
2020-06-20T10:58:28-0300 [Uninitialized] 127.0.0.1:40406 - Connected to mqtt broker - Number of events: 11
2020-06-20T10:58:28-0300 [Uninitialized] 127.0.0.1:40406 - sending MQTT SUBSCRIBE REQUEST - Number of events: 12
2020-06-20T10:58:28-0300 [Uninitialized] 127.0.0.1:40408 - Connected to mqtt broker - Number of events: 13
2020-06-20T10:58:28-0300 [Uninitialized] 127.0.0.1:40408 - sending MQTT SUBSCRIBE REQUEST - Number of events: 14
2020-06-20T10:58:28-0300 [Uninitialized] 127.0.0.1:40410 - Connected to mqtt broker - Number of events: 15
2020-06-20T10:58:28-0300 [Uninitialized] 127.0.0.1:40410 - sending MQTT PUBLISH REQUEST - Number of events: 16
2020-06-20T10:58:28-0300 [Uninitialized] 127.0.0.1:40412 - Connected to mqtt broker - Number of events: 17
2020-06-20T10:58:28-0300 [Uninitialized] 127.0.0.1:40412 - sending MQTT PUBLISH REQUEST - Number of events: 18
2020-06-20T10:58:28-0300 [Uninitialized] 127.0.0.1:40414 - Connected to mqtt broker - Number of events: 19
2020-06-20T10:58:28-0300 [Uninitialized] 127.0.0.1:40414 - sending MQTT PUBLISH REQUEST - Number of events: 20
2020-06-20T10:58:28-0300 [Uninitialized] 127.0.0.1:40416 - Connected to mqtt broker - Number of events: 21
2020-06-20T10:58:28-0300 [Uninitialized] 127.0.0.1:40416 - sending MQTT PUBLISH REQUEST - Number of events: 22
2020-06-20T10:58:28-0300 [Uninitialized] 127.0.0.1:40418 - Connected to mqtt broker - Number of events: 23
2020-06-20T10:58:28-0300 [Uninitialized] 127.0.0.1:40418 - sending MQTT PUBLISH REQUEST - Number of events: 24
2020-06-20T10:58:29-0300 [twisted.internet.endpoints.OneShotFactory#info] Starting factory <twisted.internet.endpoints.connectProtocol.<locals>.OneShotFactory object at 0x7f40cb53af28>
2020-06-20T10:58:29-0300 [twisted.internet.endpoints.OneShotFactory#info] Starting factory <twisted.internet.endpoints.connectProtocol.<locals>.OneShotFactory object at 0x7f40cb54c160>
2020-06-20T10:58:29-0300 [twisted.internet.endpoints.OneShotFactory#info] Starting factory <twisted.internet.endpoints.connectProtocol.<locals>.OneShotFactory object at 0x7f40cb54c358>
2020-06-20T10:58:29-0300 [twisted.internet.endpoints.OneShotFactory#info] Starting factory <twisted.internet.endpoints.connectProtocol.<locals>.OneShotFactory object at 0x7f40cb54c550>
2020-06-20T10:58:29-0300 [twisted.internet.endpoints.OneShotFactory#info] Starting factory <twisted.internet.endpoints.connectProtocol.<locals>.OneShotFactory object at 0x7f40cb54c748>
2020-06-20T10:58:29-0300 [twisted.internet.endpoints.OneShotFactory#info] Starting factory <twisted.internet.endpoints.connectProtocol.<locals>.OneShotFactory object at 0x7f40d2a0a0f0>
2020-06-20T10:58:29-0300 [twisted.internet.endpoints.OneShotFactory#info] Starting factory <twisted.internet.endpoints.connectProtocol.<locals>.OneShotFactory object at 0x7f40cb54ca20>
2020-06-20T10:58:29-0300 [-] There is no wifi devices in this simulation or it is not in this wifi signal coverage area.
2020-06-20T10:58:29-0300 [stdout#info] b'{"destiny_addr": "127.0.0.1", "destiny_port": 56618, "source_addr": "127.0.0.1", "source_port": 5100, "type": "http", "payload": "MQTT_ACK"}\n'
2020-06-20T10:58:29-0300 [SubscriberApp,client] Unhandled Error
	Traceback (most recent call last):
	  File "/home/rafael/iotfogsim/vm/lib/python3.6/site-packages/twisted/python/log.py", line 103, in callWithLogger
	    return callWithContext({"system": lp}, func, *args, **kw)
	  File "/home/rafael/iotfogsim/vm/lib/python3.6/site-packages/twisted/python/log.py", line 86, in callWithContext
	    return context.call({ILogContext: newCtx}, func, *args, **kw)
	  File "/home/rafael/iotfogsim/vm/lib/python3.6/site-packages/twisted/python/context.py", line 122, in callWithContext
	    return self.currentContext().callWithContext(ctx, func, *args, **kw)
	  File "/home/rafael/iotfogsim/vm/lib/python3.6/site-packages/twisted/python/context.py", line 85, in callWithContext
	    return func(*args,**kw)
	--- <exception caught here> ---
	  File "/home/rafael/iotfogsim/vm/lib/python3.6/site-packages/twisted/internet/posixbase.py", line 614, in _doReadOrWrite
	    why = selectable.doRead()
	  File "/home/rafael/iotfogsim/vm/lib/python3.6/site-packages/twisted/internet/tcp.py", line 243, in doRead
	    return self._dataReceived(data)
	  File "/home/rafael/iotfogsim/vm/lib/python3.6/site-packages/twisted/internet/tcp.py", line 249, in _dataReceived
	    rval = self.protocol.dataReceived(data)
	  File "/home/rafael/iotfogsim/vm/lib/python3.6/site-packages/twisted/internet/endpoints.py", line 132, in dataReceived
	    return self._wrappedProtocol.dataReceived(data)
	  File "/home/rafael/iotfogsim/scinetsim/applications/mqttapp.py", line 134, in dataReceived
	    self.put_package_in_buffer(data)
	  File "/home/rafael/iotfogsim/scinetsim/applications/applicationcomponent.py", line 103, in put_package_in_buffer
	    if not package == b"\n" and not package == b"\n\n":
	builtins.NameError: name 'package' is not defined
	
2020-06-20T10:58:29-0300 [SubscriberApp,client] connection lost: name 'package' is not defined
2020-06-20T10:58:29-0300 [SubscriberApp,client] connection lost - Number of events: 25
2020-06-20T10:58:29-0300 [stdout#info] b'{"destiny_addr": "127.0.0.1", "destiny_port": 56620, "source_addr": "127.0.0.1", "source_port": 5100, "type": "http", "payload": "MQTT_ACK"}\n'
2020-06-20T10:58:29-0300 [SubscriberApp,client] Unhandled Error
	Traceback (most recent call last):
	  File "/home/rafael/iotfogsim/vm/lib/python3.6/site-packages/twisted/python/log.py", line 103, in callWithLogger
	    return callWithContext({"system": lp}, func, *args, **kw)
	  File "/home/rafael/iotfogsim/vm/lib/python3.6/site-packages/twisted/python/log.py", line 86, in callWithContext
	    return context.call({ILogContext: newCtx}, func, *args, **kw)
	  File "/home/rafael/iotfogsim/vm/lib/python3.6/site-packages/twisted/python/context.py", line 122, in callWithContext
	    return self.currentContext().callWithContext(ctx, func, *args, **kw)
	  File "/home/rafael/iotfogsim/vm/lib/python3.6/site-packages/twisted/python/context.py", line 85, in callWithContext
	    return func(*args,**kw)
	--- <exception caught here> ---
	  File "/home/rafael/iotfogsim/vm/lib/python3.6/site-packages/twisted/internet/posixbase.py", line 614, in _doReadOrWrite
	    why = selectable.doRead()
	  File "/home/rafael/iotfogsim/vm/lib/python3.6/site-packages/twisted/internet/tcp.py", line 243, in doRead
	    return self._dataReceived(data)
	  File "/home/rafael/iotfogsim/vm/lib/python3.6/site-packages/twisted/internet/tcp.py", line 249, in _dataReceived
	    rval = self.protocol.dataReceived(data)
	  File "/home/rafael/iotfogsim/vm/lib/python3.6/site-packages/twisted/internet/endpoints.py", line 132, in dataReceived
	    return self._wrappedProtocol.dataReceived(data)
	  File "/home/rafael/iotfogsim/scinetsim/applications/mqttapp.py", line 134, in dataReceived
	    self.put_package_in_buffer(data)
	  File "/home/rafael/iotfogsim/scinetsim/applications/applicationcomponent.py", line 103, in put_package_in_buffer
	    if not package == b"\n" and not package == b"\n\n":
	builtins.NameError: name 'package' is not defined
	
2020-06-20T10:58:29-0300 [SubscriberApp,client] connection lost: name 'package' is not defined
2020-06-20T10:58:29-0300 [SubscriberApp,client] connection lost - Number of events: 26
2020-06-20T10:58:29-0300 [PublisherApp,client] Unhandled Error
	Traceback (most recent call last):
	  File "/home/rafael/iotfogsim/vm/lib/python3.6/site-packages/twisted/python/log.py", line 103, in callWithLogger
	    return callWithContext({"system": lp}, func, *args, **kw)
	  File "/home/rafael/iotfogsim/vm/lib/python3.6/site-packages/twisted/python/log.py", line 86, in callWithContext
	    return context.call({ILogContext: newCtx}, func, *args, **kw)
	  File "/home/rafael/iotfogsim/vm/lib/python3.6/site-packages/twisted/python/context.py", line 122, in callWithContext
	    return self.currentContext().callWithContext(ctx, func, *args, **kw)
	  File "/home/rafael/iotfogsim/vm/lib/python3.6/site-packages/twisted/python/context.py", line 85, in callWithContext
	    return func(*args,**kw)
	--- <exception caught here> ---
	  File "/home/rafael/iotfogsim/vm/lib/python3.6/site-packages/twisted/internet/posixbase.py", line 614, in _doReadOrWrite
	    why = selectable.doRead()
	  File "/home/rafael/iotfogsim/vm/lib/python3.6/site-packages/twisted/internet/tcp.py", line 243, in doRead
	    return self._dataReceived(data)
	  File "/home/rafael/iotfogsim/vm/lib/python3.6/site-packages/twisted/internet/tcp.py", line 249, in _dataReceived
	    rval = self.protocol.dataReceived(data)
	  File "/home/rafael/iotfogsim/vm/lib/python3.6/site-packages/twisted/internet/endpoints.py", line 132, in dataReceived
	    return self._wrappedProtocol.dataReceived(data)
	  File "/home/rafael/iotfogsim/scinetsim/applications/mqttapp.py", line 72, in dataReceived
	    self.put_package_in_buffer(data)
	  File "/home/rafael/iotfogsim/scinetsim/applications/applicationcomponent.py", line 103, in put_package_in_buffer
	    if not package == b"\n" and not package == b"\n\n":
	builtins.NameError: name 'package' is not defined
	
2020-06-20T10:58:29-0300 [PublisherApp,client] connection lost: name 'package' is not defined
2020-06-20T10:58:29-0300 [PublisherApp,client] connection lost - Number of events: 27
2020-06-20T10:58:29-0300 [PublisherApp,client] Unhandled Error
	Traceback (most recent call last):
	  File "/home/rafael/iotfogsim/vm/lib/python3.6/site-packages/twisted/python/log.py", line 103, in callWithLogger
	    return callWithContext({"system": lp}, func, *args, **kw)
	  File "/home/rafael/iotfogsim/vm/lib/python3.6/site-packages/twisted/python/log.py", line 86, in callWithContext
	    return context.call({ILogContext: newCtx}, func, *args, **kw)
	  File "/home/rafael/iotfogsim/vm/lib/python3.6/site-packages/twisted/python/context.py", line 122, in callWithContext
	    return self.currentContext().callWithContext(ctx, func, *args, **kw)
	  File "/home/rafael/iotfogsim/vm/lib/python3.6/site-packages/twisted/python/context.py", line 85, in callWithContext
	    return func(*args,**kw)
	--- <exception caught here> ---
	  File "/home/rafael/iotfogsim/vm/lib/python3.6/site-packages/twisted/internet/posixbase.py", line 614, in _doReadOrWrite
	    why = selectable.doRead()
	  File "/home/rafael/iotfogsim/vm/lib/python3.6/site-packages/twisted/internet/tcp.py", line 243, in doRead
	    return self._dataReceived(data)
	  File "/home/rafael/iotfogsim/vm/lib/python3.6/site-packages/twisted/internet/tcp.py", line 249, in _dataReceived
	    rval = self.protocol.dataReceived(data)
	  File "/home/rafael/iotfogsim/vm/lib/python3.6/site-packages/twisted/internet/endpoints.py", line 132, in dataReceived
	    return self._wrappedProtocol.dataReceived(data)
	  File "/home/rafael/iotfogsim/scinetsim/applications/mqttapp.py", line 72, in dataReceived
	    self.put_package_in_buffer(data)
	  File "/home/rafael/iotfogsim/scinetsim/applications/applicationcomponent.py", line 103, in put_package_in_buffer
	    if not package == b"\n" and not package == b"\n\n":
	builtins.NameError: name 'package' is not defined
	
2020-06-20T10:58:29-0300 [PublisherApp,client] connection lost: name 'package' is not defined
2020-06-20T10:58:29-0300 [PublisherApp,client] connection lost - Number of events: 28
2020-06-20T10:58:29-0300 [PublisherApp,client] Unhandled Error
	Traceback (most recent call last):
	  File "/home/rafael/iotfogsim/vm/lib/python3.6/site-packages/twisted/python/log.py", line 103, in callWithLogger
	    return callWithContext({"system": lp}, func, *args, **kw)
	  File "/home/rafael/iotfogsim/vm/lib/python3.6/site-packages/twisted/python/log.py", line 86, in callWithContext
	    return context.call({ILogContext: newCtx}, func, *args, **kw)
	  File "/home/rafael/iotfogsim/vm/lib/python3.6/site-packages/twisted/python/context.py", line 122, in callWithContext
	    return self.currentContext().callWithContext(ctx, func, *args, **kw)
	  File "/home/rafael/iotfogsim/vm/lib/python3.6/site-packages/twisted/python/context.py", line 85, in callWithContext
	    return func(*args,**kw)
	--- <exception caught here> ---
	  File "/home/rafael/iotfogsim/vm/lib/python3.6/site-packages/twisted/internet/posixbase.py", line 614, in _doReadOrWrite
	    why = selectable.doRead()
	  File "/home/rafael/iotfogsim/vm/lib/python3.6/site-packages/twisted/internet/tcp.py", line 243, in doRead
	    return self._dataReceived(data)
	  File "/home/rafael/iotfogsim/vm/lib/python3.6/site-packages/twisted/internet/tcp.py", line 249, in _dataReceived
	    rval = self.protocol.dataReceived(data)
	  File "/home/rafael/iotfogsim/vm/lib/python3.6/site-packages/twisted/internet/endpoints.py", line 132, in dataReceived
	    return self._wrappedProtocol.dataReceived(data)
	  File "/home/rafael/iotfogsim/scinetsim/applications/mqttapp.py", line 72, in dataReceived
	    self.put_package_in_buffer(data)
	  File "/home/rafael/iotfogsim/scinetsim/applications/applicationcomponent.py", line 103, in put_package_in_buffer
	    if not package == b"\n" and not package == b"\n\n":
	builtins.NameError: name 'package' is not defined
	
2020-06-20T10:58:29-0300 [PublisherApp,client] connection lost: name 'package' is not defined
2020-06-20T10:58:29-0300 [PublisherApp,client] connection lost - Number of events: 29
2020-06-20T10:58:29-0300 [PublisherApp,client] Unhandled Error
	Traceback (most recent call last):
	  File "/home/rafael/iotfogsim/vm/lib/python3.6/site-packages/twisted/python/log.py", line 103, in callWithLogger
	    return callWithContext({"system": lp}, func, *args, **kw)
	  File "/home/rafael/iotfogsim/vm/lib/python3.6/site-packages/twisted/python/log.py", line 86, in callWithContext
	    return context.call({ILogContext: newCtx}, func, *args, **kw)
	  File "/home/rafael/iotfogsim/vm/lib/python3.6/site-packages/twisted/python/context.py", line 122, in callWithContext
	    return self.currentContext().callWithContext(ctx, func, *args, **kw)
	  File "/home/rafael/iotfogsim/vm/lib/python3.6/site-packages/twisted/python/context.py", line 85, in callWithContext
	    return func(*args,**kw)
	--- <exception caught here> ---
	  File "/home/rafael/iotfogsim/vm/lib/python3.6/site-packages/twisted/internet/posixbase.py", line 614, in _doReadOrWrite
	    why = selectable.doRead()
	  File "/home/rafael/iotfogsim/vm/lib/python3.6/site-packages/twisted/internet/tcp.py", line 243, in doRead
	    return self._dataReceived(data)
	  File "/home/rafael/iotfogsim/vm/lib/python3.6/site-packages/twisted/internet/tcp.py", line 249, in _dataReceived
	    rval = self.protocol.dataReceived(data)
	  File "/home/rafael/iotfogsim/vm/lib/python3.6/site-packages/twisted/internet/endpoints.py", line 132, in dataReceived
	    return self._wrappedProtocol.dataReceived(data)
	  File "/home/rafael/iotfogsim/scinetsim/applications/mqttapp.py", line 72, in dataReceived
	    self.put_package_in_buffer(data)
	  File "/home/rafael/iotfogsim/scinetsim/applications/applicationcomponent.py", line 103, in put_package_in_buffer
	    if not package == b"\n" and not package == b"\n\n":
	builtins.NameError: name 'package' is not defined
	
2020-06-20T10:58:29-0300 [PublisherApp,client] connection lost: name 'package' is not defined
2020-06-20T10:58:29-0300 [PublisherApp,client] connection lost - Number of events: 30
2020-06-20T10:58:29-0300 [PublisherApp,client] Unhandled Error
	Traceback (most recent call last):
	  File "/home/rafael/iotfogsim/vm/lib/python3.6/site-packages/twisted/python/log.py", line 103, in callWithLogger
	    return callWithContext({"system": lp}, func, *args, **kw)
	  File "/home/rafael/iotfogsim/vm/lib/python3.6/site-packages/twisted/python/log.py", line 86, in callWithContext
	    return context.call({ILogContext: newCtx}, func, *args, **kw)
	  File "/home/rafael/iotfogsim/vm/lib/python3.6/site-packages/twisted/python/context.py", line 122, in callWithContext
	    return self.currentContext().callWithContext(ctx, func, *args, **kw)
	  File "/home/rafael/iotfogsim/vm/lib/python3.6/site-packages/twisted/python/context.py", line 85, in callWithContext
	    return func(*args,**kw)
	--- <exception caught here> ---
	  File "/home/rafael/iotfogsim/vm/lib/python3.6/site-packages/twisted/internet/posixbase.py", line 614, in _doReadOrWrite
	    why = selectable.doRead()
	  File "/home/rafael/iotfogsim/vm/lib/python3.6/site-packages/twisted/internet/tcp.py", line 243, in doRead
	    return self._dataReceived(data)
	  File "/home/rafael/iotfogsim/vm/lib/python3.6/site-packages/twisted/internet/tcp.py", line 249, in _dataReceived
	    rval = self.protocol.dataReceived(data)
	  File "/home/rafael/iotfogsim/vm/lib/python3.6/site-packages/twisted/internet/endpoints.py", line 132, in dataReceived
	    return self._wrappedProtocol.dataReceived(data)
	  File "/home/rafael/iotfogsim/scinetsim/applications/mqttapp.py", line 72, in dataReceived
	    self.put_package_in_buffer(data)
	  File "/home/rafael/iotfogsim/scinetsim/applications/applicationcomponent.py", line 103, in put_package_in_buffer
	    if not package == b"\n" and not package == b"\n\n":
	builtins.NameError: name 'package' is not defined
	
2020-06-20T10:58:29-0300 [PublisherApp,client] connection lost: name 'package' is not defined
2020-06-20T10:58:29-0300 [PublisherApp,client] connection lost - Number of events: 31
2020-06-20T10:58:29-0300 [-] There is no wifi devices in this simulation or it is not in this wifi signal coverage area.
2020-06-20T10:58:29-0300 [-] There is no wifi devices in this simulation or it is not in this wifi signal coverage area.
2020-06-20T10:58:29-0300 [-] There is no wifi devices in this simulation or it is not in this wifi signal coverage area.
2020-06-20T10:58:29-0300 [-] There is no wifi devices in this simulation or it is not in this wifi signal coverage area.
2020-06-20T10:58:29-0300 [-] There is no wifi devices in this simulation or it is not in this wifi signal coverage area.
2020-06-20T10:58:29-0300 [-] There is no wifi devices in this simulation or it is not in this wifi signal coverage area.
2020-06-20T10:58:30-0300 [-] There is no wifi devices in this simulation or it is not in this wifi signal coverage area.
2020-06-20T10:58:30-0300 [-] There is no wifi devices in this simulation or it is not in this wifi signal coverage area.
2020-06-20T10:58:30-0300 [-] There is no wifi devices in this simulation or it is not in this wifi signal coverage area.
2020-06-20T10:58:30-0300 [-] There is no wifi devices in this simulation or it is not in this wifi signal coverage area.
2020-06-20T10:58:30-0300 [-] There is no wifi devices in this simulation or it is not in this wifi signal coverage area.
2020-06-20T10:58:30-0300 [-] There is no wifi devices in this simulation or it is not in this wifi signal coverage area.
2020-06-20T10:58:30-0300 [-] There is no wifi devices in this simulation or it is not in this wifi signal coverage area.
2020-06-20T10:58:30-0300 [-] There is no wifi devices in this simulation or it is not in this wifi signal coverage area.
2020-06-20T10:58:31-0300 [-] There is no wifi devices in this simulation or it is not in this wifi signal coverage area.
2020-06-20T10:58:31-0300 [-] There is no wifi devices in this simulation or it is not in this wifi signal coverage area.
2020-06-20T10:58:31-0300 [-] There is no wifi devices in this simulation or it is not in this wifi signal coverage area.
2020-06-20T10:58:31-0300 [-] There is no wifi devices in this simulation or it is not in this wifi signal coverage area.
2020-06-20T10:58:31-0300 [-] There is no wifi devices in this simulation or it is not in this wifi signal coverage area.
2020-06-20T10:58:31-0300 [-] There is no wifi devices in this simulation or it is not in this wifi signal coverage area.
2020-06-20T10:58:31-0300 [-] There is no wifi devices in this simulation or it is not in this wifi signal coverage area.
2020-06-20T10:58:31-0300 [-] There is no wifi devices in this simulation or it is not in this wifi signal coverage area.
2020-06-20T10:58:32-0300 [-] There is no wifi devices in this simulation or it is not in this wifi signal coverage area.
2020-06-20T10:58:32-0300 [-] There is no wifi devices in this simulation or it is not in this wifi signal coverage area.
2020-06-20T10:58:32-0300 [-] There is no wifi devices in this simulation or it is not in this wifi signal coverage area.
2020-06-20T10:58:32-0300 [-] There is no wifi devices in this simulation or it is not in this wifi signal coverage area.
2020-06-20T10:58:32-0300 [-] There is no wifi devices in this simulation or it is not in this wifi signal coverage area.
2020-06-20T10:58:32-0300 [-] There is no wifi devices in this simulation or it is not in this wifi signal coverage area.
2020-06-20T10:58:32-0300 [-] There is no wifi devices in this simulation or it is not in this wifi signal coverage area.
2020-06-20T10:58:33-0300 [-] There is no wifi devices in this simulation or it is not in this wifi signal coverage area.
2020-06-20T10:58:33-0300 [-] There is no wifi devices in this simulation or it is not in this wifi signal coverage area.
2020-06-20T10:58:33-0300 [-] There is no wifi devices in this simulation or it is not in this wifi signal coverage area.
2020-06-20T10:58:33-0300 [-] There is no wifi devices in this simulation or it is not in this wifi signal coverage area.
2020-06-20T10:58:33-0300 [-] There is no wifi devices in this simulation or it is not in this wifi signal coverage area.
2020-06-20T10:58:33-0300 [-] There is no wifi devices in this simulation or it is not in this wifi signal coverage area.
2020-06-20T10:58:33-0300 [-] There is no wifi devices in this simulation or it is not in this wifi signal coverage area.
2020-06-20T10:58:33-0300 [-] 127.0.0.1:40410 - sending MQTT PUBLISH REQUEST - Number of events: 32
2020-06-20T10:58:33-0300 [-] 127.0.0.1:40412 - sending MQTT PUBLISH REQUEST - Number of events: 33
2020-06-20T10:58:33-0300 [-] 127.0.0.1:40414 - sending MQTT PUBLISH REQUEST - Number of events: 34
2020-06-20T10:58:33-0300 [-] 127.0.0.1:40416 - sending MQTT PUBLISH REQUEST - Number of events: 35
2020-06-20T10:58:33-0300 [-] 127.0.0.1:40418 - sending MQTT PUBLISH REQUEST - Number of events: 36
2020-06-20T10:58:33-0300 [-] There is no wifi devices in this simulation or it is not in this wifi signal coverage area.
2020-06-20T10:58:34-0300 [-] There is no wifi devices in this simulation or it is not in this wifi signal coverage area.
2020-06-20T10:58:34-0300 [-] There is no wifi devices in this simulation or it is not in this wifi signal coverage area.
2020-06-20T10:58:34-0300 [-] There is no wifi devices in this simulation or it is not in this wifi signal coverage area.
2020-06-20T10:58:34-0300 [-] There is no wifi devices in this simulation or it is not in this wifi signal coverage area.
2020-06-20T10:58:34-0300 [-] There is no wifi devices in this simulation or it is not in this wifi signal coverage area.
2020-06-20T10:58:34-0300 [-] There is no wifi devices in this simulation or it is not in this wifi signal coverage area.
2020-06-20T10:58:34-0300 [-] There is no wifi devices in this simulation or it is not in this wifi signal coverage area.
2020-06-20T10:58:34-0300 [-] There is no wifi devices in this simulation or it is not in this wifi signal coverage area.
2020-06-20T10:58:35-0300 [-] There is no wifi devices in this simulation or it is not in this wifi signal coverage area.
2020-06-20T10:58:35-0300 [-] There is no wifi devices in this simulation or it is not in this wifi signal coverage area.
2020-06-20T10:58:35-0300 [-] There is no wifi devices in this simulation or it is not in this wifi signal coverage area.
2020-06-20T10:58:35-0300 [-] There is no wifi devices in this simulation or it is not in this wifi signal coverage area.
2020-06-20T10:58:35-0300 [-] There is no wifi devices in this simulation or it is not in this wifi signal coverage area.
2020-06-20T10:58:35-0300 [-] There is no wifi devices in this simulation or it is not in this wifi signal coverage area.
2020-06-20T10:58:35-0300 [-] There is no wifi devices in this simulation or it is not in this wifi signal coverage area.
2020-06-20T10:58:35-0300 [-] There is no wifi devices in this simulation or it is not in this wifi signal coverage area.
2020-06-20T10:58:36-0300 [-] There is no wifi devices in this simulation or it is not in this wifi signal coverage area.
2020-06-20T10:58:36-0300 [-] There is no wifi devices in this simulation or it is not in this wifi signal coverage area.
2020-06-20T10:58:36-0300 [-] There is no wifi devices in this simulation or it is not in this wifi signal coverage area.
2020-06-20T10:58:36-0300 [-] There is no wifi devices in this simulation or it is not in this wifi signal coverage area.
2020-06-20T10:58:36-0300 [-] There is no wifi devices in this simulation or it is not in this wifi signal coverage area.
2020-06-20T10:58:36-0300 [-] There is no wifi devices in this simulation or it is not in this wifi signal coverage area.
2020-06-20T10:58:36-0300 [-] There is no wifi devices in this simulation or it is not in this wifi signal coverage area.
2020-06-20T10:58:37-0300 [-] There is no wifi devices in this simulation or it is not in this wifi signal coverage area.
2020-06-20T10:58:37-0300 [-] There is no wifi devices in this simulation or it is not in this wifi signal coverage area.
2020-06-20T10:58:37-0300 [-] There is no wifi devices in this simulation or it is not in this wifi signal coverage area.
2020-06-20T10:58:37-0300 [-] There is no wifi devices in this simulation or it is not in this wifi signal coverage area.
2020-06-20T10:58:37-0300 [-] There is no wifi devices in this simulation or it is not in this wifi signal coverage area.
2020-06-20T10:58:37-0300 [-] There is no wifi devices in this simulation or it is not in this wifi signal coverage area.
2020-06-20T10:58:37-0300 [-] There is no wifi devices in this simulation or it is not in this wifi signal coverage area.
2020-06-20T10:58:38-0300 [-] There is no wifi devices in this simulation or it is not in this wifi signal coverage area.
2020-06-20T10:58:38-0300 [-] There is no wifi devices in this simulation or it is not in this wifi signal coverage area.
2020-06-20T10:58:38-0300 [-] There is no wifi devices in this simulation or it is not in this wifi signal coverage area.
2020-06-20T10:58:38-0300 [-] There is no wifi devices in this simulation or it is not in this wifi signal coverage area.
2020-06-20T10:58:38-0300 [-] There is no wifi devices in this simulation or it is not in this wifi signal coverage area.
2020-06-20T10:58:38-0300 [-] There is no wifi devices in this simulation or it is not in this wifi signal coverage area.
2020-06-20T10:58:38-0300 [-] There is no wifi devices in this simulation or it is not in this wifi signal coverage area.
2020-06-20T10:58:38-0300 [-] 127.0.0.1:40410 - sending MQTT PUBLISH REQUEST - Number of events: 37
2020-06-20T10:58:38-0300 [-] 127.0.0.1:40412 - sending MQTT PUBLISH REQUEST - Number of events: 38
2020-06-20T10:58:38-0300 [-] 127.0.0.1:40414 - sending MQTT PUBLISH REQUEST - Number of events: 39
2020-06-20T10:58:38-0300 [-] 127.0.0.1:40416 - sending MQTT PUBLISH REQUEST - Number of events: 40
2020-06-20T10:58:38-0300 [-] 127.0.0.1:40418 - sending MQTT PUBLISH REQUEST - Number of events: 41
2020-06-20T10:58:38-0300 [-] There is no wifi devices in this simulation or it is not in this wifi signal coverage area.
2020-06-20T10:58:39-0300 [-] There is no wifi devices in this simulation or it is not in this wifi signal coverage area.
2020-06-20T10:58:39-0300 [-] There is no wifi devices in this simulation or it is not in this wifi signal coverage area.
2020-06-20T10:58:39-0300 [-] There is no wifi devices in this simulation or it is not in this wifi signal coverage area.
2020-06-20T10:58:39-0300 [-] There is no wifi devices in this simulation or it is not in this wifi signal coverage area.
2020-06-20T10:58:39-0300 [-] There is no wifi devices in this simulation or it is not in this wifi signal coverage area.
2020-06-20T10:58:39-0300 [-] There is no wifi devices in this simulation or it is not in this wifi signal coverage area.
2020-06-20T10:58:39-0300 [-] There is no wifi devices in this simulation or it is not in this wifi signal coverage area.
2020-06-20T10:58:40-0300 [-] There is no wifi devices in this simulation or it is not in this wifi signal coverage area.
2020-06-20T10:58:40-0300 [-] There is no wifi devices in this simulation or it is not in this wifi signal coverage area.
2020-06-20T10:58:40-0300 [-] There is no wifi devices in this simulation or it is not in this wifi signal coverage area.
2020-06-20T10:58:40-0300 [-] There is no wifi devices in this simulation or it is not in this wifi signal coverage area.
2020-06-20T10:58:40-0300 [-] There is no wifi devices in this simulation or it is not in this wifi signal coverage area.
2020-06-20T10:58:40-0300 [-] There is no wifi devices in this simulation or it is not in this wifi signal coverage area.
2020-06-20T10:58:40-0300 [-] There is no wifi devices in this simulation or it is not in this wifi signal coverage area.
2020-06-20T10:58:40-0300 [-] There is no wifi devices in this simulation or it is not in this wifi signal coverage area.
2020-06-20T10:58:41-0300 [-] There is no wifi devices in this simulation or it is not in this wifi signal coverage area.
2020-06-20T10:58:41-0300 [-] There is no wifi devices in this simulation or it is not in this wifi signal coverage area.
2020-06-20T10:58:41-0300 [-] There is no wifi devices in this simulation or it is not in this wifi signal coverage area.
2020-06-20T10:58:41-0300 [-] There is no wifi devices in this simulation or it is not in this wifi signal coverage area.
2020-06-20T10:58:41-0300 [-] There is no wifi devices in this simulation or it is not in this wifi signal coverage area.
2020-06-20T10:58:41-0300 [-] There is no wifi devices in this simulation or it is not in this wifi signal coverage area.
2020-06-20T10:58:41-0300 [-] There is no wifi devices in this simulation or it is not in this wifi signal coverage area.
2020-06-20T10:58:41-0300 [-] There is no wifi devices in this simulation or it is not in this wifi signal coverage area.
2020-06-20T10:58:42-0300 [-] There is no wifi devices in this simulation or it is not in this wifi signal coverage area.
2020-06-20T10:58:42-0300 [-] There is no wifi devices in this simulation or it is not in this wifi signal coverage area.
2020-06-20T10:58:42-0300 [-] There is no wifi devices in this simulation or it is not in this wifi signal coverage area.
2020-06-20T10:58:42-0300 [-] There is no wifi devices in this simulation or it is not in this wifi signal coverage area.
2020-06-20T10:58:42-0300 [-] There is no wifi devices in this simulation or it is not in this wifi signal coverage area.
2020-06-20T10:58:42-0300 [-] There is no wifi devices in this simulation or it is not in this wifi signal coverage area.
2020-06-20T10:58:42-0300 [-] There is no wifi devices in this simulation or it is not in this wifi signal coverage area.
2020-06-20T10:58:43-0300 [-] There is no wifi devices in this simulation or it is not in this wifi signal coverage area.
2020-06-20T10:58:43-0300 [-] There is no wifi devices in this simulation or it is not in this wifi signal coverage area.
2020-06-20T10:58:43-0300 [-] There is no wifi devices in this simulation or it is not in this wifi signal coverage area.
2020-06-20T10:58:43-0300 [-] There is no wifi devices in this simulation or it is not in this wifi signal coverage area.
2020-06-20T10:58:43-0300 [-] There is no wifi devices in this simulation or it is not in this wifi signal coverage area.
2020-06-20T10:58:43-0300 [-] There is no wifi devices in this simulation or it is not in this wifi signal coverage area.
2020-06-20T10:58:43-0300 [-] There is no wifi devices in this simulation or it is not in this wifi signal coverage area.
2020-06-20T10:58:43-0300 [-] There is no wifi devices in this simulation or it is not in this wifi signal coverage area.
2020-06-20T10:58:43-0300 [-] 127.0.0.1:40410 - sending MQTT PUBLISH REQUEST - Number of events: 42
2020-06-20T10:58:43-0300 [-] 127.0.0.1:40412 - sending MQTT PUBLISH REQUEST - Number of events: 43
2020-06-20T10:58:43-0300 [-] 127.0.0.1:40414 - sending MQTT PUBLISH REQUEST - Number of events: 44
2020-06-20T10:58:43-0300 [-] 127.0.0.1:40416 - sending MQTT PUBLISH REQUEST - Number of events: 45
2020-06-20T10:58:43-0300 [-] 127.0.0.1:40418 - sending MQTT PUBLISH REQUEST - Number of events: 46
2020-06-20T10:58:43-0300 [-] There is no wifi devices in this simulation or it is not in this wifi signal coverage area.
2020-06-20T10:58:44-0300 [-] There is no wifi devices in this simulation or it is not in this wifi signal coverage area.
2020-06-20T10:58:44-0300 [-] There is no wifi devices in this simulation or it is not in this wifi signal coverage area.
2020-06-20T10:58:44-0300 [-] There is no wifi devices in this simulation or it is not in this wifi signal coverage area.
2020-06-20T10:58:44-0300 [-] There is no wifi devices in this simulation or it is not in this wifi signal coverage area.
2020-06-20T10:58:44-0300 [-] There is no wifi devices in this simulation or it is not in this wifi signal coverage area.
2020-06-20T10:58:44-0300 [-] There is no wifi devices in this simulation or it is not in this wifi signal coverage area.
2020-06-20T10:58:44-0300 [-] There is no wifi devices in this simulation or it is not in this wifi signal coverage area.
2020-06-20T10:58:45-0300 [-] There is no wifi devices in this simulation or it is not in this wifi signal coverage area.
2020-06-20T10:58:45-0300 [-] There is no wifi devices in this simulation or it is not in this wifi signal coverage area.
2020-06-20T10:58:45-0300 [-] There is no wifi devices in this simulation or it is not in this wifi signal coverage area.
2020-06-20T10:58:45-0300 [-] There is no wifi devices in this simulation or it is not in this wifi signal coverage area.
2020-06-20T10:58:45-0300 [-] There is no wifi devices in this simulation or it is not in this wifi signal coverage area.
2020-06-20T10:58:45-0300 [-] There is no wifi devices in this simulation or it is not in this wifi signal coverage area.
2020-06-20T10:58:45-0300 [-] There is no wifi devices in this simulation or it is not in this wifi signal coverage area.
2020-06-20T10:58:45-0300 [-] There is no wifi devices in this simulation or it is not in this wifi signal coverage area.
2020-06-20T10:58:46-0300 [-] There is no wifi devices in this simulation or it is not in this wifi signal coverage area.
2020-06-20T10:58:46-0300 [-] There is no wifi devices in this simulation or it is not in this wifi signal coverage area.
2020-06-20T10:58:46-0300 [-] There is no wifi devices in this simulation or it is not in this wifi signal coverage area.
2020-06-20T10:58:46-0300 [-] There is no wifi devices in this simulation or it is not in this wifi signal coverage area.
2020-06-20T10:58:46-0300 [-] There is no wifi devices in this simulation or it is not in this wifi signal coverage area.
2020-06-20T10:58:46-0300 [-] There is no wifi devices in this simulation or it is not in this wifi signal coverage area.
2020-06-20T10:58:46-0300 [-] There is no wifi devices in this simulation or it is not in this wifi signal coverage area.
2020-06-20T10:58:47-0300 [-] There is no wifi devices in this simulation or it is not in this wifi signal coverage area.
2020-06-20T10:58:47-0300 [-] There is no wifi devices in this simulation or it is not in this wifi signal coverage area.
2020-06-20T10:58:47-0300 [-] There is no wifi devices in this simulation or it is not in this wifi signal coverage area.
2020-06-20T10:58:47-0300 [-] There is no wifi devices in this simulation or it is not in this wifi signal coverage area.
2020-06-20T10:58:47-0300 [-] There is no wifi devices in this simulation or it is not in this wifi signal coverage area.
2020-06-20T10:58:47-0300 [-] There is no wifi devices in this simulation or it is not in this wifi signal coverage area.
2020-06-20T10:58:47-0300 [-] There is no wifi devices in this simulation or it is not in this wifi signal coverage area.
2020-06-20T10:58:47-0300 [-] There is no wifi devices in this simulation or it is not in this wifi signal coverage area.
2020-06-20T10:58:48-0300 [-] There is no wifi devices in this simulation or it is not in this wifi signal coverage area.
2020-06-20T10:58:48-0300 [-] There is no wifi devices in this simulation or it is not in this wifi signal coverage area.
2020-06-20T10:58:48-0300 [-] There is no wifi devices in this simulation or it is not in this wifi signal coverage area.
2020-06-20T10:58:48-0300 [-] There is no wifi devices in this simulation or it is not in this wifi signal coverage area.
2020-06-20T10:58:48-0300 [-] There is no wifi devices in this simulation or it is not in this wifi signal coverage area.
2020-06-20T10:58:48-0300 [-] There is no wifi devices in this simulation or it is not in this wifi signal coverage area.
2020-06-20T10:58:48-0300 [-] There is no wifi devices in this simulation or it is not in this wifi signal coverage area.
2020-06-20T10:58:48-0300 [-] 127.0.0.1:40410 - sending MQTT PUBLISH REQUEST - Number of events: 47
2020-06-20T10:58:48-0300 [-] 127.0.0.1:40412 - sending MQTT PUBLISH REQUEST - Number of events: 48
2020-06-20T10:58:48-0300 [-] 127.0.0.1:40414 - sending MQTT PUBLISH REQUEST - Number of events: 49
2020-06-20T10:58:48-0300 [-] 127.0.0.1:40416 - sending MQTT PUBLISH REQUEST - Number of events: 50
2020-06-20T10:58:48-0300 [-] 127.0.0.1:40418 - sending MQTT PUBLISH REQUEST - Number of events: 51
2020-06-20T10:58:49-0300 [-] There is no wifi devices in this simulation or it is not in this wifi signal coverage area.
2020-06-20T10:58:49-0300 [-] There is no wifi devices in this simulation or it is not in this wifi signal coverage area.
2020-06-20T10:58:49-0300 [-] There is no wifi devices in this simulation or it is not in this wifi signal coverage area.
2020-06-20T10:58:49-0300 [-] There is no wifi devices in this simulation or it is not in this wifi signal coverage area.
2020-06-20T10:58:49-0300 [-] There is no wifi devices in this simulation or it is not in this wifi signal coverage area.
2020-06-20T10:58:49-0300 [-] There is no wifi devices in this simulation or it is not in this wifi signal coverage area.
2020-06-20T10:58:49-0300 [-] There is no wifi devices in this simulation or it is not in this wifi signal coverage area.
2020-06-20T10:58:49-0300 [-] There is no wifi devices in this simulation or it is not in this wifi signal coverage area.
2020-06-20T10:58:50-0300 [-] There is no wifi devices in this simulation or it is not in this wifi signal coverage area.
2020-06-20T10:58:50-0300 [-] There is no wifi devices in this simulation or it is not in this wifi signal coverage area.
2020-06-20T10:58:50-0300 [-] There is no wifi devices in this simulation or it is not in this wifi signal coverage area.
2020-06-20T10:58:50-0300 [-] There is no wifi devices in this simulation or it is not in this wifi signal coverage area.
2020-06-20T10:58:50-0300 [-] There is no wifi devices in this simulation or it is not in this wifi signal coverage area.
2020-06-20T10:58:50-0300 [-] There is no wifi devices in this simulation or it is not in this wifi signal coverage area.
2020-06-20T10:58:50-0300 [-] There is no wifi devices in this simulation or it is not in this wifi signal coverage area.
2020-06-20T10:58:50-0300 [-] There is no wifi devices in this simulation or it is not in this wifi signal coverage area.
2020-06-20T10:58:51-0300 [-] There is no wifi devices in this simulation or it is not in this wifi signal coverage area.
2020-06-20T10:58:51-0300 [-] There is no wifi devices in this simulation or it is not in this wifi signal coverage area.
2020-06-20T10:58:51-0300 [-] There is no wifi devices in this simulation or it is not in this wifi signal coverage area.
2020-06-20T10:58:51-0300 [-] There is no wifi devices in this simulation or it is not in this wifi signal coverage area.
2020-06-20T10:58:51-0300 [-] There is no wifi devices in this simulation or it is not in this wifi signal coverage area.
2020-06-20T10:58:51-0300 [-] There is no wifi devices in this simulation or it is not in this wifi signal coverage area.
2020-06-20T10:58:51-0300 [-] There is no wifi devices in this simulation or it is not in this wifi signal coverage area.
2020-06-20T10:58:51-0300 [-] There is no wifi devices in this simulation or it is not in this wifi signal coverage area.
2020-06-20T10:58:52-0300 [-] There is no wifi devices in this simulation or it is not in this wifi signal coverage area.
2020-06-20T10:58:52-0300 [-] There is no wifi devices in this simulation or it is not in this wifi signal coverage area.
2020-06-20T10:58:52-0300 [-] There is no wifi devices in this simulation or it is not in this wifi signal coverage area.
2020-06-20T10:58:52-0300 [-] There is no wifi devices in this simulation or it is not in this wifi signal coverage area.
2020-06-20T10:58:52-0300 [-] There is no wifi devices in this simulation or it is not in this wifi signal coverage area.
2020-06-20T10:58:52-0300 [-] There is no wifi devices in this simulation or it is not in this wifi signal coverage area.
2020-06-20T10:58:52-0300 [-] There is no wifi devices in this simulation or it is not in this wifi signal coverage area.
2020-06-20T10:58:52-0300 [-] There is no wifi devices in this simulation or it is not in this wifi signal coverage area.
2020-06-20T10:58:53-0300 [-] There is no wifi devices in this simulation or it is not in this wifi signal coverage area.
2020-06-20T10:58:53-0300 [-] There is no wifi devices in this simulation or it is not in this wifi signal coverage area.
2020-06-20T10:58:53-0300 [-] There is no wifi devices in this simulation or it is not in this wifi signal coverage area.
2020-06-20T10:58:53-0300 [-] There is no wifi devices in this simulation or it is not in this wifi signal coverage area.
2020-06-20T10:58:53-0300 [-] There is no wifi devices in this simulation or it is not in this wifi signal coverage area.
2020-06-20T10:58:53-0300 [-] There is no wifi devices in this simulation or it is not in this wifi signal coverage area.
2020-06-20T10:58:53-0300 [-] There is no wifi devices in this simulation or it is not in this wifi signal coverage area.
2020-06-20T10:58:53-0300 [-] 127.0.0.1:40410 - sending MQTT PUBLISH REQUEST - Number of events: 52
2020-06-20T10:58:53-0300 [-] 127.0.0.1:40412 - sending MQTT PUBLISH REQUEST - Number of events: 53
2020-06-20T10:58:53-0300 [-] 127.0.0.1:40414 - sending MQTT PUBLISH REQUEST - Number of events: 54
2020-06-20T10:58:53-0300 [-] 127.0.0.1:40416 - sending MQTT PUBLISH REQUEST - Number of events: 55
2020-06-20T10:58:53-0300 [-] 127.0.0.1:40418 - sending MQTT PUBLISH REQUEST - Number of events: 56
2020-06-20T10:58:54-0300 [-] There is no wifi devices in this simulation or it is not in this wifi signal coverage area.
2020-06-20T10:58:54-0300 [-] There is no wifi devices in this simulation or it is not in this wifi signal coverage area.
2020-06-20T10:58:54-0300 [-] There is no wifi devices in this simulation or it is not in this wifi signal coverage area.
2020-06-20T10:58:54-0300 [-] There is no wifi devices in this simulation or it is not in this wifi signal coverage area.
2020-06-20T10:58:54-0300 [-] There is no wifi devices in this simulation or it is not in this wifi signal coverage area.
2020-06-20T10:58:54-0300 [-] There is no wifi devices in this simulation or it is not in this wifi signal coverage area.
2020-06-20T10:58:54-0300 [-] There is no wifi devices in this simulation or it is not in this wifi signal coverage area.
2020-06-20T10:58:54-0300 [-] There is no wifi devices in this simulation or it is not in this wifi signal coverage area.
2020-06-20T10:58:55-0300 [-] There is no wifi devices in this simulation or it is not in this wifi signal coverage area.
2020-06-20T10:58:55-0300 [-] There is no wifi devices in this simulation or it is not in this wifi signal coverage area.
2020-06-20T10:58:55-0300 [-] There is no wifi devices in this simulation or it is not in this wifi signal coverage area.
2020-06-20T10:58:55-0300 [-] There is no wifi devices in this simulation or it is not in this wifi signal coverage area.
2020-06-20T10:58:55-0300 [-] There is no wifi devices in this simulation or it is not in this wifi signal coverage area.
2020-06-20T10:58:55-0300 [-] There is no wifi devices in this simulation or it is not in this wifi signal coverage area.
2020-06-20T10:58:55-0300 [-] There is no wifi devices in this simulation or it is not in this wifi signal coverage area.
2020-06-20T10:58:55-0300 [-] There is no wifi devices in this simulation or it is not in this wifi signal coverage area.
2020-06-20T10:58:56-0300 [-] There is no wifi devices in this simulation or it is not in this wifi signal coverage area.
2020-06-20T10:58:56-0300 [-] There is no wifi devices in this simulation or it is not in this wifi signal coverage area.
2020-06-20T10:58:56-0300 [-] There is no wifi devices in this simulation or it is not in this wifi signal coverage area.
2020-06-20T10:58:56-0300 [-] There is no wifi devices in this simulation or it is not in this wifi signal coverage area.
2020-06-20T10:58:56-0300 [-] There is no wifi devices in this simulation or it is not in this wifi signal coverage area.
2020-06-20T10:58:56-0300 [-] There is no wifi devices in this simulation or it is not in this wifi signal coverage area.
2020-06-20T10:58:56-0300 [-] There is no wifi devices in this simulation or it is not in this wifi signal coverage area.
2020-06-20T10:58:56-0300 [-] There is no wifi devices in this simulation or it is not in this wifi signal coverage area.
2020-06-20T10:58:57-0300 [-] There is no wifi devices in this simulation or it is not in this wifi signal coverage area.
2020-06-20T10:58:57-0300 [-] There is no wifi devices in this simulation or it is not in this wifi signal coverage area.
2020-06-20T10:58:57-0300 [-] There is no wifi devices in this simulation or it is not in this wifi signal coverage area.
2020-06-20T10:58:57-0300 [-] There is no wifi devices in this simulation or it is not in this wifi signal coverage area.
2020-06-20T10:58:57-0300 [-] There is no wifi devices in this simulation or it is not in this wifi signal coverage area.
2020-06-20T10:58:57-0300 [-] There is no wifi devices in this simulation or it is not in this wifi signal coverage area.
2020-06-20T10:58:57-0300 [-] There is no wifi devices in this simulation or it is not in this wifi signal coverage area.
2020-06-20T10:58:58-0300 [-] There is no wifi devices in this simulation or it is not in this wifi signal coverage area.
2020-06-20T10:58:58-0300 [-] There is no wifi devices in this simulation or it is not in this wifi signal coverage area.
2020-06-20T10:58:58-0300 [-] There is no wifi devices in this simulation or it is not in this wifi signal coverage area.
2020-06-20T10:58:58-0300 [-] There is no wifi devices in this simulation or it is not in this wifi signal coverage area.
2020-06-20T10:58:58-0300 [-] There is no wifi devices in this simulation or it is not in this wifi signal coverage area.
2020-06-20T10:58:58-0300 [-] There is no wifi devices in this simulation or it is not in this wifi signal coverage area.
2020-06-20T10:58:58-0300 [-] There is no wifi devices in this simulation or it is not in this wifi signal coverage area.
2020-06-20T10:58:58-0300 [-] 127.0.0.1:40410 - sending MQTT PUBLISH REQUEST - Number of events: 57
2020-06-20T10:58:58-0300 [-] 127.0.0.1:40412 - sending MQTT PUBLISH REQUEST - Number of events: 58
2020-06-20T10:58:58-0300 [-] 127.0.0.1:40414 - sending MQTT PUBLISH REQUEST - Number of events: 59
2020-06-20T10:58:58-0300 [-] 127.0.0.1:40416 - sending MQTT PUBLISH REQUEST - Number of events: 60
2020-06-20T10:58:58-0300 [-] 127.0.0.1:40418 - sending MQTT PUBLISH REQUEST - Number of events: 61
2020-06-20T10:58:59-0300 [-] There is no wifi devices in this simulation or it is not in this wifi signal coverage area.
2020-06-20T10:58:59-0300 [-] There is no wifi devices in this simulation or it is not in this wifi signal coverage area.
2020-06-20T10:58:59-0300 [-] There is no wifi devices in this simulation or it is not in this wifi signal coverage area.
2020-06-20T10:58:59-0300 [-] There is no wifi devices in this simulation or it is not in this wifi signal coverage area.
2020-06-20T10:58:59-0300 [-] There is no wifi devices in this simulation or it is not in this wifi signal coverage area.
2020-06-20T10:58:59-0300 [-] There is no wifi devices in this simulation or it is not in this wifi signal coverage area.
2020-06-20T10:58:59-0300 [-] There is no wifi devices in this simulation or it is not in this wifi signal coverage area.
2020-06-20T10:58:59-0300 [-] There is no wifi devices in this simulation or it is not in this wifi signal coverage area.
2020-06-20T10:59:00-0300 [-] There is no wifi devices in this simulation or it is not in this wifi signal coverage area.
2020-06-20T10:59:00-0300 [-] There is no wifi devices in this simulation or it is not in this wifi signal coverage area.
2020-06-20T10:59:00-0300 [-] There is no wifi devices in this simulation or it is not in this wifi signal coverage area.
2020-06-20T10:59:00-0300 [-] There is no wifi devices in this simulation or it is not in this wifi signal coverage area.
2020-06-20T10:59:00-0300 [-] There is no wifi devices in this simulation or it is not in this wifi signal coverage area.
2020-06-20T10:59:00-0300 [-] There is no wifi devices in this simulation or it is not in this wifi signal coverage area.
2020-06-20T10:59:00-0300 [-] There is no wifi devices in this simulation or it is not in this wifi signal coverage area.
2020-06-20T10:59:00-0300 [-] There is no wifi devices in this simulation or it is not in this wifi signal coverage area.
2020-06-20T10:59:01-0300 [-] There is no wifi devices in this simulation or it is not in this wifi signal coverage area.
2020-06-20T10:59:01-0300 [-] There is no wifi devices in this simulation or it is not in this wifi signal coverage area.
2020-06-20T10:59:01-0300 [-] There is no wifi devices in this simulation or it is not in this wifi signal coverage area.
2020-06-20T10:59:01-0300 [-] There is no wifi devices in this simulation or it is not in this wifi signal coverage area.
2020-06-20T10:59:01-0300 [-] There is no wifi devices in this simulation or it is not in this wifi signal coverage area.
2020-06-20T10:59:01-0300 [-] There is no wifi devices in this simulation or it is not in this wifi signal coverage area.
2020-06-20T10:59:01-0300 [-] There is no wifi devices in this simulation or it is not in this wifi signal coverage area.
2020-06-20T10:59:01-0300 [-] There is no wifi devices in this simulation or it is not in this wifi signal coverage area.
2020-06-20T10:59:02-0300 [-] There is no wifi devices in this simulation or it is not in this wifi signal coverage area.
2020-06-20T10:59:02-0300 [-] There is no wifi devices in this simulation or it is not in this wifi signal coverage area.
2020-06-20T10:59:02-0300 [-] There is no wifi devices in this simulation or it is not in this wifi signal coverage area.
2020-06-20T10:59:02-0300 [-] There is no wifi devices in this simulation or it is not in this wifi signal coverage area.
2020-06-20T10:59:02-0300 [-] There is no wifi devices in this simulation or it is not in this wifi signal coverage area.
2020-06-20T10:59:02-0300 [-] There is no wifi devices in this simulation or it is not in this wifi signal coverage area.
2020-06-20T10:59:02-0300 [-] There is no wifi devices in this simulation or it is not in this wifi signal coverage area.
2020-06-20T10:59:02-0300 [-] There is no wifi devices in this simulation or it is not in this wifi signal coverage area.
2020-06-20T10:59:03-0300 [-] There is no wifi devices in this simulation or it is not in this wifi signal coverage area.
2020-06-20T10:59:03-0300 [-] There is no wifi devices in this simulation or it is not in this wifi signal coverage area.
2020-06-20T10:59:03-0300 [-] There is no wifi devices in this simulation or it is not in this wifi signal coverage area.
2020-06-20T10:59:03-0300 [-] There is no wifi devices in this simulation or it is not in this wifi signal coverage area.
2020-06-20T10:59:03-0300 [-] There is no wifi devices in this simulation or it is not in this wifi signal coverage area.
2020-06-20T10:59:03-0300 [-] There is no wifi devices in this simulation or it is not in this wifi signal coverage area.
2020-06-20T10:59:03-0300 [-] There is no wifi devices in this simulation or it is not in this wifi signal coverage area.
2020-06-20T10:59:03-0300 [-] 127.0.0.1:40410 - sending MQTT PUBLISH REQUEST - Number of events: 62
2020-06-20T10:59:03-0300 [-] 127.0.0.1:40412 - sending MQTT PUBLISH REQUEST - Number of events: 63
2020-06-20T10:59:03-0300 [-] 127.0.0.1:40414 - sending MQTT PUBLISH REQUEST - Number of events: 64
2020-06-20T10:59:03-0300 [-] 127.0.0.1:40416 - sending MQTT PUBLISH REQUEST - Number of events: 65
2020-06-20T10:59:03-0300 [-] 127.0.0.1:40418 - sending MQTT PUBLISH REQUEST - Number of events: 66
2020-06-20T10:59:04-0300 [-] There is no wifi devices in this simulation or it is not in this wifi signal coverage area.
2020-06-20T10:59:04-0300 [-] There is no wifi devices in this simulation or it is not in this wifi signal coverage area.
2020-06-20T10:59:04-0300 [-] There is no wifi devices in this simulation or it is not in this wifi signal coverage area.
2020-06-20T10:59:04-0300 [-] There is no wifi devices in this simulation or it is not in this wifi signal coverage area.
2020-06-20T10:59:04-0300 [-] There is no wifi devices in this simulation or it is not in this wifi signal coverage area.
2020-06-20T10:59:04-0300 [-] There is no wifi devices in this simulation or it is not in this wifi signal coverage area.
2020-06-20T10:59:04-0300 [-] There is no wifi devices in this simulation or it is not in this wifi signal coverage area.
2020-06-20T10:59:04-0300 [-] There is no wifi devices in this simulation or it is not in this wifi signal coverage area.
2020-06-20T10:59:05-0300 [-] There is no wifi devices in this simulation or it is not in this wifi signal coverage area.
2020-06-20T10:59:05-0300 [-] There is no wifi devices in this simulation or it is not in this wifi signal coverage area.
2020-06-20T10:59:05-0300 [-] There is no wifi devices in this simulation or it is not in this wifi signal coverage area.
2020-06-20T10:59:05-0300 [-] There is no wifi devices in this simulation or it is not in this wifi signal coverage area.
2020-06-20T10:59:05-0300 [-] There is no wifi devices in this simulation or it is not in this wifi signal coverage area.
2020-06-20T10:59:05-0300 [-] There is no wifi devices in this simulation or it is not in this wifi signal coverage area.
2020-06-20T10:59:05-0300 [-] There is no wifi devices in this simulation or it is not in this wifi signal coverage area.
2020-06-20T10:59:06-0300 [-] There is no wifi devices in this simulation or it is not in this wifi signal coverage area.
2020-06-20T10:59:06-0300 [-] There is no wifi devices in this simulation or it is not in this wifi signal coverage area.
2020-06-20T10:59:06-0300 [-] There is no wifi devices in this simulation or it is not in this wifi signal coverage area.
2020-06-20T10:59:06-0300 [-] There is no wifi devices in this simulation or it is not in this wifi signal coverage area.
2020-06-20T10:59:06-0300 [-] There is no wifi devices in this simulation or it is not in this wifi signal coverage area.
2020-06-20T10:59:06-0300 [-] There is no wifi devices in this simulation or it is not in this wifi signal coverage area.
2020-06-20T10:59:06-0300 [-] There is no wifi devices in this simulation or it is not in this wifi signal coverage area.
2020-06-20T10:59:06-0300 [-] There is no wifi devices in this simulation or it is not in this wifi signal coverage area.
2020-06-20T10:59:07-0300 [-] There is no wifi devices in this simulation or it is not in this wifi signal coverage area.
2020-06-20T10:59:07-0300 [-] There is no wifi devices in this simulation or it is not in this wifi signal coverage area.
2020-06-20T10:59:07-0300 [-] There is no wifi devices in this simulation or it is not in this wifi signal coverage area.
2020-06-20T10:59:07-0300 [-] There is no wifi devices in this simulation or it is not in this wifi signal coverage area.
2020-06-20T10:59:07-0300 [-] There is no wifi devices in this simulation or it is not in this wifi signal coverage area.
2020-06-20T10:59:07-0300 [-] There is no wifi devices in this simulation or it is not in this wifi signal coverage area.
2020-06-20T10:59:07-0300 [-] There is no wifi devices in this simulation or it is not in this wifi signal coverage area.
2020-06-20T10:59:07-0300 [-] There is no wifi devices in this simulation or it is not in this wifi signal coverage area.
2020-06-20T10:59:08-0300 [-] There is no wifi devices in this simulation or it is not in this wifi signal coverage area.
2020-06-20T10:59:08-0300 [-] There is no wifi devices in this simulation or it is not in this wifi signal coverage area.
2020-06-20T10:59:08-0300 [-] There is no wifi devices in this simulation or it is not in this wifi signal coverage area.
2020-06-20T10:59:08-0300 [-] There is no wifi devices in this simulation or it is not in this wifi signal coverage area.
2020-06-20T10:59:08-0300 [-] There is no wifi devices in this simulation or it is not in this wifi signal coverage area.
2020-06-20T10:59:08-0300 [-] There is no wifi devices in this simulation or it is not in this wifi signal coverage area.
2020-06-20T10:59:08-0300 [-] There is no wifi devices in this simulation or it is not in this wifi signal coverage area.
2020-06-20T10:59:08-0300 [-] 127.0.0.1:40410 - sending MQTT PUBLISH REQUEST - Number of events: 67
2020-06-20T10:59:08-0300 [-] 127.0.0.1:40412 - sending MQTT PUBLISH REQUEST - Number of events: 68
2020-06-20T10:59:08-0300 [-] 127.0.0.1:40414 - sending MQTT PUBLISH REQUEST - Number of events: 69
2020-06-20T10:59:08-0300 [-] 127.0.0.1:40416 - sending MQTT PUBLISH REQUEST - Number of events: 70
2020-06-20T10:59:08-0300 [-] 127.0.0.1:40418 - sending MQTT PUBLISH REQUEST - Number of events: 71
2020-06-20T10:59:09-0300 [-] There is no wifi devices in this simulation or it is not in this wifi signal coverage area.
2020-06-20T10:59:09-0300 [-] There is no wifi devices in this simulation or it is not in this wifi signal coverage area.
2020-06-20T10:59:09-0300 [-] There is no wifi devices in this simulation or it is not in this wifi signal coverage area.
2020-06-20T10:59:09-0300 [-] There is no wifi devices in this simulation or it is not in this wifi signal coverage area.
2020-06-20T10:59:09-0300 [-] There is no wifi devices in this simulation or it is not in this wifi signal coverage area.
2020-06-20T10:59:09-0300 [-] There is no wifi devices in this simulation or it is not in this wifi signal coverage area.
2020-06-20T10:59:09-0300 [-] There is no wifi devices in this simulation or it is not in this wifi signal coverage area.
2020-06-20T10:59:09-0300 [-] There is no wifi devices in this simulation or it is not in this wifi signal coverage area.
2020-06-20T10:59:10-0300 [-] There is no wifi devices in this simulation or it is not in this wifi signal coverage area.
2020-06-20T10:59:10-0300 [-] There is no wifi devices in this simulation or it is not in this wifi signal coverage area.
2020-06-20T10:59:10-0300 [-] There is no wifi devices in this simulation or it is not in this wifi signal coverage area.
2020-06-20T10:59:10-0300 [-] There is no wifi devices in this simulation or it is not in this wifi signal coverage area.
2020-06-20T10:59:10-0300 [-] There is no wifi devices in this simulation or it is not in this wifi signal coverage area.
2020-06-20T10:59:10-0300 [-] There is no wifi devices in this simulation or it is not in this wifi signal coverage area.
2020-06-20T10:59:10-0300 [-] There is no wifi devices in this simulation or it is not in this wifi signal coverage area.
2020-06-20T10:59:11-0300 [-] There is no wifi devices in this simulation or it is not in this wifi signal coverage area.
2020-06-20T10:59:11-0300 [-] There is no wifi devices in this simulation or it is not in this wifi signal coverage area.
2020-06-20T10:59:11-0300 [-] There is no wifi devices in this simulation or it is not in this wifi signal coverage area.
2020-06-20T10:59:11-0300 [-] There is no wifi devices in this simulation or it is not in this wifi signal coverage area.
2020-06-20T10:59:11-0300 [-] There is no wifi devices in this simulation or it is not in this wifi signal coverage area.
2020-06-20T10:59:11-0300 [-] There is no wifi devices in this simulation or it is not in this wifi signal coverage area.
2020-06-20T10:59:11-0300 [-] There is no wifi devices in this simulation or it is not in this wifi signal coverage area.
2020-06-20T10:59:11-0300 [-] There is no wifi devices in this simulation or it is not in this wifi signal coverage area.
2020-06-20T10:59:12-0300 [-] There is no wifi devices in this simulation or it is not in this wifi signal coverage area.
2020-06-20T10:59:12-0300 [-] There is no wifi devices in this simulation or it is not in this wifi signal coverage area.
2020-06-20T10:59:12-0300 [-] There is no wifi devices in this simulation or it is not in this wifi signal coverage area.
2020-06-20T10:59:12-0300 [-] There is no wifi devices in this simulation or it is not in this wifi signal coverage area.
2020-06-20T10:59:12-0300 [-] There is no wifi devices in this simulation or it is not in this wifi signal coverage area.
2020-06-20T10:59:12-0300 [-] There is no wifi devices in this simulation or it is not in this wifi signal coverage area.
2020-06-20T10:59:12-0300 [-] There is no wifi devices in this simulation or it is not in this wifi signal coverage area.
2020-06-20T10:59:12-0300 [-] There is no wifi devices in this simulation or it is not in this wifi signal coverage area.
2020-06-20T10:59:13-0300 [-] There is no wifi devices in this simulation or it is not in this wifi signal coverage area.
2020-06-20T10:59:13-0300 [-] There is no wifi devices in this simulation or it is not in this wifi signal coverage area.
2020-06-20T10:59:13-0300 [-] There is no wifi devices in this simulation or it is not in this wifi signal coverage area.
2020-06-20T10:59:13-0300 [-] There is no wifi devices in this simulation or it is not in this wifi signal coverage area.
2020-06-20T10:59:13-0300 [-] There is no wifi devices in this simulation or it is not in this wifi signal coverage area.
2020-06-20T10:59:13-0300 [-] There is no wifi devices in this simulation or it is not in this wifi signal coverage area.
2020-06-20T10:59:13-0300 [-] There is no wifi devices in this simulation or it is not in this wifi signal coverage area.
2020-06-20T10:59:13-0300 [-] There is no wifi devices in this simulation or it is not in this wifi signal coverage area.
2020-06-20T10:59:13-0300 [-] 127.0.0.1:40410 - sending MQTT PUBLISH REQUEST - Number of events: 72
2020-06-20T10:59:13-0300 [-] 127.0.0.1:40412 - sending MQTT PUBLISH REQUEST - Number of events: 73
2020-06-20T10:59:13-0300 [-] 127.0.0.1:40414 - sending MQTT PUBLISH REQUEST - Number of events: 74
2020-06-20T10:59:13-0300 [-] 127.0.0.1:40416 - sending MQTT PUBLISH REQUEST - Number of events: 75
2020-06-20T10:59:13-0300 [-] 127.0.0.1:40418 - sending MQTT PUBLISH REQUEST - Number of events: 76
2020-06-20T10:59:14-0300 [-] There is no wifi devices in this simulation or it is not in this wifi signal coverage area.
2020-06-20T10:59:14-0300 [-] There is no wifi devices in this simulation or it is not in this wifi signal coverage area.
2020-06-20T10:59:14-0300 [-] There is no wifi devices in this simulation or it is not in this wifi signal coverage area.
2020-06-20T10:59:14-0300 [-] There is no wifi devices in this simulation or it is not in this wifi signal coverage area.
2020-06-20T10:59:14-0300 [-] There is no wifi devices in this simulation or it is not in this wifi signal coverage area.
2020-06-20T10:59:14-0300 [-] There is no wifi devices in this simulation or it is not in this wifi signal coverage area.
2020-06-20T10:59:14-0300 [-] There is no wifi devices in this simulation or it is not in this wifi signal coverage area.
2020-06-20T10:59:15-0300 [-] There is no wifi devices in this simulation or it is not in this wifi signal coverage area.
2020-06-20T10:59:15-0300 [-] There is no wifi devices in this simulation or it is not in this wifi signal coverage area.
2020-06-20T10:59:15-0300 [-] There is no wifi devices in this simulation or it is not in this wifi signal coverage area.
2020-06-20T10:59:15-0300 [-] There is no wifi devices in this simulation or it is not in this wifi signal coverage area.
2020-06-20T10:59:15-0300 [-] There is no wifi devices in this simulation or it is not in this wifi signal coverage area.
2020-06-20T10:59:15-0300 [-] There is no wifi devices in this simulation or it is not in this wifi signal coverage area.
2020-06-20T10:59:15-0300 [-] There is no wifi devices in this simulation or it is not in this wifi signal coverage area.
2020-06-20T10:59:16-0300 [-] There is no wifi devices in this simulation or it is not in this wifi signal coverage area.
2020-06-20T10:59:16-0300 [-] There is no wifi devices in this simulation or it is not in this wifi signal coverage area.
2020-06-20T10:59:16-0300 [-] There is no wifi devices in this simulation or it is not in this wifi signal coverage area.
2020-06-20T10:59:16-0300 [-] There is no wifi devices in this simulation or it is not in this wifi signal coverage area.
2020-06-20T10:59:16-0300 [-] There is no wifi devices in this simulation or it is not in this wifi signal coverage area.
2020-06-20T10:59:16-0300 [-] There is no wifi devices in this simulation or it is not in this wifi signal coverage area.
2020-06-20T10:59:16-0300 [-] There is no wifi devices in this simulation or it is not in this wifi signal coverage area.
2020-06-20T10:59:16-0300 [-] There is no wifi devices in this simulation or it is not in this wifi signal coverage area.
2020-06-20T10:59:17-0300 [-] There is no wifi devices in this simulation or it is not in this wifi signal coverage area.
2020-06-20T10:59:17-0300 [-] There is no wifi devices in this simulation or it is not in this wifi signal coverage area.
2020-06-20T10:59:17-0300 [-] There is no wifi devices in this simulation or it is not in this wifi signal coverage area.
2020-06-20T10:59:17-0300 [-] There is no wifi devices in this simulation or it is not in this wifi signal coverage area.
2020-06-20T10:59:17-0300 [-] There is no wifi devices in this simulation or it is not in this wifi signal coverage area.
2020-06-20T10:59:17-0300 [-] There is no wifi devices in this simulation or it is not in this wifi signal coverage area.
2020-06-20T10:59:17-0300 [-] There is no wifi devices in this simulation or it is not in this wifi signal coverage area.
2020-06-20T10:59:18-0300 [-] There is no wifi devices in this simulation or it is not in this wifi signal coverage area.
2020-06-20T10:59:18-0300 [-] There is no wifi devices in this simulation or it is not in this wifi signal coverage area.
2020-06-20T10:59:18-0300 [-] There is no wifi devices in this simulation or it is not in this wifi signal coverage area.
2020-06-20T10:59:18-0300 [-] There is no wifi devices in this simulation or it is not in this wifi signal coverage area.
2020-06-20T10:59:18-0300 [-] There is no wifi devices in this simulation or it is not in this wifi signal coverage area.
2020-06-20T10:59:18-0300 [-] There is no wifi devices in this simulation or it is not in this wifi signal coverage area.
2020-06-20T10:59:18-0300 [-] There is no wifi devices in this simulation or it is not in this wifi signal coverage area.
2020-06-20T10:59:18-0300 [-] There is no wifi devices in this simulation or it is not in this wifi signal coverage area.
2020-06-20T10:59:18-0300 [-] 127.0.0.1:40410 - sending MQTT PUBLISH REQUEST - Number of events: 77
2020-06-20T10:59:18-0300 [-] 127.0.0.1:40412 - sending MQTT PUBLISH REQUEST - Number of events: 78
2020-06-20T10:59:18-0300 [-] 127.0.0.1:40414 - sending MQTT PUBLISH REQUEST - Number of events: 79
2020-06-20T10:59:18-0300 [-] 127.0.0.1:40416 - sending MQTT PUBLISH REQUEST - Number of events: 80
2020-06-20T10:59:18-0300 [-] 127.0.0.1:40418 - sending MQTT PUBLISH REQUEST - Number of events: 81
2020-06-20T10:59:19-0300 [-] There is no wifi devices in this simulation or it is not in this wifi signal coverage area.
2020-06-20T10:59:19-0300 [-] There is no wifi devices in this simulation or it is not in this wifi signal coverage area.
2020-06-20T10:59:19-0300 [-] There is no wifi devices in this simulation or it is not in this wifi signal coverage area.
2020-06-20T10:59:19-0300 [-] There is no wifi devices in this simulation or it is not in this wifi signal coverage area.
2020-06-20T10:59:19-0300 [-] There is no wifi devices in this simulation or it is not in this wifi signal coverage area.
2020-06-20T10:59:19-0300 [-] There is no wifi devices in this simulation or it is not in this wifi signal coverage area.
2020-06-20T10:59:19-0300 [-] There is no wifi devices in this simulation or it is not in this wifi signal coverage area.
2020-06-20T10:59:19-0300 [-] There is no wifi devices in this simulation or it is not in this wifi signal coverage area.
2020-06-20T10:59:20-0300 [-] There is no wifi devices in this simulation or it is not in this wifi signal coverage area.
2020-06-20T10:59:20-0300 [-] There is no wifi devices in this simulation or it is not in this wifi signal coverage area.
2020-06-20T10:59:20-0300 [-] There is no wifi devices in this simulation or it is not in this wifi signal coverage area.
2020-06-20T10:59:20-0300 [-] There is no wifi devices in this simulation or it is not in this wifi signal coverage area.
2020-06-20T10:59:20-0300 [-] There is no wifi devices in this simulation or it is not in this wifi signal coverage area.
2020-06-20T10:59:20-0300 [-] There is no wifi devices in this simulation or it is not in this wifi signal coverage area.
2020-06-20T10:59:20-0300 [-] There is no wifi devices in this simulation or it is not in this wifi signal coverage area.
2020-06-20T10:59:21-0300 [-] There is no wifi devices in this simulation or it is not in this wifi signal coverage area.
2020-06-20T10:59:21-0300 [-] There is no wifi devices in this simulation or it is not in this wifi signal coverage area.
2020-06-20T10:59:21-0300 [-] There is no wifi devices in this simulation or it is not in this wifi signal coverage area.
2020-06-20T10:59:21-0300 [-] There is no wifi devices in this simulation or it is not in this wifi signal coverage area.
2020-06-20T10:59:21-0300 [-] There is no wifi devices in this simulation or it is not in this wifi signal coverage area.
2020-06-20T10:59:21-0300 [-] There is no wifi devices in this simulation or it is not in this wifi signal coverage area.
2020-06-20T10:59:21-0300 [-] There is no wifi devices in this simulation or it is not in this wifi signal coverage area.
2020-06-20T10:59:22-0300 [-] There is no wifi devices in this simulation or it is not in this wifi signal coverage area.
2020-06-20T10:59:22-0300 [-] There is no wifi devices in this simulation or it is not in this wifi signal coverage area.
2020-06-20T10:59:22-0300 [-] There is no wifi devices in this simulation or it is not in this wifi signal coverage area.
2020-06-20T10:59:22-0300 [-] There is no wifi devices in this simulation or it is not in this wifi signal coverage area.
2020-06-20T10:59:22-0300 [-] There is no wifi devices in this simulation or it is not in this wifi signal coverage area.
2020-06-20T10:59:22-0300 [-] There is no wifi devices in this simulation or it is not in this wifi signal coverage area.
2020-06-20T10:59:22-0300 [-] There is no wifi devices in this simulation or it is not in this wifi signal coverage area.
2020-06-20T10:59:23-0300 [-] There is no wifi devices in this simulation or it is not in this wifi signal coverage area.
2020-06-20T10:59:23-0300 [-] There is no wifi devices in this simulation or it is not in this wifi signal coverage area.
2020-06-20T10:59:23-0300 [-] There is no wifi devices in this simulation or it is not in this wifi signal coverage area.
2020-06-20T10:59:23-0300 [-] There is no wifi devices in this simulation or it is not in this wifi signal coverage area.
2020-06-20T10:59:23-0300 [-] There is no wifi devices in this simulation or it is not in this wifi signal coverage area.
2020-06-20T10:59:23-0300 [-] There is no wifi devices in this simulation or it is not in this wifi signal coverage area.
2020-06-20T10:59:23-0300 [-] There is no wifi devices in this simulation or it is not in this wifi signal coverage area.
2020-06-20T10:59:23-0300 [-] 127.0.0.1:40410 - sending MQTT PUBLISH REQUEST - Number of events: 82
2020-06-20T10:59:23-0300 [-] 127.0.0.1:40412 - sending MQTT PUBLISH REQUEST - Number of events: 83
2020-06-20T10:59:23-0300 [-] 127.0.0.1:40414 - sending MQTT PUBLISH REQUEST - Number of events: 84
2020-06-20T10:59:23-0300 [-] 127.0.0.1:40416 - sending MQTT PUBLISH REQUEST - Number of events: 85
2020-06-20T10:59:23-0300 [-] There is no wifi devices in this simulation or it is not in this wifi signal coverage area.
2020-06-20T10:59:23-0300 [-] 127.0.0.1:40418 - sending MQTT PUBLISH REQUEST - Number of events: 86
2020-06-20T10:59:24-0300 [-] There is no wifi devices in this simulation or it is not in this wifi signal coverage area.
2020-06-20T10:59:24-0300 [-] There is no wifi devices in this simulation or it is not in this wifi signal coverage area.
2020-06-20T10:59:24-0300 [-] There is no wifi devices in this simulation or it is not in this wifi signal coverage area.
2020-06-20T10:59:24-0300 [-] There is no wifi devices in this simulation or it is not in this wifi signal coverage area.
2020-06-20T10:59:24-0300 [-] There is no wifi devices in this simulation or it is not in this wifi signal coverage area.
2020-06-20T10:59:24-0300 [-] There is no wifi devices in this simulation or it is not in this wifi signal coverage area.
2020-06-20T10:59:24-0300 [-] There is no wifi devices in this simulation or it is not in this wifi signal coverage area.
2020-06-20T10:59:24-0300 [-] There is no wifi devices in this simulation or it is not in this wifi signal coverage area.
2020-06-20T10:59:25-0300 [-] There is no wifi devices in this simulation or it is not in this wifi signal coverage area.
2020-06-20T10:59:25-0300 [-] There is no wifi devices in this simulation or it is not in this wifi signal coverage area.
2020-06-20T10:59:25-0300 [-] There is no wifi devices in this simulation or it is not in this wifi signal coverage area.
2020-06-20T10:59:25-0300 [-] There is no wifi devices in this simulation or it is not in this wifi signal coverage area.
2020-06-20T10:59:25-0300 [-] There is no wifi devices in this simulation or it is not in this wifi signal coverage area.
2020-06-20T10:59:25-0300 [-] There is no wifi devices in this simulation or it is not in this wifi signal coverage area.
2020-06-20T10:59:25-0300 [-] There is no wifi devices in this simulation or it is not in this wifi signal coverage area.
2020-06-20T10:59:26-0300 [-] There is no wifi devices in this simulation or it is not in this wifi signal coverage area.
2020-06-20T10:59:26-0300 [-] There is no wifi devices in this simulation or it is not in this wifi signal coverage area.
2020-06-20T10:59:26-0300 [-] There is no wifi devices in this simulation or it is not in this wifi signal coverage area.
2020-06-20T10:59:26-0300 [-] There is no wifi devices in this simulation or it is not in this wifi signal coverage area.
2020-06-20T10:59:26-0300 [-] There is no wifi devices in this simulation or it is not in this wifi signal coverage area.
2020-06-20T10:59:26-0300 [-] There is no wifi devices in this simulation or it is not in this wifi signal coverage area.
2020-06-20T10:59:26-0300 [-] There is no wifi devices in this simulation or it is not in this wifi signal coverage area.
2020-06-20T10:59:26-0300 [-] There is no wifi devices in this simulation or it is not in this wifi signal coverage area.
2020-06-20T10:59:27-0300 [-] There is no wifi devices in this simulation or it is not in this wifi signal coverage area.
2020-06-20T10:59:27-0300 [-] There is no wifi devices in this simulation or it is not in this wifi signal coverage area.
2020-06-20T10:59:27-0300 [-] There is no wifi devices in this simulation or it is not in this wifi signal coverage area.
2020-06-20T10:59:27-0300 [-] There is no wifi devices in this simulation or it is not in this wifi signal coverage area.
2020-06-20T10:59:27-0300 [-] There is no wifi devices in this simulation or it is not in this wifi signal coverage area.
2020-06-20T10:59:27-0300 [-] There is no wifi devices in this simulation or it is not in this wifi signal coverage area.
2020-06-20T10:59:27-0300 [-] There is no wifi devices in this simulation or it is not in this wifi signal coverage area.
2020-06-20T10:59:27-0300 [-] There is no wifi devices in this simulation or it is not in this wifi signal coverage area.
2020-06-20T10:59:28-0300 [-] There is no wifi devices in this simulation or it is not in this wifi signal coverage area.
2020-06-20T10:59:28-0300 [-] There is no wifi devices in this simulation or it is not in this wifi signal coverage area.
2020-06-20T10:59:28-0300 [-] There is no wifi devices in this simulation or it is not in this wifi signal coverage area.
2020-06-20T10:59:28-0300 [-] There is no wifi devices in this simulation or it is not in this wifi signal coverage area.
2020-06-20T10:59:28-0300 [-] Received SIGINT, shutting down.
2020-06-20T10:59:28-0300 [twisted.internet.endpoints.OneShotFactory#info] Stopping factory <twisted.internet.endpoints.connectProtocol.<locals>.OneShotFactory object at 0x7f40cb54c748>
2020-06-20T10:59:28-0300 [twisted.internet.endpoints.OneShotFactory#info] Stopping factory <twisted.internet.endpoints.connectProtocol.<locals>.OneShotFactory object at 0x7f40cb54c358>
2020-06-20T10:59:28-0300 [twisted.internet.endpoints.OneShotFactory#info] Stopping factory <twisted.internet.endpoints.connectProtocol.<locals>.OneShotFactory object at 0x7f40cb53af28>
2020-06-20T10:59:28-0300 [applications.routerapp.RouterFactory] (TCP Port 8081 Closed)
2020-06-20T10:59:28-0300 [twisted.internet.endpoints.OneShotFactory#info] Stopping factory <twisted.internet.endpoints.connectProtocol.<locals>.OneShotFactory object at 0x7f40cb54c550>
2020-06-20T10:59:28-0300 [twisted.internet.endpoints.OneShotFactory#info] Stopping factory <twisted.internet.endpoints.connectProtocol.<locals>.OneShotFactory object at 0x7f40cb54c160>
2020-06-20T10:59:28-0300 [twisted.internet.endpoints.OneShotFactory#info] Stopping factory <twisted.internet.endpoints.connectProtocol.<locals>.OneShotFactory object at 0x7f40d2a0a0f0>
2020-06-20T10:59:28-0300 [applications.mqttapp.BrokerFactory] (TCP Port 5100 Closed)
2020-06-20T10:59:28-0300 [twisted.internet.endpoints.OneShotFactory#info] Stopping factory <twisted.internet.endpoints.connectProtocol.<locals>.OneShotFactory object at 0x7f40cb54ca20>
2020-06-20T10:59:28-0300 [-] Main loop terminated.
