2020-03-04T09:44:22-0300 [-] Creating router ...
2020-03-04T09:44:22-0300 [-] Initializing Router - Number of events: 1
2020-03-04T09:44:22-0300 [-] RouterFactory starting on 8081
2020-03-04T09:44:22-0300 [-] Creating AccessPoint station ...
2020-03-04T09:44:22-0300 [-] Initializing Access Point - Number of events: 2
2020-03-04T09:44:22-0300 [-] Access Point BEACON - Number of events: 3
2020-03-04T09:44:22-0300 [-] Creating fog node ...
2020-03-04T09:44:22-0300 [stdout#info] applications.mqttapp.SubscriberApp
2020-03-04T09:44:22-0300 [-] Initializing Client - Number of events: 4
2020-03-04T09:44:22-0300 [-] Creating fog node ...
2020-03-04T09:44:22-0300 [-] Initializing Server - Number of events: 5
2020-03-04T09:44:22-0300 [-] BrokerFactory starting on 5100
2020-03-04T09:44:22-0300 [-] Creating iot node ...
2020-03-04T09:44:22-0300 [stdout#info] applications.mqttapp.PublisherApp
2020-03-04T09:44:22-0300 [-] Initializing Client - Number of events: 6
2020-03-04T09:44:22-0300 [-] Creating iot node ...
2020-03-04T09:44:22-0300 [stdout#info] applications.mqttapp.PublisherApp
2020-03-04T09:44:22-0300 [-] Initializing Client - Number of events: 7
2020-03-04T09:44:22-0300 [stdout#info] This divice have no simulation core instance
2020-03-04T09:44:22-0300 [stdout#info] This divice have no simulation core instance
2020-03-04T09:44:22-0300 [stdout#info] This divice have no simulation core instance
2020-03-04T09:44:22-0300 [stdout#info] This divice have no simulation core instance
2020-03-04T09:44:22-0300 [Uninitialized] 127.0.0.1:41200 - Connected to mqtt broker - Number of events: 8
2020-03-04T09:44:22-0300 [Uninitialized] 127.0.0.1:41200 - sending MQTT SUBSCRIBE REQUEST - Number of events: 9
2020-03-04T09:44:22-0300 [Uninitialized] Unhandled Error
	Traceback (most recent call last):
	  File "/home/rafael/iotfogsim/vm/lib/python3.6/site-packages/twisted/python/log.py", line 103, in callWithLogger
	    return callWithContext({"system": lp}, func, *args, **kw)
	  File "/home/rafael/iotfogsim/vm/lib/python3.6/site-packages/twisted/python/log.py", line 86, in callWithContext
	    return context.call({ILogContext: newCtx}, func, *args, **kw)
	  File "/home/rafael/iotfogsim/vm/lib/python3.6/site-packages/twisted/python/context.py", line 122, in callWithContext
	    return self.currentContext().callWithContext(ctx, func, *args, **kw)
	  File "/home/rafael/iotfogsim/vm/lib/python3.6/site-packages/twisted/python/context.py", line 85, in callWithContext
	    return func(*args,**kw)
	--- <exception caught here> ---
	  File "/home/rafael/iotfogsim/vm/lib/python3.6/site-packages/twisted/internet/posixbase.py", line 619, in _doReadOrWrite
	    why = selectable.doWrite()
	  File "/home/rafael/iotfogsim/vm/lib/python3.6/site-packages/twisted/internet/tcp.py", line 627, in doConnect
	    self._connectDone()
	  File "/home/rafael/iotfogsim/vm/lib/python3.6/site-packages/twisted/internet/tcp.py", line 656, in _connectDone
	    self.protocol.makeConnection(self)
	  File "/home/rafael/iotfogsim/vm/lib/python3.6/site-packages/twisted/internet/protocol.py", line 514, in makeConnection
	    self.connectionMade()
	  File "/home/rafael/iotfogsim/vm/lib/python3.6/site-packages/twisted/internet/endpoints.py", line 124, in connectionMade
	    self._wrappedProtocol.makeConnection(self.transport)
	  File "/home/rafael/iotfogsim/vm/lib/python3.6/site-packages/twisted/internet/protocol.py", line 514, in makeConnection
	    self.connectionMade()
	  File "/home/rafael/iotfogsim/scinetsim/applications/mqttapp.py", line 107, in connectionMade
	    self.create_connection_animation()
	  File "/home/rafael/iotfogsim/scinetsim/applications/applicationcomponent.py", line 87, in create_connection_animation
	    con = Connection(self.simulation_core, self, self.transport.getPeer().host, self.transport.getPeer().port)
	  File "/home/rafael/iotfogsim/scinetsim/scinetsim/standarddevice.py", line 217, in __init__
	    self.create_connection(self.simulation_core, self.device1, self.device2)
	  File "/home/rafael/iotfogsim/scinetsim/scinetsim/standarddevice.py", line 233, in create_connection
	    self.simulation_core.canvas.after(100, self.update_connection_arrow, event)
	builtins.NameError: name 'event' is not defined
	
2020-03-04T09:44:22-0300 [Uninitialized] connection lost: name 'event' is not defined
2020-03-04T09:44:22-0300 [Uninitialized] connection lost - Number of events: 10
2020-03-04T09:44:22-0300 [Uninitialized] 127.0.0.1:41202 - Connected to mqtt broker - Number of events: 11
2020-03-04T09:44:22-0300 [Uninitialized] 127.0.0.1:41202 - sending MQTT PUBLISH REQUEST - Number of events: 12
2020-03-04T09:44:22-0300 [Uninitialized] Unhandled Error
	Traceback (most recent call last):
	  File "/home/rafael/iotfogsim/vm/lib/python3.6/site-packages/twisted/python/log.py", line 103, in callWithLogger
	    return callWithContext({"system": lp}, func, *args, **kw)
	  File "/home/rafael/iotfogsim/vm/lib/python3.6/site-packages/twisted/python/log.py", line 86, in callWithContext
	    return context.call({ILogContext: newCtx}, func, *args, **kw)
	  File "/home/rafael/iotfogsim/vm/lib/python3.6/site-packages/twisted/python/context.py", line 122, in callWithContext
	    return self.currentContext().callWithContext(ctx, func, *args, **kw)
	  File "/home/rafael/iotfogsim/vm/lib/python3.6/site-packages/twisted/python/context.py", line 85, in callWithContext
	    return func(*args,**kw)
	--- <exception caught here> ---
	  File "/home/rafael/iotfogsim/vm/lib/python3.6/site-packages/twisted/internet/posixbase.py", line 619, in _doReadOrWrite
	    why = selectable.doWrite()
	  File "/home/rafael/iotfogsim/vm/lib/python3.6/site-packages/twisted/internet/tcp.py", line 627, in doConnect
	    self._connectDone()
	  File "/home/rafael/iotfogsim/vm/lib/python3.6/site-packages/twisted/internet/tcp.py", line 656, in _connectDone
	    self.protocol.makeConnection(self)
	  File "/home/rafael/iotfogsim/vm/lib/python3.6/site-packages/twisted/internet/protocol.py", line 514, in makeConnection
	    self.connectionMade()
	  File "/home/rafael/iotfogsim/vm/lib/python3.6/site-packages/twisted/internet/endpoints.py", line 124, in connectionMade
	    self._wrappedProtocol.makeConnection(self.transport)
	  File "/home/rafael/iotfogsim/vm/lib/python3.6/site-packages/twisted/internet/protocol.py", line 514, in makeConnection
	    self.connectionMade()
	  File "/home/rafael/iotfogsim/scinetsim/applications/mqttapp.py", line 50, in connectionMade
	    self.create_connection_animation()
	  File "/home/rafael/iotfogsim/scinetsim/applications/applicationcomponent.py", line 87, in create_connection_animation
	    con = Connection(self.simulation_core, self, self.transport.getPeer().host, self.transport.getPeer().port)
	  File "/home/rafael/iotfogsim/scinetsim/scinetsim/standarddevice.py", line 217, in __init__
	    self.create_connection(self.simulation_core, self.device1, self.device2)
	  File "/home/rafael/iotfogsim/scinetsim/scinetsim/standarddevice.py", line 233, in create_connection
	    self.simulation_core.canvas.after(100, self.update_connection_arrow, event)
	builtins.NameError: name 'event' is not defined
	
2020-03-04T09:44:22-0300 [Uninitialized] connection lost: name 'event' is not defined
2020-03-04T09:44:22-0300 [Uninitialized] connection lost - Number of events: 13
2020-03-04T09:44:22-0300 [Uninitialized] 127.0.0.1:41204 - Connected to mqtt broker - Number of events: 14
2020-03-04T09:44:22-0300 [Uninitialized] 127.0.0.1:41204 - sending MQTT PUBLISH REQUEST - Number of events: 15
2020-03-04T09:44:22-0300 [Uninitialized] Unhandled Error
	Traceback (most recent call last):
	  File "/home/rafael/iotfogsim/vm/lib/python3.6/site-packages/twisted/python/log.py", line 103, in callWithLogger
	    return callWithContext({"system": lp}, func, *args, **kw)
	  File "/home/rafael/iotfogsim/vm/lib/python3.6/site-packages/twisted/python/log.py", line 86, in callWithContext
	    return context.call({ILogContext: newCtx}, func, *args, **kw)
	  File "/home/rafael/iotfogsim/vm/lib/python3.6/site-packages/twisted/python/context.py", line 122, in callWithContext
	    return self.currentContext().callWithContext(ctx, func, *args, **kw)
	  File "/home/rafael/iotfogsim/vm/lib/python3.6/site-packages/twisted/python/context.py", line 85, in callWithContext
	    return func(*args,**kw)
	--- <exception caught here> ---
	  File "/home/rafael/iotfogsim/vm/lib/python3.6/site-packages/twisted/internet/posixbase.py", line 619, in _doReadOrWrite
	    why = selectable.doWrite()
	  File "/home/rafael/iotfogsim/vm/lib/python3.6/site-packages/twisted/internet/tcp.py", line 627, in doConnect
	    self._connectDone()
	  File "/home/rafael/iotfogsim/vm/lib/python3.6/site-packages/twisted/internet/tcp.py", line 656, in _connectDone
	    self.protocol.makeConnection(self)
	  File "/home/rafael/iotfogsim/vm/lib/python3.6/site-packages/twisted/internet/protocol.py", line 514, in makeConnection
	    self.connectionMade()
	  File "/home/rafael/iotfogsim/vm/lib/python3.6/site-packages/twisted/internet/endpoints.py", line 124, in connectionMade
	    self._wrappedProtocol.makeConnection(self.transport)
	  File "/home/rafael/iotfogsim/vm/lib/python3.6/site-packages/twisted/internet/protocol.py", line 514, in makeConnection
	    self.connectionMade()
	  File "/home/rafael/iotfogsim/scinetsim/applications/mqttapp.py", line 50, in connectionMade
	    self.create_connection_animation()
	  File "/home/rafael/iotfogsim/scinetsim/applications/applicationcomponent.py", line 87, in create_connection_animation
	    con = Connection(self.simulation_core, self, self.transport.getPeer().host, self.transport.getPeer().port)
	  File "/home/rafael/iotfogsim/scinetsim/scinetsim/standarddevice.py", line 217, in __init__
	    self.create_connection(self.simulation_core, self.device1, self.device2)
	  File "/home/rafael/iotfogsim/scinetsim/scinetsim/standarddevice.py", line 233, in create_connection
	    self.simulation_core.canvas.after(100, self.update_connection_arrow, event)
	builtins.NameError: name 'event' is not defined
	
2020-03-04T09:44:22-0300 [Uninitialized] connection lost: name 'event' is not defined
2020-03-04T09:44:22-0300 [Uninitialized] connection lost - Number of events: 16
2020-03-04T09:44:22-0300 [RouterAppProtocol,3,127.0.0.1] connection lost: Connection was closed cleanly.
2020-03-04T09:44:22-0300 [RouterAppProtocol,3,127.0.0.1] connection lost - Number of events: 17
2020-03-04T09:44:22-0300 [-] Access Point BEACON - Number of events: 18
2020-03-04T09:44:22-0300 [-] Access Point BEACON - Number of events: 19
2020-03-04T09:44:22-0300 [-] Access Point BEACON - Number of events: 20
2020-03-04T09:44:22-0300 [-] Access Point BEACON - Number of events: 21
2020-03-04T09:44:23-0300 [-] Access Point BEACON - Number of events: 22
2020-03-04T09:44:23-0300 [-] Access Point BEACON - Number of events: 23
2020-03-04T09:44:23-0300 [-] Access Point BEACON - Number of events: 24
2020-03-04T09:44:23-0300 [-] Access Point BEACON - Number of events: 25
2020-03-04T09:44:23-0300 [-] Access Point BEACON - Number of events: 26
2020-03-04T09:44:23-0300 [-] Access Point BEACON - Number of events: 27
2020-03-04T09:44:23-0300 [-] Access Point BEACON - Number of events: 28
2020-03-04T09:44:23-0300 [-] Access Point BEACON - Number of events: 29
2020-03-04T09:44:23-0300 [-] Access Point BEACON - Number of events: 30
2020-03-04T09:44:24-0300 [-] Access Point BEACON - Number of events: 31
2020-03-04T09:44:24-0300 [-] Access Point BEACON - Number of events: 32
2020-03-04T09:44:24-0300 [-] Access Point BEACON - Number of events: 33
2020-03-04T09:44:24-0300 [-] Access Point BEACON - Number of events: 34
2020-03-04T09:44:24-0300 [-] Access Point BEACON - Number of events: 35
2020-03-04T09:44:24-0300 [-] Access Point BEACON - Number of events: 36
2020-03-04T09:44:24-0300 [-] Access Point BEACON - Number of events: 37
2020-03-04T09:44:24-0300 [-] Access Point BEACON - Number of events: 38
2020-03-04T09:44:24-0300 [-] Access Point BEACON - Number of events: 39
2020-03-04T09:44:25-0300 [-] Access Point BEACON - Number of events: 40
2020-03-04T09:44:25-0300 [-] Access Point BEACON - Number of events: 41
2020-03-04T09:44:25-0300 [-] Access Point BEACON - Number of events: 42
2020-03-04T09:44:25-0300 [-] Access Point BEACON - Number of events: 43
2020-03-04T09:44:25-0300 [-] Access Point BEACON - Number of events: 44
2020-03-04T09:44:25-0300 [-] Access Point BEACON - Number of events: 45
2020-03-04T09:44:25-0300 [-] Access Point BEACON - Number of events: 46
2020-03-04T09:44:25-0300 [-] Access Point BEACON - Number of events: 47
2020-03-04T09:44:25-0300 [-] Access Point BEACON - Number of events: 48
2020-03-04T09:44:26-0300 [-] Access Point BEACON - Number of events: 49
2020-03-04T09:44:26-0300 [-] Access Point BEACON - Number of events: 50
2020-03-04T09:44:26-0300 [-] Access Point BEACON - Number of events: 51
2020-03-04T09:44:26-0300 [-] Access Point BEACON - Number of events: 52
2020-03-04T09:44:26-0300 [-] Access Point BEACON - Number of events: 53
2020-03-04T09:44:26-0300 [-] Access Point BEACON - Number of events: 54
2020-03-04T09:44:26-0300 [-] Access Point BEACON - Number of events: 55
2020-03-04T09:44:26-0300 [-] Access Point BEACON - Number of events: 56
2020-03-04T09:44:26-0300 [-] Access Point BEACON - Number of events: 57
2020-03-04T09:44:27-0300 [-] Access Point BEACON - Number of events: 58
2020-03-04T09:44:27-0300 [-] Access Point BEACON - Number of events: 59
2020-03-04T09:44:27-0300 [-] Access Point BEACON - Number of events: 60
2020-03-04T09:44:27-0300 [-] Access Point BEACON - Number of events: 61
2020-03-04T09:44:27-0300 [-] Access Point BEACON - Number of events: 62
2020-03-04T09:44:27-0300 [-] 127.0.0.1:41202 - sending MQTT PUBLISH REQUEST - Number of events: 63
2020-03-04T09:44:27-0300 [-] 127.0.0.1:41204 - sending MQTT PUBLISH REQUEST - Number of events: 64
2020-03-04T09:44:27-0300 [-] Access Point BEACON - Number of events: 65
2020-03-04T09:44:27-0300 [-] Access Point BEACON - Number of events: 66
2020-03-04T09:44:27-0300 [-] Access Point BEACON - Number of events: 67
2020-03-04T09:44:27-0300 [-] Access Point BEACON - Number of events: 68
2020-03-04T09:44:27-0300 [-] Access Point BEACON - Number of events: 69
2020-03-04T09:44:28-0300 [-] Access Point BEACON - Number of events: 70
2020-03-04T09:44:28-0300 [-] Access Point BEACON - Number of events: 71
2020-03-04T09:44:28-0300 [-] Access Point BEACON - Number of events: 72
2020-03-04T09:44:28-0300 [-] Access Point BEACON - Number of events: 73
2020-03-04T09:44:28-0300 [-] Access Point BEACON - Number of events: 74
2020-03-04T09:44:28-0300 [-] Access Point BEACON - Number of events: 75
2020-03-04T09:44:28-0300 [-] Access Point BEACON - Number of events: 76
2020-03-04T09:44:28-0300 [-] Access Point BEACON - Number of events: 77
2020-03-04T09:44:29-0300 [-] Access Point BEACON - Number of events: 78
2020-03-04T09:44:29-0300 [-] Access Point BEACON - Number of events: 79
2020-03-04T09:44:29-0300 [-] Access Point BEACON - Number of events: 80
2020-03-04T09:44:29-0300 [-] Access Point BEACON - Number of events: 81
2020-03-04T09:44:29-0300 [-] Access Point BEACON - Number of events: 82
2020-03-04T09:44:29-0300 [-] Access Point BEACON - Number of events: 83
2020-03-04T09:44:29-0300 [-] Access Point BEACON - Number of events: 84
2020-03-04T09:44:29-0300 [-] Access Point BEACON - Number of events: 85
2020-03-04T09:44:29-0300 [-] Access Point BEACON - Number of events: 86
2020-03-04T09:44:30-0300 [-] Access Point BEACON - Number of events: 87
2020-03-04T09:44:30-0300 [-] Access Point BEACON - Number of events: 88
2020-03-04T09:44:30-0300 [-] Access Point BEACON - Number of events: 89
2020-03-04T09:44:30-0300 [-] Access Point BEACON - Number of events: 90
2020-03-04T09:44:30-0300 [-] Access Point BEACON - Number of events: 91
2020-03-04T09:44:30-0300 [-] Access Point BEACON - Number of events: 92
2020-03-04T09:44:30-0300 [-] Access Point BEACON - Number of events: 93
2020-03-04T09:44:30-0300 [-] Access Point BEACON - Number of events: 94
2020-03-04T09:44:30-0300 [-] Access Point BEACON - Number of events: 95
2020-03-04T09:44:30-0300 [-] Access Point BEACON - Number of events: 96
2020-03-04T09:44:31-0300 [-] Access Point BEACON - Number of events: 97
2020-03-04T09:44:31-0300 [-] Access Point BEACON - Number of events: 98
2020-03-04T09:44:31-0300 [-] Access Point BEACON - Number of events: 99
2020-03-04T09:44:31-0300 [-] Access Point BEACON - Number of events: 100
2020-03-04T09:44:31-0300 [-] Access Point BEACON - Number of events: 101
2020-03-04T09:44:31-0300 [-] Access Point BEACON - Number of events: 102
2020-03-04T09:44:31-0300 [-] Access Point BEACON - Number of events: 103
2020-03-04T09:44:31-0300 [-] Access Point BEACON - Number of events: 104
2020-03-04T09:44:31-0300 [-] Access Point BEACON - Number of events: 105
2020-03-04T09:44:32-0300 [-] Access Point BEACON - Number of events: 106
2020-03-04T09:44:32-0300 [-] Access Point BEACON - Number of events: 107
2020-03-04T09:44:32-0300 [-] Access Point BEACON - Number of events: 108
2020-03-04T09:44:32-0300 [-] Access Point BEACON - Number of events: 109
2020-03-04T09:44:32-0300 [-] 127.0.0.1:41202 - sending MQTT PUBLISH REQUEST - Number of events: 110
2020-03-04T09:44:32-0300 [-] 127.0.0.1:41204 - sending MQTT PUBLISH REQUEST - Number of events: 111
2020-03-04T09:44:32-0300 [-] Access Point BEACON - Number of events: 112
2020-03-04T09:44:32-0300 [-] Access Point BEACON - Number of events: 113
2020-03-04T09:44:32-0300 [-] Access Point BEACON - Number of events: 114
2020-03-04T09:44:32-0300 [-] Access Point BEACON - Number of events: 115
2020-03-04T09:44:32-0300 [-] Access Point BEACON - Number of events: 116
2020-03-04T09:44:33-0300 [-] Access Point BEACON - Number of events: 117
2020-03-04T09:44:33-0300 [-] Access Point BEACON - Number of events: 118
2020-03-04T09:44:33-0300 [-] Access Point BEACON - Number of events: 119
2020-03-04T09:44:33-0300 [-] Access Point BEACON - Number of events: 120
2020-03-04T09:44:33-0300 [-] Access Point BEACON - Number of events: 121
2020-03-04T09:44:33-0300 [-] Access Point BEACON - Number of events: 122
2020-03-04T09:44:33-0300 [-] Access Point BEACON - Number of events: 123
2020-03-04T09:44:33-0300 [-] Access Point BEACON - Number of events: 124
2020-03-04T09:44:33-0300 [-] Access Point BEACON - Number of events: 125
2020-03-04T09:44:34-0300 [-] Access Point BEACON - Number of events: 126
2020-03-04T09:44:34-0300 [-] Access Point BEACON - Number of events: 127
2020-03-04T09:44:34-0300 [-] Access Point BEACON - Number of events: 128
2020-03-04T09:44:34-0300 [-] Access Point BEACON - Number of events: 129
2020-03-04T09:44:34-0300 [-] Access Point BEACON - Number of events: 130
2020-03-04T09:44:34-0300 [-] Access Point BEACON - Number of events: 131
2020-03-04T09:44:34-0300 [-] Access Point BEACON - Number of events: 132
2020-03-04T09:44:34-0300 [-] Access Point BEACON - Number of events: 133
2020-03-04T09:44:34-0300 [-] Access Point BEACON - Number of events: 134
2020-03-04T09:44:35-0300 [-] Access Point BEACON - Number of events: 135
2020-03-04T09:44:35-0300 [-] Access Point BEACON - Number of events: 136
2020-03-04T09:44:35-0300 [-] Access Point BEACON - Number of events: 137
2020-03-04T09:44:35-0300 [-] Access Point BEACON - Number of events: 138
2020-03-04T09:44:35-0300 [-] Access Point BEACON - Number of events: 139
2020-03-04T09:44:35-0300 [-] Access Point BEACON - Number of events: 140
2020-03-04T09:44:35-0300 [-] Access Point BEACON - Number of events: 141
2020-03-04T09:44:35-0300 [-] Access Point BEACON - Number of events: 142
2020-03-04T09:44:35-0300 [-] Access Point BEACON - Number of events: 143
2020-03-04T09:44:36-0300 [-] Access Point BEACON - Number of events: 144
2020-03-04T09:44:36-0300 [-] Access Point BEACON - Number of events: 145
2020-03-04T09:44:36-0300 [-] Access Point BEACON - Number of events: 146
2020-03-04T09:44:36-0300 [-] Access Point BEACON - Number of events: 147
2020-03-04T09:44:36-0300 [-] Access Point BEACON - Number of events: 148
2020-03-04T09:44:36-0300 [-] Access Point BEACON - Number of events: 149
2020-03-04T09:44:36-0300 [-] Access Point BEACON - Number of events: 150
2020-03-04T09:44:36-0300 [-] Access Point BEACON - Number of events: 151
2020-03-04T09:44:36-0300 [-] Access Point BEACON - Number of events: 152
2020-03-04T09:44:37-0300 [-] Access Point BEACON - Number of events: 153
2020-03-04T09:44:37-0300 [-] Access Point BEACON - Number of events: 154
2020-03-04T09:44:37-0300 [-] Access Point BEACON - Number of events: 155
2020-03-04T09:44:37-0300 [-] Access Point BEACON - Number of events: 156
2020-03-04T09:44:37-0300 [-] Access Point BEACON - Number of events: 157
2020-03-04T09:44:37-0300 [-] 127.0.0.1:41202 - sending MQTT PUBLISH REQUEST - Number of events: 158
2020-03-04T09:44:37-0300 [-] 127.0.0.1:41204 - sending MQTT PUBLISH REQUEST - Number of events: 159
2020-03-04T09:44:37-0300 [-] Access Point BEACON - Number of events: 160
2020-03-04T09:44:37-0300 [-] Access Point BEACON - Number of events: 161
2020-03-04T09:44:37-0300 [-] Access Point BEACON - Number of events: 162
2020-03-04T09:44:37-0300 [-] Access Point BEACON - Number of events: 163
2020-03-04T09:44:38-0300 [-] Access Point BEACON - Number of events: 164
2020-03-04T09:44:38-0300 [-] Access Point BEACON - Number of events: 165
2020-03-04T09:44:38-0300 [-] Access Point BEACON - Number of events: 166
2020-03-04T09:44:38-0300 [-] Access Point BEACON - Number of events: 167
2020-03-04T09:44:40-0300 [-] Closing IoTFogSim Application...
2020-03-04T09:44:40-0300 [applications.routerapp.RouterFactory] (TCP Port 8081 Closed)
2020-03-04T09:44:40-0300 [applications.mqttapp.BrokerFactory] (TCP Port 5100 Closed)
2020-03-04T09:44:40-0300 [-] Main loop terminated.
