2020-03-06T08:59:22-0300 [-] Creating router ...
2020-03-06T08:59:22-0300 [-] Initializing Router - Number of events: 1
2020-03-06T08:59:22-0300 [-] RouterFactory starting on 8081
2020-03-06T08:59:22-0300 [-] Creating fog node ...
2020-03-06T08:59:22-0300 [-] Initializing Client - Number of events: 2
2020-03-06T08:59:22-0300 [-] Creating fog node ...
2020-03-06T08:59:22-0300 [-] Initializing Server - Number of events: 3
2020-03-06T08:59:22-0300 [-] BrokerFactory starting on 5100
2020-03-06T08:59:22-0300 [-] Creating iot node ...
2020-03-06T08:59:22-0300 [-] Initializing Client - Number of events: 4
2020-03-06T08:59:22-0300 [-] Creating iot node ...
2020-03-06T08:59:22-0300 [-] Initializing Client - Number of events: 5
2020-03-06T08:59:22-0300 [stdout#info] This divice have no simulation core instance
2020-03-06T08:59:22-0300 [stdout#info] This divice have no simulation core instance
2020-03-06T08:59:22-0300 [stdout#info] This divice have no simulation core instance
2020-03-06T08:59:22-0300 [stdout#info] This divice have no simulation core instance
2020-03-06T08:59:22-0300 [Uninitialized] 127.0.0.1:42416 - Connected to mqtt broker - Number of events: 6
2020-03-06T08:59:22-0300 [Uninitialized] 127.0.0.1:42416 - sending MQTT SUBSCRIBE REQUEST - Number of events: 7
2020-03-06T08:59:22-0300 [Uninitialized] 127.0.0.1:42418 - Connected to mqtt broker - Number of events: 8
2020-03-06T08:59:22-0300 [Uninitialized] 127.0.0.1:42418 - sending MQTT PUBLISH REQUEST - Number of events: 9
2020-03-06T08:59:23-0300 [stderr#error] Exception in thread Thread-1:
2020-03-06T08:59:23-0300 [stderr#error] Traceback (most recent call last):
2020-03-06T08:59:23-0300 [stderr#error]   File "/usr/lib/python3.6/threading.py", line 916, in _bootstrap_inner
2020-03-06T08:59:23-0300 [stderr#error]     self.run()
2020-03-06T08:59:23-0300 [stderr#error]   File "/usr/lib/python3.6/threading.py", line 864, in run
2020-03-06T08:59:23-0300 [stderr#error]     self._target(*self._args, **self._kwargs)
2020-03-06T08:59:23-0300 [stderr#error]   File "/home/rafael/iotfogsim/scinetsim/applications/applicationcomponent.py", line 116, in propagate_signal
2020-03-06T08:59:23-0300 [stderr#error]     self.simulation_core.canvas.itemconfig(self.visual_component.draggable_signal_circle, outline="red")
2020-03-06T08:59:23-0300 [stderr#error]   File "/usr/lib/python3.6/tkinter/__init__.py", line 2581, in itemconfigure
2020-03-06T08:59:23-0300 [stderr#error]     return self._configure(('itemconfigure', tagOrId), cnf, kw)
2020-03-06T08:59:23-0300 [stderr#error]   File "/usr/lib/python3.6/tkinter/__init__.py", line 1479, in _configure
2020-03-06T08:59:23-0300 [stderr#error]     self.tk.call(_flatten((self._w, cmd)) + self._options(cnf))
2020-03-06T08:59:23-0300 [stderr#error] RuntimeError: main thread is not in main loop
2020-03-06T08:59:23-0300 [Uninitialized] 127.0.0.1:42420 - Connected to mqtt broker - Number of events: 10
2020-03-06T08:59:23-0300 [Uninitialized] 127.0.0.1:42420 - sending MQTT PUBLISH REQUEST - Number of events: 11
2020-03-06T08:59:24-0300 [stderr#error] Exception in thread Thread-2:
2020-03-06T08:59:24-0300 [stderr#error] Traceback (most recent call last):
2020-03-06T08:59:24-0300 [stderr#error]   File "/usr/lib/python3.6/threading.py", line 916, in _bootstrap_inner
2020-03-06T08:59:24-0300 [stderr#error]     self.run()
2020-03-06T08:59:24-0300 [stderr#error]   File "/usr/lib/python3.6/threading.py", line 864, in run
2020-03-06T08:59:24-0300 [stderr#error]     self._target(*self._args, **self._kwargs)
2020-03-06T08:59:24-0300 [stderr#error]   File "/home/rafael/iotfogsim/scinetsim/applications/applicationcomponent.py", line 116, in propagate_signal
2020-03-06T08:59:24-0300 [stderr#error]     self.simulation_core.canvas.itemconfig(self.visual_component.draggable_signal_circle, outline="red")
2020-03-06T08:59:24-0300 [stderr#error]   File "/usr/lib/python3.6/tkinter/__init__.py", line 2581, in itemconfigure
2020-03-06T08:59:24-0300 [stderr#error]     return self._configure(('itemconfigure', tagOrId), cnf, kw)
2020-03-06T08:59:24-0300 [stderr#error]   File "/usr/lib/python3.6/tkinter/__init__.py", line 1479, in _configure
2020-03-06T08:59:24-0300 [stderr#error]     self.tk.call(_flatten((self._w, cmd)) + self._options(cnf))
2020-03-06T08:59:24-0300 [stderr#error] RuntimeError: main thread is not in main loop
2020-03-06T08:59:24-0300 [stdout#info] OPACOTE É b'{"destiny_addr": "127.0.0.1", "destiny_port": 5100, "source_addr": "127.0.0.1", "source_port": 42416, "type": "http", "payload": {"action": "subscribe", "topic": "sensor_metering", "content": "None"}}\n'
2020-03-06T08:59:24-0300 [twisted.internet.endpoints.OneShotFactory#info] Starting factory <twisted.internet.endpoints.connectProtocol.<locals>.OneShotFactory object at 0x7f5aa353e0b8>
2020-03-06T08:59:24-0300 [stdout#info] OPACOTE É b'{"destiny_addr": "127.0.0.1", "destiny_port": 5100, "source_addr": "127.0.0.1", "source_port": 42418, "type": "http", "payload": {"action": "publish", "topic": "sensor_metering", "content": "14.74 Kwh"}}\n'
2020-03-06T08:59:24-0300 [twisted.internet.endpoints.OneShotFactory#info] Starting factory <twisted.internet.endpoints.connectProtocol.<locals>.OneShotFactory object at 0x7f5aa353e2b0>
2020-03-06T08:59:24-0300 [stdout#info] OPACOTE É b'{"destiny_addr": "127.0.0.1", "destiny_port": 5100, "source_addr": "127.0.0.1", "source_port": 42420, "type": "http", "payload": {"action": "publish", "topic": "sensor_metering", "content": "20.18 Kwh"}}\n'
2020-03-06T08:59:24-0300 [twisted.internet.endpoints.OneShotFactory#info] Starting factory <twisted.internet.endpoints.connectProtocol.<locals>.OneShotFactory object at 0x7f5aa353e4a8>
2020-03-06T08:59:28-0300 [-] 127.0.0.1:42418 - sending MQTT PUBLISH REQUEST - Number of events: 12
2020-03-06T08:59:29-0300 [stderr#error] Exception in thread Thread-3:
2020-03-06T08:59:29-0300 [stderr#error] Traceback (most recent call last):
2020-03-06T08:59:29-0300 [stderr#error]   File "/usr/lib/python3.6/threading.py", line 916, in _bootstrap_inner
2020-03-06T08:59:29-0300 [stderr#error]     self.run()
2020-03-06T08:59:29-0300 [stderr#error]   File "/usr/lib/python3.6/threading.py", line 864, in run
2020-03-06T08:59:29-0300 [stderr#error]     self._target(*self._args, **self._kwargs)
2020-03-06T08:59:29-0300 [stderr#error]   File "/home/rafael/iotfogsim/scinetsim/applications/applicationcomponent.py", line 116, in propagate_signal
2020-03-06T08:59:29-0300 [stderr#error]     self.simulation_core.canvas.itemconfig(self.visual_component.draggable_signal_circle, outline="red")
2020-03-06T08:59:29-0300 [stderr#error]   File "/usr/lib/python3.6/tkinter/__init__.py", line 2581, in itemconfigure
2020-03-06T08:59:29-0300 [stderr#error]     return self._configure(('itemconfigure', tagOrId), cnf, kw)
2020-03-06T08:59:29-0300 [stderr#error]   File "/usr/lib/python3.6/tkinter/__init__.py", line 1479, in _configure
2020-03-06T08:59:29-0300 [stderr#error]     self.tk.call(_flatten((self._w, cmd)) + self._options(cnf))
2020-03-06T08:59:29-0300 [stderr#error] RuntimeError: main thread is not in main loop
2020-03-06T08:59:29-0300 [-] 127.0.0.1:42420 - sending MQTT PUBLISH REQUEST - Number of events: 13
2020-03-06T08:59:30-0300 [stderr#error] Exception in thread Thread-4:
2020-03-06T08:59:30-0300 [stderr#error] Traceback (most recent call last):
2020-03-06T08:59:30-0300 [stderr#error]   File "/usr/lib/python3.6/threading.py", line 916, in _bootstrap_inner
2020-03-06T08:59:30-0300 [stderr#error]     self.run()
2020-03-06T08:59:30-0300 [stderr#error]   File "/usr/lib/python3.6/threading.py", line 864, in run
2020-03-06T08:59:30-0300 [stderr#error]     self._target(*self._args, **self._kwargs)
2020-03-06T08:59:30-0300 [stderr#error]   File "/home/rafael/iotfogsim/scinetsim/applications/applicationcomponent.py", line 116, in propagate_signal
2020-03-06T08:59:30-0300 [stderr#error]     self.simulation_core.canvas.itemconfig(self.visual_component.draggable_signal_circle, outline="red")
2020-03-06T08:59:30-0300 [stderr#error]   File "/usr/lib/python3.6/tkinter/__init__.py", line 2581, in itemconfigure
2020-03-06T08:59:30-0300 [stderr#error]     return self._configure(('itemconfigure', tagOrId), cnf, kw)
2020-03-06T08:59:30-0300 [stderr#error]   File "/usr/lib/python3.6/tkinter/__init__.py", line 1479, in _configure
2020-03-06T08:59:30-0300 [stderr#error]     self.tk.call(_flatten((self._w, cmd)) + self._options(cnf))
2020-03-06T08:59:30-0300 [stderr#error] RuntimeError: main thread is not in main loop
2020-03-06T08:59:30-0300 [stdout#info] OPACOTE É b'{"destiny_addr": "127.0.0.1", "destiny_port": 5100, "source_addr": "127.0.0.1", "source_port": 42418, "type": "http", "payload": {"action": "publish", "topic": "sensor_metering", "content": "4.39 Kwh"}}\n'
2020-03-06T08:59:30-0300 [twisted.internet.endpoints.OneShotFactory#info] Starting factory <twisted.internet.endpoints.connectProtocol.<locals>.OneShotFactory object at 0x7f5aa353eb38>
2020-03-06T08:59:30-0300 [stdout#info] OPACOTE É b'{"destiny_addr": "127.0.0.1", "destiny_port": 5100, "source_addr": "127.0.0.1", "source_port": 42420, "type": "http", "payload": {"action": "publish", "topic": "sensor_metering", "content": "17.69 Kwh"}}\n'
2020-03-06T08:59:30-0300 [twisted.internet.endpoints.OneShotFactory#info] Starting factory <twisted.internet.endpoints.connectProtocol.<locals>.OneShotFactory object at 0x7f5aa353ecf8>
2020-03-06T08:59:34-0300 [-] 127.0.0.1:42418 - sending MQTT PUBLISH REQUEST - Number of events: 14
2020-03-06T08:59:35-0300 [stderr#error] Exception in thread Thread-5:
2020-03-06T08:59:35-0300 [stderr#error] Traceback (most recent call last):
2020-03-06T08:59:35-0300 [stderr#error]   File "/usr/lib/python3.6/threading.py", line 916, in _bootstrap_inner
2020-03-06T08:59:35-0300 [stderr#error]     self.run()
2020-03-06T08:59:35-0300 [stderr#error]   File "/usr/lib/python3.6/threading.py", line 864, in run
2020-03-06T08:59:35-0300 [stderr#error]     self._target(*self._args, **self._kwargs)
2020-03-06T08:59:35-0300 [stderr#error]   File "/home/rafael/iotfogsim/scinetsim/applications/applicationcomponent.py", line 116, in propagate_signal
2020-03-06T08:59:35-0300 [stderr#error]     self.simulation_core.canvas.itemconfig(self.visual_component.draggable_signal_circle, outline="red")
2020-03-06T08:59:35-0300 [stderr#error]   File "/usr/lib/python3.6/tkinter/__init__.py", line 2581, in itemconfigure
2020-03-06T08:59:35-0300 [stderr#error]     return self._configure(('itemconfigure', tagOrId), cnf, kw)
2020-03-06T08:59:35-0300 [stderr#error]   File "/usr/lib/python3.6/tkinter/__init__.py", line 1479, in _configure
2020-03-06T08:59:35-0300 [stderr#error]     self.tk.call(_flatten((self._w, cmd)) + self._options(cnf))
2020-03-06T08:59:35-0300 [stderr#error] RuntimeError: main thread is not in main loop
2020-03-06T08:59:35-0300 [-] 127.0.0.1:42420 - sending MQTT PUBLISH REQUEST - Number of events: 15
2020-03-06T08:59:36-0300 [stderr#error] Exception in thread Thread-6:
2020-03-06T08:59:36-0300 [stderr#error] Traceback (most recent call last):
2020-03-06T08:59:36-0300 [stderr#error]   File "/usr/lib/python3.6/threading.py", line 916, in _bootstrap_inner
2020-03-06T08:59:36-0300 [stderr#error]     self.run()
2020-03-06T08:59:36-0300 [stderr#error]   File "/usr/lib/python3.6/threading.py", line 864, in run
2020-03-06T08:59:36-0300 [stderr#error]     self._target(*self._args, **self._kwargs)
2020-03-06T08:59:36-0300 [stderr#error]   File "/home/rafael/iotfogsim/scinetsim/applications/applicationcomponent.py", line 116, in propagate_signal
2020-03-06T08:59:36-0300 [stderr#error]     self.simulation_core.canvas.itemconfig(self.visual_component.draggable_signal_circle, outline="red")
2020-03-06T08:59:36-0300 [stderr#error]   File "/usr/lib/python3.6/tkinter/__init__.py", line 2581, in itemconfigure
2020-03-06T08:59:36-0300 [stderr#error]     return self._configure(('itemconfigure', tagOrId), cnf, kw)
2020-03-06T08:59:36-0300 [stderr#error]   File "/usr/lib/python3.6/tkinter/__init__.py", line 1479, in _configure
2020-03-06T08:59:36-0300 [stderr#error]     self.tk.call(_flatten((self._w, cmd)) + self._options(cnf))
2020-03-06T08:59:36-0300 [stderr#error] RuntimeError: main thread is not in main loop
2020-03-06T08:59:36-0300 [stdout#info] OPACOTE É b'{"destiny_addr": "127.0.0.1", "destiny_port": 5100, "source_addr": "127.0.0.1", "source_port": 42418, "type": "http", "payload": {"action": "publish", "topic": "sensor_metering", "content": "11.92 Kwh"}}\n'
2020-03-06T08:59:36-0300 [twisted.internet.endpoints.OneShotFactory#info] Starting factory <twisted.internet.endpoints.connectProtocol.<locals>.OneShotFactory object at 0x7f5aa354a0b8>
2020-03-06T08:59:36-0300 [stdout#info] OPACOTE É b'{"destiny_addr": "127.0.0.1", "destiny_port": 5100, "source_addr": "127.0.0.1", "source_port": 42420, "type": "http", "payload": {"action": "publish", "topic": "sensor_metering", "content": "18.77 Kwh"}}\n'
2020-03-06T08:59:36-0300 [twisted.internet.endpoints.OneShotFactory#info] Starting factory <twisted.internet.endpoints.connectProtocol.<locals>.OneShotFactory object at 0x7f5aa354a278>
2020-03-06T08:59:40-0300 [-] 127.0.0.1:42418 - sending MQTT PUBLISH REQUEST - Number of events: 16
2020-03-06T08:59:41-0300 [stderr#error] Exception in thread Thread-7:
2020-03-06T08:59:41-0300 [stderr#error] Traceback (most recent call last):
2020-03-06T08:59:41-0300 [stderr#error]   File "/usr/lib/python3.6/threading.py", line 916, in _bootstrap_inner
2020-03-06T08:59:41-0300 [stderr#error]     self.run()
2020-03-06T08:59:41-0300 [stderr#error]   File "/usr/lib/python3.6/threading.py", line 864, in run
2020-03-06T08:59:41-0300 [stderr#error]     self._target(*self._args, **self._kwargs)
2020-03-06T08:59:41-0300 [stderr#error]   File "/home/rafael/iotfogsim/scinetsim/applications/applicationcomponent.py", line 116, in propagate_signal
2020-03-06T08:59:41-0300 [stderr#error]     self.simulation_core.canvas.itemconfig(self.visual_component.draggable_signal_circle, outline="red")
2020-03-06T08:59:41-0300 [stderr#error]   File "/usr/lib/python3.6/tkinter/__init__.py", line 2581, in itemconfigure
2020-03-06T08:59:41-0300 [stderr#error]     return self._configure(('itemconfigure', tagOrId), cnf, kw)
2020-03-06T08:59:41-0300 [stderr#error]   File "/usr/lib/python3.6/tkinter/__init__.py", line 1479, in _configure
2020-03-06T08:59:41-0300 [stderr#error]     self.tk.call(_flatten((self._w, cmd)) + self._options(cnf))
2020-03-06T08:59:41-0300 [stderr#error] RuntimeError: main thread is not in main loop
2020-03-06T08:59:41-0300 [stdout#info] OPACOTE É b'{"destiny_addr": "127.0.0.1", "destiny_port": 5100, "source_addr": "127.0.0.1", "source_port": 42418, "type": "http", "payload": {"action": "publish", "topic": "sensor_metering", "content": "16.56 Kwh"}}\n'
2020-03-06T08:59:41-0300 [twisted.internet.endpoints.OneShotFactory#info] Starting factory <twisted.internet.endpoints.connectProtocol.<locals>.OneShotFactory object at 0x7f5aa354a4e0>
2020-03-06T08:59:41-0300 [-] 127.0.0.1:42420 - sending MQTT PUBLISH REQUEST - Number of events: 17
2020-03-06T08:59:42-0300 [stderr#error] Exception in thread Thread-8:
2020-03-06T08:59:42-0300 [stderr#error] Traceback (most recent call last):
2020-03-06T08:59:42-0300 [stderr#error]   File "/usr/lib/python3.6/threading.py", line 916, in _bootstrap_inner
2020-03-06T08:59:42-0300 [stderr#error]     self.run()
2020-03-06T08:59:42-0300 [stderr#error]   File "/usr/lib/python3.6/threading.py", line 864, in run
2020-03-06T08:59:42-0300 [stderr#error]     self._target(*self._args, **self._kwargs)
2020-03-06T08:59:42-0300 [stderr#error]   File "/home/rafael/iotfogsim/scinetsim/applications/applicationcomponent.py", line 116, in propagate_signal
2020-03-06T08:59:42-0300 [stderr#error]     self.simulation_core.canvas.itemconfig(self.visual_component.draggable_signal_circle, outline="red")
2020-03-06T08:59:42-0300 [stderr#error]   File "/usr/lib/python3.6/tkinter/__init__.py", line 2581, in itemconfigure
2020-03-06T08:59:42-0300 [stderr#error]     return self._configure(('itemconfigure', tagOrId), cnf, kw)
2020-03-06T08:59:42-0300 [stderr#error]   File "/usr/lib/python3.6/tkinter/__init__.py", line 1479, in _configure
2020-03-06T08:59:42-0300 [stderr#error]     self.tk.call(_flatten((self._w, cmd)) + self._options(cnf))
2020-03-06T08:59:42-0300 [stderr#error] RuntimeError: main thread is not in main loop
2020-03-06T08:59:42-0300 [stdout#info] OPACOTE É b'{"destiny_addr": "127.0.0.1", "destiny_port": 5100, "source_addr": "127.0.0.1", "source_port": 42420, "type": "http", "payload": {"action": "publish", "topic": "sensor_metering", "content": "3.75 Kwh"}}\n'
2020-03-06T08:59:42-0300 [twisted.internet.endpoints.OneShotFactory#info] Starting factory <twisted.internet.endpoints.connectProtocol.<locals>.OneShotFactory object at 0x7f5aa354a908>
2020-03-06T08:59:46-0300 [-] 127.0.0.1:42418 - sending MQTT PUBLISH REQUEST - Number of events: 18
2020-03-06T08:59:47-0300 [stderr#error] Exception in thread Thread-9:
2020-03-06T08:59:47-0300 [stderr#error] Traceback (most recent call last):
2020-03-06T08:59:47-0300 [stderr#error]   File "/usr/lib/python3.6/threading.py", line 916, in _bootstrap_inner
2020-03-06T08:59:47-0300 [stderr#error]     self.run()
2020-03-06T08:59:47-0300 [stderr#error]   File "/usr/lib/python3.6/threading.py", line 864, in run
2020-03-06T08:59:47-0300 [stderr#error]     self._target(*self._args, **self._kwargs)
2020-03-06T08:59:47-0300 [stderr#error]   File "/home/rafael/iotfogsim/scinetsim/applications/applicationcomponent.py", line 116, in propagate_signal
2020-03-06T08:59:47-0300 [stderr#error]     self.simulation_core.canvas.itemconfig(self.visual_component.draggable_signal_circle, outline="red")
2020-03-06T08:59:47-0300 [stderr#error]   File "/usr/lib/python3.6/tkinter/__init__.py", line 2581, in itemconfigure
2020-03-06T08:59:47-0300 [stderr#error]     return self._configure(('itemconfigure', tagOrId), cnf, kw)
2020-03-06T08:59:47-0300 [stderr#error]   File "/usr/lib/python3.6/tkinter/__init__.py", line 1479, in _configure
2020-03-06T08:59:47-0300 [stderr#error]     self.tk.call(_flatten((self._w, cmd)) + self._options(cnf))
2020-03-06T08:59:47-0300 [stderr#error] RuntimeError: main thread is not in main loop
2020-03-06T08:59:47-0300 [stdout#info] OPACOTE É b'{"destiny_addr": "127.0.0.1", "destiny_port": 5100, "source_addr": "127.0.0.1", "source_port": 42418, "type": "http", "payload": {"action": "publish", "topic": "sensor_metering", "content": "17.6 Kwh"}}\n'
2020-03-06T08:59:47-0300 [twisted.internet.endpoints.OneShotFactory#info] Starting factory <twisted.internet.endpoints.connectProtocol.<locals>.OneShotFactory object at 0x7f5aa354aa58>
2020-03-06T08:59:47-0300 [-] 127.0.0.1:42420 - sending MQTT PUBLISH REQUEST - Number of events: 19
2020-03-06T08:59:48-0300 [stderr#error] Exception in thread Thread-10:
2020-03-06T08:59:48-0300 [stderr#error] Traceback (most recent call last):
2020-03-06T08:59:48-0300 [stderr#error]   File "/usr/lib/python3.6/threading.py", line 916, in _bootstrap_inner
2020-03-06T08:59:48-0300 [stderr#error]     self.run()
2020-03-06T08:59:48-0300 [stderr#error]   File "/usr/lib/python3.6/threading.py", line 864, in run
2020-03-06T08:59:48-0300 [stderr#error]     self._target(*self._args, **self._kwargs)
2020-03-06T08:59:48-0300 [stderr#error]   File "/home/rafael/iotfogsim/scinetsim/applications/applicationcomponent.py", line 116, in propagate_signal
2020-03-06T08:59:48-0300 [stderr#error]     self.simulation_core.canvas.itemconfig(self.visual_component.draggable_signal_circle, outline="red")
2020-03-06T08:59:48-0300 [stderr#error]   File "/usr/lib/python3.6/tkinter/__init__.py", line 2581, in itemconfigure
2020-03-06T08:59:48-0300 [stderr#error]     return self._configure(('itemconfigure', tagOrId), cnf, kw)
2020-03-06T08:59:48-0300 [stderr#error]   File "/usr/lib/python3.6/tkinter/__init__.py", line 1479, in _configure
2020-03-06T08:59:48-0300 [stderr#error]     self.tk.call(_flatten((self._w, cmd)) + self._options(cnf))
2020-03-06T08:59:48-0300 [stderr#error] RuntimeError: main thread is not in main loop
2020-03-06T08:59:48-0300 [stdout#info] OPACOTE É b'{"destiny_addr": "127.0.0.1", "destiny_port": 5100, "source_addr": "127.0.0.1", "source_port": 42420, "type": "http", "payload": {"action": "publish", "topic": "sensor_metering", "content": "14.26 Kwh"}}\n'
2020-03-06T08:59:48-0300 [twisted.internet.endpoints.OneShotFactory#info] Starting factory <twisted.internet.endpoints.connectProtocol.<locals>.OneShotFactory object at 0x7f5aa354ad68>
2020-03-06T08:59:52-0300 [-] 127.0.0.1:42418 - sending MQTT PUBLISH REQUEST - Number of events: 20
2020-03-06T08:59:53-0300 [stderr#error] Exception in thread Thread-11:
2020-03-06T08:59:53-0300 [stderr#error] Traceback (most recent call last):
2020-03-06T08:59:53-0300 [stderr#error]   File "/usr/lib/python3.6/threading.py", line 916, in _bootstrap_inner
2020-03-06T08:59:53-0300 [stderr#error]     self.run()
2020-03-06T08:59:53-0300 [stderr#error]   File "/usr/lib/python3.6/threading.py", line 864, in run
2020-03-06T08:59:53-0300 [stderr#error]     self._target(*self._args, **self._kwargs)
2020-03-06T08:59:53-0300 [stderr#error]   File "/home/rafael/iotfogsim/scinetsim/applications/applicationcomponent.py", line 116, in propagate_signal
2020-03-06T08:59:53-0300 [stderr#error]     self.simulation_core.canvas.itemconfig(self.visual_component.draggable_signal_circle, outline="red")
2020-03-06T08:59:53-0300 [stderr#error]   File "/usr/lib/python3.6/tkinter/__init__.py", line 2581, in itemconfigure
2020-03-06T08:59:53-0300 [stderr#error]     return self._configure(('itemconfigure', tagOrId), cnf, kw)
2020-03-06T08:59:53-0300 [stderr#error]   File "/usr/lib/python3.6/tkinter/__init__.py", line 1479, in _configure
2020-03-06T08:59:53-0300 [stderr#error]     self.tk.call(_flatten((self._w, cmd)) + self._options(cnf))
2020-03-06T08:59:53-0300 [stderr#error] RuntimeError: main thread is not in main loop
2020-03-06T08:59:53-0300 [-] 127.0.0.1:42420 - sending MQTT PUBLISH REQUEST - Number of events: 21
2020-03-06T08:59:54-0300 [stderr#error] Exception in thread Thread-12:
2020-03-06T08:59:54-0300 [stderr#error] Traceback (most recent call last):
2020-03-06T08:59:54-0300 [stderr#error]   File "/usr/lib/python3.6/threading.py", line 916, in _bootstrap_inner
2020-03-06T08:59:54-0300 [stderr#error]     self.run()
2020-03-06T08:59:54-0300 [stderr#error]   File "/usr/lib/python3.6/threading.py", line 864, in run
2020-03-06T08:59:54-0300 [stderr#error]     self._target(*self._args, **self._kwargs)
2020-03-06T08:59:54-0300 [stderr#error]   File "/home/rafael/iotfogsim/scinetsim/applications/applicationcomponent.py", line 116, in propagate_signal
2020-03-06T08:59:54-0300 [stderr#error]     self.simulation_core.canvas.itemconfig(self.visual_component.draggable_signal_circle, outline="red")
2020-03-06T08:59:54-0300 [stderr#error]   File "/usr/lib/python3.6/tkinter/__init__.py", line 2581, in itemconfigure
2020-03-06T08:59:54-0300 [stderr#error]     return self._configure(('itemconfigure', tagOrId), cnf, kw)
2020-03-06T08:59:54-0300 [stderr#error]   File "/usr/lib/python3.6/tkinter/__init__.py", line 1479, in _configure
2020-03-06T08:59:54-0300 [stderr#error]     self.tk.call(_flatten((self._w, cmd)) + self._options(cnf))
2020-03-06T08:59:54-0300 [stderr#error] RuntimeError: main thread is not in main loop
2020-03-06T08:59:54-0300 [stdout#info] OPACOTE É b'{"destiny_addr": "127.0.0.1", "destiny_port": 5100, "source_addr": "127.0.0.1", "source_port": 42418, "type": "http", "payload": {"action": "publish", "topic": "sensor_metering", "content": "18.51 Kwh"}}\n'
2020-03-06T08:59:54-0300 [twisted.internet.endpoints.OneShotFactory#info] Starting factory <twisted.internet.endpoints.connectProtocol.<locals>.OneShotFactory object at 0x7f5aa354ae48>
2020-03-06T08:59:54-0300 [stdout#info] OPACOTE É b'{"destiny_addr": "127.0.0.1", "destiny_port": 5100, "source_addr": "127.0.0.1", "source_port": 42420, "type": "http", "payload": {"action": "publish", "topic": "sensor_metering", "content": "11.5 Kwh"}}\n'
2020-03-06T08:59:54-0300 [twisted.internet.endpoints.OneShotFactory#info] Starting factory <twisted.internet.endpoints.connectProtocol.<locals>.OneShotFactory object at 0x7f5aa354ad30>
2020-03-06T08:59:58-0300 [-] 127.0.0.1:42418 - sending MQTT PUBLISH REQUEST - Number of events: 22
2020-03-06T08:59:59-0300 [stderr#error] Exception in thread Thread-13:
2020-03-06T08:59:59-0300 [stderr#error] Traceback (most recent call last):
2020-03-06T08:59:59-0300 [stderr#error]   File "/usr/lib/python3.6/threading.py", line 916, in _bootstrap_inner
2020-03-06T08:59:59-0300 [stderr#error]     self.run()
2020-03-06T08:59:59-0300 [stderr#error]   File "/usr/lib/python3.6/threading.py", line 864, in run
2020-03-06T08:59:59-0300 [stderr#error]     self._target(*self._args, **self._kwargs)
2020-03-06T08:59:59-0300 [stderr#error]   File "/home/rafael/iotfogsim/scinetsim/applications/applicationcomponent.py", line 116, in propagate_signal
2020-03-06T08:59:59-0300 [stderr#error]     self.simulation_core.canvas.itemconfig(self.visual_component.draggable_signal_circle, outline="red")
2020-03-06T08:59:59-0300 [stderr#error]   File "/usr/lib/python3.6/tkinter/__init__.py", line 2581, in itemconfigure
2020-03-06T08:59:59-0300 [stderr#error]     return self._configure(('itemconfigure', tagOrId), cnf, kw)
2020-03-06T08:59:59-0300 [stderr#error]   File "/usr/lib/python3.6/tkinter/__init__.py", line 1479, in _configure
2020-03-06T08:59:59-0300 [stderr#error]     self.tk.call(_flatten((self._w, cmd)) + self._options(cnf))
2020-03-06T08:59:59-0300 [stderr#error] RuntimeError: main thread is not in main loop
2020-03-06T08:59:59-0300 [stdout#info] OPACOTE É b'{"destiny_addr": "127.0.0.1", "destiny_port": 5100, "source_addr": "127.0.0.1", "source_port": 42418, "type": "http", "payload": {"action": "publish", "topic": "sensor_metering", "content": "4.9 Kwh"}}\n'
2020-03-06T08:59:59-0300 [twisted.internet.endpoints.OneShotFactory#info] Starting factory <twisted.internet.endpoints.connectProtocol.<locals>.OneShotFactory object at 0x7f5aa34da320>
2020-03-06T08:59:59-0300 [-] 127.0.0.1:42420 - sending MQTT PUBLISH REQUEST - Number of events: 23
2020-03-06T09:00:00-0300 [stderr#error] Exception in thread Thread-14:
2020-03-06T09:00:00-0300 [stderr#error] Traceback (most recent call last):
2020-03-06T09:00:00-0300 [stderr#error]   File "/usr/lib/python3.6/threading.py", line 916, in _bootstrap_inner
2020-03-06T09:00:00-0300 [stderr#error]     self.run()
2020-03-06T09:00:00-0300 [stderr#error]   File "/usr/lib/python3.6/threading.py", line 864, in run
2020-03-06T09:00:00-0300 [stderr#error]     self._target(*self._args, **self._kwargs)
2020-03-06T09:00:00-0300 [stderr#error]   File "/home/rafael/iotfogsim/scinetsim/applications/applicationcomponent.py", line 116, in propagate_signal
2020-03-06T09:00:00-0300 [stderr#error]     self.simulation_core.canvas.itemconfig(self.visual_component.draggable_signal_circle, outline="red")
2020-03-06T09:00:00-0300 [stderr#error]   File "/usr/lib/python3.6/tkinter/__init__.py", line 2581, in itemconfigure
2020-03-06T09:00:00-0300 [stderr#error]     return self._configure(('itemconfigure', tagOrId), cnf, kw)
2020-03-06T09:00:00-0300 [stderr#error]   File "/usr/lib/python3.6/tkinter/__init__.py", line 1479, in _configure
2020-03-06T09:00:00-0300 [stderr#error]     self.tk.call(_flatten((self._w, cmd)) + self._options(cnf))
2020-03-06T09:00:00-0300 [stderr#error] RuntimeError: main thread is not in main loop
2020-03-06T09:00:00-0300 [stdout#info] OPACOTE É b'{"destiny_addr": "127.0.0.1", "destiny_port": 5100, "source_addr": "127.0.0.1", "source_port": 42420, "type": "http", "payload": {"action": "publish", "topic": "sensor_metering", "content": "4.84 Kwh"}}\n'
2020-03-06T09:00:00-0300 [twisted.internet.endpoints.OneShotFactory#info] Starting factory <twisted.internet.endpoints.connectProtocol.<locals>.OneShotFactory object at 0x7f5aaabc42e8>
2020-03-06T09:00:04-0300 [-] 127.0.0.1:42418 - sending MQTT PUBLISH REQUEST - Number of events: 24
2020-03-06T09:00:05-0300 [stderr#error] Exception in thread Thread-15:
2020-03-06T09:00:05-0300 [stderr#error] Traceback (most recent call last):
2020-03-06T09:00:05-0300 [stderr#error]   File "/usr/lib/python3.6/threading.py", line 916, in _bootstrap_inner
2020-03-06T09:00:05-0300 [stderr#error]     self.run()
2020-03-06T09:00:05-0300 [stderr#error]   File "/usr/lib/python3.6/threading.py", line 864, in run
2020-03-06T09:00:05-0300 [stderr#error]     self._target(*self._args, **self._kwargs)
2020-03-06T09:00:05-0300 [stderr#error]   File "/home/rafael/iotfogsim/scinetsim/applications/applicationcomponent.py", line 116, in propagate_signal
2020-03-06T09:00:05-0300 [stderr#error]     self.simulation_core.canvas.itemconfig(self.visual_component.draggable_signal_circle, outline="red")
2020-03-06T09:00:05-0300 [stderr#error]   File "/usr/lib/python3.6/tkinter/__init__.py", line 2581, in itemconfigure
2020-03-06T09:00:05-0300 [stderr#error]     return self._configure(('itemconfigure', tagOrId), cnf, kw)
2020-03-06T09:00:05-0300 [stderr#error]   File "/usr/lib/python3.6/tkinter/__init__.py", line 1479, in _configure
2020-03-06T09:00:05-0300 [stderr#error]     self.tk.call(_flatten((self._w, cmd)) + self._options(cnf))
2020-03-06T09:00:05-0300 [stderr#error] RuntimeError: main thread is not in main loop
2020-03-06T09:00:05-0300 [stdout#info] OPACOTE É b'{"destiny_addr": "127.0.0.1", "destiny_port": 5100, "source_addr": "127.0.0.1", "source_port": 42418, "type": "http", "payload": {"action": "publish", "topic": "sensor_metering", "content": "8.06 Kwh"}}\n'
2020-03-06T09:00:05-0300 [twisted.internet.endpoints.OneShotFactory#info] Starting factory <twisted.internet.endpoints.connectProtocol.<locals>.OneShotFactory object at 0x7f5aa34da630>
2020-03-06T09:00:05-0300 [-] 127.0.0.1:42420 - sending MQTT PUBLISH REQUEST - Number of events: 25
2020-03-06T09:00:06-0300 [stderr#error] Exception in thread Thread-16:
2020-03-06T09:00:06-0300 [stderr#error] Traceback (most recent call last):
2020-03-06T09:00:06-0300 [stderr#error]   File "/usr/lib/python3.6/threading.py", line 916, in _bootstrap_inner
2020-03-06T09:00:06-0300 [stderr#error]     self.run()
2020-03-06T09:00:06-0300 [stderr#error]   File "/usr/lib/python3.6/threading.py", line 864, in run
2020-03-06T09:00:06-0300 [stderr#error]     self._target(*self._args, **self._kwargs)
2020-03-06T09:00:06-0300 [stderr#error]   File "/home/rafael/iotfogsim/scinetsim/applications/applicationcomponent.py", line 116, in propagate_signal
2020-03-06T09:00:06-0300 [stderr#error]     self.simulation_core.canvas.itemconfig(self.visual_component.draggable_signal_circle, outline="red")
2020-03-06T09:00:06-0300 [stderr#error]   File "/usr/lib/python3.6/tkinter/__init__.py", line 2581, in itemconfigure
2020-03-06T09:00:06-0300 [stderr#error]     return self._configure(('itemconfigure', tagOrId), cnf, kw)
2020-03-06T09:00:06-0300 [stderr#error]   File "/usr/lib/python3.6/tkinter/__init__.py", line 1479, in _configure
2020-03-06T09:00:06-0300 [stderr#error]     self.tk.call(_flatten((self._w, cmd)) + self._options(cnf))
2020-03-06T09:00:06-0300 [stderr#error] RuntimeError: main thread is not in main loop
2020-03-06T09:00:06-0300 [stdout#info] OPACOTE É b'{"destiny_addr": "127.0.0.1", "destiny_port": 5100, "source_addr": "127.0.0.1", "source_port": 42420, "type": "http", "payload": {"action": "publish", "topic": "sensor_metering", "content": "2.73 Kwh"}}\n'
2020-03-06T09:00:06-0300 [twisted.internet.endpoints.OneShotFactory#info] Starting factory <twisted.internet.endpoints.connectProtocol.<locals>.OneShotFactory object at 0x7f5aa34daa20>
2020-03-06T09:00:10-0300 [-] 127.0.0.1:42418 - sending MQTT PUBLISH REQUEST - Number of events: 26
2020-03-06T09:00:11-0300 [stderr#error] Exception in thread Thread-17:
2020-03-06T09:00:11-0300 [stderr#error] Traceback (most recent call last):
2020-03-06T09:00:11-0300 [stderr#error]   File "/usr/lib/python3.6/threading.py", line 916, in _bootstrap_inner
2020-03-06T09:00:11-0300 [stderr#error]     self.run()
2020-03-06T09:00:11-0300 [stderr#error]   File "/usr/lib/python3.6/threading.py", line 864, in run
2020-03-06T09:00:11-0300 [stderr#error]     self._target(*self._args, **self._kwargs)
2020-03-06T09:00:11-0300 [stderr#error]   File "/home/rafael/iotfogsim/scinetsim/applications/applicationcomponent.py", line 116, in propagate_signal
2020-03-06T09:00:11-0300 [stderr#error]     self.simulation_core.canvas.itemconfig(self.visual_component.draggable_signal_circle, outline="red")
2020-03-06T09:00:11-0300 [stderr#error]   File "/usr/lib/python3.6/tkinter/__init__.py", line 2581, in itemconfigure
2020-03-06T09:00:11-0300 [stderr#error]     return self._configure(('itemconfigure', tagOrId), cnf, kw)
2020-03-06T09:00:11-0300 [stderr#error]   File "/usr/lib/python3.6/tkinter/__init__.py", line 1479, in _configure
2020-03-06T09:00:11-0300 [stderr#error]     self.tk.call(_flatten((self._w, cmd)) + self._options(cnf))
2020-03-06T09:00:11-0300 [stderr#error] RuntimeError: main thread is not in main loop
2020-03-06T09:00:11-0300 [stdout#info] OPACOTE É b'{"destiny_addr": "127.0.0.1", "destiny_port": 5100, "source_addr": "127.0.0.1", "source_port": 42418, "type": "http", "payload": {"action": "publish", "topic": "sensor_metering", "content": "15.37 Kwh"}}\n'
2020-03-06T09:00:11-0300 [twisted.internet.endpoints.OneShotFactory#info] Starting factory <twisted.internet.endpoints.connectProtocol.<locals>.OneShotFactory object at 0x7f5aa34dab70>
2020-03-06T09:00:11-0300 [-] 127.0.0.1:42420 - sending MQTT PUBLISH REQUEST - Number of events: 27
2020-03-06T09:00:12-0300 [stderr#error] Exception in thread Thread-18:
2020-03-06T09:00:12-0300 [stderr#error] Traceback (most recent call last):
2020-03-06T09:00:12-0300 [stderr#error]   File "/usr/lib/python3.6/threading.py", line 916, in _bootstrap_inner
2020-03-06T09:00:12-0300 [stderr#error]     self.run()
2020-03-06T09:00:12-0300 [stderr#error]   File "/usr/lib/python3.6/threading.py", line 864, in run
2020-03-06T09:00:12-0300 [stderr#error]     self._target(*self._args, **self._kwargs)
2020-03-06T09:00:12-0300 [stderr#error]   File "/home/rafael/iotfogsim/scinetsim/applications/applicationcomponent.py", line 116, in propagate_signal
2020-03-06T09:00:12-0300 [stderr#error]     self.simulation_core.canvas.itemconfig(self.visual_component.draggable_signal_circle, outline="red")
2020-03-06T09:00:12-0300 [stderr#error]   File "/usr/lib/python3.6/tkinter/__init__.py", line 2581, in itemconfigure
2020-03-06T09:00:12-0300 [stderr#error]     return self._configure(('itemconfigure', tagOrId), cnf, kw)
2020-03-06T09:00:12-0300 [stderr#error]   File "/usr/lib/python3.6/tkinter/__init__.py", line 1479, in _configure
2020-03-06T09:00:12-0300 [stderr#error]     self.tk.call(_flatten((self._w, cmd)) + self._options(cnf))
2020-03-06T09:00:12-0300 [stderr#error] RuntimeError: main thread is not in main loop
2020-03-06T09:00:12-0300 [stdout#info] OPACOTE É b'{"destiny_addr": "127.0.0.1", "destiny_port": 5100, "source_addr": "127.0.0.1", "source_port": 42420, "type": "http", "payload": {"action": "publish", "topic": "sensor_metering", "content": "10.68 Kwh"}}\n'
2020-03-06T09:00:12-0300 [twisted.internet.endpoints.OneShotFactory#info] Starting factory <twisted.internet.endpoints.connectProtocol.<locals>.OneShotFactory object at 0x7f5aa34dad30>
2020-03-06T09:00:16-0300 [-] 127.0.0.1:42418 - sending MQTT PUBLISH REQUEST - Number of events: 28
2020-03-06T09:00:17-0300 [stderr#error] Exception in thread Thread-19:
2020-03-06T09:00:17-0300 [stderr#error] Traceback (most recent call last):
2020-03-06T09:00:17-0300 [stderr#error]   File "/usr/lib/python3.6/threading.py", line 916, in _bootstrap_inner
2020-03-06T09:00:17-0300 [stderr#error]     self.run()
2020-03-06T09:00:17-0300 [stderr#error]   File "/usr/lib/python3.6/threading.py", line 864, in run
2020-03-06T09:00:17-0300 [stderr#error]     self._target(*self._args, **self._kwargs)
2020-03-06T09:00:17-0300 [stderr#error]   File "/home/rafael/iotfogsim/scinetsim/applications/applicationcomponent.py", line 116, in propagate_signal
2020-03-06T09:00:17-0300 [stderr#error]     self.simulation_core.canvas.itemconfig(self.visual_component.draggable_signal_circle, outline="red")
2020-03-06T09:00:17-0300 [stderr#error]   File "/usr/lib/python3.6/tkinter/__init__.py", line 2581, in itemconfigure
2020-03-06T09:00:17-0300 [stderr#error]     return self._configure(('itemconfigure', tagOrId), cnf, kw)
2020-03-06T09:00:17-0300 [stderr#error]   File "/usr/lib/python3.6/tkinter/__init__.py", line 1479, in _configure
2020-03-06T09:00:17-0300 [stderr#error]     self.tk.call(_flatten((self._w, cmd)) + self._options(cnf))
2020-03-06T09:00:17-0300 [stderr#error] RuntimeError: main thread is not in main loop
2020-03-06T09:00:17-0300 [-] 127.0.0.1:42420 - sending MQTT PUBLISH REQUEST - Number of events: 29
2020-03-06T09:00:18-0300 [stderr#error] Exception in thread Thread-20:
2020-03-06T09:00:18-0300 [stderr#error] Traceback (most recent call last):
2020-03-06T09:00:18-0300 [stderr#error]   File "/usr/lib/python3.6/threading.py", line 916, in _bootstrap_inner
2020-03-06T09:00:18-0300 [stderr#error]     self.run()
2020-03-06T09:00:18-0300 [stderr#error]   File "/usr/lib/python3.6/threading.py", line 864, in run
2020-03-06T09:00:18-0300 [stderr#error]     self._target(*self._args, **self._kwargs)
2020-03-06T09:00:18-0300 [stderr#error]   File "/home/rafael/iotfogsim/scinetsim/applications/applicationcomponent.py", line 116, in propagate_signal
2020-03-06T09:00:18-0300 [stderr#error]     self.simulation_core.canvas.itemconfig(self.visual_component.draggable_signal_circle, outline="red")
2020-03-06T09:00:18-0300 [stderr#error]   File "/usr/lib/python3.6/tkinter/__init__.py", line 2581, in itemconfigure
2020-03-06T09:00:18-0300 [stderr#error]     return self._configure(('itemconfigure', tagOrId), cnf, kw)
2020-03-06T09:00:18-0300 [stderr#error]   File "/usr/lib/python3.6/tkinter/__init__.py", line 1479, in _configure
2020-03-06T09:00:18-0300 [stderr#error]     self.tk.call(_flatten((self._w, cmd)) + self._options(cnf))
2020-03-06T09:00:18-0300 [stderr#error] RuntimeError: main thread is not in main loop
2020-03-06T09:00:18-0300 [stdout#info] OPACOTE É b'{"destiny_addr": "127.0.0.1", "destiny_port": 5100, "source_addr": "127.0.0.1", "source_port": 42418, "type": "http", "payload": {"action": "publish", "topic": "sensor_metering", "content": "8.04 Kwh"}}\n'
2020-03-06T09:00:18-0300 [twisted.internet.endpoints.OneShotFactory#info] Starting factory <twisted.internet.endpoints.connectProtocol.<locals>.OneShotFactory object at 0x7f5aa34e8160>
2020-03-06T09:00:18-0300 [stdout#info] OPACOTE É b'{"destiny_addr": "127.0.0.1", "destiny_port": 5100, "source_addr": "127.0.0.1", "source_port": 42420, "type": "http", "payload": {"action": "publish", "topic": "sensor_metering", "content": "21.74 Kwh"}}\n'
2020-03-06T09:00:18-0300 [twisted.internet.endpoints.OneShotFactory#info] Starting factory <twisted.internet.endpoints.connectProtocol.<locals>.OneShotFactory object at 0x7f5aa34e8208>
2020-03-06T09:00:22-0300 [-] 127.0.0.1:42418 - sending MQTT PUBLISH REQUEST - Number of events: 30
2020-03-06T09:00:23-0300 [stderr#error] Exception in thread Thread-21:
2020-03-06T09:00:23-0300 [stderr#error] Traceback (most recent call last):
2020-03-06T09:00:23-0300 [stderr#error]   File "/usr/lib/python3.6/threading.py", line 916, in _bootstrap_inner
2020-03-06T09:00:23-0300 [stderr#error]     self.run()
2020-03-06T09:00:23-0300 [stderr#error]   File "/usr/lib/python3.6/threading.py", line 864, in run
2020-03-06T09:00:23-0300 [stderr#error]     self._target(*self._args, **self._kwargs)
2020-03-06T09:00:23-0300 [stderr#error]   File "/home/rafael/iotfogsim/scinetsim/applications/applicationcomponent.py", line 116, in propagate_signal
2020-03-06T09:00:23-0300 [stderr#error]     self.simulation_core.canvas.itemconfig(self.visual_component.draggable_signal_circle, outline="red")
2020-03-06T09:00:23-0300 [stderr#error]   File "/usr/lib/python3.6/tkinter/__init__.py", line 2581, in itemconfigure
2020-03-06T09:00:23-0300 [stderr#error]     return self._configure(('itemconfigure', tagOrId), cnf, kw)
2020-03-06T09:00:23-0300 [stderr#error]   File "/usr/lib/python3.6/tkinter/__init__.py", line 1479, in _configure
2020-03-06T09:00:23-0300 [stderr#error]     self.tk.call(_flatten((self._w, cmd)) + self._options(cnf))
2020-03-06T09:00:23-0300 [stderr#error] RuntimeError: main thread is not in main loop
2020-03-06T09:00:23-0300 [stdout#info] OPACOTE É b'{"destiny_addr": "127.0.0.1", "destiny_port": 5100, "source_addr": "127.0.0.1", "source_port": 42418, "type": "http", "payload": {"action": "publish", "topic": "sensor_metering", "content": "6.65 Kwh"}}\n'
2020-03-06T09:00:23-0300 [twisted.internet.endpoints.OneShotFactory#info] Starting factory <twisted.internet.endpoints.connectProtocol.<locals>.OneShotFactory object at 0x7f5aa34e8550>
2020-03-06T09:00:23-0300 [-] 127.0.0.1:42420 - sending MQTT PUBLISH REQUEST - Number of events: 31
2020-03-06T09:00:24-0300 [stderr#error] Exception in thread Thread-22:
2020-03-06T09:00:24-0300 [stderr#error] Traceback (most recent call last):
2020-03-06T09:00:24-0300 [stderr#error]   File "/usr/lib/python3.6/threading.py", line 916, in _bootstrap_inner
2020-03-06T09:00:24-0300 [stderr#error]     self.run()
2020-03-06T09:00:24-0300 [stderr#error]   File "/usr/lib/python3.6/threading.py", line 864, in run
2020-03-06T09:00:24-0300 [stderr#error]     self._target(*self._args, **self._kwargs)
2020-03-06T09:00:24-0300 [stderr#error]   File "/home/rafael/iotfogsim/scinetsim/applications/applicationcomponent.py", line 116, in propagate_signal
2020-03-06T09:00:24-0300 [stderr#error]     self.simulation_core.canvas.itemconfig(self.visual_component.draggable_signal_circle, outline="red")
2020-03-06T09:00:24-0300 [stderr#error]   File "/usr/lib/python3.6/tkinter/__init__.py", line 2581, in itemconfigure
2020-03-06T09:00:24-0300 [stderr#error]     return self._configure(('itemconfigure', tagOrId), cnf, kw)
2020-03-06T09:00:24-0300 [stderr#error]   File "/usr/lib/python3.6/tkinter/__init__.py", line 1479, in _configure
2020-03-06T09:00:24-0300 [stderr#error]     self.tk.call(_flatten((self._w, cmd)) + self._options(cnf))
2020-03-06T09:00:24-0300 [stderr#error] RuntimeError: main thread is not in main loop
2020-03-06T09:00:24-0300 [stdout#info] OPACOTE É b'{"destiny_addr": "127.0.0.1", "destiny_port": 5100, "source_addr": "127.0.0.1", "source_port": 42420, "type": "http", "payload": {"action": "publish", "topic": "sensor_metering", "content": "4.36 Kwh"}}\n'
2020-03-06T09:00:24-0300 [twisted.internet.endpoints.OneShotFactory#info] Starting factory <twisted.internet.endpoints.connectProtocol.<locals>.OneShotFactory object at 0x7f5aa34e88d0>
2020-03-06T09:00:28-0300 [-] 127.0.0.1:42418 - sending MQTT PUBLISH REQUEST - Number of events: 32
2020-03-06T09:00:29-0300 [stderr#error] Exception in thread Thread-23:
2020-03-06T09:00:29-0300 [stderr#error] Traceback (most recent call last):
2020-03-06T09:00:29-0300 [stderr#error]   File "/usr/lib/python3.6/threading.py", line 916, in _bootstrap_inner
2020-03-06T09:00:29-0300 [stderr#error]     self.run()
2020-03-06T09:00:29-0300 [stderr#error]   File "/usr/lib/python3.6/threading.py", line 864, in run
2020-03-06T09:00:29-0300 [stderr#error]     self._target(*self._args, **self._kwargs)
2020-03-06T09:00:29-0300 [stderr#error]   File "/home/rafael/iotfogsim/scinetsim/applications/applicationcomponent.py", line 116, in propagate_signal
2020-03-06T09:00:29-0300 [stderr#error]     self.simulation_core.canvas.itemconfig(self.visual_component.draggable_signal_circle, outline="red")
2020-03-06T09:00:29-0300 [stderr#error]   File "/usr/lib/python3.6/tkinter/__init__.py", line 2581, in itemconfigure
2020-03-06T09:00:29-0300 [stderr#error]     return self._configure(('itemconfigure', tagOrId), cnf, kw)
2020-03-06T09:00:29-0300 [stderr#error]   File "/usr/lib/python3.6/tkinter/__init__.py", line 1479, in _configure
2020-03-06T09:00:29-0300 [stderr#error]     self.tk.call(_flatten((self._w, cmd)) + self._options(cnf))
2020-03-06T09:00:29-0300 [stderr#error] RuntimeError: main thread is not in main loop
2020-03-06T09:00:29-0300 [stdout#info] OPACOTE É b'{"destiny_addr": "127.0.0.1", "destiny_port": 5100, "source_addr": "127.0.0.1", "source_port": 42418, "type": "http", "payload": {"action": "publish", "topic": "sensor_metering", "content": "7.53 Kwh"}}\n'
2020-03-06T09:00:29-0300 [twisted.internet.endpoints.OneShotFactory#info] Starting factory <twisted.internet.endpoints.connectProtocol.<locals>.OneShotFactory object at 0x7f5aa34e8898>
2020-03-06T09:00:29-0300 [-] 127.0.0.1:42420 - sending MQTT PUBLISH REQUEST - Number of events: 33
2020-03-06T09:00:30-0300 [stderr#error] Exception in thread Thread-24:
2020-03-06T09:00:30-0300 [stderr#error] Traceback (most recent call last):
2020-03-06T09:00:30-0300 [stderr#error]   File "/usr/lib/python3.6/threading.py", line 916, in _bootstrap_inner
2020-03-06T09:00:30-0300 [stderr#error]     self.run()
2020-03-06T09:00:30-0300 [stderr#error]   File "/usr/lib/python3.6/threading.py", line 864, in run
2020-03-06T09:00:30-0300 [stderr#error]     self._target(*self._args, **self._kwargs)
2020-03-06T09:00:30-0300 [stderr#error]   File "/home/rafael/iotfogsim/scinetsim/applications/applicationcomponent.py", line 116, in propagate_signal
2020-03-06T09:00:30-0300 [stderr#error]     self.simulation_core.canvas.itemconfig(self.visual_component.draggable_signal_circle, outline="red")
2020-03-06T09:00:30-0300 [stderr#error]   File "/usr/lib/python3.6/tkinter/__init__.py", line 2581, in itemconfigure
2020-03-06T09:00:30-0300 [stderr#error]     return self._configure(('itemconfigure', tagOrId), cnf, kw)
2020-03-06T09:00:30-0300 [stderr#error]   File "/usr/lib/python3.6/tkinter/__init__.py", line 1479, in _configure
2020-03-06T09:00:30-0300 [stderr#error]     self.tk.call(_flatten((self._w, cmd)) + self._options(cnf))
2020-03-06T09:00:30-0300 [stderr#error] RuntimeError: main thread is not in main loop
2020-03-06T09:00:30-0300 [stdout#info] OPACOTE É b'{"destiny_addr": "127.0.0.1", "destiny_port": 5100, "source_addr": "127.0.0.1", "source_port": 42420, "type": "http", "payload": {"action": "publish", "topic": "sensor_metering", "content": "16.73 Kwh"}}\n'
2020-03-06T09:00:30-0300 [twisted.internet.endpoints.OneShotFactory#info] Starting factory <twisted.internet.endpoints.connectProtocol.<locals>.OneShotFactory object at 0x7f5aa34e8c50>
2020-03-06T09:00:34-0300 [-] 127.0.0.1:42418 - sending MQTT PUBLISH REQUEST - Number of events: 34
2020-03-06T09:00:35-0300 [stderr#error] Exception in thread Thread-25:
2020-03-06T09:00:35-0300 [stderr#error] Traceback (most recent call last):
2020-03-06T09:00:35-0300 [stderr#error]   File "/usr/lib/python3.6/threading.py", line 916, in _bootstrap_inner
2020-03-06T09:00:35-0300 [stderr#error]     self.run()
2020-03-06T09:00:35-0300 [stderr#error]   File "/usr/lib/python3.6/threading.py", line 864, in run
2020-03-06T09:00:35-0300 [stderr#error]     self._target(*self._args, **self._kwargs)
2020-03-06T09:00:35-0300 [stderr#error]   File "/home/rafael/iotfogsim/scinetsim/applications/applicationcomponent.py", line 116, in propagate_signal
2020-03-06T09:00:35-0300 [stderr#error]     self.simulation_core.canvas.itemconfig(self.visual_component.draggable_signal_circle, outline="red")
2020-03-06T09:00:35-0300 [stderr#error]   File "/usr/lib/python3.6/tkinter/__init__.py", line 2581, in itemconfigure
2020-03-06T09:00:35-0300 [stderr#error]     return self._configure(('itemconfigure', tagOrId), cnf, kw)
2020-03-06T09:00:35-0300 [stderr#error]   File "/usr/lib/python3.6/tkinter/__init__.py", line 1479, in _configure
2020-03-06T09:00:35-0300 [stderr#error]     self.tk.call(_flatten((self._w, cmd)) + self._options(cnf))
2020-03-06T09:00:35-0300 [stderr#error] RuntimeError: main thread is not in main loop
2020-03-06T09:00:35-0300 [stdout#info] OPACOTE É b'{"destiny_addr": "127.0.0.1", "destiny_port": 5100, "source_addr": "127.0.0.1", "source_port": 42418, "type": "http", "payload": {"action": "publish", "topic": "sensor_metering", "content": "5.44 Kwh"}}\n'
2020-03-06T09:00:35-0300 [twisted.internet.endpoints.OneShotFactory#info] Starting factory <twisted.internet.endpoints.connectProtocol.<locals>.OneShotFactory object at 0x7f5aa34e8f98>
2020-03-06T09:00:35-0300 [-] 127.0.0.1:42420 - sending MQTT PUBLISH REQUEST - Number of events: 35
2020-03-06T09:00:36-0300 [stderr#error] Exception in thread Thread-26:
2020-03-06T09:00:36-0300 [stderr#error] Traceback (most recent call last):
2020-03-06T09:00:36-0300 [stderr#error]   File "/usr/lib/python3.6/threading.py", line 916, in _bootstrap_inner
2020-03-06T09:00:36-0300 [stderr#error]     self.run()
2020-03-06T09:00:36-0300 [stderr#error]   File "/usr/lib/python3.6/threading.py", line 864, in run
2020-03-06T09:00:36-0300 [stderr#error]     self._target(*self._args, **self._kwargs)
2020-03-06T09:00:36-0300 [stderr#error]   File "/home/rafael/iotfogsim/scinetsim/applications/applicationcomponent.py", line 116, in propagate_signal
2020-03-06T09:00:36-0300 [stderr#error]     self.simulation_core.canvas.itemconfig(self.visual_component.draggable_signal_circle, outline="red")
2020-03-06T09:00:36-0300 [stderr#error]   File "/usr/lib/python3.6/tkinter/__init__.py", line 2581, in itemconfigure
2020-03-06T09:00:36-0300 [stderr#error]     return self._configure(('itemconfigure', tagOrId), cnf, kw)
2020-03-06T09:00:36-0300 [stderr#error]   File "/usr/lib/python3.6/tkinter/__init__.py", line 1479, in _configure
2020-03-06T09:00:36-0300 [stderr#error]     self.tk.call(_flatten((self._w, cmd)) + self._options(cnf))
2020-03-06T09:00:36-0300 [stderr#error] RuntimeError: main thread is not in main loop
2020-03-06T09:00:36-0300 [stdout#info] OPACOTE É b'{"destiny_addr": "127.0.0.1", "destiny_port": 5100, "source_addr": "127.0.0.1", "source_port": 42420, "type": "http", "payload": {"action": "publish", "topic": "sensor_metering", "content": "10.85 Kwh"}}\n'
2020-03-06T09:00:36-0300 [twisted.internet.endpoints.OneShotFactory#info] Starting factory <twisted.internet.endpoints.connectProtocol.<locals>.OneShotFactory object at 0x7f5aa3502160>
2020-03-06T09:00:40-0300 [-] 127.0.0.1:42418 - sending MQTT PUBLISH REQUEST - Number of events: 36
2020-03-06T09:00:41-0300 [stderr#error] Exception in thread Thread-27:
2020-03-06T09:00:41-0300 [stderr#error] Traceback (most recent call last):
2020-03-06T09:00:41-0300 [stderr#error]   File "/usr/lib/python3.6/threading.py", line 916, in _bootstrap_inner
2020-03-06T09:00:41-0300 [stderr#error]     self.run()
2020-03-06T09:00:41-0300 [stderr#error]   File "/usr/lib/python3.6/threading.py", line 864, in run
2020-03-06T09:00:41-0300 [stderr#error]     self._target(*self._args, **self._kwargs)
2020-03-06T09:00:41-0300 [stderr#error]   File "/home/rafael/iotfogsim/scinetsim/applications/applicationcomponent.py", line 116, in propagate_signal
2020-03-06T09:00:41-0300 [stderr#error]     self.simulation_core.canvas.itemconfig(self.visual_component.draggable_signal_circle, outline="red")
2020-03-06T09:00:41-0300 [stderr#error]   File "/usr/lib/python3.6/tkinter/__init__.py", line 2581, in itemconfigure
2020-03-06T09:00:41-0300 [stderr#error]     return self._configure(('itemconfigure', tagOrId), cnf, kw)
2020-03-06T09:00:41-0300 [stderr#error]   File "/usr/lib/python3.6/tkinter/__init__.py", line 1479, in _configure
2020-03-06T09:00:41-0300 [stderr#error]     self.tk.call(_flatten((self._w, cmd)) + self._options(cnf))
2020-03-06T09:00:41-0300 [stderr#error] RuntimeError: main thread is not in main loop
2020-03-06T09:00:41-0300 [stdout#info] OPACOTE É b'{"destiny_addr": "127.0.0.1", "destiny_port": 5100, "source_addr": "127.0.0.1", "source_port": 42418, "type": "http", "payload": {"action": "publish", "topic": "sensor_metering", "content": "9.62 Kwh"}}\n'
2020-03-06T09:00:41-0300 [twisted.internet.endpoints.OneShotFactory#info] Starting factory <twisted.internet.endpoints.connectProtocol.<locals>.OneShotFactory object at 0x7f5aa3502320>
2020-03-06T09:00:41-0300 [-] 127.0.0.1:42420 - sending MQTT PUBLISH REQUEST - Number of events: 37
2020-03-06T09:00:42-0300 [stderr#error] Exception in thread Thread-28:
2020-03-06T09:00:42-0300 [stderr#error] Traceback (most recent call last):
2020-03-06T09:00:42-0300 [stderr#error]   File "/usr/lib/python3.6/threading.py", line 916, in _bootstrap_inner
2020-03-06T09:00:42-0300 [stderr#error]     self.run()
2020-03-06T09:00:42-0300 [stderr#error]   File "/usr/lib/python3.6/threading.py", line 864, in run
2020-03-06T09:00:42-0300 [stderr#error]     self._target(*self._args, **self._kwargs)
2020-03-06T09:00:42-0300 [stderr#error]   File "/home/rafael/iotfogsim/scinetsim/applications/applicationcomponent.py", line 116, in propagate_signal
2020-03-06T09:00:42-0300 [stderr#error]     self.simulation_core.canvas.itemconfig(self.visual_component.draggable_signal_circle, outline="red")
2020-03-06T09:00:42-0300 [stderr#error]   File "/usr/lib/python3.6/tkinter/__init__.py", line 2581, in itemconfigure
2020-03-06T09:00:42-0300 [stderr#error]     return self._configure(('itemconfigure', tagOrId), cnf, kw)
2020-03-06T09:00:42-0300 [stderr#error]   File "/usr/lib/python3.6/tkinter/__init__.py", line 1479, in _configure
2020-03-06T09:00:42-0300 [stderr#error]     self.tk.call(_flatten((self._w, cmd)) + self._options(cnf))
2020-03-06T09:00:42-0300 [stderr#error] RuntimeError: main thread is not in main loop
2020-03-06T09:00:42-0300 [stdout#info] OPACOTE É b'{"destiny_addr": "127.0.0.1", "destiny_port": 5100, "source_addr": "127.0.0.1", "source_port": 42420, "type": "http", "payload": {"action": "publish", "topic": "sensor_metering", "content": "15.81 Kwh"}}\n'
2020-03-06T09:00:42-0300 [twisted.internet.endpoints.OneShotFactory#info] Starting factory <twisted.internet.endpoints.connectProtocol.<locals>.OneShotFactory object at 0x7f5aa3502668>
2020-03-06T09:00:46-0300 [-] 127.0.0.1:42418 - sending MQTT PUBLISH REQUEST - Number of events: 38
2020-03-06T09:00:47-0300 [stderr#error] Exception in thread Thread-29:
2020-03-06T09:00:47-0300 [stderr#error] Traceback (most recent call last):
2020-03-06T09:00:47-0300 [stderr#error]   File "/usr/lib/python3.6/threading.py", line 916, in _bootstrap_inner
2020-03-06T09:00:47-0300 [stderr#error]     self.run()
2020-03-06T09:00:47-0300 [stderr#error]   File "/usr/lib/python3.6/threading.py", line 864, in run
2020-03-06T09:00:47-0300 [stderr#error]     self._target(*self._args, **self._kwargs)
2020-03-06T09:00:47-0300 [stderr#error]   File "/home/rafael/iotfogsim/scinetsim/applications/applicationcomponent.py", line 116, in propagate_signal
2020-03-06T09:00:47-0300 [stderr#error]     self.simulation_core.canvas.itemconfig(self.visual_component.draggable_signal_circle, outline="red")
2020-03-06T09:00:47-0300 [stderr#error]   File "/usr/lib/python3.6/tkinter/__init__.py", line 2581, in itemconfigure
2020-03-06T09:00:47-0300 [stderr#error]     return self._configure(('itemconfigure', tagOrId), cnf, kw)
2020-03-06T09:00:47-0300 [stderr#error]   File "/usr/lib/python3.6/tkinter/__init__.py", line 1479, in _configure
2020-03-06T09:00:47-0300 [stderr#error]     self.tk.call(_flatten((self._w, cmd)) + self._options(cnf))
2020-03-06T09:00:47-0300 [stderr#error] RuntimeError: main thread is not in main loop
2020-03-06T09:00:47-0300 [stdout#info] OPACOTE É b'{"destiny_addr": "127.0.0.1", "destiny_port": 5100, "source_addr": "127.0.0.1", "source_port": 42418, "type": "http", "payload": {"action": "publish", "topic": "sensor_metering", "content": "11.32 Kwh"}}\n'
2020-03-06T09:00:47-0300 [twisted.internet.endpoints.OneShotFactory#info] Starting factory <twisted.internet.endpoints.connectProtocol.<locals>.OneShotFactory object at 0x7f5aa3502898>
2020-03-06T09:00:47-0300 [-] 127.0.0.1:42420 - sending MQTT PUBLISH REQUEST - Number of events: 39
2020-03-06T09:00:48-0300 [stderr#error] Exception in thread Thread-30:
2020-03-06T09:00:48-0300 [stderr#error] Traceback (most recent call last):
2020-03-06T09:00:48-0300 [stderr#error]   File "/usr/lib/python3.6/threading.py", line 916, in _bootstrap_inner
2020-03-06T09:00:48-0300 [stderr#error]     self.run()
2020-03-06T09:00:48-0300 [stderr#error]   File "/usr/lib/python3.6/threading.py", line 864, in run
2020-03-06T09:00:48-0300 [stderr#error]     self._target(*self._args, **self._kwargs)
2020-03-06T09:00:48-0300 [stderr#error]   File "/home/rafael/iotfogsim/scinetsim/applications/applicationcomponent.py", line 116, in propagate_signal
2020-03-06T09:00:48-0300 [stderr#error]     self.simulation_core.canvas.itemconfig(self.visual_component.draggable_signal_circle, outline="red")
2020-03-06T09:00:48-0300 [stderr#error]   File "/usr/lib/python3.6/tkinter/__init__.py", line 2581, in itemconfigure
2020-03-06T09:00:48-0300 [stderr#error]     return self._configure(('itemconfigure', tagOrId), cnf, kw)
2020-03-06T09:00:48-0300 [stderr#error]   File "/usr/lib/python3.6/tkinter/__init__.py", line 1479, in _configure
2020-03-06T09:00:48-0300 [stderr#error]     self.tk.call(_flatten((self._w, cmd)) + self._options(cnf))
2020-03-06T09:00:48-0300 [stderr#error] RuntimeError: main thread is not in main loop
2020-03-06T09:00:48-0300 [stdout#info] OPACOTE É b'{"destiny_addr": "127.0.0.1", "destiny_port": 5100, "source_addr": "127.0.0.1", "source_port": 42420, "type": "http", "payload": {"action": "publish", "topic": "sensor_metering", "content": "4.67 Kwh"}}\n'
2020-03-06T09:00:48-0300 [twisted.internet.endpoints.OneShotFactory#info] Starting factory <twisted.internet.endpoints.connectProtocol.<locals>.OneShotFactory object at 0x7f5aa3502c88>
2020-03-06T09:00:52-0300 [-] 127.0.0.1:42418 - sending MQTT PUBLISH REQUEST - Number of events: 40
2020-03-06T09:00:53-0300 [stderr#error] Exception in thread Thread-31:
2020-03-06T09:00:53-0300 [stderr#error] Traceback (most recent call last):
2020-03-06T09:00:53-0300 [stderr#error]   File "/usr/lib/python3.6/threading.py", line 916, in _bootstrap_inner
2020-03-06T09:00:53-0300 [stderr#error]     self.run()
2020-03-06T09:00:53-0300 [stderr#error]   File "/usr/lib/python3.6/threading.py", line 864, in run
2020-03-06T09:00:53-0300 [stderr#error]     self._target(*self._args, **self._kwargs)
2020-03-06T09:00:53-0300 [stderr#error]   File "/home/rafael/iotfogsim/scinetsim/applications/applicationcomponent.py", line 116, in propagate_signal
2020-03-06T09:00:53-0300 [stderr#error]     self.simulation_core.canvas.itemconfig(self.visual_component.draggable_signal_circle, outline="red")
2020-03-06T09:00:53-0300 [stderr#error]   File "/usr/lib/python3.6/tkinter/__init__.py", line 2581, in itemconfigure
2020-03-06T09:00:53-0300 [stderr#error]     return self._configure(('itemconfigure', tagOrId), cnf, kw)
2020-03-06T09:00:53-0300 [stderr#error]   File "/usr/lib/python3.6/tkinter/__init__.py", line 1479, in _configure
2020-03-06T09:00:53-0300 [stderr#error]     self.tk.call(_flatten((self._w, cmd)) + self._options(cnf))
2020-03-06T09:00:53-0300 [stderr#error] RuntimeError: main thread is not in main loop
2020-03-06T09:00:53-0300 [stdout#info] OPACOTE É b'{"destiny_addr": "127.0.0.1", "destiny_port": 5100, "source_addr": "127.0.0.1", "source_port": 42418, "type": "http", "payload": {"action": "publish", "topic": "sensor_metering", "content": "3.32 Kwh"}}\n'
2020-03-06T09:00:53-0300 [twisted.internet.endpoints.OneShotFactory#info] Starting factory <twisted.internet.endpoints.connectProtocol.<locals>.OneShotFactory object at 0x7f5aa3502da0>
2020-03-06T09:00:53-0300 [-] 127.0.0.1:42420 - sending MQTT PUBLISH REQUEST - Number of events: 41
2020-03-06T09:00:54-0300 [stderr#error] Exception in thread Thread-32:
2020-03-06T09:00:54-0300 [stderr#error] Traceback (most recent call last):
2020-03-06T09:00:54-0300 [stderr#error]   File "/usr/lib/python3.6/threading.py", line 916, in _bootstrap_inner
2020-03-06T09:00:54-0300 [stderr#error]     self.run()
2020-03-06T09:00:54-0300 [stderr#error]   File "/usr/lib/python3.6/threading.py", line 864, in run
2020-03-06T09:00:54-0300 [stderr#error]     self._target(*self._args, **self._kwargs)
2020-03-06T09:00:54-0300 [stderr#error]   File "/home/rafael/iotfogsim/scinetsim/applications/applicationcomponent.py", line 116, in propagate_signal
2020-03-06T09:00:54-0300 [stderr#error]     self.simulation_core.canvas.itemconfig(self.visual_component.draggable_signal_circle, outline="red")
2020-03-06T09:00:54-0300 [stderr#error]   File "/usr/lib/python3.6/tkinter/__init__.py", line 2581, in itemconfigure
2020-03-06T09:00:54-0300 [stderr#error]     return self._configure(('itemconfigure', tagOrId), cnf, kw)
2020-03-06T09:00:54-0300 [stderr#error]   File "/usr/lib/python3.6/tkinter/__init__.py", line 1479, in _configure
2020-03-06T09:00:54-0300 [stderr#error]     self.tk.call(_flatten((self._w, cmd)) + self._options(cnf))
2020-03-06T09:00:54-0300 [stderr#error] RuntimeError: main thread is not in main loop
2020-03-06T09:00:54-0300 [stdout#info] OPACOTE É b'{"destiny_addr": "127.0.0.1", "destiny_port": 5100, "source_addr": "127.0.0.1", "source_port": 42420, "type": "http", "payload": {"action": "publish", "topic": "sensor_metering", "content": "20.81 Kwh"}}\n'
2020-03-06T09:00:54-0300 [twisted.internet.endpoints.OneShotFactory#info] Starting factory <twisted.internet.endpoints.connectProtocol.<locals>.OneShotFactory object at 0x7f5aa3502fd0>
2020-03-06T09:00:58-0300 [-] 127.0.0.1:42418 - sending MQTT PUBLISH REQUEST - Number of events: 42
2020-03-06T09:00:59-0300 [stderr#error] Exception in thread Thread-33:
2020-03-06T09:00:59-0300 [stderr#error] Traceback (most recent call last):
2020-03-06T09:00:59-0300 [stderr#error]   File "/usr/lib/python3.6/threading.py", line 916, in _bootstrap_inner
2020-03-06T09:00:59-0300 [stderr#error]     self.run()
2020-03-06T09:00:59-0300 [stderr#error]   File "/usr/lib/python3.6/threading.py", line 864, in run
2020-03-06T09:00:59-0300 [stderr#error]     self._target(*self._args, **self._kwargs)
2020-03-06T09:00:59-0300 [stderr#error]   File "/home/rafael/iotfogsim/scinetsim/applications/applicationcomponent.py", line 116, in propagate_signal
2020-03-06T09:00:59-0300 [stderr#error]     self.simulation_core.canvas.itemconfig(self.visual_component.draggable_signal_circle, outline="red")
2020-03-06T09:00:59-0300 [stderr#error]   File "/usr/lib/python3.6/tkinter/__init__.py", line 2581, in itemconfigure
2020-03-06T09:00:59-0300 [stderr#error]     return self._configure(('itemconfigure', tagOrId), cnf, kw)
2020-03-06T09:00:59-0300 [stderr#error]   File "/usr/lib/python3.6/tkinter/__init__.py", line 1479, in _configure
2020-03-06T09:00:59-0300 [stderr#error]     self.tk.call(_flatten((self._w, cmd)) + self._options(cnf))
2020-03-06T09:00:59-0300 [stderr#error] RuntimeError: main thread is not in main loop
2020-03-06T09:00:59-0300 [stdout#info] OPACOTE É b'{"destiny_addr": "127.0.0.1", "destiny_port": 5100, "source_addr": "127.0.0.1", "source_port": 42418, "type": "http", "payload": {"action": "publish", "topic": "sensor_metering", "content": "12.9 Kwh"}}\n'
2020-03-06T09:00:59-0300 [twisted.internet.endpoints.OneShotFactory#info] Starting factory <twisted.internet.endpoints.connectProtocol.<locals>.OneShotFactory object at 0x7f5aa145e390>
2020-03-06T09:00:59-0300 [-] 127.0.0.1:42420 - sending MQTT PUBLISH REQUEST - Number of events: 43
2020-03-06T09:01:00-0300 [stderr#error] Exception in thread Thread-34:
2020-03-06T09:01:00-0300 [stderr#error] Traceback (most recent call last):
2020-03-06T09:01:00-0300 [stderr#error]   File "/usr/lib/python3.6/threading.py", line 916, in _bootstrap_inner
2020-03-06T09:01:00-0300 [stderr#error]     self.run()
2020-03-06T09:01:00-0300 [stderr#error]   File "/usr/lib/python3.6/threading.py", line 864, in run
2020-03-06T09:01:00-0300 [stderr#error]     self._target(*self._args, **self._kwargs)
2020-03-06T09:01:00-0300 [stderr#error]   File "/home/rafael/iotfogsim/scinetsim/applications/applicationcomponent.py", line 116, in propagate_signal
2020-03-06T09:01:00-0300 [stderr#error]     self.simulation_core.canvas.itemconfig(self.visual_component.draggable_signal_circle, outline="red")
2020-03-06T09:01:00-0300 [stderr#error]   File "/usr/lib/python3.6/tkinter/__init__.py", line 2581, in itemconfigure
2020-03-06T09:01:00-0300 [stderr#error]     return self._configure(('itemconfigure', tagOrId), cnf, kw)
2020-03-06T09:01:00-0300 [stderr#error]   File "/usr/lib/python3.6/tkinter/__init__.py", line 1479, in _configure
2020-03-06T09:01:00-0300 [stderr#error]     self.tk.call(_flatten((self._w, cmd)) + self._options(cnf))
2020-03-06T09:01:00-0300 [stderr#error] RuntimeError: main thread is not in main loop
2020-03-06T09:01:00-0300 [stdout#info] OPACOTE É b'{"destiny_addr": "127.0.0.1", "destiny_port": 5100, "source_addr": "127.0.0.1", "source_port": 42420, "type": "http", "payload": {"action": "publish", "topic": "sensor_metering", "content": "4.54 Kwh"}}\n'
2020-03-06T09:01:00-0300 [twisted.internet.endpoints.OneShotFactory#info] Starting factory <twisted.internet.endpoints.connectProtocol.<locals>.OneShotFactory object at 0x7f5aa145e438>
2020-03-06T09:01:04-0300 [-] 127.0.0.1:42418 - sending MQTT PUBLISH REQUEST - Number of events: 44
2020-03-06T09:01:05-0300 [stderr#error] Exception in thread Thread-35:
2020-03-06T09:01:05-0300 [stderr#error] Traceback (most recent call last):
2020-03-06T09:01:05-0300 [stderr#error]   File "/usr/lib/python3.6/threading.py", line 916, in _bootstrap_inner
2020-03-06T09:01:05-0300 [stderr#error]     self.run()
2020-03-06T09:01:05-0300 [stderr#error]   File "/usr/lib/python3.6/threading.py", line 864, in run
2020-03-06T09:01:05-0300 [stderr#error]     self._target(*self._args, **self._kwargs)
2020-03-06T09:01:05-0300 [stderr#error]   File "/home/rafael/iotfogsim/scinetsim/applications/applicationcomponent.py", line 116, in propagate_signal
2020-03-06T09:01:05-0300 [stderr#error]     self.simulation_core.canvas.itemconfig(self.visual_component.draggable_signal_circle, outline="red")
2020-03-06T09:01:05-0300 [stderr#error]   File "/usr/lib/python3.6/tkinter/__init__.py", line 2581, in itemconfigure
2020-03-06T09:01:05-0300 [stderr#error]     return self._configure(('itemconfigure', tagOrId), cnf, kw)
2020-03-06T09:01:05-0300 [stderr#error]   File "/usr/lib/python3.6/tkinter/__init__.py", line 1479, in _configure
2020-03-06T09:01:05-0300 [stderr#error]     self.tk.call(_flatten((self._w, cmd)) + self._options(cnf))
2020-03-06T09:01:05-0300 [stderr#error] RuntimeError: main thread is not in main loop
2020-03-06T09:01:05-0300 [-] 127.0.0.1:42420 - sending MQTT PUBLISH REQUEST - Number of events: 45
2020-03-06T09:01:06-0300 [stderr#error] Exception in thread Thread-36:
2020-03-06T09:01:06-0300 [stderr#error] Traceback (most recent call last):
2020-03-06T09:01:06-0300 [stderr#error]   File "/usr/lib/python3.6/threading.py", line 916, in _bootstrap_inner
2020-03-06T09:01:06-0300 [stderr#error]     self.run()
2020-03-06T09:01:06-0300 [stderr#error]   File "/usr/lib/python3.6/threading.py", line 864, in run
2020-03-06T09:01:06-0300 [stderr#error]     self._target(*self._args, **self._kwargs)
2020-03-06T09:01:06-0300 [stderr#error]   File "/home/rafael/iotfogsim/scinetsim/applications/applicationcomponent.py", line 116, in propagate_signal
2020-03-06T09:01:06-0300 [stderr#error]     self.simulation_core.canvas.itemconfig(self.visual_component.draggable_signal_circle, outline="red")
2020-03-06T09:01:06-0300 [stderr#error]   File "/usr/lib/python3.6/tkinter/__init__.py", line 2581, in itemconfigure
2020-03-06T09:01:06-0300 [stderr#error]     return self._configure(('itemconfigure', tagOrId), cnf, kw)
2020-03-06T09:01:06-0300 [stderr#error]   File "/usr/lib/python3.6/tkinter/__init__.py", line 1479, in _configure
2020-03-06T09:01:06-0300 [stderr#error]     self.tk.call(_flatten((self._w, cmd)) + self._options(cnf))
2020-03-06T09:01:06-0300 [stderr#error] RuntimeError: main thread is not in main loop
2020-03-06T09:01:06-0300 [stdout#info] OPACOTE É b'{"destiny_addr": "127.0.0.1", "destiny_port": 5100, "source_addr": "127.0.0.1", "source_port": 42418, "type": "http", "payload": {"action": "publish", "topic": "sensor_metering", "content": "11.43 Kwh"}}\n'
2020-03-06T09:01:06-0300 [twisted.internet.endpoints.OneShotFactory#info] Starting factory <twisted.internet.endpoints.connectProtocol.<locals>.OneShotFactory object at 0x7f5aa145e7b8>
2020-03-06T09:01:06-0300 [stdout#info] OPACOTE É b'{"destiny_addr": "127.0.0.1", "destiny_port": 5100, "source_addr": "127.0.0.1", "source_port": 42420, "type": "http", "payload": {"action": "publish", "topic": "sensor_metering", "content": "8.27 Kwh"}}\n'
2020-03-06T09:01:06-0300 [twisted.internet.endpoints.OneShotFactory#info] Starting factory <twisted.internet.endpoints.connectProtocol.<locals>.OneShotFactory object at 0x7f5aa145e908>
2020-03-06T09:01:10-0300 [-] 127.0.0.1:42418 - sending MQTT PUBLISH REQUEST - Number of events: 46
2020-03-06T09:01:11-0300 [stderr#error] Exception in thread Thread-37:
2020-03-06T09:01:11-0300 [stderr#error] Traceback (most recent call last):
2020-03-06T09:01:11-0300 [stderr#error]   File "/usr/lib/python3.6/threading.py", line 916, in _bootstrap_inner
2020-03-06T09:01:11-0300 [stderr#error]     self.run()
2020-03-06T09:01:11-0300 [stderr#error]   File "/usr/lib/python3.6/threading.py", line 864, in run
2020-03-06T09:01:11-0300 [stderr#error]     self._target(*self._args, **self._kwargs)
2020-03-06T09:01:11-0300 [stderr#error]   File "/home/rafael/iotfogsim/scinetsim/applications/applicationcomponent.py", line 116, in propagate_signal
2020-03-06T09:01:11-0300 [stderr#error]     self.simulation_core.canvas.itemconfig(self.visual_component.draggable_signal_circle, outline="red")
2020-03-06T09:01:11-0300 [stderr#error]   File "/usr/lib/python3.6/tkinter/__init__.py", line 2581, in itemconfigure
2020-03-06T09:01:11-0300 [stderr#error]     return self._configure(('itemconfigure', tagOrId), cnf, kw)
2020-03-06T09:01:11-0300 [stderr#error]   File "/usr/lib/python3.6/tkinter/__init__.py", line 1479, in _configure
2020-03-06T09:01:11-0300 [stderr#error]     self.tk.call(_flatten((self._w, cmd)) + self._options(cnf))
2020-03-06T09:01:11-0300 [stderr#error] RuntimeError: main thread is not in main loop
2020-03-06T09:01:11-0300 [stdout#info] OPACOTE É b'{"destiny_addr": "127.0.0.1", "destiny_port": 5100, "source_addr": "127.0.0.1", "source_port": 42418, "type": "http", "payload": {"action": "publish", "topic": "sensor_metering", "content": "14.9 Kwh"}}\n'
2020-03-06T09:01:11-0300 [twisted.internet.endpoints.OneShotFactory#info] Starting factory <twisted.internet.endpoints.connectProtocol.<locals>.OneShotFactory object at 0x7f5aa145e7f0>
2020-03-06T09:01:11-0300 [-] 127.0.0.1:42420 - sending MQTT PUBLISH REQUEST - Number of events: 47
2020-03-06T09:01:12-0300 [stderr#error] Exception in thread Thread-38:
2020-03-06T09:01:12-0300 [stderr#error] Traceback (most recent call last):
2020-03-06T09:01:12-0300 [stderr#error]   File "/usr/lib/python3.6/threading.py", line 916, in _bootstrap_inner
2020-03-06T09:01:12-0300 [stderr#error]     self.run()
2020-03-06T09:01:12-0300 [stderr#error]   File "/usr/lib/python3.6/threading.py", line 864, in run
2020-03-06T09:01:12-0300 [stderr#error]     self._target(*self._args, **self._kwargs)
2020-03-06T09:01:12-0300 [stderr#error]   File "/home/rafael/iotfogsim/scinetsim/applications/applicationcomponent.py", line 116, in propagate_signal
2020-03-06T09:01:12-0300 [stderr#error]     self.simulation_core.canvas.itemconfig(self.visual_component.draggable_signal_circle, outline="red")
2020-03-06T09:01:12-0300 [stderr#error]   File "/usr/lib/python3.6/tkinter/__init__.py", line 2581, in itemconfigure
2020-03-06T09:01:12-0300 [stderr#error]     return self._configure(('itemconfigure', tagOrId), cnf, kw)
2020-03-06T09:01:12-0300 [stderr#error]   File "/usr/lib/python3.6/tkinter/__init__.py", line 1479, in _configure
2020-03-06T09:01:12-0300 [stderr#error]     self.tk.call(_flatten((self._w, cmd)) + self._options(cnf))
2020-03-06T09:01:12-0300 [stderr#error] RuntimeError: main thread is not in main loop
2020-03-06T09:01:12-0300 [stdout#info] OPACOTE É b'{"destiny_addr": "127.0.0.1", "destiny_port": 5100, "source_addr": "127.0.0.1", "source_port": 42420, "type": "http", "payload": {"action": "publish", "topic": "sensor_metering", "content": "4.5 Kwh"}}\n'
2020-03-06T09:01:12-0300 [twisted.internet.endpoints.OneShotFactory#info] Starting factory <twisted.internet.endpoints.connectProtocol.<locals>.OneShotFactory object at 0x7f5aa145ecc0>
2020-03-06T09:01:16-0300 [-] 127.0.0.1:42418 - sending MQTT PUBLISH REQUEST - Number of events: 48
2020-03-06T09:01:17-0300 [stderr#error] Exception in thread Thread-39:
2020-03-06T09:01:17-0300 [stderr#error] Traceback (most recent call last):
2020-03-06T09:01:17-0300 [stderr#error]   File "/usr/lib/python3.6/threading.py", line 916, in _bootstrap_inner
2020-03-06T09:01:17-0300 [stderr#error]     self.run()
2020-03-06T09:01:17-0300 [stderr#error]   File "/usr/lib/python3.6/threading.py", line 864, in run
2020-03-06T09:01:17-0300 [stderr#error]     self._target(*self._args, **self._kwargs)
2020-03-06T09:01:17-0300 [stderr#error]   File "/home/rafael/iotfogsim/scinetsim/applications/applicationcomponent.py", line 116, in propagate_signal
2020-03-06T09:01:17-0300 [stderr#error]     self.simulation_core.canvas.itemconfig(self.visual_component.draggable_signal_circle, outline="red")
2020-03-06T09:01:17-0300 [stderr#error]   File "/usr/lib/python3.6/tkinter/__init__.py", line 2581, in itemconfigure
2020-03-06T09:01:17-0300 [stderr#error]     return self._configure(('itemconfigure', tagOrId), cnf, kw)
2020-03-06T09:01:17-0300 [stderr#error]   File "/usr/lib/python3.6/tkinter/__init__.py", line 1479, in _configure
2020-03-06T09:01:17-0300 [stderr#error]     self.tk.call(_flatten((self._w, cmd)) + self._options(cnf))
2020-03-06T09:01:17-0300 [stderr#error] RuntimeError: main thread is not in main loop
2020-03-06T09:01:17-0300 [-] 127.0.0.1:42420 - sending MQTT PUBLISH REQUEST - Number of events: 49
2020-03-06T09:01:18-0300 [stderr#error] Exception in thread Thread-40:
2020-03-06T09:01:18-0300 [stderr#error] Traceback (most recent call last):
2020-03-06T09:01:18-0300 [stderr#error]   File "/usr/lib/python3.6/threading.py", line 916, in _bootstrap_inner
2020-03-06T09:01:18-0300 [stderr#error]     self.run()
2020-03-06T09:01:18-0300 [stderr#error]   File "/usr/lib/python3.6/threading.py", line 864, in run
2020-03-06T09:01:18-0300 [stderr#error]     self._target(*self._args, **self._kwargs)
2020-03-06T09:01:18-0300 [stderr#error]   File "/home/rafael/iotfogsim/scinetsim/applications/applicationcomponent.py", line 116, in propagate_signal
2020-03-06T09:01:18-0300 [stderr#error]     self.simulation_core.canvas.itemconfig(self.visual_component.draggable_signal_circle, outline="red")
2020-03-06T09:01:18-0300 [stderr#error]   File "/usr/lib/python3.6/tkinter/__init__.py", line 2581, in itemconfigure
2020-03-06T09:01:18-0300 [stderr#error]     return self._configure(('itemconfigure', tagOrId), cnf, kw)
2020-03-06T09:01:18-0300 [stderr#error]   File "/usr/lib/python3.6/tkinter/__init__.py", line 1479, in _configure
2020-03-06T09:01:18-0300 [stderr#error]     self.tk.call(_flatten((self._w, cmd)) + self._options(cnf))
2020-03-06T09:01:18-0300 [stderr#error] RuntimeError: main thread is not in main loop
2020-03-06T09:01:18-0300 [stdout#info] OPACOTE É b'{"destiny_addr": "127.0.0.1", "destiny_port": 5100, "source_addr": "127.0.0.1", "source_port": 42418, "type": "http", "payload": {"action": "publish", "topic": "sensor_metering", "content": "5.76 Kwh"}}\n'
2020-03-06T09:01:18-0300 [twisted.internet.endpoints.OneShotFactory#info] Starting factory <twisted.internet.endpoints.connectProtocol.<locals>.OneShotFactory object at 0x7f5aa14721d0>
2020-03-06T09:01:18-0300 [stdout#info] OPACOTE É b'{"destiny_addr": "127.0.0.1", "destiny_port": 5100, "source_addr": "127.0.0.1", "source_port": 42420, "type": "http", "payload": {"action": "publish", "topic": "sensor_metering", "content": "14.63 Kwh"}}\n'
2020-03-06T09:01:18-0300 [twisted.internet.endpoints.OneShotFactory#info] Starting factory <twisted.internet.endpoints.connectProtocol.<locals>.OneShotFactory object at 0x7f5aa14722e8>
2020-03-06T09:01:19-0300 [-] Received SIGINT, shutting down.
2020-03-06T09:01:19-0300 [twisted.internet.endpoints.OneShotFactory#info] Stopping factory <twisted.internet.endpoints.connectProtocol.<locals>.OneShotFactory object at 0x7f5aa34e8160>
2020-03-06T09:01:19-0300 [twisted.internet.endpoints.OneShotFactory#info] Stopping factory <twisted.internet.endpoints.connectProtocol.<locals>.OneShotFactory object at 0x7f5aa14721d0>
2020-03-06T09:01:19-0300 [applications.mqttapp.BrokerFactory] (TCP Port 5100 Closed)
2020-03-06T09:01:19-0300 [twisted.internet.endpoints.OneShotFactory#info] Stopping factory <twisted.internet.endpoints.connectProtocol.<locals>.OneShotFactory object at 0x7f5aa354ae48>
2020-03-06T09:01:19-0300 [BrokerProtocol,20,127.0.0.1] The requested subscriber is no longer available in subscribers list
2020-03-06T09:01:19-0300 [ClientProtocol,client] connection lost: Connection to the other side was lost in a non-clean fashion: Connection lost.
2020-03-06T09:01:19-0300 [ClientProtocol,client] connection lost - Number of events: 50
2020-03-06T09:01:19-0300 [twisted.internet.endpoints.OneShotFactory#info] Stopping factory <twisted.internet.endpoints.connectProtocol.<locals>.OneShotFactory object at 0x7f5aa3502fd0>
2020-03-06T09:01:19-0300 [BrokerProtocol,40,127.0.0.1] The requested subscriber is no longer available in subscribers list
2020-03-06T09:01:19-0300 [BrokerProtocol,39,127.0.0.1] The requested subscriber is no longer available in subscribers list
2020-03-06T09:01:19-0300 [twisted.internet.endpoints.OneShotFactory#info] Stopping factory <twisted.internet.endpoints.connectProtocol.<locals>.OneShotFactory object at 0x7f5aa353e0b8>
2020-03-06T09:01:19-0300 [twisted.internet.endpoints.OneShotFactory#info] Stopping factory <twisted.internet.endpoints.connectProtocol.<locals>.OneShotFactory object at 0x7f5aa354a0b8>
2020-03-06T09:01:19-0300 [BrokerProtocol,6,127.0.0.1] The requested subscriber is no longer available in subscribers list
2020-03-06T09:01:19-0300 [ClientProtocol,client] connection lost: Connection to the other side was lost in a non-clean fashion: Connection lost.
2020-03-06T09:01:19-0300 [ClientProtocol,client] connection lost - Number of events: 51
2020-03-06T09:01:19-0300 [twisted.internet.endpoints.OneShotFactory#info] Stopping factory <twisted.internet.endpoints.connectProtocol.<locals>.OneShotFactory object at 0x7f5aa354ad30>
2020-03-06T09:01:19-0300 [BrokerProtocol,5,127.0.0.1] The requested subscriber is no longer available in subscribers list
2020-03-06T09:01:19-0300 [BrokerProtocol,33,127.0.0.1] The requested subscriber is no longer available in subscribers list
2020-03-06T09:01:19-0300 [ClientProtocol,client] connection lost: Connection to the other side was lost in a non-clean fashion: Connection lost.
2020-03-06T09:01:19-0300 [ClientProtocol,client] connection lost - Number of events: 52
2020-03-06T09:01:19-0300 [twisted.internet.endpoints.OneShotFactory#info] Stopping factory <twisted.internet.endpoints.connectProtocol.<locals>.OneShotFactory object at 0x7f5aa3502160>
2020-03-06T09:01:19-0300 [twisted.internet.endpoints.OneShotFactory#info] Stopping factory <twisted.internet.endpoints.connectProtocol.<locals>.OneShotFactory object at 0x7f5aa145e390>
2020-03-06T09:01:19-0300 [ClientProtocol,client] connection lost: Connection to the other side was lost in a non-clean fashion: Connection lost.
2020-03-06T09:01:19-0300 [ClientProtocol,client] connection lost - Number of events: 53
2020-03-06T09:01:19-0300 [twisted.internet.endpoints.OneShotFactory#info] Stopping factory <twisted.internet.endpoints.connectProtocol.<locals>.OneShotFactory object at 0x7f5aaabc42e8>
2020-03-06T09:01:19-0300 [BrokerProtocol,26,127.0.0.1] The requested subscriber is no longer available in subscribers list
2020-03-06T09:01:19-0300 [ClientProtocol,client] connection lost: Connection to the other side was lost in a non-clean fashion: Connection lost.
2020-03-06T09:01:19-0300 [ClientProtocol,client] connection lost - Number of events: 54
2020-03-06T09:01:19-0300 [twisted.internet.endpoints.OneShotFactory#info] Stopping factory <twisted.internet.endpoints.connectProtocol.<locals>.OneShotFactory object at 0x7f5aa34e8208>
2020-03-06T09:01:19-0300 [ClientProtocol,client] connection lost: Connection to the other side was lost in a non-clean fashion: Connection lost.
2020-03-06T09:01:19-0300 [ClientProtocol,client] connection lost - Number of events: 55
2020-03-06T09:01:19-0300 [twisted.internet.endpoints.OneShotFactory#info] Stopping factory <twisted.internet.endpoints.connectProtocol.<locals>.OneShotFactory object at 0x7f5aa354a278>
2020-03-06T09:01:19-0300 [BrokerProtocol,28,127.0.0.1] The requested subscriber is no longer available in subscribers list
2020-03-06T09:01:19-0300 [twisted.internet.endpoints.OneShotFactory#info] Stopping factory <twisted.internet.endpoints.connectProtocol.<locals>.OneShotFactory object at 0x7f5aa353e2b0>
2020-03-06T09:01:19-0300 [BrokerProtocol,0,127.0.0.1] The requested subscriber is no longer available in subscribers list
2020-03-06T09:01:19-0300 [BrokerProtocol,13,127.0.0.1] The requested subscriber is no longer available in subscribers list
2020-03-06T09:01:19-0300 [BrokerProtocol,14,127.0.0.1] The requested subscriber is no longer available in subscribers list
2020-03-06T09:01:19-0300 [ClientProtocol,client] connection lost: Connection to the other side was lost in a non-clean fashion: Connection lost.
2020-03-06T09:01:19-0300 [ClientProtocol,client] connection lost - Number of events: 56
2020-03-06T09:01:19-0300 [twisted.internet.endpoints.OneShotFactory#info] Stopping factory <twisted.internet.endpoints.connectProtocol.<locals>.OneShotFactory object at 0x7f5aa14722e8>
2020-03-06T09:01:19-0300 [twisted.internet.endpoints.OneShotFactory#info] Stopping factory <twisted.internet.endpoints.connectProtocol.<locals>.OneShotFactory object at 0x7f5aa3502320>
2020-03-06T09:01:19-0300 [RouterAppProtocol,3,127.0.0.1] connection lost: Connection to the other side was lost in a non-clean fashion: Connection lost.
2020-03-06T09:01:19-0300 [RouterAppProtocol,3,127.0.0.1] connection lost - Number of events: 57
2020-03-06T09:01:19-0300 [twisted.internet.endpoints.OneShotFactory#info] Stopping factory <twisted.internet.endpoints.connectProtocol.<locals>.OneShotFactory object at 0x7f5aa34e8550>
2020-03-06T09:01:19-0300 [ClientProtocol,client] connection lost: Connection to the other side was lost in a non-clean fashion: Connection lost.
2020-03-06T09:01:19-0300 [ClientProtocol,client] connection lost - Number of events: 58
2020-03-06T09:01:19-0300 [twisted.internet.endpoints.OneShotFactory#info] Stopping factory <twisted.internet.endpoints.connectProtocol.<locals>.OneShotFactory object at 0x7f5aa3502668>
2020-03-06T09:01:19-0300 [ClientProtocol,client] connection lost: Connection to the other side was lost in a non-clean fashion: Connection lost.
2020-03-06T09:01:19-0300 [ClientProtocol,client] connection lost - Number of events: 59
2020-03-06T09:01:19-0300 [twisted.internet.endpoints.OneShotFactory#info] Stopping factory <twisted.internet.endpoints.connectProtocol.<locals>.OneShotFactory object at 0x7f5aa145e438>
2020-03-06T09:01:19-0300 [BrokerProtocol,27,127.0.0.1] The requested subscriber is no longer available in subscribers list
2020-03-06T09:01:19-0300 [twisted.internet.endpoints.OneShotFactory#info] Stopping factory <twisted.internet.endpoints.connectProtocol.<locals>.OneShotFactory object at 0x7f5aa3502da0>
2020-03-06T09:01:19-0300 [ClientProtocol,client] connection lost: Connection to the other side was lost in a non-clean fashion: Connection lost.
2020-03-06T09:01:19-0300 [ClientProtocol,client] connection lost - Number of events: 60
2020-03-06T09:01:19-0300 [twisted.internet.endpoints.OneShotFactory#info] Stopping factory <twisted.internet.endpoints.connectProtocol.<locals>.OneShotFactory object at 0x7f5aa353e4a8>
2020-03-06T09:01:19-0300 [twisted.internet.endpoints.OneShotFactory#info] Stopping factory <twisted.internet.endpoints.connectProtocol.<locals>.OneShotFactory object at 0x7f5aa34da320>
2020-03-06T09:01:19-0300 [ClientProtocol,client] connection lost: Connection to the other side was lost in a non-clean fashion: Connection lost.
2020-03-06T09:01:19-0300 [ClientProtocol,client] connection lost - Number of events: 61
2020-03-06T09:01:19-0300 [twisted.internet.endpoints.OneShotFactory#info] Stopping factory <twisted.internet.endpoints.connectProtocol.<locals>.OneShotFactory object at 0x7f5aa34e88d0>
2020-03-06T09:01:19-0300 [BrokerProtocol,29,127.0.0.1] The requested subscriber is no longer available in subscribers list
2020-03-06T09:01:19-0300 [PublisherApp,client] connection lost: Connection to the other side was lost in a non-clean fashion: Connection lost.
2020-03-06T09:01:19-0300 [PublisherApp,client] connection lost - Number of events: 62
2020-03-06T09:01:19-0300 [BrokerProtocol,34,127.0.0.1] The requested subscriber is no longer available in subscribers list
2020-03-06T09:01:19-0300 [twisted.internet.endpoints.OneShotFactory#info] Stopping factory <twisted.internet.endpoints.connectProtocol.<locals>.OneShotFactory object at 0x7f5aa354a4e0>
2020-03-06T09:01:19-0300 [BrokerProtocol,1,127.0.0.1] The requested subscriber is no longer available in subscribers list
2020-03-06T09:01:19-0300 [twisted.internet.endpoints.OneShotFactory#info] Stopping factory <twisted.internet.endpoints.connectProtocol.<locals>.OneShotFactory object at 0x7f5aa354aa58>
2020-03-06T09:01:19-0300 [BrokerProtocol,21,127.0.0.1] The requested subscriber is no longer available in subscribers list
2020-03-06T09:01:19-0300 [BrokerProtocol,7,127.0.0.1] The requested subscriber is no longer available in subscribers list
2020-03-06T09:01:19-0300 [twisted.internet.endpoints.OneShotFactory#info] Stopping factory <twisted.internet.endpoints.connectProtocol.<locals>.OneShotFactory object at 0x7f5aa34da630>
2020-03-06T09:01:19-0300 [twisted.internet.endpoints.OneShotFactory#info] Stopping factory <twisted.internet.endpoints.connectProtocol.<locals>.OneShotFactory object at 0x7f5aa145e7b8>
2020-03-06T09:01:19-0300 [BrokerProtocol,22,127.0.0.1] The requested subscriber is no longer available in subscribers list
2020-03-06T09:01:19-0300 [BrokerProtocol,2,127.0.0.1] The requested subscriber is no longer available in subscribers list
2020-03-06T09:01:19-0300 [BrokerProtocol,35,127.0.0.1] The requested subscriber is no longer available in subscribers list
2020-03-06T09:01:19-0300 [BrokerProtocol,25,127.0.0.1] The requested subscriber is no longer available in subscribers list
2020-03-06T09:01:19-0300 [BrokerProtocol,12,127.0.0.1] The requested subscriber is no longer available in subscribers list
2020-03-06T09:01:19-0300 [BrokerProtocol,8,127.0.0.1] The requested subscriber is no longer available in subscribers list
2020-03-06T09:01:19-0300 [SubscriberApp,client] connection lost: Connection to the other side was lost in a non-clean fashion: Connection lost.
2020-03-06T09:01:19-0300 [SubscriberApp,client] connection lost - Number of events: 63
2020-03-06T09:01:19-0300 [BrokerProtocol,15,127.0.0.1] The requested subscriber is no longer available in subscribers list
2020-03-06T09:01:19-0300 [BrokerProtocol,38,127.0.0.1] The requested subscriber is no longer available in subscribers list
2020-03-06T09:01:19-0300 [BrokerProtocol,19,127.0.0.1] The requested subscriber is no longer available in subscribers list
2020-03-06T09:01:19-0300 [BrokerProtocol,36,127.0.0.1] The requested subscriber is no longer available in subscribers list
2020-03-06T09:01:19-0300 [ClientProtocol,client] connection lost: Connection to the other side was lost in a non-clean fashion: Connection lost.
2020-03-06T09:01:19-0300 [ClientProtocol,client] connection lost - Number of events: 64
2020-03-06T09:01:19-0300 [twisted.internet.endpoints.OneShotFactory#info] Stopping factory <twisted.internet.endpoints.connectProtocol.<locals>.OneShotFactory object at 0x7f5aa354a908>
2020-03-06T09:01:19-0300 [ClientProtocol,client] connection lost: Connection to the other side was lost in a non-clean fashion: Connection lost.
2020-03-06T09:01:19-0300 [ClientProtocol,client] connection lost - Number of events: 65
2020-03-06T09:01:19-0300 [twisted.internet.endpoints.OneShotFactory#info] Stopping factory <twisted.internet.endpoints.connectProtocol.<locals>.OneShotFactory object at 0x7f5aa34daa20>
2020-03-06T09:01:19-0300 [BrokerProtocol,24,127.0.0.1] The requested subscriber is no longer available in subscribers list
2020-03-06T09:01:19-0300 [BrokerProtocol,16,127.0.0.1] The requested subscriber is no longer available in subscribers list
2020-03-06T09:01:19-0300 [BrokerProtocol,23,127.0.0.1] The requested subscriber is no longer available in subscribers list
2020-03-06T09:01:19-0300 [twisted.internet.endpoints.OneShotFactory#info] Stopping factory <twisted.internet.endpoints.connectProtocol.<locals>.OneShotFactory object at 0x7f5aa34e8898>
2020-03-06T09:01:19-0300 [twisted.internet.endpoints.OneShotFactory#info] Stopping factory <twisted.internet.endpoints.connectProtocol.<locals>.OneShotFactory object at 0x7f5aa3502898>
2020-03-06T09:01:19-0300 [ClientProtocol,client] connection lost: Connection to the other side was lost in a non-clean fashion: Connection lost.
2020-03-06T09:01:19-0300 [ClientProtocol,client] connection lost - Number of events: 66
2020-03-06T09:01:19-0300 [twisted.internet.endpoints.OneShotFactory#info] Stopping factory <twisted.internet.endpoints.connectProtocol.<locals>.OneShotFactory object at 0x7f5aa145e908>
2020-03-06T09:01:19-0300 [twisted.internet.endpoints.OneShotFactory#info] Stopping factory <twisted.internet.endpoints.connectProtocol.<locals>.OneShotFactory object at 0x7f5aa353eb38>
2020-03-06T09:01:19-0300 [applications.routerapp.RouterFactory] (TCP Port 8081 Closed)
2020-03-06T09:01:19-0300 [PublisherApp,client] connection lost: Connection to the other side was lost in a non-clean fashion: Connection lost.
2020-03-06T09:01:19-0300 [PublisherApp,client] connection lost - Number of events: 67
2020-03-06T09:01:19-0300 [BrokerProtocol,3,127.0.0.1] The requested subscriber is no longer available in subscribers list
2020-03-06T09:01:19-0300 [twisted.internet.endpoints.OneShotFactory#info] Stopping factory <twisted.internet.endpoints.connectProtocol.<locals>.OneShotFactory object at 0x7f5aa34dab70>
2020-03-06T09:01:19-0300 [twisted.internet.endpoints.OneShotFactory#info] Stopping factory <twisted.internet.endpoints.connectProtocol.<locals>.OneShotFactory object at 0x7f5aa145e7f0>
2020-03-06T09:01:19-0300 [BrokerProtocol,9,127.0.0.1] The requested subscriber is no longer available in subscribers list
2020-03-06T09:01:19-0300 [ClientProtocol,client] connection lost: Connection to the other side was lost in a non-clean fashion: Connection lost.
2020-03-06T09:01:19-0300 [ClientProtocol,client] connection lost - Number of events: 68
2020-03-06T09:01:19-0300 [twisted.internet.endpoints.OneShotFactory#info] Stopping factory <twisted.internet.endpoints.connectProtocol.<locals>.OneShotFactory object at 0x7f5aa3502c88>
2020-03-06T09:01:19-0300 [ClientProtocol,client] connection lost: Connection to the other side was lost in a non-clean fashion: Connection lost.
2020-03-06T09:01:19-0300 [ClientProtocol,client] connection lost - Number of events: 69
2020-03-06T09:01:19-0300 [twisted.internet.endpoints.OneShotFactory#info] Stopping factory <twisted.internet.endpoints.connectProtocol.<locals>.OneShotFactory object at 0x7f5aa34e8c50>
2020-03-06T09:01:19-0300 [ClientProtocol,client] connection lost: Connection to the other side was lost in a non-clean fashion: Connection lost.
2020-03-06T09:01:19-0300 [ClientProtocol,client] connection lost - Number of events: 70
2020-03-06T09:01:19-0300 [twisted.internet.endpoints.OneShotFactory#info] Stopping factory <twisted.internet.endpoints.connectProtocol.<locals>.OneShotFactory object at 0x7f5aa34dad30>
2020-03-06T09:01:19-0300 [BrokerProtocol,30,127.0.0.1] The requested subscriber is no longer available in subscribers list
2020-03-06T09:01:19-0300 [BrokerProtocol,4,127.0.0.1] The requested subscriber is no longer available in subscribers list
2020-03-06T09:01:19-0300 [BrokerProtocol,17,127.0.0.1] The requested subscriber is no longer available in subscribers list
2020-03-06T09:01:19-0300 [BrokerProtocol,31,127.0.0.1] The requested subscriber is no longer available in subscribers list
2020-03-06T09:01:19-0300 [BrokerProtocol,37,127.0.0.1] The requested subscriber is no longer available in subscribers list
2020-03-06T09:01:19-0300 [ClientProtocol,client] connection lost: Connection to the other side was lost in a non-clean fashion: Connection lost.
2020-03-06T09:01:19-0300 [ClientProtocol,client] connection lost - Number of events: 71
2020-03-06T09:01:19-0300 [twisted.internet.endpoints.OneShotFactory#info] Stopping factory <twisted.internet.endpoints.connectProtocol.<locals>.OneShotFactory object at 0x7f5aa353ecf8>
2020-03-06T09:01:19-0300 [ClientProtocol,client] connection lost: Connection to the other side was lost in a non-clean fashion: Connection lost.
2020-03-06T09:01:19-0300 [ClientProtocol,client] connection lost - Number of events: 72
2020-03-06T09:01:19-0300 [twisted.internet.endpoints.OneShotFactory#info] Stopping factory <twisted.internet.endpoints.connectProtocol.<locals>.OneShotFactory object at 0x7f5aa354ad68>
2020-03-06T09:01:19-0300 [BrokerProtocol,18,127.0.0.1] The requested subscriber is no longer available in subscribers list
2020-03-06T09:01:19-0300 [BrokerProtocol,10,127.0.0.1] The requested subscriber is no longer available in subscribers list
2020-03-06T09:01:19-0300 [twisted.internet.endpoints.OneShotFactory#info] Stopping factory <twisted.internet.endpoints.connectProtocol.<locals>.OneShotFactory object at 0x7f5aa34e8f98>
2020-03-06T09:01:19-0300 [BrokerProtocol,32,127.0.0.1] The requested subscriber is no longer available in subscribers list
2020-03-06T09:01:19-0300 [ClientProtocol,client] connection lost: Connection to the other side was lost in a non-clean fashion: Connection lost.
2020-03-06T09:01:19-0300 [ClientProtocol,client] connection lost - Number of events: 73
2020-03-06T09:01:19-0300 [twisted.internet.endpoints.OneShotFactory#info] Stopping factory <twisted.internet.endpoints.connectProtocol.<locals>.OneShotFactory object at 0x7f5aa145ecc0>
2020-03-06T09:01:19-0300 [BrokerProtocol,11,127.0.0.1] The requested subscriber is no longer available in subscribers list
2020-03-06T09:01:19-0300 [-] Main loop terminated.
