2020-03-26T22:33:50-0300 [-] Creating router ...
2020-03-26T22:33:50-0300 [-] Initializing Router - Number of events: 1
2020-03-26T22:33:50-0300 [-] Creating AccessPoint station ...
2020-03-26T22:33:50-0300 [-] Initializing Access Point - Number of events: 2
2020-03-26T22:33:50-0300 [-] Access Point BEACON - Number of events: 3
2020-03-26T22:33:50-0300 [-] Creating fog node ...
2020-03-26T22:33:50-0300 [-] Initializing Client - Number of events: 4
2020-03-26T22:33:50-0300 [-] Creating fog node ...
2020-03-26T22:33:50-0300 [-] Initializing Server - Number of events: 5
2020-03-26T22:33:50-0300 [-] Creating iot node ...
2020-03-26T22:33:50-0300 [-] Initializing Client - Number of events: 6
2020-03-26T22:33:50-0300 [-] Creating iot node ...
2020-03-26T22:33:50-0300 [-] Initializing Client - Number of events: 7
2020-03-26T22:33:50-0300 [stderr#error] Exception in Tkinter callback
2020-03-26T22:33:50-0300 [stderr#error] Traceback (most recent call last):
2020-03-26T22:33:50-0300 [stderr#error]   File "/usr/lib/python3.6/tkinter/__init__.py", line 1708, in __call__
2020-03-26T22:33:50-0300 [stderr#error]     return self.func(*args)
2020-03-26T22:33:50-0300 [stderr#error]   File "/home/rafael/iotfogsim/scinetsim/scinetsim/configurations.py", line 101, in <lambda>
2020-03-26T22:33:50-0300 [stderr#error]     btn_open = ttk.Button(window, text="Open Project",command=lambda:open_project(window,simulation_core))
2020-03-26T22:33:50-0300 [stderr#error]   File "/home/rafael/iotfogsim/scinetsim/scinetsim/configurations.py", line 55, in open_project
2020-03-26T22:33:50-0300 [stderr#error]     load_nodes(selected_project_name, simulation_core)
2020-03-26T22:33:50-0300 [stderr#error]   File "/home/rafael/iotfogsim/scinetsim/scinetsim/configurations.py", line 198, in load_nodes
2020-03-26T22:33:50-0300 [stderr#error]     run_all_nodes(simulation_core)
2020-03-26T22:33:50-0300 [stderr#error] UnboundLocalError: local variable 'run_all_nodes' referenced before assignment
2020-03-26T22:33:50-0300 [-] Access Point BEACON - Number of events: 8
2020-03-26T22:33:51-0300 [-] Access Point BEACON - Number of events: 9
2020-03-26T22:33:51-0300 [-] Access Point BEACON - Number of events: 10
2020-03-26T22:33:51-0300 [-] Access Point BEACON - Number of events: 11
2020-03-26T22:33:51-0300 [-] Access Point BEACON - Number of events: 12
2020-03-26T22:33:51-0300 [-] Access Point BEACON - Number of events: 13
2020-03-26T22:33:51-0300 [-] Access Point BEACON - Number of events: 14
2020-03-26T22:33:51-0300 [-] Access Point BEACON - Number of events: 15
2020-03-26T22:33:51-0300 [-] Access Point BEACON - Number of events: 16
2020-03-26T22:33:51-0300 [-] Access Point BEACON - Number of events: 17
2020-03-26T22:33:52-0300 [-] Access Point BEACON - Number of events: 18
2020-03-26T22:33:52-0300 [-] Access Point BEACON - Number of events: 19
2020-03-26T22:33:52-0300 [-] Access Point BEACON - Number of events: 20
2020-03-26T22:33:52-0300 [-] Access Point BEACON - Number of events: 21
2020-03-26T22:33:52-0300 [-] Access Point BEACON - Number of events: 22
2020-03-26T22:33:52-0300 [-] Access Point BEACON - Number of events: 23
2020-03-26T22:33:52-0300 [-] Access Point BEACON - Number of events: 24
2020-03-26T22:33:52-0300 [-] Access Point BEACON - Number of events: 25
2020-03-26T22:33:52-0300 [-] Access Point BEACON - Number of events: 26
2020-03-26T22:33:53-0300 [-] Access Point BEACON - Number of events: 27
2020-03-26T22:33:53-0300 [-] Access Point BEACON - Number of events: 28
2020-03-26T22:33:53-0300 [-] Access Point BEACON - Number of events: 29
2020-03-26T22:33:53-0300 [-] Access Point BEACON - Number of events: 30
2020-03-26T22:33:53-0300 [-] Access Point BEACON - Number of events: 31
2020-03-26T22:33:53-0300 [-] Access Point BEACON - Number of events: 32
2020-03-26T22:33:53-0300 [-] Access Point BEACON - Number of events: 33
2020-03-26T22:33:53-0300 [-] Access Point BEACON - Number of events: 34
2020-03-26T22:33:53-0300 [-] Access Point BEACON - Number of events: 35
2020-03-26T22:33:54-0300 [-] Access Point BEACON - Number of events: 36
2020-03-26T22:33:54-0300 [-] Access Point BEACON - Number of events: 37
2020-03-26T22:33:54-0300 [-] Access Point BEACON - Number of events: 38
2020-03-26T22:33:54-0300 [-] Access Point BEACON - Number of events: 39
2020-03-26T22:33:54-0300 [-] Access Point BEACON - Number of events: 40
2020-03-26T22:33:54-0300 [-] Access Point BEACON - Number of events: 41
2020-03-26T22:33:54-0300 [-] Access Point BEACON - Number of events: 42
2020-03-26T22:33:54-0300 [-] Access Point BEACON - Number of events: 43
2020-03-26T22:33:54-0300 [-] Access Point BEACON - Number of events: 44
2020-03-26T22:33:55-0300 [-] Access Point BEACON - Number of events: 45
2020-03-26T22:33:55-0300 [-] Access Point BEACON - Number of events: 46
2020-03-26T22:33:55-0300 [-] Access Point BEACON - Number of events: 47
2020-03-26T22:33:55-0300 [-] Access Point BEACON - Number of events: 48
2020-03-26T22:33:55-0300 [-] Access Point BEACON - Number of events: 49
2020-03-26T22:33:55-0300 [-] Access Point BEACON - Number of events: 50
2020-03-26T22:33:55-0300 [-] Access Point BEACON - Number of events: 51
2020-03-26T22:33:55-0300 [-] Access Point BEACON - Number of events: 52
2020-03-26T22:33:55-0300 [-] Access Point BEACON - Number of events: 53
2020-03-26T22:33:55-0300 [-] Access Point BEACON - Number of events: 54
2020-03-26T22:33:56-0300 [-] Access Point BEACON - Number of events: 55
2020-03-26T22:33:56-0300 [-] Access Point BEACON - Number of events: 56
2020-03-26T22:33:56-0300 [-] Access Point BEACON - Number of events: 57
2020-03-26T22:33:56-0300 [-] Access Point BEACON - Number of events: 58
2020-03-26T22:33:56-0300 [-] Access Point BEACON - Number of events: 59
2020-03-26T22:33:56-0300 [-] Access Point BEACON - Number of events: 60
2020-03-26T22:33:56-0300 [-] Access Point BEACON - Number of events: 61
2020-03-26T22:33:56-0300 [-] Access Point BEACON - Number of events: 62
2020-03-26T22:33:56-0300 [-] Access Point BEACON - Number of events: 63
2020-03-26T22:33:57-0300 [-] Access Point BEACON - Number of events: 64
2020-03-26T22:33:57-0300 [-] Access Point BEACON - Number of events: 65
2020-03-26T22:33:57-0300 [-] Access Point BEACON - Number of events: 66
2020-03-26T22:33:57-0300 [-] Access Point BEACON - Number of events: 67
2020-03-26T22:33:57-0300 [-] Access Point BEACON - Number of events: 68
2020-03-26T22:33:57-0300 [-] Access Point BEACON - Number of events: 69
2020-03-26T22:33:57-0300 [-] Access Point BEACON - Number of events: 70
2020-03-26T22:33:57-0300 [-] Access Point BEACON - Number of events: 71
2020-03-26T22:33:57-0300 [-] Access Point BEACON - Number of events: 72
2020-03-26T22:33:58-0300 [-] Access Point BEACON - Number of events: 73
2020-03-26T22:33:58-0300 [-] Access Point BEACON - Number of events: 74
2020-03-26T22:33:58-0300 [-] Access Point BEACON - Number of events: 75
2020-03-26T22:33:58-0300 [-] Access Point BEACON - Number of events: 76
2020-03-26T22:33:58-0300 [-] Access Point BEACON - Number of events: 77
2020-03-26T22:33:58-0300 [-] Access Point BEACON - Number of events: 78
2020-03-26T22:33:58-0300 [-] Access Point BEACON - Number of events: 79
2020-03-26T22:33:58-0300 [-] Access Point BEACON - Number of events: 80
2020-03-26T22:33:58-0300 [-] Access Point BEACON - Number of events: 81
2020-03-26T22:33:59-0300 [-] Access Point BEACON - Number of events: 82
2020-03-26T22:33:59-0300 [-] Access Point BEACON - Number of events: 83
2020-03-26T22:33:59-0300 [-] Access Point BEACON - Number of events: 84
2020-03-26T22:33:59-0300 [-] Access Point BEACON - Number of events: 85
2020-03-26T22:33:59-0300 [-] Access Point BEACON - Number of events: 86
2020-03-26T22:33:59-0300 [-] Access Point BEACON - Number of events: 87
2020-03-26T22:33:59-0300 [-] Access Point BEACON - Number of events: 88
2020-03-26T22:33:59-0300 [-] Access Point BEACON - Number of events: 89
2020-03-26T22:33:59-0300 [-] Access Point BEACON - Number of events: 90
2020-03-26T22:34:00-0300 [-] Access Point BEACON - Number of events: 91
2020-03-26T22:34:00-0300 [-] Access Point BEACON - Number of events: 92
2020-03-26T22:34:00-0300 [-] Access Point BEACON - Number of events: 93
2020-03-26T22:34:00-0300 [-] Access Point BEACON - Number of events: 94
2020-03-26T22:34:00-0300 [-] Access Point BEACON - Number of events: 95
2020-03-26T22:34:00-0300 [-] Access Point BEACON - Number of events: 96
2020-03-26T22:34:00-0300 [-] Access Point BEACON - Number of events: 97
2020-03-26T22:34:00-0300 [-] Access Point BEACON - Number of events: 98
2020-03-26T22:34:00-0300 [-] Access Point BEACON - Number of events: 99
2020-03-26T22:34:01-0300 [-] Access Point BEACON - Number of events: 100
2020-03-26T22:34:01-0300 [-] Access Point BEACON - Number of events: 101
2020-03-26T22:34:01-0300 [-] Access Point BEACON - Number of events: 102
2020-03-26T22:34:01-0300 [-] Access Point BEACON - Number of events: 103
2020-03-26T22:34:01-0300 [-] Access Point BEACON - Number of events: 104
2020-03-26T22:34:01-0300 [-] Access Point BEACON - Number of events: 105
2020-03-26T22:34:01-0300 [-] Access Point BEACON - Number of events: 106
2020-03-26T22:34:01-0300 [-] Access Point BEACON - Number of events: 107
2020-03-26T22:34:01-0300 [-] Access Point BEACON - Number of events: 108
2020-03-26T22:34:02-0300 [-] Access Point BEACON - Number of events: 109
2020-03-26T22:34:02-0300 [-] Access Point BEACON - Number of events: 110
2020-03-26T22:34:02-0300 [-] Access Point BEACON - Number of events: 111
2020-03-26T22:34:02-0300 [-] Access Point BEACON - Number of events: 112
2020-03-26T22:34:02-0300 [-] Access Point BEACON - Number of events: 113
2020-03-26T22:34:02-0300 [-] Access Point BEACON - Number of events: 114
2020-03-26T22:34:02-0300 [-] Access Point BEACON - Number of events: 115
2020-03-26T22:34:02-0300 [-] Access Point BEACON - Number of events: 116
2020-03-26T22:34:02-0300 [-] Access Point BEACON - Number of events: 117
2020-03-26T22:34:02-0300 [-] Access Point BEACON - Number of events: 118
2020-03-26T22:34:03-0300 [-] Access Point BEACON - Number of events: 119
2020-03-26T22:34:03-0300 [-] Access Point BEACON - Number of events: 120
2020-03-26T22:34:03-0300 [-] Access Point BEACON - Number of events: 121
2020-03-26T22:34:03-0300 [-] Access Point BEACON - Number of events: 122
2020-03-26T22:34:03-0300 [-] Access Point BEACON - Number of events: 123
2020-03-26T22:34:03-0300 [-] Access Point BEACON - Number of events: 124
2020-03-26T22:34:03-0300 [-] Access Point BEACON - Number of events: 125
2020-03-26T22:34:03-0300 [-] Access Point BEACON - Number of events: 126
2020-03-26T22:34:03-0300 [-] Access Point BEACON - Number of events: 127
2020-03-26T22:34:04-0300 [-] Access Point BEACON - Number of events: 128
2020-03-26T22:34:04-0300 [-] Access Point BEACON - Number of events: 129
2020-03-26T22:34:04-0300 [-] Access Point BEACON - Number of events: 130
2020-03-26T22:34:04-0300 [-] Access Point BEACON - Number of events: 131
2020-03-26T22:34:04-0300 [-] Access Point BEACON - Number of events: 132
2020-03-26T22:34:04-0300 [-] Access Point BEACON - Number of events: 133
2020-03-26T22:34:04-0300 [-] Access Point BEACON - Number of events: 134
2020-03-26T22:34:04-0300 [-] Access Point BEACON - Number of events: 135
2020-03-26T22:34:04-0300 [-] Access Point BEACON - Number of events: 136
2020-03-26T22:34:05-0300 [-] Access Point BEACON - Number of events: 137
2020-03-26T22:34:05-0300 [-] Access Point BEACON - Number of events: 138
2020-03-26T22:34:05-0300 [-] Access Point BEACON - Number of events: 139
2020-03-26T22:34:05-0300 [-] Access Point BEACON - Number of events: 140
2020-03-26T22:34:05-0300 [-] Access Point BEACON - Number of events: 141
2020-03-26T22:34:05-0300 [-] Access Point BEACON - Number of events: 142
2020-03-26T22:34:05-0300 [-] Access Point BEACON - Number of events: 143
2020-03-26T22:34:05-0300 [-] Access Point BEACON - Number of events: 144
2020-03-26T22:34:05-0300 [-] Access Point BEACON - Number of events: 145
2020-03-26T22:34:06-0300 [-] Access Point BEACON - Number of events: 146
2020-03-26T22:34:06-0300 [-] Access Point BEACON - Number of events: 147
2020-03-26T22:34:06-0300 [-] Access Point BEACON - Number of events: 148
2020-03-26T22:34:06-0300 [-] Access Point BEACON - Number of events: 149
2020-03-26T22:34:06-0300 [-] Access Point BEACON - Number of events: 150
2020-03-26T22:34:06-0300 [-] Access Point BEACON - Number of events: 151
2020-03-26T22:34:06-0300 [-] Access Point BEACON - Number of events: 152
2020-03-26T22:34:06-0300 [-] Access Point BEACON - Number of events: 153
2020-03-26T22:34:06-0300 [-] Access Point BEACON - Number of events: 154
2020-03-26T22:34:07-0300 [-] Access Point BEACON - Number of events: 155
2020-03-26T22:34:07-0300 [-] Access Point BEACON - Number of events: 156
2020-03-26T22:34:07-0300 [-] Access Point BEACON - Number of events: 157
2020-03-26T22:34:07-0300 [-] Access Point BEACON - Number of events: 158
2020-03-26T22:34:07-0300 [-] Access Point BEACON - Number of events: 159
2020-03-26T22:34:07-0300 [-] Access Point BEACON - Number of events: 160
2020-03-26T22:34:07-0300 [-] Access Point BEACON - Number of events: 161
2020-03-26T22:34:07-0300 [-] Access Point BEACON - Number of events: 162
2020-03-26T22:34:07-0300 [-] Access Point BEACON - Number of events: 163
2020-03-26T22:34:08-0300 [-] Access Point BEACON - Number of events: 164
2020-03-26T22:34:08-0300 [-] Access Point BEACON - Number of events: 165
2020-03-26T22:34:08-0300 [-] Access Point BEACON - Number of events: 166
2020-03-26T22:34:08-0300 [-] Access Point BEACON - Number of events: 167
2020-03-26T22:34:08-0300 [-] Access Point BEACON - Number of events: 168
2020-03-26T22:34:08-0300 [-] Access Point BEACON - Number of events: 169
2020-03-26T22:34:08-0300 [-] Access Point BEACON - Number of events: 170
2020-03-26T22:34:08-0300 [-] Access Point BEACON - Number of events: 171
2020-03-26T22:34:08-0300 [-] Access Point BEACON - Number of events: 172
2020-03-26T22:34:09-0300 [-] Access Point BEACON - Number of events: 173
2020-03-26T22:34:09-0300 [-] Access Point BEACON - Number of events: 174
2020-03-26T22:34:09-0300 [-] Access Point BEACON - Number of events: 175
2020-03-26T22:34:09-0300 [-] Access Point BEACON - Number of events: 176
2020-03-26T22:34:09-0300 [-] Access Point BEACON - Number of events: 177
2020-03-26T22:34:09-0300 [-] Access Point BEACON - Number of events: 178
2020-03-26T22:34:09-0300 [-] Access Point BEACON - Number of events: 179
2020-03-26T22:34:09-0300 [-] Access Point BEACON - Number of events: 180
2020-03-26T22:34:09-0300 [-] Access Point BEACON - Number of events: 181
2020-03-26T22:34:10-0300 [-] Access Point BEACON - Number of events: 182
2020-03-26T22:34:10-0300 [-] Access Point BEACON - Number of events: 183
2020-03-26T22:34:10-0300 [-] Access Point BEACON - Number of events: 184
2020-03-26T22:34:10-0300 [-] Access Point BEACON - Number of events: 185
2020-03-26T22:34:10-0300 [-] Access Point BEACON - Number of events: 186
2020-03-26T22:34:10-0300 [-] Access Point BEACON - Number of events: 187
2020-03-26T22:34:10-0300 [-] Access Point BEACON - Number of events: 188
2020-03-26T22:34:10-0300 [-] Access Point BEACON - Number of events: 189
2020-03-26T22:34:10-0300 [-] Access Point BEACON - Number of events: 190
2020-03-26T22:34:11-0300 [-] Access Point BEACON - Number of events: 191
2020-03-26T22:34:11-0300 [-] Access Point BEACON - Number of events: 192
2020-03-26T22:34:11-0300 [-] Access Point BEACON - Number of events: 193
2020-03-26T22:34:11-0300 [-] Access Point BEACON - Number of events: 194
2020-03-26T22:34:11-0300 [-] Access Point BEACON - Number of events: 195
2020-03-26T22:34:11-0300 [-] Access Point BEACON - Number of events: 196
2020-03-26T22:34:11-0300 [-] Access Point BEACON - Number of events: 197
2020-03-26T22:34:11-0300 [-] Access Point BEACON - Number of events: 198
2020-03-26T22:34:11-0300 [-] Access Point BEACON - Number of events: 199
2020-03-26T22:34:12-0300 [-] Access Point BEACON - Number of events: 200
2020-03-26T22:34:12-0300 [-] Access Point BEACON - Number of events: 201
2020-03-26T22:34:12-0300 [-] Access Point BEACON - Number of events: 202
2020-03-26T22:34:12-0300 [-] Access Point BEACON - Number of events: 203
2020-03-26T22:34:12-0300 [-] Access Point BEACON - Number of events: 204
2020-03-26T22:34:12-0300 [-] Access Point BEACON - Number of events: 205
2020-03-26T22:34:12-0300 [-] Access Point BEACON - Number of events: 206
2020-03-26T22:34:12-0300 [-] Access Point BEACON - Number of events: 207
2020-03-26T22:34:12-0300 [-] Access Point BEACON - Number of events: 208
2020-03-26T22:34:12-0300 [-] Access Point BEACON - Number of events: 209
2020-03-26T22:34:13-0300 [-] Access Point BEACON - Number of events: 210
2020-03-26T22:34:13-0300 [-] Access Point BEACON - Number of events: 211
2020-03-26T22:34:13-0300 [-] Access Point BEACON - Number of events: 212
2020-03-26T22:34:13-0300 [-] Access Point BEACON - Number of events: 213
2020-03-26T22:34:13-0300 [-] Access Point BEACON - Number of events: 214
2020-03-26T22:34:13-0300 [-] Access Point BEACON - Number of events: 215
2020-03-26T22:34:13-0300 [-] Access Point BEACON - Number of events: 216
2020-03-26T22:34:13-0300 [-] Access Point BEACON - Number of events: 217
2020-03-26T22:34:13-0300 [-] Access Point BEACON - Number of events: 218
2020-03-26T22:34:14-0300 [-] Access Point BEACON - Number of events: 219
2020-03-26T22:34:14-0300 [-] Access Point BEACON - Number of events: 220
2020-03-26T22:34:14-0300 [-] Access Point BEACON - Number of events: 221
2020-03-26T22:34:14-0300 [-] Access Point BEACON - Number of events: 222
2020-03-26T22:34:14-0300 [-] Access Point BEACON - Number of events: 223
2020-03-26T22:34:14-0300 [-] Access Point BEACON - Number of events: 224
2020-03-26T22:34:14-0300 [-] Access Point BEACON - Number of events: 225
2020-03-26T22:34:14-0300 [-] Access Point BEACON - Number of events: 226
2020-03-26T22:34:14-0300 [-] Access Point BEACON - Number of events: 227
2020-03-26T22:34:15-0300 [-] Access Point BEACON - Number of events: 228
2020-03-26T22:34:15-0300 [-] Access Point BEACON - Number of events: 229
2020-03-26T22:34:15-0300 [-] Access Point BEACON - Number of events: 230
2020-03-26T22:34:15-0300 [-] Access Point BEACON - Number of events: 231
2020-03-26T22:34:15-0300 [-] Access Point BEACON - Number of events: 232
2020-03-26T22:34:15-0300 [-] Access Point BEACON - Number of events: 233
2020-03-26T22:34:15-0300 [-] Access Point BEACON - Number of events: 234
2020-03-26T22:34:15-0300 [-] Access Point BEACON - Number of events: 235
2020-03-26T22:34:15-0300 [-] Access Point BEACON - Number of events: 236
2020-03-26T22:34:16-0300 [-] Access Point BEACON - Number of events: 237
2020-03-26T22:34:16-0300 [-] Access Point BEACON - Number of events: 238
2020-03-26T22:34:16-0300 [-] Access Point BEACON - Number of events: 239
2020-03-26T22:34:16-0300 [-] Access Point BEACON - Number of events: 240
2020-03-26T22:34:16-0300 [-] Access Point BEACON - Number of events: 241
2020-03-26T22:34:16-0300 [-] Access Point BEACON - Number of events: 242
2020-03-26T22:34:16-0300 [-] Access Point BEACON - Number of events: 243
2020-03-26T22:34:16-0300 [-] Access Point BEACON - Number of events: 244
2020-03-26T22:34:16-0300 [-] Access Point BEACON - Number of events: 245
2020-03-26T22:34:17-0300 [-] Access Point BEACON - Number of events: 246
2020-03-26T22:34:17-0300 [-] Access Point BEACON - Number of events: 247
2020-03-26T22:34:17-0300 [-] Access Point BEACON - Number of events: 248
2020-03-26T22:34:17-0300 [-] Access Point BEACON - Number of events: 249
2020-03-26T22:34:17-0300 [-] Access Point BEACON - Number of events: 250
2020-03-26T22:34:17-0300 [-] Access Point BEACON - Number of events: 251
2020-03-26T22:34:17-0300 [-] Access Point BEACON - Number of events: 252
2020-03-26T22:34:17-0300 [-] Access Point BEACON - Number of events: 253
2020-03-26T22:34:17-0300 [-] Access Point BEACON - Number of events: 254
2020-03-26T22:34:18-0300 [-] Access Point BEACON - Number of events: 255
2020-03-26T22:34:18-0300 [-] Access Point BEACON - Number of events: 256
2020-03-26T22:34:18-0300 [-] Access Point BEACON - Number of events: 257
2020-03-26T22:34:18-0300 [-] Access Point BEACON - Number of events: 258
2020-03-26T22:34:18-0300 [-] Access Point BEACON - Number of events: 259
2020-03-26T22:34:18-0300 [-] Access Point BEACON - Number of events: 260
2020-03-26T22:34:18-0300 [-] Access Point BEACON - Number of events: 261
2020-03-26T22:34:18-0300 [-] Access Point BEACON - Number of events: 262
2020-03-26T22:34:18-0300 [-] Access Point BEACON - Number of events: 263
2020-03-26T22:34:18-0300 [-] Access Point BEACON - Number of events: 264
2020-03-26T22:34:19-0300 [-] Access Point BEACON - Number of events: 265
2020-03-26T22:34:19-0300 [-] Access Point BEACON - Number of events: 266
2020-03-26T22:34:19-0300 [-] Access Point BEACON - Number of events: 267
2020-03-26T22:34:19-0300 [-] Access Point BEACON - Number of events: 268
2020-03-26T22:34:19-0300 [-] Access Point BEACON - Number of events: 269
2020-03-26T22:34:19-0300 [-] Access Point BEACON - Number of events: 270
2020-03-26T22:34:19-0300 [-] Access Point BEACON - Number of events: 271
2020-03-26T22:34:19-0300 [-] Access Point BEACON - Number of events: 272
2020-03-26T22:34:19-0300 [-] Access Point BEACON - Number of events: 273
2020-03-26T22:34:20-0300 [-] Access Point BEACON - Number of events: 274
2020-03-26T22:34:20-0300 [-] Access Point BEACON - Number of events: 275
2020-03-26T22:34:20-0300 [-] Access Point BEACON - Number of events: 276
2020-03-26T22:34:20-0300 [-] Access Point BEACON - Number of events: 277
2020-03-26T22:34:20-0300 [-] Access Point BEACON - Number of events: 278
2020-03-26T22:34:20-0300 [-] Access Point BEACON - Number of events: 279
2020-03-26T22:34:20-0300 [-] Access Point BEACON - Number of events: 280
2020-03-26T22:34:20-0300 [-] Access Point BEACON - Number of events: 281
2020-03-26T22:34:20-0300 [-] Access Point BEACON - Number of events: 282
2020-03-26T22:34:21-0300 [-] Access Point BEACON - Number of events: 283
2020-03-26T22:34:21-0300 [-] Access Point BEACON - Number of events: 284
2020-03-26T22:34:21-0300 [-] Access Point BEACON - Number of events: 285
2020-03-26T22:34:21-0300 [-] Access Point BEACON - Number of events: 286
2020-03-26T22:34:21-0300 [-] Access Point BEACON - Number of events: 287
2020-03-26T22:34:21-0300 [-] Access Point BEACON - Number of events: 288
2020-03-26T22:34:21-0300 [-] Access Point BEACON - Number of events: 289
2020-03-26T22:34:21-0300 [-] Access Point BEACON - Number of events: 290
2020-03-26T22:34:21-0300 [-] Access Point BEACON - Number of events: 291
2020-03-26T22:34:22-0300 [-] Access Point BEACON - Number of events: 292
2020-03-26T22:34:22-0300 [-] Access Point BEACON - Number of events: 293
2020-03-26T22:34:22-0300 [-] Access Point BEACON - Number of events: 294
2020-03-26T22:34:22-0300 [-] Access Point BEACON - Number of events: 295
2020-03-26T22:34:22-0300 [-] Access Point BEACON - Number of events: 296
2020-03-26T22:34:22-0300 [-] Access Point BEACON - Number of events: 297
2020-03-26T22:34:22-0300 [-] Access Point BEACON - Number of events: 298
2020-03-26T22:34:22-0300 [-] Access Point BEACON - Number of events: 299
2020-03-26T22:34:22-0300 [-] Access Point BEACON - Number of events: 300
2020-03-26T22:34:23-0300 [-] Access Point BEACON - Number of events: 301
2020-03-26T22:34:23-0300 [-] Access Point BEACON - Number of events: 302
2020-03-26T22:34:23-0300 [-] Access Point BEACON - Number of events: 303
2020-03-26T22:34:23-0300 [-] Access Point BEACON - Number of events: 304
2020-03-26T22:34:23-0300 [-] Access Point BEACON - Number of events: 305
2020-03-26T22:34:23-0300 [-] Access Point BEACON - Number of events: 306
2020-03-26T22:34:23-0300 [-] Access Point BEACON - Number of events: 307
2020-03-26T22:34:23-0300 [-] Access Point BEACON - Number of events: 308
2020-03-26T22:34:23-0300 [-] Access Point BEACON - Number of events: 309
2020-03-26T22:34:24-0300 [-] Access Point BEACON - Number of events: 310
2020-03-26T22:34:24-0300 [-] Access Point BEACON - Number of events: 311
2020-03-26T22:34:24-0300 [-] Access Point BEACON - Number of events: 312
2020-03-26T22:34:24-0300 [-] Access Point BEACON - Number of events: 313
2020-03-26T22:34:24-0300 [-] Access Point BEACON - Number of events: 314
2020-03-26T22:34:24-0300 [-] Access Point BEACON - Number of events: 315
2020-03-26T22:34:24-0300 [-] Access Point BEACON - Number of events: 316
2020-03-26T22:34:24-0300 [-] Access Point BEACON - Number of events: 317
2020-03-26T22:34:24-0300 [-] Access Point BEACON - Number of events: 318
2020-03-26T22:34:24-0300 [-] Access Point BEACON - Number of events: 319
2020-03-26T22:34:25-0300 [-] Access Point BEACON - Number of events: 320
2020-03-26T22:34:25-0300 [-] Access Point BEACON - Number of events: 321
2020-03-26T22:34:25-0300 [-] Access Point BEACON - Number of events: 322
2020-03-26T22:34:25-0300 [-] Access Point BEACON - Number of events: 323
2020-03-26T22:34:25-0300 [-] Access Point BEACON - Number of events: 324
2020-03-26T22:34:25-0300 [-] Access Point BEACON - Number of events: 325
2020-03-26T22:34:25-0300 [-] Access Point BEACON - Number of events: 326
2020-03-26T22:34:25-0300 [-] Access Point BEACON - Number of events: 327
2020-03-26T22:34:25-0300 [-] Access Point BEACON - Number of events: 328
2020-03-26T22:34:26-0300 [-] Access Point BEACON - Number of events: 329
2020-03-26T22:34:26-0300 [-] Access Point BEACON - Number of events: 330
2020-03-26T22:34:26-0300 [-] Access Point BEACON - Number of events: 331
2020-03-26T22:34:26-0300 [-] Access Point BEACON - Number of events: 332
2020-03-26T22:34:26-0300 [-] Access Point BEACON - Number of events: 333
2020-03-26T22:34:26-0300 [-] Access Point BEACON - Number of events: 334
2020-03-26T22:34:26-0300 [-] Access Point BEACON - Number of events: 335
2020-03-26T22:34:26-0300 [-] Access Point BEACON - Number of events: 336
2020-03-26T22:34:26-0300 [-] Access Point BEACON - Number of events: 337
2020-03-26T22:34:27-0300 [-] Access Point BEACON - Number of events: 338
2020-03-26T22:34:27-0300 [-] Access Point BEACON - Number of events: 339
2020-03-26T22:34:27-0300 [-] Access Point BEACON - Number of events: 340
2020-03-26T22:34:27-0300 [-] Access Point BEACON - Number of events: 341
2020-03-26T22:34:27-0300 [-] Access Point BEACON - Number of events: 342
2020-03-26T22:34:27-0300 [-] Access Point BEACON - Number of events: 343
2020-03-26T22:34:27-0300 [-] Access Point BEACON - Number of events: 344
2020-03-26T22:34:27-0300 [-] Access Point BEACON - Number of events: 345
2020-03-26T22:34:27-0300 [-] Access Point BEACON - Number of events: 346
2020-03-26T22:34:28-0300 [-] Access Point BEACON - Number of events: 347
2020-03-26T22:34:28-0300 [-] Access Point BEACON - Number of events: 348
2020-03-26T22:34:28-0300 [-] Access Point BEACON - Number of events: 349
2020-03-26T22:34:28-0300 [-] Access Point BEACON - Number of events: 350
2020-03-26T22:34:28-0300 [-] Access Point BEACON - Number of events: 351
2020-03-26T22:34:28-0300 [-] Access Point BEACON - Number of events: 352
2020-03-26T22:34:28-0300 [-] Access Point BEACON - Number of events: 353
2020-03-26T22:34:28-0300 [-] Access Point BEACON - Number of events: 354
2020-03-26T22:34:28-0300 [-] Access Point BEACON - Number of events: 355
2020-03-26T22:34:29-0300 [-] Access Point BEACON - Number of events: 356
2020-03-26T22:34:29-0300 [-] Access Point BEACON - Number of events: 357
2020-03-26T22:34:29-0300 [-] Access Point BEACON - Number of events: 358
2020-03-26T22:34:29-0300 [-] Access Point BEACON - Number of events: 359
2020-03-26T22:34:29-0300 [-] Access Point BEACON - Number of events: 360
2020-03-26T22:34:29-0300 [-] Access Point BEACON - Number of events: 361
2020-03-26T22:34:29-0300 [-] Access Point BEACON - Number of events: 362
2020-03-26T22:34:29-0300 [-] Access Point BEACON - Number of events: 363
2020-03-26T22:34:29-0300 [-] Access Point BEACON - Number of events: 364
2020-03-26T22:34:30-0300 [-] Access Point BEACON - Number of events: 365
2020-03-26T22:34:30-0300 [-] Access Point BEACON - Number of events: 366
2020-03-26T22:34:30-0300 [-] Access Point BEACON - Number of events: 367
2020-03-26T22:34:30-0300 [-] Access Point BEACON - Number of events: 368
2020-03-26T22:34:30-0300 [-] Access Point BEACON - Number of events: 369
2020-03-26T22:34:30-0300 [-] Access Point BEACON - Number of events: 370
2020-03-26T22:34:30-0300 [-] Access Point BEACON - Number of events: 371
2020-03-26T22:34:30-0300 [-] Access Point BEACON - Number of events: 372
2020-03-26T22:34:30-0300 [-] Access Point BEACON - Number of events: 373
2020-03-26T22:34:30-0300 [-] Access Point BEACON - Number of events: 374
2020-03-26T22:34:31-0300 [-] Access Point BEACON - Number of events: 375
2020-03-26T22:34:31-0300 [-] Access Point BEACON - Number of events: 376
2020-03-26T22:34:31-0300 [-] Access Point BEACON - Number of events: 377
2020-03-26T22:34:31-0300 [-] Access Point BEACON - Number of events: 378
2020-03-26T22:34:31-0300 [-] Access Point BEACON - Number of events: 379
2020-03-26T22:34:31-0300 [-] Access Point BEACON - Number of events: 380
2020-03-26T22:34:31-0300 [-] Access Point BEACON - Number of events: 381
2020-03-26T22:34:31-0300 [-] Access Point BEACON - Number of events: 382
2020-03-26T22:34:31-0300 [-] Access Point BEACON - Number of events: 383
2020-03-26T22:34:32-0300 [-] Access Point BEACON - Number of events: 384
2020-03-26T22:34:32-0300 [-] Access Point BEACON - Number of events: 385
2020-03-26T22:34:32-0300 [-] Access Point BEACON - Number of events: 386
2020-03-26T22:34:32-0300 [-] Access Point BEACON - Number of events: 387
2020-03-26T22:34:32-0300 [-] Access Point BEACON - Number of events: 388
2020-03-26T22:34:32-0300 [-] Access Point BEACON - Number of events: 389
2020-03-26T22:34:32-0300 [-] Access Point BEACON - Number of events: 390
2020-03-26T22:34:32-0300 [-] Access Point BEACON - Number of events: 391
2020-03-26T22:34:32-0300 [-] Access Point BEACON - Number of events: 392
2020-03-26T22:34:33-0300 [-] Access Point BEACON - Number of events: 393
2020-03-26T22:34:33-0300 [-] Access Point BEACON - Number of events: 394
2020-03-26T22:34:33-0300 [-] Access Point BEACON - Number of events: 395
2020-03-26T22:34:33-0300 [-] Access Point BEACON - Number of events: 396
2020-03-26T22:34:33-0300 [-] Access Point BEACON - Number of events: 397
2020-03-26T22:34:33-0300 [-] Access Point BEACON - Number of events: 398
2020-03-26T22:34:33-0300 [-] Access Point BEACON - Number of events: 399
2020-03-26T22:34:33-0300 [-] Access Point BEACON - Number of events: 400
2020-03-26T22:34:33-0300 [-] Access Point BEACON - Number of events: 401
2020-03-26T22:34:34-0300 [-] Access Point BEACON - Number of events: 402
2020-03-26T22:34:34-0300 [-] Access Point BEACON - Number of events: 403
2020-03-26T22:34:34-0300 [-] Access Point BEACON - Number of events: 404
2020-03-26T22:34:34-0300 [-] Access Point BEACON - Number of events: 405
2020-03-26T22:34:34-0300 [-] Access Point BEACON - Number of events: 406
2020-03-26T22:34:34-0300 [-] Access Point BEACON - Number of events: 407
2020-03-26T22:34:34-0300 [-] Access Point BEACON - Number of events: 408
2020-03-26T22:34:34-0300 [-] Access Point BEACON - Number of events: 409
2020-03-26T22:34:34-0300 [-] Access Point BEACON - Number of events: 410
2020-03-26T22:34:35-0300 [-] Access Point BEACON - Number of events: 411
2020-03-26T22:34:35-0300 [-] Access Point BEACON - Number of events: 412
2020-03-26T22:34:35-0300 [-] Access Point BEACON - Number of events: 413
2020-03-26T22:34:35-0300 [-] Access Point BEACON - Number of events: 414
2020-03-26T22:34:35-0300 [-] Access Point BEACON - Number of events: 415
2020-03-26T22:34:35-0300 [-] Access Point BEACON - Number of events: 416
2020-03-26T22:34:35-0300 [-] Access Point BEACON - Number of events: 417
2020-03-26T22:34:35-0300 [-] Access Point BEACON - Number of events: 418
2020-03-26T22:34:35-0300 [-] Access Point BEACON - Number of events: 419
2020-03-26T22:34:36-0300 [-] Access Point BEACON - Number of events: 420
2020-03-26T22:34:36-0300 [-] Access Point BEACON - Number of events: 421
2020-03-26T22:34:36-0300 [-] Access Point BEACON - Number of events: 422
2020-03-26T22:34:36-0300 [-] Access Point BEACON - Number of events: 423
2020-03-26T22:34:36-0300 [-] Access Point BEACON - Number of events: 424
2020-03-26T22:34:36-0300 [-] Access Point BEACON - Number of events: 425
2020-03-26T22:34:36-0300 [-] Access Point BEACON - Number of events: 426
2020-03-26T22:34:36-0300 [-] Access Point BEACON - Number of events: 427
2020-03-26T22:34:36-0300 [-] Access Point BEACON - Number of events: 428
2020-03-26T22:34:37-0300 [-] Access Point BEACON - Number of events: 429
2020-03-26T22:34:37-0300 [-] Access Point BEACON - Number of events: 430
2020-03-26T22:34:37-0300 [-] Access Point BEACON - Number of events: 431
2020-03-26T22:34:37-0300 [-] Access Point BEACON - Number of events: 432
2020-03-26T22:34:37-0300 [-] Received SIGINT, shutting down.
2020-03-26T22:34:37-0300 [-] Main loop terminated.
