2020-04-10T13:49:53-0300 [-] Creating router ...
2020-04-10T13:49:53-0300 [-] Initializing Router - Number of events: 1
2020-04-10T13:49:53-0300 [-] RouterFactory starting on 8081
2020-04-10T13:49:53-0300 [-] Creating AccessPoint station ...
2020-04-10T13:49:53-0300 [-] Initializing Access Point - Number of events: 2
2020-04-10T13:49:54-0300 [-] AccessPointFactory starting on 8082
2020-04-10T13:49:54-0300 [-] Creating fog node ...
2020-04-10T13:49:54-0300 [-] Initializing Client - Number of events: 3
2020-04-10T13:49:54-0300 [-] Creating fog node ...
2020-04-10T13:49:54-0300 [-] Initializing Client - Number of events: 4
2020-04-10T13:49:55-0300 [-] Creating fog node ...
2020-04-10T13:49:55-0300 [-] Initializing Server - Number of events: 5
2020-04-10T13:49:55-0300 [-] BrokerFactory starting on 5100
2020-04-10T13:49:55-0300 [-] Creating iot node ...
2020-04-10T13:49:55-0300 [-] Initializing Client - Number of events: 6
2020-04-10T13:49:56-0300 [-] Creating iot node ...
2020-04-10T13:49:56-0300 [-] Initializing Client - Number of events: 7
2020-04-10T13:49:56-0300 [-] Creating iot node ...
2020-04-10T13:49:56-0300 [-] Initializing Client - Number of events: 8
2020-04-10T13:49:57-0300 [-] Creating iot node ...
2020-04-10T13:49:57-0300 [-] Initializing Client - Number of events: 9
2020-04-10T13:49:57-0300 [-] Creating iot node ...
2020-04-10T13:49:57-0300 [-] Initializing Client - Number of events: 10
2020-04-10T13:49:58-0300 [stdout#info] This divice have no simulation core instance
2020-04-10T13:49:58-0300 [stdout#info] This divice have no simulation core instance
2020-04-10T13:49:58-0300 [stdout#info] This divice have no simulation core instance
2020-04-10T13:49:58-0300 [stdout#info] This divice have no simulation core instance
2020-04-10T13:49:58-0300 [stdout#info] This divice have no simulation core instance
2020-04-10T13:49:58-0300 [stdout#info] This divice have no simulation core instance
2020-04-10T13:49:58-0300 [stdout#info] This divice have no simulation core instance
2020-04-10T13:49:58-0300 [stdout#info] This divice have no simulation core instance
2020-04-10T13:49:58-0300 [stdout#info] This divice have no simulation core instance
2020-04-10T13:49:58-0300 [Uninitialized] 127.0.0.1:48356 - Connected to mqtt broker - Number of events: 11
2020-04-10T13:49:58-0300 [Uninitialized] 127.0.0.1:48356 - sending MQTT SUBSCRIBE REQUEST - Number of events: 12
2020-04-10T13:49:58-0300 [Uninitialized] 127.0.0.1:48358 - Connected to mqtt broker - Number of events: 13
2020-04-10T13:49:58-0300 [Uninitialized] 127.0.0.1:48358 - sending MQTT SUBSCRIBE REQUEST - Number of events: 14
2020-04-10T13:49:58-0300 [Uninitialized] 127.0.0.1:39144 - Connected to mqtt broker - Number of events: 15
2020-04-10T13:49:58-0300 [Uninitialized] 127.0.0.1:39144 - sending MQTT PUBLISH REQUEST - Number of events: 16
2020-04-10T13:49:58-0300 [Uninitialized] 127.0.0.1:39146 - Connected to mqtt broker - Number of events: 17
2020-04-10T13:49:58-0300 [Uninitialized] 127.0.0.1:39146 - sending MQTT PUBLISH REQUEST - Number of events: 18
2020-04-10T13:49:58-0300 [Uninitialized] 127.0.0.1:39148 - Connected to mqtt broker - Number of events: 19
2020-04-10T13:49:58-0300 [Uninitialized] 127.0.0.1:39148 - sending MQTT PUBLISH REQUEST - Number of events: 20
2020-04-10T13:49:58-0300 [Uninitialized] 127.0.0.1:39150 - Connected to mqtt broker - Number of events: 21
2020-04-10T13:49:58-0300 [Uninitialized] 127.0.0.1:39150 - sending MQTT PUBLISH REQUEST - Number of events: 22
2020-04-10T13:49:58-0300 [Uninitialized] 127.0.0.1:39152 - Connected to mqtt broker - Number of events: 23
2020-04-10T13:49:58-0300 [Uninitialized] 127.0.0.1:39152 - sending MQTT PUBLISH REQUEST - Number of events: 24
2020-04-10T13:49:58-0300 [twisted.internet.endpoints.OneShotFactory#info] Starting factory <twisted.internet.endpoints.connectProtocol.<locals>.OneShotFactory object at 0x7f0ee5987668>
2020-04-10T13:49:58-0300 [twisted.internet.endpoints.OneShotFactory#info] Starting factory <twisted.internet.endpoints.connectProtocol.<locals>.OneShotFactory object at 0x7f0ee5987860>
2020-04-10T13:49:58-0300 [twisted.internet.endpoints.OneShotFactory#info] Starting factory <twisted.internet.endpoints.connectProtocol.<locals>.OneShotFactory object at 0x7f0ee5987a58>
2020-04-10T13:49:58-0300 [twisted.internet.endpoints.OneShotFactory#info] Starting factory <twisted.internet.endpoints.connectProtocol.<locals>.OneShotFactory object at 0x7f0eecdde9e8>
2020-04-10T13:49:58-0300 [twisted.internet.endpoints.OneShotFactory#info] Starting factory <twisted.internet.endpoints.connectProtocol.<locals>.OneShotFactory object at 0x7f0ee5987c88>
2020-04-10T13:49:58-0300 [twisted.internet.endpoints.OneShotFactory#info] Starting factory <twisted.internet.endpoints.connectProtocol.<locals>.OneShotFactory object at 0x7f0ee5987f98>
2020-04-10T13:49:58-0300 [twisted.internet.endpoints.OneShotFactory#info] Starting factory <twisted.internet.endpoints.connectProtocol.<locals>.OneShotFactory object at 0x7f0ee59922e8>
2020-04-10T13:49:58-0300 [stdout#info] This divice have no simulation core instance
2020-04-10T13:49:58-0300 [stdout#info] This divice have no simulation core instance
2020-04-10T13:49:58-0300 [stdout#info] This divice have no simulation core instance
2020-04-10T13:49:58-0300 [stdout#info] This divice have no simulation core instance
2020-04-10T13:49:58-0300 [stdout#info] This divice have no simulation core instance
2020-04-10T13:49:58-0300 [twisted.internet.endpoints.OneShotFactory#info] Starting factory <twisted.internet.endpoints.connectProtocol.<locals>.OneShotFactory object at 0x7f0ee5992dd8>
2020-04-10T13:49:58-0300 [twisted.internet.endpoints.OneShotFactory#info] Starting factory <twisted.internet.endpoints.connectProtocol.<locals>.OneShotFactory object at 0x7f0ee599a080>
2020-04-10T13:49:58-0300 [twisted.internet.endpoints.OneShotFactory#info] Starting factory <twisted.internet.endpoints.connectProtocol.<locals>.OneShotFactory object at 0x7f0ee599a278>
2020-04-10T13:49:58-0300 [twisted.internet.endpoints.OneShotFactory#info] Starting factory <twisted.internet.endpoints.connectProtocol.<locals>.OneShotFactory object at 0x7f0ee599a4e0>
2020-04-10T13:49:58-0300 [twisted.internet.endpoints.OneShotFactory#info] Starting factory <twisted.internet.endpoints.connectProtocol.<locals>.OneShotFactory object at 0x7f0ee599a7f0>
2020-04-10T13:50:04-0300 [-] Closing IoTFogSim Application...
2020-04-10T13:50:04-0300 [PublisherApp,client] connection lost: Connection to the other side was lost in a non-clean fashion: Connection lost.
2020-04-10T13:50:04-0300 [PublisherApp,client] connection lost - Number of events: 25
2020-04-10T13:50:04-0300 [twisted.internet.endpoints.OneShotFactory#info] Stopping factory <twisted.internet.endpoints.connectProtocol.<locals>.OneShotFactory object at 0x7f0ee5987f98>
2020-04-10T13:50:04-0300 [twisted.internet.endpoints.OneShotFactory#info] Stopping factory <twisted.internet.endpoints.connectProtocol.<locals>.OneShotFactory object at 0x7f0ee599a7f0>
2020-04-10T13:50:04-0300 [twisted.internet.endpoints.OneShotFactory#info] Stopping factory <twisted.internet.endpoints.connectProtocol.<locals>.OneShotFactory object at 0x7f0ee5987a58>
2020-04-10T13:50:04-0300 [twisted.internet.endpoints.OneShotFactory#info] Stopping factory <twisted.internet.endpoints.connectProtocol.<locals>.OneShotFactory object at 0x7f0ee5987860>
2020-04-10T13:50:04-0300 [twisted.internet.endpoints.OneShotFactory#info] Stopping factory <twisted.internet.endpoints.connectProtocol.<locals>.OneShotFactory object at 0x7f0ee599a080>
2020-04-10T13:50:04-0300 [SubscriberApp,client] connection lost: Connection to the other side was lost in a non-clean fashion: Connection lost.
2020-04-10T13:50:04-0300 [SubscriberApp,client] connection lost - Number of events: 26
2020-04-10T13:50:04-0300 [PublisherApp,client] connection lost: Connection to the other side was lost in a non-clean fashion: Connection lost.
2020-04-10T13:50:04-0300 [PublisherApp,client] connection lost - Number of events: 27
2020-04-10T13:50:04-0300 [SubscriberApp,client] connection lost: Connection to the other side was lost in a non-clean fashion: Connection lost.
2020-04-10T13:50:04-0300 [SubscriberApp,client] connection lost - Number of events: 28
2020-04-10T13:50:04-0300 [applications.routerapp.RouterFactory] (TCP Port 8081 Closed)
2020-04-10T13:50:04-0300 [twisted.internet.endpoints.OneShotFactory#info] Stopping factory <twisted.internet.endpoints.connectProtocol.<locals>.OneShotFactory object at 0x7f0ee599a278>
2020-04-10T13:50:04-0300 [PublisherApp,client] connection lost: Connection to the other side was lost in a non-clean fashion: Connection lost.
2020-04-10T13:50:04-0300 [PublisherApp,client] connection lost - Number of events: 29
2020-04-10T13:50:04-0300 [twisted.internet.endpoints.OneShotFactory#info] Stopping factory <twisted.internet.endpoints.connectProtocol.<locals>.OneShotFactory object at 0x7f0ee59922e8>
2020-04-10T13:50:04-0300 [applications.accesspointapp.AccessPointFactory] (TCP Port 8082 Closed)
2020-04-10T13:50:04-0300 [PublisherApp,client] connection lost: Connection to the other side was lost in a non-clean fashion: Connection lost.
2020-04-10T13:50:04-0300 [PublisherApp,client] connection lost - Number of events: 30
2020-04-10T13:50:04-0300 [twisted.internet.endpoints.OneShotFactory#info] Stopping factory <twisted.internet.endpoints.connectProtocol.<locals>.OneShotFactory object at 0x7f0ee5987c88>
2020-04-10T13:50:04-0300 [twisted.internet.endpoints.OneShotFactory#info] Stopping factory <twisted.internet.endpoints.connectProtocol.<locals>.OneShotFactory object at 0x7f0ee599a4e0>
2020-04-10T13:50:04-0300 [twisted.internet.endpoints.OneShotFactory#info] Stopping factory <twisted.internet.endpoints.connectProtocol.<locals>.OneShotFactory object at 0x7f0eecdde9e8>
2020-04-10T13:50:04-0300 [applications.mqttapp.BrokerFactory] (TCP Port 5100 Closed)
2020-04-10T13:50:04-0300 [PublisherApp,client] connection lost: Connection to the other side was lost in a non-clean fashion: Connection lost.
2020-04-10T13:50:04-0300 [PublisherApp,client] connection lost - Number of events: 31
2020-04-10T13:50:04-0300 [twisted.internet.endpoints.OneShotFactory#info] Stopping factory <twisted.internet.endpoints.connectProtocol.<locals>.OneShotFactory object at 0x7f0ee5992dd8>
2020-04-10T13:50:04-0300 [twisted.internet.endpoints.OneShotFactory#info] Stopping factory <twisted.internet.endpoints.connectProtocol.<locals>.OneShotFactory object at 0x7f0ee5987668>
2020-04-10T13:50:04-0300 [-] Main loop terminated.
