2020-03-04T11:59:10-0300 [-] Creating router ...
2020-03-04T11:59:10-0300 [-] Initializing Router - Number of events: 1
2020-03-04T11:59:10-0300 [-] RouterFactory starting on 8081
2020-03-04T11:59:10-0300 [-] Creating fog node ...
2020-03-04T11:59:10-0300 [-] Initializing Client - Number of events: 2
2020-03-04T11:59:10-0300 [-] Creating fog node ...
2020-03-04T11:59:10-0300 [-] Initializing Server - Number of events: 3
2020-03-04T11:59:10-0300 [-] BrokerFactory starting on 5100
2020-03-04T11:59:10-0300 [-] Creating iot node ...
2020-03-04T11:59:10-0300 [-] Initializing Client - Number of events: 4
2020-03-04T11:59:10-0300 [-] Creating iot node ...
2020-03-04T11:59:10-0300 [-] Initializing Client - Number of events: 5
2020-03-04T11:59:10-0300 [stdout#info] This divice have no simulation core instance
2020-03-04T11:59:10-0300 [stdout#info] This divice have no simulation core instance
2020-03-04T11:59:10-0300 [stdout#info] This divice have no simulation core instance
2020-03-04T11:59:10-0300 [stdout#info] This divice have no simulation core instance
2020-03-04T11:59:10-0300 [Uninitialized] 127.0.0.1:45432 - Connected to mqtt broker - Number of events: 6
2020-03-04T11:59:10-0300 [Uninitialized] 127.0.0.1:45432 - sending MQTT SUBSCRIBE REQUEST - Number of events: 7
2020-03-04T11:59:10-0300 [Uninitialized] 127.0.0.1:45434 - Connected to mqtt broker - Number of events: 8
2020-03-04T11:59:10-0300 [Uninitialized] 127.0.0.1:45434 - sending MQTT PUBLISH REQUEST - Number of events: 9
2020-03-04T11:59:10-0300 [twisted.internet.defer#critical] Unhandled error in Deferred:
2020-03-04T11:59:10-0300 [twisted.internet.defer#critical] 
	Traceback (most recent call last):
	  File "/home/rafael/iotfogsim/scinetsim/applications/mqttapp.py", line 64, in publish
	    self.draw_wireless_signal("MQTT_PUBLISH")
	  File "/home/rafael/iotfogsim/scinetsim/applications/applicationcomponent.py", line 122, in draw_wireless_signal
	    LoopingCall.withCount(propagate_signal).start(100)
	  File "/home/rafael/iotfogsim/vm/lib/python3.6/site-packages/twisted/internet/task.py", line 194, in start
	    self()
	  File "/home/rafael/iotfogsim/vm/lib/python3.6/site-packages/twisted/internet/task.py", line 239, in __call__
	    d = defer.maybeDeferred(self.f, *self.a, **self.kw)
	--- <exception caught here> ---
	  File "/home/rafael/iotfogsim/vm/lib/python3.6/site-packages/twisted/internet/defer.py", line 151, in maybeDeferred
	    result = f(*args, **kw)
	  File "/home/rafael/iotfogsim/vm/lib/python3.6/site-packages/twisted/internet/task.py", line 139, in counter
	    return countCallable(count)
	builtins.TypeError: propagate_signal() takes 0 positional arguments but 1 was given
	
2020-03-04T11:59:10-0300 [Uninitialized] 127.0.0.1:45436 - Connected to mqtt broker - Number of events: 10
2020-03-04T11:59:10-0300 [Uninitialized] 127.0.0.1:45436 - sending MQTT PUBLISH REQUEST - Number of events: 11
2020-03-04T11:59:10-0300 [twisted.internet.defer#critical] Unhandled error in Deferred:
2020-03-04T11:59:10-0300 [twisted.internet.defer#critical] 
	Traceback (most recent call last):
	  File "/home/rafael/iotfogsim/scinetsim/applications/mqttapp.py", line 64, in publish
	    self.draw_wireless_signal("MQTT_PUBLISH")
	  File "/home/rafael/iotfogsim/scinetsim/applications/applicationcomponent.py", line 122, in draw_wireless_signal
	    LoopingCall.withCount(propagate_signal).start(100)
	  File "/home/rafael/iotfogsim/vm/lib/python3.6/site-packages/twisted/internet/task.py", line 194, in start
	    self()
	  File "/home/rafael/iotfogsim/vm/lib/python3.6/site-packages/twisted/internet/task.py", line 239, in __call__
	    d = defer.maybeDeferred(self.f, *self.a, **self.kw)
	--- <exception caught here> ---
	  File "/home/rafael/iotfogsim/vm/lib/python3.6/site-packages/twisted/internet/defer.py", line 151, in maybeDeferred
	    result = f(*args, **kw)
	  File "/home/rafael/iotfogsim/vm/lib/python3.6/site-packages/twisted/internet/task.py", line 139, in counter
	    return countCallable(count)
	builtins.TypeError: propagate_signal() takes 0 positional arguments but 1 was given
	
2020-03-04T11:59:10-0300 [stdout#info] OPACOTE É b'{"destiny_addr": "127.0.0.1", "destiny_port": 5100, "source_addr": "127.0.0.1", "source_port": 45432, "type": "http", "payload": {"action": "subscribe", "topic": "sensor_metering", "content": "None"}}\n'
2020-03-04T11:59:10-0300 [twisted.internet.endpoints.OneShotFactory#info] Starting factory <twisted.internet.endpoints.connectProtocol.<locals>.OneShotFactory object at 0x7f22eeb73ac8>
2020-03-04T11:59:10-0300 [stdout#info] OPACOTE É b'{"destiny_addr": "127.0.0.1", "destiny_port": 5100, "source_addr": "127.0.0.1", "source_port": 45434, "type": "http", "payload": {"action": "publish", "topic": "sensor_metering", "content": "16.6 Kwh"}}\n'
2020-03-04T11:59:10-0300 [twisted.internet.endpoints.OneShotFactory#info] Starting factory <twisted.internet.endpoints.connectProtocol.<locals>.OneShotFactory object at 0x7f22f0240240>
2020-03-04T11:59:10-0300 [stdout#info] OPACOTE É b'{"destiny_addr": "127.0.0.1", "destiny_port": 5100, "source_addr": "127.0.0.1", "source_port": 45436, "type": "http", "payload": {"action": "publish", "topic": "sensor_metering", "content": "19.01 Kwh"}}\n'
2020-03-04T11:59:10-0300 [twisted.internet.endpoints.OneShotFactory#info] Starting factory <twisted.internet.endpoints.connectProtocol.<locals>.OneShotFactory object at 0x7f22f0240438>
2020-03-04T11:59:15-0300 [-] 127.0.0.1:45434 - sending MQTT PUBLISH REQUEST - Number of events: 12
2020-03-04T11:59:15-0300 [twisted.internet.defer#critical] Unhandled error in Deferred:
2020-03-04T11:59:15-0300 [twisted.internet.defer#critical] 
	Traceback (most recent call last):
	  File "/home/rafael/iotfogsim/scinetsim/applications/mqttapp.py", line 64, in publish
	    self.draw_wireless_signal("MQTT_PUBLISH")
	  File "/home/rafael/iotfogsim/scinetsim/applications/applicationcomponent.py", line 122, in draw_wireless_signal
	    LoopingCall.withCount(propagate_signal).start(100)
	  File "/home/rafael/iotfogsim/vm/lib/python3.6/site-packages/twisted/internet/task.py", line 194, in start
	    self()
	  File "/home/rafael/iotfogsim/vm/lib/python3.6/site-packages/twisted/internet/task.py", line 239, in __call__
	    d = defer.maybeDeferred(self.f, *self.a, **self.kw)
	--- <exception caught here> ---
	  File "/home/rafael/iotfogsim/vm/lib/python3.6/site-packages/twisted/internet/defer.py", line 151, in maybeDeferred
	    result = f(*args, **kw)
	  File "/home/rafael/iotfogsim/vm/lib/python3.6/site-packages/twisted/internet/task.py", line 139, in counter
	    return countCallable(count)
	builtins.TypeError: propagate_signal() takes 0 positional arguments but 1 was given
	
2020-03-04T11:59:15-0300 [-] 127.0.0.1:45436 - sending MQTT PUBLISH REQUEST - Number of events: 13
2020-03-04T11:59:15-0300 [twisted.internet.defer#critical] Unhandled error in Deferred:
2020-03-04T11:59:15-0300 [twisted.internet.defer#critical] 
	Traceback (most recent call last):
	  File "/home/rafael/iotfogsim/scinetsim/applications/mqttapp.py", line 64, in publish
	    self.draw_wireless_signal("MQTT_PUBLISH")
	  File "/home/rafael/iotfogsim/scinetsim/applications/applicationcomponent.py", line 122, in draw_wireless_signal
	    LoopingCall.withCount(propagate_signal).start(100)
	  File "/home/rafael/iotfogsim/vm/lib/python3.6/site-packages/twisted/internet/task.py", line 194, in start
	    self()
	  File "/home/rafael/iotfogsim/vm/lib/python3.6/site-packages/twisted/internet/task.py", line 239, in __call__
	    d = defer.maybeDeferred(self.f, *self.a, **self.kw)
	--- <exception caught here> ---
	  File "/home/rafael/iotfogsim/vm/lib/python3.6/site-packages/twisted/internet/defer.py", line 151, in maybeDeferred
	    result = f(*args, **kw)
	  File "/home/rafael/iotfogsim/vm/lib/python3.6/site-packages/twisted/internet/task.py", line 139, in counter
	    return countCallable(count)
	builtins.TypeError: propagate_signal() takes 0 positional arguments but 1 was given
	
2020-03-04T11:59:15-0300 [stdout#info] OPACOTE É b'{"destiny_addr": "127.0.0.1", "destiny_port": 5100, "source_addr": "127.0.0.1", "source_port": 45434, "type": "http", "payload": {"action": "publish", "topic": "sensor_metering", "content": "17.98 Kwh"}}\n'
2020-03-04T11:59:15-0300 [twisted.internet.endpoints.OneShotFactory#info] Starting factory <twisted.internet.endpoints.connectProtocol.<locals>.OneShotFactory object at 0x7f22f02409b0>
2020-03-04T11:59:15-0300 [stdout#info] OPACOTE É b'{"destiny_addr": "127.0.0.1", "destiny_port": 5100, "source_addr": "127.0.0.1", "source_port": 45436, "type": "http", "payload": {"action": "publish", "topic": "sensor_metering", "content": "21.14 Kwh"}}\n'
2020-03-04T11:59:15-0300 [twisted.internet.endpoints.OneShotFactory#info] Starting factory <twisted.internet.endpoints.connectProtocol.<locals>.OneShotFactory object at 0x7f22f0240da0>
2020-03-04T11:59:20-0300 [-] 127.0.0.1:45434 - sending MQTT PUBLISH REQUEST - Number of events: 14
2020-03-04T11:59:20-0300 [twisted.internet.defer#critical] Unhandled error in Deferred:
2020-03-04T11:59:20-0300 [twisted.internet.defer#critical] 
	Traceback (most recent call last):
	  File "/home/rafael/iotfogsim/scinetsim/applications/mqttapp.py", line 64, in publish
	    self.draw_wireless_signal("MQTT_PUBLISH")
	  File "/home/rafael/iotfogsim/scinetsim/applications/applicationcomponent.py", line 122, in draw_wireless_signal
	    LoopingCall.withCount(propagate_signal).start(100)
	  File "/home/rafael/iotfogsim/vm/lib/python3.6/site-packages/twisted/internet/task.py", line 194, in start
	    self()
	  File "/home/rafael/iotfogsim/vm/lib/python3.6/site-packages/twisted/internet/task.py", line 239, in __call__
	    d = defer.maybeDeferred(self.f, *self.a, **self.kw)
	--- <exception caught here> ---
	  File "/home/rafael/iotfogsim/vm/lib/python3.6/site-packages/twisted/internet/defer.py", line 151, in maybeDeferred
	    result = f(*args, **kw)
	  File "/home/rafael/iotfogsim/vm/lib/python3.6/site-packages/twisted/internet/task.py", line 139, in counter
	    return countCallable(count)
	builtins.TypeError: propagate_signal() takes 0 positional arguments but 1 was given
	
2020-03-04T11:59:20-0300 [-] 127.0.0.1:45436 - sending MQTT PUBLISH REQUEST - Number of events: 15
2020-03-04T11:59:20-0300 [twisted.internet.defer#critical] Unhandled error in Deferred:
2020-03-04T11:59:20-0300 [twisted.internet.defer#critical] 
	Traceback (most recent call last):
	  File "/home/rafael/iotfogsim/scinetsim/applications/mqttapp.py", line 64, in publish
	    self.draw_wireless_signal("MQTT_PUBLISH")
	  File "/home/rafael/iotfogsim/scinetsim/applications/applicationcomponent.py", line 122, in draw_wireless_signal
	    LoopingCall.withCount(propagate_signal).start(100)
	  File "/home/rafael/iotfogsim/vm/lib/python3.6/site-packages/twisted/internet/task.py", line 194, in start
	    self()
	  File "/home/rafael/iotfogsim/vm/lib/python3.6/site-packages/twisted/internet/task.py", line 239, in __call__
	    d = defer.maybeDeferred(self.f, *self.a, **self.kw)
	--- <exception caught here> ---
	  File "/home/rafael/iotfogsim/vm/lib/python3.6/site-packages/twisted/internet/defer.py", line 151, in maybeDeferred
	    result = f(*args, **kw)
	  File "/home/rafael/iotfogsim/vm/lib/python3.6/site-packages/twisted/internet/task.py", line 139, in counter
	    return countCallable(count)
	builtins.TypeError: propagate_signal() takes 0 positional arguments but 1 was given
	
2020-03-04T11:59:20-0300 [stdout#info] OPACOTE É b'{"destiny_addr": "127.0.0.1", "destiny_port": 5100, "source_addr": "127.0.0.1", "source_port": 45434, "type": "http", "payload": {"action": "publish", "topic": "sensor_metering", "content": "18.58 Kwh"}}\n'
2020-03-04T11:59:20-0300 [twisted.internet.endpoints.OneShotFactory#info] Starting factory <twisted.internet.endpoints.connectProtocol.<locals>.OneShotFactory object at 0x7f22f01cd198>
2020-03-04T11:59:20-0300 [stdout#info] OPACOTE É b'{"destiny_addr": "127.0.0.1", "destiny_port": 5100, "source_addr": "127.0.0.1", "source_port": 45436, "type": "http", "payload": {"action": "publish", "topic": "sensor_metering", "content": "14.31 Kwh"}}\n'
2020-03-04T11:59:20-0300 [twisted.internet.endpoints.OneShotFactory#info] Starting factory <twisted.internet.endpoints.connectProtocol.<locals>.OneShotFactory object at 0x7f22f01cd358>
2020-03-04T11:59:25-0300 [-] 127.0.0.1:45434 - sending MQTT PUBLISH REQUEST - Number of events: 16
2020-03-04T11:59:25-0300 [twisted.internet.defer#critical] Unhandled error in Deferred:
2020-03-04T11:59:25-0300 [twisted.internet.defer#critical] 
	Traceback (most recent call last):
	  File "/home/rafael/iotfogsim/scinetsim/applications/mqttapp.py", line 64, in publish
	    self.draw_wireless_signal("MQTT_PUBLISH")
	  File "/home/rafael/iotfogsim/scinetsim/applications/applicationcomponent.py", line 122, in draw_wireless_signal
	    LoopingCall.withCount(propagate_signal).start(100)
	  File "/home/rafael/iotfogsim/vm/lib/python3.6/site-packages/twisted/internet/task.py", line 194, in start
	    self()
	  File "/home/rafael/iotfogsim/vm/lib/python3.6/site-packages/twisted/internet/task.py", line 239, in __call__
	    d = defer.maybeDeferred(self.f, *self.a, **self.kw)
	--- <exception caught here> ---
	  File "/home/rafael/iotfogsim/vm/lib/python3.6/site-packages/twisted/internet/defer.py", line 151, in maybeDeferred
	    result = f(*args, **kw)
	  File "/home/rafael/iotfogsim/vm/lib/python3.6/site-packages/twisted/internet/task.py", line 139, in counter
	    return countCallable(count)
	builtins.TypeError: propagate_signal() takes 0 positional arguments but 1 was given
	
2020-03-04T11:59:25-0300 [-] 127.0.0.1:45436 - sending MQTT PUBLISH REQUEST - Number of events: 17
2020-03-04T11:59:25-0300 [twisted.internet.defer#critical] Unhandled error in Deferred:
2020-03-04T11:59:25-0300 [twisted.internet.defer#critical] 
	Traceback (most recent call last):
	  File "/home/rafael/iotfogsim/scinetsim/applications/mqttapp.py", line 64, in publish
	    self.draw_wireless_signal("MQTT_PUBLISH")
	  File "/home/rafael/iotfogsim/scinetsim/applications/applicationcomponent.py", line 122, in draw_wireless_signal
	    LoopingCall.withCount(propagate_signal).start(100)
	  File "/home/rafael/iotfogsim/vm/lib/python3.6/site-packages/twisted/internet/task.py", line 194, in start
	    self()
	  File "/home/rafael/iotfogsim/vm/lib/python3.6/site-packages/twisted/internet/task.py", line 239, in __call__
	    d = defer.maybeDeferred(self.f, *self.a, **self.kw)
	--- <exception caught here> ---
	  File "/home/rafael/iotfogsim/vm/lib/python3.6/site-packages/twisted/internet/defer.py", line 151, in maybeDeferred
	    result = f(*args, **kw)
	  File "/home/rafael/iotfogsim/vm/lib/python3.6/site-packages/twisted/internet/task.py", line 139, in counter
	    return countCallable(count)
	builtins.TypeError: propagate_signal() takes 0 positional arguments but 1 was given
	
2020-03-04T11:59:25-0300 [stdout#info] OPACOTE É b'{"destiny_addr": "127.0.0.1", "destiny_port": 5100, "source_addr": "127.0.0.1", "source_port": 45434, "type": "http", "payload": {"action": "publish", "topic": "sensor_metering", "content": "3.96 Kwh"}}\n'
2020-03-04T11:59:25-0300 [twisted.internet.endpoints.OneShotFactory#info] Starting factory <twisted.internet.endpoints.connectProtocol.<locals>.OneShotFactory object at 0x7f22f01cd5f8>
2020-03-04T11:59:25-0300 [stdout#info] OPACOTE É b'{"destiny_addr": "127.0.0.1", "destiny_port": 5100, "source_addr": "127.0.0.1", "source_port": 45436, "type": "http", "payload": {"action": "publish", "topic": "sensor_metering", "content": "12.46 Kwh"}}\n'
2020-03-04T11:59:25-0300 [twisted.internet.endpoints.OneShotFactory#info] Starting factory <twisted.internet.endpoints.connectProtocol.<locals>.OneShotFactory object at 0x7f22f01cd940>
2020-03-04T11:59:30-0300 [-] 127.0.0.1:45434 - sending MQTT PUBLISH REQUEST - Number of events: 18
2020-03-04T11:59:30-0300 [twisted.internet.defer#critical] Unhandled error in Deferred:
2020-03-04T11:59:30-0300 [twisted.internet.defer#critical] 
	Traceback (most recent call last):
	  File "/home/rafael/iotfogsim/scinetsim/applications/mqttapp.py", line 64, in publish
	    self.draw_wireless_signal("MQTT_PUBLISH")
	  File "/home/rafael/iotfogsim/scinetsim/applications/applicationcomponent.py", line 122, in draw_wireless_signal
	    LoopingCall.withCount(propagate_signal).start(100)
	  File "/home/rafael/iotfogsim/vm/lib/python3.6/site-packages/twisted/internet/task.py", line 194, in start
	    self()
	  File "/home/rafael/iotfogsim/vm/lib/python3.6/site-packages/twisted/internet/task.py", line 239, in __call__
	    d = defer.maybeDeferred(self.f, *self.a, **self.kw)
	--- <exception caught here> ---
	  File "/home/rafael/iotfogsim/vm/lib/python3.6/site-packages/twisted/internet/defer.py", line 151, in maybeDeferred
	    result = f(*args, **kw)
	  File "/home/rafael/iotfogsim/vm/lib/python3.6/site-packages/twisted/internet/task.py", line 139, in counter
	    return countCallable(count)
	builtins.TypeError: propagate_signal() takes 0 positional arguments but 1 was given
	
2020-03-04T11:59:30-0300 [-] 127.0.0.1:45436 - sending MQTT PUBLISH REQUEST - Number of events: 19
2020-03-04T11:59:30-0300 [twisted.internet.defer#critical] Unhandled error in Deferred:
2020-03-04T11:59:30-0300 [twisted.internet.defer#critical] 
	Traceback (most recent call last):
	  File "/home/rafael/iotfogsim/scinetsim/applications/mqttapp.py", line 64, in publish
	    self.draw_wireless_signal("MQTT_PUBLISH")
	  File "/home/rafael/iotfogsim/scinetsim/applications/applicationcomponent.py", line 122, in draw_wireless_signal
	    LoopingCall.withCount(propagate_signal).start(100)
	  File "/home/rafael/iotfogsim/vm/lib/python3.6/site-packages/twisted/internet/task.py", line 194, in start
	    self()
	  File "/home/rafael/iotfogsim/vm/lib/python3.6/site-packages/twisted/internet/task.py", line 239, in __call__
	    d = defer.maybeDeferred(self.f, *self.a, **self.kw)
	--- <exception caught here> ---
	  File "/home/rafael/iotfogsim/vm/lib/python3.6/site-packages/twisted/internet/defer.py", line 151, in maybeDeferred
	    result = f(*args, **kw)
	  File "/home/rafael/iotfogsim/vm/lib/python3.6/site-packages/twisted/internet/task.py", line 139, in counter
	    return countCallable(count)
	builtins.TypeError: propagate_signal() takes 0 positional arguments but 1 was given
	
2020-03-04T11:59:30-0300 [stdout#info] OPACOTE É b'{"destiny_addr": "127.0.0.1", "destiny_port": 5100, "source_addr": "127.0.0.1", "source_port": 45434, "type": "http", "payload": {"action": "publish", "topic": "sensor_metering", "content": "2.71 Kwh"}}\n'
2020-03-04T11:59:30-0300 [twisted.internet.endpoints.OneShotFactory#info] Starting factory <twisted.internet.endpoints.connectProtocol.<locals>.OneShotFactory object at 0x7f22f01cdb70>
2020-03-04T11:59:30-0300 [stdout#info] OPACOTE É b'{"destiny_addr": "127.0.0.1", "destiny_port": 5100, "source_addr": "127.0.0.1", "source_port": 45436, "type": "http", "payload": {"action": "publish", "topic": "sensor_metering", "content": "13.93 Kwh"}}\n'
2020-03-04T11:59:30-0300 [twisted.internet.endpoints.OneShotFactory#info] Starting factory <twisted.internet.endpoints.connectProtocol.<locals>.OneShotFactory object at 0x7f22f01cdd68>
2020-03-04T11:59:35-0300 [-] 127.0.0.1:45434 - sending MQTT PUBLISH REQUEST - Number of events: 20
2020-03-04T11:59:35-0300 [twisted.internet.defer#critical] Unhandled error in Deferred:
2020-03-04T11:59:35-0300 [twisted.internet.defer#critical] 
	Traceback (most recent call last):
	  File "/home/rafael/iotfogsim/scinetsim/applications/mqttapp.py", line 64, in publish
	    self.draw_wireless_signal("MQTT_PUBLISH")
	  File "/home/rafael/iotfogsim/scinetsim/applications/applicationcomponent.py", line 122, in draw_wireless_signal
	    LoopingCall.withCount(propagate_signal).start(100)
	  File "/home/rafael/iotfogsim/vm/lib/python3.6/site-packages/twisted/internet/task.py", line 194, in start
	    self()
	  File "/home/rafael/iotfogsim/vm/lib/python3.6/site-packages/twisted/internet/task.py", line 239, in __call__
	    d = defer.maybeDeferred(self.f, *self.a, **self.kw)
	--- <exception caught here> ---
	  File "/home/rafael/iotfogsim/vm/lib/python3.6/site-packages/twisted/internet/defer.py", line 151, in maybeDeferred
	    result = f(*args, **kw)
	  File "/home/rafael/iotfogsim/vm/lib/python3.6/site-packages/twisted/internet/task.py", line 139, in counter
	    return countCallable(count)
	builtins.TypeError: propagate_signal() takes 0 positional arguments but 1 was given
	
2020-03-04T11:59:35-0300 [-] 127.0.0.1:45436 - sending MQTT PUBLISH REQUEST - Number of events: 21
2020-03-04T11:59:35-0300 [twisted.internet.defer#critical] Unhandled error in Deferred:
2020-03-04T11:59:35-0300 [twisted.internet.defer#critical] 
	Traceback (most recent call last):
	  File "/home/rafael/iotfogsim/scinetsim/applications/mqttapp.py", line 64, in publish
	    self.draw_wireless_signal("MQTT_PUBLISH")
	  File "/home/rafael/iotfogsim/scinetsim/applications/applicationcomponent.py", line 122, in draw_wireless_signal
	    LoopingCall.withCount(propagate_signal).start(100)
	  File "/home/rafael/iotfogsim/vm/lib/python3.6/site-packages/twisted/internet/task.py", line 194, in start
	    self()
	  File "/home/rafael/iotfogsim/vm/lib/python3.6/site-packages/twisted/internet/task.py", line 239, in __call__
	    d = defer.maybeDeferred(self.f, *self.a, **self.kw)
	--- <exception caught here> ---
	  File "/home/rafael/iotfogsim/vm/lib/python3.6/site-packages/twisted/internet/defer.py", line 151, in maybeDeferred
	    result = f(*args, **kw)
	  File "/home/rafael/iotfogsim/vm/lib/python3.6/site-packages/twisted/internet/task.py", line 139, in counter
	    return countCallable(count)
	builtins.TypeError: propagate_signal() takes 0 positional arguments but 1 was given
	
2020-03-04T11:59:35-0300 [stdout#info] OPACOTE É b'{"destiny_addr": "127.0.0.1", "destiny_port": 5100, "source_addr": "127.0.0.1", "source_port": 45434, "type": "http", "payload": {"action": "publish", "topic": "sensor_metering", "content": "18.24 Kwh"}}\n'
2020-03-04T11:59:35-0300 [twisted.internet.endpoints.OneShotFactory#info] Starting factory <twisted.internet.endpoints.connectProtocol.<locals>.OneShotFactory object at 0x7f22f01d8198>
2020-03-04T11:59:35-0300 [stdout#info] OPACOTE É b'{"destiny_addr": "127.0.0.1", "destiny_port": 5100, "source_addr": "127.0.0.1", "source_port": 45436, "type": "http", "payload": {"action": "publish", "topic": "sensor_metering", "content": "14.56 Kwh"}}\n'
2020-03-04T11:59:35-0300 [twisted.internet.endpoints.OneShotFactory#info] Starting factory <twisted.internet.endpoints.connectProtocol.<locals>.OneShotFactory object at 0x7f22f01d8358>
2020-03-04T11:59:40-0300 [-] 127.0.0.1:45434 - sending MQTT PUBLISH REQUEST - Number of events: 22
2020-03-04T11:59:40-0300 [twisted.internet.defer#critical] Unhandled error in Deferred:
2020-03-04T11:59:40-0300 [twisted.internet.defer#critical] 
	Traceback (most recent call last):
	  File "/home/rafael/iotfogsim/scinetsim/applications/mqttapp.py", line 64, in publish
	    self.draw_wireless_signal("MQTT_PUBLISH")
	  File "/home/rafael/iotfogsim/scinetsim/applications/applicationcomponent.py", line 122, in draw_wireless_signal
	    LoopingCall.withCount(propagate_signal).start(100)
	  File "/home/rafael/iotfogsim/vm/lib/python3.6/site-packages/twisted/internet/task.py", line 194, in start
	    self()
	  File "/home/rafael/iotfogsim/vm/lib/python3.6/site-packages/twisted/internet/task.py", line 239, in __call__
	    d = defer.maybeDeferred(self.f, *self.a, **self.kw)
	--- <exception caught here> ---
	  File "/home/rafael/iotfogsim/vm/lib/python3.6/site-packages/twisted/internet/defer.py", line 151, in maybeDeferred
	    result = f(*args, **kw)
	  File "/home/rafael/iotfogsim/vm/lib/python3.6/site-packages/twisted/internet/task.py", line 139, in counter
	    return countCallable(count)
	builtins.TypeError: propagate_signal() takes 0 positional arguments but 1 was given
	
2020-03-04T11:59:40-0300 [-] 127.0.0.1:45436 - sending MQTT PUBLISH REQUEST - Number of events: 23
2020-03-04T11:59:40-0300 [twisted.internet.defer#critical] Unhandled error in Deferred:
2020-03-04T11:59:40-0300 [twisted.internet.defer#critical] 
	Traceback (most recent call last):
	  File "/home/rafael/iotfogsim/scinetsim/applications/mqttapp.py", line 64, in publish
	    self.draw_wireless_signal("MQTT_PUBLISH")
	  File "/home/rafael/iotfogsim/scinetsim/applications/applicationcomponent.py", line 122, in draw_wireless_signal
	    LoopingCall.withCount(propagate_signal).start(100)
	  File "/home/rafael/iotfogsim/vm/lib/python3.6/site-packages/twisted/internet/task.py", line 194, in start
	    self()
	  File "/home/rafael/iotfogsim/vm/lib/python3.6/site-packages/twisted/internet/task.py", line 239, in __call__
	    d = defer.maybeDeferred(self.f, *self.a, **self.kw)
	--- <exception caught here> ---
	  File "/home/rafael/iotfogsim/vm/lib/python3.6/site-packages/twisted/internet/defer.py", line 151, in maybeDeferred
	    result = f(*args, **kw)
	  File "/home/rafael/iotfogsim/vm/lib/python3.6/site-packages/twisted/internet/task.py", line 139, in counter
	    return countCallable(count)
	builtins.TypeError: propagate_signal() takes 0 positional arguments but 1 was given
	
2020-03-04T11:59:40-0300 [stdout#info] OPACOTE É b'{"destiny_addr": "127.0.0.1", "destiny_port": 5100, "source_addr": "127.0.0.1", "source_port": 45434, "type": "http", "payload": {"action": "publish", "topic": "sensor_metering", "content": "6.72 Kwh"}}\n'
2020-03-04T11:59:40-0300 [twisted.internet.endpoints.OneShotFactory#info] Starting factory <twisted.internet.endpoints.connectProtocol.<locals>.OneShotFactory object at 0x7f22f01d8588>
2020-03-04T11:59:40-0300 [stdout#info] OPACOTE É b'{"destiny_addr": "127.0.0.1", "destiny_port": 5100, "source_addr": "127.0.0.1", "source_port": 45436, "type": "http", "payload": {"action": "publish", "topic": "sensor_metering", "content": "6.57 Kwh"}}\n'
2020-03-04T11:59:40-0300 [twisted.internet.endpoints.OneShotFactory#info] Starting factory <twisted.internet.endpoints.connectProtocol.<locals>.OneShotFactory object at 0x7f22eeb61e48>
2020-03-04T11:59:44-0300 [-] Received SIGINT, shutting down.
2020-03-04T11:59:44-0300 [twisted.internet.endpoints.OneShotFactory#info] Stopping factory <twisted.internet.endpoints.connectProtocol.<locals>.OneShotFactory object at 0x7f22f01cd5f8>
2020-03-04T11:59:44-0300 [BrokerProtocol,5,127.0.0.1] The requested subscriber is no longer available in subscribers list
2020-03-04T11:59:44-0300 [BrokerProtocol,11,127.0.0.1] The requested subscriber is no longer available in subscribers list
2020-03-04T11:59:44-0300 [BrokerProtocol,8,127.0.0.1] The requested subscriber is no longer available in subscribers list
2020-03-04T11:59:44-0300 [twisted.internet.endpoints.OneShotFactory#info] Stopping factory <twisted.internet.endpoints.connectProtocol.<locals>.OneShotFactory object at 0x7f22eeb73ac8>
2020-03-04T11:59:44-0300 [applications.routerapp.RouterFactory] (TCP Port 8081 Closed)
2020-03-04T11:59:44-0300 [PublisherApp,client] connection lost: Connection to the other side was lost in a non-clean fashion: Connection lost.
2020-03-04T11:59:44-0300 [PublisherApp,client] connection lost - Number of events: 24
2020-03-04T11:59:44-0300 [BrokerProtocol,14,127.0.0.1] The requested subscriber is no longer available in subscribers list
2020-03-04T11:59:44-0300 [twisted.internet.endpoints.OneShotFactory#info] Stopping factory <twisted.internet.endpoints.connectProtocol.<locals>.OneShotFactory object at 0x7f22f01cd198>
2020-03-04T11:59:44-0300 [twisted.internet.endpoints.OneShotFactory#info] Stopping factory <twisted.internet.endpoints.connectProtocol.<locals>.OneShotFactory object at 0x7f22f01d8198>
2020-03-04T11:59:44-0300 [BrokerProtocol,10,127.0.0.1] The requested subscriber is no longer available in subscribers list
2020-03-04T11:59:44-0300 [BrokerProtocol,12,127.0.0.1] The requested subscriber is no longer available in subscribers list
2020-03-04T11:59:44-0300 [twisted.internet.endpoints.OneShotFactory#info] Stopping factory <twisted.internet.endpoints.connectProtocol.<locals>.OneShotFactory object at 0x7f22f0240240>
2020-03-04T11:59:44-0300 [BrokerProtocol,0,127.0.0.1] The requested subscriber is no longer available in subscribers list
2020-03-04T11:59:44-0300 [BrokerProtocol,13,127.0.0.1] The requested subscriber is no longer available in subscribers list
2020-03-04T11:59:44-0300 [BrokerProtocol,4,127.0.0.1] The requested subscriber is no longer available in subscribers list
2020-03-04T11:59:44-0300 [RouterAppProtocol,3,127.0.0.1] connection lost: Connection to the other side was lost in a non-clean fashion: Connection lost.
2020-03-04T11:59:44-0300 [RouterAppProtocol,3,127.0.0.1] connection lost - Number of events: 25
2020-03-04T11:59:44-0300 [BrokerProtocol,3,127.0.0.1] The requested subscriber is no longer available in subscribers list
2020-03-04T11:59:44-0300 [ClientProtocol,client] connection lost: Connection to the other side was lost in a non-clean fashion: Connection lost.
2020-03-04T11:59:44-0300 [ClientProtocol,client] connection lost - Number of events: 26
2020-03-04T11:59:44-0300 [twisted.internet.endpoints.OneShotFactory#info] Stopping factory <twisted.internet.endpoints.connectProtocol.<locals>.OneShotFactory object at 0x7f22f01cd358>
2020-03-04T11:59:44-0300 [ClientProtocol,client] connection lost: Connection to the other side was lost in a non-clean fashion: Connection lost.
2020-03-04T11:59:44-0300 [ClientProtocol,client] connection lost - Number of events: 27
2020-03-04T11:59:44-0300 [twisted.internet.endpoints.OneShotFactory#info] Stopping factory <twisted.internet.endpoints.connectProtocol.<locals>.OneShotFactory object at 0x7f22f01d8358>
2020-03-04T11:59:44-0300 [BrokerProtocol,7,127.0.0.1] The requested subscriber is no longer available in subscribers list
2020-03-04T11:59:44-0300 [twisted.internet.endpoints.OneShotFactory#info] Stopping factory <twisted.internet.endpoints.connectProtocol.<locals>.OneShotFactory object at 0x7f22f02409b0>
2020-03-04T11:59:44-0300 [twisted.internet.endpoints.OneShotFactory#info] Stopping factory <twisted.internet.endpoints.connectProtocol.<locals>.OneShotFactory object at 0x7f22f01cdb70>
2020-03-04T11:59:44-0300 [PublisherApp,client] connection lost: Connection to the other side was lost in a non-clean fashion: Connection lost.
2020-03-04T11:59:44-0300 [PublisherApp,client] connection lost - Number of events: 28
2020-03-04T11:59:44-0300 [ClientProtocol,client] connection lost: Connection to the other side was lost in a non-clean fashion: Connection lost.
2020-03-04T11:59:44-0300 [ClientProtocol,client] connection lost - Number of events: 29
2020-03-04T11:59:44-0300 [twisted.internet.endpoints.OneShotFactory#info] Stopping factory <twisted.internet.endpoints.connectProtocol.<locals>.OneShotFactory object at 0x7f22f0240438>
2020-03-04T11:59:44-0300 [BrokerProtocol,6,127.0.0.1] The requested subscriber is no longer available in subscribers list
2020-03-04T11:59:44-0300 [ClientProtocol,client] connection lost: Connection to the other side was lost in a non-clean fashion: Connection lost.
2020-03-04T11:59:44-0300 [ClientProtocol,client] connection lost - Number of events: 30
2020-03-04T11:59:44-0300 [twisted.internet.endpoints.OneShotFactory#info] Stopping factory <twisted.internet.endpoints.connectProtocol.<locals>.OneShotFactory object at 0x7f22eeb61e48>
2020-03-04T11:59:44-0300 [twisted.internet.endpoints.OneShotFactory#info] Stopping factory <twisted.internet.endpoints.connectProtocol.<locals>.OneShotFactory object at 0x7f22f01d8588>
2020-03-04T11:59:44-0300 [ClientProtocol,client] connection lost: Connection to the other side was lost in a non-clean fashion: Connection lost.
2020-03-04T11:59:44-0300 [ClientProtocol,client] connection lost - Number of events: 31
2020-03-04T11:59:44-0300 [twisted.internet.endpoints.OneShotFactory#info] Stopping factory <twisted.internet.endpoints.connectProtocol.<locals>.OneShotFactory object at 0x7f22f01cdd68>
2020-03-04T11:59:44-0300 [ClientProtocol,client] connection lost: Connection to the other side was lost in a non-clean fashion: Connection lost.
2020-03-04T11:59:44-0300 [ClientProtocol,client] connection lost - Number of events: 32
2020-03-04T11:59:44-0300 [twisted.internet.endpoints.OneShotFactory#info] Stopping factory <twisted.internet.endpoints.connectProtocol.<locals>.OneShotFactory object at 0x7f22f0240da0>
2020-03-04T11:59:44-0300 [BrokerProtocol,1,127.0.0.1] The requested subscriber is no longer available in subscribers list
2020-03-04T11:59:44-0300 [SubscriberApp,client] connection lost: Connection to the other side was lost in a non-clean fashion: Connection lost.
2020-03-04T11:59:44-0300 [SubscriberApp,client] connection lost - Number of events: 33
2020-03-04T11:59:44-0300 [BrokerProtocol,2,127.0.0.1] The requested subscriber is no longer available in subscribers list
2020-03-04T11:59:44-0300 [BrokerProtocol,9,127.0.0.1] The requested subscriber is no longer available in subscribers list
2020-03-04T11:59:44-0300 [applications.mqttapp.BrokerFactory] (TCP Port 5100 Closed)
2020-03-04T11:59:44-0300 [ClientProtocol,client] connection lost: Connection to the other side was lost in a non-clean fashion: Connection lost.
2020-03-04T11:59:44-0300 [ClientProtocol,client] connection lost - Number of events: 34
2020-03-04T11:59:44-0300 [twisted.internet.endpoints.OneShotFactory#info] Stopping factory <twisted.internet.endpoints.connectProtocol.<locals>.OneShotFactory object at 0x7f22f01cd940>
2020-03-04T11:59:44-0300 [-] Main loop terminated.
