2020-02-24T13:27:48-0300 [-] Creating router ...
2020-02-24T13:27:48-0300 [-] Initializing Router - Number of events: 1
2020-02-24T13:27:48-0300 [-] ServerFactory starting on 8081
2020-02-24T13:27:48-0300 [-] Creating AccessPoint station ...
2020-02-24T13:27:48-0300 [-] Initializing Access Point - Number of events: 2
2020-02-24T13:27:48-0300 [-] Access Point BEACON - Number of events: 3
2020-02-24T13:27:48-0300 [-] Creating fog node ...
2020-02-24T13:27:48-0300 [stdout#info] applications.mqttapp.SubscriberApp
2020-02-24T13:27:48-0300 [-] Initializing Client - Number of events: 4
2020-02-24T13:27:48-0300 [-] Creating fog node ...
2020-02-24T13:27:48-0300 [-] Initializing Server - Number of events: 5
2020-02-24T13:27:48-0300 [-] BrokerFactory starting on 5100
2020-02-24T13:27:48-0300 [-] Creating iot node ...
2020-02-24T13:27:48-0300 [stdout#info] applications.mqttapp.PublisherApp
2020-02-24T13:27:48-0300 [-] Initializing Client - Number of events: 6
2020-02-24T13:27:48-0300 [-] Creating iot node ...
2020-02-24T13:27:48-0300 [stdout#info] applications.mqttapp.PublisherApp
2020-02-24T13:27:48-0300 [-] Initializing Client - Number of events: 7
2020-02-24T13:27:48-0300 [-] Creating iot node ...
2020-02-24T13:27:48-0300 [stdout#info] applications.mqttapp.PublisherApp
2020-02-24T13:27:48-0300 [-] Initializing Client - Number of events: 8
2020-02-24T13:27:48-0300 [-] Creating iot node ...
2020-02-24T13:27:48-0300 [stdout#info] applications.mqttapp.PublisherApp
2020-02-24T13:27:48-0300 [-] Initializing Client - Number of events: 9
2020-02-24T13:27:48-0300 [-] Creating iot node ...
2020-02-24T13:27:48-0300 [stdout#info] applications.mqttapp.PublisherApp
2020-02-24T13:27:48-0300 [-] Initializing Client - Number of events: 10
2020-02-24T13:27:48-0300 [-] Creating iot node ...
2020-02-24T13:27:48-0300 [stdout#info] applications.mqttapp.PublisherApp
2020-02-24T13:27:48-0300 [-] Initializing Client - Number of events: 11
2020-02-24T13:27:48-0300 [Uninitialized] 127.0.0.1:56060 - Connected to mqtt broker - Number of events: 12
2020-02-24T13:27:48-0300 [Uninitialized] 127.0.0.1:56060 - sending MQTT SUBSCRIBE REQUEST - Number of events: 13
2020-02-24T13:27:48-0300 [Uninitialized] 127.0.0.1:56062 - Connected to mqtt broker - Number of events: 14
2020-02-24T13:27:48-0300 [Uninitialized] 127.0.0.1:56062 - sending MQTT PUBLISH REQUEST - Number of events: 15
2020-02-24T13:27:48-0300 [Uninitialized] 127.0.0.1:56064 - Connected to mqtt broker - Number of events: 16
2020-02-24T13:27:48-0300 [Uninitialized] 127.0.0.1:56064 - sending MQTT PUBLISH REQUEST - Number of events: 17
2020-02-24T13:27:48-0300 [Uninitialized] 127.0.0.1:56066 - Connected to mqtt broker - Number of events: 18
2020-02-24T13:27:48-0300 [Uninitialized] 127.0.0.1:56066 - sending MQTT PUBLISH REQUEST - Number of events: 19
2020-02-24T13:27:48-0300 [Uninitialized] 127.0.0.1:56068 - Connected to mqtt broker - Number of events: 20
2020-02-24T13:27:48-0300 [Uninitialized] 127.0.0.1:56068 - sending MQTT PUBLISH REQUEST - Number of events: 21
2020-02-24T13:27:48-0300 [Uninitialized] 127.0.0.1:56070 - Connected to mqtt broker - Number of events: 22
2020-02-24T13:27:48-0300 [Uninitialized] 127.0.0.1:56070 - sending MQTT PUBLISH REQUEST - Number of events: 23
2020-02-24T13:27:48-0300 [Uninitialized] 127.0.0.1:56072 - Connected to mqtt broker - Number of events: 24
2020-02-24T13:27:48-0300 [Uninitialized] 127.0.0.1:56072 - sending MQTT PUBLISH REQUEST - Number of events: 25
2020-02-24T13:27:49-0300 [-] Access Point BEACON - Number of events: 26
2020-02-24T13:27:49-0300 [-] Access Point BEACON - Number of events: 27
2020-02-24T13:27:49-0300 [-] Access Point BEACON - Number of events: 28
2020-02-24T13:27:49-0300 [-] Access Point BEACON - Number of events: 29
2020-02-24T13:27:49-0300 [-] Access Point BEACON - Number of events: 30
2020-02-24T13:27:49-0300 [-] Access Point BEACON - Number of events: 31
2020-02-24T13:27:49-0300 [-] Access Point BEACON - Number of events: 32
2020-02-24T13:27:49-0300 [-] Access Point BEACON - Number of events: 33
2020-02-24T13:27:49-0300 [-] Access Point BEACON - Number of events: 34
2020-02-24T13:27:50-0300 [-] Access Point BEACON - Number of events: 35
2020-02-24T13:27:50-0300 [-] Access Point BEACON - Number of events: 36
2020-02-24T13:27:50-0300 [-] Access Point BEACON - Number of events: 37
2020-02-24T13:27:50-0300 [-] Access Point BEACON - Number of events: 38
2020-02-24T13:27:50-0300 [-] Access Point BEACON - Number of events: 39
2020-02-24T13:27:50-0300 [-] Access Point BEACON - Number of events: 40
2020-02-24T13:27:50-0300 [-] Access Point BEACON - Number of events: 41
2020-02-24T13:27:50-0300 [-] Access Point BEACON - Number of events: 42
2020-02-24T13:27:50-0300 [-] Access Point BEACON - Number of events: 43
2020-02-24T13:27:51-0300 [-] Access Point BEACON - Number of events: 44
2020-02-24T13:27:51-0300 [-] Access Point BEACON - Number of events: 45
2020-02-24T13:27:51-0300 [-] Access Point BEACON - Number of events: 46
2020-02-24T13:27:51-0300 [-] Access Point BEACON - Number of events: 47
2020-02-24T13:27:51-0300 [-] Access Point BEACON - Number of events: 48
2020-02-24T13:27:51-0300 [-] Access Point BEACON - Number of events: 49
2020-02-24T13:27:51-0300 [-] Access Point BEACON - Number of events: 50
2020-02-24T13:27:51-0300 [-] Access Point BEACON - Number of events: 51
2020-02-24T13:27:51-0300 [-] Access Point BEACON - Number of events: 52
2020-02-24T13:27:52-0300 [-] Access Point BEACON - Number of events: 53
2020-02-24T13:27:52-0300 [-] Access Point BEACON - Number of events: 54
2020-02-24T13:27:52-0300 [-] Access Point BEACON - Number of events: 55
2020-02-24T13:27:52-0300 [-] Access Point BEACON - Number of events: 56
2020-02-24T13:27:52-0300 [-] Access Point BEACON - Number of events: 57
2020-02-24T13:27:52-0300 [-] Access Point BEACON - Number of events: 58
2020-02-24T13:27:52-0300 [-] Access Point BEACON - Number of events: 59
2020-02-24T13:27:52-0300 [-] Access Point BEACON - Number of events: 60
2020-02-24T13:27:52-0300 [-] Access Point BEACON - Number of events: 61
2020-02-24T13:27:53-0300 [-] Access Point BEACON - Number of events: 62
2020-02-24T13:27:53-0300 [-] Access Point BEACON - Number of events: 63
2020-02-24T13:27:53-0300 [-] Access Point BEACON - Number of events: 64
2020-02-24T13:27:53-0300 [-] Access Point BEACON - Number of events: 65
2020-02-24T13:27:53-0300 [-] Access Point BEACON - Number of events: 66
2020-02-24T13:27:53-0300 [-] Access Point BEACON - Number of events: 67
2020-02-24T13:27:53-0300 [-] Access Point BEACON - Number of events: 68
2020-02-24T13:27:53-0300 [-] Access Point BEACON - Number of events: 69
2020-02-24T13:27:53-0300 [-] Access Point BEACON - Number of events: 70
2020-02-24T13:27:53-0300 [-] 127.0.0.1:56062 - sending MQTT PUBLISH REQUEST - Number of events: 71
2020-02-24T13:27:53-0300 [-] 127.0.0.1:56064 - sending MQTT PUBLISH REQUEST - Number of events: 72
2020-02-24T13:27:53-0300 [-] 127.0.0.1:56066 - sending MQTT PUBLISH REQUEST - Number of events: 73
2020-02-24T13:27:54-0300 [-] 127.0.0.1:56068 - sending MQTT PUBLISH REQUEST - Number of events: 74
2020-02-24T13:27:54-0300 [-] 127.0.0.1:56070 - sending MQTT PUBLISH REQUEST - Number of events: 75
2020-02-24T13:27:54-0300 [-] 127.0.0.1:56072 - sending MQTT PUBLISH REQUEST - Number of events: 76
2020-02-24T13:27:54-0300 [-] Access Point BEACON - Number of events: 77
2020-02-24T13:27:54-0300 [-] Access Point BEACON - Number of events: 78
2020-02-24T13:27:55-0300 [-] Closing IoTFogSim Application...
2020-02-24T13:27:55-0300 [twisted.internet.protocol.ServerFactory] (TCP Port 8081 Closed)
2020-02-24T13:27:55-0300 [applications.mqttapp.BrokerFactory] (TCP Port 5100 Closed)
2020-02-24T13:27:55-0300 [BrokerProtocol,11,127.0.0.1] Unhandled Error
	Traceback (most recent call last):
	  File "/home/rafael/iotfogsim/vm/lib/python3.6/site-packages/twisted/internet/defer.py", line 311, in addCallbacks
	    self._runCallbacks()
	  File "/home/rafael/iotfogsim/vm/lib/python3.6/site-packages/twisted/internet/defer.py", line 654, in _runCallbacks
	    current.result = callback(current.result, *args, **kw)
	  File "/home/rafael/iotfogsim/vm/lib/python3.6/site-packages/twisted/internet/base.py", line 447, in _continueFiring
	    callable(*args, **kwargs)
	  File "/home/rafael/iotfogsim/vm/lib/python3.6/site-packages/twisted/internet/base.py", line 706, in disconnectAll
	    failure.Failure(main.CONNECTION_LOST))
	--- <exception caught here> ---
	  File "/home/rafael/iotfogsim/vm/lib/python3.6/site-packages/twisted/python/log.py", line 103, in callWithLogger
	    return callWithContext({"system": lp}, func, *args, **kw)
	  File "/home/rafael/iotfogsim/vm/lib/python3.6/site-packages/twisted/python/log.py", line 86, in callWithContext
	    return context.call({ILogContext: newCtx}, func, *args, **kw)
	  File "/home/rafael/iotfogsim/vm/lib/python3.6/site-packages/twisted/python/context.py", line 122, in callWithContext
	    return self.currentContext().callWithContext(ctx, func, *args, **kw)
	  File "/home/rafael/iotfogsim/vm/lib/python3.6/site-packages/twisted/python/context.py", line 85, in callWithContext
	    return func(*args,**kw)
	  File "/home/rafael/iotfogsim/vm/lib/python3.6/site-packages/twisted/internet/tcp.py", line 327, in connectionLost
	    protocol.connectionLost(reason)
	  File "/home/rafael/iotfogsim/scinetsim/applications/mqttapp.py", line 151, in connectionLost
	    self.factory.subscribers.remove(self)
	builtins.KeyError: <applications.mqttapp.BrokerProtocol object at 0x7f6831b327f0>
	
2020-02-24T13:27:55-0300 [PublisherApp,client] connection lost: Connection to the other side was lost in a non-clean fashion: Connection lost.
2020-02-24T13:27:55-0300 [PublisherApp,client] connection lost - Number of events: 79
2020-02-24T13:27:55-0300 [BrokerProtocol,12,127.0.0.1] Unhandled Error
	Traceback (most recent call last):
	  File "/home/rafael/iotfogsim/vm/lib/python3.6/site-packages/twisted/internet/defer.py", line 311, in addCallbacks
	    self._runCallbacks()
	  File "/home/rafael/iotfogsim/vm/lib/python3.6/site-packages/twisted/internet/defer.py", line 654, in _runCallbacks
	    current.result = callback(current.result, *args, **kw)
	  File "/home/rafael/iotfogsim/vm/lib/python3.6/site-packages/twisted/internet/base.py", line 447, in _continueFiring
	    callable(*args, **kwargs)
	  File "/home/rafael/iotfogsim/vm/lib/python3.6/site-packages/twisted/internet/base.py", line 706, in disconnectAll
	    failure.Failure(main.CONNECTION_LOST))
	--- <exception caught here> ---
	  File "/home/rafael/iotfogsim/vm/lib/python3.6/site-packages/twisted/python/log.py", line 103, in callWithLogger
	    return callWithContext({"system": lp}, func, *args, **kw)
	  File "/home/rafael/iotfogsim/vm/lib/python3.6/site-packages/twisted/python/log.py", line 86, in callWithContext
	    return context.call({ILogContext: newCtx}, func, *args, **kw)
	  File "/home/rafael/iotfogsim/vm/lib/python3.6/site-packages/twisted/python/context.py", line 122, in callWithContext
	    return self.currentContext().callWithContext(ctx, func, *args, **kw)
	  File "/home/rafael/iotfogsim/vm/lib/python3.6/site-packages/twisted/python/context.py", line 85, in callWithContext
	    return func(*args,**kw)
	  File "/home/rafael/iotfogsim/vm/lib/python3.6/site-packages/twisted/internet/tcp.py", line 327, in connectionLost
	    protocol.connectionLost(reason)
	  File "/home/rafael/iotfogsim/scinetsim/applications/mqttapp.py", line 151, in connectionLost
	    self.factory.subscribers.remove(self)
	builtins.KeyError: <applications.mqttapp.BrokerProtocol object at 0x7f6831b32860>
	
2020-02-24T13:27:55-0300 [PublisherApp,client] connection lost: Connection to the other side was lost in a non-clean fashion: Connection lost.
2020-02-24T13:27:55-0300 [PublisherApp,client] connection lost - Number of events: 80
2020-02-24T13:27:55-0300 [PublisherApp,client] connection lost: Connection to the other side was lost in a non-clean fashion: Connection lost.
2020-02-24T13:27:55-0300 [PublisherApp,client] connection lost - Number of events: 81
2020-02-24T13:27:55-0300 [RouterApp,0,127.0.0.1] connection lost: Connection to the other side was lost in a non-clean fashion: Connection lost.
2020-02-24T13:27:55-0300 [RouterApp,0,127.0.0.1] Unhandled Error
	Traceback (most recent call last):
	  File "/home/rafael/iotfogsim/vm/lib/python3.6/site-packages/twisted/internet/defer.py", line 311, in addCallbacks
	    self._runCallbacks()
	  File "/home/rafael/iotfogsim/vm/lib/python3.6/site-packages/twisted/internet/defer.py", line 654, in _runCallbacks
	    current.result = callback(current.result, *args, **kw)
	  File "/home/rafael/iotfogsim/vm/lib/python3.6/site-packages/twisted/internet/base.py", line 447, in _continueFiring
	    callable(*args, **kwargs)
	  File "/home/rafael/iotfogsim/vm/lib/python3.6/site-packages/twisted/internet/base.py", line 706, in disconnectAll
	    failure.Failure(main.CONNECTION_LOST))
	--- <exception caught here> ---
	  File "/home/rafael/iotfogsim/vm/lib/python3.6/site-packages/twisted/python/log.py", line 103, in callWithLogger
	    return callWithContext({"system": lp}, func, *args, **kw)
	  File "/home/rafael/iotfogsim/vm/lib/python3.6/site-packages/twisted/python/log.py", line 86, in callWithContext
	    return context.call({ILogContext: newCtx}, func, *args, **kw)
	  File "/home/rafael/iotfogsim/vm/lib/python3.6/site-packages/twisted/python/context.py", line 122, in callWithContext
	    return self.currentContext().callWithContext(ctx, func, *args, **kw)
	  File "/home/rafael/iotfogsim/vm/lib/python3.6/site-packages/twisted/python/context.py", line 85, in callWithContext
	    return func(*args,**kw)
	  File "/home/rafael/iotfogsim/vm/lib/python3.6/site-packages/twisted/internet/tcp.py", line 327, in connectionLost
	    protocol.connectionLost(reason)
	  File "/home/rafael/iotfogsim/scinetsim/applications/applicationcomponent.py", line 52, in connectionLost
	    self.simulation_core.updateEventsCounter("connection lost")
	builtins.AttributeError: 'NoneType' object has no attribute 'updateEventsCounter'
	
2020-02-24T13:27:55-0300 [BrokerProtocol,2,127.0.0.1] Unhandled Error
	Traceback (most recent call last):
	  File "/home/rafael/iotfogsim/vm/lib/python3.6/site-packages/twisted/internet/defer.py", line 311, in addCallbacks
	    self._runCallbacks()
	  File "/home/rafael/iotfogsim/vm/lib/python3.6/site-packages/twisted/internet/defer.py", line 654, in _runCallbacks
	    current.result = callback(current.result, *args, **kw)
	  File "/home/rafael/iotfogsim/vm/lib/python3.6/site-packages/twisted/internet/base.py", line 447, in _continueFiring
	    callable(*args, **kwargs)
	  File "/home/rafael/iotfogsim/vm/lib/python3.6/site-packages/twisted/internet/base.py", line 706, in disconnectAll
	    failure.Failure(main.CONNECTION_LOST))
	--- <exception caught here> ---
	  File "/home/rafael/iotfogsim/vm/lib/python3.6/site-packages/twisted/python/log.py", line 103, in callWithLogger
	    return callWithContext({"system": lp}, func, *args, **kw)
	  File "/home/rafael/iotfogsim/vm/lib/python3.6/site-packages/twisted/python/log.py", line 86, in callWithContext
	    return context.call({ILogContext: newCtx}, func, *args, **kw)
	  File "/home/rafael/iotfogsim/vm/lib/python3.6/site-packages/twisted/python/context.py", line 122, in callWithContext
	    return self.currentContext().callWithContext(ctx, func, *args, **kw)
	  File "/home/rafael/iotfogsim/vm/lib/python3.6/site-packages/twisted/python/context.py", line 85, in callWithContext
	    return func(*args,**kw)
	  File "/home/rafael/iotfogsim/vm/lib/python3.6/site-packages/twisted/internet/tcp.py", line 327, in connectionLost
	    protocol.connectionLost(reason)
	  File "/home/rafael/iotfogsim/scinetsim/applications/mqttapp.py", line 151, in connectionLost
	    self.factory.subscribers.remove(self)
	builtins.KeyError: <applications.mqttapp.BrokerProtocol object at 0x7f683049eba8>
	
2020-02-24T13:27:55-0300 [RouterApp,2,127.0.0.1] connection lost: Connection to the other side was lost in a non-clean fashion: Connection lost.
2020-02-24T13:27:55-0300 [RouterApp,2,127.0.0.1] Unhandled Error
	Traceback (most recent call last):
	  File "/home/rafael/iotfogsim/vm/lib/python3.6/site-packages/twisted/internet/defer.py", line 311, in addCallbacks
	    self._runCallbacks()
	  File "/home/rafael/iotfogsim/vm/lib/python3.6/site-packages/twisted/internet/defer.py", line 654, in _runCallbacks
	    current.result = callback(current.result, *args, **kw)
	  File "/home/rafael/iotfogsim/vm/lib/python3.6/site-packages/twisted/internet/base.py", line 447, in _continueFiring
	    callable(*args, **kwargs)
	  File "/home/rafael/iotfogsim/vm/lib/python3.6/site-packages/twisted/internet/base.py", line 706, in disconnectAll
	    failure.Failure(main.CONNECTION_LOST))
	--- <exception caught here> ---
	  File "/home/rafael/iotfogsim/vm/lib/python3.6/site-packages/twisted/python/log.py", line 103, in callWithLogger
	    return callWithContext({"system": lp}, func, *args, **kw)
	  File "/home/rafael/iotfogsim/vm/lib/python3.6/site-packages/twisted/python/log.py", line 86, in callWithContext
	    return context.call({ILogContext: newCtx}, func, *args, **kw)
	  File "/home/rafael/iotfogsim/vm/lib/python3.6/site-packages/twisted/python/context.py", line 122, in callWithContext
	    return self.currentContext().callWithContext(ctx, func, *args, **kw)
	  File "/home/rafael/iotfogsim/vm/lib/python3.6/site-packages/twisted/python/context.py", line 85, in callWithContext
	    return func(*args,**kw)
	  File "/home/rafael/iotfogsim/vm/lib/python3.6/site-packages/twisted/internet/tcp.py", line 327, in connectionLost
	    protocol.connectionLost(reason)
	  File "/home/rafael/iotfogsim/scinetsim/applications/applicationcomponent.py", line 52, in connectionLost
	    self.simulation_core.updateEventsCounter("connection lost")
	builtins.AttributeError: 'NoneType' object has no attribute 'updateEventsCounter'
	
2020-02-24T13:27:55-0300 [RouterApp,3,127.0.0.1] connection lost: Connection to the other side was lost in a non-clean fashion: Connection lost.
2020-02-24T13:27:55-0300 [RouterApp,3,127.0.0.1] Unhandled Error
	Traceback (most recent call last):
	  File "/home/rafael/iotfogsim/vm/lib/python3.6/site-packages/twisted/internet/defer.py", line 311, in addCallbacks
	    self._runCallbacks()
	  File "/home/rafael/iotfogsim/vm/lib/python3.6/site-packages/twisted/internet/defer.py", line 654, in _runCallbacks
	    current.result = callback(current.result, *args, **kw)
	  File "/home/rafael/iotfogsim/vm/lib/python3.6/site-packages/twisted/internet/base.py", line 447, in _continueFiring
	    callable(*args, **kwargs)
	  File "/home/rafael/iotfogsim/vm/lib/python3.6/site-packages/twisted/internet/base.py", line 706, in disconnectAll
	    failure.Failure(main.CONNECTION_LOST))
	--- <exception caught here> ---
	  File "/home/rafael/iotfogsim/vm/lib/python3.6/site-packages/twisted/python/log.py", line 103, in callWithLogger
	    return callWithContext({"system": lp}, func, *args, **kw)
	  File "/home/rafael/iotfogsim/vm/lib/python3.6/site-packages/twisted/python/log.py", line 86, in callWithContext
	    return context.call({ILogContext: newCtx}, func, *args, **kw)
	  File "/home/rafael/iotfogsim/vm/lib/python3.6/site-packages/twisted/python/context.py", line 122, in callWithContext
	    return self.currentContext().callWithContext(ctx, func, *args, **kw)
	  File "/home/rafael/iotfogsim/vm/lib/python3.6/site-packages/twisted/python/context.py", line 85, in callWithContext
	    return func(*args,**kw)
	  File "/home/rafael/iotfogsim/vm/lib/python3.6/site-packages/twisted/internet/tcp.py", line 327, in connectionLost
	    protocol.connectionLost(reason)
	  File "/home/rafael/iotfogsim/scinetsim/applications/applicationcomponent.py", line 52, in connectionLost
	    self.simulation_core.updateEventsCounter("connection lost")
	builtins.AttributeError: 'NoneType' object has no attribute 'updateEventsCounter'
	
2020-02-24T13:27:55-0300 [BrokerProtocol,1,127.0.0.1] Unhandled Error
	Traceback (most recent call last):
	  File "/home/rafael/iotfogsim/vm/lib/python3.6/site-packages/twisted/internet/defer.py", line 311, in addCallbacks
	    self._runCallbacks()
	  File "/home/rafael/iotfogsim/vm/lib/python3.6/site-packages/twisted/internet/defer.py", line 654, in _runCallbacks
	    current.result = callback(current.result, *args, **kw)
	  File "/home/rafael/iotfogsim/vm/lib/python3.6/site-packages/twisted/internet/base.py", line 447, in _continueFiring
	    callable(*args, **kwargs)
	  File "/home/rafael/iotfogsim/vm/lib/python3.6/site-packages/twisted/internet/base.py", line 706, in disconnectAll
	    failure.Failure(main.CONNECTION_LOST))
	--- <exception caught here> ---
	  File "/home/rafael/iotfogsim/vm/lib/python3.6/site-packages/twisted/python/log.py", line 103, in callWithLogger
	    return callWithContext({"system": lp}, func, *args, **kw)
	  File "/home/rafael/iotfogsim/vm/lib/python3.6/site-packages/twisted/python/log.py", line 86, in callWithContext
	    return context.call({ILogContext: newCtx}, func, *args, **kw)
	  File "/home/rafael/iotfogsim/vm/lib/python3.6/site-packages/twisted/python/context.py", line 122, in callWithContext
	    return self.currentContext().callWithContext(ctx, func, *args, **kw)
	  File "/home/rafael/iotfogsim/vm/lib/python3.6/site-packages/twisted/python/context.py", line 85, in callWithContext
	    return func(*args,**kw)
	  File "/home/rafael/iotfogsim/vm/lib/python3.6/site-packages/twisted/internet/tcp.py", line 327, in connectionLost
	    protocol.connectionLost(reason)
	  File "/home/rafael/iotfogsim/scinetsim/applications/mqttapp.py", line 151, in connectionLost
	    self.factory.subscribers.remove(self)
	builtins.KeyError: <applications.mqttapp.BrokerProtocol object at 0x7f683049eb38>
	
2020-02-24T13:27:55-0300 [RouterApp,4,127.0.0.1] connection lost: Connection to the other side was lost in a non-clean fashion: Connection lost.
2020-02-24T13:27:55-0300 [RouterApp,4,127.0.0.1] Unhandled Error
	Traceback (most recent call last):
	  File "/home/rafael/iotfogsim/vm/lib/python3.6/site-packages/twisted/internet/defer.py", line 311, in addCallbacks
	    self._runCallbacks()
	  File "/home/rafael/iotfogsim/vm/lib/python3.6/site-packages/twisted/internet/defer.py", line 654, in _runCallbacks
	    current.result = callback(current.result, *args, **kw)
	  File "/home/rafael/iotfogsim/vm/lib/python3.6/site-packages/twisted/internet/base.py", line 447, in _continueFiring
	    callable(*args, **kwargs)
	  File "/home/rafael/iotfogsim/vm/lib/python3.6/site-packages/twisted/internet/base.py", line 706, in disconnectAll
	    failure.Failure(main.CONNECTION_LOST))
	--- <exception caught here> ---
	  File "/home/rafael/iotfogsim/vm/lib/python3.6/site-packages/twisted/python/log.py", line 103, in callWithLogger
	    return callWithContext({"system": lp}, func, *args, **kw)
	  File "/home/rafael/iotfogsim/vm/lib/python3.6/site-packages/twisted/python/log.py", line 86, in callWithContext
	    return context.call({ILogContext: newCtx}, func, *args, **kw)
	  File "/home/rafael/iotfogsim/vm/lib/python3.6/site-packages/twisted/python/context.py", line 122, in callWithContext
	    return self.currentContext().callWithContext(ctx, func, *args, **kw)
	  File "/home/rafael/iotfogsim/vm/lib/python3.6/site-packages/twisted/python/context.py", line 85, in callWithContext
	    return func(*args,**kw)
	  File "/home/rafael/iotfogsim/vm/lib/python3.6/site-packages/twisted/internet/tcp.py", line 327, in connectionLost
	    protocol.connectionLost(reason)
	  File "/home/rafael/iotfogsim/scinetsim/applications/applicationcomponent.py", line 52, in connectionLost
	    self.simulation_core.updateEventsCounter("connection lost")
	builtins.AttributeError: 'NoneType' object has no attribute 'updateEventsCounter'
	
2020-02-24T13:27:55-0300 [RouterApp,5,127.0.0.1] connection lost: Connection to the other side was lost in a non-clean fashion: Connection lost.
2020-02-24T13:27:55-0300 [RouterApp,5,127.0.0.1] Unhandled Error
	Traceback (most recent call last):
	  File "/home/rafael/iotfogsim/vm/lib/python3.6/site-packages/twisted/internet/defer.py", line 311, in addCallbacks
	    self._runCallbacks()
	  File "/home/rafael/iotfogsim/vm/lib/python3.6/site-packages/twisted/internet/defer.py", line 654, in _runCallbacks
	    current.result = callback(current.result, *args, **kw)
	  File "/home/rafael/iotfogsim/vm/lib/python3.6/site-packages/twisted/internet/base.py", line 447, in _continueFiring
	    callable(*args, **kwargs)
	  File "/home/rafael/iotfogsim/vm/lib/python3.6/site-packages/twisted/internet/base.py", line 706, in disconnectAll
	    failure.Failure(main.CONNECTION_LOST))
	--- <exception caught here> ---
	  File "/home/rafael/iotfogsim/vm/lib/python3.6/site-packages/twisted/python/log.py", line 103, in callWithLogger
	    return callWithContext({"system": lp}, func, *args, **kw)
	  File "/home/rafael/iotfogsim/vm/lib/python3.6/site-packages/twisted/python/log.py", line 86, in callWithContext
	    return context.call({ILogContext: newCtx}, func, *args, **kw)
	  File "/home/rafael/iotfogsim/vm/lib/python3.6/site-packages/twisted/python/context.py", line 122, in callWithContext
	    return self.currentContext().callWithContext(ctx, func, *args, **kw)
	  File "/home/rafael/iotfogsim/vm/lib/python3.6/site-packages/twisted/python/context.py", line 85, in callWithContext
	    return func(*args,**kw)
	  File "/home/rafael/iotfogsim/vm/lib/python3.6/site-packages/twisted/internet/tcp.py", line 327, in connectionLost
	    protocol.connectionLost(reason)
	  File "/home/rafael/iotfogsim/scinetsim/applications/applicationcomponent.py", line 52, in connectionLost
	    self.simulation_core.updateEventsCounter("connection lost")
	builtins.AttributeError: 'NoneType' object has no attribute 'updateEventsCounter'
	
2020-02-24T13:27:55-0300 [BrokerProtocol,3,127.0.0.1] Unhandled Error
	Traceback (most recent call last):
	  File "/home/rafael/iotfogsim/vm/lib/python3.6/site-packages/twisted/internet/defer.py", line 311, in addCallbacks
	    self._runCallbacks()
	  File "/home/rafael/iotfogsim/vm/lib/python3.6/site-packages/twisted/internet/defer.py", line 654, in _runCallbacks
	    current.result = callback(current.result, *args, **kw)
	  File "/home/rafael/iotfogsim/vm/lib/python3.6/site-packages/twisted/internet/base.py", line 447, in _continueFiring
	    callable(*args, **kwargs)
	  File "/home/rafael/iotfogsim/vm/lib/python3.6/site-packages/twisted/internet/base.py", line 706, in disconnectAll
	    failure.Failure(main.CONNECTION_LOST))
	--- <exception caught here> ---
	  File "/home/rafael/iotfogsim/vm/lib/python3.6/site-packages/twisted/python/log.py", line 103, in callWithLogger
	    return callWithContext({"system": lp}, func, *args, **kw)
	  File "/home/rafael/iotfogsim/vm/lib/python3.6/site-packages/twisted/python/log.py", line 86, in callWithContext
	    return context.call({ILogContext: newCtx}, func, *args, **kw)
	  File "/home/rafael/iotfogsim/vm/lib/python3.6/site-packages/twisted/python/context.py", line 122, in callWithContext
	    return self.currentContext().callWithContext(ctx, func, *args, **kw)
	  File "/home/rafael/iotfogsim/vm/lib/python3.6/site-packages/twisted/python/context.py", line 85, in callWithContext
	    return func(*args,**kw)
	  File "/home/rafael/iotfogsim/vm/lib/python3.6/site-packages/twisted/internet/tcp.py", line 327, in connectionLost
	    protocol.connectionLost(reason)
	  File "/home/rafael/iotfogsim/scinetsim/applications/mqttapp.py", line 151, in connectionLost
	    self.factory.subscribers.remove(self)
	builtins.KeyError: <applications.mqttapp.BrokerProtocol object at 0x7f683049e908>
	
2020-02-24T13:27:55-0300 [BrokerProtocol,10,127.0.0.1] Unhandled Error
	Traceback (most recent call last):
	  File "/home/rafael/iotfogsim/vm/lib/python3.6/site-packages/twisted/internet/defer.py", line 311, in addCallbacks
	    self._runCallbacks()
	  File "/home/rafael/iotfogsim/vm/lib/python3.6/site-packages/twisted/internet/defer.py", line 654, in _runCallbacks
	    current.result = callback(current.result, *args, **kw)
	  File "/home/rafael/iotfogsim/vm/lib/python3.6/site-packages/twisted/internet/base.py", line 447, in _continueFiring
	    callable(*args, **kwargs)
	  File "/home/rafael/iotfogsim/vm/lib/python3.6/site-packages/twisted/internet/base.py", line 706, in disconnectAll
	    failure.Failure(main.CONNECTION_LOST))
	--- <exception caught here> ---
	  File "/home/rafael/iotfogsim/vm/lib/python3.6/site-packages/twisted/python/log.py", line 103, in callWithLogger
	    return callWithContext({"system": lp}, func, *args, **kw)
	  File "/home/rafael/iotfogsim/vm/lib/python3.6/site-packages/twisted/python/log.py", line 86, in callWithContext
	    return context.call({ILogContext: newCtx}, func, *args, **kw)
	  File "/home/rafael/iotfogsim/vm/lib/python3.6/site-packages/twisted/python/context.py", line 122, in callWithContext
	    return self.currentContext().callWithContext(ctx, func, *args, **kw)
	  File "/home/rafael/iotfogsim/vm/lib/python3.6/site-packages/twisted/python/context.py", line 85, in callWithContext
	    return func(*args,**kw)
	  File "/home/rafael/iotfogsim/vm/lib/python3.6/site-packages/twisted/internet/tcp.py", line 327, in connectionLost
	    protocol.connectionLost(reason)
	  File "/home/rafael/iotfogsim/scinetsim/applications/mqttapp.py", line 151, in connectionLost
	    self.factory.subscribers.remove(self)
	builtins.KeyError: <applications.mqttapp.BrokerProtocol object at 0x7f6831b32630>
	
2020-02-24T13:27:55-0300 [RouterApp,6,127.0.0.1] connection lost: Connection to the other side was lost in a non-clean fashion: Connection lost.
2020-02-24T13:27:55-0300 [RouterApp,6,127.0.0.1] Unhandled Error
	Traceback (most recent call last):
	  File "/home/rafael/iotfogsim/vm/lib/python3.6/site-packages/twisted/internet/defer.py", line 311, in addCallbacks
	    self._runCallbacks()
	  File "/home/rafael/iotfogsim/vm/lib/python3.6/site-packages/twisted/internet/defer.py", line 654, in _runCallbacks
	    current.result = callback(current.result, *args, **kw)
	  File "/home/rafael/iotfogsim/vm/lib/python3.6/site-packages/twisted/internet/base.py", line 447, in _continueFiring
	    callable(*args, **kwargs)
	  File "/home/rafael/iotfogsim/vm/lib/python3.6/site-packages/twisted/internet/base.py", line 706, in disconnectAll
	    failure.Failure(main.CONNECTION_LOST))
	--- <exception caught here> ---
	  File "/home/rafael/iotfogsim/vm/lib/python3.6/site-packages/twisted/python/log.py", line 103, in callWithLogger
	    return callWithContext({"system": lp}, func, *args, **kw)
	  File "/home/rafael/iotfogsim/vm/lib/python3.6/site-packages/twisted/python/log.py", line 86, in callWithContext
	    return context.call({ILogContext: newCtx}, func, *args, **kw)
	  File "/home/rafael/iotfogsim/vm/lib/python3.6/site-packages/twisted/python/context.py", line 122, in callWithContext
	    return self.currentContext().callWithContext(ctx, func, *args, **kw)
	  File "/home/rafael/iotfogsim/vm/lib/python3.6/site-packages/twisted/python/context.py", line 85, in callWithContext
	    return func(*args,**kw)
	  File "/home/rafael/iotfogsim/vm/lib/python3.6/site-packages/twisted/internet/tcp.py", line 327, in connectionLost
	    protocol.connectionLost(reason)
	  File "/home/rafael/iotfogsim/scinetsim/applications/applicationcomponent.py", line 52, in connectionLost
	    self.simulation_core.updateEventsCounter("connection lost")
	builtins.AttributeError: 'NoneType' object has no attribute 'updateEventsCounter'
	
2020-02-24T13:27:55-0300 [PublisherApp,client] connection lost: Connection to the other side was lost in a non-clean fashion: Connection lost.
2020-02-24T13:27:55-0300 [PublisherApp,client] connection lost - Number of events: 82
2020-02-24T13:27:55-0300 [PublisherApp,client] connection lost: Connection to the other side was lost in a non-clean fashion: Connection lost.
2020-02-24T13:27:55-0300 [PublisherApp,client] connection lost - Number of events: 83
2020-02-24T13:27:55-0300 [PublisherApp,client] connection lost: Connection to the other side was lost in a non-clean fashion: Connection lost.
2020-02-24T13:27:55-0300 [PublisherApp,client] connection lost - Number of events: 84
2020-02-24T13:27:55-0300 [BrokerProtocol,4,127.0.0.1] Unhandled Error
	Traceback (most recent call last):
	  File "/home/rafael/iotfogsim/vm/lib/python3.6/site-packages/twisted/internet/defer.py", line 311, in addCallbacks
	    self._runCallbacks()
	  File "/home/rafael/iotfogsim/vm/lib/python3.6/site-packages/twisted/internet/defer.py", line 654, in _runCallbacks
	    current.result = callback(current.result, *args, **kw)
	  File "/home/rafael/iotfogsim/vm/lib/python3.6/site-packages/twisted/internet/base.py", line 447, in _continueFiring
	    callable(*args, **kwargs)
	  File "/home/rafael/iotfogsim/vm/lib/python3.6/site-packages/twisted/internet/base.py", line 706, in disconnectAll
	    failure.Failure(main.CONNECTION_LOST))
	--- <exception caught here> ---
	  File "/home/rafael/iotfogsim/vm/lib/python3.6/site-packages/twisted/python/log.py", line 103, in callWithLogger
	    return callWithContext({"system": lp}, func, *args, **kw)
	  File "/home/rafael/iotfogsim/vm/lib/python3.6/site-packages/twisted/python/log.py", line 86, in callWithContext
	    return context.call({ILogContext: newCtx}, func, *args, **kw)
	  File "/home/rafael/iotfogsim/vm/lib/python3.6/site-packages/twisted/python/context.py", line 122, in callWithContext
	    return self.currentContext().callWithContext(ctx, func, *args, **kw)
	  File "/home/rafael/iotfogsim/vm/lib/python3.6/site-packages/twisted/python/context.py", line 85, in callWithContext
	    return func(*args,**kw)
	  File "/home/rafael/iotfogsim/vm/lib/python3.6/site-packages/twisted/internet/tcp.py", line 327, in connectionLost
	    protocol.connectionLost(reason)
	  File "/home/rafael/iotfogsim/scinetsim/applications/mqttapp.py", line 151, in connectionLost
	    self.factory.subscribers.remove(self)
	builtins.KeyError: <applications.mqttapp.BrokerProtocol object at 0x7f683049ec50>
	
2020-02-24T13:27:55-0300 [BrokerProtocol,5,127.0.0.1] Unhandled Error
	Traceback (most recent call last):
	  File "/home/rafael/iotfogsim/vm/lib/python3.6/site-packages/twisted/internet/defer.py", line 311, in addCallbacks
	    self._runCallbacks()
	  File "/home/rafael/iotfogsim/vm/lib/python3.6/site-packages/twisted/internet/defer.py", line 654, in _runCallbacks
	    current.result = callback(current.result, *args, **kw)
	  File "/home/rafael/iotfogsim/vm/lib/python3.6/site-packages/twisted/internet/base.py", line 447, in _continueFiring
	    callable(*args, **kwargs)
	  File "/home/rafael/iotfogsim/vm/lib/python3.6/site-packages/twisted/internet/base.py", line 706, in disconnectAll
	    failure.Failure(main.CONNECTION_LOST))
	--- <exception caught here> ---
	  File "/home/rafael/iotfogsim/vm/lib/python3.6/site-packages/twisted/python/log.py", line 103, in callWithLogger
	    return callWithContext({"system": lp}, func, *args, **kw)
	  File "/home/rafael/iotfogsim/vm/lib/python3.6/site-packages/twisted/python/log.py", line 86, in callWithContext
	    return context.call({ILogContext: newCtx}, func, *args, **kw)
	  File "/home/rafael/iotfogsim/vm/lib/python3.6/site-packages/twisted/python/context.py", line 122, in callWithContext
	    return self.currentContext().callWithContext(ctx, func, *args, **kw)
	  File "/home/rafael/iotfogsim/vm/lib/python3.6/site-packages/twisted/python/context.py", line 85, in callWithContext
	    return func(*args,**kw)
	  File "/home/rafael/iotfogsim/vm/lib/python3.6/site-packages/twisted/internet/tcp.py", line 327, in connectionLost
	    protocol.connectionLost(reason)
	  File "/home/rafael/iotfogsim/scinetsim/applications/mqttapp.py", line 151, in connectionLost
	    self.factory.subscribers.remove(self)
	builtins.KeyError: <applications.mqttapp.BrokerProtocol object at 0x7f683049ecc0>
	
2020-02-24T13:27:55-0300 [BrokerProtocol,6,127.0.0.1] Unhandled Error
	Traceback (most recent call last):
	  File "/home/rafael/iotfogsim/vm/lib/python3.6/site-packages/twisted/internet/defer.py", line 311, in addCallbacks
	    self._runCallbacks()
	  File "/home/rafael/iotfogsim/vm/lib/python3.6/site-packages/twisted/internet/defer.py", line 654, in _runCallbacks
	    current.result = callback(current.result, *args, **kw)
	  File "/home/rafael/iotfogsim/vm/lib/python3.6/site-packages/twisted/internet/base.py", line 447, in _continueFiring
	    callable(*args, **kwargs)
	  File "/home/rafael/iotfogsim/vm/lib/python3.6/site-packages/twisted/internet/base.py", line 706, in disconnectAll
	    failure.Failure(main.CONNECTION_LOST))
	--- <exception caught here> ---
	  File "/home/rafael/iotfogsim/vm/lib/python3.6/site-packages/twisted/python/log.py", line 103, in callWithLogger
	    return callWithContext({"system": lp}, func, *args, **kw)
	  File "/home/rafael/iotfogsim/vm/lib/python3.6/site-packages/twisted/python/log.py", line 86, in callWithContext
	    return context.call({ILogContext: newCtx}, func, *args, **kw)
	  File "/home/rafael/iotfogsim/vm/lib/python3.6/site-packages/twisted/python/context.py", line 122, in callWithContext
	    return self.currentContext().callWithContext(ctx, func, *args, **kw)
	  File "/home/rafael/iotfogsim/vm/lib/python3.6/site-packages/twisted/python/context.py", line 85, in callWithContext
	    return func(*args,**kw)
	  File "/home/rafael/iotfogsim/vm/lib/python3.6/site-packages/twisted/internet/tcp.py", line 327, in connectionLost
	    protocol.connectionLost(reason)
	  File "/home/rafael/iotfogsim/scinetsim/applications/mqttapp.py", line 151, in connectionLost
	    self.factory.subscribers.remove(self)
	builtins.KeyError: <applications.mqttapp.BrokerProtocol object at 0x7f683049ed30>
	
2020-02-24T13:27:55-0300 [BrokerProtocol,7,127.0.0.1] Unhandled Error
	Traceback (most recent call last):
	  File "/home/rafael/iotfogsim/vm/lib/python3.6/site-packages/twisted/internet/defer.py", line 311, in addCallbacks
	    self._runCallbacks()
	  File "/home/rafael/iotfogsim/vm/lib/python3.6/site-packages/twisted/internet/defer.py", line 654, in _runCallbacks
	    current.result = callback(current.result, *args, **kw)
	  File "/home/rafael/iotfogsim/vm/lib/python3.6/site-packages/twisted/internet/base.py", line 447, in _continueFiring
	    callable(*args, **kwargs)
	  File "/home/rafael/iotfogsim/vm/lib/python3.6/site-packages/twisted/internet/base.py", line 706, in disconnectAll
	    failure.Failure(main.CONNECTION_LOST))
	--- <exception caught here> ---
	  File "/home/rafael/iotfogsim/vm/lib/python3.6/site-packages/twisted/python/log.py", line 103, in callWithLogger
	    return callWithContext({"system": lp}, func, *args, **kw)
	  File "/home/rafael/iotfogsim/vm/lib/python3.6/site-packages/twisted/python/log.py", line 86, in callWithContext
	    return context.call({ILogContext: newCtx}, func, *args, **kw)
	  File "/home/rafael/iotfogsim/vm/lib/python3.6/site-packages/twisted/python/context.py", line 122, in callWithContext
	    return self.currentContext().callWithContext(ctx, func, *args, **kw)
	  File "/home/rafael/iotfogsim/vm/lib/python3.6/site-packages/twisted/python/context.py", line 85, in callWithContext
	    return func(*args,**kw)
	  File "/home/rafael/iotfogsim/vm/lib/python3.6/site-packages/twisted/internet/tcp.py", line 327, in connectionLost
	    protocol.connectionLost(reason)
	  File "/home/rafael/iotfogsim/scinetsim/applications/mqttapp.py", line 151, in connectionLost
	    self.factory.subscribers.remove(self)
	builtins.KeyError: <applications.mqttapp.BrokerProtocol object at 0x7f6831b32358>
	
2020-02-24T13:27:55-0300 [RouterApp,1,127.0.0.1] connection lost: Connection to the other side was lost in a non-clean fashion: Connection lost.
2020-02-24T13:27:55-0300 [RouterApp,1,127.0.0.1] Unhandled Error
	Traceback (most recent call last):
	  File "/home/rafael/iotfogsim/vm/lib/python3.6/site-packages/twisted/internet/defer.py", line 311, in addCallbacks
	    self._runCallbacks()
	  File "/home/rafael/iotfogsim/vm/lib/python3.6/site-packages/twisted/internet/defer.py", line 654, in _runCallbacks
	    current.result = callback(current.result, *args, **kw)
	  File "/home/rafael/iotfogsim/vm/lib/python3.6/site-packages/twisted/internet/base.py", line 447, in _continueFiring
	    callable(*args, **kwargs)
	  File "/home/rafael/iotfogsim/vm/lib/python3.6/site-packages/twisted/internet/base.py", line 706, in disconnectAll
	    failure.Failure(main.CONNECTION_LOST))
	--- <exception caught here> ---
	  File "/home/rafael/iotfogsim/vm/lib/python3.6/site-packages/twisted/python/log.py", line 103, in callWithLogger
	    return callWithContext({"system": lp}, func, *args, **kw)
	  File "/home/rafael/iotfogsim/vm/lib/python3.6/site-packages/twisted/python/log.py", line 86, in callWithContext
	    return context.call({ILogContext: newCtx}, func, *args, **kw)
	  File "/home/rafael/iotfogsim/vm/lib/python3.6/site-packages/twisted/python/context.py", line 122, in callWithContext
	    return self.currentContext().callWithContext(ctx, func, *args, **kw)
	  File "/home/rafael/iotfogsim/vm/lib/python3.6/site-packages/twisted/python/context.py", line 85, in callWithContext
	    return func(*args,**kw)
	  File "/home/rafael/iotfogsim/vm/lib/python3.6/site-packages/twisted/internet/tcp.py", line 327, in connectionLost
	    protocol.connectionLost(reason)
	  File "/home/rafael/iotfogsim/scinetsim/applications/applicationcomponent.py", line 52, in connectionLost
	    self.simulation_core.updateEventsCounter("connection lost")
	builtins.AttributeError: 'NoneType' object has no attribute 'updateEventsCounter'
	
2020-02-24T13:27:55-0300 [BrokerProtocol,8,127.0.0.1] Unhandled Error
	Traceback (most recent call last):
	  File "/home/rafael/iotfogsim/vm/lib/python3.6/site-packages/twisted/internet/defer.py", line 311, in addCallbacks
	    self._runCallbacks()
	  File "/home/rafael/iotfogsim/vm/lib/python3.6/site-packages/twisted/internet/defer.py", line 654, in _runCallbacks
	    current.result = callback(current.result, *args, **kw)
	  File "/home/rafael/iotfogsim/vm/lib/python3.6/site-packages/twisted/internet/base.py", line 447, in _continueFiring
	    callable(*args, **kwargs)
	  File "/home/rafael/iotfogsim/vm/lib/python3.6/site-packages/twisted/internet/base.py", line 706, in disconnectAll
	    failure.Failure(main.CONNECTION_LOST))
	--- <exception caught here> ---
	  File "/home/rafael/iotfogsim/vm/lib/python3.6/site-packages/twisted/python/log.py", line 103, in callWithLogger
	    return callWithContext({"system": lp}, func, *args, **kw)
	  File "/home/rafael/iotfogsim/vm/lib/python3.6/site-packages/twisted/python/log.py", line 86, in callWithContext
	    return context.call({ILogContext: newCtx}, func, *args, **kw)
	  File "/home/rafael/iotfogsim/vm/lib/python3.6/site-packages/twisted/python/context.py", line 122, in callWithContext
	    return self.currentContext().callWithContext(ctx, func, *args, **kw)
	  File "/home/rafael/iotfogsim/vm/lib/python3.6/site-packages/twisted/python/context.py", line 85, in callWithContext
	    return func(*args,**kw)
	  File "/home/rafael/iotfogsim/vm/lib/python3.6/site-packages/twisted/internet/tcp.py", line 327, in connectionLost
	    protocol.connectionLost(reason)
	  File "/home/rafael/iotfogsim/scinetsim/applications/mqttapp.py", line 151, in connectionLost
	    self.factory.subscribers.remove(self)
	builtins.KeyError: <applications.mqttapp.BrokerProtocol object at 0x7f6831b32748>
	
2020-02-24T13:27:55-0300 [BrokerProtocol,9,127.0.0.1] Unhandled Error
	Traceback (most recent call last):
	  File "/home/rafael/iotfogsim/vm/lib/python3.6/site-packages/twisted/internet/defer.py", line 311, in addCallbacks
	    self._runCallbacks()
	  File "/home/rafael/iotfogsim/vm/lib/python3.6/site-packages/twisted/internet/defer.py", line 654, in _runCallbacks
	    current.result = callback(current.result, *args, **kw)
	  File "/home/rafael/iotfogsim/vm/lib/python3.6/site-packages/twisted/internet/base.py", line 447, in _continueFiring
	    callable(*args, **kwargs)
	  File "/home/rafael/iotfogsim/vm/lib/python3.6/site-packages/twisted/internet/base.py", line 706, in disconnectAll
	    failure.Failure(main.CONNECTION_LOST))
	--- <exception caught here> ---
	  File "/home/rafael/iotfogsim/vm/lib/python3.6/site-packages/twisted/python/log.py", line 103, in callWithLogger
	    return callWithContext({"system": lp}, func, *args, **kw)
	  File "/home/rafael/iotfogsim/vm/lib/python3.6/site-packages/twisted/python/log.py", line 86, in callWithContext
	    return context.call({ILogContext: newCtx}, func, *args, **kw)
	  File "/home/rafael/iotfogsim/vm/lib/python3.6/site-packages/twisted/python/context.py", line 122, in callWithContext
	    return self.currentContext().callWithContext(ctx, func, *args, **kw)
	  File "/home/rafael/iotfogsim/vm/lib/python3.6/site-packages/twisted/python/context.py", line 85, in callWithContext
	    return func(*args,**kw)
	  File "/home/rafael/iotfogsim/vm/lib/python3.6/site-packages/twisted/internet/tcp.py", line 327, in connectionLost
	    protocol.connectionLost(reason)
	  File "/home/rafael/iotfogsim/scinetsim/applications/mqttapp.py", line 151, in connectionLost
	    self.factory.subscribers.remove(self)
	builtins.KeyError: <applications.mqttapp.BrokerProtocol object at 0x7f6831b324e0>
	
2020-02-24T13:27:55-0300 [SubscriberApp,client] connection lost: Connection to the other side was lost in a non-clean fashion: Connection lost.
2020-02-24T13:27:55-0300 [SubscriberApp,client] connection lost - Number of events: 85
2020-02-24T13:27:55-0300 [-] Main loop terminated.
