2020-06-07T22:39:33-0300 [-] Creating router ...
2020-06-07T22:39:33-0300 [-] Initializing Router - Number of events: 1
2020-06-07T22:39:34-0300 [-] RouterFactory starting on 8081
2020-06-07T22:39:34-0300 [-] Creating AccessPoint station ...
2020-06-07T22:39:34-0300 [-] Initializing Access Point - Number of events: 2
2020-06-07T22:39:34-0300 [-] There is no wifi devices in this simulation or it is not in this wifi signal coverage area.
2020-06-07T22:39:34-0300 [-] Initializing Server - Number of events: 3
2020-06-07T22:39:35-0300 [-] BrokerFactory starting on 5100
2020-06-07T22:39:35-0300 [-] Initializing Client - Number of events: 4
2020-06-07T22:39:35-0300 [-] Initializing Client - Number of events: 5
2020-06-07T22:39:36-0300 [-] Initializing Client - Number of events: 6
2020-06-07T22:39:36-0300 [-] Initializing Client - Number of events: 7
2020-06-07T22:39:37-0300 [-] Initializing Client - Number of events: 8
2020-06-07T22:39:37-0300 [-] Initializing Client - Number of events: 9
2020-06-07T22:39:38-0300 [-] Initializing Client - Number of events: 10
2020-06-07T22:39:38-0300 [-] There is no wifi devices in this simulation or it is not in this wifi signal coverage area.
2020-06-07T22:39:38-0300 [stdout#info] This divice have no simulation core instance
2020-06-07T22:39:38-0300 [stdout#info] This divice have no simulation core instance
2020-06-07T22:39:38-0300 [stdout#info] This divice have no simulation core instance
2020-06-07T22:39:38-0300 [stdout#info] This divice have no simulation core instance
2020-06-07T22:39:38-0300 [stdout#info] This divice have no simulation core instance
2020-06-07T22:39:38-0300 [stdout#info] This divice have no simulation core instance
2020-06-07T22:39:38-0300 [stdout#info] This divice have no simulation core instance
2020-06-07T22:39:38-0300 [stdout#info] This divice have no simulation core instance
2020-06-07T22:39:38-0300 [stdout#info] This divice have no simulation core instance
2020-06-07T22:39:38-0300 [Uninitialized] 127.0.0.1:43782 - Connected to mqtt broker - Number of events: 11
2020-06-07T22:39:38-0300 [Uninitialized] 127.0.0.1:43782 - sending MQTT SUBSCRIBE REQUEST - Number of events: 12
2020-06-07T22:39:38-0300 [Uninitialized] 127.0.0.1:43784 - Connected to mqtt broker - Number of events: 13
2020-06-07T22:39:38-0300 [Uninitialized] 127.0.0.1:43784 - sending MQTT SUBSCRIBE REQUEST - Number of events: 14
2020-06-07T22:39:38-0300 [Uninitialized] 127.0.0.1:43786 - Connected to mqtt broker - Number of events: 15
2020-06-07T22:39:38-0300 [Uninitialized] 127.0.0.1:43786 - sending MQTT PUBLISH REQUEST - Number of events: 16
2020-06-07T22:39:38-0300 [Uninitialized] 127.0.0.1:43788 - Connected to mqtt broker - Number of events: 17
2020-06-07T22:39:38-0300 [Uninitialized] 127.0.0.1:43788 - sending MQTT PUBLISH REQUEST - Number of events: 18
2020-06-07T22:39:38-0300 [Uninitialized] 127.0.0.1:43790 - Connected to mqtt broker - Number of events: 19
2020-06-07T22:39:38-0300 [Uninitialized] 127.0.0.1:43790 - sending MQTT PUBLISH REQUEST - Number of events: 20
2020-06-07T22:39:38-0300 [Uninitialized] 127.0.0.1:43792 - Connected to mqtt broker - Number of events: 21
2020-06-07T22:39:38-0300 [Uninitialized] 127.0.0.1:43792 - sending MQTT PUBLISH REQUEST - Number of events: 22
2020-06-07T22:39:38-0300 [Uninitialized] 127.0.0.1:43794 - Connected to mqtt broker - Number of events: 23
2020-06-07T22:39:38-0300 [Uninitialized] 127.0.0.1:43794 - sending MQTT PUBLISH REQUEST - Number of events: 24
2020-06-07T22:39:38-0300 [twisted.internet.endpoints.OneShotFactory#info] Starting factory <twisted.internet.endpoints.connectProtocol.<locals>.OneShotFactory object at 0x7ff51dd72e48>
2020-06-07T22:39:38-0300 [twisted.internet.endpoints.OneShotFactory#info] Starting factory <twisted.internet.endpoints.connectProtocol.<locals>.OneShotFactory object at 0x7ff51dd84080>
2020-06-07T22:39:38-0300 [twisted.internet.endpoints.OneShotFactory#info] Starting factory <twisted.internet.endpoints.connectProtocol.<locals>.OneShotFactory object at 0x7ff51dd84278>
2020-06-07T22:39:38-0300 [twisted.internet.endpoints.OneShotFactory#info] Starting factory <twisted.internet.endpoints.connectProtocol.<locals>.OneShotFactory object at 0x7ff51dd84470>
2020-06-07T22:39:38-0300 [twisted.internet.endpoints.OneShotFactory#info] Starting factory <twisted.internet.endpoints.connectProtocol.<locals>.OneShotFactory object at 0x7ff51dd84668>
2020-06-07T22:39:38-0300 [twisted.internet.endpoints.OneShotFactory#info] Starting factory <twisted.internet.endpoints.connectProtocol.<locals>.OneShotFactory object at 0x7ff51dd84240>
2020-06-07T22:39:38-0300 [twisted.internet.endpoints.OneShotFactory#info] Starting factory <twisted.internet.endpoints.connectProtocol.<locals>.OneShotFactory object at 0x7ff51dd84940>
2020-06-07T22:39:39-0300 [-] There is no wifi devices in this simulation or it is not in this wifi signal coverage area.
2020-06-07T22:39:39-0300 [-] There is no wifi devices in this simulation or it is not in this wifi signal coverage area.
2020-06-07T22:39:39-0300 [-] There is no wifi devices in this simulation or it is not in this wifi signal coverage area.
2020-06-07T22:39:39-0300 [-] There is no wifi devices in this simulation or it is not in this wifi signal coverage area.
2020-06-07T22:39:39-0300 [-] There is no wifi devices in this simulation or it is not in this wifi signal coverage area.
2020-06-07T22:39:39-0300 [-] There is no wifi devices in this simulation or it is not in this wifi signal coverage area.
2020-06-07T22:39:39-0300 [-] There is no wifi devices in this simulation or it is not in this wifi signal coverage area.
2020-06-07T22:39:39-0300 [-] There is no wifi devices in this simulation or it is not in this wifi signal coverage area.
2020-06-07T22:39:40-0300 [-] There is no wifi devices in this simulation or it is not in this wifi signal coverage area.
2020-06-07T22:39:40-0300 [-] There is no wifi devices in this simulation or it is not in this wifi signal coverage area.
2020-06-07T22:39:40-0300 [-] There is no wifi devices in this simulation or it is not in this wifi signal coverage area.
2020-06-07T22:39:40-0300 [-] There is no wifi devices in this simulation or it is not in this wifi signal coverage area.
2020-06-07T22:39:40-0300 [-] There is no wifi devices in this simulation or it is not in this wifi signal coverage area.
2020-06-07T22:39:40-0300 [-] There is no wifi devices in this simulation or it is not in this wifi signal coverage area.
2020-06-07T22:39:40-0300 [-] There is no wifi devices in this simulation or it is not in this wifi signal coverage area.
2020-06-07T22:39:40-0300 [-] There is no wifi devices in this simulation or it is not in this wifi signal coverage area.
2020-06-07T22:39:41-0300 [-] There is no wifi devices in this simulation or it is not in this wifi signal coverage area.
2020-06-07T22:39:41-0300 [-] There is no wifi devices in this simulation or it is not in this wifi signal coverage area.
2020-06-07T22:39:41-0300 [-] There is no wifi devices in this simulation or it is not in this wifi signal coverage area.
2020-06-07T22:39:41-0300 [-] There is no wifi devices in this simulation or it is not in this wifi signal coverage area.
2020-06-07T22:39:41-0300 [-] There is no wifi devices in this simulation or it is not in this wifi signal coverage area.
2020-06-07T22:39:41-0300 [-] There is no wifi devices in this simulation or it is not in this wifi signal coverage area.
2020-06-07T22:39:41-0300 [-] There is no wifi devices in this simulation or it is not in this wifi signal coverage area.
2020-06-07T22:39:42-0300 [-] There is no wifi devices in this simulation or it is not in this wifi signal coverage area.
2020-06-07T22:39:42-0300 [-] There is no wifi devices in this simulation or it is not in this wifi signal coverage area.
2020-06-07T22:39:42-0300 [-] There is no wifi devices in this simulation or it is not in this wifi signal coverage area.
2020-06-07T22:39:42-0300 [-] There is no wifi devices in this simulation or it is not in this wifi signal coverage area.
2020-06-07T22:39:42-0300 [-] There is no wifi devices in this simulation or it is not in this wifi signal coverage area.
2020-06-07T22:39:42-0300 [-] There is no wifi devices in this simulation or it is not in this wifi signal coverage area.
2020-06-07T22:39:42-0300 [-] There is no wifi devices in this simulation or it is not in this wifi signal coverage area.
2020-06-07T22:39:42-0300 [-] There is no wifi devices in this simulation or it is not in this wifi signal coverage area.
2020-06-07T22:39:43-0300 [-] There is no wifi devices in this simulation or it is not in this wifi signal coverage area.
2020-06-07T22:39:43-0300 [-] There is no wifi devices in this simulation or it is not in this wifi signal coverage area.
2020-06-07T22:39:43-0300 [-] There is no wifi devices in this simulation or it is not in this wifi signal coverage area.
2020-06-07T22:39:43-0300 [-] There is no wifi devices in this simulation or it is not in this wifi signal coverage area.
2020-06-07T22:39:43-0300 [-] There is no wifi devices in this simulation or it is not in this wifi signal coverage area.
2020-06-07T22:39:43-0300 [-] There is no wifi devices in this simulation or it is not in this wifi signal coverage area.
2020-06-07T22:39:43-0300 [-] There is no wifi devices in this simulation or it is not in this wifi signal coverage area.
2020-06-07T22:39:43-0300 [-] 127.0.0.1:43786 - sending MQTT PUBLISH REQUEST - Number of events: 25
2020-06-07T22:39:43-0300 [-] 127.0.0.1:43788 - sending MQTT PUBLISH REQUEST - Number of events: 26
2020-06-07T22:39:43-0300 [-] 127.0.0.1:43790 - sending MQTT PUBLISH REQUEST - Number of events: 27
2020-06-07T22:39:43-0300 [-] 127.0.0.1:43792 - sending MQTT PUBLISH REQUEST - Number of events: 28
2020-06-07T22:39:43-0300 [twisted.internet.endpoints.OneShotFactory#info] Starting factory <twisted.internet.endpoints.connectProtocol.<locals>.OneShotFactory object at 0x7ff51dd8e390>
2020-06-07T22:39:43-0300 [-] 127.0.0.1:43794 - sending MQTT PUBLISH REQUEST - Number of events: 29
2020-06-07T22:39:43-0300 [twisted.internet.endpoints.OneShotFactory#info] Stopping factory <twisted.internet.endpoints.connectProtocol.<locals>.OneShotFactory object at 0x7ff51dd84278>
2020-06-07T22:39:43-0300 [twisted.internet.endpoints.OneShotFactory#info] Starting factory <twisted.internet.endpoints.connectProtocol.<locals>.OneShotFactory object at 0x7ff51dd8e518>
2020-06-07T22:39:43-0300 [twisted.internet.endpoints.OneShotFactory#info] Starting factory <twisted.internet.endpoints.connectProtocol.<locals>.OneShotFactory object at 0x7ff51dd8e710>
2020-06-07T22:39:43-0300 [twisted.internet.endpoints.OneShotFactory#info] Starting factory <twisted.internet.endpoints.connectProtocol.<locals>.OneShotFactory object at 0x7ff51dd8e908>
2020-06-07T22:39:43-0300 [twisted.internet.endpoints.OneShotFactory#info] Stopping factory <twisted.internet.endpoints.connectProtocol.<locals>.OneShotFactory object at 0x7ff51dd84470>
2020-06-07T22:39:43-0300 [twisted.internet.endpoints.OneShotFactory#info] Stopping factory <twisted.internet.endpoints.connectProtocol.<locals>.OneShotFactory object at 0x7ff51dd84668>
2020-06-07T22:39:43-0300 [twisted.internet.endpoints.OneShotFactory#info] Stopping factory <twisted.internet.endpoints.connectProtocol.<locals>.OneShotFactory object at 0x7ff51dd84240>
2020-06-07T22:39:43-0300 [twisted.internet.endpoints.OneShotFactory#info] Starting factory <twisted.internet.endpoints.connectProtocol.<locals>.OneShotFactory object at 0x7ff51dd8ea20>
2020-06-07T22:39:43-0300 [twisted.internet.endpoints.OneShotFactory#info] Stopping factory <twisted.internet.endpoints.connectProtocol.<locals>.OneShotFactory object at 0x7ff51dd84940>
2020-06-07T22:39:44-0300 [-] There is no wifi devices in this simulation or it is not in this wifi signal coverage area.
2020-06-07T22:39:44-0300 [-] There is no wifi devices in this simulation or it is not in this wifi signal coverage area.
2020-06-07T22:39:44-0300 [-] There is no wifi devices in this simulation or it is not in this wifi signal coverage area.
2020-06-07T22:39:44-0300 [-] There is no wifi devices in this simulation or it is not in this wifi signal coverage area.
2020-06-07T22:39:44-0300 [-] There is no wifi devices in this simulation or it is not in this wifi signal coverage area.
2020-06-07T22:39:44-0300 [-] There is no wifi devices in this simulation or it is not in this wifi signal coverage area.
2020-06-07T22:39:44-0300 [-] There is no wifi devices in this simulation or it is not in this wifi signal coverage area.
2020-06-07T22:39:44-0300 [-] There is no wifi devices in this simulation or it is not in this wifi signal coverage area.
2020-06-07T22:39:45-0300 [-] There is no wifi devices in this simulation or it is not in this wifi signal coverage area.
2020-06-07T22:39:45-0300 [-] There is no wifi devices in this simulation or it is not in this wifi signal coverage area.
2020-06-07T22:39:45-0300 [-] There is no wifi devices in this simulation or it is not in this wifi signal coverage area.
2020-06-07T22:39:45-0300 [-] There is no wifi devices in this simulation or it is not in this wifi signal coverage area.
2020-06-07T22:39:45-0300 [-] There is no wifi devices in this simulation or it is not in this wifi signal coverage area.
2020-06-07T22:39:45-0300 [-] There is no wifi devices in this simulation or it is not in this wifi signal coverage area.
2020-06-07T22:39:45-0300 [-] There is no wifi devices in this simulation or it is not in this wifi signal coverage area.
2020-06-07T22:39:45-0300 [-] There is no wifi devices in this simulation or it is not in this wifi signal coverage area.
2020-06-07T22:39:46-0300 [-] There is no wifi devices in this simulation or it is not in this wifi signal coverage area.
2020-06-07T22:39:46-0300 [-] There is no wifi devices in this simulation or it is not in this wifi signal coverage area.
2020-06-07T22:39:46-0300 [-] There is no wifi devices in this simulation or it is not in this wifi signal coverage area.
2020-06-07T22:39:46-0300 [-] There is no wifi devices in this simulation or it is not in this wifi signal coverage area.
2020-06-07T22:39:46-0300 [-] There is no wifi devices in this simulation or it is not in this wifi signal coverage area.
2020-06-07T22:39:46-0300 [-] There is no wifi devices in this simulation or it is not in this wifi signal coverage area.
2020-06-07T22:39:46-0300 [-] There is no wifi devices in this simulation or it is not in this wifi signal coverage area.
2020-06-07T22:39:47-0300 [-] There is no wifi devices in this simulation or it is not in this wifi signal coverage area.
2020-06-07T22:39:47-0300 [-] There is no wifi devices in this simulation or it is not in this wifi signal coverage area.
2020-06-07T22:39:47-0300 [-] There is no wifi devices in this simulation or it is not in this wifi signal coverage area.
2020-06-07T22:39:47-0300 [-] There is no wifi devices in this simulation or it is not in this wifi signal coverage area.
2020-06-07T22:39:47-0300 [-] There is no wifi devices in this simulation or it is not in this wifi signal coverage area.
2020-06-07T22:39:47-0300 [-] There is no wifi devices in this simulation or it is not in this wifi signal coverage area.
2020-06-07T22:39:47-0300 [-] There is no wifi devices in this simulation or it is not in this wifi signal coverage area.
2020-06-07T22:39:48-0300 [-] There is no wifi devices in this simulation or it is not in this wifi signal coverage area.
2020-06-07T22:39:48-0300 [-] There is no wifi devices in this simulation or it is not in this wifi signal coverage area.
2020-06-07T22:39:48-0300 [-] There is no wifi devices in this simulation or it is not in this wifi signal coverage area.
2020-06-07T22:39:48-0300 [-] There is no wifi devices in this simulation or it is not in this wifi signal coverage area.
2020-06-07T22:39:48-0300 [-] There is no wifi devices in this simulation or it is not in this wifi signal coverage area.
2020-06-07T22:39:48-0300 [-] There is no wifi devices in this simulation or it is not in this wifi signal coverage area.
2020-06-07T22:39:48-0300 [-] There is no wifi devices in this simulation or it is not in this wifi signal coverage area.
2020-06-07T22:39:48-0300 [-] 127.0.0.1:43786 - sending MQTT PUBLISH REQUEST - Number of events: 30
2020-06-07T22:39:48-0300 [-] 127.0.0.1:43788 - sending MQTT PUBLISH REQUEST - Number of events: 31
2020-06-07T22:39:48-0300 [-] 127.0.0.1:43790 - sending MQTT PUBLISH REQUEST - Number of events: 32
2020-06-07T22:39:48-0300 [-] 127.0.0.1:43792 - sending MQTT PUBLISH REQUEST - Number of events: 33
2020-06-07T22:39:48-0300 [twisted.internet.endpoints.OneShotFactory#info] Starting factory <twisted.internet.endpoints.connectProtocol.<locals>.OneShotFactory object at 0x7ff51dd8edd8>
2020-06-07T22:39:48-0300 [twisted.internet.endpoints.OneShotFactory#info] Starting factory <twisted.internet.endpoints.connectProtocol.<locals>.OneShotFactory object at 0x7ff51f4430f0>
2020-06-07T22:39:48-0300 [-] 127.0.0.1:43794 - sending MQTT PUBLISH REQUEST - Number of events: 34
2020-06-07T22:39:48-0300 [twisted.internet.endpoints.OneShotFactory#info] Stopping factory <twisted.internet.endpoints.connectProtocol.<locals>.OneShotFactory object at 0x7ff51dd8e390>
2020-06-07T22:39:48-0300 [twisted.internet.endpoints.OneShotFactory#info] Stopping factory <twisted.internet.endpoints.connectProtocol.<locals>.OneShotFactory object at 0x7ff51dd8e518>
2020-06-07T22:39:48-0300 [twisted.internet.endpoints.OneShotFactory#info] Starting factory <twisted.internet.endpoints.connectProtocol.<locals>.OneShotFactory object at 0x7ff51f443080>
2020-06-07T22:39:48-0300 [twisted.internet.endpoints.OneShotFactory#info] Starting factory <twisted.internet.endpoints.connectProtocol.<locals>.OneShotFactory object at 0x7ff51f443400>
2020-06-07T22:39:48-0300 [twisted.internet.endpoints.OneShotFactory#info] Stopping factory <twisted.internet.endpoints.connectProtocol.<locals>.OneShotFactory object at 0x7ff51dd8e710>
2020-06-07T22:39:48-0300 [twisted.internet.endpoints.OneShotFactory#info] Stopping factory <twisted.internet.endpoints.connectProtocol.<locals>.OneShotFactory object at 0x7ff51dd8e908>
2020-06-07T22:39:48-0300 [twisted.internet.endpoints.OneShotFactory#info] Starting factory <twisted.internet.endpoints.connectProtocol.<locals>.OneShotFactory object at 0x7ff51f4436d8>
2020-06-07T22:39:48-0300 [twisted.internet.endpoints.OneShotFactory#info] Stopping factory <twisted.internet.endpoints.connectProtocol.<locals>.OneShotFactory object at 0x7ff51dd8ea20>
2020-06-07T22:39:48-0300 [-] There is no wifi devices in this simulation or it is not in this wifi signal coverage area.
2020-06-07T22:39:49-0300 [-] There is no wifi devices in this simulation or it is not in this wifi signal coverage area.
2020-06-07T22:39:49-0300 [-] There is no wifi devices in this simulation or it is not in this wifi signal coverage area.
2020-06-07T22:39:49-0300 [-] There is no wifi devices in this simulation or it is not in this wifi signal coverage area.
2020-06-07T22:39:49-0300 [-] There is no wifi devices in this simulation or it is not in this wifi signal coverage area.
2020-06-07T22:39:49-0300 [-] There is no wifi devices in this simulation or it is not in this wifi signal coverage area.
2020-06-07T22:39:49-0300 [-] There is no wifi devices in this simulation or it is not in this wifi signal coverage area.
2020-06-07T22:39:49-0300 [-] There is no wifi devices in this simulation or it is not in this wifi signal coverage area.
2020-06-07T22:39:49-0300 [-] There is no wifi devices in this simulation or it is not in this wifi signal coverage area.
2020-06-07T22:39:50-0300 [-] There is no wifi devices in this simulation or it is not in this wifi signal coverage area.
2020-06-07T22:39:50-0300 [-] There is no wifi devices in this simulation or it is not in this wifi signal coverage area.
2020-06-07T22:39:50-0300 [-] There is no wifi devices in this simulation or it is not in this wifi signal coverage area.
2020-06-07T22:39:50-0300 [-] There is no wifi devices in this simulation or it is not in this wifi signal coverage area.
2020-06-07T22:39:50-0300 [-] There is no wifi devices in this simulation or it is not in this wifi signal coverage area.
2020-06-07T22:39:50-0300 [-] There is no wifi devices in this simulation or it is not in this wifi signal coverage area.
2020-06-07T22:39:50-0300 [-] There is no wifi devices in this simulation or it is not in this wifi signal coverage area.
2020-06-07T22:39:51-0300 [-] There is no wifi devices in this simulation or it is not in this wifi signal coverage area.
2020-06-07T22:39:51-0300 [-] There is no wifi devices in this simulation or it is not in this wifi signal coverage area.
2020-06-07T22:39:51-0300 [-] There is no wifi devices in this simulation or it is not in this wifi signal coverage area.
2020-06-07T22:39:51-0300 [-] There is no wifi devices in this simulation or it is not in this wifi signal coverage area.
2020-06-07T22:39:51-0300 [-] There is no wifi devices in this simulation or it is not in this wifi signal coverage area.
2020-06-07T22:39:51-0300 [-] There is no wifi devices in this simulation or it is not in this wifi signal coverage area.
2020-06-07T22:39:51-0300 [-] There is no wifi devices in this simulation or it is not in this wifi signal coverage area.
2020-06-07T22:39:51-0300 [-] There is no wifi devices in this simulation or it is not in this wifi signal coverage area.
2020-06-07T22:39:52-0300 [-] There is no wifi devices in this simulation or it is not in this wifi signal coverage area.
2020-06-07T22:39:52-0300 [-] There is no wifi devices in this simulation or it is not in this wifi signal coverage area.
2020-06-07T22:39:52-0300 [-] There is no wifi devices in this simulation or it is not in this wifi signal coverage area.
2020-06-07T22:39:52-0300 [-] There is no wifi devices in this simulation or it is not in this wifi signal coverage area.
2020-06-07T22:39:52-0300 [-] There is no wifi devices in this simulation or it is not in this wifi signal coverage area.
2020-06-07T22:39:52-0300 [-] There is no wifi devices in this simulation or it is not in this wifi signal coverage area.
2020-06-07T22:39:52-0300 [-] There is no wifi devices in this simulation or it is not in this wifi signal coverage area.
2020-06-07T22:39:52-0300 [-] There is no wifi devices in this simulation or it is not in this wifi signal coverage area.
2020-06-07T22:39:53-0300 [-] There is no wifi devices in this simulation or it is not in this wifi signal coverage area.
2020-06-07T22:39:53-0300 [-] There is no wifi devices in this simulation or it is not in this wifi signal coverage area.
2020-06-07T22:39:53-0300 [-] There is no wifi devices in this simulation or it is not in this wifi signal coverage area.
2020-06-07T22:39:53-0300 [-] There is no wifi devices in this simulation or it is not in this wifi signal coverage area.
2020-06-07T22:39:53-0300 [-] There is no wifi devices in this simulation or it is not in this wifi signal coverage area.
2020-06-07T22:39:53-0300 [-] There is no wifi devices in this simulation or it is not in this wifi signal coverage area.
2020-06-07T22:39:53-0300 [-] 127.0.0.1:43786 - sending MQTT PUBLISH REQUEST - Number of events: 35
2020-06-07T22:39:53-0300 [-] 127.0.0.1:43788 - sending MQTT PUBLISH REQUEST - Number of events: 36
2020-06-07T22:39:53-0300 [-] 127.0.0.1:43790 - sending MQTT PUBLISH REQUEST - Number of events: 37
2020-06-07T22:39:53-0300 [-] 127.0.0.1:43792 - sending MQTT PUBLISH REQUEST - Number of events: 38
2020-06-07T22:39:53-0300 [-] 127.0.0.1:43794 - sending MQTT PUBLISH REQUEST - Number of events: 39
2020-06-07T22:39:53-0300 [-] There is no wifi devices in this simulation or it is not in this wifi signal coverage area.
2020-06-07T22:39:53-0300 [twisted.internet.endpoints.OneShotFactory#info] Starting factory <twisted.internet.endpoints.connectProtocol.<locals>.OneShotFactory object at 0x7ff51f443908>
2020-06-07T22:39:53-0300 [twisted.internet.endpoints.OneShotFactory#info] Starting factory <twisted.internet.endpoints.connectProtocol.<locals>.OneShotFactory object at 0x7ff51f443c50>
2020-06-07T22:39:53-0300 [twisted.internet.endpoints.OneShotFactory#info] Starting factory <twisted.internet.endpoints.connectProtocol.<locals>.OneShotFactory object at 0x7ff51f443e48>
2020-06-07T22:39:53-0300 [twisted.internet.endpoints.OneShotFactory#info] Starting factory <twisted.internet.endpoints.connectProtocol.<locals>.OneShotFactory object at 0x7ff51f453080>
2020-06-07T22:39:53-0300 [twisted.internet.endpoints.OneShotFactory#info] Starting factory <twisted.internet.endpoints.connectProtocol.<locals>.OneShotFactory object at 0x7ff51f453278>
2020-06-07T22:39:53-0300 [twisted.internet.endpoints.OneShotFactory#info] Stopping factory <twisted.internet.endpoints.connectProtocol.<locals>.OneShotFactory object at 0x7ff51dd8edd8>
2020-06-07T22:39:53-0300 [twisted.internet.endpoints.OneShotFactory#info] Stopping factory <twisted.internet.endpoints.connectProtocol.<locals>.OneShotFactory object at 0x7ff51f4430f0>
2020-06-07T22:39:53-0300 [twisted.internet.endpoints.OneShotFactory#info] Stopping factory <twisted.internet.endpoints.connectProtocol.<locals>.OneShotFactory object at 0x7ff51f443080>
2020-06-07T22:39:53-0300 [twisted.internet.endpoints.OneShotFactory#info] Stopping factory <twisted.internet.endpoints.connectProtocol.<locals>.OneShotFactory object at 0x7ff51f443400>
2020-06-07T22:39:53-0300 [twisted.internet.endpoints.OneShotFactory#info] Stopping factory <twisted.internet.endpoints.connectProtocol.<locals>.OneShotFactory object at 0x7ff51f4436d8>
2020-06-07T22:39:54-0300 [-] There is no wifi devices in this simulation or it is not in this wifi signal coverage area.
2020-06-07T22:39:54-0300 [-] There is no wifi devices in this simulation or it is not in this wifi signal coverage area.
2020-06-07T22:39:54-0300 [-] There is no wifi devices in this simulation or it is not in this wifi signal coverage area.
2020-06-07T22:39:54-0300 [-] There is no wifi devices in this simulation or it is not in this wifi signal coverage area.
2020-06-07T22:39:54-0300 [-] There is no wifi devices in this simulation or it is not in this wifi signal coverage area.
2020-06-07T22:39:54-0300 [-] There is no wifi devices in this simulation or it is not in this wifi signal coverage area.
2020-06-07T22:39:54-0300 [-] There is no wifi devices in this simulation or it is not in this wifi signal coverage area.
2020-06-07T22:39:55-0300 [-] There is no wifi devices in this simulation or it is not in this wifi signal coverage area.
2020-06-07T22:39:55-0300 [-] There is no wifi devices in this simulation or it is not in this wifi signal coverage area.
2020-06-07T22:39:55-0300 [-] There is no wifi devices in this simulation or it is not in this wifi signal coverage area.
2020-06-07T22:39:55-0300 [-] There is no wifi devices in this simulation or it is not in this wifi signal coverage area.
2020-06-07T22:39:55-0300 [-] There is no wifi devices in this simulation or it is not in this wifi signal coverage area.
2020-06-07T22:39:55-0300 [-] There is no wifi devices in this simulation or it is not in this wifi signal coverage area.
2020-06-07T22:39:55-0300 [-] There is no wifi devices in this simulation or it is not in this wifi signal coverage area.
2020-06-07T22:39:55-0300 [-] There is no wifi devices in this simulation or it is not in this wifi signal coverage area.
2020-06-07T22:39:56-0300 [-] There is no wifi devices in this simulation or it is not in this wifi signal coverage area.
2020-06-07T22:39:56-0300 [-] There is no wifi devices in this simulation or it is not in this wifi signal coverage area.
2020-06-07T22:39:56-0300 [-] There is no wifi devices in this simulation or it is not in this wifi signal coverage area.
2020-06-07T22:39:56-0300 [-] There is no wifi devices in this simulation or it is not in this wifi signal coverage area.
2020-06-07T22:39:56-0300 [-] There is no wifi devices in this simulation or it is not in this wifi signal coverage area.
2020-06-07T22:39:56-0300 [-] There is no wifi devices in this simulation or it is not in this wifi signal coverage area.
2020-06-07T22:39:57-0300 [-] There is no wifi devices in this simulation or it is not in this wifi signal coverage area.
2020-06-07T22:39:57-0300 [-] There is no wifi devices in this simulation or it is not in this wifi signal coverage area.
2020-06-07T22:39:57-0300 [-] There is no wifi devices in this simulation or it is not in this wifi signal coverage area.
2020-06-07T22:39:57-0300 [-] There is no wifi devices in this simulation or it is not in this wifi signal coverage area.
2020-06-07T22:39:57-0300 [-] There is no wifi devices in this simulation or it is not in this wifi signal coverage area.
2020-06-07T22:39:57-0300 [-] There is no wifi devices in this simulation or it is not in this wifi signal coverage area.
2020-06-07T22:39:57-0300 [-] There is no wifi devices in this simulation or it is not in this wifi signal coverage area.
2020-06-07T22:39:57-0300 [-] There is no wifi devices in this simulation or it is not in this wifi signal coverage area.
2020-06-07T22:39:58-0300 [-] There is no wifi devices in this simulation or it is not in this wifi signal coverage area.
2020-06-07T22:39:58-0300 [-] There is no wifi devices in this simulation or it is not in this wifi signal coverage area.
2020-06-07T22:39:58-0300 [-] There is no wifi devices in this simulation or it is not in this wifi signal coverage area.
2020-06-07T22:39:58-0300 [-] There is no wifi devices in this simulation or it is not in this wifi signal coverage area.
2020-06-07T22:39:58-0300 [-] There is no wifi devices in this simulation or it is not in this wifi signal coverage area.
2020-06-07T22:39:58-0300 [-] There is no wifi devices in this simulation or it is not in this wifi signal coverage area.
2020-06-07T22:39:58-0300 [-] There is no wifi devices in this simulation or it is not in this wifi signal coverage area.
2020-06-07T22:39:58-0300 [-] 127.0.0.1:43786 - sending MQTT PUBLISH REQUEST - Number of events: 40
2020-06-07T22:39:58-0300 [-] 127.0.0.1:43788 - sending MQTT PUBLISH REQUEST - Number of events: 41
2020-06-07T22:39:58-0300 [-] 127.0.0.1:43790 - sending MQTT PUBLISH REQUEST - Number of events: 42
2020-06-07T22:39:58-0300 [-] 127.0.0.1:43792 - sending MQTT PUBLISH REQUEST - Number of events: 43
2020-06-07T22:39:58-0300 [-] 127.0.0.1:43794 - sending MQTT PUBLISH REQUEST - Number of events: 44
2020-06-07T22:39:58-0300 [twisted.internet.endpoints.OneShotFactory#info] Starting factory <twisted.internet.endpoints.connectProtocol.<locals>.OneShotFactory object at 0x7ff51f453668>
2020-06-07T22:39:58-0300 [twisted.internet.endpoints.OneShotFactory#info] Starting factory <twisted.internet.endpoints.connectProtocol.<locals>.OneShotFactory object at 0x7ff51f4537b8>
2020-06-07T22:39:58-0300 [twisted.internet.endpoints.OneShotFactory#info] Starting factory <twisted.internet.endpoints.connectProtocol.<locals>.OneShotFactory object at 0x7ff51f4539b0>
2020-06-07T22:39:58-0300 [twisted.internet.endpoints.OneShotFactory#info] Starting factory <twisted.internet.endpoints.connectProtocol.<locals>.OneShotFactory object at 0x7ff51f453ba8>
2020-06-07T22:39:58-0300 [twisted.internet.endpoints.OneShotFactory#info] Starting factory <twisted.internet.endpoints.connectProtocol.<locals>.OneShotFactory object at 0x7ff51f453da0>
2020-06-07T22:39:58-0300 [twisted.internet.endpoints.OneShotFactory#info] Stopping factory <twisted.internet.endpoints.connectProtocol.<locals>.OneShotFactory object at 0x7ff51f443908>
2020-06-07T22:39:58-0300 [twisted.internet.endpoints.OneShotFactory#info] Stopping factory <twisted.internet.endpoints.connectProtocol.<locals>.OneShotFactory object at 0x7ff51f443c50>
2020-06-07T22:39:58-0300 [twisted.internet.endpoints.OneShotFactory#info] Stopping factory <twisted.internet.endpoints.connectProtocol.<locals>.OneShotFactory object at 0x7ff51f443e48>
2020-06-07T22:39:58-0300 [twisted.internet.endpoints.OneShotFactory#info] Stopping factory <twisted.internet.endpoints.connectProtocol.<locals>.OneShotFactory object at 0x7ff51f453080>
2020-06-07T22:39:58-0300 [twisted.internet.endpoints.OneShotFactory#info] Stopping factory <twisted.internet.endpoints.connectProtocol.<locals>.OneShotFactory object at 0x7ff51f453278>
2020-06-07T22:39:58-0300 [-] There is no wifi devices in this simulation or it is not in this wifi signal coverage area.
2020-06-07T22:39:59-0300 [-] There is no wifi devices in this simulation or it is not in this wifi signal coverage area.
2020-06-07T22:39:59-0300 [-] There is no wifi devices in this simulation or it is not in this wifi signal coverage area.
2020-06-07T22:39:59-0300 [-] There is no wifi devices in this simulation or it is not in this wifi signal coverage area.
2020-06-07T22:39:59-0300 [-] There is no wifi devices in this simulation or it is not in this wifi signal coverage area.
2020-06-07T22:39:59-0300 [-] There is no wifi devices in this simulation or it is not in this wifi signal coverage area.
2020-06-07T22:39:59-0300 [-] There is no wifi devices in this simulation or it is not in this wifi signal coverage area.
2020-06-07T22:39:59-0300 [-] There is no wifi devices in this simulation or it is not in this wifi signal coverage area.
2020-06-07T22:39:59-0300 [-] There is no wifi devices in this simulation or it is not in this wifi signal coverage area.
2020-06-07T22:40:00-0300 [-] There is no wifi devices in this simulation or it is not in this wifi signal coverage area.
2020-06-07T22:40:00-0300 [-] There is no wifi devices in this simulation or it is not in this wifi signal coverage area.
2020-06-07T22:40:00-0300 [-] There is no wifi devices in this simulation or it is not in this wifi signal coverage area.
2020-06-07T22:40:00-0300 [-] There is no wifi devices in this simulation or it is not in this wifi signal coverage area.
2020-06-07T22:40:00-0300 [-] There is no wifi devices in this simulation or it is not in this wifi signal coverage area.
2020-06-07T22:40:00-0300 [-] There is no wifi devices in this simulation or it is not in this wifi signal coverage area.
2020-06-07T22:40:00-0300 [-] There is no wifi devices in this simulation or it is not in this wifi signal coverage area.
2020-06-07T22:40:01-0300 [-] There is no wifi devices in this simulation or it is not in this wifi signal coverage area.
2020-06-07T22:40:01-0300 [-] There is no wifi devices in this simulation or it is not in this wifi signal coverage area.
2020-06-07T22:40:01-0300 [-] There is no wifi devices in this simulation or it is not in this wifi signal coverage area.
2020-06-07T22:40:01-0300 [-] There is no wifi devices in this simulation or it is not in this wifi signal coverage area.
2020-06-07T22:40:01-0300 [-] There is no wifi devices in this simulation or it is not in this wifi signal coverage area.
2020-06-07T22:40:01-0300 [-] There is no wifi devices in this simulation or it is not in this wifi signal coverage area.
2020-06-07T22:40:01-0300 [-] There is no wifi devices in this simulation or it is not in this wifi signal coverage area.
2020-06-07T22:40:02-0300 [-] There is no wifi devices in this simulation or it is not in this wifi signal coverage area.
2020-06-07T22:40:02-0300 [-] There is no wifi devices in this simulation or it is not in this wifi signal coverage area.
2020-06-07T22:40:02-0300 [-] There is no wifi devices in this simulation or it is not in this wifi signal coverage area.
2020-06-07T22:40:02-0300 [-] There is no wifi devices in this simulation or it is not in this wifi signal coverage area.
2020-06-07T22:40:02-0300 [-] There is no wifi devices in this simulation or it is not in this wifi signal coverage area.
2020-06-07T22:40:02-0300 [-] There is no wifi devices in this simulation or it is not in this wifi signal coverage area.
2020-06-07T22:40:02-0300 [-] There is no wifi devices in this simulation or it is not in this wifi signal coverage area.
2020-06-07T22:40:02-0300 [-] There is no wifi devices in this simulation or it is not in this wifi signal coverage area.
2020-06-07T22:40:03-0300 [-] There is no wifi devices in this simulation or it is not in this wifi signal coverage area.
2020-06-07T22:40:03-0300 [-] There is no wifi devices in this simulation or it is not in this wifi signal coverage area.
2020-06-07T22:40:03-0300 [-] There is no wifi devices in this simulation or it is not in this wifi signal coverage area.
2020-06-07T22:40:03-0300 [-] There is no wifi devices in this simulation or it is not in this wifi signal coverage area.
2020-06-07T22:40:03-0300 [-] There is no wifi devices in this simulation or it is not in this wifi signal coverage area.
2020-06-07T22:40:03-0300 [-] There is no wifi devices in this simulation or it is not in this wifi signal coverage area.
2020-06-07T22:40:03-0300 [-] There is no wifi devices in this simulation or it is not in this wifi signal coverage area.
2020-06-07T22:40:03-0300 [-] 127.0.0.1:43786 - sending MQTT PUBLISH REQUEST - Number of events: 45
2020-06-07T22:40:03-0300 [-] 127.0.0.1:43788 - sending MQTT PUBLISH REQUEST - Number of events: 46
2020-06-07T22:40:03-0300 [-] 127.0.0.1:43790 - sending MQTT PUBLISH REQUEST - Number of events: 47
2020-06-07T22:40:03-0300 [-] 127.0.0.1:43792 - sending MQTT PUBLISH REQUEST - Number of events: 48
2020-06-07T22:40:03-0300 [-] 127.0.0.1:43794 - sending MQTT PUBLISH REQUEST - Number of events: 49
2020-06-07T22:40:03-0300 [twisted.internet.endpoints.OneShotFactory#info] Starting factory <twisted.internet.endpoints.connectProtocol.<locals>.OneShotFactory object at 0x7ff51f46a160>
2020-06-07T22:40:03-0300 [twisted.internet.endpoints.OneShotFactory#info] Starting factory <twisted.internet.endpoints.connectProtocol.<locals>.OneShotFactory object at 0x7ff51f46a358>
2020-06-07T22:40:03-0300 [twisted.internet.endpoints.OneShotFactory#info] Starting factory <twisted.internet.endpoints.connectProtocol.<locals>.OneShotFactory object at 0x7ff51f46a550>
2020-06-07T22:40:03-0300 [twisted.internet.endpoints.OneShotFactory#info] Starting factory <twisted.internet.endpoints.connectProtocol.<locals>.OneShotFactory object at 0x7ff51f46a748>
2020-06-07T22:40:03-0300 [twisted.internet.endpoints.OneShotFactory#info] Starting factory <twisted.internet.endpoints.connectProtocol.<locals>.OneShotFactory object at 0x7ff51f46a940>
2020-06-07T22:40:03-0300 [twisted.internet.endpoints.OneShotFactory#info] Stopping factory <twisted.internet.endpoints.connectProtocol.<locals>.OneShotFactory object at 0x7ff51f453668>
2020-06-07T22:40:03-0300 [twisted.internet.endpoints.OneShotFactory#info] Stopping factory <twisted.internet.endpoints.connectProtocol.<locals>.OneShotFactory object at 0x7ff51f4537b8>
2020-06-07T22:40:03-0300 [twisted.internet.endpoints.OneShotFactory#info] Stopping factory <twisted.internet.endpoints.connectProtocol.<locals>.OneShotFactory object at 0x7ff51f4539b0>
2020-06-07T22:40:03-0300 [twisted.internet.endpoints.OneShotFactory#info] Stopping factory <twisted.internet.endpoints.connectProtocol.<locals>.OneShotFactory object at 0x7ff51f453ba8>
2020-06-07T22:40:03-0300 [twisted.internet.endpoints.OneShotFactory#info] Stopping factory <twisted.internet.endpoints.connectProtocol.<locals>.OneShotFactory object at 0x7ff51f453da0>
2020-06-07T22:40:04-0300 [-] There is no wifi devices in this simulation or it is not in this wifi signal coverage area.
2020-06-07T22:40:04-0300 [-] There is no wifi devices in this simulation or it is not in this wifi signal coverage area.
2020-06-07T22:40:04-0300 [-] There is no wifi devices in this simulation or it is not in this wifi signal coverage area.
2020-06-07T22:40:04-0300 [-] There is no wifi devices in this simulation or it is not in this wifi signal coverage area.
2020-06-07T22:40:04-0300 [-] There is no wifi devices in this simulation or it is not in this wifi signal coverage area.
2020-06-07T22:40:04-0300 [-] There is no wifi devices in this simulation or it is not in this wifi signal coverage area.
2020-06-07T22:40:04-0300 [-] There is no wifi devices in this simulation or it is not in this wifi signal coverage area.
2020-06-07T22:40:05-0300 [-] There is no wifi devices in this simulation or it is not in this wifi signal coverage area.
2020-06-07T22:40:05-0300 [-] There is no wifi devices in this simulation or it is not in this wifi signal coverage area.
2020-06-07T22:40:05-0300 [-] There is no wifi devices in this simulation or it is not in this wifi signal coverage area.
2020-06-07T22:40:05-0300 [-] There is no wifi devices in this simulation or it is not in this wifi signal coverage area.
2020-06-07T22:40:05-0300 [-] There is no wifi devices in this simulation or it is not in this wifi signal coverage area.
2020-06-07T22:40:05-0300 [-] There is no wifi devices in this simulation or it is not in this wifi signal coverage area.
2020-06-07T22:40:05-0300 [-] There is no wifi devices in this simulation or it is not in this wifi signal coverage area.
2020-06-07T22:40:05-0300 [-] There is no wifi devices in this simulation or it is not in this wifi signal coverage area.
2020-06-07T22:40:06-0300 [-] There is no wifi devices in this simulation or it is not in this wifi signal coverage area.
2020-06-07T22:40:06-0300 [-] There is no wifi devices in this simulation or it is not in this wifi signal coverage area.
2020-06-07T22:40:06-0300 [-] There is no wifi devices in this simulation or it is not in this wifi signal coverage area.
2020-06-07T22:40:06-0300 [-] There is no wifi devices in this simulation or it is not in this wifi signal coverage area.
2020-06-07T22:40:06-0300 [-] There is no wifi devices in this simulation or it is not in this wifi signal coverage area.
2020-06-07T22:40:06-0300 [-] There is no wifi devices in this simulation or it is not in this wifi signal coverage area.
2020-06-07T22:40:06-0300 [-] There is no wifi devices in this simulation or it is not in this wifi signal coverage area.
2020-06-07T22:40:06-0300 [-] There is no wifi devices in this simulation or it is not in this wifi signal coverage area.
2020-06-07T22:40:07-0300 [-] There is no wifi devices in this simulation or it is not in this wifi signal coverage area.
2020-06-07T22:40:07-0300 [-] There is no wifi devices in this simulation or it is not in this wifi signal coverage area.
2020-06-07T22:40:07-0300 [-] There is no wifi devices in this simulation or it is not in this wifi signal coverage area.
2020-06-07T22:40:07-0300 [-] There is no wifi devices in this simulation or it is not in this wifi signal coverage area.
2020-06-07T22:40:07-0300 [-] There is no wifi devices in this simulation or it is not in this wifi signal coverage area.
2020-06-07T22:40:07-0300 [-] There is no wifi devices in this simulation or it is not in this wifi signal coverage area.
2020-06-07T22:40:07-0300 [-] There is no wifi devices in this simulation or it is not in this wifi signal coverage area.
2020-06-07T22:40:08-0300 [-] There is no wifi devices in this simulation or it is not in this wifi signal coverage area.
2020-06-07T22:40:08-0300 [-] There is no wifi devices in this simulation or it is not in this wifi signal coverage area.
2020-06-07T22:40:08-0300 [-] There is no wifi devices in this simulation or it is not in this wifi signal coverage area.
2020-06-07T22:40:08-0300 [-] There is no wifi devices in this simulation or it is not in this wifi signal coverage area.
2020-06-07T22:40:08-0300 [-] There is no wifi devices in this simulation or it is not in this wifi signal coverage area.
2020-06-07T22:40:08-0300 [-] There is no wifi devices in this simulation or it is not in this wifi signal coverage area.
2020-06-07T22:40:08-0300 [-] There is no wifi devices in this simulation or it is not in this wifi signal coverage area.
2020-06-07T22:40:08-0300 [-] There is no wifi devices in this simulation or it is not in this wifi signal coverage area.
2020-06-07T22:40:08-0300 [-] 127.0.0.1:43786 - sending MQTT PUBLISH REQUEST - Number of events: 50
2020-06-07T22:40:08-0300 [-] 127.0.0.1:43788 - sending MQTT PUBLISH REQUEST - Number of events: 51
2020-06-07T22:40:08-0300 [-] 127.0.0.1:43790 - sending MQTT PUBLISH REQUEST - Number of events: 52
2020-06-07T22:40:08-0300 [-] 127.0.0.1:43792 - sending MQTT PUBLISH REQUEST - Number of events: 53
2020-06-07T22:40:08-0300 [-] 127.0.0.1:43794 - sending MQTT PUBLISH REQUEST - Number of events: 54
2020-06-07T22:40:08-0300 [twisted.internet.endpoints.OneShotFactory#info] Starting factory <twisted.internet.endpoints.connectProtocol.<locals>.OneShotFactory object at 0x7ff51dd727b8>
2020-06-07T22:40:08-0300 [twisted.internet.endpoints.OneShotFactory#info] Starting factory <twisted.internet.endpoints.connectProtocol.<locals>.OneShotFactory object at 0x7ff51f46acf8>
2020-06-07T22:40:08-0300 [twisted.internet.endpoints.OneShotFactory#info] Starting factory <twisted.internet.endpoints.connectProtocol.<locals>.OneShotFactory object at 0x7ff51f46ac18>
2020-06-07T22:40:08-0300 [twisted.internet.endpoints.OneShotFactory#info] Starting factory <twisted.internet.endpoints.connectProtocol.<locals>.OneShotFactory object at 0x7ff51f46aef0>
2020-06-07T22:40:08-0300 [twisted.internet.endpoints.OneShotFactory#info] Starting factory <twisted.internet.endpoints.connectProtocol.<locals>.OneShotFactory object at 0x7ff51f47a128>
2020-06-07T22:40:09-0300 [twisted.internet.endpoints.OneShotFactory#info] Stopping factory <twisted.internet.endpoints.connectProtocol.<locals>.OneShotFactory object at 0x7ff51f46a160>
2020-06-07T22:40:09-0300 [twisted.internet.endpoints.OneShotFactory#info] Stopping factory <twisted.internet.endpoints.connectProtocol.<locals>.OneShotFactory object at 0x7ff51f46a358>
2020-06-07T22:40:09-0300 [twisted.internet.endpoints.OneShotFactory#info] Stopping factory <twisted.internet.endpoints.connectProtocol.<locals>.OneShotFactory object at 0x7ff51f46a550>
2020-06-07T22:40:09-0300 [twisted.internet.endpoints.OneShotFactory#info] Stopping factory <twisted.internet.endpoints.connectProtocol.<locals>.OneShotFactory object at 0x7ff51f46a748>
2020-06-07T22:40:09-0300 [twisted.internet.endpoints.OneShotFactory#info] Stopping factory <twisted.internet.endpoints.connectProtocol.<locals>.OneShotFactory object at 0x7ff51f46a940>
2020-06-07T22:40:09-0300 [-] There is no wifi devices in this simulation or it is not in this wifi signal coverage area.
2020-06-07T22:40:09-0300 [-] There is no wifi devices in this simulation or it is not in this wifi signal coverage area.
2020-06-07T22:40:09-0300 [-] There is no wifi devices in this simulation or it is not in this wifi signal coverage area.
2020-06-07T22:40:09-0300 [-] There is no wifi devices in this simulation or it is not in this wifi signal coverage area.
2020-06-07T22:40:09-0300 [-] There is no wifi devices in this simulation or it is not in this wifi signal coverage area.
2020-06-07T22:40:09-0300 [-] There is no wifi devices in this simulation or it is not in this wifi signal coverage area.
2020-06-07T22:40:09-0300 [-] There is no wifi devices in this simulation or it is not in this wifi signal coverage area.
2020-06-07T22:40:10-0300 [-] There is no wifi devices in this simulation or it is not in this wifi signal coverage area.
2020-06-07T22:40:10-0300 [-] There is no wifi devices in this simulation or it is not in this wifi signal coverage area.
2020-06-07T22:40:10-0300 [-] There is no wifi devices in this simulation or it is not in this wifi signal coverage area.
2020-06-07T22:40:10-0300 [-] There is no wifi devices in this simulation or it is not in this wifi signal coverage area.
2020-06-07T22:40:10-0300 [-] There is no wifi devices in this simulation or it is not in this wifi signal coverage area.
2020-06-07T22:40:10-0300 [-] There is no wifi devices in this simulation or it is not in this wifi signal coverage area.
2020-06-07T22:40:10-0300 [-] There is no wifi devices in this simulation or it is not in this wifi signal coverage area.
2020-06-07T22:40:10-0300 [-] There is no wifi devices in this simulation or it is not in this wifi signal coverage area.
2020-06-07T22:40:11-0300 [-] There is no wifi devices in this simulation or it is not in this wifi signal coverage area.
2020-06-07T22:40:11-0300 [-] There is no wifi devices in this simulation or it is not in this wifi signal coverage area.
2020-06-07T22:40:11-0300 [-] There is no wifi devices in this simulation or it is not in this wifi signal coverage area.
2020-06-07T22:40:11-0300 [-] There is no wifi devices in this simulation or it is not in this wifi signal coverage area.
2020-06-07T22:40:11-0300 [-] There is no wifi devices in this simulation or it is not in this wifi signal coverage area.
2020-06-07T22:40:11-0300 [-] Received SIGINT, shutting down.
2020-06-07T22:40:11-0300 [twisted.internet.endpoints.OneShotFactory#info] Stopping factory <twisted.internet.endpoints.connectProtocol.<locals>.OneShotFactory object at 0x7ff51dd84080>
2020-06-07T22:40:11-0300 [twisted.internet.endpoints.OneShotFactory#info] Stopping factory <twisted.internet.endpoints.connectProtocol.<locals>.OneShotFactory object at 0x7ff51f47a128>
2020-06-07T22:40:11-0300 [twisted.internet.endpoints.OneShotFactory#info] Stopping factory <twisted.internet.endpoints.connectProtocol.<locals>.OneShotFactory object at 0x7ff51dd727b8>
2020-06-07T22:40:11-0300 [PublisherApp,client] connection lost: Connection to the other side was lost in a non-clean fashion: Connection lost.
2020-06-07T22:40:11-0300 [PublisherApp,client] connection lost - Number of events: 55
2020-06-07T22:40:11-0300 [SubscriberApp,client] connection lost: Connection to the other side was lost in a non-clean fashion: Connection lost.
2020-06-07T22:40:11-0300 [SubscriberApp,client] connection lost - Number of events: 56
2020-06-07T22:40:11-0300 [PublisherApp,client] connection lost: Connection to the other side was lost in a non-clean fashion: Connection lost.
2020-06-07T22:40:11-0300 [PublisherApp,client] connection lost - Number of events: 57
2020-06-07T22:40:11-0300 [applications.routerapp.RouterFactory] (TCP Port 8081 Closed)
2020-06-07T22:40:11-0300 [twisted.internet.endpoints.OneShotFactory#info] Stopping factory <twisted.internet.endpoints.connectProtocol.<locals>.OneShotFactory object at 0x7ff51f46acf8>
2020-06-07T22:40:11-0300 [twisted.internet.endpoints.OneShotFactory#info] Stopping factory <twisted.internet.endpoints.connectProtocol.<locals>.OneShotFactory object at 0x7ff51f46ac18>
2020-06-07T22:40:11-0300 [applications.mqttapp.BrokerFactory] (TCP Port 5100 Closed)
2020-06-07T22:40:11-0300 [SubscriberApp,client] connection lost: Connection to the other side was lost in a non-clean fashion: Connection lost.
2020-06-07T22:40:11-0300 [SubscriberApp,client] connection lost - Number of events: 58
2020-06-07T22:40:11-0300 [PublisherApp,client] connection lost: Connection to the other side was lost in a non-clean fashion: Connection lost.
2020-06-07T22:40:11-0300 [PublisherApp,client] connection lost - Number of events: 59
2020-06-07T22:40:11-0300 [PublisherApp,client] connection lost: Connection to the other side was lost in a non-clean fashion: Connection lost.
2020-06-07T22:40:11-0300 [PublisherApp,client] connection lost - Number of events: 60
2020-06-07T22:40:11-0300 [PublisherApp,client] connection lost: Connection to the other side was lost in a non-clean fashion: Connection lost.
2020-06-07T22:40:11-0300 [PublisherApp,client] connection lost - Number of events: 61
2020-06-07T22:40:11-0300 [twisted.internet.endpoints.OneShotFactory#info] Stopping factory <twisted.internet.endpoints.connectProtocol.<locals>.OneShotFactory object at 0x7ff51dd72e48>
2020-06-07T22:40:11-0300 [twisted.internet.endpoints.OneShotFactory#info] Stopping factory <twisted.internet.endpoints.connectProtocol.<locals>.OneShotFactory object at 0x7ff51f46aef0>
2020-06-07T22:40:11-0300 [-] Main loop terminated.
