2020-02-25T10:30:46-0300 [-] Creating router ...
2020-02-25T10:30:46-0300 [-] Initializing Router - Number of events: 1
2020-02-25T10:30:46-0300 [-] ServerFactory starting on 8081
2020-02-25T10:30:46-0300 [-] Creating fog node ...
2020-02-25T10:30:46-0300 [stdout#info] applications.mqttapp.SubscriberApp
2020-02-25T10:30:46-0300 [-] Initializing Client - Number of events: 2
2020-02-25T10:30:46-0300 [-] Creating fog node ...
2020-02-25T10:30:46-0300 [-] Initializing Server - Number of events: 3
2020-02-25T10:30:46-0300 [-] BrokerFactory starting on 5100
2020-02-25T10:30:46-0300 [-] Creating iot node ...
2020-02-25T10:30:46-0300 [stdout#info] applications.mqttapp.PublisherApp
2020-02-25T10:30:46-0300 [-] Initializing Client - Number of events: 4
2020-02-25T10:30:46-0300 [-] Creating iot node ...
2020-02-25T10:30:46-0300 [stdout#info] applications.mqttapp.PublisherApp
2020-02-25T10:30:46-0300 [-] Initializing Client - Number of events: 5
2020-02-25T10:30:46-0300 [Uninitialized] 127.0.0.1:40662 - Connected to mqtt broker - Number of events: 6
2020-02-25T10:30:46-0300 [Uninitialized] 127.0.0.1:40662 - sending MQTT SUBSCRIBE REQUEST - Number of events: 7
2020-02-25T10:30:46-0300 [stdout#info] {<applications.mqttapp.PublisherApp object at 0x7fa9db2849e8>}
2020-02-25T10:30:46-0300 [Uninitialized] 127.0.0.1:40664 - Connected to mqtt broker - Number of events: 8
2020-02-25T10:30:46-0300 [Uninitialized] 127.0.0.1:40664 - sending MQTT PUBLISH REQUEST - Number of events: 9
2020-02-25T10:30:46-0300 [stdout#info] {<applications.mqttapp.PublisherApp object at 0x7fa9db284dd8>, <applications.mqttapp.PublisherApp object at 0x7fa9db2849e8>}
2020-02-25T10:30:46-0300 [Uninitialized] 127.0.0.1:40666 - Connected to mqtt broker - Number of events: 10
2020-02-25T10:30:46-0300 [Uninitialized] 127.0.0.1:40666 - sending MQTT PUBLISH REQUEST - Number of events: 11
2020-02-25T10:30:51-0300 [-] 127.0.0.1:40664 - sending MQTT PUBLISH REQUEST - Number of events: 12
2020-02-25T10:30:51-0300 [-] 127.0.0.1:40666 - sending MQTT PUBLISH REQUEST - Number of events: 13
2020-02-25T10:30:56-0300 [-] 127.0.0.1:40664 - sending MQTT PUBLISH REQUEST - Number of events: 14
2020-02-25T10:30:56-0300 [-] 127.0.0.1:40666 - sending MQTT PUBLISH REQUEST - Number of events: 15
2020-02-25T10:31:01-0300 [-] 127.0.0.1:40664 - sending MQTT PUBLISH REQUEST - Number of events: 16
2020-02-25T10:31:01-0300 [-] 127.0.0.1:40666 - sending MQTT PUBLISH REQUEST - Number of events: 17
2020-02-25T10:31:06-0300 [-] 127.0.0.1:40664 - sending MQTT PUBLISH REQUEST - Number of events: 18
2020-02-25T10:31:06-0300 [-] 127.0.0.1:40666 - sending MQTT PUBLISH REQUEST - Number of events: 19
2020-02-25T10:31:11-0300 [-] 127.0.0.1:40664 - sending MQTT PUBLISH REQUEST - Number of events: 20
2020-02-25T10:31:11-0300 [-] 127.0.0.1:40666 - sending MQTT PUBLISH REQUEST - Number of events: 21
2020-02-25T10:31:16-0300 [-] 127.0.0.1:40664 - sending MQTT PUBLISH REQUEST - Number of events: 22
2020-02-25T10:31:16-0300 [-] 127.0.0.1:40666 - sending MQTT PUBLISH REQUEST - Number of events: 23
2020-02-25T10:31:21-0300 [-] 127.0.0.1:40664 - sending MQTT PUBLISH REQUEST - Number of events: 24
2020-02-25T10:31:21-0300 [-] 127.0.0.1:40666 - sending MQTT PUBLISH REQUEST - Number of events: 25
2020-02-25T10:31:26-0300 [-] 127.0.0.1:40664 - sending MQTT PUBLISH REQUEST - Number of events: 26
2020-02-25T10:31:26-0300 [-] 127.0.0.1:40666 - sending MQTT PUBLISH REQUEST - Number of events: 27
2020-02-25T10:31:31-0300 [-] 127.0.0.1:40664 - sending MQTT PUBLISH REQUEST - Number of events: 28
2020-02-25T10:31:31-0300 [-] 127.0.0.1:40666 - sending MQTT PUBLISH REQUEST - Number of events: 29
2020-02-25T10:31:36-0300 [-] 127.0.0.1:40664 - sending MQTT PUBLISH REQUEST - Number of events: 30
2020-02-25T10:31:36-0300 [-] 127.0.0.1:40666 - sending MQTT PUBLISH REQUEST - Number of events: 31
2020-02-25T10:31:41-0300 [-] 127.0.0.1:40664 - sending MQTT PUBLISH REQUEST - Number of events: 32
2020-02-25T10:31:41-0300 [-] 127.0.0.1:40666 - sending MQTT PUBLISH REQUEST - Number of events: 33
2020-02-25T10:31:46-0300 [-] 127.0.0.1:40664 - sending MQTT PUBLISH REQUEST - Number of events: 34
2020-02-25T10:31:46-0300 [-] 127.0.0.1:40666 - sending MQTT PUBLISH REQUEST - Number of events: 35
2020-02-25T10:31:51-0300 [-] 127.0.0.1:40664 - sending MQTT PUBLISH REQUEST - Number of events: 36
2020-02-25T10:31:51-0300 [-] 127.0.0.1:40666 - sending MQTT PUBLISH REQUEST - Number of events: 37
2020-02-25T10:31:56-0300 [-] 127.0.0.1:40664 - sending MQTT PUBLISH REQUEST - Number of events: 38
2020-02-25T10:31:56-0300 [-] 127.0.0.1:40666 - sending MQTT PUBLISH REQUEST - Number of events: 39
2020-02-25T10:32:01-0300 [-] 127.0.0.1:40664 - sending MQTT PUBLISH REQUEST - Number of events: 40
2020-02-25T10:32:01-0300 [-] 127.0.0.1:40666 - sending MQTT PUBLISH REQUEST - Number of events: 41
2020-02-25T10:32:06-0300 [-] 127.0.0.1:40664 - sending MQTT PUBLISH REQUEST - Number of events: 42
2020-02-25T10:32:06-0300 [-] 127.0.0.1:40666 - sending MQTT PUBLISH REQUEST - Number of events: 43
2020-02-25T10:32:11-0300 [-] 127.0.0.1:40664 - sending MQTT PUBLISH REQUEST - Number of events: 44
2020-02-25T10:32:11-0300 [-] 127.0.0.1:40666 - sending MQTT PUBLISH REQUEST - Number of events: 45
2020-02-25T10:32:12-0300 [-] Received SIGINT, shutting down.
2020-02-25T10:32:12-0300 [BrokerProtocol,22,127.0.0.1] Unhandled Error
	Traceback (most recent call last):
	  File "/home/rafael/iotfogsim/vm/lib/python3.6/site-packages/twisted/internet/defer.py", line 311, in addCallbacks
	    self._runCallbacks()
	  File "/home/rafael/iotfogsim/vm/lib/python3.6/site-packages/twisted/internet/defer.py", line 654, in _runCallbacks
	    current.result = callback(current.result, *args, **kw)
	  File "/home/rafael/iotfogsim/vm/lib/python3.6/site-packages/twisted/internet/base.py", line 447, in _continueFiring
	    callable(*args, **kwargs)
	  File "/home/rafael/iotfogsim/vm/lib/python3.6/site-packages/twisted/internet/base.py", line 706, in disconnectAll
	    failure.Failure(main.CONNECTION_LOST))
	--- <exception caught here> ---
	  File "/home/rafael/iotfogsim/vm/lib/python3.6/site-packages/twisted/python/log.py", line 103, in callWithLogger
	    return callWithContext({"system": lp}, func, *args, **kw)
	  File "/home/rafael/iotfogsim/vm/lib/python3.6/site-packages/twisted/python/log.py", line 86, in callWithContext
	    return context.call({ILogContext: newCtx}, func, *args, **kw)
	  File "/home/rafael/iotfogsim/vm/lib/python3.6/site-packages/twisted/python/context.py", line 122, in callWithContext
	    return self.currentContext().callWithContext(ctx, func, *args, **kw)
	  File "/home/rafael/iotfogsim/vm/lib/python3.6/site-packages/twisted/python/context.py", line 85, in callWithContext
	    return func(*args,**kw)
	  File "/home/rafael/iotfogsim/vm/lib/python3.6/site-packages/twisted/internet/tcp.py", line 327, in connectionLost
	    protocol.connectionLost(reason)
	  File "/home/rafael/iotfogsim/scinetsim/applications/mqttapp.py", line 157, in connectionLost
	    self.destiny_addr = self.transport.getPeer().host
	builtins.KeyError: <applications.mqttapp.BrokerProtocol object at 0x7fa9dc9321d0>
	
2020-02-25T10:32:12-0300 [BrokerProtocol,23,127.0.0.1] Unhandled Error
	Traceback (most recent call last):
	  File "/home/rafael/iotfogsim/vm/lib/python3.6/site-packages/twisted/internet/defer.py", line 311, in addCallbacks
	    self._runCallbacks()
	  File "/home/rafael/iotfogsim/vm/lib/python3.6/site-packages/twisted/internet/defer.py", line 654, in _runCallbacks
	    current.result = callback(current.result, *args, **kw)
	  File "/home/rafael/iotfogsim/vm/lib/python3.6/site-packages/twisted/internet/base.py", line 447, in _continueFiring
	    callable(*args, **kwargs)
	  File "/home/rafael/iotfogsim/vm/lib/python3.6/site-packages/twisted/internet/base.py", line 706, in disconnectAll
	    failure.Failure(main.CONNECTION_LOST))
	--- <exception caught here> ---
	  File "/home/rafael/iotfogsim/vm/lib/python3.6/site-packages/twisted/python/log.py", line 103, in callWithLogger
	    return callWithContext({"system": lp}, func, *args, **kw)
	  File "/home/rafael/iotfogsim/vm/lib/python3.6/site-packages/twisted/python/log.py", line 86, in callWithContext
	    return context.call({ILogContext: newCtx}, func, *args, **kw)
	  File "/home/rafael/iotfogsim/vm/lib/python3.6/site-packages/twisted/python/context.py", line 122, in callWithContext
	    return self.currentContext().callWithContext(ctx, func, *args, **kw)
	  File "/home/rafael/iotfogsim/vm/lib/python3.6/site-packages/twisted/python/context.py", line 85, in callWithContext
	    return func(*args,**kw)
	  File "/home/rafael/iotfogsim/vm/lib/python3.6/site-packages/twisted/internet/tcp.py", line 327, in connectionLost
	    protocol.connectionLost(reason)
	  File "/home/rafael/iotfogsim/scinetsim/applications/mqttapp.py", line 157, in connectionLost
	    self.destiny_addr = self.transport.getPeer().host
	builtins.KeyError: <applications.mqttapp.BrokerProtocol object at 0x7fa9dc9325c0>
	
2020-02-25T10:32:12-0300 [BrokerProtocol,35,127.0.0.1] Unhandled Error
	Traceback (most recent call last):
	  File "/home/rafael/iotfogsim/vm/lib/python3.6/site-packages/twisted/internet/defer.py", line 311, in addCallbacks
	    self._runCallbacks()
	  File "/home/rafael/iotfogsim/vm/lib/python3.6/site-packages/twisted/internet/defer.py", line 654, in _runCallbacks
	    current.result = callback(current.result, *args, **kw)
	  File "/home/rafael/iotfogsim/vm/lib/python3.6/site-packages/twisted/internet/base.py", line 447, in _continueFiring
	    callable(*args, **kwargs)
	  File "/home/rafael/iotfogsim/vm/lib/python3.6/site-packages/twisted/internet/base.py", line 706, in disconnectAll
	    failure.Failure(main.CONNECTION_LOST))
	--- <exception caught here> ---
	  File "/home/rafael/iotfogsim/vm/lib/python3.6/site-packages/twisted/python/log.py", line 103, in callWithLogger
	    return callWithContext({"system": lp}, func, *args, **kw)
	  File "/home/rafael/iotfogsim/vm/lib/python3.6/site-packages/twisted/python/log.py", line 86, in callWithContext
	    return context.call({ILogContext: newCtx}, func, *args, **kw)
	  File "/home/rafael/iotfogsim/vm/lib/python3.6/site-packages/twisted/python/context.py", line 122, in callWithContext
	    return self.currentContext().callWithContext(ctx, func, *args, **kw)
	  File "/home/rafael/iotfogsim/vm/lib/python3.6/site-packages/twisted/python/context.py", line 85, in callWithContext
	    return func(*args,**kw)
	  File "/home/rafael/iotfogsim/vm/lib/python3.6/site-packages/twisted/internet/tcp.py", line 327, in connectionLost
	    protocol.connectionLost(reason)
	  File "/home/rafael/iotfogsim/scinetsim/applications/mqttapp.py", line 157, in connectionLost
	    self.destiny_addr = self.transport.getPeer().host
	builtins.KeyError: <applications.mqttapp.BrokerProtocol object at 0x7fa9dc943198>
	
2020-02-25T10:32:12-0300 [BrokerProtocol,21,127.0.0.1] Unhandled Error
	Traceback (most recent call last):
	  File "/home/rafael/iotfogsim/vm/lib/python3.6/site-packages/twisted/internet/defer.py", line 311, in addCallbacks
	    self._runCallbacks()
	  File "/home/rafael/iotfogsim/vm/lib/python3.6/site-packages/twisted/internet/defer.py", line 654, in _runCallbacks
	    current.result = callback(current.result, *args, **kw)
	  File "/home/rafael/iotfogsim/vm/lib/python3.6/site-packages/twisted/internet/base.py", line 447, in _continueFiring
	    callable(*args, **kwargs)
	  File "/home/rafael/iotfogsim/vm/lib/python3.6/site-packages/twisted/internet/base.py", line 706, in disconnectAll
	    failure.Failure(main.CONNECTION_LOST))
	--- <exception caught here> ---
	  File "/home/rafael/iotfogsim/vm/lib/python3.6/site-packages/twisted/python/log.py", line 103, in callWithLogger
	    return callWithContext({"system": lp}, func, *args, **kw)
	  File "/home/rafael/iotfogsim/vm/lib/python3.6/site-packages/twisted/python/log.py", line 86, in callWithContext
	    return context.call({ILogContext: newCtx}, func, *args, **kw)
	  File "/home/rafael/iotfogsim/vm/lib/python3.6/site-packages/twisted/python/context.py", line 122, in callWithContext
	    return self.currentContext().callWithContext(ctx, func, *args, **kw)
	  File "/home/rafael/iotfogsim/vm/lib/python3.6/site-packages/twisted/python/context.py", line 85, in callWithContext
	    return func(*args,**kw)
	  File "/home/rafael/iotfogsim/vm/lib/python3.6/site-packages/twisted/internet/tcp.py", line 327, in connectionLost
	    protocol.connectionLost(reason)
	  File "/home/rafael/iotfogsim/scinetsim/applications/mqttapp.py", line 157, in connectionLost
	    self.destiny_addr = self.transport.getPeer().host
	builtins.KeyError: <applications.mqttapp.BrokerProtocol object at 0x7fa9dc932240>
	
2020-02-25T10:32:12-0300 [BrokerProtocol,9,127.0.0.1] Unhandled Error
	Traceback (most recent call last):
	  File "/home/rafael/iotfogsim/vm/lib/python3.6/site-packages/twisted/internet/defer.py", line 311, in addCallbacks
	    self._runCallbacks()
	  File "/home/rafael/iotfogsim/vm/lib/python3.6/site-packages/twisted/internet/defer.py", line 654, in _runCallbacks
	    current.result = callback(current.result, *args, **kw)
	  File "/home/rafael/iotfogsim/vm/lib/python3.6/site-packages/twisted/internet/base.py", line 447, in _continueFiring
	    callable(*args, **kwargs)
	  File "/home/rafael/iotfogsim/vm/lib/python3.6/site-packages/twisted/internet/base.py", line 706, in disconnectAll
	    failure.Failure(main.CONNECTION_LOST))
	--- <exception caught here> ---
	  File "/home/rafael/iotfogsim/vm/lib/python3.6/site-packages/twisted/python/log.py", line 103, in callWithLogger
	    return callWithContext({"system": lp}, func, *args, **kw)
	  File "/home/rafael/iotfogsim/vm/lib/python3.6/site-packages/twisted/python/log.py", line 86, in callWithContext
	    return context.call({ILogContext: newCtx}, func, *args, **kw)
	  File "/home/rafael/iotfogsim/vm/lib/python3.6/site-packages/twisted/python/context.py", line 122, in callWithContext
	    return self.currentContext().callWithContext(ctx, func, *args, **kw)
	  File "/home/rafael/iotfogsim/vm/lib/python3.6/site-packages/twisted/python/context.py", line 85, in callWithContext
	    return func(*args,**kw)
	  File "/home/rafael/iotfogsim/vm/lib/python3.6/site-packages/twisted/internet/tcp.py", line 327, in connectionLost
	    protocol.connectionLost(reason)
	  File "/home/rafael/iotfogsim/scinetsim/applications/mqttapp.py", line 157, in connectionLost
	    self.destiny_addr = self.transport.getPeer().host
	builtins.KeyError: <applications.mqttapp.BrokerProtocol object at 0x7fa9db2a7240>
	
2020-02-25T10:32:12-0300 [BrokerProtocol,25,127.0.0.1] Unhandled Error
	Traceback (most recent call last):
	  File "/home/rafael/iotfogsim/vm/lib/python3.6/site-packages/twisted/internet/defer.py", line 311, in addCallbacks
	    self._runCallbacks()
	  File "/home/rafael/iotfogsim/vm/lib/python3.6/site-packages/twisted/internet/defer.py", line 654, in _runCallbacks
	    current.result = callback(current.result, *args, **kw)
	  File "/home/rafael/iotfogsim/vm/lib/python3.6/site-packages/twisted/internet/base.py", line 447, in _continueFiring
	    callable(*args, **kwargs)
	  File "/home/rafael/iotfogsim/vm/lib/python3.6/site-packages/twisted/internet/base.py", line 706, in disconnectAll
	    failure.Failure(main.CONNECTION_LOST))
	--- <exception caught here> ---
	  File "/home/rafael/iotfogsim/vm/lib/python3.6/site-packages/twisted/python/log.py", line 103, in callWithLogger
	    return callWithContext({"system": lp}, func, *args, **kw)
	  File "/home/rafael/iotfogsim/vm/lib/python3.6/site-packages/twisted/python/log.py", line 86, in callWithContext
	    return context.call({ILogContext: newCtx}, func, *args, **kw)
	  File "/home/rafael/iotfogsim/vm/lib/python3.6/site-packages/twisted/python/context.py", line 122, in callWithContext
	    return self.currentContext().callWithContext(ctx, func, *args, **kw)
	  File "/home/rafael/iotfogsim/vm/lib/python3.6/site-packages/twisted/python/context.py", line 85, in callWithContext
	    return func(*args,**kw)
	  File "/home/rafael/iotfogsim/vm/lib/python3.6/site-packages/twisted/internet/tcp.py", line 327, in connectionLost
	    protocol.connectionLost(reason)
	  File "/home/rafael/iotfogsim/scinetsim/applications/mqttapp.py", line 157, in connectionLost
	    self.destiny_addr = self.transport.getPeer().host
	builtins.KeyError: <applications.mqttapp.BrokerProtocol object at 0x7fa9db299668>
	
2020-02-25T10:32:12-0300 [BrokerProtocol,36,127.0.0.1] Unhandled Error
	Traceback (most recent call last):
	  File "/home/rafael/iotfogsim/vm/lib/python3.6/site-packages/twisted/internet/defer.py", line 311, in addCallbacks
	    self._runCallbacks()
	  File "/home/rafael/iotfogsim/vm/lib/python3.6/site-packages/twisted/internet/defer.py", line 654, in _runCallbacks
	    current.result = callback(current.result, *args, **kw)
	  File "/home/rafael/iotfogsim/vm/lib/python3.6/site-packages/twisted/internet/base.py", line 447, in _continueFiring
	    callable(*args, **kwargs)
	  File "/home/rafael/iotfogsim/vm/lib/python3.6/site-packages/twisted/internet/base.py", line 706, in disconnectAll
	    failure.Failure(main.CONNECTION_LOST))
	--- <exception caught here> ---
	  File "/home/rafael/iotfogsim/vm/lib/python3.6/site-packages/twisted/python/log.py", line 103, in callWithLogger
	    return callWithContext({"system": lp}, func, *args, **kw)
	  File "/home/rafael/iotfogsim/vm/lib/python3.6/site-packages/twisted/python/log.py", line 86, in callWithContext
	    return context.call({ILogContext: newCtx}, func, *args, **kw)
	  File "/home/rafael/iotfogsim/vm/lib/python3.6/site-packages/twisted/python/context.py", line 122, in callWithContext
	    return self.currentContext().callWithContext(ctx, func, *args, **kw)
	  File "/home/rafael/iotfogsim/vm/lib/python3.6/site-packages/twisted/python/context.py", line 85, in callWithContext
	    return func(*args,**kw)
	  File "/home/rafael/iotfogsim/vm/lib/python3.6/site-packages/twisted/internet/tcp.py", line 327, in connectionLost
	    protocol.connectionLost(reason)
	  File "/home/rafael/iotfogsim/scinetsim/applications/mqttapp.py", line 157, in connectionLost
	    self.destiny_addr = self.transport.getPeer().host
	builtins.KeyError: <applications.mqttapp.BrokerProtocol object at 0x7fa9dc943518>
	
2020-02-25T10:32:12-0300 [BrokerProtocol,10,127.0.0.1] Unhandled Error
	Traceback (most recent call last):
	  File "/home/rafael/iotfogsim/vm/lib/python3.6/site-packages/twisted/internet/defer.py", line 311, in addCallbacks
	    self._runCallbacks()
	  File "/home/rafael/iotfogsim/vm/lib/python3.6/site-packages/twisted/internet/defer.py", line 654, in _runCallbacks
	    current.result = callback(current.result, *args, **kw)
	  File "/home/rafael/iotfogsim/vm/lib/python3.6/site-packages/twisted/internet/base.py", line 447, in _continueFiring
	    callable(*args, **kwargs)
	  File "/home/rafael/iotfogsim/vm/lib/python3.6/site-packages/twisted/internet/base.py", line 706, in disconnectAll
	    failure.Failure(main.CONNECTION_LOST))
	--- <exception caught here> ---
	  File "/home/rafael/iotfogsim/vm/lib/python3.6/site-packages/twisted/python/log.py", line 103, in callWithLogger
	    return callWithContext({"system": lp}, func, *args, **kw)
	  File "/home/rafael/iotfogsim/vm/lib/python3.6/site-packages/twisted/python/log.py", line 86, in callWithContext
	    return context.call({ILogContext: newCtx}, func, *args, **kw)
	  File "/home/rafael/iotfogsim/vm/lib/python3.6/site-packages/twisted/python/context.py", line 122, in callWithContext
	    return self.currentContext().callWithContext(ctx, func, *args, **kw)
	  File "/home/rafael/iotfogsim/vm/lib/python3.6/site-packages/twisted/python/context.py", line 85, in callWithContext
	    return func(*args,**kw)
	  File "/home/rafael/iotfogsim/vm/lib/python3.6/site-packages/twisted/internet/tcp.py", line 327, in connectionLost
	    protocol.connectionLost(reason)
	  File "/home/rafael/iotfogsim/scinetsim/applications/mqttapp.py", line 157, in connectionLost
	    self.destiny_addr = self.transport.getPeer().host
	builtins.KeyError: <applications.mqttapp.BrokerProtocol object at 0x7fa9db2a7048>
	
2020-02-25T10:32:12-0300 [RouterApp,1,127.0.0.1] connection lost: Connection to the other side was lost in a non-clean fashion: Connection lost.
2020-02-25T10:32:12-0300 [RouterApp,1,127.0.0.1] Unhandled Error
	Traceback (most recent call last):
	  File "/home/rafael/iotfogsim/vm/lib/python3.6/site-packages/twisted/internet/defer.py", line 311, in addCallbacks
	    self._runCallbacks()
	  File "/home/rafael/iotfogsim/vm/lib/python3.6/site-packages/twisted/internet/defer.py", line 654, in _runCallbacks
	    current.result = callback(current.result, *args, **kw)
	  File "/home/rafael/iotfogsim/vm/lib/python3.6/site-packages/twisted/internet/base.py", line 447, in _continueFiring
	    callable(*args, **kwargs)
	  File "/home/rafael/iotfogsim/vm/lib/python3.6/site-packages/twisted/internet/base.py", line 706, in disconnectAll
	    failure.Failure(main.CONNECTION_LOST))
	--- <exception caught here> ---
	  File "/home/rafael/iotfogsim/vm/lib/python3.6/site-packages/twisted/python/log.py", line 103, in callWithLogger
	    return callWithContext({"system": lp}, func, *args, **kw)
	  File "/home/rafael/iotfogsim/vm/lib/python3.6/site-packages/twisted/python/log.py", line 86, in callWithContext
	    return context.call({ILogContext: newCtx}, func, *args, **kw)
	  File "/home/rafael/iotfogsim/vm/lib/python3.6/site-packages/twisted/python/context.py", line 122, in callWithContext
	    return self.currentContext().callWithContext(ctx, func, *args, **kw)
	  File "/home/rafael/iotfogsim/vm/lib/python3.6/site-packages/twisted/python/context.py", line 85, in callWithContext
	    return func(*args,**kw)
	  File "/home/rafael/iotfogsim/vm/lib/python3.6/site-packages/twisted/internet/tcp.py", line 327, in connectionLost
	    protocol.connectionLost(reason)
	  File "/home/rafael/iotfogsim/scinetsim/applications/applicationcomponent.py", line 58, in connectionLost
	    self.simulation_core.updateEventsCounter("connection lost")
	builtins.AttributeError: 'NoneType' object has no attribute 'updateEventsCounter'
	
2020-02-25T10:32:12-0300 [RouterApp,0,127.0.0.1] connection lost: Connection to the other side was lost in a non-clean fashion: Connection lost.
2020-02-25T10:32:12-0300 [RouterApp,0,127.0.0.1] Unhandled Error
	Traceback (most recent call last):
	  File "/home/rafael/iotfogsim/vm/lib/python3.6/site-packages/twisted/internet/defer.py", line 311, in addCallbacks
	    self._runCallbacks()
	  File "/home/rafael/iotfogsim/vm/lib/python3.6/site-packages/twisted/internet/defer.py", line 654, in _runCallbacks
	    current.result = callback(current.result, *args, **kw)
	  File "/home/rafael/iotfogsim/vm/lib/python3.6/site-packages/twisted/internet/base.py", line 447, in _continueFiring
	    callable(*args, **kwargs)
	  File "/home/rafael/iotfogsim/vm/lib/python3.6/site-packages/twisted/internet/base.py", line 706, in disconnectAll
	    failure.Failure(main.CONNECTION_LOST))
	--- <exception caught here> ---
	  File "/home/rafael/iotfogsim/vm/lib/python3.6/site-packages/twisted/python/log.py", line 103, in callWithLogger
	    return callWithContext({"system": lp}, func, *args, **kw)
	  File "/home/rafael/iotfogsim/vm/lib/python3.6/site-packages/twisted/python/log.py", line 86, in callWithContext
	    return context.call({ILogContext: newCtx}, func, *args, **kw)
	  File "/home/rafael/iotfogsim/vm/lib/python3.6/site-packages/twisted/python/context.py", line 122, in callWithContext
	    return self.currentContext().callWithContext(ctx, func, *args, **kw)
	  File "/home/rafael/iotfogsim/vm/lib/python3.6/site-packages/twisted/python/context.py", line 85, in callWithContext
	    return func(*args,**kw)
	  File "/home/rafael/iotfogsim/vm/lib/python3.6/site-packages/twisted/internet/tcp.py", line 327, in connectionLost
	    protocol.connectionLost(reason)
	  File "/home/rafael/iotfogsim/scinetsim/applications/applicationcomponent.py", line 58, in connectionLost
	    self.simulation_core.updateEventsCounter("connection lost")
	builtins.AttributeError: 'NoneType' object has no attribute 'updateEventsCounter'
	
2020-02-25T10:32:12-0300 [BrokerProtocol,24,127.0.0.1] Unhandled Error
	Traceback (most recent call last):
	  File "/home/rafael/iotfogsim/vm/lib/python3.6/site-packages/twisted/internet/defer.py", line 311, in addCallbacks
	    self._runCallbacks()
	  File "/home/rafael/iotfogsim/vm/lib/python3.6/site-packages/twisted/internet/defer.py", line 654, in _runCallbacks
	    current.result = callback(current.result, *args, **kw)
	  File "/home/rafael/iotfogsim/vm/lib/python3.6/site-packages/twisted/internet/base.py", line 447, in _continueFiring
	    callable(*args, **kwargs)
	  File "/home/rafael/iotfogsim/vm/lib/python3.6/site-packages/twisted/internet/base.py", line 706, in disconnectAll
	    failure.Failure(main.CONNECTION_LOST))
	--- <exception caught here> ---
	  File "/home/rafael/iotfogsim/vm/lib/python3.6/site-packages/twisted/python/log.py", line 103, in callWithLogger
	    return callWithContext({"system": lp}, func, *args, **kw)
	  File "/home/rafael/iotfogsim/vm/lib/python3.6/site-packages/twisted/python/log.py", line 86, in callWithContext
	    return context.call({ILogContext: newCtx}, func, *args, **kw)
	  File "/home/rafael/iotfogsim/vm/lib/python3.6/site-packages/twisted/python/context.py", line 122, in callWithContext
	    return self.currentContext().callWithContext(ctx, func, *args, **kw)
	  File "/home/rafael/iotfogsim/vm/lib/python3.6/site-packages/twisted/python/context.py", line 85, in callWithContext
	    return func(*args,**kw)
	  File "/home/rafael/iotfogsim/vm/lib/python3.6/site-packages/twisted/internet/tcp.py", line 327, in connectionLost
	    protocol.connectionLost(reason)
	  File "/home/rafael/iotfogsim/scinetsim/applications/mqttapp.py", line 157, in connectionLost
	    self.destiny_addr = self.transport.getPeer().host
	builtins.KeyError: <applications.mqttapp.BrokerProtocol object at 0x7fa9dc932080>
	
2020-02-25T10:32:12-0300 [BrokerProtocol,1,127.0.0.1] Unhandled Error
	Traceback (most recent call last):
	  File "/home/rafael/iotfogsim/vm/lib/python3.6/site-packages/twisted/internet/defer.py", line 311, in addCallbacks
	    self._runCallbacks()
	  File "/home/rafael/iotfogsim/vm/lib/python3.6/site-packages/twisted/internet/defer.py", line 654, in _runCallbacks
	    current.result = callback(current.result, *args, **kw)
	  File "/home/rafael/iotfogsim/vm/lib/python3.6/site-packages/twisted/internet/base.py", line 447, in _continueFiring
	    callable(*args, **kwargs)
	  File "/home/rafael/iotfogsim/vm/lib/python3.6/site-packages/twisted/internet/base.py", line 706, in disconnectAll
	    failure.Failure(main.CONNECTION_LOST))
	--- <exception caught here> ---
	  File "/home/rafael/iotfogsim/vm/lib/python3.6/site-packages/twisted/python/log.py", line 103, in callWithLogger
	    return callWithContext({"system": lp}, func, *args, **kw)
	  File "/home/rafael/iotfogsim/vm/lib/python3.6/site-packages/twisted/python/log.py", line 86, in callWithContext
	    return context.call({ILogContext: newCtx}, func, *args, **kw)
	  File "/home/rafael/iotfogsim/vm/lib/python3.6/site-packages/twisted/python/context.py", line 122, in callWithContext
	    return self.currentContext().callWithContext(ctx, func, *args, **kw)
	  File "/home/rafael/iotfogsim/vm/lib/python3.6/site-packages/twisted/python/context.py", line 85, in callWithContext
	    return func(*args,**kw)
	  File "/home/rafael/iotfogsim/vm/lib/python3.6/site-packages/twisted/internet/tcp.py", line 327, in connectionLost
	    protocol.connectionLost(reason)
	  File "/home/rafael/iotfogsim/scinetsim/applications/mqttapp.py", line 157, in connectionLost
	    self.destiny_addr = self.transport.getPeer().host
	builtins.KeyError: <applications.mqttapp.BrokerProtocol object at 0x7fa9db2994e0>
	
2020-02-25T10:32:12-0300 [RouterApp,2,127.0.0.1] connection lost: Connection to the other side was lost in a non-clean fashion: Connection lost.
2020-02-25T10:32:12-0300 [RouterApp,2,127.0.0.1] Unhandled Error
	Traceback (most recent call last):
	  File "/home/rafael/iotfogsim/vm/lib/python3.6/site-packages/twisted/internet/defer.py", line 311, in addCallbacks
	    self._runCallbacks()
	  File "/home/rafael/iotfogsim/vm/lib/python3.6/site-packages/twisted/internet/defer.py", line 654, in _runCallbacks
	    current.result = callback(current.result, *args, **kw)
	  File "/home/rafael/iotfogsim/vm/lib/python3.6/site-packages/twisted/internet/base.py", line 447, in _continueFiring
	    callable(*args, **kwargs)
	  File "/home/rafael/iotfogsim/vm/lib/python3.6/site-packages/twisted/internet/base.py", line 706, in disconnectAll
	    failure.Failure(main.CONNECTION_LOST))
	--- <exception caught here> ---
	  File "/home/rafael/iotfogsim/vm/lib/python3.6/site-packages/twisted/python/log.py", line 103, in callWithLogger
	    return callWithContext({"system": lp}, func, *args, **kw)
	  File "/home/rafael/iotfogsim/vm/lib/python3.6/site-packages/twisted/python/log.py", line 86, in callWithContext
	    return context.call({ILogContext: newCtx}, func, *args, **kw)
	  File "/home/rafael/iotfogsim/vm/lib/python3.6/site-packages/twisted/python/context.py", line 122, in callWithContext
	    return self.currentContext().callWithContext(ctx, func, *args, **kw)
	  File "/home/rafael/iotfogsim/vm/lib/python3.6/site-packages/twisted/python/context.py", line 85, in callWithContext
	    return func(*args,**kw)
	  File "/home/rafael/iotfogsim/vm/lib/python3.6/site-packages/twisted/internet/tcp.py", line 327, in connectionLost
	    protocol.connectionLost(reason)
	  File "/home/rafael/iotfogsim/scinetsim/applications/applicationcomponent.py", line 58, in connectionLost
	    self.simulation_core.updateEventsCounter("connection lost")
	builtins.AttributeError: 'NoneType' object has no attribute 'updateEventsCounter'
	
2020-02-25T10:32:12-0300 [BrokerProtocol,2,127.0.0.1] Unhandled Error
	Traceback (most recent call last):
	  File "/home/rafael/iotfogsim/vm/lib/python3.6/site-packages/twisted/internet/defer.py", line 311, in addCallbacks
	    self._runCallbacks()
	  File "/home/rafael/iotfogsim/vm/lib/python3.6/site-packages/twisted/internet/defer.py", line 654, in _runCallbacks
	    current.result = callback(current.result, *args, **kw)
	  File "/home/rafael/iotfogsim/vm/lib/python3.6/site-packages/twisted/internet/base.py", line 447, in _continueFiring
	    callable(*args, **kwargs)
	  File "/home/rafael/iotfogsim/vm/lib/python3.6/site-packages/twisted/internet/base.py", line 706, in disconnectAll
	    failure.Failure(main.CONNECTION_LOST))
	--- <exception caught here> ---
	  File "/home/rafael/iotfogsim/vm/lib/python3.6/site-packages/twisted/python/log.py", line 103, in callWithLogger
	    return callWithContext({"system": lp}, func, *args, **kw)
	  File "/home/rafael/iotfogsim/vm/lib/python3.6/site-packages/twisted/python/log.py", line 86, in callWithContext
	    return context.call({ILogContext: newCtx}, func, *args, **kw)
	  File "/home/rafael/iotfogsim/vm/lib/python3.6/site-packages/twisted/python/context.py", line 122, in callWithContext
	    return self.currentContext().callWithContext(ctx, func, *args, **kw)
	  File "/home/rafael/iotfogsim/vm/lib/python3.6/site-packages/twisted/python/context.py", line 85, in callWithContext
	    return func(*args,**kw)
	  File "/home/rafael/iotfogsim/vm/lib/python3.6/site-packages/twisted/internet/tcp.py", line 327, in connectionLost
	    protocol.connectionLost(reason)
	  File "/home/rafael/iotfogsim/scinetsim/applications/mqttapp.py", line 157, in connectionLost
	    self.destiny_addr = self.transport.getPeer().host
	builtins.KeyError: <applications.mqttapp.BrokerProtocol object at 0x7fa9db299470>
	
2020-02-25T10:32:12-0300 [BrokerProtocol,11,127.0.0.1] Unhandled Error
	Traceback (most recent call last):
	  File "/home/rafael/iotfogsim/vm/lib/python3.6/site-packages/twisted/internet/defer.py", line 311, in addCallbacks
	    self._runCallbacks()
	  File "/home/rafael/iotfogsim/vm/lib/python3.6/site-packages/twisted/internet/defer.py", line 654, in _runCallbacks
	    current.result = callback(current.result, *args, **kw)
	  File "/home/rafael/iotfogsim/vm/lib/python3.6/site-packages/twisted/internet/base.py", line 447, in _continueFiring
	    callable(*args, **kwargs)
	  File "/home/rafael/iotfogsim/vm/lib/python3.6/site-packages/twisted/internet/base.py", line 706, in disconnectAll
	    failure.Failure(main.CONNECTION_LOST))
	--- <exception caught here> ---
	  File "/home/rafael/iotfogsim/vm/lib/python3.6/site-packages/twisted/python/log.py", line 103, in callWithLogger
	    return callWithContext({"system": lp}, func, *args, **kw)
	  File "/home/rafael/iotfogsim/vm/lib/python3.6/site-packages/twisted/python/log.py", line 86, in callWithContext
	    return context.call({ILogContext: newCtx}, func, *args, **kw)
	  File "/home/rafael/iotfogsim/vm/lib/python3.6/site-packages/twisted/python/context.py", line 122, in callWithContext
	    return self.currentContext().callWithContext(ctx, func, *args, **kw)
	  File "/home/rafael/iotfogsim/vm/lib/python3.6/site-packages/twisted/python/context.py", line 85, in callWithContext
	    return func(*args,**kw)
	  File "/home/rafael/iotfogsim/vm/lib/python3.6/site-packages/twisted/internet/tcp.py", line 327, in connectionLost
	    protocol.connectionLost(reason)
	  File "/home/rafael/iotfogsim/scinetsim/applications/mqttapp.py", line 157, in connectionLost
	    self.destiny_addr = self.transport.getPeer().host
	builtins.KeyError: <applications.mqttapp.BrokerProtocol object at 0x7fa9db2a7550>
	
2020-02-25T10:32:12-0300 [BrokerProtocol,26,127.0.0.1] Unhandled Error
	Traceback (most recent call last):
	  File "/home/rafael/iotfogsim/vm/lib/python3.6/site-packages/twisted/internet/defer.py", line 311, in addCallbacks
	    self._runCallbacks()
	  File "/home/rafael/iotfogsim/vm/lib/python3.6/site-packages/twisted/internet/defer.py", line 654, in _runCallbacks
	    current.result = callback(current.result, *args, **kw)
	  File "/home/rafael/iotfogsim/vm/lib/python3.6/site-packages/twisted/internet/base.py", line 447, in _continueFiring
	    callable(*args, **kwargs)
	  File "/home/rafael/iotfogsim/vm/lib/python3.6/site-packages/twisted/internet/base.py", line 706, in disconnectAll
	    failure.Failure(main.CONNECTION_LOST))
	--- <exception caught here> ---
	  File "/home/rafael/iotfogsim/vm/lib/python3.6/site-packages/twisted/python/log.py", line 103, in callWithLogger
	    return callWithContext({"system": lp}, func, *args, **kw)
	  File "/home/rafael/iotfogsim/vm/lib/python3.6/site-packages/twisted/python/log.py", line 86, in callWithContext
	    return context.call({ILogContext: newCtx}, func, *args, **kw)
	  File "/home/rafael/iotfogsim/vm/lib/python3.6/site-packages/twisted/python/context.py", line 122, in callWithContext
	    return self.currentContext().callWithContext(ctx, func, *args, **kw)
	  File "/home/rafael/iotfogsim/vm/lib/python3.6/site-packages/twisted/python/context.py", line 85, in callWithContext
	    return func(*args,**kw)
	  File "/home/rafael/iotfogsim/vm/lib/python3.6/site-packages/twisted/internet/tcp.py", line 327, in connectionLost
	    protocol.connectionLost(reason)
	  File "/home/rafael/iotfogsim/scinetsim/applications/mqttapp.py", line 157, in connectionLost
	    self.destiny_addr = self.transport.getPeer().host
	builtins.KeyError: <applications.mqttapp.BrokerProtocol object at 0x7fa9dc932668>
	
2020-02-25T10:32:12-0300 [applications.mqttapp.BrokerFactory] (TCP Port 5100 Closed)
2020-02-25T10:32:12-0300 [BrokerProtocol,12,127.0.0.1] Unhandled Error
	Traceback (most recent call last):
	  File "/home/rafael/iotfogsim/vm/lib/python3.6/site-packages/twisted/internet/defer.py", line 311, in addCallbacks
	    self._runCallbacks()
	  File "/home/rafael/iotfogsim/vm/lib/python3.6/site-packages/twisted/internet/defer.py", line 654, in _runCallbacks
	    current.result = callback(current.result, *args, **kw)
	  File "/home/rafael/iotfogsim/vm/lib/python3.6/site-packages/twisted/internet/base.py", line 447, in _continueFiring
	    callable(*args, **kwargs)
	  File "/home/rafael/iotfogsim/vm/lib/python3.6/site-packages/twisted/internet/base.py", line 706, in disconnectAll
	    failure.Failure(main.CONNECTION_LOST))
	--- <exception caught here> ---
	  File "/home/rafael/iotfogsim/vm/lib/python3.6/site-packages/twisted/python/log.py", line 103, in callWithLogger
	    return callWithContext({"system": lp}, func, *args, **kw)
	  File "/home/rafael/iotfogsim/vm/lib/python3.6/site-packages/twisted/python/log.py", line 86, in callWithContext
	    return context.call({ILogContext: newCtx}, func, *args, **kw)
	  File "/home/rafael/iotfogsim/vm/lib/python3.6/site-packages/twisted/python/context.py", line 122, in callWithContext
	    return self.currentContext().callWithContext(ctx, func, *args, **kw)
	  File "/home/rafael/iotfogsim/vm/lib/python3.6/site-packages/twisted/python/context.py", line 85, in callWithContext
	    return func(*args,**kw)
	  File "/home/rafael/iotfogsim/vm/lib/python3.6/site-packages/twisted/internet/tcp.py", line 327, in connectionLost
	    protocol.connectionLost(reason)
	  File "/home/rafael/iotfogsim/scinetsim/applications/mqttapp.py", line 157, in connectionLost
	    self.destiny_addr = self.transport.getPeer().host
	builtins.KeyError: <applications.mqttapp.BrokerProtocol object at 0x7fa9db2a75f8>
	
2020-02-25T10:32:12-0300 [SubscriberApp,client] connection lost: Connection to the other side was lost in a non-clean fashion: Connection lost.
2020-02-25T10:32:12-0300 [SubscriberApp,client] connection lost - Number of events: 46
2020-02-25T10:32:12-0300 [BrokerProtocol,5,127.0.0.1] Unhandled Error
	Traceback (most recent call last):
	  File "/home/rafael/iotfogsim/vm/lib/python3.6/site-packages/twisted/internet/defer.py", line 311, in addCallbacks
	    self._runCallbacks()
	  File "/home/rafael/iotfogsim/vm/lib/python3.6/site-packages/twisted/internet/defer.py", line 654, in _runCallbacks
	    current.result = callback(current.result, *args, **kw)
	  File "/home/rafael/iotfogsim/vm/lib/python3.6/site-packages/twisted/internet/base.py", line 447, in _continueFiring
	    callable(*args, **kwargs)
	  File "/home/rafael/iotfogsim/vm/lib/python3.6/site-packages/twisted/internet/base.py", line 706, in disconnectAll
	    failure.Failure(main.CONNECTION_LOST))
	--- <exception caught here> ---
	  File "/home/rafael/iotfogsim/vm/lib/python3.6/site-packages/twisted/python/log.py", line 103, in callWithLogger
	    return callWithContext({"system": lp}, func, *args, **kw)
	  File "/home/rafael/iotfogsim/vm/lib/python3.6/site-packages/twisted/python/log.py", line 86, in callWithContext
	    return context.call({ILogContext: newCtx}, func, *args, **kw)
	  File "/home/rafael/iotfogsim/vm/lib/python3.6/site-packages/twisted/python/context.py", line 122, in callWithContext
	    return self.currentContext().callWithContext(ctx, func, *args, **kw)
	  File "/home/rafael/iotfogsim/vm/lib/python3.6/site-packages/twisted/python/context.py", line 85, in callWithContext
	    return func(*args,**kw)
	  File "/home/rafael/iotfogsim/vm/lib/python3.6/site-packages/twisted/internet/tcp.py", line 327, in connectionLost
	    protocol.connectionLost(reason)
	  File "/home/rafael/iotfogsim/scinetsim/applications/mqttapp.py", line 157, in connectionLost
	    self.destiny_addr = self.transport.getPeer().host
	builtins.KeyError: <applications.mqttapp.BrokerProtocol object at 0x7fa9db299c50>
	
2020-02-25T10:32:12-0300 [BrokerProtocol,13,127.0.0.1] Unhandled Error
	Traceback (most recent call last):
	  File "/home/rafael/iotfogsim/vm/lib/python3.6/site-packages/twisted/internet/defer.py", line 311, in addCallbacks
	    self._runCallbacks()
	  File "/home/rafael/iotfogsim/vm/lib/python3.6/site-packages/twisted/internet/defer.py", line 654, in _runCallbacks
	    current.result = callback(current.result, *args, **kw)
	  File "/home/rafael/iotfogsim/vm/lib/python3.6/site-packages/twisted/internet/base.py", line 447, in _continueFiring
	    callable(*args, **kwargs)
	  File "/home/rafael/iotfogsim/vm/lib/python3.6/site-packages/twisted/internet/base.py", line 706, in disconnectAll
	    failure.Failure(main.CONNECTION_LOST))
	--- <exception caught here> ---
	  File "/home/rafael/iotfogsim/vm/lib/python3.6/site-packages/twisted/python/log.py", line 103, in callWithLogger
	    return callWithContext({"system": lp}, func, *args, **kw)
	  File "/home/rafael/iotfogsim/vm/lib/python3.6/site-packages/twisted/python/log.py", line 86, in callWithContext
	    return context.call({ILogContext: newCtx}, func, *args, **kw)
	  File "/home/rafael/iotfogsim/vm/lib/python3.6/site-packages/twisted/python/context.py", line 122, in callWithContext
	    return self.currentContext().callWithContext(ctx, func, *args, **kw)
	  File "/home/rafael/iotfogsim/vm/lib/python3.6/site-packages/twisted/python/context.py", line 85, in callWithContext
	    return func(*args,**kw)
	  File "/home/rafael/iotfogsim/vm/lib/python3.6/site-packages/twisted/internet/tcp.py", line 327, in connectionLost
	    protocol.connectionLost(reason)
	  File "/home/rafael/iotfogsim/scinetsim/applications/mqttapp.py", line 157, in connectionLost
	    self.destiny_addr = self.transport.getPeer().host
	builtins.KeyError: <applications.mqttapp.BrokerProtocol object at 0x7fa9db2a7208>
	
2020-02-25T10:32:12-0300 [BrokerProtocol,15,127.0.0.1] Unhandled Error
	Traceback (most recent call last):
	  File "/home/rafael/iotfogsim/vm/lib/python3.6/site-packages/twisted/internet/defer.py", line 311, in addCallbacks
	    self._runCallbacks()
	  File "/home/rafael/iotfogsim/vm/lib/python3.6/site-packages/twisted/internet/defer.py", line 654, in _runCallbacks
	    current.result = callback(current.result, *args, **kw)
	  File "/home/rafael/iotfogsim/vm/lib/python3.6/site-packages/twisted/internet/base.py", line 447, in _continueFiring
	    callable(*args, **kwargs)
	  File "/home/rafael/iotfogsim/vm/lib/python3.6/site-packages/twisted/internet/base.py", line 706, in disconnectAll
	    failure.Failure(main.CONNECTION_LOST))
	--- <exception caught here> ---
	  File "/home/rafael/iotfogsim/vm/lib/python3.6/site-packages/twisted/python/log.py", line 103, in callWithLogger
	    return callWithContext({"system": lp}, func, *args, **kw)
	  File "/home/rafael/iotfogsim/vm/lib/python3.6/site-packages/twisted/python/log.py", line 86, in callWithContext
	    return context.call({ILogContext: newCtx}, func, *args, **kw)
	  File "/home/rafael/iotfogsim/vm/lib/python3.6/site-packages/twisted/python/context.py", line 122, in callWithContext
	    return self.currentContext().callWithContext(ctx, func, *args, **kw)
	  File "/home/rafael/iotfogsim/vm/lib/python3.6/site-packages/twisted/python/context.py", line 85, in callWithContext
	    return func(*args,**kw)
	  File "/home/rafael/iotfogsim/vm/lib/python3.6/site-packages/twisted/internet/tcp.py", line 327, in connectionLost
	    protocol.connectionLost(reason)
	  File "/home/rafael/iotfogsim/scinetsim/applications/mqttapp.py", line 157, in connectionLost
	    self.destiny_addr = self.transport.getPeer().host
	builtins.KeyError: <applications.mqttapp.BrokerProtocol object at 0x7fa9db2a7860>
	
2020-02-25T10:32:12-0300 [BrokerProtocol,28,127.0.0.1] Unhandled Error
	Traceback (most recent call last):
	  File "/home/rafael/iotfogsim/vm/lib/python3.6/site-packages/twisted/internet/defer.py", line 311, in addCallbacks
	    self._runCallbacks()
	  File "/home/rafael/iotfogsim/vm/lib/python3.6/site-packages/twisted/internet/defer.py", line 654, in _runCallbacks
	    current.result = callback(current.result, *args, **kw)
	  File "/home/rafael/iotfogsim/vm/lib/python3.6/site-packages/twisted/internet/base.py", line 447, in _continueFiring
	    callable(*args, **kwargs)
	  File "/home/rafael/iotfogsim/vm/lib/python3.6/site-packages/twisted/internet/base.py", line 706, in disconnectAll
	    failure.Failure(main.CONNECTION_LOST))
	--- <exception caught here> ---
	  File "/home/rafael/iotfogsim/vm/lib/python3.6/site-packages/twisted/python/log.py", line 103, in callWithLogger
	    return callWithContext({"system": lp}, func, *args, **kw)
	  File "/home/rafael/iotfogsim/vm/lib/python3.6/site-packages/twisted/python/log.py", line 86, in callWithContext
	    return context.call({ILogContext: newCtx}, func, *args, **kw)
	  File "/home/rafael/iotfogsim/vm/lib/python3.6/site-packages/twisted/python/context.py", line 122, in callWithContext
	    return self.currentContext().callWithContext(ctx, func, *args, **kw)
	  File "/home/rafael/iotfogsim/vm/lib/python3.6/site-packages/twisted/python/context.py", line 85, in callWithContext
	    return func(*args,**kw)
	  File "/home/rafael/iotfogsim/vm/lib/python3.6/site-packages/twisted/internet/tcp.py", line 327, in connectionLost
	    protocol.connectionLost(reason)
	  File "/home/rafael/iotfogsim/scinetsim/applications/mqttapp.py", line 157, in connectionLost
	    self.destiny_addr = self.transport.getPeer().host
	builtins.KeyError: <applications.mqttapp.BrokerProtocol object at 0x7fa9dc932550>
	
2020-02-25T10:32:12-0300 [BrokerProtocol,27,127.0.0.1] Unhandled Error
	Traceback (most recent call last):
	  File "/home/rafael/iotfogsim/vm/lib/python3.6/site-packages/twisted/internet/defer.py", line 311, in addCallbacks
	    self._runCallbacks()
	  File "/home/rafael/iotfogsim/vm/lib/python3.6/site-packages/twisted/internet/defer.py", line 654, in _runCallbacks
	    current.result = callback(current.result, *args, **kw)
	  File "/home/rafael/iotfogsim/vm/lib/python3.6/site-packages/twisted/internet/base.py", line 447, in _continueFiring
	    callable(*args, **kwargs)
	  File "/home/rafael/iotfogsim/vm/lib/python3.6/site-packages/twisted/internet/base.py", line 706, in disconnectAll
	    failure.Failure(main.CONNECTION_LOST))
	--- <exception caught here> ---
	  File "/home/rafael/iotfogsim/vm/lib/python3.6/site-packages/twisted/python/log.py", line 103, in callWithLogger
	    return callWithContext({"system": lp}, func, *args, **kw)
	  File "/home/rafael/iotfogsim/vm/lib/python3.6/site-packages/twisted/python/log.py", line 86, in callWithContext
	    return context.call({ILogContext: newCtx}, func, *args, **kw)
	  File "/home/rafael/iotfogsim/vm/lib/python3.6/site-packages/twisted/python/context.py", line 122, in callWithContext
	    return self.currentContext().callWithContext(ctx, func, *args, **kw)
	  File "/home/rafael/iotfogsim/vm/lib/python3.6/site-packages/twisted/python/context.py", line 85, in callWithContext
	    return func(*args,**kw)
	  File "/home/rafael/iotfogsim/vm/lib/python3.6/site-packages/twisted/internet/tcp.py", line 327, in connectionLost
	    protocol.connectionLost(reason)
	  File "/home/rafael/iotfogsim/scinetsim/applications/mqttapp.py", line 157, in connectionLost
	    self.destiny_addr = self.transport.getPeer().host
	builtins.KeyError: <applications.mqttapp.BrokerProtocol object at 0x7fa9dc9327b8>
	
2020-02-25T10:32:12-0300 [BrokerProtocol,14,127.0.0.1] Unhandled Error
	Traceback (most recent call last):
	  File "/home/rafael/iotfogsim/vm/lib/python3.6/site-packages/twisted/internet/defer.py", line 311, in addCallbacks
	    self._runCallbacks()
	  File "/home/rafael/iotfogsim/vm/lib/python3.6/site-packages/twisted/internet/defer.py", line 654, in _runCallbacks
	    current.result = callback(current.result, *args, **kw)
	  File "/home/rafael/iotfogsim/vm/lib/python3.6/site-packages/twisted/internet/base.py", line 447, in _continueFiring
	    callable(*args, **kwargs)
	  File "/home/rafael/iotfogsim/vm/lib/python3.6/site-packages/twisted/internet/base.py", line 706, in disconnectAll
	    failure.Failure(main.CONNECTION_LOST))
	--- <exception caught here> ---
	  File "/home/rafael/iotfogsim/vm/lib/python3.6/site-packages/twisted/python/log.py", line 103, in callWithLogger
	    return callWithContext({"system": lp}, func, *args, **kw)
	  File "/home/rafael/iotfogsim/vm/lib/python3.6/site-packages/twisted/python/log.py", line 86, in callWithContext
	    return context.call({ILogContext: newCtx}, func, *args, **kw)
	  File "/home/rafael/iotfogsim/vm/lib/python3.6/site-packages/twisted/python/context.py", line 122, in callWithContext
	    return self.currentContext().callWithContext(ctx, func, *args, **kw)
	  File "/home/rafael/iotfogsim/vm/lib/python3.6/site-packages/twisted/python/context.py", line 85, in callWithContext
	    return func(*args,**kw)
	  File "/home/rafael/iotfogsim/vm/lib/python3.6/site-packages/twisted/internet/tcp.py", line 327, in connectionLost
	    protocol.connectionLost(reason)
	  File "/home/rafael/iotfogsim/scinetsim/applications/mqttapp.py", line 157, in connectionLost
	    self.destiny_addr = self.transport.getPeer().host
	builtins.KeyError: <applications.mqttapp.BrokerProtocol object at 0x7fa9db2a7128>
	
2020-02-25T10:32:12-0300 [BrokerProtocol,3,127.0.0.1] Unhandled Error
	Traceback (most recent call last):
	  File "/home/rafael/iotfogsim/vm/lib/python3.6/site-packages/twisted/internet/defer.py", line 311, in addCallbacks
	    self._runCallbacks()
	  File "/home/rafael/iotfogsim/vm/lib/python3.6/site-packages/twisted/internet/defer.py", line 654, in _runCallbacks
	    current.result = callback(current.result, *args, **kw)
	  File "/home/rafael/iotfogsim/vm/lib/python3.6/site-packages/twisted/internet/base.py", line 447, in _continueFiring
	    callable(*args, **kwargs)
	  File "/home/rafael/iotfogsim/vm/lib/python3.6/site-packages/twisted/internet/base.py", line 706, in disconnectAll
	    failure.Failure(main.CONNECTION_LOST))
	--- <exception caught here> ---
	  File "/home/rafael/iotfogsim/vm/lib/python3.6/site-packages/twisted/python/log.py", line 103, in callWithLogger
	    return callWithContext({"system": lp}, func, *args, **kw)
	  File "/home/rafael/iotfogsim/vm/lib/python3.6/site-packages/twisted/python/log.py", line 86, in callWithContext
	    return context.call({ILogContext: newCtx}, func, *args, **kw)
	  File "/home/rafael/iotfogsim/vm/lib/python3.6/site-packages/twisted/python/context.py", line 122, in callWithContext
	    return self.currentContext().callWithContext(ctx, func, *args, **kw)
	  File "/home/rafael/iotfogsim/vm/lib/python3.6/site-packages/twisted/python/context.py", line 85, in callWithContext
	    return func(*args,**kw)
	  File "/home/rafael/iotfogsim/vm/lib/python3.6/site-packages/twisted/internet/tcp.py", line 327, in connectionLost
	    protocol.connectionLost(reason)
	  File "/home/rafael/iotfogsim/scinetsim/applications/mqttapp.py", line 157, in connectionLost
	    self.destiny_addr = self.transport.getPeer().host
	builtins.KeyError: <applications.mqttapp.BrokerProtocol object at 0x7fa9db299828>
	
2020-02-25T10:32:12-0300 [BrokerProtocol,30,127.0.0.1] Unhandled Error
	Traceback (most recent call last):
	  File "/home/rafael/iotfogsim/vm/lib/python3.6/site-packages/twisted/internet/defer.py", line 311, in addCallbacks
	    self._runCallbacks()
	  File "/home/rafael/iotfogsim/vm/lib/python3.6/site-packages/twisted/internet/defer.py", line 654, in _runCallbacks
	    current.result = callback(current.result, *args, **kw)
	  File "/home/rafael/iotfogsim/vm/lib/python3.6/site-packages/twisted/internet/base.py", line 447, in _continueFiring
	    callable(*args, **kwargs)
	  File "/home/rafael/iotfogsim/vm/lib/python3.6/site-packages/twisted/internet/base.py", line 706, in disconnectAll
	    failure.Failure(main.CONNECTION_LOST))
	--- <exception caught here> ---
	  File "/home/rafael/iotfogsim/vm/lib/python3.6/site-packages/twisted/python/log.py", line 103, in callWithLogger
	    return callWithContext({"system": lp}, func, *args, **kw)
	  File "/home/rafael/iotfogsim/vm/lib/python3.6/site-packages/twisted/python/log.py", line 86, in callWithContext
	    return context.call({ILogContext: newCtx}, func, *args, **kw)
	  File "/home/rafael/iotfogsim/vm/lib/python3.6/site-packages/twisted/python/context.py", line 122, in callWithContext
	    return self.currentContext().callWithContext(ctx, func, *args, **kw)
	  File "/home/rafael/iotfogsim/vm/lib/python3.6/site-packages/twisted/python/context.py", line 85, in callWithContext
	    return func(*args,**kw)
	  File "/home/rafael/iotfogsim/vm/lib/python3.6/site-packages/twisted/internet/tcp.py", line 327, in connectionLost
	    protocol.connectionLost(reason)
	  File "/home/rafael/iotfogsim/scinetsim/applications/mqttapp.py", line 157, in connectionLost
	    self.destiny_addr = self.transport.getPeer().host
	builtins.KeyError: <applications.mqttapp.BrokerProtocol object at 0x7fa9dc932860>
	
2020-02-25T10:32:12-0300 [BrokerProtocol,4,127.0.0.1] Unhandled Error
	Traceback (most recent call last):
	  File "/home/rafael/iotfogsim/vm/lib/python3.6/site-packages/twisted/internet/defer.py", line 311, in addCallbacks
	    self._runCallbacks()
	  File "/home/rafael/iotfogsim/vm/lib/python3.6/site-packages/twisted/internet/defer.py", line 654, in _runCallbacks
	    current.result = callback(current.result, *args, **kw)
	  File "/home/rafael/iotfogsim/vm/lib/python3.6/site-packages/twisted/internet/base.py", line 447, in _continueFiring
	    callable(*args, **kwargs)
	  File "/home/rafael/iotfogsim/vm/lib/python3.6/site-packages/twisted/internet/base.py", line 706, in disconnectAll
	    failure.Failure(main.CONNECTION_LOST))
	--- <exception caught here> ---
	  File "/home/rafael/iotfogsim/vm/lib/python3.6/site-packages/twisted/python/log.py", line 103, in callWithLogger
	    return callWithContext({"system": lp}, func, *args, **kw)
	  File "/home/rafael/iotfogsim/vm/lib/python3.6/site-packages/twisted/python/log.py", line 86, in callWithContext
	    return context.call({ILogContext: newCtx}, func, *args, **kw)
	  File "/home/rafael/iotfogsim/vm/lib/python3.6/site-packages/twisted/python/context.py", line 122, in callWithContext
	    return self.currentContext().callWithContext(ctx, func, *args, **kw)
	  File "/home/rafael/iotfogsim/vm/lib/python3.6/site-packages/twisted/python/context.py", line 85, in callWithContext
	    return func(*args,**kw)
	  File "/home/rafael/iotfogsim/vm/lib/python3.6/site-packages/twisted/internet/tcp.py", line 327, in connectionLost
	    protocol.connectionLost(reason)
	  File "/home/rafael/iotfogsim/scinetsim/applications/mqttapp.py", line 157, in connectionLost
	    self.destiny_addr = self.transport.getPeer().host
	builtins.KeyError: <applications.mqttapp.BrokerProtocol object at 0x7fa9db299a20>
	
2020-02-25T10:32:12-0300 [BrokerProtocol,16,127.0.0.1] Unhandled Error
	Traceback (most recent call last):
	  File "/home/rafael/iotfogsim/vm/lib/python3.6/site-packages/twisted/internet/defer.py", line 311, in addCallbacks
	    self._runCallbacks()
	  File "/home/rafael/iotfogsim/vm/lib/python3.6/site-packages/twisted/internet/defer.py", line 654, in _runCallbacks
	    current.result = callback(current.result, *args, **kw)
	  File "/home/rafael/iotfogsim/vm/lib/python3.6/site-packages/twisted/internet/base.py", line 447, in _continueFiring
	    callable(*args, **kwargs)
	  File "/home/rafael/iotfogsim/vm/lib/python3.6/site-packages/twisted/internet/base.py", line 706, in disconnectAll
	    failure.Failure(main.CONNECTION_LOST))
	--- <exception caught here> ---
	  File "/home/rafael/iotfogsim/vm/lib/python3.6/site-packages/twisted/python/log.py", line 103, in callWithLogger
	    return callWithContext({"system": lp}, func, *args, **kw)
	  File "/home/rafael/iotfogsim/vm/lib/python3.6/site-packages/twisted/python/log.py", line 86, in callWithContext
	    return context.call({ILogContext: newCtx}, func, *args, **kw)
	  File "/home/rafael/iotfogsim/vm/lib/python3.6/site-packages/twisted/python/context.py", line 122, in callWithContext
	    return self.currentContext().callWithContext(ctx, func, *args, **kw)
	  File "/home/rafael/iotfogsim/vm/lib/python3.6/site-packages/twisted/python/context.py", line 85, in callWithContext
	    return func(*args,**kw)
	  File "/home/rafael/iotfogsim/vm/lib/python3.6/site-packages/twisted/internet/tcp.py", line 327, in connectionLost
	    protocol.connectionLost(reason)
	  File "/home/rafael/iotfogsim/scinetsim/applications/mqttapp.py", line 157, in connectionLost
	    self.destiny_addr = self.transport.getPeer().host
	builtins.KeyError: <applications.mqttapp.BrokerProtocol object at 0x7fa9db2a7b00>
	
2020-02-25T10:32:12-0300 [BrokerProtocol,29,127.0.0.1] Unhandled Error
	Traceback (most recent call last):
	  File "/home/rafael/iotfogsim/vm/lib/python3.6/site-packages/twisted/internet/defer.py", line 311, in addCallbacks
	    self._runCallbacks()
	  File "/home/rafael/iotfogsim/vm/lib/python3.6/site-packages/twisted/internet/defer.py", line 654, in _runCallbacks
	    current.result = callback(current.result, *args, **kw)
	  File "/home/rafael/iotfogsim/vm/lib/python3.6/site-packages/twisted/internet/base.py", line 447, in _continueFiring
	    callable(*args, **kwargs)
	  File "/home/rafael/iotfogsim/vm/lib/python3.6/site-packages/twisted/internet/base.py", line 706, in disconnectAll
	    failure.Failure(main.CONNECTION_LOST))
	--- <exception caught here> ---
	  File "/home/rafael/iotfogsim/vm/lib/python3.6/site-packages/twisted/python/log.py", line 103, in callWithLogger
	    return callWithContext({"system": lp}, func, *args, **kw)
	  File "/home/rafael/iotfogsim/vm/lib/python3.6/site-packages/twisted/python/log.py", line 86, in callWithContext
	    return context.call({ILogContext: newCtx}, func, *args, **kw)
	  File "/home/rafael/iotfogsim/vm/lib/python3.6/site-packages/twisted/python/context.py", line 122, in callWithContext
	    return self.currentContext().callWithContext(ctx, func, *args, **kw)
	  File "/home/rafael/iotfogsim/vm/lib/python3.6/site-packages/twisted/python/context.py", line 85, in callWithContext
	    return func(*args,**kw)
	  File "/home/rafael/iotfogsim/vm/lib/python3.6/site-packages/twisted/internet/tcp.py", line 327, in connectionLost
	    protocol.connectionLost(reason)
	  File "/home/rafael/iotfogsim/scinetsim/applications/mqttapp.py", line 157, in connectionLost
	    self.destiny_addr = self.transport.getPeer().host
	builtins.KeyError: <applications.mqttapp.BrokerProtocol object at 0x7fa9dc932ac8>
	
2020-02-25T10:32:12-0300 [PublisherApp,client] connection lost: Connection to the other side was lost in a non-clean fashion: Connection lost.
2020-02-25T10:32:12-0300 [PublisherApp,client] connection lost - Number of events: 47
2020-02-25T10:32:12-0300 [BrokerProtocol,18,127.0.0.1] Unhandled Error
	Traceback (most recent call last):
	  File "/home/rafael/iotfogsim/vm/lib/python3.6/site-packages/twisted/internet/defer.py", line 311, in addCallbacks
	    self._runCallbacks()
	  File "/home/rafael/iotfogsim/vm/lib/python3.6/site-packages/twisted/internet/defer.py", line 654, in _runCallbacks
	    current.result = callback(current.result, *args, **kw)
	  File "/home/rafael/iotfogsim/vm/lib/python3.6/site-packages/twisted/internet/base.py", line 447, in _continueFiring
	    callable(*args, **kwargs)
	  File "/home/rafael/iotfogsim/vm/lib/python3.6/site-packages/twisted/internet/base.py", line 706, in disconnectAll
	    failure.Failure(main.CONNECTION_LOST))
	--- <exception caught here> ---
	  File "/home/rafael/iotfogsim/vm/lib/python3.6/site-packages/twisted/python/log.py", line 103, in callWithLogger
	    return callWithContext({"system": lp}, func, *args, **kw)
	  File "/home/rafael/iotfogsim/vm/lib/python3.6/site-packages/twisted/python/log.py", line 86, in callWithContext
	    return context.call({ILogContext: newCtx}, func, *args, **kw)
	  File "/home/rafael/iotfogsim/vm/lib/python3.6/site-packages/twisted/python/context.py", line 122, in callWithContext
	    return self.currentContext().callWithContext(ctx, func, *args, **kw)
	  File "/home/rafael/iotfogsim/vm/lib/python3.6/site-packages/twisted/python/context.py", line 85, in callWithContext
	    return func(*args,**kw)
	  File "/home/rafael/iotfogsim/vm/lib/python3.6/site-packages/twisted/internet/tcp.py", line 327, in connectionLost
	    protocol.connectionLost(reason)
	  File "/home/rafael/iotfogsim/scinetsim/applications/mqttapp.py", line 157, in connectionLost
	    self.destiny_addr = self.transport.getPeer().host
	builtins.KeyError: <applications.mqttapp.BrokerProtocol object at 0x7fa9db2a7a58>
	
2020-02-25T10:32:12-0300 [BrokerProtocol,17,127.0.0.1] Unhandled Error
	Traceback (most recent call last):
	  File "/home/rafael/iotfogsim/vm/lib/python3.6/site-packages/twisted/internet/defer.py", line 311, in addCallbacks
	    self._runCallbacks()
	  File "/home/rafael/iotfogsim/vm/lib/python3.6/site-packages/twisted/internet/defer.py", line 654, in _runCallbacks
	    current.result = callback(current.result, *args, **kw)
	  File "/home/rafael/iotfogsim/vm/lib/python3.6/site-packages/twisted/internet/base.py", line 447, in _continueFiring
	    callable(*args, **kwargs)
	  File "/home/rafael/iotfogsim/vm/lib/python3.6/site-packages/twisted/internet/base.py", line 706, in disconnectAll
	    failure.Failure(main.CONNECTION_LOST))
	--- <exception caught here> ---
	  File "/home/rafael/iotfogsim/vm/lib/python3.6/site-packages/twisted/python/log.py", line 103, in callWithLogger
	    return callWithContext({"system": lp}, func, *args, **kw)
	  File "/home/rafael/iotfogsim/vm/lib/python3.6/site-packages/twisted/python/log.py", line 86, in callWithContext
	    return context.call({ILogContext: newCtx}, func, *args, **kw)
	  File "/home/rafael/iotfogsim/vm/lib/python3.6/site-packages/twisted/python/context.py", line 122, in callWithContext
	    return self.currentContext().callWithContext(ctx, func, *args, **kw)
	  File "/home/rafael/iotfogsim/vm/lib/python3.6/site-packages/twisted/python/context.py", line 85, in callWithContext
	    return func(*args,**kw)
	  File "/home/rafael/iotfogsim/vm/lib/python3.6/site-packages/twisted/internet/tcp.py", line 327, in connectionLost
	    protocol.connectionLost(reason)
	  File "/home/rafael/iotfogsim/scinetsim/applications/mqttapp.py", line 157, in connectionLost
	    self.destiny_addr = self.transport.getPeer().host
	builtins.KeyError: <applications.mqttapp.BrokerProtocol object at 0x7fa9db2a7cf8>
	
2020-02-25T10:32:12-0300 [BrokerProtocol,32,127.0.0.1] Unhandled Error
	Traceback (most recent call last):
	  File "/home/rafael/iotfogsim/vm/lib/python3.6/site-packages/twisted/internet/defer.py", line 311, in addCallbacks
	    self._runCallbacks()
	  File "/home/rafael/iotfogsim/vm/lib/python3.6/site-packages/twisted/internet/defer.py", line 654, in _runCallbacks
	    current.result = callback(current.result, *args, **kw)
	  File "/home/rafael/iotfogsim/vm/lib/python3.6/site-packages/twisted/internet/base.py", line 447, in _continueFiring
	    callable(*args, **kwargs)
	  File "/home/rafael/iotfogsim/vm/lib/python3.6/site-packages/twisted/internet/base.py", line 706, in disconnectAll
	    failure.Failure(main.CONNECTION_LOST))
	--- <exception caught here> ---
	  File "/home/rafael/iotfogsim/vm/lib/python3.6/site-packages/twisted/python/log.py", line 103, in callWithLogger
	    return callWithContext({"system": lp}, func, *args, **kw)
	  File "/home/rafael/iotfogsim/vm/lib/python3.6/site-packages/twisted/python/log.py", line 86, in callWithContext
	    return context.call({ILogContext: newCtx}, func, *args, **kw)
	  File "/home/rafael/iotfogsim/vm/lib/python3.6/site-packages/twisted/python/context.py", line 122, in callWithContext
	    return self.currentContext().callWithContext(ctx, func, *args, **kw)
	  File "/home/rafael/iotfogsim/vm/lib/python3.6/site-packages/twisted/python/context.py", line 85, in callWithContext
	    return func(*args,**kw)
	  File "/home/rafael/iotfogsim/vm/lib/python3.6/site-packages/twisted/internet/tcp.py", line 327, in connectionLost
	    protocol.connectionLost(reason)
	  File "/home/rafael/iotfogsim/scinetsim/applications/mqttapp.py", line 157, in connectionLost
	    self.destiny_addr = self.transport.getPeer().host
	builtins.KeyError: <applications.mqttapp.BrokerProtocol object at 0x7fa9dc932cc0>
	
2020-02-25T10:32:12-0300 [BrokerProtocol,31,127.0.0.1] Unhandled Error
	Traceback (most recent call last):
	  File "/home/rafael/iotfogsim/vm/lib/python3.6/site-packages/twisted/internet/defer.py", line 311, in addCallbacks
	    self._runCallbacks()
	  File "/home/rafael/iotfogsim/vm/lib/python3.6/site-packages/twisted/internet/defer.py", line 654, in _runCallbacks
	    current.result = callback(current.result, *args, **kw)
	  File "/home/rafael/iotfogsim/vm/lib/python3.6/site-packages/twisted/internet/base.py", line 447, in _continueFiring
	    callable(*args, **kwargs)
	  File "/home/rafael/iotfogsim/vm/lib/python3.6/site-packages/twisted/internet/base.py", line 706, in disconnectAll
	    failure.Failure(main.CONNECTION_LOST))
	--- <exception caught here> ---
	  File "/home/rafael/iotfogsim/vm/lib/python3.6/site-packages/twisted/python/log.py", line 103, in callWithLogger
	    return callWithContext({"system": lp}, func, *args, **kw)
	  File "/home/rafael/iotfogsim/vm/lib/python3.6/site-packages/twisted/python/log.py", line 86, in callWithContext
	    return context.call({ILogContext: newCtx}, func, *args, **kw)
	  File "/home/rafael/iotfogsim/vm/lib/python3.6/site-packages/twisted/python/context.py", line 122, in callWithContext
	    return self.currentContext().callWithContext(ctx, func, *args, **kw)
	  File "/home/rafael/iotfogsim/vm/lib/python3.6/site-packages/twisted/python/context.py", line 85, in callWithContext
	    return func(*args,**kw)
	  File "/home/rafael/iotfogsim/vm/lib/python3.6/site-packages/twisted/internet/tcp.py", line 327, in connectionLost
	    protocol.connectionLost(reason)
	  File "/home/rafael/iotfogsim/scinetsim/applications/mqttapp.py", line 157, in connectionLost
	    self.destiny_addr = self.transport.getPeer().host
	builtins.KeyError: <applications.mqttapp.BrokerProtocol object at 0x7fa9dc932a20>
	
2020-02-25T10:32:12-0300 [BrokerProtocol,8,127.0.0.1] Unhandled Error
	Traceback (most recent call last):
	  File "/home/rafael/iotfogsim/vm/lib/python3.6/site-packages/twisted/internet/defer.py", line 311, in addCallbacks
	    self._runCallbacks()
	  File "/home/rafael/iotfogsim/vm/lib/python3.6/site-packages/twisted/internet/defer.py", line 654, in _runCallbacks
	    current.result = callback(current.result, *args, **kw)
	  File "/home/rafael/iotfogsim/vm/lib/python3.6/site-packages/twisted/internet/base.py", line 447, in _continueFiring
	    callable(*args, **kwargs)
	  File "/home/rafael/iotfogsim/vm/lib/python3.6/site-packages/twisted/internet/base.py", line 706, in disconnectAll
	    failure.Failure(main.CONNECTION_LOST))
	--- <exception caught here> ---
	  File "/home/rafael/iotfogsim/vm/lib/python3.6/site-packages/twisted/python/log.py", line 103, in callWithLogger
	    return callWithContext({"system": lp}, func, *args, **kw)
	  File "/home/rafael/iotfogsim/vm/lib/python3.6/site-packages/twisted/python/log.py", line 86, in callWithContext
	    return context.call({ILogContext: newCtx}, func, *args, **kw)
	  File "/home/rafael/iotfogsim/vm/lib/python3.6/site-packages/twisted/python/context.py", line 122, in callWithContext
	    return self.currentContext().callWithContext(ctx, func, *args, **kw)
	  File "/home/rafael/iotfogsim/vm/lib/python3.6/site-packages/twisted/python/context.py", line 85, in callWithContext
	    return func(*args,**kw)
	  File "/home/rafael/iotfogsim/vm/lib/python3.6/site-packages/twisted/internet/tcp.py", line 327, in connectionLost
	    protocol.connectionLost(reason)
	  File "/home/rafael/iotfogsim/scinetsim/applications/mqttapp.py", line 157, in connectionLost
	    self.destiny_addr = self.transport.getPeer().host
	builtins.KeyError: <applications.mqttapp.BrokerProtocol object at 0x7fa9db299e80>
	
2020-02-25T10:32:12-0300 [BrokerProtocol,6,127.0.0.1] Unhandled Error
	Traceback (most recent call last):
	  File "/home/rafael/iotfogsim/vm/lib/python3.6/site-packages/twisted/internet/defer.py", line 311, in addCallbacks
	    self._runCallbacks()
	  File "/home/rafael/iotfogsim/vm/lib/python3.6/site-packages/twisted/internet/defer.py", line 654, in _runCallbacks
	    current.result = callback(current.result, *args, **kw)
	  File "/home/rafael/iotfogsim/vm/lib/python3.6/site-packages/twisted/internet/base.py", line 447, in _continueFiring
	    callable(*args, **kwargs)
	  File "/home/rafael/iotfogsim/vm/lib/python3.6/site-packages/twisted/internet/base.py", line 706, in disconnectAll
	    failure.Failure(main.CONNECTION_LOST))
	--- <exception caught here> ---
	  File "/home/rafael/iotfogsim/vm/lib/python3.6/site-packages/twisted/python/log.py", line 103, in callWithLogger
	    return callWithContext({"system": lp}, func, *args, **kw)
	  File "/home/rafael/iotfogsim/vm/lib/python3.6/site-packages/twisted/python/log.py", line 86, in callWithContext
	    return context.call({ILogContext: newCtx}, func, *args, **kw)
	  File "/home/rafael/iotfogsim/vm/lib/python3.6/site-packages/twisted/python/context.py", line 122, in callWithContext
	    return self.currentContext().callWithContext(ctx, func, *args, **kw)
	  File "/home/rafael/iotfogsim/vm/lib/python3.6/site-packages/twisted/python/context.py", line 85, in callWithContext
	    return func(*args,**kw)
	  File "/home/rafael/iotfogsim/vm/lib/python3.6/site-packages/twisted/internet/tcp.py", line 327, in connectionLost
	    protocol.connectionLost(reason)
	  File "/home/rafael/iotfogsim/scinetsim/applications/mqttapp.py", line 157, in connectionLost
	    self.destiny_addr = self.transport.getPeer().host
	builtins.KeyError: <applications.mqttapp.BrokerProtocol object at 0x7fa9db299d30>
	
2020-02-25T10:32:12-0300 [BrokerProtocol,34,127.0.0.1] Unhandled Error
	Traceback (most recent call last):
	  File "/home/rafael/iotfogsim/vm/lib/python3.6/site-packages/twisted/internet/defer.py", line 311, in addCallbacks
	    self._runCallbacks()
	  File "/home/rafael/iotfogsim/vm/lib/python3.6/site-packages/twisted/internet/defer.py", line 654, in _runCallbacks
	    current.result = callback(current.result, *args, **kw)
	  File "/home/rafael/iotfogsim/vm/lib/python3.6/site-packages/twisted/internet/base.py", line 447, in _continueFiring
	    callable(*args, **kwargs)
	  File "/home/rafael/iotfogsim/vm/lib/python3.6/site-packages/twisted/internet/base.py", line 706, in disconnectAll
	    failure.Failure(main.CONNECTION_LOST))
	--- <exception caught here> ---
	  File "/home/rafael/iotfogsim/vm/lib/python3.6/site-packages/twisted/python/log.py", line 103, in callWithLogger
	    return callWithContext({"system": lp}, func, *args, **kw)
	  File "/home/rafael/iotfogsim/vm/lib/python3.6/site-packages/twisted/python/log.py", line 86, in callWithContext
	    return context.call({ILogContext: newCtx}, func, *args, **kw)
	  File "/home/rafael/iotfogsim/vm/lib/python3.6/site-packages/twisted/python/context.py", line 122, in callWithContext
	    return self.currentContext().callWithContext(ctx, func, *args, **kw)
	  File "/home/rafael/iotfogsim/vm/lib/python3.6/site-packages/twisted/python/context.py", line 85, in callWithContext
	    return func(*args,**kw)
	  File "/home/rafael/iotfogsim/vm/lib/python3.6/site-packages/twisted/internet/tcp.py", line 327, in connectionLost
	    protocol.connectionLost(reason)
	  File "/home/rafael/iotfogsim/scinetsim/applications/mqttapp.py", line 157, in connectionLost
	    self.destiny_addr = self.transport.getPeer().host
	builtins.KeyError: <applications.mqttapp.BrokerProtocol object at 0x7fa9dc943080>
	
2020-02-25T10:32:12-0300 [BrokerProtocol,20,127.0.0.1] Unhandled Error
	Traceback (most recent call last):
	  File "/home/rafael/iotfogsim/vm/lib/python3.6/site-packages/twisted/internet/defer.py", line 311, in addCallbacks
	    self._runCallbacks()
	  File "/home/rafael/iotfogsim/vm/lib/python3.6/site-packages/twisted/internet/defer.py", line 654, in _runCallbacks
	    current.result = callback(current.result, *args, **kw)
	  File "/home/rafael/iotfogsim/vm/lib/python3.6/site-packages/twisted/internet/base.py", line 447, in _continueFiring
	    callable(*args, **kwargs)
	  File "/home/rafael/iotfogsim/vm/lib/python3.6/site-packages/twisted/internet/base.py", line 706, in disconnectAll
	    failure.Failure(main.CONNECTION_LOST))
	--- <exception caught here> ---
	  File "/home/rafael/iotfogsim/vm/lib/python3.6/site-packages/twisted/python/log.py", line 103, in callWithLogger
	    return callWithContext({"system": lp}, func, *args, **kw)
	  File "/home/rafael/iotfogsim/vm/lib/python3.6/site-packages/twisted/python/log.py", line 86, in callWithContext
	    return context.call({ILogContext: newCtx}, func, *args, **kw)
	  File "/home/rafael/iotfogsim/vm/lib/python3.6/site-packages/twisted/python/context.py", line 122, in callWithContext
	    return self.currentContext().callWithContext(ctx, func, *args, **kw)
	  File "/home/rafael/iotfogsim/vm/lib/python3.6/site-packages/twisted/python/context.py", line 85, in callWithContext
	    return func(*args,**kw)
	  File "/home/rafael/iotfogsim/vm/lib/python3.6/site-packages/twisted/internet/tcp.py", line 327, in connectionLost
	    protocol.connectionLost(reason)
	  File "/home/rafael/iotfogsim/scinetsim/applications/mqttapp.py", line 157, in connectionLost
	    self.destiny_addr = self.transport.getPeer().host
	builtins.KeyError: <applications.mqttapp.BrokerProtocol object at 0x7fa9db2a7cc0>
	
2020-02-25T10:32:12-0300 [twisted.internet.protocol.ServerFactory] (TCP Port 8081 Closed)
2020-02-25T10:32:12-0300 [PublisherApp,client] connection lost: Connection to the other side was lost in a non-clean fashion: Connection lost.
2020-02-25T10:32:12-0300 [PublisherApp,client] connection lost - Number of events: 48
2020-02-25T10:32:12-0300 [BrokerProtocol,19,127.0.0.1] Unhandled Error
	Traceback (most recent call last):
	  File "/home/rafael/iotfogsim/vm/lib/python3.6/site-packages/twisted/internet/defer.py", line 311, in addCallbacks
	    self._runCallbacks()
	  File "/home/rafael/iotfogsim/vm/lib/python3.6/site-packages/twisted/internet/defer.py", line 654, in _runCallbacks
	    current.result = callback(current.result, *args, **kw)
	  File "/home/rafael/iotfogsim/vm/lib/python3.6/site-packages/twisted/internet/base.py", line 447, in _continueFiring
	    callable(*args, **kwargs)
	  File "/home/rafael/iotfogsim/vm/lib/python3.6/site-packages/twisted/internet/base.py", line 706, in disconnectAll
	    failure.Failure(main.CONNECTION_LOST))
	--- <exception caught here> ---
	  File "/home/rafael/iotfogsim/vm/lib/python3.6/site-packages/twisted/python/log.py", line 103, in callWithLogger
	    return callWithContext({"system": lp}, func, *args, **kw)
	  File "/home/rafael/iotfogsim/vm/lib/python3.6/site-packages/twisted/python/log.py", line 86, in callWithContext
	    return context.call({ILogContext: newCtx}, func, *args, **kw)
	  File "/home/rafael/iotfogsim/vm/lib/python3.6/site-packages/twisted/python/context.py", line 122, in callWithContext
	    return self.currentContext().callWithContext(ctx, func, *args, **kw)
	  File "/home/rafael/iotfogsim/vm/lib/python3.6/site-packages/twisted/python/context.py", line 85, in callWithContext
	    return func(*args,**kw)
	  File "/home/rafael/iotfogsim/vm/lib/python3.6/site-packages/twisted/internet/tcp.py", line 327, in connectionLost
	    protocol.connectionLost(reason)
	  File "/home/rafael/iotfogsim/scinetsim/applications/mqttapp.py", line 157, in connectionLost
	    self.destiny_addr = self.transport.getPeer().host
	builtins.KeyError: <applications.mqttapp.BrokerProtocol object at 0x7fa9db2a7f60>
	
2020-02-25T10:32:12-0300 [BrokerProtocol,33,127.0.0.1] Unhandled Error
	Traceback (most recent call last):
	  File "/home/rafael/iotfogsim/vm/lib/python3.6/site-packages/twisted/internet/defer.py", line 311, in addCallbacks
	    self._runCallbacks()
	  File "/home/rafael/iotfogsim/vm/lib/python3.6/site-packages/twisted/internet/defer.py", line 654, in _runCallbacks
	    current.result = callback(current.result, *args, **kw)
	  File "/home/rafael/iotfogsim/vm/lib/python3.6/site-packages/twisted/internet/base.py", line 447, in _continueFiring
	    callable(*args, **kwargs)
	  File "/home/rafael/iotfogsim/vm/lib/python3.6/site-packages/twisted/internet/base.py", line 706, in disconnectAll
	    failure.Failure(main.CONNECTION_LOST))
	--- <exception caught here> ---
	  File "/home/rafael/iotfogsim/vm/lib/python3.6/site-packages/twisted/python/log.py", line 103, in callWithLogger
	    return callWithContext({"system": lp}, func, *args, **kw)
	  File "/home/rafael/iotfogsim/vm/lib/python3.6/site-packages/twisted/python/log.py", line 86, in callWithContext
	    return context.call({ILogContext: newCtx}, func, *args, **kw)
	  File "/home/rafael/iotfogsim/vm/lib/python3.6/site-packages/twisted/python/context.py", line 122, in callWithContext
	    return self.currentContext().callWithContext(ctx, func, *args, **kw)
	  File "/home/rafael/iotfogsim/vm/lib/python3.6/site-packages/twisted/python/context.py", line 85, in callWithContext
	    return func(*args,**kw)
	  File "/home/rafael/iotfogsim/vm/lib/python3.6/site-packages/twisted/internet/tcp.py", line 327, in connectionLost
	    protocol.connectionLost(reason)
	  File "/home/rafael/iotfogsim/scinetsim/applications/mqttapp.py", line 157, in connectionLost
	    self.destiny_addr = self.transport.getPeer().host
	builtins.KeyError: <applications.mqttapp.BrokerProtocol object at 0x7fa9dc932cf8>
	
2020-02-25T10:32:12-0300 [BrokerProtocol,7,127.0.0.1] Unhandled Error
	Traceback (most recent call last):
	  File "/home/rafael/iotfogsim/vm/lib/python3.6/site-packages/twisted/internet/defer.py", line 311, in addCallbacks
	    self._runCallbacks()
	  File "/home/rafael/iotfogsim/vm/lib/python3.6/site-packages/twisted/internet/defer.py", line 654, in _runCallbacks
	    current.result = callback(current.result, *args, **kw)
	  File "/home/rafael/iotfogsim/vm/lib/python3.6/site-packages/twisted/internet/base.py", line 447, in _continueFiring
	    callable(*args, **kwargs)
	  File "/home/rafael/iotfogsim/vm/lib/python3.6/site-packages/twisted/internet/base.py", line 706, in disconnectAll
	    failure.Failure(main.CONNECTION_LOST))
	--- <exception caught here> ---
	  File "/home/rafael/iotfogsim/vm/lib/python3.6/site-packages/twisted/python/log.py", line 103, in callWithLogger
	    return callWithContext({"system": lp}, func, *args, **kw)
	  File "/home/rafael/iotfogsim/vm/lib/python3.6/site-packages/twisted/python/log.py", line 86, in callWithContext
	    return context.call({ILogContext: newCtx}, func, *args, **kw)
	  File "/home/rafael/iotfogsim/vm/lib/python3.6/site-packages/twisted/python/context.py", line 122, in callWithContext
	    return self.currentContext().callWithContext(ctx, func, *args, **kw)
	  File "/home/rafael/iotfogsim/vm/lib/python3.6/site-packages/twisted/python/context.py", line 85, in callWithContext
	    return func(*args,**kw)
	  File "/home/rafael/iotfogsim/vm/lib/python3.6/site-packages/twisted/internet/tcp.py", line 327, in connectionLost
	    protocol.connectionLost(reason)
	  File "/home/rafael/iotfogsim/scinetsim/applications/mqttapp.py", line 157, in connectionLost
	    self.destiny_addr = self.transport.getPeer().host
	builtins.KeyError: <applications.mqttapp.BrokerProtocol object at 0x7fa9db299eb8>
	
2020-02-25T10:32:12-0300 [-] Main loop terminated.
