2020-03-05T09:04:34-0300 [-] Creating router ...
2020-03-05T09:04:34-0300 [-] Initializing Router - Number of events: 1
2020-03-05T09:04:34-0300 [-] RouterFactory starting on 8081
2020-03-05T09:04:34-0300 [-] Creating fog node ...
2020-03-05T09:04:34-0300 [-] Initializing Client - Number of events: 2
2020-03-05T09:04:34-0300 [-] Creating fog node ...
2020-03-05T09:04:34-0300 [-] Initializing Server - Number of events: 3
2020-03-05T09:04:34-0300 [-] BrokerFactory starting on 5100
2020-03-05T09:04:34-0300 [-] Creating iot node ...
2020-03-05T09:04:34-0300 [-] Initializing Client - Number of events: 4
2020-03-05T09:04:34-0300 [-] Creating iot node ...
2020-03-05T09:04:34-0300 [-] Initializing Client - Number of events: 5
2020-03-05T09:04:34-0300 [stdout#info] This divice have no simulation core instance
2020-03-05T09:04:34-0300 [stdout#info] This divice have no simulation core instance
2020-03-05T09:04:34-0300 [stdout#info] This divice have no simulation core instance
2020-03-05T09:04:34-0300 [stdout#info] This divice have no simulation core instance
2020-03-05T09:04:34-0300 [Uninitialized] 127.0.0.1:38426 - Connected to mqtt broker - Number of events: 6
2020-03-05T09:04:34-0300 [Uninitialized] 127.0.0.1:38426 - sending MQTT SUBSCRIBE REQUEST - Number of events: 7
2020-03-05T09:04:34-0300 [Uninitialized] 127.0.0.1:38428 - Connected to mqtt broker - Number of events: 8
2020-03-05T09:04:34-0300 [Uninitialized] 127.0.0.1:38428 - sending MQTT PUBLISH REQUEST - Number of events: 9
2020-03-05T09:04:52-0300 [Uninitialized] Received SIGINT, shutting down.
2020-03-05T09:04:53-0300 [Uninitialized] Received SIGINT, shutting down.
2020-03-05T09:04:53-0300 [Uninitialized] Received SIGINT, shutting down.
2020-03-05T09:04:54-0300 [Uninitialized] Received SIGINT, shutting down.
2020-03-05T09:04:54-0300 [Uninitialized] Received SIGINT, shutting down.
2020-03-05T09:04:54-0300 [Uninitialized] Received SIGINT, shutting down.
