2020-03-06T09:33:22-0300 [-] Creating router ...
2020-03-06T09:33:22-0300 [-] Initializing Router - Number of events: 1
2020-03-06T09:33:22-0300 [-] RouterFactory starting on 8081
2020-03-06T09:33:22-0300 [-] Creating fog node ...
2020-03-06T09:33:22-0300 [-] Initializing Client - Number of events: 2
2020-03-06T09:33:22-0300 [-] Creating fog node ...
2020-03-06T09:33:22-0300 [-] Initializing Server - Number of events: 3
2020-03-06T09:33:22-0300 [-] BrokerFactory starting on 5100
2020-03-06T09:33:22-0300 [-] Creating iot node ...
2020-03-06T09:33:22-0300 [-] Initializing Client - Number of events: 4
2020-03-06T09:33:22-0300 [-] Creating iot node ...
2020-03-06T09:33:22-0300 [-] Initializing Client - Number of events: 5
2020-03-06T09:33:22-0300 [stdout#info] This divice have no simulation core instance
2020-03-06T09:33:22-0300 [stdout#info] This divice have no simulation core instance
2020-03-06T09:33:22-0300 [stdout#info] This divice have no simulation core instance
2020-03-06T09:33:22-0300 [stdout#info] This divice have no simulation core instance
2020-03-06T09:33:22-0300 [Uninitialized] 127.0.0.1:44010 - Connected to mqtt broker - Number of events: 6
2020-03-06T09:33:22-0300 [Uninitialized] 127.0.0.1:44010 - sending MQTT SUBSCRIBE REQUEST - Number of events: 7
2020-03-06T09:33:22-0300 [Uninitialized] 127.0.0.1:44012 - Connected to mqtt broker - Number of events: 8
2020-03-06T09:33:22-0300 [Uninitialized] 127.0.0.1:44012 - sending MQTT PUBLISH REQUEST - Number of events: 9
2020-03-06T09:33:22-0300 [Uninitialized] 127.0.0.1:44014 - Connected to mqtt broker - Number of events: 10
2020-03-06T09:33:22-0300 [Uninitialized] 127.0.0.1:44014 - sending MQTT PUBLISH REQUEST - Number of events: 11
2020-03-06T09:33:22-0300 [stdout#info] OPACOTE É b'{"destiny_addr": "127.0.0.1", "destiny_port": 5100, "source_addr": "127.0.0.1", "source_port": 44010, "type": "http", "payload": {"action": "subscribe", "topic": "sensor_metering", "content": "None"}}\n'
2020-03-06T09:33:22-0300 [twisted.internet.endpoints.OneShotFactory#info] Starting factory <twisted.internet.endpoints.connectProtocol.<locals>.OneShotFactory object at 0x7f1dc62c3ba8>
2020-03-06T09:33:22-0300 [stdout#info] OPACOTE É b'{"destiny_addr": "127.0.0.1", "destiny_port": 5100, "source_addr": "127.0.0.1", "source_port": 44012, "type": "http", "payload": {"action": "publish", "topic": "sensor_metering", "content": "13.91 Kwh"}}\n'
2020-03-06T09:33:22-0300 [twisted.internet.endpoints.OneShotFactory#info] Starting factory <twisted.internet.endpoints.connectProtocol.<locals>.OneShotFactory object at 0x7f1dc62c3da0>
2020-03-06T09:33:22-0300 [stdout#info] OPACOTE É b'{"destiny_addr": "127.0.0.1", "destiny_port": 5100, "source_addr": "127.0.0.1", "source_port": 44014, "type": "http", "payload": {"action": "publish", "topic": "sensor_metering", "content": "13.62 Kwh"}}\n'
2020-03-06T09:33:22-0300 [twisted.internet.endpoints.OneShotFactory#info] Starting factory <twisted.internet.endpoints.connectProtocol.<locals>.OneShotFactory object at 0x7f1dc62c3f98>
2020-03-06T09:33:27-0300 [-] 127.0.0.1:44012 - sending MQTT PUBLISH REQUEST - Number of events: 12
2020-03-06T09:33:27-0300 [-] 127.0.0.1:44014 - sending MQTT PUBLISH REQUEST - Number of events: 13
2020-03-06T09:33:27-0300 [stdout#info] OPACOTE É b'{"destiny_addr": "127.0.0.1", "destiny_port": 5100, "source_addr": "127.0.0.1", "source_port": 44012, "type": "http", "payload": {"action": "publish", "topic": "sensor_metering", "content": "19.93 Kwh"}}\n'
2020-03-06T09:33:27-0300 [twisted.internet.endpoints.OneShotFactory#info] Starting factory <twisted.internet.endpoints.connectProtocol.<locals>.OneShotFactory object at 0x7f1dc05834a8>
2020-03-06T09:33:27-0300 [stdout#info] OPACOTE É b'{"destiny_addr": "127.0.0.1", "destiny_port": 5100, "source_addr": "127.0.0.1", "source_port": 44014, "type": "http", "payload": {"action": "publish", "topic": "sensor_metering", "content": "19.93 Kwh"}}\n'
2020-03-06T09:33:27-0300 [twisted.internet.endpoints.OneShotFactory#info] Starting factory <twisted.internet.endpoints.connectProtocol.<locals>.OneShotFactory object at 0x7f1dc0583828>
2020-03-06T09:33:29-0300 [-] Unhandled Error
	Traceback (most recent call last):
	  File "run_iotfogsim.py", line 23, in <module>
	    reactor.run()
	  File "/home/rafael/iotfogsim/vm/lib/python3.6/site-packages/twisted/internet/base.py", line 1283, in run
	    self.mainLoop()
	  File "/home/rafael/iotfogsim/vm/lib/python3.6/site-packages/twisted/internet/base.py", line 1292, in mainLoop
	    self.runUntilCurrent()
	--- <exception caught here> ---
	  File "/home/rafael/iotfogsim/vm/lib/python3.6/site-packages/twisted/internet/base.py", line 913, in runUntilCurrent
	    call.func(*call.args, **call.kw)
	  File "/home/rafael/iotfogsim/scinetsim/applications/applicationcomponent.py", line 144, in draw_wireless_signal
	    callID.cancel()
	builtins.UnboundLocalError: local variable 'callID' referenced before assignment
	
2020-03-06T09:33:29-0300 [-] Unhandled Error
	Traceback (most recent call last):
	  File "run_iotfogsim.py", line 23, in <module>
	    reactor.run()
	  File "/home/rafael/iotfogsim/vm/lib/python3.6/site-packages/twisted/internet/base.py", line 1283, in run
	    self.mainLoop()
	  File "/home/rafael/iotfogsim/vm/lib/python3.6/site-packages/twisted/internet/base.py", line 1292, in mainLoop
	    self.runUntilCurrent()
	--- <exception caught here> ---
	  File "/home/rafael/iotfogsim/vm/lib/python3.6/site-packages/twisted/internet/base.py", line 913, in runUntilCurrent
	    call.func(*call.args, **call.kw)
	  File "/home/rafael/iotfogsim/scinetsim/applications/applicationcomponent.py", line 144, in draw_wireless_signal
	    callID.cancel()
	builtins.UnboundLocalError: local variable 'callID' referenced before assignment
	
2020-03-06T09:33:32-0300 [-] 127.0.0.1:44012 - sending MQTT PUBLISH REQUEST - Number of events: 14
2020-03-06T09:33:32-0300 [-] 127.0.0.1:44014 - sending MQTT PUBLISH REQUEST - Number of events: 15
2020-03-06T09:33:32-0300 [stdout#info] OPACOTE É b'{"destiny_addr": "127.0.0.1", "destiny_port": 5100, "source_addr": "127.0.0.1", "source_port": 44012, "type": "http", "payload": {"action": "publish", "topic": "sensor_metering", "content": "19.59 Kwh"}}\n'
2020-03-06T09:33:32-0300 [twisted.internet.endpoints.OneShotFactory#info] Starting factory <twisted.internet.endpoints.connectProtocol.<locals>.OneShotFactory object at 0x7f1dc0583d30>
2020-03-06T09:33:32-0300 [stdout#info] OPACOTE É b'{"destiny_addr": "127.0.0.1", "destiny_port": 5100, "source_addr": "127.0.0.1", "source_port": 44014, "type": "http", "payload": {"action": "publish", "topic": "sensor_metering", "content": "3.75 Kwh"}}\n'
2020-03-06T09:33:32-0300 [twisted.internet.endpoints.OneShotFactory#info] Starting factory <twisted.internet.endpoints.connectProtocol.<locals>.OneShotFactory object at 0x7f1dc0583ef0>
2020-03-06T09:33:36-0300 [-] Unhandled Error
	Traceback (most recent call last):
	  File "run_iotfogsim.py", line 23, in <module>
	    reactor.run()
	  File "/home/rafael/iotfogsim/vm/lib/python3.6/site-packages/twisted/internet/base.py", line 1283, in run
	    self.mainLoop()
	  File "/home/rafael/iotfogsim/vm/lib/python3.6/site-packages/twisted/internet/base.py", line 1292, in mainLoop
	    self.runUntilCurrent()
	--- <exception caught here> ---
	  File "/home/rafael/iotfogsim/vm/lib/python3.6/site-packages/twisted/internet/base.py", line 913, in runUntilCurrent
	    call.func(*call.args, **call.kw)
	  File "/home/rafael/iotfogsim/scinetsim/applications/applicationcomponent.py", line 144, in draw_wireless_signal
	    callID.cancel()
	builtins.UnboundLocalError: local variable 'callID' referenced before assignment
	
2020-03-06T09:33:36-0300 [-] Unhandled Error
	Traceback (most recent call last):
	  File "run_iotfogsim.py", line 23, in <module>
	    reactor.run()
	  File "/home/rafael/iotfogsim/vm/lib/python3.6/site-packages/twisted/internet/base.py", line 1283, in run
	    self.mainLoop()
	  File "/home/rafael/iotfogsim/vm/lib/python3.6/site-packages/twisted/internet/base.py", line 1292, in mainLoop
	    self.runUntilCurrent()
	--- <exception caught here> ---
	  File "/home/rafael/iotfogsim/vm/lib/python3.6/site-packages/twisted/internet/base.py", line 913, in runUntilCurrent
	    call.func(*call.args, **call.kw)
	  File "/home/rafael/iotfogsim/scinetsim/applications/applicationcomponent.py", line 144, in draw_wireless_signal
	    callID.cancel()
	builtins.UnboundLocalError: local variable 'callID' referenced before assignment
	
2020-03-06T09:33:37-0300 [-] 127.0.0.1:44012 - sending MQTT PUBLISH REQUEST - Number of events: 16
2020-03-06T09:33:37-0300 [stdout#info] OPACOTE É b'{"destiny_addr": "127.0.0.1", "destiny_port": 5100, "source_addr": "127.0.0.1", "source_port": 44012, "type": "http", "payload": {"action": "publish", "topic": "sensor_metering", "content": "6.69 Kwh"}}\n'
2020-03-06T09:33:37-0300 [twisted.internet.endpoints.OneShotFactory#info] Starting factory <twisted.internet.endpoints.connectProtocol.<locals>.OneShotFactory object at 0x7f1dc63129e8>
2020-03-06T09:33:37-0300 [-] 127.0.0.1:44014 - sending MQTT PUBLISH REQUEST - Number of events: 17
2020-03-06T09:33:37-0300 [stdout#info] OPACOTE É b'{"destiny_addr": "127.0.0.1", "destiny_port": 5100, "source_addr": "127.0.0.1", "source_port": 44014, "type": "http", "payload": {"action": "publish", "topic": "sensor_metering", "content": "9.1 Kwh"}}\n'
2020-03-06T09:33:37-0300 [twisted.internet.endpoints.OneShotFactory#info] Starting factory <twisted.internet.endpoints.connectProtocol.<locals>.OneShotFactory object at 0x7f1dc05b42e8>
2020-03-06T09:33:41-0300 [-] Unhandled Error
	Traceback (most recent call last):
	  File "run_iotfogsim.py", line 23, in <module>
	    reactor.run()
	  File "/home/rafael/iotfogsim/vm/lib/python3.6/site-packages/twisted/internet/base.py", line 1283, in run
	    self.mainLoop()
	  File "/home/rafael/iotfogsim/vm/lib/python3.6/site-packages/twisted/internet/base.py", line 1292, in mainLoop
	    self.runUntilCurrent()
	--- <exception caught here> ---
	  File "/home/rafael/iotfogsim/vm/lib/python3.6/site-packages/twisted/internet/base.py", line 913, in runUntilCurrent
	    call.func(*call.args, **call.kw)
	  File "/home/rafael/iotfogsim/scinetsim/applications/applicationcomponent.py", line 144, in draw_wireless_signal
	    callID.cancel()
	builtins.UnboundLocalError: local variable 'callID' referenced before assignment
	
2020-03-06T09:33:41-0300 [-] Unhandled Error
	Traceback (most recent call last):
	  File "run_iotfogsim.py", line 23, in <module>
	    reactor.run()
	  File "/home/rafael/iotfogsim/vm/lib/python3.6/site-packages/twisted/internet/base.py", line 1283, in run
	    self.mainLoop()
	  File "/home/rafael/iotfogsim/vm/lib/python3.6/site-packages/twisted/internet/base.py", line 1292, in mainLoop
	    self.runUntilCurrent()
	--- <exception caught here> ---
	  File "/home/rafael/iotfogsim/vm/lib/python3.6/site-packages/twisted/internet/base.py", line 913, in runUntilCurrent
	    call.func(*call.args, **call.kw)
	  File "/home/rafael/iotfogsim/scinetsim/applications/applicationcomponent.py", line 144, in draw_wireless_signal
	    callID.cancel()
	builtins.UnboundLocalError: local variable 'callID' referenced before assignment
	
2020-03-06T09:33:42-0300 [-] 127.0.0.1:44012 - sending MQTT PUBLISH REQUEST - Number of events: 18
2020-03-06T09:33:42-0300 [-] 127.0.0.1:44014 - sending MQTT PUBLISH REQUEST - Number of events: 19
2020-03-06T09:33:42-0300 [stdout#info] OPACOTE É b'{"destiny_addr": "127.0.0.1", "destiny_port": 5100, "source_addr": "127.0.0.1", "source_port": 44012, "type": "http", "payload": {"action": "publish", "topic": "sensor_metering", "content": "15.58 Kwh"}}\n'
2020-03-06T09:33:42-0300 [twisted.internet.endpoints.OneShotFactory#info] Starting factory <twisted.internet.endpoints.connectProtocol.<locals>.OneShotFactory object at 0x7f1dc05b4550>
2020-03-06T09:33:42-0300 [stdout#info] OPACOTE É b'{"destiny_addr": "127.0.0.1", "destiny_port": 5100, "source_addr": "127.0.0.1", "source_port": 44014, "type": "http", "payload": {"action": "publish", "topic": "sensor_metering", "content": "8.32 Kwh"}}\n'
2020-03-06T09:33:42-0300 [twisted.internet.endpoints.OneShotFactory#info] Starting factory <twisted.internet.endpoints.connectProtocol.<locals>.OneShotFactory object at 0x7f1dc05b4748>
2020-03-06T09:33:47-0300 [-] 127.0.0.1:44012 - sending MQTT PUBLISH REQUEST - Number of events: 20
2020-03-06T09:33:47-0300 [-] Unhandled Error
	Traceback (most recent call last):
	  File "run_iotfogsim.py", line 23, in <module>
	    reactor.run()
	  File "/home/rafael/iotfogsim/vm/lib/python3.6/site-packages/twisted/internet/base.py", line 1283, in run
	    self.mainLoop()
	  File "/home/rafael/iotfogsim/vm/lib/python3.6/site-packages/twisted/internet/base.py", line 1292, in mainLoop
	    self.runUntilCurrent()
	--- <exception caught here> ---
	  File "/home/rafael/iotfogsim/vm/lib/python3.6/site-packages/twisted/internet/base.py", line 913, in runUntilCurrent
	    call.func(*call.args, **call.kw)
	  File "/home/rafael/iotfogsim/scinetsim/applications/mqttapp.py", line 64, in publish
	    self.draw_wireless_signal("MQTT_PUBLISH")
	  File "/home/rafael/iotfogsim/scinetsim/applications/applicationcomponent.py", line 144, in draw_wireless_signal
	    callID.cancel()
	builtins.UnboundLocalError: local variable 'callID' referenced before assignment
	
2020-03-06T09:33:47-0300 [stdout#info] OPACOTE É b'{"destiny_addr": "127.0.0.1", "destiny_port": 5100, "source_addr": "127.0.0.1", "source_port": 44012, "type": "http", "payload": {"action": "publish", "topic": "sensor_metering", "content": "13.24 Kwh"}}\n'
2020-03-06T09:33:47-0300 [twisted.internet.endpoints.OneShotFactory#info] Starting factory <twisted.internet.endpoints.connectProtocol.<locals>.OneShotFactory object at 0x7f1dc05b4470>
2020-03-06T09:33:47-0300 [-] 127.0.0.1:44014 - sending MQTT PUBLISH REQUEST - Number of events: 21
2020-03-06T09:33:47-0300 [-] Unhandled Error
	Traceback (most recent call last):
	  File "run_iotfogsim.py", line 23, in <module>
	    reactor.run()
	  File "/home/rafael/iotfogsim/vm/lib/python3.6/site-packages/twisted/internet/base.py", line 1283, in run
	    self.mainLoop()
	  File "/home/rafael/iotfogsim/vm/lib/python3.6/site-packages/twisted/internet/base.py", line 1292, in mainLoop
	    self.runUntilCurrent()
	--- <exception caught here> ---
	  File "/home/rafael/iotfogsim/vm/lib/python3.6/site-packages/twisted/internet/base.py", line 913, in runUntilCurrent
	    call.func(*call.args, **call.kw)
	  File "/home/rafael/iotfogsim/scinetsim/applications/mqttapp.py", line 64, in publish
	    self.draw_wireless_signal("MQTT_PUBLISH")
	  File "/home/rafael/iotfogsim/scinetsim/applications/applicationcomponent.py", line 144, in draw_wireless_signal
	    callID.cancel()
	builtins.UnboundLocalError: local variable 'callID' referenced before assignment
	
2020-03-06T09:33:47-0300 [stdout#info] OPACOTE É b'{"destiny_addr": "127.0.0.1", "destiny_port": 5100, "source_addr": "127.0.0.1", "source_port": 44014, "type": "http", "payload": {"action": "publish", "topic": "sensor_metering", "content": "5.35 Kwh"}}\n'
2020-03-06T09:33:47-0300 [twisted.internet.endpoints.OneShotFactory#info] Starting factory <twisted.internet.endpoints.connectProtocol.<locals>.OneShotFactory object at 0x7f1dc05b4d68>
2020-03-06T09:33:52-0300 [-] Unhandled Error
	Traceback (most recent call last):
	  File "run_iotfogsim.py", line 23, in <module>
	    reactor.run()
	  File "/home/rafael/iotfogsim/vm/lib/python3.6/site-packages/twisted/internet/base.py", line 1283, in run
	    self.mainLoop()
	  File "/home/rafael/iotfogsim/vm/lib/python3.6/site-packages/twisted/internet/base.py", line 1292, in mainLoop
	    self.runUntilCurrent()
	--- <exception caught here> ---
	  File "/home/rafael/iotfogsim/vm/lib/python3.6/site-packages/twisted/internet/base.py", line 913, in runUntilCurrent
	    call.func(*call.args, **call.kw)
	  File "/home/rafael/iotfogsim/scinetsim/applications/applicationcomponent.py", line 144, in draw_wireless_signal
	    callID.cancel()
	builtins.UnboundLocalError: local variable 'callID' referenced before assignment
	
2020-03-06T09:33:52-0300 [-] Unhandled Error
	Traceback (most recent call last):
	  File "run_iotfogsim.py", line 23, in <module>
	    reactor.run()
	  File "/home/rafael/iotfogsim/vm/lib/python3.6/site-packages/twisted/internet/base.py", line 1283, in run
	    self.mainLoop()
	  File "/home/rafael/iotfogsim/vm/lib/python3.6/site-packages/twisted/internet/base.py", line 1292, in mainLoop
	    self.runUntilCurrent()
	--- <exception caught here> ---
	  File "/home/rafael/iotfogsim/vm/lib/python3.6/site-packages/twisted/internet/base.py", line 913, in runUntilCurrent
	    call.func(*call.args, **call.kw)
	  File "/home/rafael/iotfogsim/scinetsim/applications/applicationcomponent.py", line 144, in draw_wireless_signal
	    callID.cancel()
	builtins.UnboundLocalError: local variable 'callID' referenced before assignment
	
2020-03-06T09:34:02-0300 [-] Unhandled Error
	Traceback (most recent call last):
	  File "run_iotfogsim.py", line 23, in <module>
	    reactor.run()
	  File "/home/rafael/iotfogsim/vm/lib/python3.6/site-packages/twisted/internet/base.py", line 1283, in run
	    self.mainLoop()
	  File "/home/rafael/iotfogsim/vm/lib/python3.6/site-packages/twisted/internet/base.py", line 1292, in mainLoop
	    self.runUntilCurrent()
	--- <exception caught here> ---
	  File "/home/rafael/iotfogsim/vm/lib/python3.6/site-packages/twisted/internet/base.py", line 913, in runUntilCurrent
	    call.func(*call.args, **call.kw)
	  File "/home/rafael/iotfogsim/scinetsim/applications/applicationcomponent.py", line 144, in draw_wireless_signal
	    callID.cancel()
	builtins.UnboundLocalError: local variable 'callID' referenced before assignment
	
2020-03-06T09:34:02-0300 [-] Unhandled Error
	Traceback (most recent call last):
	  File "run_iotfogsim.py", line 23, in <module>
	    reactor.run()
	  File "/home/rafael/iotfogsim/vm/lib/python3.6/site-packages/twisted/internet/base.py", line 1283, in run
	    self.mainLoop()
	  File "/home/rafael/iotfogsim/vm/lib/python3.6/site-packages/twisted/internet/base.py", line 1292, in mainLoop
	    self.runUntilCurrent()
	--- <exception caught here> ---
	  File "/home/rafael/iotfogsim/vm/lib/python3.6/site-packages/twisted/internet/base.py", line 913, in runUntilCurrent
	    call.func(*call.args, **call.kw)
	  File "/home/rafael/iotfogsim/scinetsim/applications/applicationcomponent.py", line 144, in draw_wireless_signal
	    callID.cancel()
	builtins.UnboundLocalError: local variable 'callID' referenced before assignment
	
2020-03-06T09:35:52-0300 [-] Received SIGINT, shutting down.
2020-03-06T09:35:52-0300 [ClientProtocol,client] connection lost: Connection to the other side was lost in a non-clean fashion: Connection lost.
2020-03-06T09:35:52-0300 [ClientProtocol,client] connection lost - Number of events: 22
2020-03-06T09:35:52-0300 [twisted.internet.endpoints.OneShotFactory#info] Stopping factory <twisted.internet.endpoints.connectProtocol.<locals>.OneShotFactory object at 0x7f1dc05b4748>
2020-03-06T09:35:52-0300 [ClientProtocol,client] connection lost: Connection to the other side was lost in a non-clean fashion: Connection lost.
2020-03-06T09:35:52-0300 [ClientProtocol,client] connection lost - Number of events: 23
2020-03-06T09:35:52-0300 [twisted.internet.endpoints.OneShotFactory#info] Stopping factory <twisted.internet.endpoints.connectProtocol.<locals>.OneShotFactory object at 0x7f1dc62c3f98>
2020-03-06T09:35:52-0300 [ClientProtocol,client] connection lost: Connection to the other side was lost in a non-clean fashion: Connection lost.
2020-03-06T09:35:52-0300 [ClientProtocol,client] connection lost - Number of events: 24
2020-03-06T09:35:52-0300 [twisted.internet.endpoints.OneShotFactory#info] Stopping factory <twisted.internet.endpoints.connectProtocol.<locals>.OneShotFactory object at 0x7f1dc0583828>
2020-03-06T09:35:52-0300 [BrokerProtocol,1,127.0.0.1] The requested subscriber is no longer available in subscribers list
2020-03-06T09:35:52-0300 [twisted.internet.endpoints.OneShotFactory#info] Stopping factory <twisted.internet.endpoints.connectProtocol.<locals>.OneShotFactory object at 0x7f1dc63129e8>
2020-03-06T09:35:52-0300 [BrokerProtocol,2,127.0.0.1] The requested subscriber is no longer available in subscribers list
2020-03-06T09:35:52-0300 [BrokerProtocol,10,127.0.0.1] The requested subscriber is no longer available in subscribers list
2020-03-06T09:35:52-0300 [PublisherApp,client] connection lost: Connection to the other side was lost in a non-clean fashion: Connection lost.
2020-03-06T09:35:52-0300 [PublisherApp,client] connection lost - Number of events: 25
2020-03-06T09:35:52-0300 [BrokerProtocol,8,127.0.0.1] The requested subscriber is no longer available in subscribers list
2020-03-06T09:35:52-0300 [BrokerProtocol,7,127.0.0.1] The requested subscriber is no longer available in subscribers list
2020-03-06T09:35:52-0300 [ClientProtocol,client] connection lost: Connection to the other side was lost in a non-clean fashion: Connection lost.
2020-03-06T09:35:52-0300 [ClientProtocol,client] connection lost - Number of events: 26
2020-03-06T09:35:52-0300 [twisted.internet.endpoints.OneShotFactory#info] Stopping factory <twisted.internet.endpoints.connectProtocol.<locals>.OneShotFactory object at 0x7f1dc05b42e8>
2020-03-06T09:35:52-0300 [RouterAppProtocol,3,127.0.0.1] connection lost: Connection to the other side was lost in a non-clean fashion: Connection lost.
2020-03-06T09:35:52-0300 [RouterAppProtocol,3,127.0.0.1] connection lost - Number of events: 27
2020-03-06T09:35:52-0300 [BrokerProtocol,5,127.0.0.1] The requested subscriber is no longer available in subscribers list
2020-03-06T09:35:52-0300 [twisted.internet.endpoints.OneShotFactory#info] Stopping factory <twisted.internet.endpoints.connectProtocol.<locals>.OneShotFactory object at 0x7f1dc05b4470>
2020-03-06T09:35:52-0300 [SubscriberApp,client] connection lost: Connection to the other side was lost in a non-clean fashion: Connection lost.
2020-03-06T09:35:52-0300 [SubscriberApp,client] connection lost - Number of events: 28
2020-03-06T09:35:52-0300 [twisted.internet.endpoints.OneShotFactory#info] Stopping factory <twisted.internet.endpoints.connectProtocol.<locals>.OneShotFactory object at 0x7f1dc62c3ba8>
2020-03-06T09:35:52-0300 [BrokerProtocol,6,127.0.0.1] The requested subscriber is no longer available in subscribers list
2020-03-06T09:35:52-0300 [applications.mqttapp.BrokerFactory] (TCP Port 5100 Closed)
2020-03-06T09:35:52-0300 [BrokerProtocol,3,127.0.0.1] The requested subscriber is no longer available in subscribers list
2020-03-06T09:35:52-0300 [BrokerProtocol,9,127.0.0.1] The requested subscriber is no longer available in subscribers list
2020-03-06T09:35:52-0300 [BrokerProtocol,11,127.0.0.1] The requested subscriber is no longer available in subscribers list
2020-03-06T09:35:52-0300 [ClientProtocol,client] connection lost: Connection to the other side was lost in a non-clean fashion: Connection lost.
2020-03-06T09:35:52-0300 [ClientProtocol,client] connection lost - Number of events: 29
2020-03-06T09:35:52-0300 [twisted.internet.endpoints.OneShotFactory#info] Stopping factory <twisted.internet.endpoints.connectProtocol.<locals>.OneShotFactory object at 0x7f1dc05b4d68>
2020-03-06T09:35:52-0300 [twisted.internet.endpoints.OneShotFactory#info] Stopping factory <twisted.internet.endpoints.connectProtocol.<locals>.OneShotFactory object at 0x7f1dc0583d30>
2020-03-06T09:35:52-0300 [twisted.internet.endpoints.OneShotFactory#info] Stopping factory <twisted.internet.endpoints.connectProtocol.<locals>.OneShotFactory object at 0x7f1dc05b4550>
2020-03-06T09:35:52-0300 [twisted.internet.endpoints.OneShotFactory#info] Stopping factory <twisted.internet.endpoints.connectProtocol.<locals>.OneShotFactory object at 0x7f1dc62c3da0>
2020-03-06T09:35:52-0300 [BrokerProtocol,12,127.0.0.1] The requested subscriber is no longer available in subscribers list
2020-03-06T09:35:52-0300 [applications.routerapp.RouterFactory] (TCP Port 8081 Closed)
2020-03-06T09:35:52-0300 [PublisherApp,client] connection lost: Connection to the other side was lost in a non-clean fashion: Connection lost.
2020-03-06T09:35:52-0300 [PublisherApp,client] connection lost - Number of events: 30
2020-03-06T09:35:52-0300 [twisted.internet.endpoints.OneShotFactory#info] Stopping factory <twisted.internet.endpoints.connectProtocol.<locals>.OneShotFactory object at 0x7f1dc05834a8>
2020-03-06T09:35:52-0300 [BrokerProtocol,0,127.0.0.1] The requested subscriber is no longer available in subscribers list
2020-03-06T09:35:52-0300 [BrokerProtocol,4,127.0.0.1] The requested subscriber is no longer available in subscribers list
2020-03-06T09:35:52-0300 [ClientProtocol,client] connection lost: Connection to the other side was lost in a non-clean fashion: Connection lost.
2020-03-06T09:35:52-0300 [ClientProtocol,client] connection lost - Number of events: 31
2020-03-06T09:35:52-0300 [twisted.internet.endpoints.OneShotFactory#info] Stopping factory <twisted.internet.endpoints.connectProtocol.<locals>.OneShotFactory object at 0x7f1dc0583ef0>
2020-03-06T09:35:52-0300 [-] Main loop terminated.
