2020-03-04T10:07:17-0300 [-] Creating router ...
2020-03-04T10:07:17-0300 [-] Initializing Router - Number of events: 1
2020-03-04T10:07:17-0300 [-] RouterFactory starting on 8081
2020-03-04T10:07:17-0300 [-] Creating fog node ...
2020-03-04T10:07:17-0300 [stdout#info] applications.mqttapp.SubscriberApp
2020-03-04T10:07:17-0300 [-] Initializing Client - Number of events: 2
2020-03-04T10:07:17-0300 [-] Creating fog node ...
2020-03-04T10:07:17-0300 [-] Initializing Server - Number of events: 3
2020-03-04T10:07:17-0300 [-] BrokerFactory starting on 5100
2020-03-04T10:07:17-0300 [-] Creating iot node ...
2020-03-04T10:07:17-0300 [stdout#info] applications.mqttapp.PublisherApp
2020-03-04T10:07:17-0300 [-] Initializing Client - Number of events: 4
2020-03-04T10:07:17-0300 [-] Creating iot node ...
2020-03-04T10:07:17-0300 [stdout#info] applications.mqttapp.PublisherApp
2020-03-04T10:07:17-0300 [-] Initializing Client - Number of events: 5
2020-03-04T10:07:17-0300 [stdout#info] This divice have no simulation core instance
2020-03-04T10:07:17-0300 [stdout#info] This divice have no simulation core instance
2020-03-04T10:07:17-0300 [stdout#info] This divice have no simulation core instance
2020-03-04T10:07:17-0300 [stdout#info] This divice have no simulation core instance
2020-03-04T10:07:17-0300 [Uninitialized] 127.0.0.1:42296 - Connected to mqtt broker - Number of events: 6
2020-03-04T10:07:17-0300 [Uninitialized] 127.0.0.1:42296 - sending MQTT SUBSCRIBE REQUEST - Number of events: 7
2020-03-04T10:07:17-0300 [Uninitialized] 127.0.0.1:42298 - Connected to mqtt broker - Number of events: 8
2020-03-04T10:07:17-0300 [Uninitialized] 127.0.0.1:42298 - sending MQTT PUBLISH REQUEST - Number of events: 9
2020-03-04T10:07:17-0300 [Uninitialized] 127.0.0.1:42300 - Connected to mqtt broker - Number of events: 10
2020-03-04T10:07:17-0300 [Uninitialized] 127.0.0.1:42300 - sending MQTT PUBLISH REQUEST - Number of events: 11
2020-03-04T10:07:17-0300 [twisted.internet.endpoints.OneShotFactory#info] Starting factory <twisted.internet.endpoints.connectProtocol.<locals>.OneShotFactory object at 0x7f1523a16a90>
2020-03-04T10:07:17-0300 [twisted.internet.endpoints.OneShotFactory#info] Starting factory <twisted.internet.endpoints.connectProtocol.<locals>.OneShotFactory object at 0x7f1523a16c88>
2020-03-04T10:07:17-0300 [twisted.internet.endpoints.OneShotFactory#info] Starting factory <twisted.internet.endpoints.connectProtocol.<locals>.OneShotFactory object at 0x7f1523a16e80>
2020-03-04T10:08:21-0300 [-] Received SIGINT, shutting down.
2020-03-04T10:08:22-0300 [-] Received SIGINT, shutting down.
2020-03-04T10:08:23-0300 [-] Received SIGINT, shutting down.
2020-03-04T10:08:23-0300 [-] Received SIGINT, shutting down.
2020-03-04T10:08:23-0300 [-] Received SIGINT, shutting down.
2020-03-04T10:08:23-0300 [-] Received SIGINT, shutting down.
2020-03-04T10:08:24-0300 [-] Received SIGINT, shutting down.
2020-03-04T10:08:24-0300 [-] Received SIGINT, shutting down.
2020-03-04T10:08:24-0300 [-] Received SIGINT, shutting down.
2020-03-04T10:08:24-0300 [-] Received SIGINT, shutting down.
2020-03-04T10:08:24-0300 [-] Received SIGINT, shutting down.
2020-03-04T10:08:25-0300 [-] Received SIGINT, shutting down.
2020-03-04T10:08:25-0300 [-] Received SIGINT, shutting down.
2020-03-04T10:08:25-0300 [-] Received SIGINT, shutting down.
2020-03-04T10:08:25-0300 [-] Received SIGINT, shutting down.
2020-03-04T10:08:25-0300 [-] Received SIGINT, shutting down.
2020-03-04T10:08:26-0300 [-] Received SIGINT, shutting down.
