2020-06-04T11:26:49-0300 [-] Creating router ...
2020-06-04T11:26:49-0300 [-] Initializing Router - Number of events: 1
2020-06-04T11:26:50-0300 [-] RouterFactory starting on 8081
2020-06-04T11:26:50-0300 [-] Creating AccessPoint station ...
2020-06-04T11:26:50-0300 [-] Initializing Access Point - Number of events: 2
2020-06-04T11:26:50-0300 [stdout#info] cont <bound method AccessPointApp.print_associated_devices of <applications.accesspointapp.AccessPointApp object at 0x7ff823073eb8>>
2020-06-04T11:26:50-0300 [-] Initializing Server - Number of events: 3
2020-06-04T11:26:51-0300 [-] BrokerFactory starting on 5100
2020-06-04T11:26:51-0300 [-] Initializing sensor node - Number of events: 4
2020-06-04T11:26:51-0300 [stdout#info] None
2020-06-04T11:26:51-0300 [stdout#info] This divice have no simulation core instance
2020-06-04T11:26:53-0300 [stdout#info] cont <bound method AccessPointApp.print_associated_devices of <applications.accesspointapp.AccessPointApp object at 0x7ff823073eb8>>
2020-06-04T11:26:54-0300 [stdout#info] <applications.accesspointapp.AccessPointApp object at 0x7ff823073eb8>
2020-06-04T11:26:56-0300 [stdout#info] cont <bound method AccessPointApp.print_associated_devices of <applications.accesspointapp.AccessPointApp object at 0x7ff823073eb8>>
2020-06-04T11:26:57-0300 [stdout#info] <applications.accesspointapp.AccessPointApp object at 0x7ff823073eb8>
2020-06-04T11:26:59-0300 [stdout#info] cont <bound method AccessPointApp.print_associated_devices of <applications.accesspointapp.AccessPointApp object at 0x7ff823073eb8>>
2020-06-04T11:27:00-0300 [stdout#info] <applications.accesspointapp.AccessPointApp object at 0x7ff823073eb8>
2020-06-04T11:27:02-0300 [stdout#info] cont <bound method AccessPointApp.print_associated_devices of <applications.accesspointapp.AccessPointApp object at 0x7ff823073eb8>>
2020-06-04T11:27:03-0300 [stdout#info] <applications.accesspointapp.AccessPointApp object at 0x7ff823073eb8>
2020-06-04T11:27:05-0300 [stdout#info] cont <bound method AccessPointApp.print_associated_devices of <applications.accesspointapp.AccessPointApp object at 0x7ff823073eb8>>
2020-06-04T11:27:06-0300 [stdout#info] <applications.accesspointapp.AccessPointApp object at 0x7ff823073eb8>
2020-06-04T11:27:08-0300 [stdout#info] cont <bound method AccessPointApp.print_associated_devices of <applications.accesspointapp.AccessPointApp object at 0x7ff823073eb8>>
2020-06-04T11:27:09-0300 [stdout#info] <applications.accesspointapp.AccessPointApp object at 0x7ff823073eb8>
2020-06-04T11:27:11-0300 [stdout#info] cont <bound method AccessPointApp.print_associated_devices of <applications.accesspointapp.AccessPointApp object at 0x7ff823073eb8>>
2020-06-04T11:27:12-0300 [stdout#info] <applications.accesspointapp.AccessPointApp object at 0x7ff823073eb8>
2020-06-04T11:27:14-0300 [stdout#info] cont <bound method AccessPointApp.print_associated_devices of <applications.accesspointapp.AccessPointApp object at 0x7ff823073eb8>>
2020-06-04T11:27:15-0300 [stdout#info] <applications.accesspointapp.AccessPointApp object at 0x7ff823073eb8>
2020-06-04T11:27:17-0300 [stdout#info] cont <bound method AccessPointApp.print_associated_devices of <applications.accesspointapp.AccessPointApp object at 0x7ff823073eb8>>
2020-06-04T11:27:18-0300 [stdout#info] <applications.accesspointapp.AccessPointApp object at 0x7ff823073eb8>
2020-06-04T11:27:20-0300 [stdout#info] cont <bound method AccessPointApp.print_associated_devices of <applications.accesspointapp.AccessPointApp object at 0x7ff823073eb8>>
2020-06-04T11:27:21-0300 [stdout#info] <applications.accesspointapp.AccessPointApp object at 0x7ff823073eb8>
2020-06-04T11:27:23-0300 [stdout#info] cont <bound method AccessPointApp.print_associated_devices of <applications.accesspointapp.AccessPointApp object at 0x7ff823073eb8>>
2020-06-04T11:27:24-0300 [stdout#info] <applications.accesspointapp.AccessPointApp object at 0x7ff823073eb8>
2020-06-04T11:27:26-0300 [stdout#info] cont <bound method AccessPointApp.print_associated_devices of <applications.accesspointapp.AccessPointApp object at 0x7ff823073eb8>>
2020-06-04T11:27:27-0300 [stdout#info] <applications.accesspointapp.AccessPointApp object at 0x7ff823073eb8>
2020-06-04T11:27:29-0300 [stdout#info] cont <bound method AccessPointApp.print_associated_devices of <applications.accesspointapp.AccessPointApp object at 0x7ff823073eb8>>
2020-06-04T11:27:30-0300 [stdout#info] <applications.accesspointapp.AccessPointApp object at 0x7ff823073eb8>
2020-06-04T11:27:32-0300 [stdout#info] cont <bound method AccessPointApp.print_associated_devices of <applications.accesspointapp.AccessPointApp object at 0x7ff823073eb8>>
2020-06-04T11:27:33-0300 [stdout#info] <applications.accesspointapp.AccessPointApp object at 0x7ff823073eb8>
2020-06-04T11:27:35-0300 [stdout#info] cont <bound method AccessPointApp.print_associated_devices of <applications.accesspointapp.AccessPointApp object at 0x7ff823073eb8>>
2020-06-04T11:27:36-0300 [stdout#info] <applications.accesspointapp.AccessPointApp object at 0x7ff823073eb8>
2020-06-04T11:27:38-0300 [-] Received SIGINT, shutting down.
2020-06-04T11:27:38-0300 [applications.mqttapp.BrokerFactory] (TCP Port 5100 Closed)
2020-06-04T11:27:38-0300 [applications.routerapp.RouterFactory] (TCP Port 8081 Closed)
2020-06-04T11:27:38-0300 [-] Main loop terminated.
