2020-06-07T11:45:59-0300 [-] Initializing Server - Number of events: 1
2020-06-07T11:46:00-0300 [-] HttpServerAppFactory starting on 8082
2020-06-07T11:46:00-0300 [-] Creating router ...
2020-06-07T11:46:00-0300 [-] Initializing Router - Number of events: 2
2020-06-07T11:46:00-0300 [-] RouterFactory starting on 8081
2020-06-07T11:46:00-0300 [-] Creating AccessPoint station ...
2020-06-07T11:46:00-0300 [-] Initializing Access Point - Number of events: 3
2020-06-07T11:46:01-0300 [stdout#info] None
2020-06-07T11:46:01-0300 [stdout#info] sem entrada
2020-06-07T11:46:01-0300 [stdout#info] sem saida
2020-06-07T11:46:01-0300 [-] Initializing sensor node - Number of events: 4
2020-06-07T11:46:01-0300 [stdout#info] Not connected to a wireless access point
2020-06-07T11:46:01-0300 [stdout#info] Assossiated to : notebook 1
2020-06-07T11:46:01-0300 [stdout#info] This divice have no simulation core instance
2020-06-07T11:46:01-0300 [stdout#info] This divice have no simulation core instance
2020-06-07T11:46:02-0300 [stdout#info] {b'{"destiny_addr": "127.0.0.1", "destiny_port": 8080, "source_addr": "127.0.0.1", "source_port": 8888, "type": "http", "payload": "HTTP 1.0 / GET request"}'}
2020-06-07T11:46:02-0300 [stdout#info] set()
2020-06-07T11:46:02-0300 [stdout#info] sem saida
2020-06-07T11:46:02-0300 [twisted.internet.endpoints.OneShotFactory#info] Starting factory <twisted.internet.endpoints.connectProtocol.<locals>.OneShotFactory object at 0x7fc1200232e8>
2020-06-07T11:46:02-0300 [twisted.internet.endpoints.OneShotFactory#info] Stopping factory <twisted.internet.endpoints.connectProtocol.<locals>.OneShotFactory object at 0x7fc1200232e8>
2020-06-07T11:46:03-0300 [stdout#info] <applications.accesspointapp.AccessPointAppProtocol object at 0x7fc1200234a8>
2020-06-07T11:46:03-0300 [stdout#info] sem entrada
2020-06-07T11:46:03-0300 [stdout#info] sem saida
2020-06-07T11:46:04-0300 [stdout#info] <applications.accesspointapp.AccessPointAppProtocol object at 0x7fc1200234a8>
2020-06-07T11:46:04-0300 [stdout#info] sem entrada
2020-06-07T11:46:04-0300 [stdout#info] sem saida
2020-06-07T11:46:05-0300 [stdout#info] <applications.accesspointapp.AccessPointAppProtocol object at 0x7fc1200234a8>
2020-06-07T11:46:05-0300 [stdout#info] sem entrada
2020-06-07T11:46:05-0300 [stdout#info] sem saida
2020-06-07T11:46:05-0300 [twisted.internet.defer#critical] Unhandled error in Deferred:
2020-06-07T11:46:05-0300 [twisted.internet.defer#critical] 
	Traceback (most recent call last):
	Failure: twisted.internet.error.ConnectionRefusedError: Connection was refused by other side: 111: Connection refused.
	
2020-06-07T11:46:06-0300 [stdout#info] <applications.accesspointapp.AccessPointAppProtocol object at 0x7fc1200234a8>
2020-06-07T11:46:06-0300 [stdout#info] sem entrada
2020-06-07T11:46:06-0300 [stdout#info] sem saida
2020-06-07T11:46:07-0300 [stdout#info] <applications.accesspointapp.AccessPointAppProtocol object at 0x7fc1200234a8>
2020-06-07T11:46:07-0300 [stdout#info] sem entrada
2020-06-07T11:46:07-0300 [stdout#info] sem saida
2020-06-07T11:46:08-0300 [stdout#info] <applications.accesspointapp.AccessPointAppProtocol object at 0x7fc1200234a8>
2020-06-07T11:46:08-0300 [stdout#info] sem entrada
2020-06-07T11:46:08-0300 [stdout#info] sem saida
2020-06-07T11:46:09-0300 [stdout#info] <applications.accesspointapp.AccessPointAppProtocol object at 0x7fc1200234a8>
2020-06-07T11:46:09-0300 [stdout#info] sem entrada
2020-06-07T11:46:09-0300 [stdout#info] sem saida
2020-06-07T11:46:10-0300 [stdout#info] <applications.accesspointapp.AccessPointAppProtocol object at 0x7fc1200234a8>
2020-06-07T11:46:10-0300 [stdout#info] sem entrada
2020-06-07T11:46:10-0300 [stdout#info] sem saida
2020-06-07T11:46:11-0300 [stdout#info] <applications.accesspointapp.AccessPointAppProtocol object at 0x7fc1200234a8>
2020-06-07T11:46:11-0300 [stdout#info] sem entrada
2020-06-07T11:46:11-0300 [stdout#info] sem saida
2020-06-07T11:46:12-0300 [stdout#info] <applications.accesspointapp.AccessPointAppProtocol object at 0x7fc1200234a8>
2020-06-07T11:46:12-0300 [stdout#info] sem entrada
2020-06-07T11:46:12-0300 [stdout#info] sem saida
2020-06-07T11:46:13-0300 [stdout#info] <applications.accesspointapp.AccessPointAppProtocol object at 0x7fc1200234a8>
2020-06-07T11:46:13-0300 [stdout#info] sem entrada
2020-06-07T11:46:13-0300 [stdout#info] sem saida
2020-06-07T11:46:14-0300 [stdout#info] <applications.accesspointapp.AccessPointAppProtocol object at 0x7fc1200234a8>
2020-06-07T11:46:14-0300 [stdout#info] sem entrada
2020-06-07T11:46:14-0300 [stdout#info] sem saida
2020-06-07T11:46:15-0300 [stdout#info] <applications.accesspointapp.AccessPointAppProtocol object at 0x7fc1200234a8>
2020-06-07T11:46:15-0300 [stdout#info] sem entrada
2020-06-07T11:46:15-0300 [stdout#info] sem saida
2020-06-07T11:46:16-0300 [stdout#info] <applications.accesspointapp.AccessPointAppProtocol object at 0x7fc1200234a8>
2020-06-07T11:46:16-0300 [stdout#info] sem entrada
2020-06-07T11:46:16-0300 [stdout#info] sem saida
2020-06-07T11:46:17-0300 [stdout#info] <applications.accesspointapp.AccessPointAppProtocol object at 0x7fc1200234a8>
2020-06-07T11:46:17-0300 [stdout#info] sem entrada
2020-06-07T11:46:17-0300 [stdout#info] sem saida
2020-06-07T11:46:18-0300 [stdout#info] <applications.accesspointapp.AccessPointAppProtocol object at 0x7fc1200234a8>
2020-06-07T11:46:18-0300 [stdout#info] sem entrada
2020-06-07T11:46:18-0300 [stdout#info] sem saida
2020-06-07T11:46:19-0300 [stdout#info] <applications.accesspointapp.AccessPointAppProtocol object at 0x7fc1200234a8>
2020-06-07T11:46:19-0300 [stdout#info] sem entrada
2020-06-07T11:46:19-0300 [stdout#info] sem saida
2020-06-07T11:46:20-0300 [stdout#info] <applications.accesspointapp.AccessPointAppProtocol object at 0x7fc1200234a8>
2020-06-07T11:46:20-0300 [stdout#info] sem entrada
2020-06-07T11:46:20-0300 [stdout#info] sem saida
2020-06-07T11:46:21-0300 [stdout#info] <applications.accesspointapp.AccessPointAppProtocol object at 0x7fc1200234a8>
2020-06-07T11:46:21-0300 [stdout#info] sem entrada
2020-06-07T11:46:21-0300 [stdout#info] sem saida
2020-06-07T11:46:22-0300 [stdout#info] <applications.accesspointapp.AccessPointAppProtocol object at 0x7fc1200234a8>
2020-06-07T11:46:22-0300 [stdout#info] sem entrada
2020-06-07T11:46:22-0300 [stdout#info] sem saida
2020-06-07T11:46:23-0300 [stdout#info] <applications.accesspointapp.AccessPointAppProtocol object at 0x7fc1200234a8>
2020-06-07T11:46:23-0300 [stdout#info] sem entrada
2020-06-07T11:46:23-0300 [stdout#info] sem saida
2020-06-07T11:46:24-0300 [stdout#info] <applications.accesspointapp.AccessPointAppProtocol object at 0x7fc1200234a8>
2020-06-07T11:46:24-0300 [stdout#info] sem entrada
2020-06-07T11:46:24-0300 [stdout#info] sem saida
2020-06-07T11:46:25-0300 [stdout#info] <applications.accesspointapp.AccessPointAppProtocol object at 0x7fc1200234a8>
2020-06-07T11:46:25-0300 [stdout#info] sem entrada
2020-06-07T11:46:25-0300 [stdout#info] sem saida
2020-06-07T11:46:26-0300 [stdout#info] <applications.accesspointapp.AccessPointAppProtocol object at 0x7fc1200234a8>
2020-06-07T11:46:26-0300 [stdout#info] sem entrada
2020-06-07T11:46:26-0300 [stdout#info] sem saida
2020-06-07T11:46:27-0300 [stdout#info] <applications.accesspointapp.AccessPointAppProtocol object at 0x7fc1200234a8>
2020-06-07T11:46:27-0300 [stdout#info] sem entrada
2020-06-07T11:46:27-0300 [stdout#info] sem saida
2020-06-07T11:46:28-0300 [stdout#info] <applications.accesspointapp.AccessPointAppProtocol object at 0x7fc1200234a8>
2020-06-07T11:46:28-0300 [stdout#info] sem entrada
2020-06-07T11:46:28-0300 [stdout#info] sem saida
2020-06-07T11:46:29-0300 [stdout#info] <applications.accesspointapp.AccessPointAppProtocol object at 0x7fc1200234a8>
2020-06-07T11:46:29-0300 [stdout#info] sem entrada
2020-06-07T11:46:29-0300 [stdout#info] sem saida
2020-06-07T11:46:30-0300 [stdout#info] <applications.accesspointapp.AccessPointAppProtocol object at 0x7fc1200234a8>
2020-06-07T11:46:30-0300 [stdout#info] sem entrada
2020-06-07T11:46:30-0300 [stdout#info] sem saida
2020-06-07T11:46:31-0300 [stdout#info] <applications.accesspointapp.AccessPointAppProtocol object at 0x7fc1200234a8>
2020-06-07T11:46:31-0300 [stdout#info] sem entrada
2020-06-07T11:46:31-0300 [stdout#info] sem saida
2020-06-07T11:46:32-0300 [stdout#info] <applications.accesspointapp.AccessPointAppProtocol object at 0x7fc1200234a8>
2020-06-07T11:46:32-0300 [stdout#info] sem entrada
2020-06-07T11:46:32-0300 [stdout#info] sem saida
2020-06-07T11:46:33-0300 [stdout#info] <applications.accesspointapp.AccessPointAppProtocol object at 0x7fc1200234a8>
2020-06-07T11:46:33-0300 [stdout#info] sem entrada
2020-06-07T11:46:33-0300 [stdout#info] sem saida
2020-06-07T11:46:34-0300 [stdout#info] <applications.accesspointapp.AccessPointAppProtocol object at 0x7fc1200234a8>
2020-06-07T11:46:34-0300 [stdout#info] sem entrada
2020-06-07T11:46:34-0300 [stdout#info] sem saida
2020-06-07T11:46:35-0300 [stdout#info] <applications.accesspointapp.AccessPointAppProtocol object at 0x7fc1200234a8>
2020-06-07T11:46:35-0300 [stdout#info] sem entrada
2020-06-07T11:46:35-0300 [stdout#info] sem saida
2020-06-07T11:46:36-0300 [stdout#info] <applications.accesspointapp.AccessPointAppProtocol object at 0x7fc1200234a8>
2020-06-07T11:46:36-0300 [stdout#info] sem entrada
2020-06-07T11:46:36-0300 [stdout#info] sem saida
2020-06-07T11:46:37-0300 [stdout#info] <applications.accesspointapp.AccessPointAppProtocol object at 0x7fc1200234a8>
2020-06-07T11:46:37-0300 [stdout#info] sem entrada
2020-06-07T11:46:37-0300 [stdout#info] sem saida
2020-06-07T11:46:38-0300 [stdout#info] <applications.accesspointapp.AccessPointAppProtocol object at 0x7fc1200234a8>
2020-06-07T11:46:38-0300 [stdout#info] sem entrada
2020-06-07T11:46:38-0300 [stdout#info] sem saida
2020-06-07T11:46:39-0300 [stdout#info] <applications.accesspointapp.AccessPointAppProtocol object at 0x7fc1200234a8>
2020-06-07T11:46:39-0300 [stdout#info] sem entrada
2020-06-07T11:46:39-0300 [stdout#info] sem saida
2020-06-07T11:46:40-0300 [stdout#info] <applications.accesspointapp.AccessPointAppProtocol object at 0x7fc1200234a8>
2020-06-07T11:46:40-0300 [stdout#info] sem entrada
2020-06-07T11:46:40-0300 [stdout#info] sem saida
2020-06-07T11:46:41-0300 [stdout#info] <applications.accesspointapp.AccessPointAppProtocol object at 0x7fc1200234a8>
2020-06-07T11:46:41-0300 [stdout#info] sem entrada
2020-06-07T11:46:41-0300 [stdout#info] sem saida
2020-06-07T11:46:42-0300 [stdout#info] <applications.accesspointapp.AccessPointAppProtocol object at 0x7fc1200234a8>
2020-06-07T11:46:42-0300 [stdout#info] sem entrada
2020-06-07T11:46:42-0300 [stdout#info] sem saida
2020-06-07T11:46:43-0300 [stdout#info] <applications.accesspointapp.AccessPointAppProtocol object at 0x7fc1200234a8>
2020-06-07T11:46:43-0300 [stdout#info] sem entrada
2020-06-07T11:46:43-0300 [stdout#info] sem saida
2020-06-07T11:46:44-0300 [stdout#info] <applications.accesspointapp.AccessPointAppProtocol object at 0x7fc1200234a8>
2020-06-07T11:46:44-0300 [stdout#info] sem entrada
2020-06-07T11:46:44-0300 [stdout#info] sem saida
2020-06-07T11:46:45-0300 [stdout#info] <applications.accesspointapp.AccessPointAppProtocol object at 0x7fc1200234a8>
2020-06-07T11:46:45-0300 [stdout#info] sem entrada
2020-06-07T11:46:45-0300 [stdout#info] sem saida
2020-06-07T11:46:46-0300 [stdout#info] <applications.accesspointapp.AccessPointAppProtocol object at 0x7fc1200234a8>
2020-06-07T11:46:46-0300 [stdout#info] sem entrada
2020-06-07T11:46:46-0300 [stdout#info] sem saida
2020-06-07T11:46:47-0300 [stdout#info] <applications.accesspointapp.AccessPointAppProtocol object at 0x7fc1200234a8>
2020-06-07T11:46:47-0300 [stdout#info] sem entrada
2020-06-07T11:46:47-0300 [stdout#info] sem saida
2020-06-07T11:46:48-0300 [stdout#info] <applications.accesspointapp.AccessPointAppProtocol object at 0x7fc1200234a8>
2020-06-07T11:46:48-0300 [stdout#info] sem entrada
2020-06-07T11:46:48-0300 [stdout#info] sem saida
2020-06-07T11:46:49-0300 [stdout#info] <applications.accesspointapp.AccessPointAppProtocol object at 0x7fc1200234a8>
2020-06-07T11:46:49-0300 [stdout#info] sem entrada
2020-06-07T11:46:49-0300 [stdout#info] sem saida
2020-06-07T11:46:50-0300 [stdout#info] <applications.accesspointapp.AccessPointAppProtocol object at 0x7fc1200234a8>
2020-06-07T11:46:50-0300 [stdout#info] sem entrada
2020-06-07T11:46:50-0300 [stdout#info] sem saida
2020-06-07T11:46:51-0300 [stdout#info] <applications.accesspointapp.AccessPointAppProtocol object at 0x7fc1200234a8>
2020-06-07T11:46:51-0300 [stdout#info] sem entrada
2020-06-07T11:46:51-0300 [stdout#info] sem saida
2020-06-07T11:46:52-0300 [stdout#info] <applications.accesspointapp.AccessPointAppProtocol object at 0x7fc1200234a8>
2020-06-07T11:46:52-0300 [stdout#info] sem entrada
2020-06-07T11:46:52-0300 [stdout#info] sem saida
2020-06-07T11:46:53-0300 [stdout#info] <applications.accesspointapp.AccessPointAppProtocol object at 0x7fc1200234a8>
2020-06-07T11:46:53-0300 [stdout#info] sem entrada
2020-06-07T11:46:53-0300 [stdout#info] sem saida
2020-06-07T11:46:54-0300 [stdout#info] <applications.accesspointapp.AccessPointAppProtocol object at 0x7fc1200234a8>
2020-06-07T11:46:54-0300 [stdout#info] sem entrada
2020-06-07T11:46:54-0300 [stdout#info] sem saida
2020-06-07T11:46:55-0300 [stdout#info] <applications.accesspointapp.AccessPointAppProtocol object at 0x7fc1200234a8>
2020-06-07T11:46:55-0300 [stdout#info] sem entrada
2020-06-07T11:46:55-0300 [stdout#info] sem saida
2020-06-07T11:46:56-0300 [stdout#info] <applications.accesspointapp.AccessPointAppProtocol object at 0x7fc1200234a8>
2020-06-07T11:46:56-0300 [stdout#info] sem entrada
2020-06-07T11:46:56-0300 [stdout#info] sem saida
2020-06-07T11:46:57-0300 [stdout#info] <applications.accesspointapp.AccessPointAppProtocol object at 0x7fc1200234a8>
2020-06-07T11:46:57-0300 [stdout#info] sem entrada
2020-06-07T11:46:57-0300 [stdout#info] sem saida
2020-06-07T11:46:58-0300 [stdout#info] <applications.accesspointapp.AccessPointAppProtocol object at 0x7fc1200234a8>
2020-06-07T11:46:58-0300 [stdout#info] sem entrada
2020-06-07T11:46:58-0300 [stdout#info] sem saida
2020-06-07T11:46:59-0300 [stdout#info] <applications.accesspointapp.AccessPointAppProtocol object at 0x7fc1200234a8>
2020-06-07T11:46:59-0300 [stdout#info] sem entrada
2020-06-07T11:46:59-0300 [stdout#info] sem saida
2020-06-07T11:47:00-0300 [stdout#info] <applications.accesspointapp.AccessPointAppProtocol object at 0x7fc1200234a8>
2020-06-07T11:47:00-0300 [stdout#info] sem entrada
2020-06-07T11:47:00-0300 [stdout#info] sem saida
2020-06-07T11:47:01-0300 [stdout#info] <applications.accesspointapp.AccessPointAppProtocol object at 0x7fc1200234a8>
2020-06-07T11:47:01-0300 [stdout#info] sem entrada
2020-06-07T11:47:01-0300 [stdout#info] sem saida
2020-06-07T11:47:02-0300 [stdout#info] <applications.accesspointapp.AccessPointAppProtocol object at 0x7fc1200234a8>
2020-06-07T11:47:02-0300 [stdout#info] sem entrada
2020-06-07T11:47:02-0300 [stdout#info] sem saida
2020-06-07T11:47:03-0300 [stdout#info] <applications.accesspointapp.AccessPointAppProtocol object at 0x7fc1200234a8>
2020-06-07T11:47:03-0300 [stdout#info] sem entrada
2020-06-07T11:47:03-0300 [stdout#info] sem saida
2020-06-07T11:47:04-0300 [stdout#info] <applications.accesspointapp.AccessPointAppProtocol object at 0x7fc1200234a8>
2020-06-07T11:47:04-0300 [stdout#info] sem entrada
2020-06-07T11:47:04-0300 [stdout#info] sem saida
2020-06-07T11:47:05-0300 [stdout#info] <applications.accesspointapp.AccessPointAppProtocol object at 0x7fc1200234a8>
2020-06-07T11:47:05-0300 [stdout#info] sem entrada
2020-06-07T11:47:05-0300 [stdout#info] sem saida
2020-06-07T11:47:06-0300 [stdout#info] <applications.accesspointapp.AccessPointAppProtocol object at 0x7fc1200234a8>
2020-06-07T11:47:06-0300 [stdout#info] sem entrada
2020-06-07T11:47:06-0300 [stdout#info] sem saida
2020-06-07T11:47:07-0300 [stdout#info] <applications.accesspointapp.AccessPointAppProtocol object at 0x7fc1200234a8>
2020-06-07T11:47:07-0300 [stdout#info] sem entrada
2020-06-07T11:47:07-0300 [stdout#info] sem saida
2020-06-07T11:47:08-0300 [stdout#info] <applications.accesspointapp.AccessPointAppProtocol object at 0x7fc1200234a8>
2020-06-07T11:47:08-0300 [stdout#info] sem entrada
2020-06-07T11:47:08-0300 [stdout#info] sem saida
2020-06-07T11:47:09-0300 [stdout#info] <applications.accesspointapp.AccessPointAppProtocol object at 0x7fc1200234a8>
2020-06-07T11:47:09-0300 [stdout#info] sem entrada
2020-06-07T11:47:09-0300 [stdout#info] sem saida
2020-06-07T11:47:10-0300 [stdout#info] <applications.accesspointapp.AccessPointAppProtocol object at 0x7fc1200234a8>
2020-06-07T11:47:10-0300 [stdout#info] sem entrada
2020-06-07T11:47:10-0300 [stdout#info] sem saida
2020-06-07T11:47:11-0300 [stdout#info] <applications.accesspointapp.AccessPointAppProtocol object at 0x7fc1200234a8>
2020-06-07T11:47:11-0300 [stdout#info] sem entrada
2020-06-07T11:47:11-0300 [stdout#info] sem saida
2020-06-07T11:47:12-0300 [stdout#info] <applications.accesspointapp.AccessPointAppProtocol object at 0x7fc1200234a8>
2020-06-07T11:47:12-0300 [stdout#info] sem entrada
2020-06-07T11:47:12-0300 [stdout#info] sem saida
2020-06-07T11:47:13-0300 [stdout#info] <applications.accesspointapp.AccessPointAppProtocol object at 0x7fc1200234a8>
2020-06-07T11:47:13-0300 [stdout#info] sem entrada
2020-06-07T11:47:13-0300 [stdout#info] sem saida
2020-06-07T11:47:14-0300 [stdout#info] <applications.accesspointapp.AccessPointAppProtocol object at 0x7fc1200234a8>
2020-06-07T11:47:14-0300 [stdout#info] sem entrada
2020-06-07T11:47:14-0300 [stdout#info] sem saida
2020-06-07T11:47:15-0300 [stdout#info] <applications.accesspointapp.AccessPointAppProtocol object at 0x7fc1200234a8>
2020-06-07T11:47:15-0300 [stdout#info] sem entrada
2020-06-07T11:47:15-0300 [stdout#info] sem saida
2020-06-07T11:47:16-0300 [stdout#info] <applications.accesspointapp.AccessPointAppProtocol object at 0x7fc1200234a8>
2020-06-07T11:47:16-0300 [stdout#info] sem entrada
2020-06-07T11:47:16-0300 [stdout#info] sem saida
2020-06-07T11:47:17-0300 [stdout#info] <applications.accesspointapp.AccessPointAppProtocol object at 0x7fc1200234a8>
2020-06-07T11:47:17-0300 [stdout#info] sem entrada
2020-06-07T11:47:17-0300 [stdout#info] sem saida
2020-06-07T11:47:18-0300 [stdout#info] <applications.accesspointapp.AccessPointAppProtocol object at 0x7fc1200234a8>
2020-06-07T11:47:18-0300 [stdout#info] sem entrada
2020-06-07T11:47:18-0300 [stdout#info] sem saida
2020-06-07T11:47:19-0300 [stdout#info] <applications.accesspointapp.AccessPointAppProtocol object at 0x7fc1200234a8>
2020-06-07T11:47:19-0300 [stdout#info] sem entrada
2020-06-07T11:47:19-0300 [stdout#info] sem saida
2020-06-07T11:47:20-0300 [stdout#info] <applications.accesspointapp.AccessPointAppProtocol object at 0x7fc1200234a8>
2020-06-07T11:47:20-0300 [stdout#info] sem entrada
2020-06-07T11:47:20-0300 [stdout#info] sem saida
2020-06-07T11:47:21-0300 [stdout#info] <applications.accesspointapp.AccessPointAppProtocol object at 0x7fc1200234a8>
2020-06-07T11:47:21-0300 [stdout#info] sem entrada
2020-06-07T11:47:21-0300 [stdout#info] sem saida
2020-06-07T11:47:22-0300 [stdout#info] <applications.accesspointapp.AccessPointAppProtocol object at 0x7fc1200234a8>
2020-06-07T11:47:22-0300 [stdout#info] sem entrada
2020-06-07T11:47:22-0300 [stdout#info] sem saida
2020-06-07T11:47:23-0300 [stdout#info] <applications.accesspointapp.AccessPointAppProtocol object at 0x7fc1200234a8>
2020-06-07T11:47:23-0300 [stdout#info] sem entrada
2020-06-07T11:47:23-0300 [stdout#info] sem saida
2020-06-07T11:47:24-0300 [stdout#info] <applications.accesspointapp.AccessPointAppProtocol object at 0x7fc1200234a8>
2020-06-07T11:47:24-0300 [stdout#info] sem entrada
2020-06-07T11:47:24-0300 [stdout#info] sem saida
2020-06-07T11:47:25-0300 [stdout#info] <applications.accesspointapp.AccessPointAppProtocol object at 0x7fc1200234a8>
2020-06-07T11:47:25-0300 [stdout#info] sem entrada
2020-06-07T11:47:25-0300 [stdout#info] sem saida
2020-06-07T11:47:26-0300 [stdout#info] <applications.accesspointapp.AccessPointAppProtocol object at 0x7fc1200234a8>
2020-06-07T11:47:26-0300 [stdout#info] sem entrada
2020-06-07T11:47:26-0300 [stdout#info] sem saida
2020-06-07T11:47:27-0300 [stdout#info] <applications.accesspointapp.AccessPointAppProtocol object at 0x7fc1200234a8>
2020-06-07T11:47:27-0300 [stdout#info] sem entrada
2020-06-07T11:47:27-0300 [stdout#info] sem saida
2020-06-07T11:47:28-0300 [stdout#info] <applications.accesspointapp.AccessPointAppProtocol object at 0x7fc1200234a8>
2020-06-07T11:47:28-0300 [stdout#info] sem entrada
2020-06-07T11:47:28-0300 [stdout#info] sem saida
2020-06-07T11:47:29-0300 [stdout#info] <applications.accesspointapp.AccessPointAppProtocol object at 0x7fc1200234a8>
2020-06-07T11:47:29-0300 [stdout#info] sem entrada
2020-06-07T11:47:29-0300 [stdout#info] sem saida
2020-06-07T11:47:30-0300 [stdout#info] <applications.accesspointapp.AccessPointAppProtocol object at 0x7fc1200234a8>
2020-06-07T11:47:30-0300 [stdout#info] sem entrada
2020-06-07T11:47:30-0300 [stdout#info] sem saida
2020-06-07T11:47:31-0300 [stdout#info] <applications.accesspointapp.AccessPointAppProtocol object at 0x7fc1200234a8>
2020-06-07T11:47:31-0300 [stdout#info] sem entrada
2020-06-07T11:47:31-0300 [stdout#info] sem saida
2020-06-07T11:47:32-0300 [stdout#info] <applications.accesspointapp.AccessPointAppProtocol object at 0x7fc1200234a8>
2020-06-07T11:47:32-0300 [stdout#info] sem entrada
2020-06-07T11:47:32-0300 [stdout#info] sem saida
2020-06-07T11:47:33-0300 [stdout#info] <applications.accesspointapp.AccessPointAppProtocol object at 0x7fc1200234a8>
2020-06-07T11:47:33-0300 [stdout#info] sem entrada
2020-06-07T11:47:33-0300 [stdout#info] sem saida
2020-06-07T11:47:34-0300 [stdout#info] <applications.accesspointapp.AccessPointAppProtocol object at 0x7fc1200234a8>
2020-06-07T11:47:34-0300 [stdout#info] sem entrada
2020-06-07T11:47:34-0300 [stdout#info] sem saida
2020-06-07T11:47:35-0300 [stdout#info] <applications.accesspointapp.AccessPointAppProtocol object at 0x7fc1200234a8>
2020-06-07T11:47:35-0300 [stdout#info] sem entrada
2020-06-07T11:47:35-0300 [stdout#info] sem saida
2020-06-07T11:47:36-0300 [stdout#info] <applications.accesspointapp.AccessPointAppProtocol object at 0x7fc1200234a8>
2020-06-07T11:47:36-0300 [stdout#info] sem entrada
2020-06-07T11:47:36-0300 [stdout#info] sem saida
2020-06-07T11:47:37-0300 [stdout#info] <applications.accesspointapp.AccessPointAppProtocol object at 0x7fc1200234a8>
2020-06-07T11:47:37-0300 [stdout#info] sem entrada
2020-06-07T11:47:37-0300 [stdout#info] sem saida
2020-06-07T11:47:38-0300 [stdout#info] <applications.accesspointapp.AccessPointAppProtocol object at 0x7fc1200234a8>
2020-06-07T11:47:38-0300 [stdout#info] sem entrada
2020-06-07T11:47:38-0300 [stdout#info] sem saida
2020-06-07T11:47:39-0300 [stdout#info] <applications.accesspointapp.AccessPointAppProtocol object at 0x7fc1200234a8>
2020-06-07T11:47:39-0300 [stdout#info] sem entrada
2020-06-07T11:47:39-0300 [stdout#info] sem saida
2020-06-07T11:47:40-0300 [stdout#info] <applications.accesspointapp.AccessPointAppProtocol object at 0x7fc1200234a8>
2020-06-07T11:47:40-0300 [stdout#info] sem entrada
2020-06-07T11:47:40-0300 [stdout#info] sem saida
2020-06-07T11:47:41-0300 [stdout#info] <applications.accesspointapp.AccessPointAppProtocol object at 0x7fc1200234a8>
2020-06-07T11:47:41-0300 [stdout#info] sem entrada
2020-06-07T11:47:41-0300 [stdout#info] sem saida
2020-06-07T11:47:42-0300 [stdout#info] <applications.accesspointapp.AccessPointAppProtocol object at 0x7fc1200234a8>
2020-06-07T11:47:42-0300 [stdout#info] sem entrada
2020-06-07T11:47:42-0300 [stdout#info] sem saida
2020-06-07T11:47:43-0300 [stdout#info] <applications.accesspointapp.AccessPointAppProtocol object at 0x7fc1200234a8>
2020-06-07T11:47:43-0300 [stdout#info] sem entrada
2020-06-07T11:47:43-0300 [stdout#info] sem saida
2020-06-07T11:47:44-0300 [stdout#info] <applications.accesspointapp.AccessPointAppProtocol object at 0x7fc1200234a8>
2020-06-07T11:47:44-0300 [stdout#info] sem entrada
2020-06-07T11:47:44-0300 [stdout#info] sem saida
2020-06-07T11:47:45-0300 [stdout#info] <applications.accesspointapp.AccessPointAppProtocol object at 0x7fc1200234a8>
2020-06-07T11:47:45-0300 [stdout#info] sem entrada
2020-06-07T11:47:45-0300 [stdout#info] sem saida
2020-06-07T11:47:46-0300 [stdout#info] <applications.accesspointapp.AccessPointAppProtocol object at 0x7fc1200234a8>
2020-06-07T11:47:46-0300 [stdout#info] sem entrada
2020-06-07T11:47:46-0300 [stdout#info] sem saida
2020-06-07T11:47:47-0300 [stdout#info] <applications.accesspointapp.AccessPointAppProtocol object at 0x7fc1200234a8>
2020-06-07T11:47:47-0300 [stdout#info] sem entrada
2020-06-07T11:47:47-0300 [stdout#info] sem saida
2020-06-07T11:47:48-0300 [stdout#info] <applications.accesspointapp.AccessPointAppProtocol object at 0x7fc1200234a8>
2020-06-07T11:47:48-0300 [stdout#info] sem entrada
2020-06-07T11:47:48-0300 [stdout#info] sem saida
2020-06-07T11:47:49-0300 [stdout#info] <applications.accesspointapp.AccessPointAppProtocol object at 0x7fc1200234a8>
2020-06-07T11:47:49-0300 [stdout#info] sem entrada
2020-06-07T11:47:49-0300 [stdout#info] sem saida
2020-06-07T11:47:50-0300 [stdout#info] <applications.accesspointapp.AccessPointAppProtocol object at 0x7fc1200234a8>
2020-06-07T11:47:50-0300 [stdout#info] sem entrada
2020-06-07T11:47:50-0300 [stdout#info] sem saida
2020-06-07T11:47:51-0300 [stdout#info] <applications.accesspointapp.AccessPointAppProtocol object at 0x7fc1200234a8>
2020-06-07T11:47:51-0300 [stdout#info] sem entrada
2020-06-07T11:47:51-0300 [stdout#info] sem saida
2020-06-07T11:47:52-0300 [stdout#info] <applications.accesspointapp.AccessPointAppProtocol object at 0x7fc1200234a8>
2020-06-07T11:47:52-0300 [stdout#info] sem entrada
2020-06-07T11:47:52-0300 [stdout#info] sem saida
2020-06-07T11:47:53-0300 [stdout#info] <applications.accesspointapp.AccessPointAppProtocol object at 0x7fc1200234a8>
2020-06-07T11:47:53-0300 [stdout#info] sem entrada
2020-06-07T11:47:53-0300 [stdout#info] sem saida
2020-06-07T11:47:54-0300 [stdout#info] <applications.accesspointapp.AccessPointAppProtocol object at 0x7fc1200234a8>
2020-06-07T11:47:54-0300 [stdout#info] sem entrada
2020-06-07T11:47:54-0300 [stdout#info] sem saida
2020-06-07T11:47:55-0300 [stdout#info] <applications.accesspointapp.AccessPointAppProtocol object at 0x7fc1200234a8>
2020-06-07T11:47:55-0300 [stdout#info] sem entrada
2020-06-07T11:47:55-0300 [stdout#info] sem saida
2020-06-07T11:47:56-0300 [stdout#info] <applications.accesspointapp.AccessPointAppProtocol object at 0x7fc1200234a8>
2020-06-07T11:47:56-0300 [stdout#info] sem entrada
2020-06-07T11:47:56-0300 [stdout#info] sem saida
2020-06-07T11:47:57-0300 [stdout#info] <applications.accesspointapp.AccessPointAppProtocol object at 0x7fc1200234a8>
2020-06-07T11:47:57-0300 [stdout#info] sem entrada
2020-06-07T11:47:57-0300 [stdout#info] sem saida
2020-06-07T11:47:58-0300 [stdout#info] <applications.accesspointapp.AccessPointAppProtocol object at 0x7fc1200234a8>
2020-06-07T11:47:58-0300 [stdout#info] sem entrada
2020-06-07T11:47:58-0300 [stdout#info] sem saida
2020-06-07T11:47:59-0300 [stdout#info] <applications.accesspointapp.AccessPointAppProtocol object at 0x7fc1200234a8>
2020-06-07T11:47:59-0300 [stdout#info] sem entrada
2020-06-07T11:47:59-0300 [stdout#info] sem saida
2020-06-07T11:48:00-0300 [stdout#info] <applications.accesspointapp.AccessPointAppProtocol object at 0x7fc1200234a8>
2020-06-07T11:48:00-0300 [stdout#info] sem entrada
2020-06-07T11:48:00-0300 [stdout#info] sem saida
2020-06-07T11:48:01-0300 [stdout#info] <applications.accesspointapp.AccessPointAppProtocol object at 0x7fc1200234a8>
2020-06-07T11:48:01-0300 [stdout#info] sem entrada
2020-06-07T11:48:01-0300 [stdout#info] sem saida
2020-06-07T11:48:02-0300 [stdout#info] <applications.accesspointapp.AccessPointAppProtocol object at 0x7fc1200234a8>
2020-06-07T11:48:02-0300 [stdout#info] sem entrada
2020-06-07T11:48:02-0300 [stdout#info] sem saida
2020-06-07T11:48:03-0300 [stdout#info] <applications.accesspointapp.AccessPointAppProtocol object at 0x7fc1200234a8>
2020-06-07T11:48:03-0300 [stdout#info] sem entrada
2020-06-07T11:48:03-0300 [stdout#info] sem saida
2020-06-07T11:48:04-0300 [stdout#info] <applications.accesspointapp.AccessPointAppProtocol object at 0x7fc1200234a8>
2020-06-07T11:48:04-0300 [stdout#info] sem entrada
2020-06-07T11:48:04-0300 [stdout#info] sem saida
2020-06-07T11:48:05-0300 [stdout#info] <applications.accesspointapp.AccessPointAppProtocol object at 0x7fc1200234a8>
2020-06-07T11:48:05-0300 [stdout#info] sem entrada
2020-06-07T11:48:05-0300 [stdout#info] sem saida
2020-06-07T11:48:06-0300 [stdout#info] <applications.accesspointapp.AccessPointAppProtocol object at 0x7fc1200234a8>
2020-06-07T11:48:06-0300 [stdout#info] sem entrada
2020-06-07T11:48:06-0300 [stdout#info] sem saida
2020-06-07T11:48:07-0300 [stdout#info] <applications.accesspointapp.AccessPointAppProtocol object at 0x7fc1200234a8>
2020-06-07T11:48:07-0300 [stdout#info] sem entrada
2020-06-07T11:48:07-0300 [stdout#info] sem saida
2020-06-07T11:48:08-0300 [stdout#info] <applications.accesspointapp.AccessPointAppProtocol object at 0x7fc1200234a8>
2020-06-07T11:48:08-0300 [stdout#info] sem entrada
2020-06-07T11:48:08-0300 [stdout#info] sem saida
2020-06-07T11:48:09-0300 [stdout#info] <applications.accesspointapp.AccessPointAppProtocol object at 0x7fc1200234a8>
2020-06-07T11:48:09-0300 [stdout#info] sem entrada
2020-06-07T11:48:09-0300 [stdout#info] sem saida
2020-06-07T11:48:10-0300 [stdout#info] <applications.accesspointapp.AccessPointAppProtocol object at 0x7fc1200234a8>
2020-06-07T11:48:10-0300 [stdout#info] sem entrada
2020-06-07T11:48:10-0300 [stdout#info] sem saida
2020-06-07T11:48:11-0300 [stdout#info] <applications.accesspointapp.AccessPointAppProtocol object at 0x7fc1200234a8>
2020-06-07T11:48:11-0300 [stdout#info] sem entrada
2020-06-07T11:48:11-0300 [stdout#info] sem saida
2020-06-07T11:48:12-0300 [stdout#info] <applications.accesspointapp.AccessPointAppProtocol object at 0x7fc1200234a8>
2020-06-07T11:48:12-0300 [stdout#info] sem entrada
2020-06-07T11:48:12-0300 [stdout#info] sem saida
2020-06-07T11:48:13-0300 [stdout#info] <applications.accesspointapp.AccessPointAppProtocol object at 0x7fc1200234a8>
2020-06-07T11:48:13-0300 [stdout#info] sem entrada
2020-06-07T11:48:13-0300 [stdout#info] sem saida
2020-06-07T11:48:14-0300 [stdout#info] <applications.accesspointapp.AccessPointAppProtocol object at 0x7fc1200234a8>
2020-06-07T11:48:14-0300 [stdout#info] sem entrada
2020-06-07T11:48:14-0300 [stdout#info] sem saida
2020-06-07T11:48:15-0300 [stdout#info] <applications.accesspointapp.AccessPointAppProtocol object at 0x7fc1200234a8>
2020-06-07T11:48:15-0300 [stdout#info] sem entrada
2020-06-07T11:48:15-0300 [stdout#info] sem saida
2020-06-07T11:48:16-0300 [stdout#info] <applications.accesspointapp.AccessPointAppProtocol object at 0x7fc1200234a8>
2020-06-07T11:48:16-0300 [stdout#info] sem entrada
2020-06-07T11:48:16-0300 [stdout#info] sem saida
2020-06-07T11:48:17-0300 [stdout#info] <applications.accesspointapp.AccessPointAppProtocol object at 0x7fc1200234a8>
2020-06-07T11:48:17-0300 [stdout#info] sem entrada
2020-06-07T11:48:17-0300 [stdout#info] sem saida
2020-06-07T11:48:18-0300 [stdout#info] <applications.accesspointapp.AccessPointAppProtocol object at 0x7fc1200234a8>
2020-06-07T11:48:18-0300 [stdout#info] sem entrada
2020-06-07T11:48:18-0300 [stdout#info] sem saida
2020-06-07T11:48:19-0300 [stdout#info] <applications.accesspointapp.AccessPointAppProtocol object at 0x7fc1200234a8>
2020-06-07T11:48:19-0300 [stdout#info] sem entrada
2020-06-07T11:48:19-0300 [stdout#info] sem saida
2020-06-07T11:48:20-0300 [stdout#info] <applications.accesspointapp.AccessPointAppProtocol object at 0x7fc1200234a8>
2020-06-07T11:48:20-0300 [stdout#info] sem entrada
2020-06-07T11:48:20-0300 [stdout#info] sem saida
2020-06-07T11:48:21-0300 [stdout#info] <applications.accesspointapp.AccessPointAppProtocol object at 0x7fc1200234a8>
2020-06-07T11:48:21-0300 [stdout#info] sem entrada
2020-06-07T11:48:21-0300 [stdout#info] sem saida
2020-06-07T11:48:22-0300 [stdout#info] <applications.accesspointapp.AccessPointAppProtocol object at 0x7fc1200234a8>
2020-06-07T11:48:22-0300 [stdout#info] sem entrada
2020-06-07T11:48:22-0300 [stdout#info] sem saida
2020-06-07T11:48:23-0300 [stdout#info] <applications.accesspointapp.AccessPointAppProtocol object at 0x7fc1200234a8>
2020-06-07T11:48:23-0300 [stdout#info] sem entrada
2020-06-07T11:48:23-0300 [stdout#info] sem saida
2020-06-07T11:48:24-0300 [stdout#info] <applications.accesspointapp.AccessPointAppProtocol object at 0x7fc1200234a8>
2020-06-07T11:48:24-0300 [stdout#info] sem entrada
2020-06-07T11:48:24-0300 [stdout#info] sem saida
2020-06-07T11:48:25-0300 [stdout#info] <applications.accesspointapp.AccessPointAppProtocol object at 0x7fc1200234a8>
2020-06-07T11:48:25-0300 [stdout#info] sem entrada
2020-06-07T11:48:25-0300 [stdout#info] sem saida
2020-06-07T11:48:26-0300 [stdout#info] <applications.accesspointapp.AccessPointAppProtocol object at 0x7fc1200234a8>
2020-06-07T11:48:26-0300 [stdout#info] sem entrada
2020-06-07T11:48:26-0300 [stdout#info] sem saida
2020-06-07T11:48:27-0300 [stdout#info] <applications.accesspointapp.AccessPointAppProtocol object at 0x7fc1200234a8>
2020-06-07T11:48:27-0300 [stdout#info] sem entrada
2020-06-07T11:48:27-0300 [stdout#info] sem saida
2020-06-07T11:48:28-0300 [stdout#info] <applications.accesspointapp.AccessPointAppProtocol object at 0x7fc1200234a8>
2020-06-07T11:48:28-0300 [stdout#info] sem entrada
2020-06-07T11:48:28-0300 [stdout#info] sem saida
2020-06-07T11:48:29-0300 [stdout#info] <applications.accesspointapp.AccessPointAppProtocol object at 0x7fc1200234a8>
2020-06-07T11:48:29-0300 [stdout#info] sem entrada
2020-06-07T11:48:29-0300 [stdout#info] sem saida
2020-06-07T11:48:30-0300 [stdout#info] <applications.accesspointapp.AccessPointAppProtocol object at 0x7fc1200234a8>
2020-06-07T11:48:30-0300 [stdout#info] sem entrada
2020-06-07T11:48:30-0300 [stdout#info] sem saida
2020-06-07T11:48:31-0300 [stdout#info] <applications.accesspointapp.AccessPointAppProtocol object at 0x7fc1200234a8>
2020-06-07T11:48:31-0300 [stdout#info] sem entrada
2020-06-07T11:48:31-0300 [stdout#info] sem saida
2020-06-07T11:48:32-0300 [stdout#info] <applications.accesspointapp.AccessPointAppProtocol object at 0x7fc1200234a8>
2020-06-07T11:48:32-0300 [stdout#info] sem entrada
2020-06-07T11:48:32-0300 [stdout#info] sem saida
2020-06-07T11:48:33-0300 [stdout#info] <applications.accesspointapp.AccessPointAppProtocol object at 0x7fc1200234a8>
2020-06-07T11:48:33-0300 [stdout#info] sem entrada
2020-06-07T11:48:33-0300 [stdout#info] sem saida
2020-06-07T11:48:34-0300 [stdout#info] <applications.accesspointapp.AccessPointAppProtocol object at 0x7fc1200234a8>
2020-06-07T11:48:34-0300 [stdout#info] sem entrada
2020-06-07T11:48:34-0300 [stdout#info] sem saida
2020-06-07T11:48:35-0300 [stdout#info] <applications.accesspointapp.AccessPointAppProtocol object at 0x7fc1200234a8>
2020-06-07T11:48:35-0300 [stdout#info] sem entrada
2020-06-07T11:48:35-0300 [stdout#info] sem saida
2020-06-07T11:48:36-0300 [stdout#info] <applications.accesspointapp.AccessPointAppProtocol object at 0x7fc1200234a8>
2020-06-07T11:48:36-0300 [stdout#info] sem entrada
2020-06-07T11:48:36-0300 [stdout#info] sem saida
2020-06-07T11:48:37-0300 [stdout#info] <applications.accesspointapp.AccessPointAppProtocol object at 0x7fc1200234a8>
2020-06-07T11:48:37-0300 [stdout#info] sem entrada
2020-06-07T11:48:37-0300 [stdout#info] sem saida
2020-06-07T11:48:38-0300 [stdout#info] <applications.accesspointapp.AccessPointAppProtocol object at 0x7fc1200234a8>
2020-06-07T11:48:38-0300 [stdout#info] sem entrada
2020-06-07T11:48:38-0300 [stdout#info] sem saida
2020-06-07T11:48:39-0300 [stdout#info] <applications.accesspointapp.AccessPointAppProtocol object at 0x7fc1200234a8>
2020-06-07T11:48:39-0300 [stdout#info] sem entrada
2020-06-07T11:48:39-0300 [stdout#info] sem saida
2020-06-07T11:48:40-0300 [stdout#info] <applications.accesspointapp.AccessPointAppProtocol object at 0x7fc1200234a8>
2020-06-07T11:48:40-0300 [stdout#info] sem entrada
2020-06-07T11:48:40-0300 [stdout#info] sem saida
2020-06-07T11:48:41-0300 [stdout#info] <applications.accesspointapp.AccessPointAppProtocol object at 0x7fc1200234a8>
2020-06-07T11:48:41-0300 [stdout#info] sem entrada
2020-06-07T11:48:41-0300 [stdout#info] sem saida
2020-06-07T11:48:42-0300 [stdout#info] <applications.accesspointapp.AccessPointAppProtocol object at 0x7fc1200234a8>
2020-06-07T11:48:42-0300 [stdout#info] sem entrada
2020-06-07T11:48:42-0300 [stdout#info] sem saida
2020-06-07T11:48:43-0300 [stdout#info] <applications.accesspointapp.AccessPointAppProtocol object at 0x7fc1200234a8>
2020-06-07T11:48:43-0300 [stdout#info] sem entrada
2020-06-07T11:48:43-0300 [stdout#info] sem saida
2020-06-07T11:48:44-0300 [stdout#info] <applications.accesspointapp.AccessPointAppProtocol object at 0x7fc1200234a8>
2020-06-07T11:48:44-0300 [stdout#info] sem entrada
2020-06-07T11:48:44-0300 [stdout#info] sem saida
2020-06-07T11:48:45-0300 [stdout#info] <applications.accesspointapp.AccessPointAppProtocol object at 0x7fc1200234a8>
2020-06-07T11:48:45-0300 [stdout#info] sem entrada
2020-06-07T11:48:45-0300 [stdout#info] sem saida
2020-06-07T11:48:46-0300 [stdout#info] <applications.accesspointapp.AccessPointAppProtocol object at 0x7fc1200234a8>
2020-06-07T11:48:46-0300 [stdout#info] sem entrada
2020-06-07T11:48:46-0300 [stdout#info] sem saida
2020-06-07T11:48:47-0300 [stdout#info] <applications.accesspointapp.AccessPointAppProtocol object at 0x7fc1200234a8>
2020-06-07T11:48:47-0300 [stdout#info] sem entrada
2020-06-07T11:48:47-0300 [stdout#info] sem saida
2020-06-07T11:48:48-0300 [stdout#info] <applications.accesspointapp.AccessPointAppProtocol object at 0x7fc1200234a8>
2020-06-07T11:48:48-0300 [stdout#info] sem entrada
2020-06-07T11:48:48-0300 [stdout#info] sem saida
2020-06-07T11:48:49-0300 [stdout#info] <applications.accesspointapp.AccessPointAppProtocol object at 0x7fc1200234a8>
2020-06-07T11:48:49-0300 [stdout#info] sem entrada
2020-06-07T11:48:49-0300 [stdout#info] sem saida
2020-06-07T11:48:50-0300 [stdout#info] <applications.accesspointapp.AccessPointAppProtocol object at 0x7fc1200234a8>
2020-06-07T11:48:50-0300 [stdout#info] sem entrada
2020-06-07T11:48:50-0300 [stdout#info] sem saida
2020-06-07T11:48:51-0300 [stdout#info] <applications.accesspointapp.AccessPointAppProtocol object at 0x7fc1200234a8>
2020-06-07T11:48:51-0300 [stdout#info] sem entrada
2020-06-07T11:48:51-0300 [stdout#info] sem saida
2020-06-07T11:48:52-0300 [stdout#info] <applications.accesspointapp.AccessPointAppProtocol object at 0x7fc1200234a8>
2020-06-07T11:48:52-0300 [stdout#info] sem entrada
2020-06-07T11:48:52-0300 [stdout#info] sem saida
2020-06-07T11:48:53-0300 [stdout#info] <applications.accesspointapp.AccessPointAppProtocol object at 0x7fc1200234a8>
2020-06-07T11:48:53-0300 [stdout#info] sem entrada
2020-06-07T11:48:53-0300 [stdout#info] sem saida
2020-06-07T11:48:54-0300 [stdout#info] <applications.accesspointapp.AccessPointAppProtocol object at 0x7fc1200234a8>
2020-06-07T11:48:54-0300 [stdout#info] sem entrada
2020-06-07T11:48:54-0300 [stdout#info] sem saida
2020-06-07T11:48:55-0300 [stdout#info] <applications.accesspointapp.AccessPointAppProtocol object at 0x7fc1200234a8>
2020-06-07T11:48:55-0300 [stdout#info] sem entrada
2020-06-07T11:48:55-0300 [stdout#info] sem saida
2020-06-07T11:48:56-0300 [stdout#info] <applications.accesspointapp.AccessPointAppProtocol object at 0x7fc1200234a8>
2020-06-07T11:48:56-0300 [stdout#info] sem entrada
2020-06-07T11:48:56-0300 [stdout#info] sem saida
2020-06-07T11:48:57-0300 [stdout#info] <applications.accesspointapp.AccessPointAppProtocol object at 0x7fc1200234a8>
2020-06-07T11:48:57-0300 [stdout#info] sem entrada
2020-06-07T11:48:57-0300 [stdout#info] sem saida
2020-06-07T11:48:58-0300 [stdout#info] <applications.accesspointapp.AccessPointAppProtocol object at 0x7fc1200234a8>
2020-06-07T11:48:58-0300 [stdout#info] sem entrada
2020-06-07T11:48:58-0300 [stdout#info] sem saida
2020-06-07T11:48:59-0300 [stdout#info] <applications.accesspointapp.AccessPointAppProtocol object at 0x7fc1200234a8>
2020-06-07T11:48:59-0300 [stdout#info] sem entrada
2020-06-07T11:48:59-0300 [stdout#info] sem saida
2020-06-07T11:49:00-0300 [stdout#info] <applications.accesspointapp.AccessPointAppProtocol object at 0x7fc1200234a8>
2020-06-07T11:49:00-0300 [stdout#info] sem entrada
2020-06-07T11:49:00-0300 [stdout#info] sem saida
2020-06-07T11:49:01-0300 [stdout#info] <applications.accesspointapp.AccessPointAppProtocol object at 0x7fc1200234a8>
2020-06-07T11:49:01-0300 [stdout#info] sem entrada
2020-06-07T11:49:01-0300 [stdout#info] sem saida
2020-06-07T11:49:02-0300 [stdout#info] <applications.accesspointapp.AccessPointAppProtocol object at 0x7fc1200234a8>
2020-06-07T11:49:02-0300 [stdout#info] sem entrada
2020-06-07T11:49:02-0300 [stdout#info] sem saida
2020-06-07T11:49:03-0300 [stdout#info] <applications.accesspointapp.AccessPointAppProtocol object at 0x7fc1200234a8>
2020-06-07T11:49:03-0300 [stdout#info] sem entrada
2020-06-07T11:49:03-0300 [stdout#info] sem saida
2020-06-07T11:49:04-0300 [stdout#info] <applications.accesspointapp.AccessPointAppProtocol object at 0x7fc1200234a8>
2020-06-07T11:49:04-0300 [stdout#info] sem entrada
2020-06-07T11:49:04-0300 [stdout#info] sem saida
2020-06-07T11:49:05-0300 [stdout#info] <applications.accesspointapp.AccessPointAppProtocol object at 0x7fc1200234a8>
2020-06-07T11:49:05-0300 [stdout#info] sem entrada
2020-06-07T11:49:05-0300 [stdout#info] sem saida
2020-06-07T11:49:06-0300 [stdout#info] <applications.accesspointapp.AccessPointAppProtocol object at 0x7fc1200234a8>
2020-06-07T11:49:06-0300 [stdout#info] sem entrada
2020-06-07T11:49:06-0300 [stdout#info] sem saida
2020-06-07T11:49:07-0300 [stdout#info] <applications.accesspointapp.AccessPointAppProtocol object at 0x7fc1200234a8>
2020-06-07T11:49:07-0300 [stdout#info] sem entrada
2020-06-07T11:49:07-0300 [stdout#info] sem saida
2020-06-07T11:49:08-0300 [stdout#info] <applications.accesspointapp.AccessPointAppProtocol object at 0x7fc1200234a8>
2020-06-07T11:49:08-0300 [stdout#info] sem entrada
2020-06-07T11:49:08-0300 [stdout#info] sem saida
2020-06-07T11:49:09-0300 [stdout#info] <applications.accesspointapp.AccessPointAppProtocol object at 0x7fc1200234a8>
2020-06-07T11:49:09-0300 [stdout#info] sem entrada
2020-06-07T11:49:09-0300 [stdout#info] sem saida
2020-06-07T11:49:10-0300 [stdout#info] <applications.accesspointapp.AccessPointAppProtocol object at 0x7fc1200234a8>
2020-06-07T11:49:10-0300 [stdout#info] sem entrada
2020-06-07T11:49:10-0300 [stdout#info] sem saida
2020-06-07T11:49:11-0300 [stdout#info] <applications.accesspointapp.AccessPointAppProtocol object at 0x7fc1200234a8>
2020-06-07T11:49:11-0300 [stdout#info] sem entrada
2020-06-07T11:49:11-0300 [stdout#info] sem saida
2020-06-07T11:49:12-0300 [stdout#info] <applications.accesspointapp.AccessPointAppProtocol object at 0x7fc1200234a8>
2020-06-07T11:49:12-0300 [stdout#info] sem entrada
2020-06-07T11:49:12-0300 [stdout#info] sem saida
2020-06-07T11:49:13-0300 [stdout#info] <applications.accesspointapp.AccessPointAppProtocol object at 0x7fc1200234a8>
2020-06-07T11:49:13-0300 [stdout#info] sem entrada
2020-06-07T11:49:13-0300 [stdout#info] sem saida
2020-06-07T11:49:14-0300 [stdout#info] <applications.accesspointapp.AccessPointAppProtocol object at 0x7fc1200234a8>
2020-06-07T11:49:14-0300 [stdout#info] sem entrada
2020-06-07T11:49:14-0300 [stdout#info] sem saida
2020-06-07T11:49:15-0300 [stdout#info] <applications.accesspointapp.AccessPointAppProtocol object at 0x7fc1200234a8>
2020-06-07T11:49:15-0300 [stdout#info] sem entrada
2020-06-07T11:49:15-0300 [stdout#info] sem saida
2020-06-07T11:49:16-0300 [stdout#info] <applications.accesspointapp.AccessPointAppProtocol object at 0x7fc1200234a8>
2020-06-07T11:49:16-0300 [stdout#info] sem entrada
2020-06-07T11:49:16-0300 [stdout#info] sem saida
2020-06-07T11:49:17-0300 [stdout#info] <applications.accesspointapp.AccessPointAppProtocol object at 0x7fc1200234a8>
2020-06-07T11:49:17-0300 [stdout#info] sem entrada
2020-06-07T11:49:17-0300 [stdout#info] sem saida
2020-06-07T11:49:18-0300 [stdout#info] <applications.accesspointapp.AccessPointAppProtocol object at 0x7fc1200234a8>
2020-06-07T11:49:18-0300 [stdout#info] sem entrada
2020-06-07T11:49:18-0300 [stdout#info] sem saida
2020-06-07T11:49:19-0300 [stdout#info] <applications.accesspointapp.AccessPointAppProtocol object at 0x7fc1200234a8>
2020-06-07T11:49:19-0300 [stdout#info] sem entrada
2020-06-07T11:49:19-0300 [stdout#info] sem saida
2020-06-07T11:49:20-0300 [stdout#info] <applications.accesspointapp.AccessPointAppProtocol object at 0x7fc1200234a8>
2020-06-07T11:49:20-0300 [stdout#info] sem entrada
2020-06-07T11:49:20-0300 [stdout#info] sem saida
2020-06-07T11:49:21-0300 [stdout#info] <applications.accesspointapp.AccessPointAppProtocol object at 0x7fc1200234a8>
2020-06-07T11:49:21-0300 [stdout#info] sem entrada
2020-06-07T11:49:21-0300 [stdout#info] sem saida
2020-06-07T11:49:22-0300 [stdout#info] <applications.accesspointapp.AccessPointAppProtocol object at 0x7fc1200234a8>
2020-06-07T11:49:22-0300 [stdout#info] sem entrada
2020-06-07T11:49:22-0300 [stdout#info] sem saida
2020-06-07T11:49:23-0300 [stdout#info] <applications.accesspointapp.AccessPointAppProtocol object at 0x7fc1200234a8>
2020-06-07T11:49:23-0300 [stdout#info] sem entrada
2020-06-07T11:49:23-0300 [stdout#info] sem saida
2020-06-07T11:49:24-0300 [stdout#info] <applications.accesspointapp.AccessPointAppProtocol object at 0x7fc1200234a8>
2020-06-07T11:49:24-0300 [stdout#info] sem entrada
2020-06-07T11:49:24-0300 [stdout#info] sem saida
2020-06-07T11:49:25-0300 [stdout#info] <applications.accesspointapp.AccessPointAppProtocol object at 0x7fc1200234a8>
2020-06-07T11:49:25-0300 [stdout#info] sem entrada
2020-06-07T11:49:25-0300 [stdout#info] sem saida
2020-06-07T11:49:26-0300 [stdout#info] <applications.accesspointapp.AccessPointAppProtocol object at 0x7fc1200234a8>
2020-06-07T11:49:26-0300 [stdout#info] sem entrada
2020-06-07T11:49:26-0300 [stdout#info] sem saida
2020-06-07T11:49:27-0300 [stdout#info] <applications.accesspointapp.AccessPointAppProtocol object at 0x7fc1200234a8>
2020-06-07T11:49:27-0300 [stdout#info] sem entrada
2020-06-07T11:49:27-0300 [stdout#info] sem saida
2020-06-07T11:49:28-0300 [stdout#info] <applications.accesspointapp.AccessPointAppProtocol object at 0x7fc1200234a8>
2020-06-07T11:49:28-0300 [stdout#info] sem entrada
2020-06-07T11:49:28-0300 [stdout#info] sem saida
2020-06-07T11:49:29-0300 [stdout#info] <applications.accesspointapp.AccessPointAppProtocol object at 0x7fc1200234a8>
2020-06-07T11:49:29-0300 [stdout#info] sem entrada
2020-06-07T11:49:29-0300 [stdout#info] sem saida
2020-06-07T11:49:30-0300 [stdout#info] <applications.accesspointapp.AccessPointAppProtocol object at 0x7fc1200234a8>
2020-06-07T11:49:30-0300 [stdout#info] sem entrada
2020-06-07T11:49:30-0300 [stdout#info] sem saida
2020-06-07T11:49:31-0300 [stdout#info] <applications.accesspointapp.AccessPointAppProtocol object at 0x7fc1200234a8>
2020-06-07T11:49:31-0300 [stdout#info] sem entrada
2020-06-07T11:49:31-0300 [stdout#info] sem saida
2020-06-07T11:49:32-0300 [stdout#info] <applications.accesspointapp.AccessPointAppProtocol object at 0x7fc1200234a8>
2020-06-07T11:49:32-0300 [stdout#info] sem entrada
2020-06-07T11:49:32-0300 [stdout#info] sem saida
2020-06-07T11:49:33-0300 [stdout#info] <applications.accesspointapp.AccessPointAppProtocol object at 0x7fc1200234a8>
2020-06-07T11:49:33-0300 [stdout#info] sem entrada
2020-06-07T11:49:33-0300 [stdout#info] sem saida
2020-06-07T11:49:34-0300 [stdout#info] <applications.accesspointapp.AccessPointAppProtocol object at 0x7fc1200234a8>
2020-06-07T11:49:34-0300 [stdout#info] sem entrada
2020-06-07T11:49:34-0300 [stdout#info] sem saida
2020-06-07T11:49:35-0300 [stdout#info] <applications.accesspointapp.AccessPointAppProtocol object at 0x7fc1200234a8>
2020-06-07T11:49:35-0300 [stdout#info] sem entrada
2020-06-07T11:49:35-0300 [stdout#info] sem saida
2020-06-07T11:49:36-0300 [stdout#info] <applications.accesspointapp.AccessPointAppProtocol object at 0x7fc1200234a8>
2020-06-07T11:49:36-0300 [stdout#info] sem entrada
2020-06-07T11:49:36-0300 [stdout#info] sem saida
2020-06-07T11:49:37-0300 [stdout#info] <applications.accesspointapp.AccessPointAppProtocol object at 0x7fc1200234a8>
2020-06-07T11:49:37-0300 [stdout#info] sem entrada
2020-06-07T11:49:37-0300 [stdout#info] sem saida
2020-06-07T11:49:38-0300 [stdout#info] <applications.accesspointapp.AccessPointAppProtocol object at 0x7fc1200234a8>
2020-06-07T11:49:38-0300 [stdout#info] sem entrada
2020-06-07T11:49:38-0300 [stdout#info] sem saida
2020-06-07T11:49:39-0300 [stdout#info] <applications.accesspointapp.AccessPointAppProtocol object at 0x7fc1200234a8>
2020-06-07T11:49:39-0300 [stdout#info] sem entrada
2020-06-07T11:49:39-0300 [stdout#info] sem saida
2020-06-07T11:49:40-0300 [stdout#info] <applications.accesspointapp.AccessPointAppProtocol object at 0x7fc1200234a8>
2020-06-07T11:49:40-0300 [stdout#info] sem entrada
2020-06-07T11:49:40-0300 [stdout#info] sem saida
2020-06-07T11:49:41-0300 [stdout#info] <applications.accesspointapp.AccessPointAppProtocol object at 0x7fc1200234a8>
2020-06-07T11:49:41-0300 [stdout#info] sem entrada
2020-06-07T11:49:41-0300 [stdout#info] sem saida
2020-06-07T11:49:42-0300 [stdout#info] <applications.accesspointapp.AccessPointAppProtocol object at 0x7fc1200234a8>
2020-06-07T11:49:42-0300 [stdout#info] sem entrada
2020-06-07T11:49:42-0300 [stdout#info] sem saida
2020-06-07T11:49:43-0300 [stdout#info] <applications.accesspointapp.AccessPointAppProtocol object at 0x7fc1200234a8>
2020-06-07T11:49:43-0300 [stdout#info] sem entrada
2020-06-07T11:49:43-0300 [stdout#info] sem saida
2020-06-07T11:49:44-0300 [stdout#info] <applications.accesspointapp.AccessPointAppProtocol object at 0x7fc1200234a8>
2020-06-07T11:49:44-0300 [stdout#info] sem entrada
2020-06-07T11:49:44-0300 [stdout#info] sem saida
2020-06-07T11:49:45-0300 [stdout#info] <applications.accesspointapp.AccessPointAppProtocol object at 0x7fc1200234a8>
2020-06-07T11:49:45-0300 [stdout#info] sem entrada
2020-06-07T11:49:45-0300 [stdout#info] sem saida
2020-06-07T11:49:47-0300 [stdout#info] <applications.accesspointapp.AccessPointAppProtocol object at 0x7fc1200234a8>
2020-06-07T11:49:47-0300 [stdout#info] sem entrada
2020-06-07T11:49:47-0300 [stdout#info] sem saida
2020-06-07T11:49:48-0300 [stdout#info] <applications.accesspointapp.AccessPointAppProtocol object at 0x7fc1200234a8>
2020-06-07T11:49:48-0300 [stdout#info] sem entrada
2020-06-07T11:49:48-0300 [stdout#info] sem saida
2020-06-07T11:49:49-0300 [stdout#info] <applications.accesspointapp.AccessPointAppProtocol object at 0x7fc1200234a8>
2020-06-07T11:49:49-0300 [stdout#info] sem entrada
2020-06-07T11:49:49-0300 [stdout#info] sem saida
2020-06-07T11:49:50-0300 [stdout#info] <applications.accesspointapp.AccessPointAppProtocol object at 0x7fc1200234a8>
2020-06-07T11:49:50-0300 [stdout#info] sem entrada
2020-06-07T11:49:50-0300 [stdout#info] sem saida
2020-06-07T11:49:51-0300 [stdout#info] <applications.accesspointapp.AccessPointAppProtocol object at 0x7fc1200234a8>
2020-06-07T11:49:51-0300 [stdout#info] sem entrada
2020-06-07T11:49:51-0300 [stdout#info] sem saida
2020-06-07T11:49:52-0300 [stdout#info] <applications.accesspointapp.AccessPointAppProtocol object at 0x7fc1200234a8>
2020-06-07T11:49:52-0300 [stdout#info] sem entrada
2020-06-07T11:49:52-0300 [stdout#info] sem saida
2020-06-07T11:49:53-0300 [stdout#info] <applications.accesspointapp.AccessPointAppProtocol object at 0x7fc1200234a8>
2020-06-07T11:49:53-0300 [stdout#info] sem entrada
2020-06-07T11:49:53-0300 [stdout#info] sem saida
2020-06-07T11:49:54-0300 [stdout#info] <applications.accesspointapp.AccessPointAppProtocol object at 0x7fc1200234a8>
2020-06-07T11:49:54-0300 [stdout#info] sem entrada
2020-06-07T11:49:54-0300 [stdout#info] sem saida
2020-06-07T11:49:55-0300 [stdout#info] <applications.accesspointapp.AccessPointAppProtocol object at 0x7fc1200234a8>
2020-06-07T11:49:55-0300 [stdout#info] sem entrada
2020-06-07T11:49:55-0300 [stdout#info] sem saida
2020-06-07T11:49:56-0300 [stdout#info] <applications.accesspointapp.AccessPointAppProtocol object at 0x7fc1200234a8>
2020-06-07T11:49:56-0300 [stdout#info] sem entrada
2020-06-07T11:49:56-0300 [stdout#info] sem saida
2020-06-07T11:49:57-0300 [stdout#info] <applications.accesspointapp.AccessPointAppProtocol object at 0x7fc1200234a8>
2020-06-07T11:49:57-0300 [stdout#info] sem entrada
2020-06-07T11:49:57-0300 [stdout#info] sem saida
2020-06-07T11:49:58-0300 [stdout#info] <applications.accesspointapp.AccessPointAppProtocol object at 0x7fc1200234a8>
2020-06-07T11:49:58-0300 [stdout#info] sem entrada
2020-06-07T11:49:58-0300 [stdout#info] sem saida
2020-06-07T11:49:59-0300 [stdout#info] <applications.accesspointapp.AccessPointAppProtocol object at 0x7fc1200234a8>
2020-06-07T11:49:59-0300 [stdout#info] sem entrada
2020-06-07T11:49:59-0300 [stdout#info] sem saida
2020-06-07T11:50:00-0300 [stdout#info] <applications.accesspointapp.AccessPointAppProtocol object at 0x7fc1200234a8>
2020-06-07T11:50:00-0300 [stdout#info] sem entrada
2020-06-07T11:50:00-0300 [stdout#info] sem saida
2020-06-07T11:50:01-0300 [stdout#info] <applications.accesspointapp.AccessPointAppProtocol object at 0x7fc1200234a8>
2020-06-07T11:50:01-0300 [stdout#info] sem entrada
2020-06-07T11:50:01-0300 [stdout#info] sem saida
2020-06-07T11:50:02-0300 [stdout#info] <applications.accesspointapp.AccessPointAppProtocol object at 0x7fc1200234a8>
2020-06-07T11:50:02-0300 [stdout#info] sem entrada
2020-06-07T11:50:02-0300 [stdout#info] sem saida
2020-06-07T11:50:03-0300 [stdout#info] <applications.accesspointapp.AccessPointAppProtocol object at 0x7fc1200234a8>
2020-06-07T11:50:03-0300 [stdout#info] sem entrada
2020-06-07T11:50:03-0300 [stdout#info] sem saida
2020-06-07T11:50:04-0300 [stdout#info] <applications.accesspointapp.AccessPointAppProtocol object at 0x7fc1200234a8>
2020-06-07T11:50:04-0300 [stdout#info] sem entrada
2020-06-07T11:50:04-0300 [stdout#info] sem saida
2020-06-07T11:50:05-0300 [stdout#info] <applications.accesspointapp.AccessPointAppProtocol object at 0x7fc1200234a8>
2020-06-07T11:50:05-0300 [stdout#info] sem entrada
2020-06-07T11:50:05-0300 [stdout#info] sem saida
2020-06-07T11:50:06-0300 [stdout#info] <applications.accesspointapp.AccessPointAppProtocol object at 0x7fc1200234a8>
2020-06-07T11:50:06-0300 [stdout#info] sem entrada
2020-06-07T11:50:06-0300 [stdout#info] sem saida
2020-06-07T11:50:07-0300 [stdout#info] <applications.accesspointapp.AccessPointAppProtocol object at 0x7fc1200234a8>
2020-06-07T11:50:07-0300 [stdout#info] sem entrada
2020-06-07T11:50:07-0300 [stdout#info] sem saida
2020-06-07T11:50:08-0300 [stdout#info] <applications.accesspointapp.AccessPointAppProtocol object at 0x7fc1200234a8>
2020-06-07T11:50:08-0300 [stdout#info] sem entrada
2020-06-07T11:50:08-0300 [stdout#info] sem saida
2020-06-07T11:50:09-0300 [stdout#info] <applications.accesspointapp.AccessPointAppProtocol object at 0x7fc1200234a8>
2020-06-07T11:50:09-0300 [stdout#info] sem entrada
2020-06-07T11:50:09-0300 [stdout#info] sem saida
2020-06-07T11:50:10-0300 [stdout#info] <applications.accesspointapp.AccessPointAppProtocol object at 0x7fc1200234a8>
2020-06-07T11:50:10-0300 [stdout#info] sem entrada
2020-06-07T11:50:10-0300 [stdout#info] sem saida
2020-06-07T11:50:11-0300 [stdout#info] <applications.accesspointapp.AccessPointAppProtocol object at 0x7fc1200234a8>
2020-06-07T11:50:11-0300 [stdout#info] sem entrada
2020-06-07T11:50:11-0300 [stdout#info] sem saida
2020-06-07T11:50:12-0300 [stdout#info] <applications.accesspointapp.AccessPointAppProtocol object at 0x7fc1200234a8>
2020-06-07T11:50:12-0300 [stdout#info] sem entrada
2020-06-07T11:50:12-0300 [stdout#info] sem saida
2020-06-07T11:50:13-0300 [stdout#info] <applications.accesspointapp.AccessPointAppProtocol object at 0x7fc1200234a8>
2020-06-07T11:50:13-0300 [stdout#info] sem entrada
2020-06-07T11:50:13-0300 [stdout#info] sem saida
2020-06-07T11:50:14-0300 [stdout#info] <applications.accesspointapp.AccessPointAppProtocol object at 0x7fc1200234a8>
2020-06-07T11:50:14-0300 [stdout#info] sem entrada
2020-06-07T11:50:14-0300 [stdout#info] sem saida
2020-06-07T11:50:15-0300 [stdout#info] <applications.accesspointapp.AccessPointAppProtocol object at 0x7fc1200234a8>
2020-06-07T11:50:15-0300 [stdout#info] sem entrada
2020-06-07T11:50:15-0300 [stdout#info] sem saida
2020-06-07T11:50:16-0300 [stdout#info] <applications.accesspointapp.AccessPointAppProtocol object at 0x7fc1200234a8>
2020-06-07T11:50:16-0300 [stdout#info] sem entrada
2020-06-07T11:50:16-0300 [stdout#info] sem saida
2020-06-07T11:50:17-0300 [stdout#info] <applications.accesspointapp.AccessPointAppProtocol object at 0x7fc1200234a8>
2020-06-07T11:50:17-0300 [stdout#info] sem entrada
2020-06-07T11:50:17-0300 [stdout#info] sem saida
2020-06-07T11:50:18-0300 [stdout#info] <applications.accesspointapp.AccessPointAppProtocol object at 0x7fc1200234a8>
2020-06-07T11:50:18-0300 [stdout#info] sem entrada
2020-06-07T11:50:18-0300 [stdout#info] sem saida
2020-06-07T11:50:19-0300 [stdout#info] <applications.accesspointapp.AccessPointAppProtocol object at 0x7fc1200234a8>
2020-06-07T11:50:19-0300 [stdout#info] sem entrada
2020-06-07T11:50:19-0300 [stdout#info] sem saida
2020-06-07T11:50:20-0300 [stdout#info] <applications.accesspointapp.AccessPointAppProtocol object at 0x7fc1200234a8>
2020-06-07T11:50:20-0300 [stdout#info] sem entrada
2020-06-07T11:50:20-0300 [stdout#info] sem saida
2020-06-07T11:50:21-0300 [stdout#info] <applications.accesspointapp.AccessPointAppProtocol object at 0x7fc1200234a8>
2020-06-07T11:50:21-0300 [stdout#info] sem entrada
2020-06-07T11:50:21-0300 [stdout#info] sem saida
2020-06-07T11:50:22-0300 [stdout#info] <applications.accesspointapp.AccessPointAppProtocol object at 0x7fc1200234a8>
2020-06-07T11:50:22-0300 [stdout#info] sem entrada
2020-06-07T11:50:22-0300 [stdout#info] sem saida
2020-06-07T11:50:23-0300 [stdout#info] <applications.accesspointapp.AccessPointAppProtocol object at 0x7fc1200234a8>
2020-06-07T11:50:23-0300 [stdout#info] sem entrada
2020-06-07T11:50:23-0300 [stdout#info] sem saida
2020-06-07T11:50:24-0300 [stdout#info] <applications.accesspointapp.AccessPointAppProtocol object at 0x7fc1200234a8>
2020-06-07T11:50:24-0300 [stdout#info] sem entrada
2020-06-07T11:50:24-0300 [stdout#info] sem saida
2020-06-07T11:50:25-0300 [stdout#info] <applications.accesspointapp.AccessPointAppProtocol object at 0x7fc1200234a8>
2020-06-07T11:50:25-0300 [stdout#info] sem entrada
2020-06-07T11:50:25-0300 [stdout#info] sem saida
2020-06-07T11:50:26-0300 [stdout#info] <applications.accesspointapp.AccessPointAppProtocol object at 0x7fc1200234a8>
2020-06-07T11:50:26-0300 [stdout#info] sem entrada
2020-06-07T11:50:26-0300 [stdout#info] sem saida
2020-06-07T11:50:27-0300 [stdout#info] <applications.accesspointapp.AccessPointAppProtocol object at 0x7fc1200234a8>
2020-06-07T11:50:27-0300 [stdout#info] sem entrada
2020-06-07T11:50:27-0300 [stdout#info] sem saida
2020-06-07T11:50:28-0300 [stdout#info] <applications.accesspointapp.AccessPointAppProtocol object at 0x7fc1200234a8>
2020-06-07T11:50:28-0300 [stdout#info] sem entrada
2020-06-07T11:50:28-0300 [stdout#info] sem saida
2020-06-07T11:50:29-0300 [stdout#info] <applications.accesspointapp.AccessPointAppProtocol object at 0x7fc1200234a8>
2020-06-07T11:50:29-0300 [stdout#info] sem entrada
2020-06-07T11:50:29-0300 [stdout#info] sem saida
2020-06-07T11:50:30-0300 [stdout#info] <applications.accesspointapp.AccessPointAppProtocol object at 0x7fc1200234a8>
2020-06-07T11:50:30-0300 [stdout#info] sem entrada
2020-06-07T11:50:30-0300 [stdout#info] sem saida
2020-06-07T11:50:31-0300 [stdout#info] <applications.accesspointapp.AccessPointAppProtocol object at 0x7fc1200234a8>
2020-06-07T11:50:31-0300 [stdout#info] sem entrada
2020-06-07T11:50:31-0300 [stdout#info] sem saida
2020-06-07T11:50:32-0300 [stdout#info] <applications.accesspointapp.AccessPointAppProtocol object at 0x7fc1200234a8>
2020-06-07T11:50:32-0300 [stdout#info] sem entrada
2020-06-07T11:50:32-0300 [stdout#info] sem saida
2020-06-07T11:50:33-0300 [stdout#info] <applications.accesspointapp.AccessPointAppProtocol object at 0x7fc1200234a8>
2020-06-07T11:50:33-0300 [stdout#info] sem entrada
2020-06-07T11:50:33-0300 [stdout#info] sem saida
2020-06-07T11:50:34-0300 [stdout#info] <applications.accesspointapp.AccessPointAppProtocol object at 0x7fc1200234a8>
2020-06-07T11:50:34-0300 [stdout#info] sem entrada
2020-06-07T11:50:34-0300 [stdout#info] sem saida
2020-06-07T11:50:35-0300 [stdout#info] <applications.accesspointapp.AccessPointAppProtocol object at 0x7fc1200234a8>
2020-06-07T11:50:35-0300 [stdout#info] sem entrada
2020-06-07T11:50:35-0300 [stdout#info] sem saida
2020-06-07T11:50:36-0300 [stdout#info] <applications.accesspointapp.AccessPointAppProtocol object at 0x7fc1200234a8>
2020-06-07T11:50:36-0300 [stdout#info] sem entrada
2020-06-07T11:50:36-0300 [stdout#info] sem saida
2020-06-07T11:50:37-0300 [stdout#info] <applications.accesspointapp.AccessPointAppProtocol object at 0x7fc1200234a8>
2020-06-07T11:50:37-0300 [stdout#info] sem entrada
2020-06-07T11:50:37-0300 [stdout#info] sem saida
2020-06-07T11:50:38-0300 [stdout#info] <applications.accesspointapp.AccessPointAppProtocol object at 0x7fc1200234a8>
2020-06-07T11:50:38-0300 [stdout#info] sem entrada
2020-06-07T11:50:38-0300 [stdout#info] sem saida
2020-06-07T11:50:39-0300 [stdout#info] <applications.accesspointapp.AccessPointAppProtocol object at 0x7fc1200234a8>
2020-06-07T11:50:39-0300 [stdout#info] sem entrada
2020-06-07T11:50:39-0300 [stdout#info] sem saida
2020-06-07T11:50:40-0300 [stdout#info] <applications.accesspointapp.AccessPointAppProtocol object at 0x7fc1200234a8>
2020-06-07T11:50:40-0300 [stdout#info] sem entrada
2020-06-07T11:50:40-0300 [stdout#info] sem saida
2020-06-07T11:50:41-0300 [stdout#info] <applications.accesspointapp.AccessPointAppProtocol object at 0x7fc1200234a8>
2020-06-07T11:50:41-0300 [stdout#info] sem entrada
2020-06-07T11:50:41-0300 [stdout#info] sem saida
2020-06-07T11:50:42-0300 [stdout#info] <applications.accesspointapp.AccessPointAppProtocol object at 0x7fc1200234a8>
2020-06-07T11:50:42-0300 [stdout#info] sem entrada
2020-06-07T11:50:42-0300 [stdout#info] sem saida
2020-06-07T11:50:43-0300 [stdout#info] <applications.accesspointapp.AccessPointAppProtocol object at 0x7fc1200234a8>
2020-06-07T11:50:43-0300 [stdout#info] sem entrada
2020-06-07T11:50:43-0300 [stdout#info] sem saida
2020-06-07T11:50:44-0300 [stdout#info] <applications.accesspointapp.AccessPointAppProtocol object at 0x7fc1200234a8>
2020-06-07T11:50:44-0300 [stdout#info] sem entrada
2020-06-07T11:50:44-0300 [stdout#info] sem saida
2020-06-07T11:50:45-0300 [stdout#info] <applications.accesspointapp.AccessPointAppProtocol object at 0x7fc1200234a8>
2020-06-07T11:50:45-0300 [stdout#info] sem entrada
2020-06-07T11:50:45-0300 [stdout#info] sem saida
2020-06-07T11:50:46-0300 [stdout#info] <applications.accesspointapp.AccessPointAppProtocol object at 0x7fc1200234a8>
2020-06-07T11:50:46-0300 [stdout#info] sem entrada
2020-06-07T11:50:46-0300 [stdout#info] sem saida
2020-06-07T11:50:47-0300 [stdout#info] <applications.accesspointapp.AccessPointAppProtocol object at 0x7fc1200234a8>
2020-06-07T11:50:47-0300 [stdout#info] sem entrada
2020-06-07T11:50:47-0300 [stdout#info] sem saida
2020-06-07T11:50:48-0300 [stdout#info] <applications.accesspointapp.AccessPointAppProtocol object at 0x7fc1200234a8>
2020-06-07T11:50:48-0300 [stdout#info] sem entrada
2020-06-07T11:50:48-0300 [stdout#info] sem saida
2020-06-07T11:50:49-0300 [stdout#info] <applications.accesspointapp.AccessPointAppProtocol object at 0x7fc1200234a8>
2020-06-07T11:50:49-0300 [stdout#info] sem entrada
2020-06-07T11:50:49-0300 [stdout#info] sem saida
2020-06-07T11:50:50-0300 [stdout#info] <applications.accesspointapp.AccessPointAppProtocol object at 0x7fc1200234a8>
2020-06-07T11:50:50-0300 [stdout#info] sem entrada
2020-06-07T11:50:50-0300 [stdout#info] sem saida
2020-06-07T11:50:51-0300 [stdout#info] <applications.accesspointapp.AccessPointAppProtocol object at 0x7fc1200234a8>
2020-06-07T11:50:51-0300 [stdout#info] sem entrada
2020-06-07T11:50:51-0300 [stdout#info] sem saida
2020-06-07T11:50:52-0300 [stdout#info] <applications.accesspointapp.AccessPointAppProtocol object at 0x7fc1200234a8>
2020-06-07T11:50:52-0300 [stdout#info] sem entrada
2020-06-07T11:50:52-0300 [stdout#info] sem saida
2020-06-07T11:50:53-0300 [stdout#info] <applications.accesspointapp.AccessPointAppProtocol object at 0x7fc1200234a8>
2020-06-07T11:50:53-0300 [stdout#info] sem entrada
2020-06-07T11:50:53-0300 [stdout#info] sem saida
2020-06-07T11:50:54-0300 [stdout#info] <applications.accesspointapp.AccessPointAppProtocol object at 0x7fc1200234a8>
2020-06-07T11:50:54-0300 [stdout#info] sem entrada
2020-06-07T11:50:54-0300 [stdout#info] sem saida
2020-06-07T11:50:55-0300 [stdout#info] <applications.accesspointapp.AccessPointAppProtocol object at 0x7fc1200234a8>
2020-06-07T11:50:55-0300 [stdout#info] sem entrada
2020-06-07T11:50:55-0300 [stdout#info] sem saida
2020-06-07T11:50:56-0300 [stdout#info] <applications.accesspointapp.AccessPointAppProtocol object at 0x7fc1200234a8>
2020-06-07T11:50:56-0300 [stdout#info] sem entrada
2020-06-07T11:50:56-0300 [stdout#info] sem saida
2020-06-07T11:50:57-0300 [stdout#info] <applications.accesspointapp.AccessPointAppProtocol object at 0x7fc1200234a8>
2020-06-07T11:50:57-0300 [stdout#info] sem entrada
2020-06-07T11:50:57-0300 [stdout#info] sem saida
2020-06-07T11:50:58-0300 [stdout#info] <applications.accesspointapp.AccessPointAppProtocol object at 0x7fc1200234a8>
2020-06-07T11:50:58-0300 [stdout#info] sem entrada
2020-06-07T11:50:58-0300 [stdout#info] sem saida
2020-06-07T11:50:59-0300 [stdout#info] <applications.accesspointapp.AccessPointAppProtocol object at 0x7fc1200234a8>
2020-06-07T11:50:59-0300 [stdout#info] sem entrada
2020-06-07T11:50:59-0300 [stdout#info] sem saida
2020-06-07T11:51:00-0300 [stdout#info] <applications.accesspointapp.AccessPointAppProtocol object at 0x7fc1200234a8>
2020-06-07T11:51:00-0300 [stdout#info] sem entrada
2020-06-07T11:51:00-0300 [stdout#info] sem saida
2020-06-07T11:51:01-0300 [stdout#info] <applications.accesspointapp.AccessPointAppProtocol object at 0x7fc1200234a8>
2020-06-07T11:51:01-0300 [stdout#info] sem entrada
2020-06-07T11:51:01-0300 [stdout#info] sem saida
2020-06-07T11:51:02-0300 [stdout#info] <applications.accesspointapp.AccessPointAppProtocol object at 0x7fc1200234a8>
2020-06-07T11:51:02-0300 [stdout#info] sem entrada
2020-06-07T11:51:02-0300 [stdout#info] sem saida
2020-06-07T11:51:03-0300 [stdout#info] <applications.accesspointapp.AccessPointAppProtocol object at 0x7fc1200234a8>
2020-06-07T11:51:03-0300 [stdout#info] sem entrada
2020-06-07T11:51:03-0300 [stdout#info] sem saida
2020-06-07T11:51:04-0300 [stdout#info] <applications.accesspointapp.AccessPointAppProtocol object at 0x7fc1200234a8>
2020-06-07T11:51:04-0300 [stdout#info] sem entrada
2020-06-07T11:51:04-0300 [stdout#info] sem saida
2020-06-07T11:51:05-0300 [stdout#info] <applications.accesspointapp.AccessPointAppProtocol object at 0x7fc1200234a8>
2020-06-07T11:51:05-0300 [stdout#info] sem entrada
2020-06-07T11:51:05-0300 [stdout#info] sem saida
2020-06-07T11:51:06-0300 [stdout#info] <applications.accesspointapp.AccessPointAppProtocol object at 0x7fc1200234a8>
2020-06-07T11:51:06-0300 [stdout#info] sem entrada
2020-06-07T11:51:06-0300 [stdout#info] sem saida
2020-06-07T11:51:07-0300 [stdout#info] <applications.accesspointapp.AccessPointAppProtocol object at 0x7fc1200234a8>
2020-06-07T11:51:07-0300 [stdout#info] sem entrada
2020-06-07T11:51:07-0300 [stdout#info] sem saida
2020-06-07T11:51:08-0300 [stdout#info] <applications.accesspointapp.AccessPointAppProtocol object at 0x7fc1200234a8>
2020-06-07T11:51:08-0300 [stdout#info] sem entrada
2020-06-07T11:51:08-0300 [stdout#info] sem saida
2020-06-07T11:51:09-0300 [stdout#info] <applications.accesspointapp.AccessPointAppProtocol object at 0x7fc1200234a8>
2020-06-07T11:51:09-0300 [stdout#info] sem entrada
2020-06-07T11:51:09-0300 [stdout#info] sem saida
2020-06-07T11:51:10-0300 [stdout#info] <applications.accesspointapp.AccessPointAppProtocol object at 0x7fc1200234a8>
2020-06-07T11:51:10-0300 [stdout#info] sem entrada
2020-06-07T11:51:10-0300 [stdout#info] sem saida
2020-06-07T11:51:11-0300 [stdout#info] <applications.accesspointapp.AccessPointAppProtocol object at 0x7fc1200234a8>
2020-06-07T11:51:11-0300 [stdout#info] sem entrada
2020-06-07T11:51:11-0300 [stdout#info] sem saida
2020-06-07T11:51:12-0300 [stdout#info] <applications.accesspointapp.AccessPointAppProtocol object at 0x7fc1200234a8>
2020-06-07T11:51:12-0300 [stdout#info] sem entrada
2020-06-07T11:51:12-0300 [stdout#info] sem saida
2020-06-07T11:51:13-0300 [stdout#info] <applications.accesspointapp.AccessPointAppProtocol object at 0x7fc1200234a8>
2020-06-07T11:51:13-0300 [stdout#info] sem entrada
2020-06-07T11:51:13-0300 [stdout#info] sem saida
2020-06-07T11:51:14-0300 [stdout#info] <applications.accesspointapp.AccessPointAppProtocol object at 0x7fc1200234a8>
2020-06-07T11:51:14-0300 [stdout#info] sem entrada
2020-06-07T11:51:14-0300 [stdout#info] sem saida
2020-06-07T11:51:15-0300 [stdout#info] <applications.accesspointapp.AccessPointAppProtocol object at 0x7fc1200234a8>
2020-06-07T11:51:15-0300 [stdout#info] sem entrada
2020-06-07T11:51:15-0300 [stdout#info] sem saida
2020-06-07T11:51:16-0300 [stdout#info] <applications.accesspointapp.AccessPointAppProtocol object at 0x7fc1200234a8>
2020-06-07T11:51:16-0300 [stdout#info] sem entrada
2020-06-07T11:51:16-0300 [stdout#info] sem saida
2020-06-07T11:51:17-0300 [stdout#info] <applications.accesspointapp.AccessPointAppProtocol object at 0x7fc1200234a8>
2020-06-07T11:51:17-0300 [stdout#info] sem entrada
2020-06-07T11:51:17-0300 [stdout#info] sem saida
2020-06-07T11:51:18-0300 [stdout#info] <applications.accesspointapp.AccessPointAppProtocol object at 0x7fc1200234a8>
2020-06-07T11:51:18-0300 [stdout#info] sem entrada
2020-06-07T11:51:18-0300 [stdout#info] sem saida
2020-06-07T11:51:19-0300 [stdout#info] <applications.accesspointapp.AccessPointAppProtocol object at 0x7fc1200234a8>
2020-06-07T11:51:19-0300 [stdout#info] sem entrada
2020-06-07T11:51:19-0300 [stdout#info] sem saida
2020-06-07T11:51:20-0300 [stdout#info] <applications.accesspointapp.AccessPointAppProtocol object at 0x7fc1200234a8>
2020-06-07T11:51:20-0300 [stdout#info] sem entrada
2020-06-07T11:51:20-0300 [stdout#info] sem saida
2020-06-07T11:51:21-0300 [stdout#info] <applications.accesspointapp.AccessPointAppProtocol object at 0x7fc1200234a8>
2020-06-07T11:51:21-0300 [stdout#info] sem entrada
2020-06-07T11:51:21-0300 [stdout#info] sem saida
2020-06-07T11:51:23-0300 [stdout#info] <applications.accesspointapp.AccessPointAppProtocol object at 0x7fc1200234a8>
2020-06-07T11:51:23-0300 [stdout#info] sem entrada
2020-06-07T11:51:23-0300 [stdout#info] sem saida
2020-06-07T11:51:24-0300 [stdout#info] <applications.accesspointapp.AccessPointAppProtocol object at 0x7fc1200234a8>
2020-06-07T11:51:24-0300 [stdout#info] sem entrada
2020-06-07T11:51:24-0300 [stdout#info] sem saida
2020-06-07T11:51:25-0300 [stdout#info] <applications.accesspointapp.AccessPointAppProtocol object at 0x7fc1200234a8>
2020-06-07T11:51:25-0300 [stdout#info] sem entrada
2020-06-07T11:51:25-0300 [stdout#info] sem saida
2020-06-07T11:51:26-0300 [stdout#info] <applications.accesspointapp.AccessPointAppProtocol object at 0x7fc1200234a8>
2020-06-07T11:51:26-0300 [stdout#info] sem entrada
2020-06-07T11:51:26-0300 [stdout#info] sem saida
2020-06-07T11:51:27-0300 [stdout#info] <applications.accesspointapp.AccessPointAppProtocol object at 0x7fc1200234a8>
2020-06-07T11:51:27-0300 [stdout#info] sem entrada
2020-06-07T11:51:27-0300 [stdout#info] sem saida
2020-06-07T11:51:28-0300 [stdout#info] <applications.accesspointapp.AccessPointAppProtocol object at 0x7fc1200234a8>
2020-06-07T11:51:28-0300 [stdout#info] sem entrada
2020-06-07T11:51:28-0300 [stdout#info] sem saida
2020-06-07T11:51:29-0300 [stdout#info] <applications.accesspointapp.AccessPointAppProtocol object at 0x7fc1200234a8>
2020-06-07T11:51:29-0300 [stdout#info] sem entrada
2020-06-07T11:51:29-0300 [stdout#info] sem saida
2020-06-07T11:51:30-0300 [stdout#info] <applications.accesspointapp.AccessPointAppProtocol object at 0x7fc1200234a8>
2020-06-07T11:51:30-0300 [stdout#info] sem entrada
2020-06-07T11:51:30-0300 [stdout#info] sem saida
2020-06-07T11:51:31-0300 [stdout#info] <applications.accesspointapp.AccessPointAppProtocol object at 0x7fc1200234a8>
2020-06-07T11:51:31-0300 [stdout#info] sem entrada
2020-06-07T11:51:31-0300 [stdout#info] sem saida
2020-06-07T11:51:32-0300 [stdout#info] <applications.accesspointapp.AccessPointAppProtocol object at 0x7fc1200234a8>
2020-06-07T11:51:32-0300 [stdout#info] sem entrada
2020-06-07T11:51:32-0300 [stdout#info] sem saida
2020-06-07T11:51:33-0300 [stdout#info] <applications.accesspointapp.AccessPointAppProtocol object at 0x7fc1200234a8>
2020-06-07T11:51:33-0300 [stdout#info] sem entrada
2020-06-07T11:51:33-0300 [stdout#info] sem saida
2020-06-07T11:51:34-0300 [stdout#info] <applications.accesspointapp.AccessPointAppProtocol object at 0x7fc1200234a8>
2020-06-07T11:51:34-0300 [stdout#info] sem entrada
2020-06-07T11:51:34-0300 [stdout#info] sem saida
2020-06-07T11:51:35-0300 [stdout#info] <applications.accesspointapp.AccessPointAppProtocol object at 0x7fc1200234a8>
2020-06-07T11:51:35-0300 [stdout#info] sem entrada
2020-06-07T11:51:35-0300 [stdout#info] sem saida
2020-06-07T11:51:36-0300 [stdout#info] <applications.accesspointapp.AccessPointAppProtocol object at 0x7fc1200234a8>
2020-06-07T11:51:36-0300 [stdout#info] sem entrada
2020-06-07T11:51:36-0300 [stdout#info] sem saida
2020-06-07T11:51:37-0300 [stdout#info] <applications.accesspointapp.AccessPointAppProtocol object at 0x7fc1200234a8>
2020-06-07T11:51:37-0300 [stdout#info] sem entrada
2020-06-07T11:51:37-0300 [stdout#info] sem saida
2020-06-07T11:51:38-0300 [stdout#info] <applications.accesspointapp.AccessPointAppProtocol object at 0x7fc1200234a8>
2020-06-07T11:51:38-0300 [stdout#info] sem entrada
2020-06-07T11:51:38-0300 [stdout#info] sem saida
2020-06-07T11:51:39-0300 [stdout#info] <applications.accesspointapp.AccessPointAppProtocol object at 0x7fc1200234a8>
2020-06-07T11:51:39-0300 [stdout#info] sem entrada
2020-06-07T11:51:39-0300 [stdout#info] sem saida
2020-06-07T11:51:40-0300 [stdout#info] <applications.accesspointapp.AccessPointAppProtocol object at 0x7fc1200234a8>
2020-06-07T11:51:40-0300 [stdout#info] sem entrada
2020-06-07T11:51:40-0300 [stdout#info] sem saida
2020-06-07T11:51:41-0300 [stdout#info] <applications.accesspointapp.AccessPointAppProtocol object at 0x7fc1200234a8>
2020-06-07T11:51:41-0300 [stdout#info] sem entrada
2020-06-07T11:51:41-0300 [stdout#info] sem saida
2020-06-07T11:51:42-0300 [stdout#info] <applications.accesspointapp.AccessPointAppProtocol object at 0x7fc1200234a8>
2020-06-07T11:51:42-0300 [stdout#info] sem entrada
2020-06-07T11:51:42-0300 [stdout#info] sem saida
2020-06-07T11:51:43-0300 [stdout#info] <applications.accesspointapp.AccessPointAppProtocol object at 0x7fc1200234a8>
2020-06-07T11:51:43-0300 [stdout#info] sem entrada
2020-06-07T11:51:43-0300 [stdout#info] sem saida
2020-06-07T11:51:44-0300 [stdout#info] <applications.accesspointapp.AccessPointAppProtocol object at 0x7fc1200234a8>
2020-06-07T11:51:44-0300 [stdout#info] sem entrada
2020-06-07T11:51:44-0300 [stdout#info] sem saida
2020-06-07T11:51:45-0300 [stdout#info] <applications.accesspointapp.AccessPointAppProtocol object at 0x7fc1200234a8>
2020-06-07T11:51:45-0300 [stdout#info] sem entrada
2020-06-07T11:51:45-0300 [stdout#info] sem saida
2020-06-07T11:51:46-0300 [stdout#info] <applications.accesspointapp.AccessPointAppProtocol object at 0x7fc1200234a8>
2020-06-07T11:51:46-0300 [stdout#info] sem entrada
2020-06-07T11:51:46-0300 [stdout#info] sem saida
2020-06-07T11:51:47-0300 [stdout#info] <applications.accesspointapp.AccessPointAppProtocol object at 0x7fc1200234a8>
2020-06-07T11:51:47-0300 [stdout#info] sem entrada
2020-06-07T11:51:47-0300 [stdout#info] sem saida
2020-06-07T11:51:48-0300 [stdout#info] <applications.accesspointapp.AccessPointAppProtocol object at 0x7fc1200234a8>
2020-06-07T11:51:48-0300 [stdout#info] sem entrada
2020-06-07T11:51:48-0300 [stdout#info] sem saida
2020-06-07T11:51:49-0300 [stdout#info] <applications.accesspointapp.AccessPointAppProtocol object at 0x7fc1200234a8>
2020-06-07T11:51:49-0300 [stdout#info] sem entrada
2020-06-07T11:51:49-0300 [stdout#info] sem saida
2020-06-07T11:51:50-0300 [stdout#info] <applications.accesspointapp.AccessPointAppProtocol object at 0x7fc1200234a8>
2020-06-07T11:51:50-0300 [stdout#info] sem entrada
2020-06-07T11:51:50-0300 [stdout#info] sem saida
2020-06-07T11:51:51-0300 [stdout#info] <applications.accesspointapp.AccessPointAppProtocol object at 0x7fc1200234a8>
2020-06-07T11:51:51-0300 [stdout#info] sem entrada
2020-06-07T11:51:51-0300 [stdout#info] sem saida
2020-06-07T11:51:52-0300 [stdout#info] <applications.accesspointapp.AccessPointAppProtocol object at 0x7fc1200234a8>
2020-06-07T11:51:52-0300 [stdout#info] sem entrada
2020-06-07T11:51:52-0300 [stdout#info] sem saida
2020-06-07T11:51:53-0300 [stdout#info] <applications.accesspointapp.AccessPointAppProtocol object at 0x7fc1200234a8>
2020-06-07T11:51:53-0300 [stdout#info] sem entrada
2020-06-07T11:51:53-0300 [stdout#info] sem saida
2020-06-07T11:51:54-0300 [stdout#info] <applications.accesspointapp.AccessPointAppProtocol object at 0x7fc1200234a8>
2020-06-07T11:51:54-0300 [stdout#info] sem entrada
2020-06-07T11:51:54-0300 [stdout#info] sem saida
2020-06-07T11:51:55-0300 [stdout#info] <applications.accesspointapp.AccessPointAppProtocol object at 0x7fc1200234a8>
2020-06-07T11:51:55-0300 [stdout#info] sem entrada
2020-06-07T11:51:55-0300 [stdout#info] sem saida
2020-06-07T11:51:56-0300 [stdout#info] <applications.accesspointapp.AccessPointAppProtocol object at 0x7fc1200234a8>
2020-06-07T11:51:56-0300 [stdout#info] sem entrada
2020-06-07T11:51:56-0300 [stdout#info] sem saida
2020-06-07T11:51:57-0300 [stdout#info] <applications.accesspointapp.AccessPointAppProtocol object at 0x7fc1200234a8>
2020-06-07T11:51:57-0300 [stdout#info] sem entrada
2020-06-07T11:51:57-0300 [stdout#info] sem saida
2020-06-07T11:51:58-0300 [stdout#info] <applications.accesspointapp.AccessPointAppProtocol object at 0x7fc1200234a8>
2020-06-07T11:51:58-0300 [stdout#info] sem entrada
2020-06-07T11:51:58-0300 [stdout#info] sem saida
2020-06-07T11:51:59-0300 [-] Received SIGINT, shutting down.
2020-06-07T11:51:59-0300 [applications.httpapp.HttpServerAppFactory] (TCP Port 8082 Closed)
2020-06-07T11:51:59-0300 [applications.routerapp.RouterFactory] (TCP Port 8081 Closed)
2020-06-07T11:51:59-0300 [-] Main loop terminated.
