2020-06-07T10:53:34-0300 [-] Initializing Server - Number of events: 1
2020-06-07T10:53:35-0300 [-] HttpServerAppFactory starting on 8082
2020-06-07T10:53:35-0300 [-] Creating router ...
2020-06-07T10:53:35-0300 [-] Initializing Router - Number of events: 2
2020-06-07T10:53:35-0300 [-] RouterFactory starting on 8081
2020-06-07T10:53:35-0300 [-] Creating AccessPoint station ...
2020-06-07T10:53:35-0300 [-] Initializing Access Point - Number of events: 3
2020-06-07T10:53:36-0300 [twisted.internet.endpoints.OneShotFactory#info] Starting factory <twisted.internet.endpoints.connectProtocol.<locals>.OneShotFactory object at 0x7f1dece2c3c8>
2020-06-07T10:53:36-0300 [stdout#info] sem entrada
2020-06-07T10:53:36-0300 [stdout#info] sem saida
2020-06-07T10:53:36-0300 [-] Initializing sensor node - Number of events: 4
2020-06-07T10:53:36-0300 [stdout#info] Not connected to a wireless access point
2020-06-07T10:53:36-0300 [stdout#info] Assossiated to : notebook 1
2020-06-07T10:53:36-0300 [stdout#info] This divice have no simulation core instance
2020-06-07T10:53:36-0300 [stdout#info] This divice have no simulation core instance
2020-06-07T10:53:37-0300 [stdout#info] {b'{"destiny_addr": "127.0.0.1", "destiny_port": 8080, "source_addr": "127.0.0.1", "source_port": 8888, "type": "http", "payload": "HTTP 1.0 / GET request"}'}
2020-06-07T10:53:37-0300 [stdout#info] set()
2020-06-07T10:53:37-0300 [stdout#info] sem saida
2020-06-07T10:53:38-0300 [stdout#info] sem entrada
2020-06-07T10:53:38-0300 [stdout#info] sem saida
2020-06-07T10:53:39-0300 [stdout#info] sem entrada
2020-06-07T10:53:39-0300 [stdout#info] sem saida
2020-06-07T10:53:40-0300 [stdout#info] sem entrada
2020-06-07T10:53:40-0300 [stdout#info] sem saida
2020-06-07T10:53:41-0300 [stdout#info] sem entrada
2020-06-07T10:53:41-0300 [stdout#info] sem saida
2020-06-07T10:53:42-0300 [stdout#info] sem entrada
2020-06-07T10:53:42-0300 [stdout#info] sem saida
2020-06-07T10:53:43-0300 [stdout#info] sem entrada
2020-06-07T10:53:43-0300 [stdout#info] sem saida
2020-06-07T10:53:44-0300 [stdout#info] sem entrada
2020-06-07T10:53:44-0300 [stdout#info] sem saida
2020-06-07T10:53:45-0300 [stdout#info] sem entrada
2020-06-07T10:53:45-0300 [stdout#info] sem saida
2020-06-07T10:53:46-0300 [stdout#info] sem entrada
2020-06-07T10:53:46-0300 [stdout#info] sem saida
2020-06-07T10:53:47-0300 [stdout#info] sem entrada
2020-06-07T10:53:47-0300 [stdout#info] sem saida
2020-06-07T10:53:48-0300 [stdout#info] sem entrada
2020-06-07T10:53:48-0300 [stdout#info] sem saida
2020-06-07T10:53:49-0300 [stdout#info] sem entrada
2020-06-07T10:53:49-0300 [stdout#info] sem saida
2020-06-07T10:53:50-0300 [stdout#info] sem entrada
2020-06-07T10:53:50-0300 [stdout#info] sem saida
2020-06-07T10:53:51-0300 [stdout#info] sem entrada
2020-06-07T10:53:51-0300 [stdout#info] sem saida
2020-06-07T10:53:52-0300 [stdout#info] sem entrada
2020-06-07T10:53:52-0300 [stdout#info] sem saida
2020-06-07T10:53:53-0300 [stdout#info] sem entrada
2020-06-07T10:53:53-0300 [stdout#info] sem saida
2020-06-07T10:53:54-0300 [stdout#info] sem entrada
2020-06-07T10:53:54-0300 [stdout#info] sem saida
2020-06-07T10:53:55-0300 [stdout#info] sem entrada
2020-06-07T10:53:55-0300 [stdout#info] sem saida
2020-06-07T10:53:56-0300 [stdout#info] sem entrada
2020-06-07T10:53:56-0300 [stdout#info] sem saida
2020-06-07T10:53:57-0300 [stdout#info] sem entrada
2020-06-07T10:53:57-0300 [stdout#info] sem saida
2020-06-07T10:53:58-0300 [stdout#info] sem entrada
2020-06-07T10:53:58-0300 [stdout#info] sem saida
2020-06-07T10:53:59-0300 [stdout#info] sem entrada
2020-06-07T10:53:59-0300 [stdout#info] sem saida
2020-06-07T10:54:00-0300 [stdout#info] sem entrada
2020-06-07T10:54:00-0300 [stdout#info] sem saida
2020-06-07T10:54:01-0300 [stdout#info] sem entrada
2020-06-07T10:54:01-0300 [stdout#info] sem saida
2020-06-07T10:54:02-0300 [stdout#info] sem entrada
2020-06-07T10:54:02-0300 [stdout#info] sem saida
2020-06-07T10:54:03-0300 [stdout#info] sem entrada
2020-06-07T10:54:03-0300 [stdout#info] sem saida
2020-06-07T10:54:04-0300 [stdout#info] sem entrada
2020-06-07T10:54:04-0300 [stdout#info] sem saida
2020-06-07T10:54:05-0300 [stdout#info] sem entrada
2020-06-07T10:54:05-0300 [stdout#info] sem saida
2020-06-07T10:54:06-0300 [stdout#info] sem entrada
2020-06-07T10:54:06-0300 [stdout#info] sem saida
2020-06-07T10:54:07-0300 [stdout#info] sem entrada
2020-06-07T10:54:07-0300 [stdout#info] sem saida
2020-06-07T10:54:08-0300 [stdout#info] sem entrada
2020-06-07T10:54:08-0300 [stdout#info] sem saida
2020-06-07T10:54:09-0300 [stdout#info] sem entrada
2020-06-07T10:54:09-0300 [stdout#info] sem saida
2020-06-07T10:54:10-0300 [stdout#info] sem entrada
2020-06-07T10:54:10-0300 [stdout#info] sem saida
2020-06-07T10:54:11-0300 [stdout#info] sem entrada
2020-06-07T10:54:11-0300 [stdout#info] sem saida
2020-06-07T10:54:12-0300 [stdout#info] sem entrada
2020-06-07T10:54:12-0300 [stdout#info] sem saida
2020-06-07T10:54:13-0300 [stdout#info] sem entrada
2020-06-07T10:54:13-0300 [stdout#info] sem saida
2020-06-07T10:54:14-0300 [stdout#info] sem entrada
2020-06-07T10:54:14-0300 [stdout#info] sem saida
2020-06-07T10:54:15-0300 [stdout#info] sem entrada
2020-06-07T10:54:15-0300 [stdout#info] sem saida
2020-06-07T10:54:16-0300 [stdout#info] sem entrada
2020-06-07T10:54:16-0300 [stdout#info] sem saida
2020-06-07T10:54:17-0300 [stdout#info] sem entrada
2020-06-07T10:54:17-0300 [stdout#info] sem saida
2020-06-07T10:54:18-0300 [stdout#info] sem entrada
2020-06-07T10:54:18-0300 [stdout#info] sem saida
2020-06-07T10:54:19-0300 [stdout#info] sem entrada
2020-06-07T10:54:19-0300 [stdout#info] sem saida
2020-06-07T10:54:20-0300 [stdout#info] sem entrada
2020-06-07T10:54:20-0300 [stdout#info] sem saida
2020-06-07T10:54:21-0300 [stdout#info] sem entrada
2020-06-07T10:54:21-0300 [stdout#info] sem saida
2020-06-07T10:54:22-0300 [stdout#info] sem entrada
2020-06-07T10:54:22-0300 [stdout#info] sem saida
2020-06-07T10:54:23-0300 [stdout#info] sem entrada
2020-06-07T10:54:23-0300 [stdout#info] sem saida
2020-06-07T10:54:24-0300 [stdout#info] sem entrada
2020-06-07T10:54:24-0300 [stdout#info] sem saida
2020-06-07T10:54:25-0300 [stdout#info] sem entrada
2020-06-07T10:54:25-0300 [stdout#info] sem saida
2020-06-07T10:54:26-0300 [stdout#info] sem entrada
2020-06-07T10:54:26-0300 [stdout#info] sem saida
2020-06-07T10:54:27-0300 [stdout#info] sem entrada
2020-06-07T10:54:27-0300 [stdout#info] sem saida
2020-06-07T10:54:28-0300 [-] Received SIGINT, shutting down.
2020-06-07T10:54:28-0300 [twisted.internet.endpoints.OneShotFactory#info] Stopping factory <twisted.internet.endpoints.connectProtocol.<locals>.OneShotFactory object at 0x7f1dece2c3c8>
2020-06-07T10:54:28-0300 [applications.routerapp.RouterFactory] (TCP Port 8081 Closed)
2020-06-07T10:54:28-0300 [applications.httpapp.HttpServerAppFactory] (TCP Port 8082 Closed)
2020-06-07T10:54:28-0300 [-] Main loop terminated.
