2020-06-07T11:55:07-0300 [-] Initializing Server - Number of events: 1
2020-06-07T11:55:07-0300 [-] HttpServerAppFactory starting on 8082
2020-06-07T11:55:07-0300 [-] Creating router ...
2020-06-07T11:55:07-0300 [-] Initializing Router - Number of events: 2
2020-06-07T11:55:08-0300 [-] RouterFactory starting on 8081
2020-06-07T11:55:08-0300 [-] Creating AccessPoint station ...
2020-06-07T11:55:08-0300 [-] Initializing Access Point - Number of events: 3
2020-06-07T11:55:08-0300 [stdout#info] sem entrada
2020-06-07T11:55:08-0300 [stdout#info] sem saida
2020-06-07T11:55:08-0300 [-] Initializing sensor node - Number of events: 4
2020-06-07T11:55:09-0300 [stdout#info] Not connected to a wireless access point
2020-06-07T11:55:09-0300 [stdout#info] Assossiated to : notebook 1
2020-06-07T11:55:09-0300 [stdout#info] This divice have no simulation core instance
2020-06-07T11:55:09-0300 [stdout#info] This divice have no simulation core instance
2020-06-07T11:55:09-0300 [stdout#info] {b'{"destiny_addr": "127.0.0.1", "destiny_port": 8080, "source_addr": "127.0.0.1", "source_port": 8888, "type": "http", "payload": "HTTP 1.0 / GET request"}'}
2020-06-07T11:55:09-0300 [stdout#info] sem saida
2020-06-07T11:55:09-0300 [twisted.internet.endpoints.OneShotFactory#info] Starting factory <twisted.internet.endpoints.connectProtocol.<locals>.OneShotFactory object at 0x7f8de8c932b0>
2020-06-07T11:55:09-0300 [twisted.internet.endpoints.OneShotFactory#info] Stopping factory <twisted.internet.endpoints.connectProtocol.<locals>.OneShotFactory object at 0x7f8de8c932b0>
2020-06-07T11:55:10-0300 [stdout#info] sem entrada
2020-06-07T11:55:10-0300 [stdout#info] sem saida
2020-06-07T11:55:11-0300 [stdout#info] sem entrada
2020-06-07T11:55:11-0300 [stdout#info] sem saida
2020-06-07T11:55:12-0300 [stdout#info] sem entrada
2020-06-07T11:55:12-0300 [stdout#info] sem saida
2020-06-07T11:55:12-0300 [twisted.internet.defer#critical] Unhandled error in Deferred:
2020-06-07T11:55:12-0300 [twisted.internet.defer#critical] 
	Traceback (most recent call last):
	Failure: twisted.internet.error.ConnectionRefusedError: Connection was refused by other side: 111: Connection refused.
	
2020-06-07T11:55:13-0300 [stdout#info] sem entrada
2020-06-07T11:55:13-0300 [stdout#info] sem saida
2020-06-07T11:55:14-0300 [stdout#info] sem entrada
2020-06-07T11:55:14-0300 [stdout#info] sem saida
2020-06-07T11:55:15-0300 [stdout#info] sem entrada
2020-06-07T11:55:15-0300 [stdout#info] sem saida
2020-06-07T11:55:16-0300 [stdout#info] sem entrada
2020-06-07T11:55:16-0300 [stdout#info] sem saida
2020-06-07T11:55:17-0300 [stdout#info] sem entrada
2020-06-07T11:55:17-0300 [stdout#info] sem saida
2020-06-07T11:55:18-0300 [stdout#info] sem entrada
2020-06-07T11:55:18-0300 [stdout#info] sem saida
2020-06-07T11:55:19-0300 [stdout#info] sem entrada
2020-06-07T11:55:19-0300 [stdout#info] sem saida
2020-06-07T11:55:20-0300 [stdout#info] sem entrada
2020-06-07T11:55:20-0300 [stdout#info] sem saida
2020-06-07T11:55:21-0300 [stdout#info] sem entrada
2020-06-07T11:55:21-0300 [stdout#info] sem saida
2020-06-07T11:55:22-0300 [stdout#info] sem entrada
2020-06-07T11:55:22-0300 [stdout#info] sem saida
2020-06-07T11:55:23-0300 [stdout#info] sem entrada
2020-06-07T11:55:23-0300 [stdout#info] sem saida
2020-06-07T11:55:24-0300 [stdout#info] sem entrada
2020-06-07T11:55:24-0300 [stdout#info] sem saida
2020-06-07T11:55:25-0300 [stdout#info] sem entrada
2020-06-07T11:55:25-0300 [stdout#info] sem saida
2020-06-07T11:55:26-0300 [stdout#info] sem entrada
2020-06-07T11:55:26-0300 [stdout#info] sem saida
2020-06-07T11:55:27-0300 [stdout#info] sem entrada
2020-06-07T11:55:27-0300 [stdout#info] sem saida
2020-06-07T11:55:28-0300 [stdout#info] sem entrada
2020-06-07T11:55:28-0300 [stdout#info] sem saida
2020-06-07T11:55:29-0300 [stdout#info] sem entrada
2020-06-07T11:55:29-0300 [stdout#info] sem saida
2020-06-07T11:55:30-0300 [stdout#info] sem entrada
2020-06-07T11:55:30-0300 [stdout#info] sem saida
2020-06-07T11:55:31-0300 [stdout#info] sem entrada
2020-06-07T11:55:31-0300 [stdout#info] sem saida
2020-06-07T11:55:32-0300 [stdout#info] sem entrada
2020-06-07T11:55:32-0300 [stdout#info] sem saida
2020-06-07T11:55:33-0300 [stdout#info] sem entrada
2020-06-07T11:55:33-0300 [stdout#info] sem saida
2020-06-07T11:55:34-0300 [stdout#info] sem entrada
2020-06-07T11:55:34-0300 [stdout#info] sem saida
2020-06-07T11:55:35-0300 [stdout#info] sem entrada
2020-06-07T11:55:35-0300 [stdout#info] sem saida
2020-06-07T11:55:36-0300 [stdout#info] sem entrada
2020-06-07T11:55:36-0300 [stdout#info] sem saida
2020-06-07T11:55:37-0300 [stdout#info] sem entrada
2020-06-07T11:55:37-0300 [stdout#info] sem saida
2020-06-07T11:55:38-0300 [stdout#info] sem entrada
2020-06-07T11:55:38-0300 [stdout#info] sem saida
2020-06-07T11:55:39-0300 [stdout#info] sem entrada
2020-06-07T11:55:39-0300 [stdout#info] sem saida
2020-06-07T11:55:40-0300 [stdout#info] sem entrada
2020-06-07T11:55:40-0300 [stdout#info] sem saida
2020-06-07T11:55:41-0300 [stdout#info] sem entrada
2020-06-07T11:55:41-0300 [stdout#info] sem saida
2020-06-07T11:55:42-0300 [stdout#info] sem entrada
2020-06-07T11:55:42-0300 [stdout#info] sem saida
2020-06-07T11:55:43-0300 [stdout#info] sem entrada
2020-06-07T11:55:43-0300 [stdout#info] sem saida
2020-06-07T11:55:44-0300 [stdout#info] sem entrada
2020-06-07T11:55:44-0300 [stdout#info] sem saida
2020-06-07T11:55:44-0300 [-] Received SIGINT, shutting down.
2020-06-07T11:55:44-0300 [applications.routerapp.RouterFactory] (TCP Port 8081 Closed)
2020-06-07T11:55:44-0300 [applications.httpapp.HttpServerAppFactory] (TCP Port 8082 Closed)
2020-06-07T11:55:44-0300 [-] Main loop terminated.
