2020-06-07T22:19:14-0300 [-] Creating router ...
2020-06-07T22:19:14-0300 [-] Initializing Router - Number of events: 1
2020-06-07T22:19:14-0300 [-] RouterFactory starting on 8081
2020-06-07T22:19:14-0300 [-] Creating AccessPoint station ...
2020-06-07T22:19:14-0300 [-] Initializing Access Point - Number of events: 2
2020-06-07T22:19:15-0300 [-] There is no wifi devices in this simulation or it is not in this wifi signal coverage area.
2020-06-07T22:19:15-0300 [-] Initializing sensor node - Number of events: 3
2020-06-07T22:19:15-0300 [stdout#info] Not connected to a wireless access point
2020-06-07T22:19:15-0300 [-] Initializing Server - Number of events: 4
2020-06-07T22:19:16-0300 [-] HttpServerAppFactory starting on 8080
2020-06-07T22:19:16-0300 [stdout#info] Not connected to a wireless access point
2020-06-07T22:19:16-0300 [stdout#info] This divice have no simulation core instance
2020-06-07T22:19:16-0300 [stdout#info] This divice have no simulation core instance
2020-06-07T22:19:16-0300 [stdout#info] Not connected to a wireless access point
2020-06-07T22:19:16-0300 [stdout#info] Not connected to a wireless access point
2020-06-07T22:19:16-0300 [stdout#info] Not connected to a wireless access point
2020-06-07T22:19:16-0300 [stdout#info] Not connected to a wireless access point
2020-06-07T22:19:16-0300 [stdout#info] Not connected to a wireless access point
2020-06-07T22:19:16-0300 [stdout#info] Not connected to a wireless access point
2020-06-07T22:19:16-0300 [stdout#info] Not connected to a wireless access point
2020-06-07T22:19:17-0300 [stdout#info] Not connected to a wireless access point
2020-06-07T22:19:17-0300 [stdout#info] Not connected to a wireless access point
2020-06-07T22:19:17-0300 [stdout#info] Not connected to a wireless access point
2020-06-07T22:19:17-0300 [stdout#info] Not connected to a wireless access point
2020-06-07T22:19:17-0300 [stdout#info] Not connected to a wireless access point
2020-06-07T22:19:17-0300 [stdout#info] Not connected to a wireless access point
2020-06-07T22:19:17-0300 [stdout#info] Not connected to a wireless access point
2020-06-07T22:19:17-0300 [stdout#info] Not connected to a wireless access point
2020-06-07T22:19:17-0300 [stdout#info] Not connected to a wireless access point
2020-06-07T22:19:17-0300 [stdout#info] Not connected to a wireless access point
2020-06-07T22:19:18-0300 [stdout#info] Not connected to a wireless access point
2020-06-07T22:19:18-0300 [stdout#info] Not connected to a wireless access point
2020-06-07T22:19:18-0300 [stdout#info] Not connected to a wireless access point
2020-06-07T22:19:18-0300 [stdout#info] Not connected to a wireless access point
2020-06-07T22:19:18-0300 [stdout#info] Not connected to a wireless access point
2020-06-07T22:19:18-0300 [stdout#info] Not connected to a wireless access point
2020-06-07T22:19:18-0300 [stdout#info] Not connected to a wireless access point
2020-06-07T22:19:18-0300 [stdout#info] Not connected to a wireless access point
2020-06-07T22:19:18-0300 [stdout#info] Not connected to a wireless access point
2020-06-07T22:19:18-0300 [stdout#info] Not connected to a wireless access point
2020-06-07T22:19:19-0300 [stdout#info] Not connected to a wireless access point
2020-06-07T22:19:19-0300 [stdout#info] Not connected to a wireless access point
2020-06-07T22:19:19-0300 [stdout#info] Not connected to a wireless access point
2020-06-07T22:19:19-0300 [stdout#info] Not connected to a wireless access point
2020-06-07T22:19:19-0300 [stdout#info] Not connected to a wireless access point
2020-06-07T22:19:19-0300 [stdout#info] Not connected to a wireless access point
2020-06-07T22:19:19-0300 [stdout#info] Not connected to a wireless access point
2020-06-07T22:19:19-0300 [stdout#info] Not connected to a wireless access point
2020-06-07T22:19:19-0300 [stdout#info] Not connected to a wireless access point
2020-06-07T22:19:19-0300 [stdout#info] Not connected to a wireless access point
2020-06-07T22:19:20-0300 [stdout#info] Not connected to a wireless access point
2020-06-07T22:19:20-0300 [stdout#info] Not connected to a wireless access point
2020-06-07T22:19:20-0300 [stdout#info] Not connected to a wireless access point
2020-06-07T22:19:20-0300 [stdout#info] Not connected to a wireless access point
2020-06-07T22:19:20-0300 [stdout#info] Not connected to a wireless access point
2020-06-07T22:19:20-0300 [stdout#info] Not connected to a wireless access point
2020-06-07T22:19:20-0300 [stdout#info] Not connected to a wireless access point
2020-06-07T22:19:20-0300 [stdout#info] Not connected to a wireless access point
2020-06-07T22:19:20-0300 [stdout#info] Not connected to a wireless access point
2020-06-07T22:19:20-0300 [stdout#info] Not connected to a wireless access point
2020-06-07T22:19:21-0300 [stdout#info] Not connected to a wireless access point
2020-06-07T22:19:21-0300 [stdout#info] Not connected to a wireless access point
2020-06-07T22:19:21-0300 [stdout#info] Not connected to a wireless access point
2020-06-07T22:19:21-0300 [stdout#info] Not connected to a wireless access point
2020-06-07T22:19:21-0300 [stdout#info] Not connected to a wireless access point
2020-06-07T22:19:21-0300 [stdout#info] Not connected to a wireless access point
2020-06-07T22:19:21-0300 [stdout#info] Not connected to a wireless access point
2020-06-07T22:19:21-0300 [stdout#info] Not connected to a wireless access point
2020-06-07T22:19:21-0300 [stdout#info] Not connected to a wireless access point
2020-06-07T22:19:21-0300 [stdout#info] Not connected to a wireless access point
2020-06-07T22:19:22-0300 [stdout#info] Not connected to a wireless access point
2020-06-07T22:19:22-0300 [stdout#info] Not connected to a wireless access point
2020-06-07T22:19:22-0300 [stdout#info] Not connected to a wireless access point
2020-06-07T22:19:22-0300 [stdout#info] Not connected to a wireless access point
2020-06-07T22:19:22-0300 [stdout#info] Not connected to a wireless access point
2020-06-07T22:19:22-0300 [stdout#info] Not connected to a wireless access point
2020-06-07T22:19:22-0300 [stdout#info] Not connected to a wireless access point
2020-06-07T22:19:22-0300 [stdout#info] Not connected to a wireless access point
2020-06-07T22:19:22-0300 [stdout#info] Not connected to a wireless access point
2020-06-07T22:19:22-0300 [stdout#info] Not connected to a wireless access point
2020-06-07T22:19:23-0300 [stdout#info] Not connected to a wireless access point
2020-06-07T22:19:23-0300 [stdout#info] Not connected to a wireless access point
2020-06-07T22:19:23-0300 [stdout#info] Not connected to a wireless access point
2020-06-07T22:19:23-0300 [stdout#info] Not connected to a wireless access point
2020-06-07T22:19:23-0300 [stdout#info] Not connected to a wireless access point
2020-06-07T22:19:23-0300 [stdout#info] Not connected to a wireless access point
2020-06-07T22:19:23-0300 [stdout#info] Not connected to a wireless access point
2020-06-07T22:19:23-0300 [stdout#info] Not connected to a wireless access point
2020-06-07T22:19:23-0300 [stdout#info] Not connected to a wireless access point
2020-06-07T22:19:23-0300 [stdout#info] Not connected to a wireless access point
2020-06-07T22:19:24-0300 [stdout#info] Not connected to a wireless access point
2020-06-07T22:19:24-0300 [stdout#info] Not connected to a wireless access point
2020-06-07T22:19:24-0300 [stdout#info] Not connected to a wireless access point
2020-06-07T22:19:24-0300 [stdout#info] Not connected to a wireless access point
2020-06-07T22:19:24-0300 [stdout#info] Not connected to a wireless access point
2020-06-07T22:19:24-0300 [stdout#info] Not connected to a wireless access point
2020-06-07T22:19:24-0300 [stdout#info] Not connected to a wireless access point
2020-06-07T22:19:24-0300 [stdout#info] Not connected to a wireless access point
2020-06-07T22:19:24-0300 [stdout#info] Not connected to a wireless access point
2020-06-07T22:19:24-0300 [stdout#info] Not connected to a wireless access point
2020-06-07T22:19:25-0300 [stdout#info] Not connected to a wireless access point
2020-06-07T22:19:25-0300 [stdout#info] Not connected to a wireless access point
2020-06-07T22:19:25-0300 [stdout#info] Not connected to a wireless access point
2020-06-07T22:19:25-0300 [stdout#info] Not connected to a wireless access point
2020-06-07T22:19:25-0300 [stdout#info] Not connected to a wireless access point
2020-06-07T22:19:25-0300 [stdout#info] Not connected to a wireless access point
2020-06-07T22:19:25-0300 [stdout#info] Not connected to a wireless access point
2020-06-07T22:19:25-0300 [stdout#info] Not connected to a wireless access point
2020-06-07T22:19:25-0300 [stdout#info] Not connected to a wireless access point
2020-06-07T22:19:25-0300 [stdout#info] Not connected to a wireless access point
2020-06-07T22:19:26-0300 [stdout#info] Not connected to a wireless access point
2020-06-07T22:19:26-0300 [stdout#info] Not connected to a wireless access point
2020-06-07T22:19:26-0300 [stdout#info] Not connected to a wireless access point
2020-06-07T22:19:26-0300 [stdout#info] Not connected to a wireless access point
2020-06-07T22:19:26-0300 [stdout#info] Not connected to a wireless access point
2020-06-07T22:19:26-0300 [stdout#info] Not connected to a wireless access point
2020-06-07T22:19:26-0300 [stdout#info] Not connected to a wireless access point
2020-06-07T22:19:26-0300 [stdout#info] Not connected to a wireless access point
2020-06-07T22:19:26-0300 [stdout#info] Not connected to a wireless access point
2020-06-07T22:19:26-0300 [stdout#info] Not connected to a wireless access point
2020-06-07T22:19:27-0300 [stdout#info] Not connected to a wireless access point
2020-06-07T22:19:27-0300 [stdout#info] Not connected to a wireless access point
2020-06-07T22:19:27-0300 [stdout#info] Not connected to a wireless access point
2020-06-07T22:19:27-0300 [stdout#info] Not connected to a wireless access point
2020-06-07T22:19:27-0300 [stdout#info] Not connected to a wireless access point
2020-06-07T22:19:27-0300 [stdout#info] Not connected to a wireless access point
2020-06-07T22:19:27-0300 [stdout#info] Not connected to a wireless access point
2020-06-07T22:19:27-0300 [stdout#info] Not connected to a wireless access point
2020-06-07T22:19:27-0300 [stdout#info] Not connected to a wireless access point
2020-06-07T22:19:27-0300 [stdout#info] Not connected to a wireless access point
2020-06-07T22:19:28-0300 [stdout#info] Not connected to a wireless access point
2020-06-07T22:19:28-0300 [stdout#info] Not connected to a wireless access point
2020-06-07T22:19:28-0300 [stdout#info] Not connected to a wireless access point
2020-06-07T22:19:28-0300 [stdout#info] Not connected to a wireless access point
2020-06-07T22:19:28-0300 [stdout#info] Not connected to a wireless access point
2020-06-07T22:19:28-0300 [stdout#info] Not connected to a wireless access point
2020-06-07T22:19:28-0300 [stdout#info] Not connected to a wireless access point
2020-06-07T22:19:28-0300 [stdout#info] Not connected to a wireless access point
2020-06-07T22:19:28-0300 [stdout#info] Not connected to a wireless access point
2020-06-07T22:19:28-0300 [stdout#info] Not connected to a wireless access point
2020-06-07T22:19:29-0300 [stdout#info] Not connected to a wireless access point
2020-06-07T22:19:29-0300 [stdout#info] Not connected to a wireless access point
2020-06-07T22:19:29-0300 [stdout#info] Not connected to a wireless access point
2020-06-07T22:19:29-0300 [stdout#info] Not connected to a wireless access point
2020-06-07T22:19:29-0300 [stdout#info] Not connected to a wireless access point
2020-06-07T22:19:29-0300 [stdout#info] Not connected to a wireless access point
2020-06-07T22:19:29-0300 [stdout#info] Not connected to a wireless access point
2020-06-07T22:19:29-0300 [stdout#info] Not connected to a wireless access point
2020-06-07T22:19:29-0300 [stdout#info] Not connected to a wireless access point
2020-06-07T22:19:29-0300 [stdout#info] Not connected to a wireless access point
2020-06-07T22:19:30-0300 [stdout#info] Not connected to a wireless access point
2020-06-07T22:19:30-0300 [stdout#info] Not connected to a wireless access point
2020-06-07T22:19:30-0300 [stdout#info] Not connected to a wireless access point
2020-06-07T22:19:30-0300 [stdout#info] Not connected to a wireless access point
2020-06-07T22:19:30-0300 [stdout#info] Not connected to a wireless access point
2020-06-07T22:19:30-0300 [stdout#info] Not connected to a wireless access point
2020-06-07T22:19:30-0300 [stdout#info] Not connected to a wireless access point
2020-06-07T22:19:30-0300 [stdout#info] Not connected to a wireless access point
2020-06-07T22:19:30-0300 [stdout#info] Not connected to a wireless access point
2020-06-07T22:19:30-0300 [stdout#info] Not connected to a wireless access point
2020-06-07T22:19:31-0300 [stdout#info] Not connected to a wireless access point
2020-06-07T22:19:31-0300 [stdout#info] Not connected to a wireless access point
2020-06-07T22:19:31-0300 [stdout#info] Not connected to a wireless access point
2020-06-07T22:19:31-0300 [stdout#info] Not connected to a wireless access point
2020-06-07T22:19:31-0300 [stdout#info] Not connected to a wireless access point
2020-06-07T22:19:31-0300 [stdout#info] Not connected to a wireless access point
2020-06-07T22:19:31-0300 [stdout#info] Not connected to a wireless access point
2020-06-07T22:19:31-0300 [stdout#info] Not connected to a wireless access point
2020-06-07T22:19:31-0300 [stdout#info] Not connected to a wireless access point
2020-06-07T22:19:31-0300 [stdout#info] Not connected to a wireless access point
2020-06-07T22:19:32-0300 [stdout#info] Not connected to a wireless access point
2020-06-07T22:19:32-0300 [stdout#info] Not connected to a wireless access point
2020-06-07T22:19:32-0300 [stdout#info] Not connected to a wireless access point
2020-06-07T22:19:32-0300 [stdout#info] Not connected to a wireless access point
2020-06-07T22:19:32-0300 [stdout#info] Not connected to a wireless access point
2020-06-07T22:19:32-0300 [stdout#info] Not connected to a wireless access point
2020-06-07T22:19:32-0300 [stdout#info] Not connected to a wireless access point
2020-06-07T22:19:32-0300 [stdout#info] Not connected to a wireless access point
2020-06-07T22:19:32-0300 [stdout#info] Not connected to a wireless access point
2020-06-07T22:19:32-0300 [stdout#info] Not connected to a wireless access point
2020-06-07T22:19:33-0300 [stdout#info] Not connected to a wireless access point
2020-06-07T22:19:33-0300 [stdout#info] Not connected to a wireless access point
2020-06-07T22:19:33-0300 [stdout#info] Not connected to a wireless access point
2020-06-07T22:19:33-0300 [stdout#info] Not connected to a wireless access point
2020-06-07T22:19:33-0300 [stdout#info] Not connected to a wireless access point
2020-06-07T22:19:33-0300 [stdout#info] Not connected to a wireless access point
2020-06-07T22:19:33-0300 [stdout#info] Not connected to a wireless access point
2020-06-07T22:19:33-0300 [stdout#info] Not connected to a wireless access point
2020-06-07T22:19:33-0300 [stdout#info] Not connected to a wireless access point
2020-06-07T22:19:33-0300 [stdout#info] Not connected to a wireless access point
2020-06-07T22:19:34-0300 [stdout#info] Not connected to a wireless access point
2020-06-07T22:19:34-0300 [stdout#info] Not connected to a wireless access point
2020-06-07T22:19:34-0300 [stdout#info] Not connected to a wireless access point
2020-06-07T22:19:34-0300 [stdout#info] Not connected to a wireless access point
2020-06-07T22:19:34-0300 [stdout#info] Not connected to a wireless access point
2020-06-07T22:19:34-0300 [stdout#info] Not connected to a wireless access point
2020-06-07T22:19:34-0300 [stdout#info] Not connected to a wireless access point
2020-06-07T22:19:34-0300 [stdout#info] Not connected to a wireless access point
2020-06-07T22:19:34-0300 [stdout#info] Not connected to a wireless access point
2020-06-07T22:19:34-0300 [stdout#info] Not connected to a wireless access point
2020-06-07T22:19:35-0300 [stdout#info] Not connected to a wireless access point
2020-06-07T22:19:35-0300 [stdout#info] Not connected to a wireless access point
2020-06-07T22:19:35-0300 [stdout#info] Not connected to a wireless access point
2020-06-07T22:19:35-0300 [stdout#info] Not connected to a wireless access point
2020-06-07T22:19:35-0300 [stdout#info] Not connected to a wireless access point
2020-06-07T22:19:35-0300 [stdout#info] Not connected to a wireless access point
2020-06-07T22:19:35-0300 [stdout#info] Not connected to a wireless access point
2020-06-07T22:19:35-0300 [stdout#info] Not connected to a wireless access point
2020-06-07T22:19:35-0300 [stdout#info] Not connected to a wireless access point
2020-06-07T22:19:35-0300 [stdout#info] Not connected to a wireless access point
2020-06-07T22:19:36-0300 [stdout#info] Not connected to a wireless access point
2020-06-07T22:19:36-0300 [stdout#info] Not connected to a wireless access point
2020-06-07T22:19:36-0300 [stdout#info] Not connected to a wireless access point
2020-06-07T22:19:36-0300 [stdout#info] Not connected to a wireless access point
2020-06-07T22:19:36-0300 [stdout#info] Not connected to a wireless access point
2020-06-07T22:19:36-0300 [stdout#info] Not connected to a wireless access point
2020-06-07T22:19:36-0300 [stdout#info] Not connected to a wireless access point
2020-06-07T22:19:36-0300 [stdout#info] Not connected to a wireless access point
2020-06-07T22:19:36-0300 [stdout#info] Not connected to a wireless access point
2020-06-07T22:19:36-0300 [stdout#info] Not connected to a wireless access point
2020-06-07T22:19:37-0300 [stdout#info] Not connected to a wireless access point
2020-06-07T22:19:37-0300 [stdout#info] Not connected to a wireless access point
2020-06-07T22:19:37-0300 [stdout#info] Not connected to a wireless access point
2020-06-07T22:19:37-0300 [stdout#info] Not connected to a wireless access point
2020-06-07T22:19:37-0300 [stdout#info] Not connected to a wireless access point
2020-06-07T22:19:37-0300 [stdout#info] Not connected to a wireless access point
2020-06-07T22:19:37-0300 [stdout#info] Not connected to a wireless access point
2020-06-07T22:19:37-0300 [stdout#info] Not connected to a wireless access point
2020-06-07T22:19:37-0300 [stdout#info] Not connected to a wireless access point
2020-06-07T22:19:37-0300 [stdout#info] Not connected to a wireless access point
2020-06-07T22:19:38-0300 [stdout#info] Not connected to a wireless access point
2020-06-07T22:19:38-0300 [stdout#info] Not connected to a wireless access point
2020-06-07T22:19:38-0300 [stdout#info] Not connected to a wireless access point
2020-06-07T22:19:38-0300 [stdout#info] Not connected to a wireless access point
2020-06-07T22:19:38-0300 [stdout#info] Not connected to a wireless access point
2020-06-07T22:19:38-0300 [stdout#info] Not connected to a wireless access point
2020-06-07T22:19:38-0300 [stdout#info] Not connected to a wireless access point
2020-06-07T22:19:38-0300 [stdout#info] Not connected to a wireless access point
2020-06-07T22:19:38-0300 [stdout#info] Not connected to a wireless access point
2020-06-07T22:19:38-0300 [stdout#info] Not connected to a wireless access point
2020-06-07T22:19:39-0300 [stdout#info] Not connected to a wireless access point
2020-06-07T22:19:39-0300 [stdout#info] Not connected to a wireless access point
2020-06-07T22:19:39-0300 [stdout#info] Not connected to a wireless access point
2020-06-07T22:19:39-0300 [stdout#info] Not connected to a wireless access point
2020-06-07T22:19:39-0300 [stdout#info] Not connected to a wireless access point
2020-06-07T22:19:39-0300 [stdout#info] Not connected to a wireless access point
2020-06-07T22:19:39-0300 [stdout#info] Not connected to a wireless access point
2020-06-07T22:19:39-0300 [stdout#info] Not connected to a wireless access point
2020-06-07T22:19:39-0300 [stdout#info] Not connected to a wireless access point
2020-06-07T22:19:39-0300 [stdout#info] Not connected to a wireless access point
2020-06-07T22:19:40-0300 [stdout#info] Not connected to a wireless access point
2020-06-07T22:19:40-0300 [stdout#info] Not connected to a wireless access point
2020-06-07T22:19:40-0300 [stdout#info] Not connected to a wireless access point
2020-06-07T22:19:40-0300 [stdout#info] Not connected to a wireless access point
2020-06-07T22:19:40-0300 [stdout#info] Not connected to a wireless access point
2020-06-07T22:19:40-0300 [stdout#info] Not connected to a wireless access point
2020-06-07T22:19:40-0300 [stdout#info] Not connected to a wireless access point
2020-06-07T22:19:40-0300 [stdout#info] Not connected to a wireless access point
2020-06-07T22:19:40-0300 [stdout#info] Not connected to a wireless access point
2020-06-07T22:19:40-0300 [stdout#info] Not connected to a wireless access point
2020-06-07T22:19:41-0300 [stdout#info] Not connected to a wireless access point
2020-06-07T22:19:41-0300 [stdout#info] Not connected to a wireless access point
2020-06-07T22:19:41-0300 [stdout#info] Not connected to a wireless access point
2020-06-07T22:19:41-0300 [stdout#info] Not connected to a wireless access point
2020-06-07T22:19:41-0300 [stdout#info] Not connected to a wireless access point
2020-06-07T22:19:41-0300 [stdout#info] Not connected to a wireless access point
2020-06-07T22:19:41-0300 [stdout#info] Not connected to a wireless access point
2020-06-07T22:19:41-0300 [stdout#info] Not connected to a wireless access point
2020-06-07T22:19:41-0300 [stdout#info] Not connected to a wireless access point
2020-06-07T22:19:41-0300 [stdout#info] Not connected to a wireless access point
2020-06-07T22:19:42-0300 [stdout#info] Not connected to a wireless access point
2020-06-07T22:19:42-0300 [stdout#info] Not connected to a wireless access point
2020-06-07T22:19:42-0300 [stdout#info] Not connected to a wireless access point
2020-06-07T22:19:42-0300 [stdout#info] Not connected to a wireless access point
2020-06-07T22:19:42-0300 [stdout#info] Not connected to a wireless access point
2020-06-07T22:19:42-0300 [stdout#info] Not connected to a wireless access point
2020-06-07T22:19:42-0300 [stdout#info] Not connected to a wireless access point
2020-06-07T22:19:42-0300 [stdout#info] Not connected to a wireless access point
2020-06-07T22:19:42-0300 [stdout#info] Not connected to a wireless access point
2020-06-07T22:19:42-0300 [stdout#info] Not connected to a wireless access point
2020-06-07T22:19:43-0300 [stdout#info] Not connected to a wireless access point
2020-06-07T22:19:43-0300 [stdout#info] Not connected to a wireless access point
2020-06-07T22:19:43-0300 [stdout#info] Not connected to a wireless access point
2020-06-07T22:19:43-0300 [stdout#info] Not connected to a wireless access point
2020-06-07T22:19:43-0300 [stdout#info] Not connected to a wireless access point
2020-06-07T22:19:43-0300 [stdout#info] Not connected to a wireless access point
2020-06-07T22:19:43-0300 [stdout#info] Not connected to a wireless access point
2020-06-07T22:19:43-0300 [stdout#info] Not connected to a wireless access point
2020-06-07T22:19:43-0300 [stdout#info] Not connected to a wireless access point
2020-06-07T22:19:43-0300 [stdout#info] Not connected to a wireless access point
2020-06-07T22:19:44-0300 [stdout#info] Not connected to a wireless access point
2020-06-07T22:19:44-0300 [stdout#info] Not connected to a wireless access point
2020-06-07T22:19:44-0300 [stdout#info] Not connected to a wireless access point
2020-06-07T22:19:44-0300 [stdout#info] Not connected to a wireless access point
2020-06-07T22:19:44-0300 [stdout#info] Not connected to a wireless access point
2020-06-07T22:19:44-0300 [stdout#info] Not connected to a wireless access point
2020-06-07T22:19:44-0300 [stdout#info] Not connected to a wireless access point
2020-06-07T22:19:44-0300 [stdout#info] Not connected to a wireless access point
2020-06-07T22:19:44-0300 [stdout#info] Not connected to a wireless access point
2020-06-07T22:19:44-0300 [stdout#info] Not connected to a wireless access point
2020-06-07T22:19:45-0300 [stdout#info] Not connected to a wireless access point
2020-06-07T22:19:45-0300 [stdout#info] Not connected to a wireless access point
2020-06-07T22:19:45-0300 [stdout#info] Not connected to a wireless access point
2020-06-07T22:19:45-0300 [stdout#info] Not connected to a wireless access point
2020-06-07T22:19:45-0300 [stdout#info] Not connected to a wireless access point
2020-06-07T22:19:45-0300 [stdout#info] Not connected to a wireless access point
2020-06-07T22:19:45-0300 [stdout#info] Not connected to a wireless access point
2020-06-07T22:19:45-0300 [stdout#info] Not connected to a wireless access point
2020-06-07T22:19:45-0300 [stdout#info] Not connected to a wireless access point
2020-06-07T22:19:45-0300 [stdout#info] Not connected to a wireless access point
2020-06-07T22:19:46-0300 [stdout#info] Not connected to a wireless access point
2020-06-07T22:19:46-0300 [stdout#info] Not connected to a wireless access point
2020-06-07T22:19:46-0300 [stdout#info] Not connected to a wireless access point
2020-06-07T22:19:46-0300 [stdout#info] Not connected to a wireless access point
2020-06-07T22:19:46-0300 [stdout#info] Not connected to a wireless access point
2020-06-07T22:19:46-0300 [stdout#info] Not connected to a wireless access point
2020-06-07T22:19:46-0300 [stdout#info] Not connected to a wireless access point
2020-06-07T22:19:46-0300 [stdout#info] Not connected to a wireless access point
2020-06-07T22:19:46-0300 [stdout#info] Not connected to a wireless access point
2020-06-07T22:19:46-0300 [stdout#info] Not connected to a wireless access point
2020-06-07T22:19:47-0300 [stdout#info] Not connected to a wireless access point
2020-06-07T22:19:47-0300 [stdout#info] Not connected to a wireless access point
2020-06-07T22:19:47-0300 [stdout#info] Not connected to a wireless access point
2020-06-07T22:19:47-0300 [stdout#info] Not connected to a wireless access point
2020-06-07T22:19:47-0300 [stdout#info] Not connected to a wireless access point
2020-06-07T22:19:47-0300 [stdout#info] Not connected to a wireless access point
2020-06-07T22:19:47-0300 [stdout#info] Not connected to a wireless access point
2020-06-07T22:19:47-0300 [stdout#info] Not connected to a wireless access point
2020-06-07T22:19:47-0300 [stdout#info] Not connected to a wireless access point
2020-06-07T22:19:47-0300 [stdout#info] Not connected to a wireless access point
2020-06-07T22:19:48-0300 [stdout#info] Not connected to a wireless access point
2020-06-07T22:19:48-0300 [stdout#info] Not connected to a wireless access point
2020-06-07T22:19:48-0300 [stdout#info] Not connected to a wireless access point
2020-06-07T22:19:48-0300 [stdout#info] Assossiated to : notebook 1
2020-06-07T22:19:48-0300 [twisted.internet.endpoints.OneShotFactory#info] Starting factory <twisted.internet.endpoints.connectProtocol.<locals>.OneShotFactory object at 0x7fde9a84aa90>
2020-06-07T22:19:48-0300 [applications.httpapp.HttpServerAppFactory] Connection received - Number of events: 5
2020-06-07T22:19:48-0300 [HttpServerAppProtocol,0,127.0.0.1] Received from client HTTP 1.0 / GET request
2020-06-07T22:19:48-0300 [HttpServerAppProtocol,0,127.0.0.1] Sending HTTP RESPONSE - Number of events: 6
2020-06-07T22:19:56-0300 [-] Closing IoTFogSim Application...
2020-06-07T22:19:56-0300 [twisted.internet.endpoints.OneShotFactory#info] Stopping factory <twisted.internet.endpoints.connectProtocol.<locals>.OneShotFactory object at 0x7fde9a84aa90>
2020-06-07T22:19:56-0300 [applications.httpapp.HttpServerAppFactory] (TCP Port 8080 Closed)
2020-06-07T22:19:56-0300 [applications.routerapp.RouterFactory] (TCP Port 8081 Closed)
2020-06-07T22:19:56-0300 [HttpServerAppProtocol,0,127.0.0.1] connection lost: Connection to the other side was lost in a non-clean fashion: Connection lost.
2020-06-07T22:19:56-0300 [HttpServerAppProtocol,0,127.0.0.1] connection lost - Number of events: 7
2020-06-07T22:19:56-0300 [-] Main loop terminated.
