2020-06-07T11:36:31-0300 [-] Initializing Server - Number of events: 1
2020-06-07T11:36:31-0300 [-] HttpServerAppFactory starting on 8082
2020-06-07T11:36:31-0300 [-] Creating router ...
2020-06-07T11:36:31-0300 [-] Initializing Router - Number of events: 2
2020-06-07T11:36:32-0300 [-] RouterFactory starting on 8081
2020-06-07T11:36:32-0300 [-] Creating AccessPoint station ...
2020-06-07T11:36:32-0300 [-] Initializing Access Point - Number of events: 3
2020-06-07T11:36:32-0300 [stdout#info] <applications.accesspointapp.AccessPointAppProtocol object at 0x7f820f28f390>
2020-06-07T11:36:32-0300 [stdout#info] sem entrada
2020-06-07T11:36:32-0300 [stdout#info] sem saida
2020-06-07T11:36:32-0300 [-] Initializing sensor node - Number of events: 4
2020-06-07T11:36:33-0300 [stdout#info] Not connected to a wireless access point
2020-06-07T11:36:33-0300 [stdout#info] Assossiated to : notebook 1
2020-06-07T11:36:33-0300 [stdout#info] This divice have no simulation core instance
2020-06-07T11:36:33-0300 [stdout#info] This divice have no simulation core instance
2020-06-07T11:36:33-0300 [stdout#info] {b'{"destiny_addr": "127.0.0.1", "destiny_port": 8080, "source_addr": "127.0.0.1", "source_port": 8888, "type": "http", "payload": "HTTP 1.0 / GET request"}'}
2020-06-07T11:36:33-0300 [stdout#info] <applications.accesspointapp.AccessPointAppProtocol object at 0x7f820f28f390>
2020-06-07T11:36:33-0300 [stdout#info] set()
2020-06-07T11:36:33-0300 [stdout#info] sem saida
2020-06-07T11:36:34-0300 [stdout#info] <applications.accesspointapp.AccessPointAppProtocol object at 0x7f820f28f390>
2020-06-07T11:36:34-0300 [stdout#info] sem entrada
2020-06-07T11:36:34-0300 [stdout#info] sem saida
2020-06-07T11:36:35-0300 [stdout#info] <applications.accesspointapp.AccessPointAppProtocol object at 0x7f820f28f390>
2020-06-07T11:36:35-0300 [stdout#info] sem entrada
2020-06-07T11:36:35-0300 [stdout#info] sem saida
2020-06-07T11:36:36-0300 [stdout#info] <applications.accesspointapp.AccessPointAppProtocol object at 0x7f820f28f390>
2020-06-07T11:36:36-0300 [stdout#info] sem entrada
2020-06-07T11:36:36-0300 [stdout#info] sem saida
2020-06-07T11:36:37-0300 [stdout#info] <applications.accesspointapp.AccessPointAppProtocol object at 0x7f820f28f390>
2020-06-07T11:36:37-0300 [stdout#info] sem entrada
2020-06-07T11:36:37-0300 [stdout#info] sem saida
2020-06-07T11:36:38-0300 [stdout#info] <applications.accesspointapp.AccessPointAppProtocol object at 0x7f820f28f390>
2020-06-07T11:36:38-0300 [stdout#info] sem entrada
2020-06-07T11:36:38-0300 [stdout#info] sem saida
2020-06-07T11:36:39-0300 [stdout#info] <applications.accesspointapp.AccessPointAppProtocol object at 0x7f820f28f390>
2020-06-07T11:36:39-0300 [stdout#info] sem entrada
2020-06-07T11:36:39-0300 [stdout#info] sem saida
2020-06-07T11:36:40-0300 [stdout#info] <applications.accesspointapp.AccessPointAppProtocol object at 0x7f820f28f390>
2020-06-07T11:36:40-0300 [stdout#info] sem entrada
2020-06-07T11:36:40-0300 [stdout#info] sem saida
2020-06-07T11:36:41-0300 [stdout#info] <applications.accesspointapp.AccessPointAppProtocol object at 0x7f820f28f390>
2020-06-07T11:36:41-0300 [stdout#info] sem entrada
2020-06-07T11:36:41-0300 [stdout#info] sem saida
2020-06-07T11:36:42-0300 [stdout#info] <applications.accesspointapp.AccessPointAppProtocol object at 0x7f820f28f390>
2020-06-07T11:36:42-0300 [stdout#info] sem entrada
2020-06-07T11:36:42-0300 [stdout#info] sem saida
2020-06-07T11:36:43-0300 [stdout#info] <applications.accesspointapp.AccessPointAppProtocol object at 0x7f820f28f390>
2020-06-07T11:36:43-0300 [stdout#info] sem entrada
2020-06-07T11:36:43-0300 [stdout#info] sem saida
2020-06-07T11:36:44-0300 [stdout#info] <applications.accesspointapp.AccessPointAppProtocol object at 0x7f820f28f390>
2020-06-07T11:36:44-0300 [stdout#info] sem entrada
2020-06-07T11:36:44-0300 [stdout#info] sem saida
2020-06-07T11:36:45-0300 [stdout#info] <applications.accesspointapp.AccessPointAppProtocol object at 0x7f820f28f390>
2020-06-07T11:36:45-0300 [stdout#info] sem entrada
2020-06-07T11:36:45-0300 [stdout#info] sem saida
2020-06-07T11:36:46-0300 [stdout#info] <applications.accesspointapp.AccessPointAppProtocol object at 0x7f820f28f390>
2020-06-07T11:36:46-0300 [stdout#info] sem entrada
2020-06-07T11:36:46-0300 [stdout#info] sem saida
2020-06-07T11:36:47-0300 [stdout#info] <applications.accesspointapp.AccessPointAppProtocol object at 0x7f820f28f390>
2020-06-07T11:36:47-0300 [stdout#info] sem entrada
2020-06-07T11:36:47-0300 [stdout#info] sem saida
2020-06-07T11:36:48-0300 [stdout#info] <applications.accesspointapp.AccessPointAppProtocol object at 0x7f820f28f390>
2020-06-07T11:36:48-0300 [stdout#info] sem entrada
2020-06-07T11:36:48-0300 [stdout#info] sem saida
2020-06-07T11:36:49-0300 [stdout#info] <applications.accesspointapp.AccessPointAppProtocol object at 0x7f820f28f390>
2020-06-07T11:36:49-0300 [stdout#info] sem entrada
2020-06-07T11:36:49-0300 [stdout#info] sem saida
2020-06-07T11:36:50-0300 [stdout#info] <applications.accesspointapp.AccessPointAppProtocol object at 0x7f820f28f390>
2020-06-07T11:36:50-0300 [stdout#info] sem entrada
2020-06-07T11:36:50-0300 [stdout#info] sem saida
2020-06-07T11:36:51-0300 [stdout#info] <applications.accesspointapp.AccessPointAppProtocol object at 0x7f820f28f390>
2020-06-07T11:36:51-0300 [stdout#info] sem entrada
2020-06-07T11:36:51-0300 [stdout#info] sem saida
2020-06-07T11:36:52-0300 [stdout#info] <applications.accesspointapp.AccessPointAppProtocol object at 0x7f820f28f390>
2020-06-07T11:36:52-0300 [stdout#info] sem entrada
2020-06-07T11:36:52-0300 [stdout#info] sem saida
2020-06-07T11:36:53-0300 [stdout#info] <applications.accesspointapp.AccessPointAppProtocol object at 0x7f820f28f390>
2020-06-07T11:36:53-0300 [stdout#info] sem entrada
2020-06-07T11:36:53-0300 [stdout#info] sem saida
2020-06-07T11:36:54-0300 [stdout#info] <applications.accesspointapp.AccessPointAppProtocol object at 0x7f820f28f390>
2020-06-07T11:36:54-0300 [stdout#info] sem entrada
2020-06-07T11:36:54-0300 [stdout#info] sem saida
2020-06-07T11:36:55-0300 [stdout#info] <applications.accesspointapp.AccessPointAppProtocol object at 0x7f820f28f390>
2020-06-07T11:36:55-0300 [stdout#info] sem entrada
2020-06-07T11:36:55-0300 [stdout#info] sem saida
2020-06-07T11:36:56-0300 [stdout#info] <applications.accesspointapp.AccessPointAppProtocol object at 0x7f820f28f390>
2020-06-07T11:36:56-0300 [stdout#info] sem entrada
2020-06-07T11:36:56-0300 [stdout#info] sem saida
2020-06-07T11:36:57-0300 [stdout#info] <applications.accesspointapp.AccessPointAppProtocol object at 0x7f820f28f390>
2020-06-07T11:36:57-0300 [stdout#info] sem entrada
2020-06-07T11:36:57-0300 [stdout#info] sem saida
2020-06-07T11:36:58-0300 [stdout#info] <applications.accesspointapp.AccessPointAppProtocol object at 0x7f820f28f390>
2020-06-07T11:36:58-0300 [stdout#info] sem entrada
2020-06-07T11:36:58-0300 [stdout#info] sem saida
2020-06-07T11:36:59-0300 [stdout#info] <applications.accesspointapp.AccessPointAppProtocol object at 0x7f820f28f390>
2020-06-07T11:36:59-0300 [stdout#info] sem entrada
2020-06-07T11:36:59-0300 [stdout#info] sem saida
2020-06-07T11:37:00-0300 [stdout#info] <applications.accesspointapp.AccessPointAppProtocol object at 0x7f820f28f390>
2020-06-07T11:37:00-0300 [stdout#info] sem entrada
2020-06-07T11:37:00-0300 [stdout#info] sem saida
2020-06-07T11:37:01-0300 [stdout#info] <applications.accesspointapp.AccessPointAppProtocol object at 0x7f820f28f390>
2020-06-07T11:37:01-0300 [stdout#info] sem entrada
2020-06-07T11:37:01-0300 [stdout#info] sem saida
2020-06-07T11:37:02-0300 [stdout#info] <applications.accesspointapp.AccessPointAppProtocol object at 0x7f820f28f390>
2020-06-07T11:37:02-0300 [stdout#info] sem entrada
2020-06-07T11:37:02-0300 [stdout#info] sem saida
2020-06-07T11:37:03-0300 [stdout#info] <applications.accesspointapp.AccessPointAppProtocol object at 0x7f820f28f390>
2020-06-07T11:37:03-0300 [stdout#info] sem entrada
2020-06-07T11:37:03-0300 [stdout#info] sem saida
2020-06-07T11:37:04-0300 [stdout#info] <applications.accesspointapp.AccessPointAppProtocol object at 0x7f820f28f390>
2020-06-07T11:37:04-0300 [stdout#info] sem entrada
2020-06-07T11:37:04-0300 [stdout#info] sem saida
2020-06-07T11:37:05-0300 [stdout#info] <applications.accesspointapp.AccessPointAppProtocol object at 0x7f820f28f390>
2020-06-07T11:37:05-0300 [stdout#info] sem entrada
2020-06-07T11:37:05-0300 [stdout#info] sem saida
2020-06-07T11:37:06-0300 [stdout#info] <applications.accesspointapp.AccessPointAppProtocol object at 0x7f820f28f390>
2020-06-07T11:37:06-0300 [stdout#info] sem entrada
2020-06-07T11:37:06-0300 [stdout#info] sem saida
2020-06-07T11:37:07-0300 [stdout#info] <applications.accesspointapp.AccessPointAppProtocol object at 0x7f820f28f390>
2020-06-07T11:37:07-0300 [stdout#info] sem entrada
2020-06-07T11:37:07-0300 [stdout#info] sem saida
2020-06-07T11:37:08-0300 [stdout#info] <applications.accesspointapp.AccessPointAppProtocol object at 0x7f820f28f390>
2020-06-07T11:37:08-0300 [stdout#info] sem entrada
2020-06-07T11:37:08-0300 [stdout#info] sem saida
2020-06-07T11:37:09-0300 [stdout#info] <applications.accesspointapp.AccessPointAppProtocol object at 0x7f820f28f390>
2020-06-07T11:37:09-0300 [stdout#info] sem entrada
2020-06-07T11:37:09-0300 [stdout#info] sem saida
2020-06-07T11:37:10-0300 [stdout#info] <applications.accesspointapp.AccessPointAppProtocol object at 0x7f820f28f390>
2020-06-07T11:37:10-0300 [stdout#info] sem entrada
2020-06-07T11:37:10-0300 [stdout#info] sem saida
2020-06-07T11:37:11-0300 [stdout#info] <applications.accesspointapp.AccessPointAppProtocol object at 0x7f820f28f390>
2020-06-07T11:37:11-0300 [stdout#info] sem entrada
2020-06-07T11:37:12-0300 [stdout#info] sem saida
2020-06-07T11:37:13-0300 [stdout#info] <applications.accesspointapp.AccessPointAppProtocol object at 0x7f820f28f390>
2020-06-07T11:37:13-0300 [stdout#info] sem entrada
2020-06-07T11:37:13-0300 [stdout#info] sem saida
2020-06-07T11:37:14-0300 [stdout#info] <applications.accesspointapp.AccessPointAppProtocol object at 0x7f820f28f390>
2020-06-07T11:37:14-0300 [stdout#info] sem entrada
2020-06-07T11:37:14-0300 [stdout#info] sem saida
2020-06-07T11:37:15-0300 [stdout#info] <applications.accesspointapp.AccessPointAppProtocol object at 0x7f820f28f390>
2020-06-07T11:37:15-0300 [stdout#info] sem entrada
2020-06-07T11:37:15-0300 [stdout#info] sem saida
2020-06-07T11:37:16-0300 [stdout#info] <applications.accesspointapp.AccessPointAppProtocol object at 0x7f820f28f390>
2020-06-07T11:37:16-0300 [stdout#info] sem entrada
2020-06-07T11:37:16-0300 [stdout#info] sem saida
2020-06-07T11:37:17-0300 [stdout#info] <applications.accesspointapp.AccessPointAppProtocol object at 0x7f820f28f390>
2020-06-07T11:37:17-0300 [stdout#info] sem entrada
2020-06-07T11:37:17-0300 [stdout#info] sem saida
2020-06-07T11:37:18-0300 [stdout#info] <applications.accesspointapp.AccessPointAppProtocol object at 0x7f820f28f390>
2020-06-07T11:37:18-0300 [stdout#info] sem entrada
2020-06-07T11:37:18-0300 [stdout#info] sem saida
2020-06-07T11:37:19-0300 [stdout#info] <applications.accesspointapp.AccessPointAppProtocol object at 0x7f820f28f390>
2020-06-07T11:37:19-0300 [stdout#info] sem entrada
2020-06-07T11:37:19-0300 [stdout#info] sem saida
2020-06-07T11:37:20-0300 [stdout#info] <applications.accesspointapp.AccessPointAppProtocol object at 0x7f820f28f390>
2020-06-07T11:37:20-0300 [stdout#info] sem entrada
2020-06-07T11:37:20-0300 [stdout#info] sem saida
2020-06-07T11:37:21-0300 [stdout#info] <applications.accesspointapp.AccessPointAppProtocol object at 0x7f820f28f390>
2020-06-07T11:37:21-0300 [stdout#info] sem entrada
2020-06-07T11:37:21-0300 [stdout#info] sem saida
2020-06-07T11:37:22-0300 [stdout#info] <applications.accesspointapp.AccessPointAppProtocol object at 0x7f820f28f390>
2020-06-07T11:37:22-0300 [stdout#info] sem entrada
2020-06-07T11:37:22-0300 [stdout#info] sem saida
2020-06-07T11:37:23-0300 [stdout#info] <applications.accesspointapp.AccessPointAppProtocol object at 0x7f820f28f390>
2020-06-07T11:37:23-0300 [stdout#info] sem entrada
2020-06-07T11:37:23-0300 [stdout#info] sem saida
2020-06-07T11:37:24-0300 [stdout#info] <applications.accesspointapp.AccessPointAppProtocol object at 0x7f820f28f390>
2020-06-07T11:37:24-0300 [stdout#info] sem entrada
2020-06-07T11:37:24-0300 [stdout#info] sem saida
2020-06-07T11:37:25-0300 [stdout#info] <applications.accesspointapp.AccessPointAppProtocol object at 0x7f820f28f390>
2020-06-07T11:37:25-0300 [stdout#info] sem entrada
2020-06-07T11:37:25-0300 [stdout#info] sem saida
2020-06-07T11:37:26-0300 [stdout#info] <applications.accesspointapp.AccessPointAppProtocol object at 0x7f820f28f390>
2020-06-07T11:37:26-0300 [stdout#info] sem entrada
2020-06-07T11:37:26-0300 [stdout#info] sem saida
2020-06-07T11:37:27-0300 [stdout#info] <applications.accesspointapp.AccessPointAppProtocol object at 0x7f820f28f390>
2020-06-07T11:37:27-0300 [stdout#info] sem entrada
2020-06-07T11:37:27-0300 [stdout#info] sem saida
2020-06-07T11:37:28-0300 [stdout#info] <applications.accesspointapp.AccessPointAppProtocol object at 0x7f820f28f390>
2020-06-07T11:37:28-0300 [stdout#info] sem entrada
2020-06-07T11:37:28-0300 [stdout#info] sem saida
2020-06-07T11:37:29-0300 [stdout#info] <applications.accesspointapp.AccessPointAppProtocol object at 0x7f820f28f390>
2020-06-07T11:37:29-0300 [stdout#info] sem entrada
2020-06-07T11:37:29-0300 [stdout#info] sem saida
2020-06-07T11:37:30-0300 [stdout#info] <applications.accesspointapp.AccessPointAppProtocol object at 0x7f820f28f390>
2020-06-07T11:37:30-0300 [stdout#info] sem entrada
2020-06-07T11:37:30-0300 [stdout#info] sem saida
2020-06-07T11:37:31-0300 [stdout#info] <applications.accesspointapp.AccessPointAppProtocol object at 0x7f820f28f390>
2020-06-07T11:37:31-0300 [stdout#info] sem entrada
2020-06-07T11:37:31-0300 [stdout#info] sem saida
2020-06-07T11:37:32-0300 [stdout#info] <applications.accesspointapp.AccessPointAppProtocol object at 0x7f820f28f390>
2020-06-07T11:37:32-0300 [stdout#info] sem entrada
2020-06-07T11:37:32-0300 [stdout#info] sem saida
2020-06-07T11:37:33-0300 [stdout#info] <applications.accesspointapp.AccessPointAppProtocol object at 0x7f820f28f390>
2020-06-07T11:37:33-0300 [stdout#info] sem entrada
2020-06-07T11:37:33-0300 [stdout#info] sem saida
2020-06-07T11:37:34-0300 [stdout#info] <applications.accesspointapp.AccessPointAppProtocol object at 0x7f820f28f390>
2020-06-07T11:37:34-0300 [stdout#info] sem entrada
2020-06-07T11:37:34-0300 [stdout#info] sem saida
2020-06-07T11:37:35-0300 [stdout#info] <applications.accesspointapp.AccessPointAppProtocol object at 0x7f820f28f390>
2020-06-07T11:37:35-0300 [stdout#info] sem entrada
2020-06-07T11:37:35-0300 [stdout#info] sem saida
2020-06-07T11:37:36-0300 [stdout#info] <applications.accesspointapp.AccessPointAppProtocol object at 0x7f820f28f390>
2020-06-07T11:37:36-0300 [stdout#info] sem entrada
2020-06-07T11:37:36-0300 [stdout#info] sem saida
2020-06-07T11:37:37-0300 [stdout#info] <applications.accesspointapp.AccessPointAppProtocol object at 0x7f820f28f390>
2020-06-07T11:37:37-0300 [stdout#info] sem entrada
2020-06-07T11:37:37-0300 [stdout#info] sem saida
2020-06-07T11:37:38-0300 [stdout#info] <applications.accesspointapp.AccessPointAppProtocol object at 0x7f820f28f390>
2020-06-07T11:37:38-0300 [stdout#info] sem entrada
2020-06-07T11:37:38-0300 [stdout#info] sem saida
2020-06-07T11:37:39-0300 [stdout#info] <applications.accesspointapp.AccessPointAppProtocol object at 0x7f820f28f390>
2020-06-07T11:37:39-0300 [stdout#info] sem entrada
2020-06-07T11:37:39-0300 [stdout#info] sem saida
2020-06-07T11:37:40-0300 [stdout#info] <applications.accesspointapp.AccessPointAppProtocol object at 0x7f820f28f390>
2020-06-07T11:37:40-0300 [stdout#info] sem entrada
2020-06-07T11:37:40-0300 [stdout#info] sem saida
2020-06-07T11:37:41-0300 [stdout#info] <applications.accesspointapp.AccessPointAppProtocol object at 0x7f820f28f390>
2020-06-07T11:37:41-0300 [stdout#info] sem entrada
2020-06-07T11:37:41-0300 [stdout#info] sem saida
2020-06-07T11:37:42-0300 [stdout#info] <applications.accesspointapp.AccessPointAppProtocol object at 0x7f820f28f390>
2020-06-07T11:37:42-0300 [stdout#info] sem entrada
2020-06-07T11:37:42-0300 [stdout#info] sem saida
2020-06-07T11:37:43-0300 [stdout#info] <applications.accesspointapp.AccessPointAppProtocol object at 0x7f820f28f390>
2020-06-07T11:37:43-0300 [stdout#info] sem entrada
2020-06-07T11:37:43-0300 [stdout#info] sem saida
2020-06-07T11:37:44-0300 [stdout#info] <applications.accesspointapp.AccessPointAppProtocol object at 0x7f820f28f390>
2020-06-07T11:37:44-0300 [stdout#info] sem entrada
2020-06-07T11:37:44-0300 [stdout#info] sem saida
2020-06-07T11:37:45-0300 [stdout#info] <applications.accesspointapp.AccessPointAppProtocol object at 0x7f820f28f390>
2020-06-07T11:37:45-0300 [stdout#info] sem entrada
2020-06-07T11:37:45-0300 [stdout#info] sem saida
2020-06-07T11:37:46-0300 [stdout#info] <applications.accesspointapp.AccessPointAppProtocol object at 0x7f820f28f390>
2020-06-07T11:37:46-0300 [stdout#info] sem entrada
2020-06-07T11:37:46-0300 [stdout#info] sem saida
2020-06-07T11:37:46-0300 [-] Received SIGINT, shutting down.
2020-06-07T11:37:46-0300 [applications.routerapp.RouterFactory] (TCP Port 8081 Closed)
2020-06-07T11:37:46-0300 [applications.httpapp.HttpServerAppFactory] (TCP Port 8082 Closed)
2020-06-07T11:37:46-0300 [-] Main loop terminated.
