2020-06-05T11:55:00-0300 [-] Creating router ...
2020-06-05T11:55:00-0300 [-] Initializing Router - Number of events: 1
2020-06-05T11:55:01-0300 [-] RouterFactory starting on 8081
2020-06-05T11:55:01-0300 [-] Creating AccessPoint station ...
2020-06-05T11:55:01-0300 [-] Initializing Access Point - Number of events: 2
2020-06-05T11:55:01-0300 [-] Initializing Server - Number of events: 3
2020-06-05T11:55:02-0300 [-] BrokerFactory starting on 5100
2020-06-05T11:55:02-0300 [-] Initializing sensor node - Number of events: 4
2020-06-05T11:55:02-0300 [stdout#info] Not connected
2020-06-05T11:55:02-0300 [stdout#info] Assossiated to : notebook 1
2020-06-05T11:55:02-0300 [stdout#info] This divice have no simulation core instance
2020-06-05T11:55:05-0300 [stdout#info] Connected
2020-06-05T11:55:08-0300 [stdout#info] Connected
2020-06-05T11:55:11-0300 [stdout#info] Connected
2020-06-05T11:55:14-0300 [stdout#info] Connected
2020-06-05T11:55:17-0300 [stdout#info] Connected
2020-06-05T11:55:20-0300 [stdout#info] Connected
2020-06-05T11:55:23-0300 [stdout#info] Connected
2020-06-05T11:55:26-0300 [stdout#info] Connected
2020-06-05T11:55:29-0300 [stdout#info] Connected
2020-06-05T11:55:32-0300 [stdout#info] Connected
2020-06-05T11:55:35-0300 [stdout#info] Connected
2020-06-05T11:55:38-0300 [stdout#info] Connected
2020-06-05T11:55:41-0300 [stdout#info] Connected
2020-06-05T11:55:44-0300 [stdout#info] Connected
2020-06-05T11:55:47-0300 [stdout#info] Connected
2020-06-05T11:55:50-0300 [stdout#info] Connected
2020-06-05T11:55:53-0300 [stdout#info] Connected
2020-06-05T11:55:56-0300 [stdout#info] Connected
2020-06-05T11:55:59-0300 [stdout#info] Connected
2020-06-05T11:56:02-0300 [stdout#info] Connected
2020-06-05T11:56:05-0300 [stdout#info] Connected
2020-06-05T11:56:08-0300 [stdout#info] Connected
2020-06-05T11:56:11-0300 [stdout#info] Connected
2020-06-05T11:56:14-0300 [stdout#info] Connected
2020-06-05T11:56:17-0300 [stdout#info] Connected
2020-06-05T11:56:20-0300 [stdout#info] Connected
2020-06-05T11:56:23-0300 [stdout#info] Connected
2020-06-05T11:56:26-0300 [stdout#info] Connected
2020-06-05T11:56:29-0300 [stdout#info] Connected
2020-06-05T11:56:32-0300 [stdout#info] Connected
2020-06-05T11:56:35-0300 [stdout#info] Connected
2020-06-05T11:56:38-0300 [stdout#info] Connected
2020-06-05T11:56:41-0300 [stdout#info] Connected
2020-06-05T11:56:44-0300 [stdout#info] Connected
2020-06-05T11:56:47-0300 [stdout#info] Connected
2020-06-05T11:56:50-0300 [stdout#info] Connected
2020-06-05T11:56:53-0300 [stdout#info] Connected
2020-06-05T11:56:56-0300 [stdout#info] Connected
2020-06-05T11:56:59-0300 [stdout#info] Connected
2020-06-05T11:57:02-0300 [stdout#info] Connected
2020-06-05T11:57:05-0300 [stdout#info] Connected
2020-06-05T11:57:08-0300 [stdout#info] Connected
2020-06-05T11:57:11-0300 [stdout#info] Connected
2020-06-05T11:57:14-0300 [stdout#info] Connected
2020-06-05T11:57:17-0300 [stdout#info] Connected
2020-06-05T11:57:20-0300 [stdout#info] Connected
2020-06-05T11:57:23-0300 [stdout#info] Connected
2020-06-05T11:57:26-0300 [stdout#info] Connected
2020-06-05T11:57:29-0300 [stdout#info] Connected
2020-06-05T11:57:32-0300 [stdout#info] Connected
2020-06-05T11:57:35-0300 [stdout#info] Connected
2020-06-05T11:57:38-0300 [stdout#info] Connected
2020-06-05T11:57:41-0300 [stdout#info] Connected
2020-06-05T11:57:44-0300 [stdout#info] Connected
2020-06-05T11:57:47-0300 [stdout#info] Connected
2020-06-05T11:57:50-0300 [stdout#info] Connected
2020-06-05T11:57:53-0300 [stdout#info] Connected
2020-06-05T11:57:56-0300 [stdout#info] Connected
2020-06-05T11:57:59-0300 [stdout#info] Connected
2020-06-05T11:58:02-0300 [stdout#info] Connected
2020-06-05T11:58:05-0300 [stdout#info] Connected
2020-06-05T11:58:08-0300 [stdout#info] Connected
2020-06-05T11:58:11-0300 [stdout#info] Connected
2020-06-05T11:58:14-0300 [stdout#info] Connected
2020-06-05T11:58:17-0300 [stdout#info] Connected
2020-06-05T11:58:20-0300 [stdout#info] Connected
2020-06-05T11:58:23-0300 [stdout#info] Connected
2020-06-05T11:58:26-0300 [stdout#info] Connected
2020-06-05T11:58:29-0300 [stdout#info] Connected
2020-06-05T11:58:32-0300 [stdout#info] Connected
2020-06-05T11:58:35-0300 [stdout#info] Connected
2020-06-05T11:58:38-0300 [stdout#info] Connected
2020-06-05T11:58:41-0300 [stdout#info] Connected
2020-06-05T11:58:44-0300 [stdout#info] Connected
2020-06-05T11:58:47-0300 [stdout#info] Connected
2020-06-05T11:58:50-0300 [stdout#info] Connected
2020-06-05T11:58:53-0300 [stdout#info] Connected
2020-06-05T11:58:56-0300 [stdout#info] Connected
2020-06-05T11:58:59-0300 [stdout#info] Connected
2020-06-05T11:59:02-0300 [stdout#info] Connected
2020-06-05T11:59:05-0300 [stdout#info] Connected
2020-06-05T11:59:08-0300 [stdout#info] Connected
2020-06-05T11:59:11-0300 [stdout#info] Connected
2020-06-05T11:59:14-0300 [stdout#info] Connected
2020-06-05T11:59:17-0300 [stdout#info] Connected
2020-06-05T11:59:20-0300 [stdout#info] Connected
2020-06-05T11:59:23-0300 [stdout#info] Connected
2020-06-05T11:59:26-0300 [stdout#info] Connected
2020-06-05T11:59:29-0300 [stdout#info] Connected
2020-06-05T11:59:32-0300 [stdout#info] Connected
2020-06-05T11:59:35-0300 [stdout#info] Connected
2020-06-05T11:59:39-0300 [stdout#info] Connected
2020-06-05T11:59:42-0300 [stdout#info] Connected
2020-06-05T11:59:45-0300 [stdout#info] Connected
2020-06-05T11:59:48-0300 [stdout#info] Connected
2020-06-05T11:59:51-0300 [stdout#info] Connected
2020-06-05T11:59:54-0300 [stdout#info] Connected
2020-06-05T11:59:57-0300 [stdout#info] Connected
2020-06-05T12:00:00-0300 [stdout#info] Connected
2020-06-05T12:00:03-0300 [stdout#info] Connected
2020-06-05T12:00:06-0300 [stdout#info] Connected
2020-06-05T12:00:09-0300 [stdout#info] Connected
2020-06-05T12:00:12-0300 [stdout#info] Connected
2020-06-05T12:00:15-0300 [stdout#info] Connected
2020-06-05T12:00:18-0300 [stdout#info] Connected
2020-06-05T12:00:21-0300 [stdout#info] Connected
2020-06-05T12:00:24-0300 [stdout#info] Connected
2020-06-05T12:00:27-0300 [stdout#info] Connected
2020-06-05T12:00:30-0300 [stdout#info] Connected
2020-06-05T12:00:33-0300 [stdout#info] Connected
2020-06-05T12:00:36-0300 [stdout#info] Connected
2020-06-05T12:00:39-0300 [stdout#info] Connected
2020-06-05T12:00:42-0300 [stdout#info] Connected
2020-06-05T12:00:45-0300 [stdout#info] Connected
2020-06-05T12:00:48-0300 [stdout#info] Connected
2020-06-05T12:00:51-0300 [stdout#info] Connected
2020-06-05T12:00:54-0300 [stdout#info] Connected
2020-06-05T12:00:57-0300 [stdout#info] Connected
2020-06-05T12:01:00-0300 [stdout#info] Connected
2020-06-05T12:01:03-0300 [stdout#info] Connected
2020-06-05T12:01:06-0300 [stdout#info] Connected
2020-06-05T12:01:09-0300 [stdout#info] Connected
2020-06-05T12:01:12-0300 [stdout#info] Connected
2020-06-05T12:01:15-0300 [stdout#info] Connected
2020-06-05T12:01:18-0300 [stdout#info] Connected
2020-06-05T12:01:21-0300 [stdout#info] Connected
2020-06-05T12:01:24-0300 [stdout#info] Connected
2020-06-05T12:01:27-0300 [stdout#info] Connected
2020-06-05T12:01:30-0300 [stdout#info] Connected
2020-06-05T12:01:33-0300 [stdout#info] Connected
2020-06-05T12:01:36-0300 [stdout#info] Connected
2020-06-05T12:01:39-0300 [stdout#info] Connected
2020-06-05T12:01:42-0300 [stdout#info] Connected
2020-06-05T12:01:45-0300 [stdout#info] Connected
2020-06-05T12:01:48-0300 [stdout#info] Connected
2020-06-05T12:01:51-0300 [stdout#info] Connected
2020-06-05T12:01:54-0300 [stdout#info] Connected
2020-06-05T12:01:57-0300 [stdout#info] Connected
2020-06-05T12:02:00-0300 [stdout#info] Connected
2020-06-05T12:02:03-0300 [stdout#info] Connected
2020-06-05T12:02:06-0300 [stdout#info] Connected
2020-06-05T12:02:09-0300 [stdout#info] Connected
2020-06-05T12:02:12-0300 [stdout#info] Connected
2020-06-05T12:02:15-0300 [stdout#info] Connected
2020-06-05T12:02:18-0300 [stdout#info] Connected
2020-06-05T12:02:21-0300 [stdout#info] Connected
2020-06-05T12:02:24-0300 [stdout#info] Connected
2020-06-05T12:02:27-0300 [stdout#info] Connected
2020-06-05T12:02:30-0300 [stdout#info] Connected
2020-06-05T12:02:33-0300 [stdout#info] Connected
2020-06-05T12:02:36-0300 [stdout#info] Connected
2020-06-05T12:02:39-0300 [stdout#info] Connected
2020-06-05T12:02:42-0300 [stdout#info] Connected
2020-06-05T12:02:45-0300 [stdout#info] Connected
2020-06-05T12:02:48-0300 [stdout#info] Connected
2020-06-05T12:02:51-0300 [stdout#info] Connected
2020-06-05T12:02:54-0300 [stdout#info] Connected
2020-06-05T12:02:57-0300 [stdout#info] Connected
2020-06-05T12:03:00-0300 [stdout#info] Connected
2020-06-05T12:03:03-0300 [stdout#info] Connected
2020-06-05T12:03:06-0300 [stdout#info] Connected
2020-06-05T12:03:09-0300 [stdout#info] Connected
2020-06-05T12:03:12-0300 [stdout#info] Connected
2020-06-05T12:03:15-0300 [stdout#info] Connected
2020-06-05T12:03:18-0300 [stdout#info] Connected
2020-06-05T12:03:21-0300 [stdout#info] Connected
2020-06-05T12:03:24-0300 [stdout#info] Connected
2020-06-05T12:03:27-0300 [stdout#info] Connected
2020-06-05T12:03:30-0300 [stdout#info] Connected
2020-06-05T12:03:33-0300 [stdout#info] Connected
2020-06-05T12:03:36-0300 [stdout#info] Connected
2020-06-05T12:03:39-0300 [stdout#info] Connected
2020-06-05T12:03:42-0300 [stdout#info] Connected
2020-06-05T12:03:45-0300 [stdout#info] Connected
2020-06-05T12:03:48-0300 [stdout#info] Connected
2020-06-05T12:03:51-0300 [stdout#info] Connected
2020-06-05T12:03:54-0300 [stdout#info] Connected
2020-06-05T12:03:57-0300 [stdout#info] Connected
2020-06-05T12:04:00-0300 [stdout#info] Connected
2020-06-05T12:04:03-0300 [stdout#info] Connected
2020-06-05T12:04:06-0300 [stdout#info] Connected
2020-06-05T12:04:09-0300 [stdout#info] Connected
2020-06-05T12:04:12-0300 [stdout#info] Connected
2020-06-05T12:04:15-0300 [stdout#info] Connected
2020-06-05T12:04:18-0300 [stdout#info] Connected
2020-06-05T12:04:21-0300 [stdout#info] Connected
2020-06-05T12:04:24-0300 [stdout#info] Connected
2020-06-05T12:04:27-0300 [stdout#info] Connected
2020-06-05T12:04:30-0300 [stdout#info] Connected
2020-06-05T12:04:33-0300 [stdout#info] Connected
2020-06-05T12:04:36-0300 [stdout#info] Connected
2020-06-05T12:04:39-0300 [stdout#info] Connected
2020-06-05T12:04:42-0300 [stdout#info] Connected
2020-06-05T12:04:45-0300 [stdout#info] Connected
2020-06-05T12:04:48-0300 [stdout#info] Connected
2020-06-05T12:04:51-0300 [stdout#info] Connected
2020-06-05T12:04:54-0300 [stdout#info] Connected
2020-06-05T12:04:57-0300 [stdout#info] Connected
2020-06-05T12:05:00-0300 [stdout#info] Connected
2020-06-05T12:05:03-0300 [stdout#info] Connected
2020-06-05T12:05:06-0300 [stdout#info] Connected
2020-06-05T12:05:09-0300 [stdout#info] Connected
2020-06-05T12:05:12-0300 [stdout#info] Connected
2020-06-05T12:05:15-0300 [stdout#info] Connected
2020-06-05T12:05:18-0300 [stdout#info] Connected
2020-06-05T12:05:21-0300 [stdout#info] Connected
2020-06-05T12:05:24-0300 [stdout#info] Connected
2020-06-05T12:05:27-0300 [stdout#info] Connected
2020-06-05T12:05:30-0300 [stdout#info] Connected
2020-06-05T12:05:33-0300 [stdout#info] Connected
2020-06-05T12:05:36-0300 [stdout#info] Connected
2020-06-05T12:05:39-0300 [stdout#info] Connected
2020-06-05T12:05:42-0300 [stdout#info] Connected
2020-06-05T12:05:45-0300 [stdout#info] Connected
2020-06-05T12:05:48-0300 [stdout#info] Connected
2020-06-05T12:05:51-0300 [stdout#info] Connected
2020-06-05T12:05:54-0300 [stdout#info] Connected
2020-06-05T12:05:57-0300 [stdout#info] Connected
2020-06-05T12:06:00-0300 [stdout#info] Connected
2020-06-05T12:06:03-0300 [stdout#info] Connected
2020-06-05T12:06:06-0300 [stdout#info] Connected
2020-06-05T12:06:09-0300 [stdout#info] Connected
2020-06-05T12:06:12-0300 [stdout#info] Connected
2020-06-05T12:06:15-0300 [stdout#info] Connected
2020-06-05T12:06:18-0300 [stdout#info] Connected
2020-06-05T12:06:21-0300 [stdout#info] Connected
2020-06-05T12:06:24-0300 [stdout#info] Connected
2020-06-05T12:06:27-0300 [stdout#info] Connected
2020-06-05T12:06:30-0300 [stdout#info] Connected
2020-06-05T12:06:33-0300 [stdout#info] Connected
2020-06-05T12:06:36-0300 [stdout#info] Connected
2020-06-05T12:06:39-0300 [stdout#info] Connected
2020-06-05T12:06:42-0300 [stdout#info] Connected
2020-06-05T12:06:45-0300 [stdout#info] Connected
2020-06-05T12:06:48-0300 [stdout#info] Connected
2020-06-05T12:06:51-0300 [stdout#info] Connected
2020-06-05T12:06:54-0300 [stdout#info] Connected
2020-06-05T12:06:57-0300 [stdout#info] Connected
2020-06-05T12:07:00-0300 [stdout#info] Connected
2020-06-05T12:07:03-0300 [stdout#info] Connected
2020-06-05T12:07:06-0300 [stdout#info] Connected
2020-06-05T12:07:09-0300 [stdout#info] Connected
2020-06-05T12:07:12-0300 [stdout#info] Connected
2020-06-05T12:07:15-0300 [stdout#info] Connected
2020-06-05T12:07:18-0300 [stdout#info] Connected
2020-06-05T12:07:21-0300 [stdout#info] Connected
2020-06-05T12:07:24-0300 [stdout#info] Connected
2020-06-05T12:07:27-0300 [stdout#info] Connected
2020-06-05T12:07:30-0300 [stdout#info] Connected
2020-06-05T12:07:33-0300 [stdout#info] Connected
2020-06-05T12:07:36-0300 [stdout#info] Connected
2020-06-05T12:07:39-0300 [stdout#info] Connected
2020-06-05T12:07:42-0300 [stdout#info] Connected
2020-06-05T12:07:45-0300 [stdout#info] Connected
2020-06-05T12:07:48-0300 [stdout#info] Connected
2020-06-05T12:07:51-0300 [stdout#info] Connected
2020-06-05T12:07:54-0300 [stdout#info] Connected
2020-06-05T12:07:57-0300 [stdout#info] Connected
2020-06-05T12:08:00-0300 [stdout#info] Connected
2020-06-05T12:08:03-0300 [stdout#info] Connected
2020-06-05T12:08:06-0300 [stdout#info] Connected
2020-06-05T12:08:09-0300 [stdout#info] Connected
2020-06-05T12:08:12-0300 [stdout#info] Connected
2020-06-05T12:08:15-0300 [stdout#info] Connected
2020-06-05T12:08:18-0300 [stdout#info] Connected
2020-06-05T12:08:21-0300 [stdout#info] Connected
2020-06-05T12:08:24-0300 [stdout#info] Connected
2020-06-05T12:08:27-0300 [stdout#info] Connected
2020-06-05T12:08:30-0300 [stdout#info] Connected
2020-06-05T12:08:33-0300 [stdout#info] Connected
2020-06-05T12:08:36-0300 [stdout#info] Connected
2020-06-05T12:08:39-0300 [stdout#info] Connected
2020-06-05T12:08:42-0300 [stdout#info] Connected
2020-06-05T12:08:45-0300 [stdout#info] Connected
2020-06-05T12:08:48-0300 [stdout#info] Connected
2020-06-05T12:08:51-0300 [stdout#info] Connected
2020-06-05T12:08:54-0300 [stdout#info] Connected
2020-06-05T12:08:57-0300 [stdout#info] Connected
2020-06-05T12:09:00-0300 [stdout#info] Connected
2020-06-05T12:09:03-0300 [stdout#info] Connected
2020-06-05T12:09:06-0300 [stdout#info] Connected
2020-06-05T12:09:09-0300 [stdout#info] Connected
2020-06-05T12:09:12-0300 [stdout#info] Connected
2020-06-05T12:09:15-0300 [stdout#info] Connected
2020-06-05T12:09:18-0300 [stdout#info] Connected
2020-06-05T12:09:21-0300 [stdout#info] Connected
2020-06-05T12:09:24-0300 [stdout#info] Connected
2020-06-05T12:09:27-0300 [stdout#info] Connected
2020-06-05T12:09:30-0300 [stdout#info] Connected
2020-06-05T12:09:33-0300 [stdout#info] Connected
2020-06-05T12:09:36-0300 [stdout#info] Connected
2020-06-05T12:09:39-0300 [stdout#info] Connected
2020-06-05T12:09:42-0300 [stdout#info] Connected
2020-06-05T12:09:45-0300 [stdout#info] Connected
2020-06-05T12:09:48-0300 [stdout#info] Connected
2020-06-05T12:09:51-0300 [stdout#info] Connected
2020-06-05T12:09:54-0300 [stdout#info] Connected
2020-06-05T12:09:57-0300 [stdout#info] Connected
2020-06-05T12:10:00-0300 [stdout#info] Connected
2020-06-05T12:10:03-0300 [stdout#info] Connected
2020-06-05T12:10:06-0300 [stdout#info] Connected
2020-06-05T12:10:09-0300 [stdout#info] Connected
2020-06-05T12:10:12-0300 [stdout#info] Connected
2020-06-05T12:10:15-0300 [stdout#info] Connected
2020-06-05T12:10:18-0300 [stdout#info] Connected
2020-06-05T12:10:21-0300 [stdout#info] Connected
2020-06-05T12:10:24-0300 [stdout#info] Connected
2020-06-05T12:10:27-0300 [stdout#info] Connected
2020-06-05T12:10:30-0300 [stdout#info] Connected
2020-06-05T12:10:33-0300 [stdout#info] Connected
2020-06-05T12:10:36-0300 [stdout#info] Connected
2020-06-05T12:10:39-0300 [stdout#info] Connected
2020-06-05T12:10:42-0300 [stdout#info] Connected
2020-06-05T12:10:45-0300 [stdout#info] Connected
2020-06-05T12:10:48-0300 [stdout#info] Connected
2020-06-05T12:10:51-0300 [stdout#info] Connected
2020-06-05T12:10:54-0300 [stdout#info] Connected
2020-06-05T12:10:57-0300 [stdout#info] Connected
2020-06-05T12:11:00-0300 [stdout#info] Connected
2020-06-05T12:11:03-0300 [stdout#info] Connected
2020-06-05T12:11:06-0300 [stdout#info] Connected
2020-06-05T12:11:09-0300 [stdout#info] Connected
2020-06-05T12:11:12-0300 [stdout#info] Connected
2020-06-05T12:11:15-0300 [stdout#info] Connected
2020-06-05T12:11:18-0300 [stdout#info] Connected
2020-06-05T12:11:21-0300 [stdout#info] Connected
2020-06-05T12:11:24-0300 [stdout#info] Connected
2020-06-05T12:11:27-0300 [stdout#info] Connected
2020-06-05T12:11:30-0300 [stdout#info] Connected
2020-06-05T12:11:33-0300 [stdout#info] Connected
2020-06-05T12:11:36-0300 [stdout#info] Connected
2020-06-05T12:11:39-0300 [stdout#info] Connected
2020-06-05T12:11:42-0300 [stdout#info] Connected
2020-06-05T12:11:45-0300 [stdout#info] Connected
2020-06-05T12:11:48-0300 [stdout#info] Connected
2020-06-05T12:11:51-0300 [stdout#info] Connected
2020-06-05T12:11:54-0300 [stdout#info] Connected
2020-06-05T12:11:57-0300 [stdout#info] Connected
2020-06-05T12:12:00-0300 [stdout#info] Connected
2020-06-05T12:12:03-0300 [stdout#info] Connected
2020-06-05T12:12:06-0300 [stdout#info] Connected
2020-06-05T12:12:09-0300 [stdout#info] Connected
2020-06-05T12:12:12-0300 [stdout#info] Connected
2020-06-05T12:12:15-0300 [stdout#info] Connected
2020-06-05T12:12:18-0300 [stdout#info] Connected
2020-06-05T12:12:21-0300 [stdout#info] Connected
2020-06-05T12:12:24-0300 [stdout#info] Connected
2020-06-05T12:12:27-0300 [stdout#info] Connected
2020-06-05T12:12:30-0300 [stdout#info] Connected
2020-06-05T12:12:33-0300 [stdout#info] Connected
2020-06-05T12:12:36-0300 [stdout#info] Connected
2020-06-05T12:12:39-0300 [stdout#info] Connected
2020-06-05T12:12:42-0300 [stdout#info] Connected
2020-06-05T12:12:45-0300 [stdout#info] Connected
2020-06-05T12:12:48-0300 [stdout#info] Connected
2020-06-05T12:12:51-0300 [stdout#info] Connected
2020-06-05T12:12:54-0300 [stdout#info] Connected
2020-06-05T12:12:57-0300 [stdout#info] Connected
2020-06-05T12:13:00-0300 [stdout#info] Connected
2020-06-05T12:13:03-0300 [stdout#info] Connected
2020-06-05T12:13:06-0300 [stdout#info] Connected
2020-06-05T12:13:09-0300 [stdout#info] Connected
2020-06-05T12:13:12-0300 [stdout#info] Connected
2020-06-05T12:13:15-0300 [stdout#info] Connected
2020-06-05T12:13:18-0300 [stdout#info] Connected
2020-06-05T12:13:21-0300 [stdout#info] Connected
2020-06-05T12:13:24-0300 [stdout#info] Connected
2020-06-05T12:13:27-0300 [stdout#info] Connected
2020-06-05T12:13:30-0300 [stdout#info] Connected
2020-06-05T12:13:33-0300 [stdout#info] Connected
2020-06-05T12:13:36-0300 [stdout#info] Connected
2020-06-05T12:13:39-0300 [stdout#info] Connected
2020-06-05T12:13:42-0300 [stdout#info] Connected
2020-06-05T12:13:45-0300 [stdout#info] Connected
2020-06-05T12:13:48-0300 [stdout#info] Connected
2020-06-05T12:13:51-0300 [stdout#info] Connected
2020-06-05T12:13:54-0300 [stdout#info] Connected
2020-06-05T12:13:57-0300 [stdout#info] Connected
2020-06-05T12:14:00-0300 [stdout#info] Connected
2020-06-05T12:14:03-0300 [stdout#info] Connected
2020-06-05T12:14:06-0300 [stdout#info] Connected
2020-06-05T12:14:09-0300 [stdout#info] Connected
2020-06-05T12:14:12-0300 [stdout#info] Connected
2020-06-05T12:14:15-0300 [stdout#info] Connected
2020-06-05T12:14:18-0300 [stdout#info] Connected
2020-06-05T12:14:21-0300 [stdout#info] Connected
2020-06-05T12:14:24-0300 [stdout#info] Connected
2020-06-05T12:14:27-0300 [stdout#info] Connected
2020-06-05T12:14:30-0300 [stdout#info] Connected
2020-06-05T12:14:33-0300 [stdout#info] Connected
2020-06-05T12:14:36-0300 [stdout#info] Connected
2020-06-05T12:14:39-0300 [stdout#info] Connected
2020-06-05T12:14:42-0300 [stdout#info] Connected
2020-06-05T12:14:45-0300 [stdout#info] Connected
2020-06-05T12:14:48-0300 [stdout#info] Connected
2020-06-05T12:14:51-0300 [stdout#info] Connected
2020-06-05T12:14:54-0300 [stdout#info] Connected
2020-06-05T12:14:57-0300 [stdout#info] Connected
2020-06-05T12:15:00-0300 [stdout#info] Connected
2020-06-05T12:15:03-0300 [stdout#info] Connected
2020-06-05T12:15:06-0300 [stdout#info] Connected
2020-06-05T12:15:09-0300 [stdout#info] Connected
2020-06-05T12:15:12-0300 [stdout#info] Connected
2020-06-05T12:15:15-0300 [stdout#info] Connected
2020-06-05T12:15:18-0300 [stdout#info] Connected
2020-06-05T12:15:21-0300 [stdout#info] Connected
2020-06-05T12:15:24-0300 [stdout#info] Connected
2020-06-05T12:15:27-0300 [stdout#info] Connected
2020-06-05T12:15:30-0300 [stdout#info] Connected
2020-06-05T12:15:33-0300 [stdout#info] Connected
2020-06-05T12:15:36-0300 [stdout#info] Connected
2020-06-05T12:15:39-0300 [stdout#info] Connected
2020-06-05T12:15:42-0300 [stdout#info] Connected
2020-06-05T12:15:45-0300 [stdout#info] Connected
2020-06-05T12:15:48-0300 [stdout#info] Connected
2020-06-05T12:15:51-0300 [stdout#info] Connected
2020-06-05T12:15:54-0300 [stdout#info] Connected
2020-06-05T12:15:57-0300 [stdout#info] Connected
2020-06-05T12:16:00-0300 [stdout#info] Connected
2020-06-05T12:16:03-0300 [stdout#info] Connected
2020-06-05T12:16:06-0300 [stdout#info] Connected
2020-06-05T12:16:09-0300 [stdout#info] Connected
2020-06-05T12:16:12-0300 [stdout#info] Connected
2020-06-05T12:16:15-0300 [stdout#info] Connected
2020-06-05T12:16:18-0300 [stdout#info] Connected
2020-06-05T12:16:21-0300 [stdout#info] Connected
2020-06-05T12:16:24-0300 [stdout#info] Connected
2020-06-05T12:16:27-0300 [stdout#info] Connected
2020-06-05T12:16:30-0300 [stdout#info] Connected
2020-06-05T12:16:33-0300 [stdout#info] Connected
2020-06-05T12:16:36-0300 [stdout#info] Connected
2020-06-05T12:16:39-0300 [stdout#info] Connected
2020-06-05T12:16:42-0300 [stdout#info] Connected
2020-06-05T12:16:45-0300 [stdout#info] Connected
2020-06-05T12:16:48-0300 [stdout#info] Connected
2020-06-05T12:16:51-0300 [stdout#info] Connected
2020-06-05T12:16:54-0300 [stdout#info] Connected
2020-06-05T12:16:57-0300 [stdout#info] Connected
2020-06-05T12:17:00-0300 [stdout#info] Connected
2020-06-05T12:17:03-0300 [-] Received SIGINT, shutting down.
2020-06-05T12:17:03-0300 [applications.mqttapp.BrokerFactory] (TCP Port 5100 Closed)
2020-06-05T12:17:03-0300 [applications.routerapp.RouterFactory] (TCP Port 8081 Closed)
2020-06-05T12:17:03-0300 [-] Main loop terminated.
