2020-06-03T21:42:30-0300 [-] Creating router ...
2020-06-03T21:42:30-0300 [-] Initializing Router - Number of events: 1
2020-06-03T21:42:31-0300 [-] RouterFactory starting on 8081
2020-06-03T21:42:31-0300 [-] Creating AccessPoint station ...
2020-06-03T21:42:31-0300 [-] Initializing Access Point - Number of events: 2
2020-06-03T21:42:31-0300 [-] Creating fog node ...
2020-06-03T21:42:31-0300 [-] Initializing Client - Number of events: 3
2020-06-03T21:42:32-0300 [-] Creating fog node ...
2020-06-03T21:42:32-0300 [-] Initializing Client - Number of events: 4
2020-06-03T21:42:32-0300 [-] Creating fog node ...
2020-06-03T21:42:32-0300 [-] Initializing Server - Number of events: 5
2020-06-03T21:42:33-0300 [-] BrokerFactory starting on 5100
2020-06-03T21:42:33-0300 [-] Creating iot node ...
2020-06-03T21:42:33-0300 [-] Initializing Client - Number of events: 6
2020-06-03T21:42:33-0300 [-] Initializing sensor node - Number of events: 7
2020-06-03T21:42:34-0300 [stdout#info] This divice have no simulation core instance
2020-06-03T21:42:34-0300 [stdout#info] This divice have no simulation core instance
2020-06-03T21:42:34-0300 [stdout#info] This divice have no simulation core instance
2020-06-03T21:42:34-0300 [Uninitialized] 127.0.0.1:55296 - Connected to mqtt broker - Number of events: 8
2020-06-03T21:42:34-0300 [Uninitialized] 127.0.0.1:55296 - sending MQTT SUBSCRIBE REQUEST - Number of events: 9
2020-06-03T21:42:34-0300 [Uninitialized] 127.0.0.1:55298 - Connected to mqtt broker - Number of events: 10
2020-06-03T21:42:34-0300 [Uninitialized] 127.0.0.1:55298 - sending MQTT SUBSCRIBE REQUEST - Number of events: 11
2020-06-03T21:42:34-0300 [twisted.internet.endpoints.OneShotFactory#info] Starting factory <twisted.internet.endpoints.connectProtocol.<locals>.OneShotFactory object at 0x7f230a736550>
2020-06-03T21:42:34-0300 [twisted.internet.endpoints.OneShotFactory#info] Starting factory <twisted.internet.endpoints.connectProtocol.<locals>.OneShotFactory object at 0x7f23087df390>
2020-06-03T21:42:36-0300 [twisted.internet.defer#critical] Unhandled error in Deferred:
2020-06-03T21:42:36-0300 [twisted.internet.defer#critical] 
	Traceback (most recent call last):
	Failure: twisted.internet.error.ConnectionRefusedError: Connection was refused by other side: 111: Connection refused.
	
