2020-06-07T11:25:01-0300 [-] Initializing Server - Number of events: 1
2020-06-07T11:25:02-0300 [-] HttpServerAppFactory starting on 8082
2020-06-07T11:25:02-0300 [-] Creating router ...
2020-06-07T11:25:02-0300 [-] Initializing Router - Number of events: 2
2020-06-07T11:25:02-0300 [-] RouterFactory starting on 8081
2020-06-07T11:25:02-0300 [-] Creating AccessPoint station ...
2020-06-07T11:25:02-0300 [-] Initializing Access Point - Number of events: 3
2020-06-07T11:25:03-0300 [stdout#info] sem entrada
2020-06-07T11:25:03-0300 [stdout#info] sem saida
2020-06-07T11:25:03-0300 [-] Initializing sensor node - Number of events: 4
2020-06-07T11:25:04-0300 [stdout#info] Not connected to a wireless access point
2020-06-07T11:25:04-0300 [stdout#info] Assossiated to : notebook 1
2020-06-07T11:25:04-0300 [stdout#info] This divice have no simulation core instance
2020-06-07T11:25:04-0300 [stdout#info] This divice have no simulation core instance
2020-06-07T11:25:04-0300 [stdout#info] {b'{"destiny_addr": "127.0.0.1", "destiny_port": 8080, "source_addr": "127.0.0.1", "source_port": 8888, "type": "http", "payload": "HTTP 1.0 / GET request"}'}
2020-06-07T11:25:04-0300 [stdout#info] <applications.accesspointapp.AccessPointAppFactory object at 0x7fe82aa4e3c8>
2020-06-07T11:25:04-0300 [stdout#info] set()
2020-06-07T11:25:04-0300 [stdout#info] sem saida
2020-06-07T11:25:05-0300 [stdout#info] sem entrada
2020-06-07T11:25:05-0300 [stdout#info] sem saida
2020-06-07T11:25:06-0300 [stdout#info] sem entrada
2020-06-07T11:25:06-0300 [stdout#info] sem saida
2020-06-07T11:25:07-0300 [stdout#info] sem entrada
2020-06-07T11:25:07-0300 [stdout#info] sem saida
2020-06-07T11:25:08-0300 [stdout#info] sem entrada
2020-06-07T11:25:08-0300 [stdout#info] sem saida
2020-06-07T11:25:09-0300 [stdout#info] sem entrada
2020-06-07T11:25:09-0300 [stdout#info] sem saida
2020-06-07T11:25:10-0300 [stdout#info] sem entrada
2020-06-07T11:25:10-0300 [stdout#info] sem saida
2020-06-07T11:25:11-0300 [stdout#info] sem entrada
2020-06-07T11:25:11-0300 [stdout#info] sem saida
2020-06-07T11:25:12-0300 [stdout#info] sem entrada
2020-06-07T11:25:12-0300 [stdout#info] sem saida
2020-06-07T11:25:13-0300 [stdout#info] sem entrada
2020-06-07T11:25:13-0300 [stdout#info] sem saida
2020-06-07T11:25:14-0300 [stdout#info] sem entrada
2020-06-07T11:25:14-0300 [stdout#info] sem saida
2020-06-07T11:25:15-0300 [stdout#info] sem entrada
2020-06-07T11:25:15-0300 [stdout#info] sem saida
2020-06-07T11:25:16-0300 [stdout#info] sem entrada
2020-06-07T11:25:16-0300 [stdout#info] sem saida
2020-06-07T11:25:17-0300 [stdout#info] sem entrada
2020-06-07T11:25:17-0300 [stdout#info] sem saida
2020-06-07T11:25:18-0300 [stdout#info] sem entrada
2020-06-07T11:25:18-0300 [stdout#info] sem saida
2020-06-07T11:25:19-0300 [-] Received SIGINT, shutting down.
2020-06-07T11:25:19-0300 [applications.routerapp.RouterFactory] (TCP Port 8081 Closed)
2020-06-07T11:25:19-0300 [applications.httpapp.HttpServerAppFactory] (TCP Port 8082 Closed)
2020-06-07T11:25:19-0300 [-] Main loop terminated.
