2020-06-07T18:36:29-0300 [-] Creating router ...
2020-06-07T18:36:29-0300 [-] Initializing Router - Number of events: 1
2020-06-07T18:36:29-0300 [-] RouterFactory starting on 8081
2020-06-07T18:36:29-0300 [-] Creating AccessPoint station ...
2020-06-07T18:36:29-0300 [-] Initializing Access Point - Number of events: 2
2020-06-07T18:36:30-0300 [-] Initializing Server - Number of events: 3
2020-06-07T18:36:31-0300 [-] HttpServerAppFactory starting on 8080
2020-06-07T18:36:31-0300 [-] Initializing sensor node - Number of events: 4
2020-06-07T18:36:31-0300 [stdout#info] Not connected to a wireless access point
2020-06-07T18:36:31-0300 [stdout#info] Assossiated to : notebook 1
2020-06-07T18:36:31-0300 [stdout#info] This divice have no simulation core instance
2020-06-07T18:36:31-0300 [stdout#info] This divice have no simulation core instance
2020-06-07T18:36:31-0300 [stdout#info] Not connected to a wireless access point
2020-06-07T18:36:31-0300 [stdout#info] Not connected to a wireless access point
2020-06-07T18:36:31-0300 [stdout#info] Not connected to a wireless access point
2020-06-07T18:36:31-0300 [stdout#info] Not connected to a wireless access point
2020-06-07T18:36:32-0300 [stdout#info] Not connected to a wireless access point
2020-06-07T18:36:32-0300 [stdout#info] Not connected to a wireless access point
2020-06-07T18:36:32-0300 [stdout#info] Not connected to a wireless access point
2020-06-07T18:36:32-0300 [stdout#info] Not connected to a wireless access point
2020-06-07T18:36:32-0300 [stdout#info] Not connected to a wireless access point
2020-06-07T18:36:32-0300 [stdout#info] Not connected to a wireless access point
2020-06-07T18:36:32-0300 [twisted.internet.endpoints.OneShotFactory#info] Starting factory <twisted.internet.endpoints.connectProtocol.<locals>.OneShotFactory object at 0x7f84ca44cc18>
2020-06-07T18:36:32-0300 [applications.httpapp.HttpServerAppFactory] Connection received - Number of events: 5
2020-06-07T18:36:32-0300 [HttpServerAppProtocol,0,127.0.0.1] Received from client HTTP 1.0 / GET request
2020-06-07T18:36:32-0300 [HttpServerAppProtocol,0,127.0.0.1] Sending HTTP RESPONSE - Number of events: 6
2020-06-07T18:36:32-0300 [stdout#info] Not connected to a wireless access point
2020-06-07T18:36:32-0300 [stdout#info] Not connected to a wireless access point
2020-06-07T18:36:32-0300 [stdout#info] Not connected to a wireless access point
2020-06-07T18:36:32-0300 [stdout#info] Not connected to a wireless access point
2020-06-07T18:36:33-0300 [stdout#info] Not connected to a wireless access point
2020-06-07T18:36:33-0300 [stdout#info] Not connected to a wireless access point
2020-06-07T18:36:33-0300 [stdout#info] Not connected to a wireless access point
2020-06-07T18:36:33-0300 [stdout#info] Not connected to a wireless access point
2020-06-07T18:36:33-0300 [stdout#info] Not connected to a wireless access point
2020-06-07T18:36:33-0300 [stdout#info] Not connected to a wireless access point
2020-06-07T18:36:33-0300 [stdout#info] Not connected to a wireless access point
2020-06-07T18:36:33-0300 [stdout#info] Not connected to a wireless access point
2020-06-07T18:36:33-0300 [stdout#info] Not connected to a wireless access point
2020-06-07T18:36:33-0300 [stdout#info] Not connected to a wireless access point
2020-06-07T18:36:34-0300 [stdout#info] Not connected to a wireless access point
2020-06-07T18:36:34-0300 [stdout#info] Not connected to a wireless access point
2020-06-07T18:36:34-0300 [stdout#info] Not connected to a wireless access point
2020-06-07T18:36:34-0300 [stdout#info] Not connected to a wireless access point
2020-06-07T18:36:34-0300 [stdout#info] Not connected to a wireless access point
2020-06-07T18:36:34-0300 [stdout#info] Not connected to a wireless access point
2020-06-07T18:36:34-0300 [stdout#info] Not connected to a wireless access point
2020-06-07T18:36:34-0300 [stdout#info] Not connected to a wireless access point
2020-06-07T18:36:34-0300 [stdout#info] Not connected to a wireless access point
2020-06-07T18:36:34-0300 [stdout#info] Not connected to a wireless access point
2020-06-07T18:36:35-0300 [stdout#info] Not connected to a wireless access point
2020-06-07T18:36:35-0300 [stdout#info] Not connected to a wireless access point
2020-06-07T18:36:35-0300 [stdout#info] Not connected to a wireless access point
2020-06-07T18:36:35-0300 [stdout#info] Not connected to a wireless access point
2020-06-07T18:36:35-0300 [stdout#info] Not connected to a wireless access point
2020-06-07T18:36:35-0300 [stdout#info] Not connected to a wireless access point
2020-06-07T18:36:35-0300 [stdout#info] Not connected to a wireless access point
2020-06-07T18:36:35-0300 [stdout#info] Not connected to a wireless access point
2020-06-07T18:36:35-0300 [stdout#info] Not connected to a wireless access point
2020-06-07T18:36:35-0300 [stdout#info] Not connected to a wireless access point
2020-06-07T18:36:36-0300 [stdout#info] Not connected to a wireless access point
2020-06-07T18:36:36-0300 [stdout#info] Not connected to a wireless access point
2020-06-07T18:36:36-0300 [stdout#info] Not connected to a wireless access point
2020-06-07T18:36:36-0300 [stdout#info] Not connected to a wireless access point
2020-06-07T18:36:36-0300 [stdout#info] Not connected to a wireless access point
2020-06-07T18:36:36-0300 [stdout#info] Not connected to a wireless access point
2020-06-07T18:36:36-0300 [stdout#info] Not connected to a wireless access point
2020-06-07T18:36:36-0300 [stdout#info] Not connected to a wireless access point
2020-06-07T18:36:36-0300 [stdout#info] Not connected to a wireless access point
2020-06-07T18:36:36-0300 [stdout#info] Not connected to a wireless access point
2020-06-07T18:36:37-0300 [stdout#info] Not connected to a wireless access point
2020-06-07T18:36:37-0300 [stdout#info] Not connected to a wireless access point
2020-06-07T18:36:37-0300 [stdout#info] Not connected to a wireless access point
2020-06-07T18:36:37-0300 [stdout#info] Not connected to a wireless access point
2020-06-07T18:36:37-0300 [stdout#info] Not connected to a wireless access point
2020-06-07T18:36:37-0300 [stdout#info] Not connected to a wireless access point
2020-06-07T18:36:37-0300 [stdout#info] Not connected to a wireless access point
2020-06-07T18:36:37-0300 [stdout#info] Not connected to a wireless access point
2020-06-07T18:36:37-0300 [stdout#info] Not connected to a wireless access point
2020-06-07T18:36:37-0300 [stdout#info] Not connected to a wireless access point
2020-06-07T18:36:38-0300 [stdout#info] Not connected to a wireless access point
2020-06-07T18:36:38-0300 [stdout#info] Not connected to a wireless access point
2020-06-07T18:36:38-0300 [stdout#info] Not connected to a wireless access point
2020-06-07T18:36:38-0300 [stdout#info] Not connected to a wireless access point
2020-06-07T18:36:38-0300 [stdout#info] Not connected to a wireless access point
2020-06-07T18:36:38-0300 [stdout#info] Not connected to a wireless access point
2020-06-07T18:36:38-0300 [stdout#info] Not connected to a wireless access point
2020-06-07T18:36:38-0300 [stdout#info] Not connected to a wireless access point
2020-06-07T18:36:38-0300 [stdout#info] Not connected to a wireless access point
2020-06-07T18:36:38-0300 [stdout#info] Not connected to a wireless access point
2020-06-07T18:36:39-0300 [stdout#info] Not connected to a wireless access point
2020-06-07T18:36:39-0300 [stdout#info] Not connected to a wireless access point
2020-06-07T18:36:39-0300 [stdout#info] Not connected to a wireless access point
2020-06-07T18:36:39-0300 [stdout#info] Not connected to a wireless access point
2020-06-07T18:36:39-0300 [stdout#info] Not connected to a wireless access point
2020-06-07T18:36:39-0300 [stdout#info] Not connected to a wireless access point
2020-06-07T18:36:39-0300 [stdout#info] Not connected to a wireless access point
2020-06-07T18:36:39-0300 [stdout#info] Not connected to a wireless access point
2020-06-07T18:36:39-0300 [stdout#info] Not connected to a wireless access point
2020-06-07T18:36:39-0300 [stdout#info] Not connected to a wireless access point
2020-06-07T18:36:40-0300 [stdout#info] Not connected to a wireless access point
2020-06-07T18:36:40-0300 [stdout#info] Not connected to a wireless access point
2020-06-07T18:36:40-0300 [stdout#info] Not connected to a wireless access point
2020-06-07T18:36:40-0300 [stdout#info] Not connected to a wireless access point
2020-06-07T18:36:40-0300 [stdout#info] Not connected to a wireless access point
2020-06-07T18:36:40-0300 [stdout#info] Not connected to a wireless access point
2020-06-07T18:36:40-0300 [stdout#info] Not connected to a wireless access point
2020-06-07T18:36:40-0300 [stdout#info] Not connected to a wireless access point
2020-06-07T18:36:40-0300 [stdout#info] Not connected to a wireless access point
2020-06-07T18:36:40-0300 [stdout#info] Not connected to a wireless access point
2020-06-07T18:36:41-0300 [stdout#info] Not connected to a wireless access point
2020-06-07T18:36:41-0300 [stdout#info] Not connected to a wireless access point
2020-06-07T18:36:41-0300 [stdout#info] Not connected to a wireless access point
2020-06-07T18:36:41-0300 [stdout#info] Not connected to a wireless access point
2020-06-07T18:36:41-0300 [stdout#info] Not connected to a wireless access point
2020-06-07T18:36:41-0300 [stdout#info] Not connected to a wireless access point
2020-06-07T18:36:41-0300 [stdout#info] Not connected to a wireless access point
2020-06-07T18:36:41-0300 [stdout#info] Not connected to a wireless access point
2020-06-07T18:36:41-0300 [stdout#info] Not connected to a wireless access point
2020-06-07T18:36:41-0300 [stdout#info] Not connected to a wireless access point
2020-06-07T18:36:42-0300 [stdout#info] Not connected to a wireless access point
2020-06-07T18:36:42-0300 [stdout#info] Not connected to a wireless access point
2020-06-07T18:36:42-0300 [stdout#info] Not connected to a wireless access point
2020-06-07T18:36:42-0300 [stdout#info] Not connected to a wireless access point
2020-06-07T18:36:42-0300 [stdout#info] Not connected to a wireless access point
2020-06-07T18:36:42-0300 [stdout#info] Not connected to a wireless access point
2020-06-07T18:36:42-0300 [stdout#info] Not connected to a wireless access point
2020-06-07T18:36:42-0300 [stdout#info] Not connected to a wireless access point
2020-06-07T18:36:42-0300 [stdout#info] Not connected to a wireless access point
2020-06-07T18:36:42-0300 [stdout#info] Not connected to a wireless access point
2020-06-07T18:36:43-0300 [stdout#info] Not connected to a wireless access point
2020-06-07T18:36:43-0300 [stdout#info] Not connected to a wireless access point
2020-06-07T18:36:43-0300 [stdout#info] Not connected to a wireless access point
2020-06-07T18:36:43-0300 [stdout#info] Not connected to a wireless access point
2020-06-07T18:36:43-0300 [stdout#info] Not connected to a wireless access point
2020-06-07T18:36:43-0300 [stdout#info] Not connected to a wireless access point
2020-06-07T18:36:43-0300 [stdout#info] Not connected to a wireless access point
2020-06-07T18:36:43-0300 [stdout#info] Not connected to a wireless access point
2020-06-07T18:36:43-0300 [stdout#info] Not connected to a wireless access point
2020-06-07T18:36:43-0300 [stdout#info] Not connected to a wireless access point
2020-06-07T18:36:44-0300 [stdout#info] Not connected to a wireless access point
2020-06-07T18:36:44-0300 [stdout#info] Not connected to a wireless access point
2020-06-07T18:36:44-0300 [stdout#info] Not connected to a wireless access point
2020-06-07T18:36:44-0300 [stdout#info] Not connected to a wireless access point
2020-06-07T18:36:44-0300 [stdout#info] Not connected to a wireless access point
2020-06-07T18:36:44-0300 [stdout#info] Not connected to a wireless access point
2020-06-07T18:36:44-0300 [stdout#info] Not connected to a wireless access point
2020-06-07T18:36:44-0300 [stdout#info] Not connected to a wireless access point
2020-06-07T18:36:44-0300 [stdout#info] Not connected to a wireless access point
2020-06-07T18:36:44-0300 [stdout#info] Not connected to a wireless access point
2020-06-07T18:36:45-0300 [stdout#info] Not connected to a wireless access point
2020-06-07T18:36:45-0300 [stdout#info] Not connected to a wireless access point
2020-06-07T18:36:45-0300 [stdout#info] Not connected to a wireless access point
2020-06-07T18:36:45-0300 [stdout#info] Not connected to a wireless access point
2020-06-07T18:36:45-0300 [stdout#info] Not connected to a wireless access point
2020-06-07T18:36:45-0300 [stdout#info] Not connected to a wireless access point
2020-06-07T18:36:45-0300 [stdout#info] Not connected to a wireless access point
2020-06-07T18:36:45-0300 [stdout#info] Not connected to a wireless access point
2020-06-07T18:36:45-0300 [stdout#info] Not connected to a wireless access point
2020-06-07T18:36:45-0300 [stdout#info] Not connected to a wireless access point
2020-06-07T18:36:46-0300 [stdout#info] Not connected to a wireless access point
2020-06-07T18:36:46-0300 [stdout#info] Not connected to a wireless access point
2020-06-07T18:36:46-0300 [stdout#info] Not connected to a wireless access point
2020-06-07T18:36:46-0300 [stdout#info] Not connected to a wireless access point
2020-06-07T18:36:46-0300 [stdout#info] Not connected to a wireless access point
2020-06-07T18:36:46-0300 [stdout#info] Not connected to a wireless access point
2020-06-07T18:36:46-0300 [stdout#info] Not connected to a wireless access point
2020-06-07T18:36:46-0300 [stdout#info] Not connected to a wireless access point
2020-06-07T18:36:46-0300 [stdout#info] Not connected to a wireless access point
2020-06-07T18:36:46-0300 [stdout#info] Not connected to a wireless access point
2020-06-07T18:36:47-0300 [stdout#info] Not connected to a wireless access point
2020-06-07T18:36:47-0300 [stdout#info] Not connected to a wireless access point
2020-06-07T18:36:47-0300 [stdout#info] Not connected to a wireless access point
2020-06-07T18:36:47-0300 [stdout#info] Not connected to a wireless access point
2020-06-07T18:36:47-0300 [stdout#info] Not connected to a wireless access point
2020-06-07T18:36:47-0300 [stdout#info] Not connected to a wireless access point
2020-06-07T18:36:47-0300 [stdout#info] Not connected to a wireless access point
2020-06-07T18:36:47-0300 [stdout#info] Not connected to a wireless access point
2020-06-07T18:36:47-0300 [stdout#info] Not connected to a wireless access point
2020-06-07T18:36:47-0300 [stdout#info] Not connected to a wireless access point
2020-06-07T18:36:48-0300 [stdout#info] Not connected to a wireless access point
2020-06-07T18:36:48-0300 [stdout#info] Not connected to a wireless access point
2020-06-07T18:36:48-0300 [stdout#info] Not connected to a wireless access point
2020-06-07T18:36:48-0300 [stdout#info] Not connected to a wireless access point
2020-06-07T18:36:48-0300 [stdout#info] Not connected to a wireless access point
2020-06-07T18:36:48-0300 [stdout#info] Not connected to a wireless access point
2020-06-07T18:36:48-0300 [stdout#info] Not connected to a wireless access point
2020-06-07T18:36:48-0300 [stdout#info] Not connected to a wireless access point
2020-06-07T18:36:48-0300 [stdout#info] Not connected to a wireless access point
2020-06-07T18:36:48-0300 [stdout#info] Not connected to a wireless access point
2020-06-07T18:36:49-0300 [stdout#info] Not connected to a wireless access point
2020-06-07T18:36:49-0300 [stdout#info] Not connected to a wireless access point
2020-06-07T18:36:49-0300 [stdout#info] Not connected to a wireless access point
2020-06-07T18:36:49-0300 [stdout#info] Not connected to a wireless access point
2020-06-07T18:36:49-0300 [stdout#info] Not connected to a wireless access point
2020-06-07T18:36:49-0300 [stdout#info] Not connected to a wireless access point
2020-06-07T18:36:49-0300 [stdout#info] Not connected to a wireless access point
2020-06-07T18:36:49-0300 [stdout#info] Not connected to a wireless access point
2020-06-07T18:36:49-0300 [stdout#info] Not connected to a wireless access point
2020-06-07T18:36:49-0300 [stdout#info] Not connected to a wireless access point
2020-06-07T18:36:50-0300 [stdout#info] Not connected to a wireless access point
2020-06-07T18:36:50-0300 [stdout#info] Not connected to a wireless access point
2020-06-07T18:36:50-0300 [stdout#info] Not connected to a wireless access point
2020-06-07T18:36:50-0300 [stdout#info] Not connected to a wireless access point
2020-06-07T18:36:50-0300 [stdout#info] Not connected to a wireless access point
2020-06-07T18:36:50-0300 [stdout#info] Not connected to a wireless access point
2020-06-07T18:36:50-0300 [stdout#info] Not connected to a wireless access point
2020-06-07T18:36:50-0300 [stdout#info] Not connected to a wireless access point
2020-06-07T18:36:50-0300 [stdout#info] Not connected to a wireless access point
2020-06-07T18:36:50-0300 [stdout#info] Not connected to a wireless access point
2020-06-07T18:36:51-0300 [stdout#info] Not connected to a wireless access point
2020-06-07T18:36:51-0300 [stdout#info] Not connected to a wireless access point
2020-06-07T18:36:51-0300 [stdout#info] Not connected to a wireless access point
2020-06-07T18:36:51-0300 [stdout#info] Not connected to a wireless access point
2020-06-07T18:36:51-0300 [stdout#info] Not connected to a wireless access point
2020-06-07T18:36:51-0300 [stdout#info] Not connected to a wireless access point
2020-06-07T18:36:51-0300 [stdout#info] Not connected to a wireless access point
2020-06-07T18:36:51-0300 [stdout#info] Not connected to a wireless access point
2020-06-07T18:36:51-0300 [stdout#info] Not connected to a wireless access point
2020-06-07T18:36:51-0300 [stdout#info] Not connected to a wireless access point
2020-06-07T18:36:52-0300 [stdout#info] Not connected to a wireless access point
2020-06-07T18:36:52-0300 [stdout#info] Not connected to a wireless access point
2020-06-07T18:36:52-0300 [stdout#info] Not connected to a wireless access point
2020-06-07T18:36:52-0300 [stdout#info] Not connected to a wireless access point
2020-06-07T18:36:52-0300 [stdout#info] Not connected to a wireless access point
2020-06-07T18:36:52-0300 [stdout#info] Not connected to a wireless access point
2020-06-07T18:36:52-0300 [stdout#info] Not connected to a wireless access point
2020-06-07T18:36:52-0300 [stdout#info] Not connected to a wireless access point
2020-06-07T18:36:52-0300 [stdout#info] Not connected to a wireless access point
2020-06-07T18:36:52-0300 [stdout#info] Not connected to a wireless access point
2020-06-07T18:36:53-0300 [stdout#info] Not connected to a wireless access point
2020-06-07T18:36:53-0300 [stdout#info] Not connected to a wireless access point
2020-06-07T18:36:53-0300 [stdout#info] Not connected to a wireless access point
2020-06-07T18:36:53-0300 [stdout#info] Not connected to a wireless access point
2020-06-07T18:36:53-0300 [stdout#info] Not connected to a wireless access point
2020-06-07T18:36:53-0300 [stdout#info] Not connected to a wireless access point
2020-06-07T18:36:53-0300 [stdout#info] Not connected to a wireless access point
2020-06-07T18:36:53-0300 [stdout#info] Not connected to a wireless access point
2020-06-07T18:36:53-0300 [stdout#info] Not connected to a wireless access point
2020-06-07T18:36:53-0300 [stdout#info] Not connected to a wireless access point
2020-06-07T18:36:54-0300 [stdout#info] Not connected to a wireless access point
2020-06-07T18:36:54-0300 [stdout#info] Not connected to a wireless access point
2020-06-07T18:36:54-0300 [stdout#info] Not connected to a wireless access point
2020-06-07T18:36:54-0300 [stdout#info] Not connected to a wireless access point
2020-06-07T18:36:54-0300 [stdout#info] Not connected to a wireless access point
2020-06-07T18:36:54-0300 [stdout#info] Not connected to a wireless access point
2020-06-07T18:36:54-0300 [stdout#info] Not connected to a wireless access point
2020-06-07T18:36:54-0300 [stdout#info] Not connected to a wireless access point
2020-06-07T18:36:54-0300 [stdout#info] Not connected to a wireless access point
2020-06-07T18:36:54-0300 [stdout#info] Not connected to a wireless access point
2020-06-07T18:36:55-0300 [stdout#info] Not connected to a wireless access point
2020-06-07T18:36:55-0300 [stdout#info] Not connected to a wireless access point
2020-06-07T18:36:55-0300 [stdout#info] Not connected to a wireless access point
2020-06-07T18:36:55-0300 [stdout#info] Not connected to a wireless access point
2020-06-07T18:36:55-0300 [stdout#info] Not connected to a wireless access point
2020-06-07T18:36:55-0300 [stdout#info] Not connected to a wireless access point
2020-06-07T18:36:55-0300 [stdout#info] Not connected to a wireless access point
2020-06-07T18:36:55-0300 [stdout#info] Not connected to a wireless access point
2020-06-07T18:36:55-0300 [stdout#info] Not connected to a wireless access point
2020-06-07T18:36:55-0300 [stdout#info] Not connected to a wireless access point
2020-06-07T18:36:56-0300 [stdout#info] Not connected to a wireless access point
2020-06-07T18:36:56-0300 [stdout#info] Not connected to a wireless access point
2020-06-07T18:36:56-0300 [stdout#info] Not connected to a wireless access point
2020-06-07T18:36:56-0300 [stdout#info] Not connected to a wireless access point
2020-06-07T18:36:56-0300 [stdout#info] Not connected to a wireless access point
2020-06-07T18:36:56-0300 [stdout#info] Not connected to a wireless access point
2020-06-07T18:36:56-0300 [stdout#info] Not connected to a wireless access point
2020-06-07T18:36:56-0300 [stdout#info] Not connected to a wireless access point
2020-06-07T18:36:56-0300 [stdout#info] Not connected to a wireless access point
2020-06-07T18:36:56-0300 [stdout#info] Not connected to a wireless access point
2020-06-07T18:36:57-0300 [stdout#info] Not connected to a wireless access point
2020-06-07T18:36:57-0300 [stdout#info] Not connected to a wireless access point
2020-06-07T18:36:57-0300 [stdout#info] Not connected to a wireless access point
2020-06-07T18:36:57-0300 [stdout#info] Not connected to a wireless access point
2020-06-07T18:36:57-0300 [stdout#info] Not connected to a wireless access point
2020-06-07T18:36:57-0300 [stdout#info] Not connected to a wireless access point
2020-06-07T18:36:57-0300 [stdout#info] Not connected to a wireless access point
2020-06-07T18:36:57-0300 [stdout#info] Not connected to a wireless access point
2020-06-07T18:36:57-0300 [stdout#info] Not connected to a wireless access point
2020-06-07T18:36:57-0300 [stdout#info] Not connected to a wireless access point
2020-06-07T18:36:58-0300 [stdout#info] Not connected to a wireless access point
2020-06-07T18:36:58-0300 [stdout#info] Not connected to a wireless access point
2020-06-07T18:36:58-0300 [stdout#info] Not connected to a wireless access point
2020-06-07T18:36:58-0300 [stdout#info] Not connected to a wireless access point
2020-06-07T18:36:58-0300 [stdout#info] Not connected to a wireless access point
2020-06-07T18:36:58-0300 [stdout#info] Not connected to a wireless access point
2020-06-07T18:36:58-0300 [stdout#info] Not connected to a wireless access point
2020-06-07T18:36:58-0300 [stdout#info] Not connected to a wireless access point
2020-06-07T18:36:58-0300 [stdout#info] Not connected to a wireless access point
2020-06-07T18:36:58-0300 [stdout#info] Not connected to a wireless access point
2020-06-07T18:36:59-0300 [stdout#info] Not connected to a wireless access point
2020-06-07T18:36:59-0300 [stdout#info] Not connected to a wireless access point
2020-06-07T18:36:59-0300 [stdout#info] Not connected to a wireless access point
2020-06-07T18:36:59-0300 [stdout#info] Not connected to a wireless access point
2020-06-07T18:36:59-0300 [stdout#info] Not connected to a wireless access point
2020-06-07T18:36:59-0300 [stdout#info] Not connected to a wireless access point
2020-06-07T18:36:59-0300 [stdout#info] Not connected to a wireless access point
2020-06-07T18:36:59-0300 [stdout#info] Not connected to a wireless access point
2020-06-07T18:36:59-0300 [stdout#info] Not connected to a wireless access point
2020-06-07T18:36:59-0300 [stdout#info] Not connected to a wireless access point
2020-06-07T18:37:00-0300 [stdout#info] Not connected to a wireless access point
2020-06-07T18:37:00-0300 [stdout#info] Not connected to a wireless access point
2020-06-07T18:37:00-0300 [stdout#info] Not connected to a wireless access point
2020-06-07T18:37:00-0300 [stdout#info] Not connected to a wireless access point
2020-06-07T18:37:00-0300 [stdout#info] Not connected to a wireless access point
2020-06-07T18:37:00-0300 [stdout#info] Not connected to a wireless access point
2020-06-07T18:37:00-0300 [stdout#info] Not connected to a wireless access point
2020-06-07T18:37:00-0300 [stdout#info] Not connected to a wireless access point
2020-06-07T18:37:00-0300 [stdout#info] Not connected to a wireless access point
2020-06-07T18:37:00-0300 [stdout#info] Not connected to a wireless access point
2020-06-07T18:37:01-0300 [stdout#info] Not connected to a wireless access point
2020-06-07T18:37:01-0300 [stdout#info] Not connected to a wireless access point
2020-06-07T18:37:01-0300 [stdout#info] Not connected to a wireless access point
2020-06-07T18:37:01-0300 [stdout#info] Not connected to a wireless access point
2020-06-07T18:37:01-0300 [stdout#info] Not connected to a wireless access point
2020-06-07T18:37:01-0300 [stdout#info] Not connected to a wireless access point
2020-06-07T18:37:01-0300 [stdout#info] Not connected to a wireless access point
2020-06-07T18:37:01-0300 [stdout#info] Not connected to a wireless access point
2020-06-07T18:37:01-0300 [stdout#info] Not connected to a wireless access point
2020-06-07T18:37:01-0300 [stdout#info] Not connected to a wireless access point
2020-06-07T18:37:02-0300 [stdout#info] Not connected to a wireless access point
2020-06-07T18:37:02-0300 [stdout#info] Not connected to a wireless access point
2020-06-07T18:37:02-0300 [stdout#info] Not connected to a wireless access point
2020-06-07T18:37:02-0300 [stdout#info] Not connected to a wireless access point
2020-06-07T18:37:02-0300 [stdout#info] Not connected to a wireless access point
2020-06-07T18:37:02-0300 [stdout#info] Not connected to a wireless access point
2020-06-07T18:37:02-0300 [stdout#info] Not connected to a wireless access point
2020-06-07T18:37:02-0300 [stdout#info] Not connected to a wireless access point
2020-06-07T18:37:02-0300 [stdout#info] Not connected to a wireless access point
2020-06-07T18:37:02-0300 [stdout#info] Not connected to a wireless access point
2020-06-07T18:37:03-0300 [stdout#info] Not connected to a wireless access point
2020-06-07T18:37:03-0300 [stdout#info] Not connected to a wireless access point
2020-06-07T18:37:03-0300 [stdout#info] Not connected to a wireless access point
2020-06-07T18:37:03-0300 [stdout#info] Not connected to a wireless access point
2020-06-07T18:37:03-0300 [stdout#info] Not connected to a wireless access point
2020-06-07T18:37:03-0300 [stdout#info] Not connected to a wireless access point
2020-06-07T18:37:03-0300 [stdout#info] Not connected to a wireless access point
2020-06-07T18:37:03-0300 [stdout#info] Not connected to a wireless access point
2020-06-07T18:37:03-0300 [stdout#info] Not connected to a wireless access point
2020-06-07T18:37:03-0300 [stdout#info] Not connected to a wireless access point
2020-06-07T18:37:04-0300 [stdout#info] Not connected to a wireless access point
2020-06-07T18:37:04-0300 [stdout#info] Not connected to a wireless access point
2020-06-07T18:37:04-0300 [stdout#info] Not connected to a wireless access point
2020-06-07T18:37:04-0300 [stdout#info] Not connected to a wireless access point
2020-06-07T18:37:04-0300 [stdout#info] Not connected to a wireless access point
2020-06-07T18:37:04-0300 [stdout#info] Not connected to a wireless access point
2020-06-07T18:37:04-0300 [stdout#info] Not connected to a wireless access point
2020-06-07T18:37:04-0300 [stdout#info] Not connected to a wireless access point
2020-06-07T18:37:04-0300 [stdout#info] Not connected to a wireless access point
2020-06-07T18:37:04-0300 [stdout#info] Not connected to a wireless access point
2020-06-07T18:37:05-0300 [stdout#info] Not connected to a wireless access point
2020-06-07T18:37:05-0300 [stdout#info] Not connected to a wireless access point
2020-06-07T18:37:05-0300 [stdout#info] Not connected to a wireless access point
2020-06-07T18:37:05-0300 [stdout#info] Not connected to a wireless access point
2020-06-07T18:37:05-0300 [stdout#info] Not connected to a wireless access point
2020-06-07T18:37:05-0300 [stdout#info] Not connected to a wireless access point
2020-06-07T18:37:05-0300 [stdout#info] Not connected to a wireless access point
2020-06-07T18:37:05-0300 [stdout#info] Not connected to a wireless access point
2020-06-07T18:37:05-0300 [stdout#info] Not connected to a wireless access point
2020-06-07T18:37:05-0300 [stdout#info] Not connected to a wireless access point
2020-06-07T18:37:06-0300 [stdout#info] Not connected to a wireless access point
2020-06-07T18:37:06-0300 [stdout#info] Not connected to a wireless access point
2020-06-07T18:37:06-0300 [stdout#info] Not connected to a wireless access point
2020-06-07T18:37:06-0300 [stdout#info] Not connected to a wireless access point
2020-06-07T18:37:06-0300 [stdout#info] Not connected to a wireless access point
2020-06-07T18:37:06-0300 [stdout#info] Not connected to a wireless access point
2020-06-07T18:37:06-0300 [stdout#info] Not connected to a wireless access point
2020-06-07T18:37:06-0300 [stdout#info] Not connected to a wireless access point
2020-06-07T18:37:06-0300 [stdout#info] Not connected to a wireless access point
2020-06-07T18:37:06-0300 [stdout#info] Not connected to a wireless access point
2020-06-07T18:37:07-0300 [stdout#info] Not connected to a wireless access point
2020-06-07T18:37:07-0300 [stdout#info] Not connected to a wireless access point
2020-06-07T18:37:07-0300 [stdout#info] Not connected to a wireless access point
2020-06-07T18:37:07-0300 [stdout#info] Not connected to a wireless access point
2020-06-07T18:37:07-0300 [stdout#info] Not connected to a wireless access point
2020-06-07T18:37:07-0300 [stdout#info] Not connected to a wireless access point
2020-06-07T18:37:07-0300 [stdout#info] Not connected to a wireless access point
2020-06-07T18:37:07-0300 [stdout#info] Not connected to a wireless access point
2020-06-07T18:37:07-0300 [stdout#info] Not connected to a wireless access point
2020-06-07T18:37:07-0300 [stdout#info] Not connected to a wireless access point
2020-06-07T18:37:08-0300 [stdout#info] Not connected to a wireless access point
2020-06-07T18:37:08-0300 [stdout#info] Not connected to a wireless access point
2020-06-07T18:37:08-0300 [stdout#info] Not connected to a wireless access point
2020-06-07T18:37:08-0300 [stdout#info] Not connected to a wireless access point
2020-06-07T18:37:08-0300 [stdout#info] Not connected to a wireless access point
2020-06-07T18:37:08-0300 [stdout#info] Not connected to a wireless access point
2020-06-07T18:37:08-0300 [stdout#info] Not connected to a wireless access point
2020-06-07T18:37:08-0300 [stdout#info] Not connected to a wireless access point
2020-06-07T18:37:08-0300 [stdout#info] Not connected to a wireless access point
2020-06-07T18:37:08-0300 [stdout#info] Not connected to a wireless access point
2020-06-07T18:37:09-0300 [stdout#info] Not connected to a wireless access point
2020-06-07T18:37:09-0300 [stdout#info] Not connected to a wireless access point
2020-06-07T18:37:09-0300 [stdout#info] Not connected to a wireless access point
2020-06-07T18:37:09-0300 [stdout#info] Not connected to a wireless access point
2020-06-07T18:37:09-0300 [stdout#info] Not connected to a wireless access point
2020-06-07T18:37:09-0300 [stdout#info] Not connected to a wireless access point
2020-06-07T18:37:09-0300 [stdout#info] Not connected to a wireless access point
2020-06-07T18:37:09-0300 [stdout#info] Not connected to a wireless access point
2020-06-07T18:37:09-0300 [stdout#info] Not connected to a wireless access point
2020-06-07T18:37:09-0300 [stdout#info] Not connected to a wireless access point
2020-06-07T18:37:10-0300 [stdout#info] Not connected to a wireless access point
2020-06-07T18:37:10-0300 [stdout#info] Not connected to a wireless access point
2020-06-07T18:37:10-0300 [stdout#info] Not connected to a wireless access point
2020-06-07T18:37:10-0300 [stdout#info] Not connected to a wireless access point
2020-06-07T18:37:10-0300 [stdout#info] Not connected to a wireless access point
2020-06-07T18:37:10-0300 [stdout#info] Not connected to a wireless access point
2020-06-07T18:37:10-0300 [stdout#info] Not connected to a wireless access point
2020-06-07T18:37:10-0300 [stdout#info] Not connected to a wireless access point
2020-06-07T18:37:10-0300 [stdout#info] Not connected to a wireless access point
2020-06-07T18:37:10-0300 [stdout#info] Not connected to a wireless access point
2020-06-07T18:37:11-0300 [stdout#info] Not connected to a wireless access point
2020-06-07T18:37:11-0300 [stdout#info] Not connected to a wireless access point
2020-06-07T18:37:11-0300 [stdout#info] Not connected to a wireless access point
2020-06-07T18:37:11-0300 [stdout#info] Not connected to a wireless access point
2020-06-07T18:37:11-0300 [stdout#info] Not connected to a wireless access point
2020-06-07T18:37:11-0300 [stdout#info] Not connected to a wireless access point
2020-06-07T18:37:11-0300 [stdout#info] Not connected to a wireless access point
2020-06-07T18:37:11-0300 [stdout#info] Not connected to a wireless access point
2020-06-07T18:37:11-0300 [stdout#info] Not connected to a wireless access point
2020-06-07T18:37:11-0300 [stdout#info] Not connected to a wireless access point
2020-06-07T18:37:12-0300 [stdout#info] Not connected to a wireless access point
2020-06-07T18:37:12-0300 [stdout#info] Not connected to a wireless access point
2020-06-07T18:37:12-0300 [stdout#info] Not connected to a wireless access point
2020-06-07T18:37:12-0300 [stdout#info] Not connected to a wireless access point
2020-06-07T18:37:12-0300 [stdout#info] Not connected to a wireless access point
2020-06-07T18:37:12-0300 [stdout#info] Not connected to a wireless access point
2020-06-07T18:37:12-0300 [stdout#info] Not connected to a wireless access point
2020-06-07T18:37:12-0300 [stdout#info] Not connected to a wireless access point
2020-06-07T18:37:12-0300 [stdout#info] Not connected to a wireless access point
2020-06-07T18:37:12-0300 [stdout#info] Not connected to a wireless access point
2020-06-07T18:37:13-0300 [stdout#info] Not connected to a wireless access point
2020-06-07T18:37:13-0300 [stdout#info] Not connected to a wireless access point
2020-06-07T18:37:13-0300 [stdout#info] Not connected to a wireless access point
2020-06-07T18:37:13-0300 [stdout#info] Not connected to a wireless access point
2020-06-07T18:37:13-0300 [stdout#info] Not connected to a wireless access point
2020-06-07T18:37:13-0300 [stdout#info] Not connected to a wireless access point
2020-06-07T18:37:13-0300 [stdout#info] Not connected to a wireless access point
2020-06-07T18:37:13-0300 [stdout#info] Not connected to a wireless access point
2020-06-07T18:37:13-0300 [stdout#info] Not connected to a wireless access point
2020-06-07T18:37:13-0300 [stdout#info] Not connected to a wireless access point
2020-06-07T18:37:14-0300 [stdout#info] Not connected to a wireless access point
2020-06-07T18:37:14-0300 [stdout#info] Not connected to a wireless access point
2020-06-07T18:37:14-0300 [stdout#info] Not connected to a wireless access point
2020-06-07T18:37:14-0300 [stdout#info] Not connected to a wireless access point
2020-06-07T18:37:14-0300 [stdout#info] Not connected to a wireless access point
2020-06-07T18:37:14-0300 [stdout#info] Not connected to a wireless access point
2020-06-07T18:37:14-0300 [stdout#info] Not connected to a wireless access point
2020-06-07T18:37:14-0300 [stdout#info] Not connected to a wireless access point
2020-06-07T18:37:14-0300 [stdout#info] Not connected to a wireless access point
2020-06-07T18:37:14-0300 [stdout#info] Not connected to a wireless access point
2020-06-07T18:37:15-0300 [stdout#info] Not connected to a wireless access point
2020-06-07T18:37:15-0300 [stdout#info] Not connected to a wireless access point
2020-06-07T18:37:15-0300 [stdout#info] Not connected to a wireless access point
2020-06-07T18:37:15-0300 [stdout#info] Not connected to a wireless access point
2020-06-07T18:37:15-0300 [stdout#info] Not connected to a wireless access point
2020-06-07T18:37:15-0300 [stdout#info] Not connected to a wireless access point
2020-06-07T18:37:15-0300 [stdout#info] Not connected to a wireless access point
2020-06-07T18:37:15-0300 [stdout#info] Not connected to a wireless access point
2020-06-07T18:37:15-0300 [stdout#info] Not connected to a wireless access point
2020-06-07T18:37:15-0300 [stdout#info] Not connected to a wireless access point
2020-06-07T18:37:16-0300 [stdout#info] Not connected to a wireless access point
2020-06-07T18:37:16-0300 [stdout#info] Not connected to a wireless access point
2020-06-07T18:37:16-0300 [stdout#info] Not connected to a wireless access point
2020-06-07T18:37:16-0300 [stdout#info] Not connected to a wireless access point
2020-06-07T18:37:16-0300 [stdout#info] Not connected to a wireless access point
2020-06-07T18:37:16-0300 [stdout#info] Not connected to a wireless access point
2020-06-07T18:37:16-0300 [stdout#info] Not connected to a wireless access point
2020-06-07T18:37:16-0300 [stdout#info] Not connected to a wireless access point
2020-06-07T18:37:16-0300 [stdout#info] Not connected to a wireless access point
2020-06-07T18:37:16-0300 [stdout#info] Not connected to a wireless access point
2020-06-07T18:37:17-0300 [stdout#info] Not connected to a wireless access point
2020-06-07T18:37:17-0300 [stdout#info] Not connected to a wireless access point
2020-06-07T18:37:17-0300 [stdout#info] Not connected to a wireless access point
2020-06-07T18:37:17-0300 [stdout#info] Not connected to a wireless access point
2020-06-07T18:37:17-0300 [stdout#info] Not connected to a wireless access point
2020-06-07T18:37:17-0300 [stdout#info] Not connected to a wireless access point
2020-06-07T18:37:17-0300 [stdout#info] Not connected to a wireless access point
2020-06-07T18:37:17-0300 [stdout#info] Not connected to a wireless access point
2020-06-07T18:37:17-0300 [stdout#info] Not connected to a wireless access point
2020-06-07T18:37:17-0300 [stdout#info] Not connected to a wireless access point
2020-06-07T18:37:18-0300 [stdout#info] Not connected to a wireless access point
2020-06-07T18:37:18-0300 [stdout#info] Not connected to a wireless access point
2020-06-07T18:37:18-0300 [stdout#info] Not connected to a wireless access point
2020-06-07T18:37:18-0300 [stdout#info] Not connected to a wireless access point
2020-06-07T18:37:18-0300 [stdout#info] Not connected to a wireless access point
2020-06-07T18:37:18-0300 [stdout#info] Not connected to a wireless access point
2020-06-07T18:37:18-0300 [stdout#info] Not connected to a wireless access point
2020-06-07T18:37:18-0300 [stdout#info] Not connected to a wireless access point
2020-06-07T18:37:18-0300 [stdout#info] Not connected to a wireless access point
2020-06-07T18:37:18-0300 [stdout#info] Not connected to a wireless access point
2020-06-07T18:37:19-0300 [stdout#info] Not connected to a wireless access point
2020-06-07T18:37:19-0300 [stdout#info] Not connected to a wireless access point
2020-06-07T18:37:19-0300 [stdout#info] Not connected to a wireless access point
2020-06-07T18:37:19-0300 [stdout#info] Not connected to a wireless access point
2020-06-07T18:37:19-0300 [stdout#info] Not connected to a wireless access point
2020-06-07T18:37:19-0300 [stdout#info] Not connected to a wireless access point
2020-06-07T18:37:19-0300 [stdout#info] Not connected to a wireless access point
2020-06-07T18:37:19-0300 [stdout#info] Not connected to a wireless access point
2020-06-07T18:37:19-0300 [stdout#info] Not connected to a wireless access point
2020-06-07T18:37:19-0300 [stdout#info] Not connected to a wireless access point
2020-06-07T18:37:20-0300 [stdout#info] Not connected to a wireless access point
2020-06-07T18:37:20-0300 [stdout#info] Not connected to a wireless access point
2020-06-07T18:37:20-0300 [stdout#info] Not connected to a wireless access point
2020-06-07T18:37:20-0300 [stdout#info] Not connected to a wireless access point
2020-06-07T18:37:20-0300 [stdout#info] Not connected to a wireless access point
2020-06-07T18:37:20-0300 [stdout#info] Not connected to a wireless access point
2020-06-07T18:37:20-0300 [stdout#info] Not connected to a wireless access point
2020-06-07T18:37:20-0300 [stdout#info] Not connected to a wireless access point
2020-06-07T18:37:20-0300 [stdout#info] Not connected to a wireless access point
2020-06-07T18:37:20-0300 [stdout#info] Not connected to a wireless access point
2020-06-07T18:37:21-0300 [stdout#info] Not connected to a wireless access point
2020-06-07T18:37:21-0300 [stdout#info] Not connected to a wireless access point
2020-06-07T18:37:21-0300 [stdout#info] Not connected to a wireless access point
2020-06-07T18:37:21-0300 [stdout#info] Not connected to a wireless access point
2020-06-07T18:37:21-0300 [stdout#info] Not connected to a wireless access point
2020-06-07T18:37:21-0300 [stdout#info] Not connected to a wireless access point
2020-06-07T18:37:21-0300 [stdout#info] Not connected to a wireless access point
2020-06-07T18:37:21-0300 [stdout#info] Not connected to a wireless access point
2020-06-07T18:37:21-0300 [stdout#info] Not connected to a wireless access point
2020-06-07T18:37:21-0300 [stdout#info] Not connected to a wireless access point
2020-06-07T18:37:22-0300 [stdout#info] Not connected to a wireless access point
2020-06-07T18:37:22-0300 [stdout#info] Not connected to a wireless access point
2020-06-07T18:37:22-0300 [stdout#info] Not connected to a wireless access point
2020-06-07T18:37:22-0300 [stdout#info] Not connected to a wireless access point
2020-06-07T18:37:22-0300 [stdout#info] Not connected to a wireless access point
2020-06-07T18:37:22-0300 [stdout#info] Not connected to a wireless access point
2020-06-07T18:37:22-0300 [stdout#info] Not connected to a wireless access point
2020-06-07T18:37:22-0300 [stdout#info] Not connected to a wireless access point
2020-06-07T18:37:22-0300 [stdout#info] Not connected to a wireless access point
2020-06-07T18:37:22-0300 [stdout#info] Not connected to a wireless access point
2020-06-07T18:37:23-0300 [stdout#info] Not connected to a wireless access point
2020-06-07T18:37:23-0300 [stdout#info] Not connected to a wireless access point
2020-06-07T18:37:23-0300 [stdout#info] Not connected to a wireless access point
2020-06-07T18:37:23-0300 [stdout#info] Not connected to a wireless access point
2020-06-07T18:37:23-0300 [stdout#info] Not connected to a wireless access point
2020-06-07T18:37:23-0300 [stdout#info] Not connected to a wireless access point
2020-06-07T18:37:23-0300 [stdout#info] Not connected to a wireless access point
2020-06-07T18:37:23-0300 [stdout#info] Not connected to a wireless access point
2020-06-07T18:37:23-0300 [stdout#info] Not connected to a wireless access point
2020-06-07T18:37:23-0300 [stdout#info] Not connected to a wireless access point
2020-06-07T18:37:24-0300 [stdout#info] Not connected to a wireless access point
2020-06-07T18:37:24-0300 [stdout#info] Not connected to a wireless access point
2020-06-07T18:37:24-0300 [stdout#info] Not connected to a wireless access point
2020-06-07T18:37:24-0300 [stdout#info] Not connected to a wireless access point
2020-06-07T18:37:24-0300 [stdout#info] Not connected to a wireless access point
2020-06-07T18:37:24-0300 [stdout#info] Not connected to a wireless access point
2020-06-07T18:37:24-0300 [stdout#info] Not connected to a wireless access point
2020-06-07T18:37:24-0300 [stdout#info] Not connected to a wireless access point
2020-06-07T18:37:24-0300 [stdout#info] Not connected to a wireless access point
2020-06-07T18:37:24-0300 [stdout#info] Not connected to a wireless access point
2020-06-07T18:37:25-0300 [stdout#info] Not connected to a wireless access point
2020-06-07T18:37:25-0300 [stdout#info] Not connected to a wireless access point
2020-06-07T18:37:25-0300 [stdout#info] Not connected to a wireless access point
2020-06-07T18:37:25-0300 [stdout#info] Not connected to a wireless access point
2020-06-07T18:37:25-0300 [stdout#info] Not connected to a wireless access point
2020-06-07T18:37:25-0300 [stdout#info] Not connected to a wireless access point
2020-06-07T18:37:25-0300 [stdout#info] Not connected to a wireless access point
2020-06-07T18:37:25-0300 [stdout#info] Not connected to a wireless access point
2020-06-07T18:37:25-0300 [stdout#info] Not connected to a wireless access point
2020-06-07T18:37:25-0300 [stdout#info] Not connected to a wireless access point
2020-06-07T18:37:26-0300 [stdout#info] Not connected to a wireless access point
2020-06-07T18:37:26-0300 [stdout#info] Not connected to a wireless access point
2020-06-07T18:37:26-0300 [stdout#info] Not connected to a wireless access point
2020-06-07T18:37:26-0300 [stdout#info] Not connected to a wireless access point
2020-06-07T18:37:26-0300 [stdout#info] Not connected to a wireless access point
2020-06-07T18:37:26-0300 [stdout#info] Not connected to a wireless access point
2020-06-07T18:37:26-0300 [stdout#info] Not connected to a wireless access point
2020-06-07T18:37:26-0300 [stdout#info] Not connected to a wireless access point
2020-06-07T18:37:26-0300 [stdout#info] Not connected to a wireless access point
2020-06-07T18:37:26-0300 [stdout#info] Not connected to a wireless access point
2020-06-07T18:37:27-0300 [stdout#info] Not connected to a wireless access point
2020-06-07T18:37:27-0300 [stdout#info] Not connected to a wireless access point
2020-06-07T18:37:27-0300 [stdout#info] Not connected to a wireless access point
2020-06-07T18:37:27-0300 [stdout#info] Not connected to a wireless access point
2020-06-07T18:37:27-0300 [stdout#info] Not connected to a wireless access point
2020-06-07T18:37:27-0300 [stdout#info] Not connected to a wireless access point
2020-06-07T18:37:27-0300 [stdout#info] Not connected to a wireless access point
2020-06-07T18:37:27-0300 [stdout#info] Not connected to a wireless access point
2020-06-07T18:37:27-0300 [stdout#info] Not connected to a wireless access point
2020-06-07T18:37:27-0300 [stdout#info] Not connected to a wireless access point
2020-06-07T18:37:28-0300 [stdout#info] Not connected to a wireless access point
2020-06-07T18:37:28-0300 [stdout#info] Not connected to a wireless access point
2020-06-07T18:37:28-0300 [stdout#info] Not connected to a wireless access point
2020-06-07T18:37:28-0300 [stdout#info] Not connected to a wireless access point
2020-06-07T18:37:28-0300 [stdout#info] Not connected to a wireless access point
2020-06-07T18:37:28-0300 [stdout#info] Not connected to a wireless access point
2020-06-07T18:37:28-0300 [stdout#info] Not connected to a wireless access point
2020-06-07T18:37:28-0300 [stdout#info] Not connected to a wireless access point
2020-06-07T18:37:28-0300 [stdout#info] Not connected to a wireless access point
2020-06-07T18:37:28-0300 [stdout#info] Not connected to a wireless access point
2020-06-07T18:37:29-0300 [stdout#info] Not connected to a wireless access point
2020-06-07T18:37:29-0300 [stdout#info] Not connected to a wireless access point
2020-06-07T18:37:29-0300 [stdout#info] Not connected to a wireless access point
2020-06-07T18:37:29-0300 [-] Received SIGINT, shutting down.
2020-06-07T18:37:29-0300 [stdout#info] Not connected to a wireless access point
2020-06-07T18:37:29-0300 [twisted.internet.endpoints.OneShotFactory#info] Stopping factory <twisted.internet.endpoints.connectProtocol.<locals>.OneShotFactory object at 0x7f84ca44cc18>
2020-06-07T18:37:29-0300 [applications.httpapp.HttpServerAppFactory] (TCP Port 8080 Closed)
2020-06-07T18:37:29-0300 [applications.routerapp.RouterFactory] (TCP Port 8081 Closed)
2020-06-07T18:37:29-0300 [HttpServerAppProtocol,0,127.0.0.1] connection lost: Connection to the other side was lost in a non-clean fashion: Connection lost.
2020-06-07T18:37:29-0300 [HttpServerAppProtocol,0,127.0.0.1] connection lost - Number of events: 7
2020-06-07T18:37:29-0300 [-] Main loop terminated.
