2020-06-03T23:36:01-0300 [-] Creating router ...
2020-06-03T23:36:01-0300 [-] Initializing Router - Number of events: 1
2020-06-03T23:36:02-0300 [-] RouterFactory starting on 8081
2020-06-03T23:36:02-0300 [-] Creating AccessPoint station ...
2020-06-03T23:36:02-0300 [-] Initializing Access Point - Number of events: 2
2020-06-03T23:36:03-0300 [-] Initializing Server - Number of events: 3
2020-06-03T23:36:03-0300 [-] BrokerFactory starting on 5100
2020-06-03T23:36:03-0300 [-] Initializing sensor node - Number of events: 4
2020-06-03T23:36:03-0300 [stderr#error] Exception in Tkinter callback
2020-06-03T23:36:03-0300 [stderr#error] Traceback (most recent call last):
2020-06-03T23:36:03-0300 [stderr#error]   File "/usr/lib/python3.6/tkinter/__init__.py", line 1708, in __call__
2020-06-03T23:36:03-0300 [stderr#error]     return self.func(*args)
2020-06-03T23:36:03-0300 [stderr#error]   File "/home/rafael/iotfogsim/scinetsim/scinetsim/configurations.py", line 107, in <lambda>
2020-06-03T23:36:03-0300 [stderr#error]     btn_open = ttk.Button(window, text="Open Project",command=lambda:open_project(window,simulation_core))
2020-06-03T23:36:03-0300 [stderr#error]   File "/home/rafael/iotfogsim/scinetsim/scinetsim/configurations.py", line 61, in open_project
2020-06-03T23:36:03-0300 [stderr#error]     load_nodes(selected_project_name, simulation_core)
2020-06-03T23:36:03-0300 [stderr#error]   File "/home/rafael/iotfogsim/scinetsim/scinetsim/configurations.py", line 195, in load_nodes
2020-06-03T23:36:03-0300 [stderr#error]     simulation_core.appendFogNodes(comp)
2020-06-03T23:36:03-0300 [stderr#error]   File "/home/rafael/iotfogsim/scinetsim/scinetsim/simulationcore.py", line 107, in appendFogNodes
2020-06-03T23:36:03-0300 [stderr#error]     self.allFogNodes[fog_node.id].append(fog_node)
2020-06-03T23:36:03-0300 [stderr#error] AttributeError: 'WirelessComputer' object has no attribute 'id'
2020-06-03T23:36:03-0300 [stdout#info] This divice have no simulation core instance
2020-06-03T23:38:03-0300 [-] Received SIGINT, shutting down.
2020-06-03T23:38:03-0300 [applications.routerapp.RouterFactory] (TCP Port 8081 Closed)
2020-06-03T23:38:03-0300 [applications.mqttapp.BrokerFactory] (TCP Port 5100 Closed)
2020-06-03T23:38:03-0300 [-] Main loop terminated.
