2020-06-07T09:41:32-0300 [-] Creating router ...
2020-06-07T09:41:32-0300 [-] Initializing Router - Number of events: 1
2020-06-07T09:41:33-0300 [-] RouterFactory starting on 8081
2020-06-07T09:41:33-0300 [-] Creating AccessPoint station ...
2020-06-07T09:41:33-0300 [-] Initializing Access Point - Number of events: 2
2020-06-07T09:41:33-0300 [twisted.internet.endpoints.OneShotFactory#info] Starting factory <twisted.internet.endpoints.connectProtocol.<locals>.OneShotFactory object at 0x7fc846a23b00>
2020-06-07T09:41:34-0300 [stdout#info] sem entrada
2020-06-07T09:41:34-0300 [stdout#info] sem saida
2020-06-07T09:41:34-0300 [-] Initializing Server - Number of events: 3
2020-06-07T09:41:34-0300 [-] HttpServerAppFactory starting on 8082
2020-06-07T09:41:34-0300 [-] Initializing sensor node - Number of events: 4
2020-06-07T09:41:35-0300 [stdout#info] Not connected to a wireless access point
2020-06-07T09:41:35-0300 [stdout#info] Assossiated to : notebook 1
2020-06-07T09:41:35-0300 [stdout#info] sem entrada
2020-06-07T09:41:35-0300 [stdout#info] sem saida
2020-06-07T09:41:35-0300 [stdout#info] This divice have no simulation core instance
2020-06-07T09:41:35-0300 [stdout#info] This divice have no simulation core instance
2020-06-07T09:41:36-0300 [stdout#info] com entrada
2020-06-07T09:41:36-0300 [stdout#info] <applications.accesspointapp.AccessPointAppProtocol object at 0x7fc846a23a58>
2020-06-07T09:41:36-0300 [stdout#info] sem saida
2020-06-07T09:41:37-0300 [stdout#info] com entrada
2020-06-07T09:41:37-0300 [stdout#info] <applications.accesspointapp.AccessPointAppProtocol object at 0x7fc846a23a58>
2020-06-07T09:41:37-0300 [stdout#info] sem saida
2020-06-07T09:41:38-0300 [stdout#info] com entrada
2020-06-07T09:41:38-0300 [stdout#info] <applications.accesspointapp.AccessPointAppProtocol object at 0x7fc846a23a58>
2020-06-07T09:41:38-0300 [stdout#info] sem saida
2020-06-07T09:41:39-0300 [stdout#info] com entrada
2020-06-07T09:41:39-0300 [stdout#info] <applications.accesspointapp.AccessPointAppProtocol object at 0x7fc846a23a58>
2020-06-07T09:41:39-0300 [stdout#info] sem saida
2020-06-07T09:41:40-0300 [stdout#info] com entrada
2020-06-07T09:41:40-0300 [stdout#info] <applications.accesspointapp.AccessPointAppProtocol object at 0x7fc846a23a58>
2020-06-07T09:41:40-0300 [stdout#info] sem saida
2020-06-07T09:41:41-0300 [stdout#info] com entrada
2020-06-07T09:41:41-0300 [stdout#info] <applications.accesspointapp.AccessPointAppProtocol object at 0x7fc846a23a58>
2020-06-07T09:41:41-0300 [stdout#info] sem saida
2020-06-07T09:41:42-0300 [stdout#info] com entrada
2020-06-07T09:41:42-0300 [stdout#info] <applications.accesspointapp.AccessPointAppProtocol object at 0x7fc846a23a58>
2020-06-07T09:41:42-0300 [stdout#info] sem saida
2020-06-07T09:41:43-0300 [stdout#info] com entrada
2020-06-07T09:41:43-0300 [stdout#info] <applications.accesspointapp.AccessPointAppProtocol object at 0x7fc846a23a58>
2020-06-07T09:41:43-0300 [stdout#info] sem saida
2020-06-07T09:41:44-0300 [stdout#info] com entrada
2020-06-07T09:41:44-0300 [stdout#info] <applications.accesspointapp.AccessPointAppProtocol object at 0x7fc846a23a58>
2020-06-07T09:41:44-0300 [stdout#info] sem saida
2020-06-07T09:41:45-0300 [stdout#info] com entrada
2020-06-07T09:41:45-0300 [stdout#info] <applications.accesspointapp.AccessPointAppProtocol object at 0x7fc846a23a58>
2020-06-07T09:41:45-0300 [stdout#info] sem saida
2020-06-07T09:41:46-0300 [stdout#info] com entrada
2020-06-07T09:41:46-0300 [stdout#info] <applications.accesspointapp.AccessPointAppProtocol object at 0x7fc846a23a58>
2020-06-07T09:41:46-0300 [stdout#info] sem saida
2020-06-07T09:41:47-0300 [stdout#info] com entrada
2020-06-07T09:41:47-0300 [stdout#info] <applications.accesspointapp.AccessPointAppProtocol object at 0x7fc846a23a58>
2020-06-07T09:41:47-0300 [stdout#info] sem saida
2020-06-07T09:41:48-0300 [stdout#info] com entrada
2020-06-07T09:41:48-0300 [stdout#info] <applications.accesspointapp.AccessPointAppProtocol object at 0x7fc846a23a58>
2020-06-07T09:41:48-0300 [stdout#info] sem saida
2020-06-07T09:41:49-0300 [stdout#info] com entrada
2020-06-07T09:41:49-0300 [stdout#info] <applications.accesspointapp.AccessPointAppProtocol object at 0x7fc846a23a58>
2020-06-07T09:41:49-0300 [stdout#info] sem saida
2020-06-07T09:41:50-0300 [stdout#info] com entrada
2020-06-07T09:41:50-0300 [stdout#info] <applications.accesspointapp.AccessPointAppProtocol object at 0x7fc846a23a58>
2020-06-07T09:41:50-0300 [stdout#info] sem saida
2020-06-07T09:41:51-0300 [stdout#info] com entrada
2020-06-07T09:41:51-0300 [stdout#info] <applications.accesspointapp.AccessPointAppProtocol object at 0x7fc846a23a58>
2020-06-07T09:41:51-0300 [stdout#info] sem saida
2020-06-07T09:41:52-0300 [stdout#info] com entrada
2020-06-07T09:41:52-0300 [stdout#info] <applications.accesspointapp.AccessPointAppProtocol object at 0x7fc846a23a58>
2020-06-07T09:41:52-0300 [stdout#info] sem saida
2020-06-07T09:41:53-0300 [stdout#info] com entrada
2020-06-07T09:41:53-0300 [stdout#info] <applications.accesspointapp.AccessPointAppProtocol object at 0x7fc846a23a58>
2020-06-07T09:41:53-0300 [stdout#info] sem saida
2020-06-07T09:41:54-0300 [stdout#info] com entrada
2020-06-07T09:41:54-0300 [stdout#info] <applications.accesspointapp.AccessPointAppProtocol object at 0x7fc846a23a58>
2020-06-07T09:41:54-0300 [stdout#info] sem saida
2020-06-07T09:41:55-0300 [stdout#info] com entrada
2020-06-07T09:41:55-0300 [stdout#info] <applications.accesspointapp.AccessPointAppProtocol object at 0x7fc846a23a58>
2020-06-07T09:41:55-0300 [stdout#info] sem saida
2020-06-07T09:41:56-0300 [stdout#info] com entrada
2020-06-07T09:41:56-0300 [stdout#info] <applications.accesspointapp.AccessPointAppProtocol object at 0x7fc846a23a58>
2020-06-07T09:41:56-0300 [stdout#info] sem saida
2020-06-07T09:41:57-0300 [stdout#info] com entrada
2020-06-07T09:41:57-0300 [stdout#info] <applications.accesspointapp.AccessPointAppProtocol object at 0x7fc846a23a58>
2020-06-07T09:41:57-0300 [stdout#info] sem saida
2020-06-07T09:41:58-0300 [stdout#info] com entrada
2020-06-07T09:41:58-0300 [stdout#info] <applications.accesspointapp.AccessPointAppProtocol object at 0x7fc846a23a58>
2020-06-07T09:41:58-0300 [stdout#info] sem saida
2020-06-07T09:41:59-0300 [stdout#info] com entrada
2020-06-07T09:41:59-0300 [stdout#info] <applications.accesspointapp.AccessPointAppProtocol object at 0x7fc846a23a58>
2020-06-07T09:41:59-0300 [stdout#info] sem saida
2020-06-07T09:42:00-0300 [stdout#info] com entrada
2020-06-07T09:42:00-0300 [stdout#info] <applications.accesspointapp.AccessPointAppProtocol object at 0x7fc846a23a58>
2020-06-07T09:42:00-0300 [stdout#info] sem saida
2020-06-07T09:42:01-0300 [stdout#info] com entrada
2020-06-07T09:42:01-0300 [stdout#info] <applications.accesspointapp.AccessPointAppProtocol object at 0x7fc846a23a58>
2020-06-07T09:42:01-0300 [stdout#info] sem saida
2020-06-07T09:42:02-0300 [stdout#info] com entrada
2020-06-07T09:42:02-0300 [stdout#info] <applications.accesspointapp.AccessPointAppProtocol object at 0x7fc846a23a58>
2020-06-07T09:42:02-0300 [stdout#info] sem saida
2020-06-07T09:42:03-0300 [stdout#info] com entrada
2020-06-07T09:42:03-0300 [stdout#info] <applications.accesspointapp.AccessPointAppProtocol object at 0x7fc846a23a58>
2020-06-07T09:42:03-0300 [stdout#info] sem saida
2020-06-07T09:42:04-0300 [stdout#info] com entrada
2020-06-07T09:42:04-0300 [stdout#info] <applications.accesspointapp.AccessPointAppProtocol object at 0x7fc846a23a58>
2020-06-07T09:42:04-0300 [stdout#info] sem saida
2020-06-07T09:42:05-0300 [stdout#info] com entrada
2020-06-07T09:42:05-0300 [stdout#info] <applications.accesspointapp.AccessPointAppProtocol object at 0x7fc846a23a58>
2020-06-07T09:42:05-0300 [stdout#info] sem saida
2020-06-07T09:42:06-0300 [stdout#info] com entrada
2020-06-07T09:42:06-0300 [stdout#info] <applications.accesspointapp.AccessPointAppProtocol object at 0x7fc846a23a58>
2020-06-07T09:42:06-0300 [stdout#info] sem saida
2020-06-07T09:42:07-0300 [stdout#info] com entrada
2020-06-07T09:42:07-0300 [stdout#info] <applications.accesspointapp.AccessPointAppProtocol object at 0x7fc846a23a58>
2020-06-07T09:42:07-0300 [stdout#info] sem saida
2020-06-07T09:42:08-0300 [stdout#info] com entrada
2020-06-07T09:42:08-0300 [stdout#info] <applications.accesspointapp.AccessPointAppProtocol object at 0x7fc846a23a58>
2020-06-07T09:42:08-0300 [stdout#info] sem saida
2020-06-07T09:42:09-0300 [stdout#info] com entrada
2020-06-07T09:42:09-0300 [stdout#info] <applications.accesspointapp.AccessPointAppProtocol object at 0x7fc846a23a58>
2020-06-07T09:42:09-0300 [stdout#info] sem saida
2020-06-07T09:42:10-0300 [stdout#info] com entrada
2020-06-07T09:42:10-0300 [stdout#info] <applications.accesspointapp.AccessPointAppProtocol object at 0x7fc846a23a58>
2020-06-07T09:42:10-0300 [stdout#info] sem saida
2020-06-07T09:42:11-0300 [stdout#info] com entrada
2020-06-07T09:42:11-0300 [stdout#info] <applications.accesspointapp.AccessPointAppProtocol object at 0x7fc846a23a58>
2020-06-07T09:42:11-0300 [stdout#info] sem saida
2020-06-07T09:42:12-0300 [stdout#info] com entrada
2020-06-07T09:42:12-0300 [stdout#info] <applications.accesspointapp.AccessPointAppProtocol object at 0x7fc846a23a58>
2020-06-07T09:42:12-0300 [stdout#info] sem saida
2020-06-07T09:42:13-0300 [stdout#info] com entrada
2020-06-07T09:42:13-0300 [stdout#info] <applications.accesspointapp.AccessPointAppProtocol object at 0x7fc846a23a58>
2020-06-07T09:42:13-0300 [stdout#info] sem saida
2020-06-07T09:42:14-0300 [stdout#info] com entrada
2020-06-07T09:42:14-0300 [stdout#info] <applications.accesspointapp.AccessPointAppProtocol object at 0x7fc846a23a58>
2020-06-07T09:42:14-0300 [stdout#info] sem saida
2020-06-07T09:42:15-0300 [stdout#info] com entrada
2020-06-07T09:42:15-0300 [stdout#info] <applications.accesspointapp.AccessPointAppProtocol object at 0x7fc846a23a58>
2020-06-07T09:42:15-0300 [stdout#info] sem saida
2020-06-07T09:42:16-0300 [stdout#info] com entrada
2020-06-07T09:42:16-0300 [stdout#info] <applications.accesspointapp.AccessPointAppProtocol object at 0x7fc846a23a58>
2020-06-07T09:42:16-0300 [stdout#info] sem saida
2020-06-07T09:42:17-0300 [stdout#info] com entrada
2020-06-07T09:42:17-0300 [stdout#info] <applications.accesspointapp.AccessPointAppProtocol object at 0x7fc846a23a58>
2020-06-07T09:42:17-0300 [stdout#info] sem saida
2020-06-07T09:42:18-0300 [stdout#info] com entrada
2020-06-07T09:42:18-0300 [stdout#info] <applications.accesspointapp.AccessPointAppProtocol object at 0x7fc846a23a58>
2020-06-07T09:42:18-0300 [stdout#info] sem saida
2020-06-07T09:42:19-0300 [stdout#info] com entrada
2020-06-07T09:42:19-0300 [stdout#info] <applications.accesspointapp.AccessPointAppProtocol object at 0x7fc846a23a58>
2020-06-07T09:42:19-0300 [stdout#info] sem saida
2020-06-07T09:42:20-0300 [stdout#info] com entrada
2020-06-07T09:42:20-0300 [stdout#info] <applications.accesspointapp.AccessPointAppProtocol object at 0x7fc846a23a58>
2020-06-07T09:42:20-0300 [stdout#info] sem saida
2020-06-07T09:42:21-0300 [stdout#info] com entrada
2020-06-07T09:42:21-0300 [stdout#info] <applications.accesspointapp.AccessPointAppProtocol object at 0x7fc846a23a58>
2020-06-07T09:42:21-0300 [stdout#info] sem saida
2020-06-07T09:42:22-0300 [stdout#info] com entrada
2020-06-07T09:42:22-0300 [stdout#info] <applications.accesspointapp.AccessPointAppProtocol object at 0x7fc846a23a58>
2020-06-07T09:42:22-0300 [stdout#info] sem saida
2020-06-07T09:42:23-0300 [stdout#info] com entrada
2020-06-07T09:42:23-0300 [stdout#info] <applications.accesspointapp.AccessPointAppProtocol object at 0x7fc846a23a58>
2020-06-07T09:42:23-0300 [stdout#info] sem saida
2020-06-07T09:42:24-0300 [stdout#info] com entrada
2020-06-07T09:42:24-0300 [stdout#info] <applications.accesspointapp.AccessPointAppProtocol object at 0x7fc846a23a58>
2020-06-07T09:42:24-0300 [stdout#info] sem saida
2020-06-07T09:42:25-0300 [stdout#info] com entrada
2020-06-07T09:42:25-0300 [stdout#info] <applications.accesspointapp.AccessPointAppProtocol object at 0x7fc846a23a58>
2020-06-07T09:42:25-0300 [stdout#info] sem saida
2020-06-07T09:42:26-0300 [stdout#info] com entrada
2020-06-07T09:42:26-0300 [stdout#info] <applications.accesspointapp.AccessPointAppProtocol object at 0x7fc846a23a58>
2020-06-07T09:42:26-0300 [stdout#info] sem saida
2020-06-07T09:42:27-0300 [stdout#info] com entrada
2020-06-07T09:42:27-0300 [stdout#info] <applications.accesspointapp.AccessPointAppProtocol object at 0x7fc846a23a58>
2020-06-07T09:42:27-0300 [stdout#info] sem saida
2020-06-07T09:42:28-0300 [stdout#info] com entrada
2020-06-07T09:42:28-0300 [stdout#info] <applications.accesspointapp.AccessPointAppProtocol object at 0x7fc846a23a58>
2020-06-07T09:42:28-0300 [stdout#info] sem saida
2020-06-07T09:42:29-0300 [stdout#info] com entrada
2020-06-07T09:42:29-0300 [stdout#info] <applications.accesspointapp.AccessPointAppProtocol object at 0x7fc846a23a58>
2020-06-07T09:42:29-0300 [stdout#info] sem saida
2020-06-07T09:42:30-0300 [stdout#info] com entrada
2020-06-07T09:42:30-0300 [stdout#info] <applications.accesspointapp.AccessPointAppProtocol object at 0x7fc846a23a58>
2020-06-07T09:42:30-0300 [stdout#info] sem saida
2020-06-07T09:42:31-0300 [stdout#info] com entrada
2020-06-07T09:42:31-0300 [stdout#info] <applications.accesspointapp.AccessPointAppProtocol object at 0x7fc846a23a58>
2020-06-07T09:42:31-0300 [stdout#info] sem saida
2020-06-07T09:42:32-0300 [stdout#info] com entrada
2020-06-07T09:42:32-0300 [stdout#info] <applications.accesspointapp.AccessPointAppProtocol object at 0x7fc846a23a58>
2020-06-07T09:42:32-0300 [stdout#info] sem saida
2020-06-07T09:42:33-0300 [stdout#info] com entrada
2020-06-07T09:42:33-0300 [stdout#info] <applications.accesspointapp.AccessPointAppProtocol object at 0x7fc846a23a58>
2020-06-07T09:42:33-0300 [stdout#info] sem saida
2020-06-07T09:42:34-0300 [stdout#info] com entrada
2020-06-07T09:42:34-0300 [stdout#info] <applications.accesspointapp.AccessPointAppProtocol object at 0x7fc846a23a58>
2020-06-07T09:42:34-0300 [stdout#info] sem saida
2020-06-07T09:42:35-0300 [stdout#info] com entrada
2020-06-07T09:42:35-0300 [stdout#info] <applications.accesspointapp.AccessPointAppProtocol object at 0x7fc846a23a58>
2020-06-07T09:42:35-0300 [stdout#info] sem saida
2020-06-07T09:42:36-0300 [stdout#info] com entrada
2020-06-07T09:42:36-0300 [stdout#info] <applications.accesspointapp.AccessPointAppProtocol object at 0x7fc846a23a58>
2020-06-07T09:42:36-0300 [stdout#info] sem saida
2020-06-07T09:42:37-0300 [stdout#info] com entrada
2020-06-07T09:42:37-0300 [stdout#info] <applications.accesspointapp.AccessPointAppProtocol object at 0x7fc846a23a58>
2020-06-07T09:42:37-0300 [stdout#info] sem saida
2020-06-07T09:42:38-0300 [stdout#info] com entrada
2020-06-07T09:42:38-0300 [stdout#info] <applications.accesspointapp.AccessPointAppProtocol object at 0x7fc846a23a58>
2020-06-07T09:42:38-0300 [stdout#info] sem saida
2020-06-07T09:42:39-0300 [stdout#info] com entrada
2020-06-07T09:42:39-0300 [stdout#info] <applications.accesspointapp.AccessPointAppProtocol object at 0x7fc846a23a58>
2020-06-07T09:42:39-0300 [stdout#info] sem saida
2020-06-07T09:42:40-0300 [stdout#info] com entrada
2020-06-07T09:42:40-0300 [stdout#info] <applications.accesspointapp.AccessPointAppProtocol object at 0x7fc846a23a58>
2020-06-07T09:42:40-0300 [stdout#info] sem saida
2020-06-07T09:42:41-0300 [stdout#info] com entrada
2020-06-07T09:42:41-0300 [stdout#info] <applications.accesspointapp.AccessPointAppProtocol object at 0x7fc846a23a58>
2020-06-07T09:42:41-0300 [stdout#info] sem saida
2020-06-07T09:42:42-0300 [stdout#info] com entrada
2020-06-07T09:42:42-0300 [stdout#info] <applications.accesspointapp.AccessPointAppProtocol object at 0x7fc846a23a58>
2020-06-07T09:42:42-0300 [stdout#info] sem saida
2020-06-07T09:42:43-0300 [stdout#info] com entrada
2020-06-07T09:42:43-0300 [stdout#info] <applications.accesspointapp.AccessPointAppProtocol object at 0x7fc846a23a58>
2020-06-07T09:42:43-0300 [stdout#info] sem saida
2020-06-07T09:42:44-0300 [stdout#info] com entrada
2020-06-07T09:42:44-0300 [stdout#info] <applications.accesspointapp.AccessPointAppProtocol object at 0x7fc846a23a58>
2020-06-07T09:42:44-0300 [stdout#info] sem saida
2020-06-07T09:42:45-0300 [stdout#info] com entrada
2020-06-07T09:42:45-0300 [stdout#info] <applications.accesspointapp.AccessPointAppProtocol object at 0x7fc846a23a58>
2020-06-07T09:42:45-0300 [stdout#info] sem saida
2020-06-07T09:42:46-0300 [stdout#info] com entrada
2020-06-07T09:42:46-0300 [stdout#info] <applications.accesspointapp.AccessPointAppProtocol object at 0x7fc846a23a58>
2020-06-07T09:42:46-0300 [stdout#info] sem saida
2020-06-07T09:42:47-0300 [stdout#info] com entrada
2020-06-07T09:42:47-0300 [stdout#info] <applications.accesspointapp.AccessPointAppProtocol object at 0x7fc846a23a58>
2020-06-07T09:42:47-0300 [stdout#info] sem saida
2020-06-07T09:42:48-0300 [stdout#info] com entrada
2020-06-07T09:42:48-0300 [stdout#info] <applications.accesspointapp.AccessPointAppProtocol object at 0x7fc846a23a58>
2020-06-07T09:42:48-0300 [stdout#info] sem saida
2020-06-07T09:42:49-0300 [stdout#info] com entrada
2020-06-07T09:42:49-0300 [stdout#info] <applications.accesspointapp.AccessPointAppProtocol object at 0x7fc846a23a58>
2020-06-07T09:42:49-0300 [stdout#info] sem saida
2020-06-07T09:42:50-0300 [stdout#info] com entrada
2020-06-07T09:42:50-0300 [stdout#info] <applications.accesspointapp.AccessPointAppProtocol object at 0x7fc846a23a58>
2020-06-07T09:42:50-0300 [stdout#info] sem saida
2020-06-07T09:42:51-0300 [stdout#info] com entrada
2020-06-07T09:42:51-0300 [stdout#info] <applications.accesspointapp.AccessPointAppProtocol object at 0x7fc846a23a58>
2020-06-07T09:42:51-0300 [stdout#info] sem saida
2020-06-07T09:42:52-0300 [stdout#info] com entrada
2020-06-07T09:42:52-0300 [stdout#info] <applications.accesspointapp.AccessPointAppProtocol object at 0x7fc846a23a58>
2020-06-07T09:42:52-0300 [stdout#info] sem saida
2020-06-07T09:42:53-0300 [stdout#info] com entrada
2020-06-07T09:42:53-0300 [stdout#info] <applications.accesspointapp.AccessPointAppProtocol object at 0x7fc846a23a58>
2020-06-07T09:42:53-0300 [stdout#info] sem saida
2020-06-07T09:42:54-0300 [stdout#info] com entrada
2020-06-07T09:42:54-0300 [stdout#info] <applications.accesspointapp.AccessPointAppProtocol object at 0x7fc846a23a58>
2020-06-07T09:42:54-0300 [stdout#info] sem saida
2020-06-07T09:42:55-0300 [stdout#info] com entrada
2020-06-07T09:42:55-0300 [stdout#info] <applications.accesspointapp.AccessPointAppProtocol object at 0x7fc846a23a58>
2020-06-07T09:42:55-0300 [stdout#info] sem saida
2020-06-07T09:42:56-0300 [stdout#info] com entrada
2020-06-07T09:42:56-0300 [stdout#info] <applications.accesspointapp.AccessPointAppProtocol object at 0x7fc846a23a58>
2020-06-07T09:42:56-0300 [stdout#info] sem saida
2020-06-07T09:42:57-0300 [stdout#info] com entrada
2020-06-07T09:42:57-0300 [stdout#info] <applications.accesspointapp.AccessPointAppProtocol object at 0x7fc846a23a58>
2020-06-07T09:42:57-0300 [stdout#info] sem saida
2020-06-07T09:42:58-0300 [stdout#info] com entrada
2020-06-07T09:42:58-0300 [stdout#info] <applications.accesspointapp.AccessPointAppProtocol object at 0x7fc846a23a58>
2020-06-07T09:42:58-0300 [stdout#info] sem saida
2020-06-07T09:42:59-0300 [stdout#info] com entrada
2020-06-07T09:42:59-0300 [stdout#info] <applications.accesspointapp.AccessPointAppProtocol object at 0x7fc846a23a58>
2020-06-07T09:42:59-0300 [stdout#info] sem saida
2020-06-07T09:43:00-0300 [stdout#info] com entrada
2020-06-07T09:43:00-0300 [stdout#info] <applications.accesspointapp.AccessPointAppProtocol object at 0x7fc846a23a58>
2020-06-07T09:43:00-0300 [stdout#info] sem saida
2020-06-07T09:43:01-0300 [stdout#info] com entrada
2020-06-07T09:43:01-0300 [stdout#info] <applications.accesspointapp.AccessPointAppProtocol object at 0x7fc846a23a58>
2020-06-07T09:43:01-0300 [stdout#info] sem saida
2020-06-07T09:43:02-0300 [stdout#info] com entrada
2020-06-07T09:43:02-0300 [stdout#info] <applications.accesspointapp.AccessPointAppProtocol object at 0x7fc846a23a58>
2020-06-07T09:43:02-0300 [stdout#info] sem saida
2020-06-07T09:43:03-0300 [stdout#info] com entrada
2020-06-07T09:43:03-0300 [stdout#info] <applications.accesspointapp.AccessPointAppProtocol object at 0x7fc846a23a58>
2020-06-07T09:43:03-0300 [stdout#info] sem saida
2020-06-07T09:43:04-0300 [stdout#info] com entrada
2020-06-07T09:43:04-0300 [stdout#info] <applications.accesspointapp.AccessPointAppProtocol object at 0x7fc846a23a58>
2020-06-07T09:43:04-0300 [stdout#info] sem saida
2020-06-07T09:43:05-0300 [stdout#info] com entrada
2020-06-07T09:43:05-0300 [stdout#info] <applications.accesspointapp.AccessPointAppProtocol object at 0x7fc846a23a58>
2020-06-07T09:43:05-0300 [stdout#info] sem saida
2020-06-07T09:43:06-0300 [stdout#info] com entrada
2020-06-07T09:43:06-0300 [stdout#info] <applications.accesspointapp.AccessPointAppProtocol object at 0x7fc846a23a58>
2020-06-07T09:43:06-0300 [stdout#info] sem saida
2020-06-07T09:43:07-0300 [stdout#info] com entrada
2020-06-07T09:43:07-0300 [stdout#info] <applications.accesspointapp.AccessPointAppProtocol object at 0x7fc846a23a58>
2020-06-07T09:43:07-0300 [stdout#info] sem saida
2020-06-07T09:43:08-0300 [stdout#info] com entrada
2020-06-07T09:43:08-0300 [stdout#info] <applications.accesspointapp.AccessPointAppProtocol object at 0x7fc846a23a58>
2020-06-07T09:43:08-0300 [stdout#info] sem saida
2020-06-07T09:43:09-0300 [stdout#info] com entrada
2020-06-07T09:43:09-0300 [stdout#info] <applications.accesspointapp.AccessPointAppProtocol object at 0x7fc846a23a58>
2020-06-07T09:43:09-0300 [stdout#info] sem saida
2020-06-07T09:43:10-0300 [stdout#info] com entrada
2020-06-07T09:43:10-0300 [stdout#info] <applications.accesspointapp.AccessPointAppProtocol object at 0x7fc846a23a58>
2020-06-07T09:43:10-0300 [stdout#info] sem saida
2020-06-07T09:43:11-0300 [stdout#info] com entrada
2020-06-07T09:43:11-0300 [stdout#info] <applications.accesspointapp.AccessPointAppProtocol object at 0x7fc846a23a58>
2020-06-07T09:43:11-0300 [stdout#info] sem saida
2020-06-07T09:43:12-0300 [stdout#info] com entrada
2020-06-07T09:43:12-0300 [stdout#info] <applications.accesspointapp.AccessPointAppProtocol object at 0x7fc846a23a58>
2020-06-07T09:43:12-0300 [stdout#info] sem saida
2020-06-07T09:43:13-0300 [stdout#info] com entrada
2020-06-07T09:43:13-0300 [stdout#info] <applications.accesspointapp.AccessPointAppProtocol object at 0x7fc846a23a58>
2020-06-07T09:43:13-0300 [stdout#info] sem saida
2020-06-07T09:43:14-0300 [stdout#info] com entrada
2020-06-07T09:43:14-0300 [stdout#info] <applications.accesspointapp.AccessPointAppProtocol object at 0x7fc846a23a58>
2020-06-07T09:43:14-0300 [stdout#info] sem saida
2020-06-07T09:43:15-0300 [stdout#info] com entrada
2020-06-07T09:43:15-0300 [stdout#info] <applications.accesspointapp.AccessPointAppProtocol object at 0x7fc846a23a58>
2020-06-07T09:43:15-0300 [stdout#info] sem saida
2020-06-07T09:43:16-0300 [stdout#info] com entrada
2020-06-07T09:43:16-0300 [stdout#info] <applications.accesspointapp.AccessPointAppProtocol object at 0x7fc846a23a58>
2020-06-07T09:43:16-0300 [stdout#info] sem saida
2020-06-07T09:43:17-0300 [stdout#info] com entrada
2020-06-07T09:43:17-0300 [stdout#info] <applications.accesspointapp.AccessPointAppProtocol object at 0x7fc846a23a58>
2020-06-07T09:43:17-0300 [stdout#info] sem saida
2020-06-07T09:43:18-0300 [stdout#info] com entrada
2020-06-07T09:43:18-0300 [stdout#info] <applications.accesspointapp.AccessPointAppProtocol object at 0x7fc846a23a58>
2020-06-07T09:43:18-0300 [stdout#info] sem saida
2020-06-07T09:43:19-0300 [stdout#info] com entrada
2020-06-07T09:43:19-0300 [stdout#info] <applications.accesspointapp.AccessPointAppProtocol object at 0x7fc846a23a58>
2020-06-07T09:43:19-0300 [stdout#info] sem saida
2020-06-07T09:43:20-0300 [stdout#info] com entrada
2020-06-07T09:43:20-0300 [stdout#info] <applications.accesspointapp.AccessPointAppProtocol object at 0x7fc846a23a58>
2020-06-07T09:43:20-0300 [stdout#info] sem saida
2020-06-07T09:43:21-0300 [stdout#info] com entrada
2020-06-07T09:43:21-0300 [stdout#info] <applications.accesspointapp.AccessPointAppProtocol object at 0x7fc846a23a58>
2020-06-07T09:43:21-0300 [stdout#info] sem saida
2020-06-07T09:43:22-0300 [stdout#info] com entrada
2020-06-07T09:43:22-0300 [stdout#info] <applications.accesspointapp.AccessPointAppProtocol object at 0x7fc846a23a58>
2020-06-07T09:43:22-0300 [stdout#info] sem saida
2020-06-07T09:43:23-0300 [stdout#info] com entrada
2020-06-07T09:43:23-0300 [stdout#info] <applications.accesspointapp.AccessPointAppProtocol object at 0x7fc846a23a58>
2020-06-07T09:43:23-0300 [stdout#info] sem saida
2020-06-07T09:43:24-0300 [stdout#info] com entrada
2020-06-07T09:43:24-0300 [stdout#info] <applications.accesspointapp.AccessPointAppProtocol object at 0x7fc846a23a58>
2020-06-07T09:43:24-0300 [stdout#info] sem saida
2020-06-07T09:43:25-0300 [stdout#info] com entrada
2020-06-07T09:43:25-0300 [stdout#info] <applications.accesspointapp.AccessPointAppProtocol object at 0x7fc846a23a58>
2020-06-07T09:43:25-0300 [stdout#info] sem saida
2020-06-07T09:43:26-0300 [stdout#info] com entrada
2020-06-07T09:43:26-0300 [stdout#info] <applications.accesspointapp.AccessPointAppProtocol object at 0x7fc846a23a58>
2020-06-07T09:43:26-0300 [stdout#info] sem saida
2020-06-07T09:43:27-0300 [stdout#info] com entrada
2020-06-07T09:43:27-0300 [stdout#info] <applications.accesspointapp.AccessPointAppProtocol object at 0x7fc846a23a58>
2020-06-07T09:43:27-0300 [stdout#info] sem saida
2020-06-07T09:43:28-0300 [stdout#info] com entrada
2020-06-07T09:43:28-0300 [stdout#info] <applications.accesspointapp.AccessPointAppProtocol object at 0x7fc846a23a58>
2020-06-07T09:43:28-0300 [stdout#info] sem saida
2020-06-07T09:43:29-0300 [stdout#info] com entrada
2020-06-07T09:43:29-0300 [stdout#info] <applications.accesspointapp.AccessPointAppProtocol object at 0x7fc846a23a58>
2020-06-07T09:43:29-0300 [stdout#info] sem saida
2020-06-07T09:43:30-0300 [stdout#info] com entrada
2020-06-07T09:43:30-0300 [stdout#info] <applications.accesspointapp.AccessPointAppProtocol object at 0x7fc846a23a58>
2020-06-07T09:43:30-0300 [stdout#info] sem saida
2020-06-07T09:43:31-0300 [stdout#info] com entrada
2020-06-07T09:43:31-0300 [stdout#info] <applications.accesspointapp.AccessPointAppProtocol object at 0x7fc846a23a58>
2020-06-07T09:43:31-0300 [stdout#info] sem saida
2020-06-07T09:43:32-0300 [stdout#info] com entrada
2020-06-07T09:43:32-0300 [stdout#info] <applications.accesspointapp.AccessPointAppProtocol object at 0x7fc846a23a58>
2020-06-07T09:43:32-0300 [stdout#info] sem saida
2020-06-07T09:43:33-0300 [stdout#info] com entrada
2020-06-07T09:43:33-0300 [stdout#info] <applications.accesspointapp.AccessPointAppProtocol object at 0x7fc846a23a58>
2020-06-07T09:43:33-0300 [stdout#info] sem saida
2020-06-07T09:43:34-0300 [stdout#info] com entrada
2020-06-07T09:43:34-0300 [stdout#info] <applications.accesspointapp.AccessPointAppProtocol object at 0x7fc846a23a58>
2020-06-07T09:43:34-0300 [stdout#info] sem saida
2020-06-07T09:43:35-0300 [stdout#info] com entrada
2020-06-07T09:43:35-0300 [stdout#info] <applications.accesspointapp.AccessPointAppProtocol object at 0x7fc846a23a58>
2020-06-07T09:43:35-0300 [stdout#info] sem saida
2020-06-07T09:43:36-0300 [stdout#info] com entrada
2020-06-07T09:43:36-0300 [stdout#info] <applications.accesspointapp.AccessPointAppProtocol object at 0x7fc846a23a58>
2020-06-07T09:43:36-0300 [stdout#info] sem saida
2020-06-07T09:43:37-0300 [stdout#info] com entrada
2020-06-07T09:43:37-0300 [stdout#info] <applications.accesspointapp.AccessPointAppProtocol object at 0x7fc846a23a58>
2020-06-07T09:43:37-0300 [stdout#info] sem saida
2020-06-07T09:43:38-0300 [stdout#info] com entrada
2020-06-07T09:43:38-0300 [stdout#info] <applications.accesspointapp.AccessPointAppProtocol object at 0x7fc846a23a58>
2020-06-07T09:43:38-0300 [stdout#info] sem saida
2020-06-07T09:43:39-0300 [stdout#info] com entrada
2020-06-07T09:43:39-0300 [stdout#info] <applications.accesspointapp.AccessPointAppProtocol object at 0x7fc846a23a58>
2020-06-07T09:43:39-0300 [stdout#info] sem saida
2020-06-07T09:43:40-0300 [stdout#info] com entrada
2020-06-07T09:43:40-0300 [stdout#info] <applications.accesspointapp.AccessPointAppProtocol object at 0x7fc846a23a58>
2020-06-07T09:43:40-0300 [stdout#info] sem saida
2020-06-07T09:43:41-0300 [stdout#info] com entrada
2020-06-07T09:43:41-0300 [stdout#info] <applications.accesspointapp.AccessPointAppProtocol object at 0x7fc846a23a58>
2020-06-07T09:43:41-0300 [stdout#info] sem saida
2020-06-07T09:43:42-0300 [stdout#info] com entrada
2020-06-07T09:43:42-0300 [stdout#info] <applications.accesspointapp.AccessPointAppProtocol object at 0x7fc846a23a58>
2020-06-07T09:43:42-0300 [stdout#info] sem saida
2020-06-07T09:43:43-0300 [stdout#info] com entrada
2020-06-07T09:43:43-0300 [stdout#info] <applications.accesspointapp.AccessPointAppProtocol object at 0x7fc846a23a58>
2020-06-07T09:43:43-0300 [stdout#info] sem saida
2020-06-07T09:43:44-0300 [stdout#info] com entrada
2020-06-07T09:43:44-0300 [stdout#info] <applications.accesspointapp.AccessPointAppProtocol object at 0x7fc846a23a58>
2020-06-07T09:43:44-0300 [stdout#info] sem saida
2020-06-07T09:43:45-0300 [stdout#info] com entrada
2020-06-07T09:43:45-0300 [stdout#info] <applications.accesspointapp.AccessPointAppProtocol object at 0x7fc846a23a58>
2020-06-07T09:43:45-0300 [stdout#info] sem saida
2020-06-07T09:43:46-0300 [stdout#info] com entrada
2020-06-07T09:43:46-0300 [stdout#info] <applications.accesspointapp.AccessPointAppProtocol object at 0x7fc846a23a58>
2020-06-07T09:43:46-0300 [stdout#info] sem saida
2020-06-07T09:43:47-0300 [stdout#info] com entrada
2020-06-07T09:43:47-0300 [stdout#info] <applications.accesspointapp.AccessPointAppProtocol object at 0x7fc846a23a58>
2020-06-07T09:43:47-0300 [stdout#info] sem saida
2020-06-07T09:43:48-0300 [stdout#info] com entrada
2020-06-07T09:43:48-0300 [stdout#info] <applications.accesspointapp.AccessPointAppProtocol object at 0x7fc846a23a58>
2020-06-07T09:43:48-0300 [stdout#info] sem saida
2020-06-07T09:43:49-0300 [stdout#info] com entrada
2020-06-07T09:43:49-0300 [stdout#info] <applications.accesspointapp.AccessPointAppProtocol object at 0x7fc846a23a58>
2020-06-07T09:43:49-0300 [stdout#info] sem saida
2020-06-07T09:43:50-0300 [stdout#info] com entrada
2020-06-07T09:43:50-0300 [stdout#info] <applications.accesspointapp.AccessPointAppProtocol object at 0x7fc846a23a58>
2020-06-07T09:43:50-0300 [stdout#info] sem saida
2020-06-07T09:43:51-0300 [stdout#info] com entrada
2020-06-07T09:43:51-0300 [stdout#info] <applications.accesspointapp.AccessPointAppProtocol object at 0x7fc846a23a58>
2020-06-07T09:43:51-0300 [stdout#info] sem saida
2020-06-07T09:43:52-0300 [stdout#info] com entrada
2020-06-07T09:43:52-0300 [stdout#info] <applications.accesspointapp.AccessPointAppProtocol object at 0x7fc846a23a58>
2020-06-07T09:43:52-0300 [stdout#info] sem saida
2020-06-07T09:43:53-0300 [stdout#info] com entrada
2020-06-07T09:43:53-0300 [stdout#info] <applications.accesspointapp.AccessPointAppProtocol object at 0x7fc846a23a58>
2020-06-07T09:43:53-0300 [stdout#info] sem saida
2020-06-07T09:43:54-0300 [stdout#info] com entrada
2020-06-07T09:43:54-0300 [stdout#info] <applications.accesspointapp.AccessPointAppProtocol object at 0x7fc846a23a58>
2020-06-07T09:43:54-0300 [stdout#info] sem saida
2020-06-07T09:43:55-0300 [stdout#info] com entrada
2020-06-07T09:43:55-0300 [stdout#info] <applications.accesspointapp.AccessPointAppProtocol object at 0x7fc846a23a58>
2020-06-07T09:43:55-0300 [stdout#info] sem saida
2020-06-07T09:43:56-0300 [stdout#info] com entrada
2020-06-07T09:43:56-0300 [stdout#info] <applications.accesspointapp.AccessPointAppProtocol object at 0x7fc846a23a58>
2020-06-07T09:43:56-0300 [stdout#info] sem saida
2020-06-07T09:43:57-0300 [stdout#info] com entrada
2020-06-07T09:43:57-0300 [stdout#info] <applications.accesspointapp.AccessPointAppProtocol object at 0x7fc846a23a58>
2020-06-07T09:43:57-0300 [stdout#info] sem saida
2020-06-07T09:43:58-0300 [stdout#info] com entrada
2020-06-07T09:43:58-0300 [stdout#info] <applications.accesspointapp.AccessPointAppProtocol object at 0x7fc846a23a58>
2020-06-07T09:43:58-0300 [stdout#info] sem saida
2020-06-07T09:43:59-0300 [stdout#info] com entrada
2020-06-07T09:43:59-0300 [stdout#info] <applications.accesspointapp.AccessPointAppProtocol object at 0x7fc846a23a58>
2020-06-07T09:43:59-0300 [stdout#info] sem saida
2020-06-07T09:44:00-0300 [stdout#info] com entrada
2020-06-07T09:44:00-0300 [stdout#info] <applications.accesspointapp.AccessPointAppProtocol object at 0x7fc846a23a58>
2020-06-07T09:44:00-0300 [stdout#info] sem saida
2020-06-07T09:44:01-0300 [stdout#info] com entrada
2020-06-07T09:44:01-0300 [stdout#info] <applications.accesspointapp.AccessPointAppProtocol object at 0x7fc846a23a58>
2020-06-07T09:44:01-0300 [stdout#info] sem saida
2020-06-07T09:44:02-0300 [stdout#info] com entrada
2020-06-07T09:44:02-0300 [stdout#info] <applications.accesspointapp.AccessPointAppProtocol object at 0x7fc846a23a58>
2020-06-07T09:44:02-0300 [stdout#info] sem saida
2020-06-07T09:44:03-0300 [stdout#info] com entrada
2020-06-07T09:44:03-0300 [stdout#info] <applications.accesspointapp.AccessPointAppProtocol object at 0x7fc846a23a58>
2020-06-07T09:44:03-0300 [stdout#info] sem saida
2020-06-07T09:44:04-0300 [stdout#info] com entrada
2020-06-07T09:44:04-0300 [stdout#info] <applications.accesspointapp.AccessPointAppProtocol object at 0x7fc846a23a58>
2020-06-07T09:44:04-0300 [stdout#info] sem saida
2020-06-07T09:44:05-0300 [stdout#info] com entrada
2020-06-07T09:44:05-0300 [stdout#info] <applications.accesspointapp.AccessPointAppProtocol object at 0x7fc846a23a58>
2020-06-07T09:44:05-0300 [stdout#info] sem saida
2020-06-07T09:44:06-0300 [stdout#info] com entrada
2020-06-07T09:44:06-0300 [stdout#info] <applications.accesspointapp.AccessPointAppProtocol object at 0x7fc846a23a58>
2020-06-07T09:44:06-0300 [stdout#info] sem saida
2020-06-07T09:44:07-0300 [stdout#info] com entrada
2020-06-07T09:44:07-0300 [stdout#info] <applications.accesspointapp.AccessPointAppProtocol object at 0x7fc846a23a58>
2020-06-07T09:44:07-0300 [stdout#info] sem saida
2020-06-07T09:44:08-0300 [stdout#info] com entrada
2020-06-07T09:44:08-0300 [stdout#info] <applications.accesspointapp.AccessPointAppProtocol object at 0x7fc846a23a58>
2020-06-07T09:44:08-0300 [stdout#info] sem saida
2020-06-07T09:44:09-0300 [stdout#info] com entrada
2020-06-07T09:44:09-0300 [stdout#info] <applications.accesspointapp.AccessPointAppProtocol object at 0x7fc846a23a58>
2020-06-07T09:44:09-0300 [stdout#info] sem saida
2020-06-07T09:44:10-0300 [stdout#info] com entrada
2020-06-07T09:44:10-0300 [stdout#info] <applications.accesspointapp.AccessPointAppProtocol object at 0x7fc846a23a58>
2020-06-07T09:44:10-0300 [stdout#info] sem saida
2020-06-07T09:44:11-0300 [stdout#info] com entrada
2020-06-07T09:44:11-0300 [stdout#info] <applications.accesspointapp.AccessPointAppProtocol object at 0x7fc846a23a58>
2020-06-07T09:44:11-0300 [stdout#info] sem saida
2020-06-07T09:44:12-0300 [stdout#info] com entrada
2020-06-07T09:44:12-0300 [stdout#info] <applications.accesspointapp.AccessPointAppProtocol object at 0x7fc846a23a58>
2020-06-07T09:44:12-0300 [stdout#info] sem saida
2020-06-07T09:44:13-0300 [stdout#info] com entrada
2020-06-07T09:44:13-0300 [stdout#info] <applications.accesspointapp.AccessPointAppProtocol object at 0x7fc846a23a58>
2020-06-07T09:44:13-0300 [stdout#info] sem saida
2020-06-07T09:44:14-0300 [stdout#info] com entrada
2020-06-07T09:44:14-0300 [stdout#info] <applications.accesspointapp.AccessPointAppProtocol object at 0x7fc846a23a58>
2020-06-07T09:44:14-0300 [stdout#info] sem saida
2020-06-07T09:44:15-0300 [stdout#info] com entrada
2020-06-07T09:44:15-0300 [stdout#info] <applications.accesspointapp.AccessPointAppProtocol object at 0x7fc846a23a58>
2020-06-07T09:44:15-0300 [stdout#info] sem saida
2020-06-07T09:44:16-0300 [stdout#info] com entrada
2020-06-07T09:44:16-0300 [stdout#info] <applications.accesspointapp.AccessPointAppProtocol object at 0x7fc846a23a58>
2020-06-07T09:44:16-0300 [stdout#info] sem saida
2020-06-07T09:44:17-0300 [stdout#info] com entrada
2020-06-07T09:44:17-0300 [stdout#info] <applications.accesspointapp.AccessPointAppProtocol object at 0x7fc846a23a58>
2020-06-07T09:44:17-0300 [stdout#info] sem saida
2020-06-07T09:44:18-0300 [stdout#info] com entrada
2020-06-07T09:44:18-0300 [stdout#info] <applications.accesspointapp.AccessPointAppProtocol object at 0x7fc846a23a58>
2020-06-07T09:44:18-0300 [stdout#info] sem saida
2020-06-07T09:44:19-0300 [stdout#info] com entrada
2020-06-07T09:44:19-0300 [stdout#info] <applications.accesspointapp.AccessPointAppProtocol object at 0x7fc846a23a58>
2020-06-07T09:44:19-0300 [stdout#info] sem saida
2020-06-07T09:44:20-0300 [stdout#info] com entrada
2020-06-07T09:44:20-0300 [stdout#info] <applications.accesspointapp.AccessPointAppProtocol object at 0x7fc846a23a58>
2020-06-07T09:44:20-0300 [stdout#info] sem saida
2020-06-07T09:44:21-0300 [stdout#info] com entrada
2020-06-07T09:44:21-0300 [stdout#info] <applications.accesspointapp.AccessPointAppProtocol object at 0x7fc846a23a58>
2020-06-07T09:44:21-0300 [stdout#info] sem saida
2020-06-07T09:44:22-0300 [stdout#info] com entrada
2020-06-07T09:44:22-0300 [stdout#info] <applications.accesspointapp.AccessPointAppProtocol object at 0x7fc846a23a58>
2020-06-07T09:44:22-0300 [stdout#info] sem saida
2020-06-07T09:44:23-0300 [stdout#info] com entrada
2020-06-07T09:44:23-0300 [stdout#info] <applications.accesspointapp.AccessPointAppProtocol object at 0x7fc846a23a58>
2020-06-07T09:44:23-0300 [stdout#info] sem saida
2020-06-07T09:44:24-0300 [stdout#info] com entrada
2020-06-07T09:44:24-0300 [stdout#info] <applications.accesspointapp.AccessPointAppProtocol object at 0x7fc846a23a58>
2020-06-07T09:44:24-0300 [stdout#info] sem saida
2020-06-07T09:44:25-0300 [stdout#info] com entrada
2020-06-07T09:44:25-0300 [stdout#info] <applications.accesspointapp.AccessPointAppProtocol object at 0x7fc846a23a58>
2020-06-07T09:44:25-0300 [stdout#info] sem saida
2020-06-07T09:44:26-0300 [stdout#info] com entrada
2020-06-07T09:44:26-0300 [stdout#info] <applications.accesspointapp.AccessPointAppProtocol object at 0x7fc846a23a58>
2020-06-07T09:44:26-0300 [stdout#info] sem saida
2020-06-07T09:44:27-0300 [stdout#info] com entrada
2020-06-07T09:44:27-0300 [stdout#info] <applications.accesspointapp.AccessPointAppProtocol object at 0x7fc846a23a58>
2020-06-07T09:44:27-0300 [stdout#info] sem saida
2020-06-07T09:44:28-0300 [stdout#info] com entrada
2020-06-07T09:44:28-0300 [stdout#info] <applications.accesspointapp.AccessPointAppProtocol object at 0x7fc846a23a58>
2020-06-07T09:44:28-0300 [stdout#info] sem saida
2020-06-07T09:44:29-0300 [stdout#info] com entrada
2020-06-07T09:44:29-0300 [stdout#info] <applications.accesspointapp.AccessPointAppProtocol object at 0x7fc846a23a58>
2020-06-07T09:44:29-0300 [stdout#info] sem saida
2020-06-07T09:44:30-0300 [stdout#info] com entrada
2020-06-07T09:44:30-0300 [stdout#info] <applications.accesspointapp.AccessPointAppProtocol object at 0x7fc846a23a58>
2020-06-07T09:44:30-0300 [stdout#info] sem saida
2020-06-07T09:44:31-0300 [stdout#info] com entrada
2020-06-07T09:44:31-0300 [stdout#info] <applications.accesspointapp.AccessPointAppProtocol object at 0x7fc846a23a58>
2020-06-07T09:44:31-0300 [stdout#info] sem saida
2020-06-07T09:44:32-0300 [stdout#info] com entrada
2020-06-07T09:44:32-0300 [stdout#info] <applications.accesspointapp.AccessPointAppProtocol object at 0x7fc846a23a58>
2020-06-07T09:44:32-0300 [stdout#info] sem saida
2020-06-07T09:44:33-0300 [stdout#info] com entrada
2020-06-07T09:44:33-0300 [stdout#info] <applications.accesspointapp.AccessPointAppProtocol object at 0x7fc846a23a58>
2020-06-07T09:44:33-0300 [stdout#info] sem saida
2020-06-07T09:44:34-0300 [stdout#info] com entrada
2020-06-07T09:44:34-0300 [stdout#info] <applications.accesspointapp.AccessPointAppProtocol object at 0x7fc846a23a58>
2020-06-07T09:44:34-0300 [stdout#info] sem saida
2020-06-07T09:44:35-0300 [stdout#info] com entrada
2020-06-07T09:44:35-0300 [stdout#info] <applications.accesspointapp.AccessPointAppProtocol object at 0x7fc846a23a58>
2020-06-07T09:44:35-0300 [stdout#info] sem saida
2020-06-07T09:44:36-0300 [stdout#info] com entrada
2020-06-07T09:44:36-0300 [stdout#info] <applications.accesspointapp.AccessPointAppProtocol object at 0x7fc846a23a58>
2020-06-07T09:44:36-0300 [stdout#info] sem saida
2020-06-07T09:44:37-0300 [stdout#info] com entrada
2020-06-07T09:44:37-0300 [stdout#info] <applications.accesspointapp.AccessPointAppProtocol object at 0x7fc846a23a58>
2020-06-07T09:44:37-0300 [stdout#info] sem saida
2020-06-07T09:44:38-0300 [stdout#info] com entrada
2020-06-07T09:44:38-0300 [stdout#info] <applications.accesspointapp.AccessPointAppProtocol object at 0x7fc846a23a58>
2020-06-07T09:44:38-0300 [stdout#info] sem saida
2020-06-07T09:44:39-0300 [stdout#info] com entrada
2020-06-07T09:44:39-0300 [stdout#info] <applications.accesspointapp.AccessPointAppProtocol object at 0x7fc846a23a58>
2020-06-07T09:44:39-0300 [stdout#info] sem saida
2020-06-07T09:44:40-0300 [stdout#info] com entrada
2020-06-07T09:44:40-0300 [stdout#info] <applications.accesspointapp.AccessPointAppProtocol object at 0x7fc846a23a58>
2020-06-07T09:44:40-0300 [stdout#info] sem saida
2020-06-07T09:44:41-0300 [stdout#info] com entrada
2020-06-07T09:44:41-0300 [stdout#info] <applications.accesspointapp.AccessPointAppProtocol object at 0x7fc846a23a58>
2020-06-07T09:44:41-0300 [stdout#info] sem saida
2020-06-07T09:44:42-0300 [stdout#info] com entrada
2020-06-07T09:44:42-0300 [stdout#info] <applications.accesspointapp.AccessPointAppProtocol object at 0x7fc846a23a58>
2020-06-07T09:44:42-0300 [stdout#info] sem saida
2020-06-07T09:44:43-0300 [stdout#info] com entrada
2020-06-07T09:44:43-0300 [stdout#info] <applications.accesspointapp.AccessPointAppProtocol object at 0x7fc846a23a58>
2020-06-07T09:44:43-0300 [stdout#info] sem saida
2020-06-07T09:44:44-0300 [stdout#info] com entrada
2020-06-07T09:44:44-0300 [stdout#info] <applications.accesspointapp.AccessPointAppProtocol object at 0x7fc846a23a58>
2020-06-07T09:44:44-0300 [stdout#info] sem saida
2020-06-07T09:44:45-0300 [stdout#info] com entrada
2020-06-07T09:44:45-0300 [stdout#info] <applications.accesspointapp.AccessPointAppProtocol object at 0x7fc846a23a58>
2020-06-07T09:44:45-0300 [stdout#info] sem saida
2020-06-07T09:44:46-0300 [stdout#info] com entrada
2020-06-07T09:44:46-0300 [stdout#info] <applications.accesspointapp.AccessPointAppProtocol object at 0x7fc846a23a58>
2020-06-07T09:44:46-0300 [stdout#info] sem saida
2020-06-07T09:44:47-0300 [stdout#info] com entrada
2020-06-07T09:44:47-0300 [stdout#info] <applications.accesspointapp.AccessPointAppProtocol object at 0x7fc846a23a58>
2020-06-07T09:44:47-0300 [stdout#info] sem saida
2020-06-07T09:44:48-0300 [stdout#info] com entrada
2020-06-07T09:44:48-0300 [stdout#info] <applications.accesspointapp.AccessPointAppProtocol object at 0x7fc846a23a58>
2020-06-07T09:44:48-0300 [stdout#info] sem saida
2020-06-07T09:44:49-0300 [stdout#info] com entrada
2020-06-07T09:44:49-0300 [stdout#info] <applications.accesspointapp.AccessPointAppProtocol object at 0x7fc846a23a58>
2020-06-07T09:44:49-0300 [stdout#info] sem saida
2020-06-07T09:44:50-0300 [stdout#info] com entrada
2020-06-07T09:44:50-0300 [stdout#info] <applications.accesspointapp.AccessPointAppProtocol object at 0x7fc846a23a58>
2020-06-07T09:44:50-0300 [stdout#info] sem saida
2020-06-07T09:44:51-0300 [stdout#info] com entrada
2020-06-07T09:44:51-0300 [stdout#info] <applications.accesspointapp.AccessPointAppProtocol object at 0x7fc846a23a58>
2020-06-07T09:44:51-0300 [stdout#info] sem saida
2020-06-07T09:44:52-0300 [stdout#info] com entrada
2020-06-07T09:44:52-0300 [stdout#info] <applications.accesspointapp.AccessPointAppProtocol object at 0x7fc846a23a58>
2020-06-07T09:44:52-0300 [stdout#info] sem saida
2020-06-07T09:44:53-0300 [stdout#info] com entrada
2020-06-07T09:44:53-0300 [stdout#info] <applications.accesspointapp.AccessPointAppProtocol object at 0x7fc846a23a58>
2020-06-07T09:44:53-0300 [stdout#info] sem saida
2020-06-07T09:44:54-0300 [stdout#info] com entrada
2020-06-07T09:44:54-0300 [stdout#info] <applications.accesspointapp.AccessPointAppProtocol object at 0x7fc846a23a58>
2020-06-07T09:44:54-0300 [stdout#info] sem saida
2020-06-07T09:44:55-0300 [stdout#info] com entrada
2020-06-07T09:44:55-0300 [stdout#info] <applications.accesspointapp.AccessPointAppProtocol object at 0x7fc846a23a58>
2020-06-07T09:44:55-0300 [stdout#info] sem saida
2020-06-07T09:44:56-0300 [stdout#info] com entrada
2020-06-07T09:44:56-0300 [stdout#info] <applications.accesspointapp.AccessPointAppProtocol object at 0x7fc846a23a58>
2020-06-07T09:44:56-0300 [stdout#info] sem saida
2020-06-07T09:44:57-0300 [stdout#info] com entrada
2020-06-07T09:44:57-0300 [stdout#info] <applications.accesspointapp.AccessPointAppProtocol object at 0x7fc846a23a58>
2020-06-07T09:44:57-0300 [stdout#info] sem saida
2020-06-07T09:44:58-0300 [stdout#info] com entrada
2020-06-07T09:44:58-0300 [stdout#info] <applications.accesspointapp.AccessPointAppProtocol object at 0x7fc846a23a58>
2020-06-07T09:44:58-0300 [stdout#info] sem saida
2020-06-07T09:44:59-0300 [stdout#info] com entrada
2020-06-07T09:44:59-0300 [stdout#info] <applications.accesspointapp.AccessPointAppProtocol object at 0x7fc846a23a58>
2020-06-07T09:44:59-0300 [stdout#info] sem saida
2020-06-07T09:45:00-0300 [stdout#info] com entrada
2020-06-07T09:45:00-0300 [stdout#info] <applications.accesspointapp.AccessPointAppProtocol object at 0x7fc846a23a58>
2020-06-07T09:45:00-0300 [stdout#info] sem saida
2020-06-07T09:45:01-0300 [stdout#info] com entrada
2020-06-07T09:45:01-0300 [stdout#info] <applications.accesspointapp.AccessPointAppProtocol object at 0x7fc846a23a58>
2020-06-07T09:45:01-0300 [stdout#info] sem saida
2020-06-07T09:45:02-0300 [stdout#info] com entrada
2020-06-07T09:45:02-0300 [stdout#info] <applications.accesspointapp.AccessPointAppProtocol object at 0x7fc846a23a58>
2020-06-07T09:45:02-0300 [stdout#info] sem saida
2020-06-07T09:45:03-0300 [stdout#info] com entrada
2020-06-07T09:45:03-0300 [stdout#info] <applications.accesspointapp.AccessPointAppProtocol object at 0x7fc846a23a58>
2020-06-07T09:45:03-0300 [stdout#info] sem saida
2020-06-07T09:45:04-0300 [stdout#info] com entrada
2020-06-07T09:45:04-0300 [stdout#info] <applications.accesspointapp.AccessPointAppProtocol object at 0x7fc846a23a58>
2020-06-07T09:45:04-0300 [stdout#info] sem saida
2020-06-07T09:45:05-0300 [stdout#info] com entrada
2020-06-07T09:45:05-0300 [stdout#info] <applications.accesspointapp.AccessPointAppProtocol object at 0x7fc846a23a58>
2020-06-07T09:45:05-0300 [stdout#info] sem saida
2020-06-07T09:45:06-0300 [stdout#info] com entrada
2020-06-07T09:45:06-0300 [stdout#info] <applications.accesspointapp.AccessPointAppProtocol object at 0x7fc846a23a58>
2020-06-07T09:45:06-0300 [stdout#info] sem saida
2020-06-07T09:45:07-0300 [stdout#info] com entrada
2020-06-07T09:45:07-0300 [stdout#info] <applications.accesspointapp.AccessPointAppProtocol object at 0x7fc846a23a58>
2020-06-07T09:45:07-0300 [stdout#info] sem saida
2020-06-07T09:45:08-0300 [stdout#info] com entrada
2020-06-07T09:45:08-0300 [stdout#info] <applications.accesspointapp.AccessPointAppProtocol object at 0x7fc846a23a58>
2020-06-07T09:45:08-0300 [stdout#info] sem saida
2020-06-07T09:45:09-0300 [stdout#info] com entrada
2020-06-07T09:45:09-0300 [stdout#info] <applications.accesspointapp.AccessPointAppProtocol object at 0x7fc846a23a58>
2020-06-07T09:45:09-0300 [stdout#info] sem saida
2020-06-07T09:45:10-0300 [stdout#info] com entrada
2020-06-07T09:45:10-0300 [stdout#info] <applications.accesspointapp.AccessPointAppProtocol object at 0x7fc846a23a58>
2020-06-07T09:45:10-0300 [stdout#info] sem saida
2020-06-07T09:45:11-0300 [stdout#info] com entrada
2020-06-07T09:45:11-0300 [stdout#info] <applications.accesspointapp.AccessPointAppProtocol object at 0x7fc846a23a58>
2020-06-07T09:45:11-0300 [stdout#info] sem saida
2020-06-07T09:45:12-0300 [stdout#info] com entrada
2020-06-07T09:45:12-0300 [stdout#info] <applications.accesspointapp.AccessPointAppProtocol object at 0x7fc846a23a58>
2020-06-07T09:45:12-0300 [stdout#info] sem saida
2020-06-07T09:45:13-0300 [stdout#info] com entrada
2020-06-07T09:45:13-0300 [stdout#info] <applications.accesspointapp.AccessPointAppProtocol object at 0x7fc846a23a58>
2020-06-07T09:45:13-0300 [stdout#info] sem saida
2020-06-07T09:45:14-0300 [stdout#info] com entrada
2020-06-07T09:45:14-0300 [stdout#info] <applications.accesspointapp.AccessPointAppProtocol object at 0x7fc846a23a58>
2020-06-07T09:45:14-0300 [stdout#info] sem saida
2020-06-07T09:45:15-0300 [stdout#info] com entrada
2020-06-07T09:45:15-0300 [stdout#info] <applications.accesspointapp.AccessPointAppProtocol object at 0x7fc846a23a58>
2020-06-07T09:45:15-0300 [stdout#info] sem saida
2020-06-07T09:45:16-0300 [stdout#info] com entrada
2020-06-07T09:45:16-0300 [stdout#info] <applications.accesspointapp.AccessPointAppProtocol object at 0x7fc846a23a58>
2020-06-07T09:45:16-0300 [stdout#info] sem saida
2020-06-07T09:45:17-0300 [stdout#info] com entrada
2020-06-07T09:45:17-0300 [stdout#info] <applications.accesspointapp.AccessPointAppProtocol object at 0x7fc846a23a58>
2020-06-07T09:45:17-0300 [stdout#info] sem saida
2020-06-07T09:45:18-0300 [stdout#info] com entrada
2020-06-07T09:45:18-0300 [stdout#info] <applications.accesspointapp.AccessPointAppProtocol object at 0x7fc846a23a58>
2020-06-07T09:45:18-0300 [stdout#info] sem saida
2020-06-07T09:45:19-0300 [stdout#info] com entrada
2020-06-07T09:45:19-0300 [stdout#info] <applications.accesspointapp.AccessPointAppProtocol object at 0x7fc846a23a58>
2020-06-07T09:45:19-0300 [stdout#info] sem saida
2020-06-07T09:45:20-0300 [stdout#info] com entrada
2020-06-07T09:45:20-0300 [stdout#info] <applications.accesspointapp.AccessPointAppProtocol object at 0x7fc846a23a58>
2020-06-07T09:45:20-0300 [stdout#info] sem saida
2020-06-07T09:45:21-0300 [stdout#info] com entrada
2020-06-07T09:45:21-0300 [stdout#info] <applications.accesspointapp.AccessPointAppProtocol object at 0x7fc846a23a58>
2020-06-07T09:45:21-0300 [stdout#info] sem saida
2020-06-07T09:45:22-0300 [stdout#info] com entrada
2020-06-07T09:45:22-0300 [stdout#info] <applications.accesspointapp.AccessPointAppProtocol object at 0x7fc846a23a58>
2020-06-07T09:45:22-0300 [stdout#info] sem saida
2020-06-07T09:45:23-0300 [stdout#info] com entrada
2020-06-07T09:45:23-0300 [stdout#info] <applications.accesspointapp.AccessPointAppProtocol object at 0x7fc846a23a58>
2020-06-07T09:45:23-0300 [stdout#info] sem saida
2020-06-07T09:45:24-0300 [stdout#info] com entrada
2020-06-07T09:45:24-0300 [stdout#info] <applications.accesspointapp.AccessPointAppProtocol object at 0x7fc846a23a58>
2020-06-07T09:45:24-0300 [stdout#info] sem saida
2020-06-07T09:45:25-0300 [stdout#info] com entrada
2020-06-07T09:45:25-0300 [stdout#info] <applications.accesspointapp.AccessPointAppProtocol object at 0x7fc846a23a58>
2020-06-07T09:45:25-0300 [stdout#info] sem saida
2020-06-07T09:45:26-0300 [stdout#info] com entrada
2020-06-07T09:45:26-0300 [stdout#info] <applications.accesspointapp.AccessPointAppProtocol object at 0x7fc846a23a58>
2020-06-07T09:45:26-0300 [stdout#info] sem saida
2020-06-07T09:45:27-0300 [stdout#info] com entrada
2020-06-07T09:45:27-0300 [stdout#info] <applications.accesspointapp.AccessPointAppProtocol object at 0x7fc846a23a58>
2020-06-07T09:45:27-0300 [stdout#info] sem saida
2020-06-07T09:45:28-0300 [stdout#info] com entrada
2020-06-07T09:45:28-0300 [stdout#info] <applications.accesspointapp.AccessPointAppProtocol object at 0x7fc846a23a58>
2020-06-07T09:45:28-0300 [stdout#info] sem saida
2020-06-07T09:45:29-0300 [stdout#info] com entrada
2020-06-07T09:45:29-0300 [stdout#info] <applications.accesspointapp.AccessPointAppProtocol object at 0x7fc846a23a58>
2020-06-07T09:45:29-0300 [stdout#info] sem saida
2020-06-07T09:45:30-0300 [stdout#info] com entrada
2020-06-07T09:45:30-0300 [stdout#info] <applications.accesspointapp.AccessPointAppProtocol object at 0x7fc846a23a58>
2020-06-07T09:45:30-0300 [stdout#info] sem saida
2020-06-07T09:45:31-0300 [stdout#info] com entrada
2020-06-07T09:45:31-0300 [stdout#info] <applications.accesspointapp.AccessPointAppProtocol object at 0x7fc846a23a58>
2020-06-07T09:45:31-0300 [stdout#info] sem saida
2020-06-07T09:45:32-0300 [stdout#info] com entrada
2020-06-07T09:45:32-0300 [stdout#info] <applications.accesspointapp.AccessPointAppProtocol object at 0x7fc846a23a58>
2020-06-07T09:45:32-0300 [stdout#info] sem saida
2020-06-07T09:45:33-0300 [stdout#info] com entrada
2020-06-07T09:45:33-0300 [stdout#info] <applications.accesspointapp.AccessPointAppProtocol object at 0x7fc846a23a58>
2020-06-07T09:45:33-0300 [stdout#info] sem saida
2020-06-07T09:45:34-0300 [stdout#info] com entrada
2020-06-07T09:45:34-0300 [stdout#info] <applications.accesspointapp.AccessPointAppProtocol object at 0x7fc846a23a58>
2020-06-07T09:45:34-0300 [stdout#info] sem saida
2020-06-07T09:45:35-0300 [stdout#info] com entrada
2020-06-07T09:45:35-0300 [stdout#info] <applications.accesspointapp.AccessPointAppProtocol object at 0x7fc846a23a58>
2020-06-07T09:45:35-0300 [stdout#info] sem saida
2020-06-07T09:45:36-0300 [stdout#info] com entrada
2020-06-07T09:45:36-0300 [stdout#info] <applications.accesspointapp.AccessPointAppProtocol object at 0x7fc846a23a58>
2020-06-07T09:45:36-0300 [stdout#info] sem saida
2020-06-07T09:45:37-0300 [stdout#info] com entrada
2020-06-07T09:45:37-0300 [stdout#info] <applications.accesspointapp.AccessPointAppProtocol object at 0x7fc846a23a58>
2020-06-07T09:45:37-0300 [stdout#info] sem saida
2020-06-07T09:45:38-0300 [stdout#info] com entrada
2020-06-07T09:45:38-0300 [stdout#info] <applications.accesspointapp.AccessPointAppProtocol object at 0x7fc846a23a58>
2020-06-07T09:45:38-0300 [stdout#info] sem saida
2020-06-07T09:45:39-0300 [stdout#info] com entrada
2020-06-07T09:45:39-0300 [stdout#info] <applications.accesspointapp.AccessPointAppProtocol object at 0x7fc846a23a58>
2020-06-07T09:45:39-0300 [stdout#info] sem saida
2020-06-07T09:45:40-0300 [stdout#info] com entrada
2020-06-07T09:45:40-0300 [stdout#info] <applications.accesspointapp.AccessPointAppProtocol object at 0x7fc846a23a58>
2020-06-07T09:45:40-0300 [stdout#info] sem saida
2020-06-07T09:45:41-0300 [stdout#info] com entrada
2020-06-07T09:45:41-0300 [stdout#info] <applications.accesspointapp.AccessPointAppProtocol object at 0x7fc846a23a58>
2020-06-07T09:45:41-0300 [stdout#info] sem saida
2020-06-07T09:45:42-0300 [stdout#info] com entrada
2020-06-07T09:45:42-0300 [stdout#info] <applications.accesspointapp.AccessPointAppProtocol object at 0x7fc846a23a58>
2020-06-07T09:45:42-0300 [stdout#info] sem saida
2020-06-07T09:45:43-0300 [stdout#info] com entrada
2020-06-07T09:45:43-0300 [stdout#info] <applications.accesspointapp.AccessPointAppProtocol object at 0x7fc846a23a58>
2020-06-07T09:45:43-0300 [stdout#info] sem saida
2020-06-07T09:45:44-0300 [stdout#info] com entrada
2020-06-07T09:45:44-0300 [stdout#info] <applications.accesspointapp.AccessPointAppProtocol object at 0x7fc846a23a58>
2020-06-07T09:45:44-0300 [stdout#info] sem saida
2020-06-07T09:45:45-0300 [stdout#info] com entrada
2020-06-07T09:45:45-0300 [stdout#info] <applications.accesspointapp.AccessPointAppProtocol object at 0x7fc846a23a58>
2020-06-07T09:45:45-0300 [stdout#info] sem saida
2020-06-07T09:45:46-0300 [stdout#info] com entrada
2020-06-07T09:45:46-0300 [stdout#info] <applications.accesspointapp.AccessPointAppProtocol object at 0x7fc846a23a58>
2020-06-07T09:45:46-0300 [stdout#info] sem saida
2020-06-07T09:45:47-0300 [stdout#info] com entrada
2020-06-07T09:45:47-0300 [stdout#info] <applications.accesspointapp.AccessPointAppProtocol object at 0x7fc846a23a58>
2020-06-07T09:45:47-0300 [stdout#info] sem saida
2020-06-07T09:45:48-0300 [stdout#info] com entrada
2020-06-07T09:45:48-0300 [stdout#info] <applications.accesspointapp.AccessPointAppProtocol object at 0x7fc846a23a58>
2020-06-07T09:45:48-0300 [stdout#info] sem saida
2020-06-07T09:45:49-0300 [stdout#info] com entrada
2020-06-07T09:45:49-0300 [stdout#info] <applications.accesspointapp.AccessPointAppProtocol object at 0x7fc846a23a58>
2020-06-07T09:45:49-0300 [stdout#info] sem saida
2020-06-07T09:45:50-0300 [stdout#info] com entrada
2020-06-07T09:45:50-0300 [stdout#info] <applications.accesspointapp.AccessPointAppProtocol object at 0x7fc846a23a58>
2020-06-07T09:45:50-0300 [stdout#info] sem saida
2020-06-07T09:45:51-0300 [stdout#info] com entrada
2020-06-07T09:45:51-0300 [stdout#info] <applications.accesspointapp.AccessPointAppProtocol object at 0x7fc846a23a58>
2020-06-07T09:45:51-0300 [stdout#info] sem saida
2020-06-07T09:45:52-0300 [stdout#info] com entrada
2020-06-07T09:45:52-0300 [stdout#info] <applications.accesspointapp.AccessPointAppProtocol object at 0x7fc846a23a58>
2020-06-07T09:45:52-0300 [stdout#info] sem saida
2020-06-07T09:45:53-0300 [stdout#info] com entrada
2020-06-07T09:45:53-0300 [stdout#info] <applications.accesspointapp.AccessPointAppProtocol object at 0x7fc846a23a58>
2020-06-07T09:45:53-0300 [stdout#info] sem saida
2020-06-07T09:45:54-0300 [stdout#info] com entrada
2020-06-07T09:45:54-0300 [stdout#info] <applications.accesspointapp.AccessPointAppProtocol object at 0x7fc846a23a58>
2020-06-07T09:45:54-0300 [stdout#info] sem saida
2020-06-07T09:45:55-0300 [stdout#info] com entrada
2020-06-07T09:45:55-0300 [stdout#info] <applications.accesspointapp.AccessPointAppProtocol object at 0x7fc846a23a58>
2020-06-07T09:45:55-0300 [stdout#info] sem saida
2020-06-07T09:45:56-0300 [stdout#info] com entrada
2020-06-07T09:45:56-0300 [stdout#info] <applications.accesspointapp.AccessPointAppProtocol object at 0x7fc846a23a58>
2020-06-07T09:45:56-0300 [stdout#info] sem saida
2020-06-07T09:45:57-0300 [stdout#info] com entrada
2020-06-07T09:45:57-0300 [stdout#info] <applications.accesspointapp.AccessPointAppProtocol object at 0x7fc846a23a58>
2020-06-07T09:45:57-0300 [stdout#info] sem saida
2020-06-07T09:45:58-0300 [stdout#info] com entrada
2020-06-07T09:45:58-0300 [stdout#info] <applications.accesspointapp.AccessPointAppProtocol object at 0x7fc846a23a58>
2020-06-07T09:45:58-0300 [stdout#info] sem saida
2020-06-07T09:45:59-0300 [stdout#info] com entrada
2020-06-07T09:45:59-0300 [stdout#info] <applications.accesspointapp.AccessPointAppProtocol object at 0x7fc846a23a58>
2020-06-07T09:45:59-0300 [stdout#info] sem saida
2020-06-07T09:46:00-0300 [stdout#info] com entrada
2020-06-07T09:46:00-0300 [stdout#info] <applications.accesspointapp.AccessPointAppProtocol object at 0x7fc846a23a58>
2020-06-07T09:46:00-0300 [stdout#info] sem saida
2020-06-07T09:46:01-0300 [stdout#info] com entrada
2020-06-07T09:46:01-0300 [stdout#info] <applications.accesspointapp.AccessPointAppProtocol object at 0x7fc846a23a58>
2020-06-07T09:46:01-0300 [stdout#info] sem saida
2020-06-07T09:46:02-0300 [stdout#info] com entrada
2020-06-07T09:46:02-0300 [stdout#info] <applications.accesspointapp.AccessPointAppProtocol object at 0x7fc846a23a58>
2020-06-07T09:46:02-0300 [stdout#info] sem saida
2020-06-07T09:46:03-0300 [stdout#info] com entrada
2020-06-07T09:46:03-0300 [stdout#info] <applications.accesspointapp.AccessPointAppProtocol object at 0x7fc846a23a58>
2020-06-07T09:46:03-0300 [stdout#info] sem saida
2020-06-07T09:46:04-0300 [stdout#info] com entrada
2020-06-07T09:46:04-0300 [stdout#info] <applications.accesspointapp.AccessPointAppProtocol object at 0x7fc846a23a58>
2020-06-07T09:46:04-0300 [stdout#info] sem saida
2020-06-07T09:46:05-0300 [stdout#info] com entrada
2020-06-07T09:46:05-0300 [stdout#info] <applications.accesspointapp.AccessPointAppProtocol object at 0x7fc846a23a58>
2020-06-07T09:46:05-0300 [stdout#info] sem saida
2020-06-07T09:46:06-0300 [stdout#info] com entrada
2020-06-07T09:46:06-0300 [stdout#info] <applications.accesspointapp.AccessPointAppProtocol object at 0x7fc846a23a58>
2020-06-07T09:46:06-0300 [stdout#info] sem saida
2020-06-07T09:46:07-0300 [stdout#info] com entrada
2020-06-07T09:46:07-0300 [stdout#info] <applications.accesspointapp.AccessPointAppProtocol object at 0x7fc846a23a58>
2020-06-07T09:46:07-0300 [stdout#info] sem saida
2020-06-07T09:46:08-0300 [stdout#info] com entrada
2020-06-07T09:46:08-0300 [stdout#info] <applications.accesspointapp.AccessPointAppProtocol object at 0x7fc846a23a58>
2020-06-07T09:46:08-0300 [stdout#info] sem saida
2020-06-07T09:46:09-0300 [stdout#info] com entrada
2020-06-07T09:46:09-0300 [stdout#info] <applications.accesspointapp.AccessPointAppProtocol object at 0x7fc846a23a58>
2020-06-07T09:46:09-0300 [stdout#info] sem saida
2020-06-07T09:46:10-0300 [stdout#info] com entrada
2020-06-07T09:46:10-0300 [stdout#info] <applications.accesspointapp.AccessPointAppProtocol object at 0x7fc846a23a58>
2020-06-07T09:46:10-0300 [stdout#info] sem saida
2020-06-07T09:46:11-0300 [stdout#info] com entrada
2020-06-07T09:46:11-0300 [stdout#info] <applications.accesspointapp.AccessPointAppProtocol object at 0x7fc846a23a58>
2020-06-07T09:46:11-0300 [stdout#info] sem saida
2020-06-07T09:46:12-0300 [stdout#info] com entrada
2020-06-07T09:46:12-0300 [stdout#info] <applications.accesspointapp.AccessPointAppProtocol object at 0x7fc846a23a58>
2020-06-07T09:46:12-0300 [stdout#info] sem saida
2020-06-07T09:46:13-0300 [stdout#info] com entrada
2020-06-07T09:46:13-0300 [stdout#info] <applications.accesspointapp.AccessPointAppProtocol object at 0x7fc846a23a58>
2020-06-07T09:46:13-0300 [stdout#info] sem saida
2020-06-07T09:46:14-0300 [stdout#info] com entrada
2020-06-07T09:46:14-0300 [stdout#info] <applications.accesspointapp.AccessPointAppProtocol object at 0x7fc846a23a58>
2020-06-07T09:46:14-0300 [stdout#info] sem saida
2020-06-07T09:46:15-0300 [stdout#info] com entrada
2020-06-07T09:46:15-0300 [stdout#info] <applications.accesspointapp.AccessPointAppProtocol object at 0x7fc846a23a58>
2020-06-07T09:46:15-0300 [stdout#info] sem saida
2020-06-07T09:46:16-0300 [stdout#info] com entrada
2020-06-07T09:46:16-0300 [stdout#info] <applications.accesspointapp.AccessPointAppProtocol object at 0x7fc846a23a58>
2020-06-07T09:46:16-0300 [stdout#info] sem saida
2020-06-07T09:46:17-0300 [stdout#info] com entrada
2020-06-07T09:46:17-0300 [stdout#info] <applications.accesspointapp.AccessPointAppProtocol object at 0x7fc846a23a58>
2020-06-07T09:46:17-0300 [stdout#info] sem saida
2020-06-07T09:46:18-0300 [stdout#info] com entrada
2020-06-07T09:46:18-0300 [stdout#info] <applications.accesspointapp.AccessPointAppProtocol object at 0x7fc846a23a58>
2020-06-07T09:46:18-0300 [stdout#info] sem saida
2020-06-07T09:46:19-0300 [stdout#info] com entrada
2020-06-07T09:46:19-0300 [stdout#info] <applications.accesspointapp.AccessPointAppProtocol object at 0x7fc846a23a58>
2020-06-07T09:46:19-0300 [stdout#info] sem saida
2020-06-07T09:46:20-0300 [stdout#info] com entrada
2020-06-07T09:46:20-0300 [stdout#info] <applications.accesspointapp.AccessPointAppProtocol object at 0x7fc846a23a58>
2020-06-07T09:46:20-0300 [stdout#info] sem saida
2020-06-07T09:46:21-0300 [stdout#info] com entrada
2020-06-07T09:46:21-0300 [stdout#info] <applications.accesspointapp.AccessPointAppProtocol object at 0x7fc846a23a58>
2020-06-07T09:46:21-0300 [stdout#info] sem saida
2020-06-07T09:46:22-0300 [stdout#info] com entrada
2020-06-07T09:46:22-0300 [stdout#info] <applications.accesspointapp.AccessPointAppProtocol object at 0x7fc846a23a58>
2020-06-07T09:46:22-0300 [stdout#info] sem saida
2020-06-07T09:46:23-0300 [stdout#info] com entrada
2020-06-07T09:46:23-0300 [stdout#info] <applications.accesspointapp.AccessPointAppProtocol object at 0x7fc846a23a58>
2020-06-07T09:46:23-0300 [stdout#info] sem saida
2020-06-07T09:46:24-0300 [stdout#info] com entrada
2020-06-07T09:46:24-0300 [stdout#info] <applications.accesspointapp.AccessPointAppProtocol object at 0x7fc846a23a58>
2020-06-07T09:46:24-0300 [stdout#info] sem saida
2020-06-07T09:46:25-0300 [stdout#info] com entrada
2020-06-07T09:46:25-0300 [stdout#info] <applications.accesspointapp.AccessPointAppProtocol object at 0x7fc846a23a58>
2020-06-07T09:46:25-0300 [stdout#info] sem saida
2020-06-07T09:46:26-0300 [stdout#info] com entrada
2020-06-07T09:46:26-0300 [stdout#info] <applications.accesspointapp.AccessPointAppProtocol object at 0x7fc846a23a58>
2020-06-07T09:46:26-0300 [stdout#info] sem saida
2020-06-07T09:46:27-0300 [stdout#info] com entrada
2020-06-07T09:46:27-0300 [stdout#info] <applications.accesspointapp.AccessPointAppProtocol object at 0x7fc846a23a58>
2020-06-07T09:46:27-0300 [stdout#info] sem saida
2020-06-07T09:46:28-0300 [stdout#info] com entrada
2020-06-07T09:46:28-0300 [stdout#info] <applications.accesspointapp.AccessPointAppProtocol object at 0x7fc846a23a58>
2020-06-07T09:46:28-0300 [stdout#info] sem saida
2020-06-07T09:46:29-0300 [stdout#info] com entrada
2020-06-07T09:46:29-0300 [stdout#info] <applications.accesspointapp.AccessPointAppProtocol object at 0x7fc846a23a58>
2020-06-07T09:46:29-0300 [stdout#info] sem saida
2020-06-07T09:46:30-0300 [stdout#info] com entrada
2020-06-07T09:46:30-0300 [stdout#info] <applications.accesspointapp.AccessPointAppProtocol object at 0x7fc846a23a58>
2020-06-07T09:46:30-0300 [stdout#info] sem saida
2020-06-07T09:46:31-0300 [stdout#info] com entrada
2020-06-07T09:46:31-0300 [stdout#info] <applications.accesspointapp.AccessPointAppProtocol object at 0x7fc846a23a58>
2020-06-07T09:46:31-0300 [stdout#info] sem saida
2020-06-07T09:46:32-0300 [stdout#info] com entrada
2020-06-07T09:46:32-0300 [stdout#info] <applications.accesspointapp.AccessPointAppProtocol object at 0x7fc846a23a58>
2020-06-07T09:46:32-0300 [stdout#info] sem saida
2020-06-07T09:46:33-0300 [stdout#info] com entrada
2020-06-07T09:46:33-0300 [stdout#info] <applications.accesspointapp.AccessPointAppProtocol object at 0x7fc846a23a58>
2020-06-07T09:46:33-0300 [stdout#info] sem saida
2020-06-07T09:46:34-0300 [stdout#info] com entrada
2020-06-07T09:46:34-0300 [stdout#info] <applications.accesspointapp.AccessPointAppProtocol object at 0x7fc846a23a58>
2020-06-07T09:46:34-0300 [stdout#info] sem saida
2020-06-07T09:46:35-0300 [stdout#info] com entrada
2020-06-07T09:46:35-0300 [stdout#info] <applications.accesspointapp.AccessPointAppProtocol object at 0x7fc846a23a58>
2020-06-07T09:46:35-0300 [stdout#info] sem saida
2020-06-07T09:46:36-0300 [stdout#info] com entrada
2020-06-07T09:46:36-0300 [stdout#info] <applications.accesspointapp.AccessPointAppProtocol object at 0x7fc846a23a58>
2020-06-07T09:46:36-0300 [stdout#info] sem saida
2020-06-07T09:46:37-0300 [-] Received SIGINT, shutting down.
2020-06-07T09:46:37-0300 [applications.routerapp.RouterFactory] (TCP Port 8081 Closed)
2020-06-07T09:46:37-0300 [applications.httpapp.HttpServerAppFactory] (TCP Port 8082 Closed)
2020-06-07T09:46:37-0300 [twisted.internet.endpoints.OneShotFactory#info] Stopping factory <twisted.internet.endpoints.connectProtocol.<locals>.OneShotFactory object at 0x7fc846a23b00>
2020-06-07T09:46:37-0300 [-] Main loop terminated.
