2020-06-07T09:38:16-0300 [-] Creating router ...
2020-06-07T09:38:16-0300 [-] Initializing Router - Number of events: 1
2020-06-07T09:38:17-0300 [-] RouterFactory starting on 8081
2020-06-07T09:38:17-0300 [-] Creating AccessPoint station ...
2020-06-07T09:38:17-0300 [-] Initializing Access Point - Number of events: 2
2020-06-07T09:38:17-0300 [twisted.internet.endpoints.OneShotFactory#info] Starting factory <twisted.internet.endpoints.connectProtocol.<locals>.OneShotFactory object at 0x7fa4a7075a58>
2020-06-07T09:38:17-0300 [stdout#info] sem entrada
2020-06-07T09:38:17-0300 [stdout#info] sem saida
2020-06-07T09:38:17-0300 [-] Initializing Server - Number of events: 3
2020-06-07T09:38:18-0300 [-] HttpServerAppFactory starting on 8082
2020-06-07T09:38:18-0300 [-] Initializing sensor node - Number of events: 4
2020-06-07T09:38:18-0300 [stdout#info] Not connected to a wireless access point
2020-06-07T09:38:18-0300 [stdout#info] Assossiated to : notebook 1
2020-06-07T09:38:18-0300 [stdout#info] sem entrada
2020-06-07T09:38:18-0300 [stdout#info] sem saida
2020-06-07T09:38:18-0300 [stdout#info] This divice have no simulation core instance
2020-06-07T09:38:18-0300 [stdout#info] This divice have no simulation core instance
2020-06-07T09:38:19-0300 [stdout#info] com entrada
2020-06-07T09:38:19-0300 [stdout#info] sem saida
2020-06-07T09:38:20-0300 [stdout#info] com entrada
2020-06-07T09:38:20-0300 [stdout#info] sem saida
2020-06-07T09:38:21-0300 [stdout#info] com entrada
2020-06-07T09:38:21-0300 [stdout#info] sem saida
2020-06-07T09:38:22-0300 [stdout#info] com entrada
2020-06-07T09:38:22-0300 [stdout#info] sem saida
2020-06-07T09:38:23-0300 [stdout#info] com entrada
2020-06-07T09:38:23-0300 [stdout#info] sem saida
2020-06-07T09:38:24-0300 [stdout#info] com entrada
2020-06-07T09:38:24-0300 [stdout#info] sem saida
2020-06-07T09:38:25-0300 [stdout#info] com entrada
2020-06-07T09:38:25-0300 [stdout#info] sem saida
2020-06-07T09:38:26-0300 [stdout#info] com entrada
2020-06-07T09:38:26-0300 [stdout#info] sem saida
2020-06-07T09:38:27-0300 [stdout#info] com entrada
2020-06-07T09:38:27-0300 [stdout#info] sem saida
2020-06-07T09:38:28-0300 [stdout#info] com entrada
2020-06-07T09:38:28-0300 [stdout#info] sem saida
2020-06-07T09:38:29-0300 [stdout#info] com entrada
2020-06-07T09:38:29-0300 [stdout#info] sem saida
2020-06-07T09:38:30-0300 [stdout#info] com entrada
2020-06-07T09:38:30-0300 [stdout#info] sem saida
2020-06-07T09:38:31-0300 [stdout#info] com entrada
2020-06-07T09:38:31-0300 [stdout#info] sem saida
2020-06-07T09:38:32-0300 [stdout#info] com entrada
2020-06-07T09:38:32-0300 [stdout#info] sem saida
2020-06-07T09:38:33-0300 [stdout#info] com entrada
2020-06-07T09:38:33-0300 [stdout#info] sem saida
2020-06-07T09:38:34-0300 [stdout#info] com entrada
2020-06-07T09:38:34-0300 [stdout#info] sem saida
2020-06-07T09:38:35-0300 [stdout#info] com entrada
2020-06-07T09:38:35-0300 [stdout#info] sem saida
2020-06-07T09:38:36-0300 [stdout#info] com entrada
2020-06-07T09:38:36-0300 [stdout#info] sem saida
2020-06-07T09:38:37-0300 [stdout#info] com entrada
2020-06-07T09:38:37-0300 [stdout#info] sem saida
2020-06-07T09:38:38-0300 [stdout#info] com entrada
2020-06-07T09:38:38-0300 [stdout#info] sem saida
2020-06-07T09:38:39-0300 [stdout#info] com entrada
2020-06-07T09:38:39-0300 [stdout#info] sem saida
2020-06-07T09:38:40-0300 [stdout#info] com entrada
2020-06-07T09:38:40-0300 [stdout#info] sem saida
2020-06-07T09:38:41-0300 [stdout#info] com entrada
2020-06-07T09:38:41-0300 [stdout#info] sem saida
2020-06-07T09:38:42-0300 [stdout#info] com entrada
2020-06-07T09:38:42-0300 [stdout#info] sem saida
2020-06-07T09:38:43-0300 [stdout#info] com entrada
2020-06-07T09:38:43-0300 [stdout#info] sem saida
2020-06-07T09:38:44-0300 [stdout#info] com entrada
2020-06-07T09:38:44-0300 [stdout#info] sem saida
2020-06-07T09:38:45-0300 [stdout#info] com entrada
2020-06-07T09:38:45-0300 [stdout#info] sem saida
2020-06-07T09:38:46-0300 [stdout#info] com entrada
2020-06-07T09:38:46-0300 [stdout#info] sem saida
2020-06-07T09:38:47-0300 [stdout#info] com entrada
2020-06-07T09:38:47-0300 [stdout#info] sem saida
2020-06-07T09:38:48-0300 [stdout#info] com entrada
2020-06-07T09:38:48-0300 [stdout#info] sem saida
2020-06-07T09:38:49-0300 [stdout#info] com entrada
2020-06-07T09:38:49-0300 [stdout#info] sem saida
2020-06-07T09:38:50-0300 [stdout#info] com entrada
2020-06-07T09:38:50-0300 [stdout#info] sem saida
2020-06-07T09:38:51-0300 [stdout#info] com entrada
2020-06-07T09:38:51-0300 [stdout#info] sem saida
2020-06-07T09:38:52-0300 [stdout#info] com entrada
2020-06-07T09:38:52-0300 [stdout#info] sem saida
2020-06-07T09:38:53-0300 [stdout#info] com entrada
2020-06-07T09:38:53-0300 [stdout#info] sem saida
2020-06-07T09:38:54-0300 [stdout#info] com entrada
2020-06-07T09:38:54-0300 [stdout#info] sem saida
2020-06-07T09:38:56-0300 [stdout#info] com entrada
2020-06-07T09:38:56-0300 [stdout#info] sem saida
2020-06-07T09:38:57-0300 [stdout#info] com entrada
2020-06-07T09:38:57-0300 [stdout#info] sem saida
2020-06-07T09:38:58-0300 [stdout#info] com entrada
2020-06-07T09:38:58-0300 [stdout#info] sem saida
2020-06-07T09:38:59-0300 [stdout#info] com entrada
2020-06-07T09:38:59-0300 [stdout#info] sem saida
2020-06-07T09:39:00-0300 [stdout#info] com entrada
2020-06-07T09:39:00-0300 [stdout#info] sem saida
2020-06-07T09:39:01-0300 [stdout#info] com entrada
2020-06-07T09:39:01-0300 [stdout#info] sem saida
2020-06-07T09:39:02-0300 [stdout#info] com entrada
2020-06-07T09:39:02-0300 [stdout#info] sem saida
2020-06-07T09:39:03-0300 [stdout#info] com entrada
2020-06-07T09:39:03-0300 [stdout#info] sem saida
2020-06-07T09:39:04-0300 [stdout#info] com entrada
2020-06-07T09:39:04-0300 [stdout#info] sem saida
2020-06-07T09:39:05-0300 [stdout#info] com entrada
2020-06-07T09:39:05-0300 [stdout#info] sem saida
2020-06-07T09:39:06-0300 [stdout#info] com entrada
2020-06-07T09:39:06-0300 [stdout#info] sem saida
2020-06-07T09:39:07-0300 [stdout#info] com entrada
2020-06-07T09:39:07-0300 [stdout#info] sem saida
2020-06-07T09:39:08-0300 [stdout#info] com entrada
2020-06-07T09:39:08-0300 [stdout#info] sem saida
2020-06-07T09:39:09-0300 [stdout#info] com entrada
2020-06-07T09:39:09-0300 [stdout#info] sem saida
2020-06-07T09:39:10-0300 [stdout#info] com entrada
2020-06-07T09:39:10-0300 [stdout#info] sem saida
2020-06-07T09:39:11-0300 [stdout#info] com entrada
2020-06-07T09:39:11-0300 [stdout#info] sem saida
2020-06-07T09:39:12-0300 [stdout#info] com entrada
2020-06-07T09:39:12-0300 [stdout#info] sem saida
2020-06-07T09:39:13-0300 [stdout#info] com entrada
2020-06-07T09:39:13-0300 [stdout#info] sem saida
2020-06-07T09:39:14-0300 [stdout#info] com entrada
2020-06-07T09:39:14-0300 [stdout#info] sem saida
2020-06-07T09:39:15-0300 [stdout#info] com entrada
2020-06-07T09:39:15-0300 [stdout#info] sem saida
2020-06-07T09:39:16-0300 [stdout#info] com entrada
2020-06-07T09:39:16-0300 [stdout#info] sem saida
2020-06-07T09:39:17-0300 [stdout#info] com entrada
2020-06-07T09:39:17-0300 [stdout#info] sem saida
2020-06-07T09:39:18-0300 [stdout#info] com entrada
2020-06-07T09:39:18-0300 [stdout#info] sem saida
2020-06-07T09:39:19-0300 [stdout#info] com entrada
2020-06-07T09:39:19-0300 [stdout#info] sem saida
2020-06-07T09:39:20-0300 [stdout#info] com entrada
2020-06-07T09:39:20-0300 [stdout#info] sem saida
2020-06-07T09:39:21-0300 [stdout#info] com entrada
2020-06-07T09:39:21-0300 [stdout#info] sem saida
2020-06-07T09:39:22-0300 [stdout#info] com entrada
2020-06-07T09:39:22-0300 [stdout#info] sem saida
2020-06-07T09:39:23-0300 [stdout#info] com entrada
2020-06-07T09:39:23-0300 [stdout#info] sem saida
2020-06-07T09:39:24-0300 [stdout#info] com entrada
2020-06-07T09:39:24-0300 [stdout#info] sem saida
2020-06-07T09:39:25-0300 [stdout#info] com entrada
2020-06-07T09:39:25-0300 [stdout#info] sem saida
2020-06-07T09:39:26-0300 [stdout#info] com entrada
2020-06-07T09:39:26-0300 [stdout#info] sem saida
2020-06-07T09:39:27-0300 [stdout#info] com entrada
2020-06-07T09:39:27-0300 [stdout#info] sem saida
2020-06-07T09:39:28-0300 [stdout#info] com entrada
2020-06-07T09:39:28-0300 [stdout#info] sem saida
2020-06-07T09:39:29-0300 [stdout#info] com entrada
2020-06-07T09:39:29-0300 [stdout#info] sem saida
2020-06-07T09:39:30-0300 [stdout#info] com entrada
2020-06-07T09:39:30-0300 [stdout#info] sem saida
2020-06-07T09:39:31-0300 [stdout#info] com entrada
2020-06-07T09:39:31-0300 [stdout#info] sem saida
2020-06-07T09:39:32-0300 [stdout#info] com entrada
2020-06-07T09:39:32-0300 [stdout#info] sem saida
2020-06-07T09:39:33-0300 [stdout#info] com entrada
2020-06-07T09:39:33-0300 [stdout#info] sem saida
2020-06-07T09:39:34-0300 [stdout#info] com entrada
2020-06-07T09:39:34-0300 [stdout#info] sem saida
2020-06-07T09:39:35-0300 [stdout#info] com entrada
2020-06-07T09:39:35-0300 [stdout#info] sem saida
2020-06-07T09:39:36-0300 [stdout#info] com entrada
2020-06-07T09:39:36-0300 [stdout#info] sem saida
2020-06-07T09:39:37-0300 [stdout#info] com entrada
2020-06-07T09:39:37-0300 [stdout#info] sem saida
2020-06-07T09:39:38-0300 [stdout#info] com entrada
2020-06-07T09:39:38-0300 [stdout#info] sem saida
2020-06-07T09:39:39-0300 [stdout#info] com entrada
2020-06-07T09:39:39-0300 [stdout#info] sem saida
2020-06-07T09:39:40-0300 [stdout#info] com entrada
2020-06-07T09:39:40-0300 [stdout#info] sem saida
2020-06-07T09:39:41-0300 [stdout#info] com entrada
2020-06-07T09:39:41-0300 [stdout#info] sem saida
2020-06-07T09:39:42-0300 [stdout#info] com entrada
2020-06-07T09:39:42-0300 [stdout#info] sem saida
2020-06-07T09:39:43-0300 [stdout#info] com entrada
2020-06-07T09:39:43-0300 [stdout#info] sem saida
2020-06-07T09:39:44-0300 [stdout#info] com entrada
2020-06-07T09:39:44-0300 [stdout#info] sem saida
2020-06-07T09:39:45-0300 [stdout#info] com entrada
2020-06-07T09:39:45-0300 [stdout#info] sem saida
2020-06-07T09:39:46-0300 [stdout#info] com entrada
2020-06-07T09:39:46-0300 [stdout#info] sem saida
2020-06-07T09:39:47-0300 [stdout#info] com entrada
2020-06-07T09:39:47-0300 [stdout#info] sem saida
2020-06-07T09:39:48-0300 [stdout#info] com entrada
2020-06-07T09:39:48-0300 [stdout#info] sem saida
2020-06-07T09:39:49-0300 [stdout#info] com entrada
2020-06-07T09:39:49-0300 [stdout#info] sem saida
2020-06-07T09:39:50-0300 [stdout#info] com entrada
2020-06-07T09:39:50-0300 [stdout#info] sem saida
2020-06-07T09:39:51-0300 [stdout#info] com entrada
2020-06-07T09:39:51-0300 [stdout#info] sem saida
2020-06-07T09:39:52-0300 [stdout#info] com entrada
2020-06-07T09:39:52-0300 [stdout#info] sem saida
2020-06-07T09:39:53-0300 [stdout#info] com entrada
2020-06-07T09:39:53-0300 [stdout#info] sem saida
2020-06-07T09:39:54-0300 [stdout#info] com entrada
2020-06-07T09:39:54-0300 [stdout#info] sem saida
2020-06-07T09:39:55-0300 [stdout#info] com entrada
2020-06-07T09:39:55-0300 [stdout#info] sem saida
2020-06-07T09:39:56-0300 [stdout#info] com entrada
2020-06-07T09:39:56-0300 [stdout#info] sem saida
2020-06-07T09:39:57-0300 [stdout#info] com entrada
2020-06-07T09:39:57-0300 [stdout#info] sem saida
2020-06-07T09:39:58-0300 [stdout#info] com entrada
2020-06-07T09:39:58-0300 [stdout#info] sem saida
2020-06-07T09:39:59-0300 [stdout#info] com entrada
2020-06-07T09:39:59-0300 [stdout#info] sem saida
2020-06-07T09:40:00-0300 [stdout#info] com entrada
2020-06-07T09:40:00-0300 [stdout#info] sem saida
2020-06-07T09:40:01-0300 [stdout#info] com entrada
2020-06-07T09:40:01-0300 [stdout#info] sem saida
2020-06-07T09:40:02-0300 [stdout#info] com entrada
2020-06-07T09:40:02-0300 [stdout#info] sem saida
2020-06-07T09:40:03-0300 [stdout#info] com entrada
2020-06-07T09:40:03-0300 [stdout#info] sem saida
2020-06-07T09:40:04-0300 [stdout#info] com entrada
2020-06-07T09:40:04-0300 [stdout#info] sem saida
2020-06-07T09:40:05-0300 [stdout#info] com entrada
2020-06-07T09:40:05-0300 [stdout#info] sem saida
2020-06-07T09:40:06-0300 [stdout#info] com entrada
2020-06-07T09:40:06-0300 [stdout#info] sem saida
2020-06-07T09:40:07-0300 [stdout#info] com entrada
2020-06-07T09:40:07-0300 [stdout#info] sem saida
2020-06-07T09:40:08-0300 [stdout#info] com entrada
2020-06-07T09:40:08-0300 [stdout#info] sem saida
2020-06-07T09:40:09-0300 [stdout#info] com entrada
2020-06-07T09:40:09-0300 [stdout#info] sem saida
2020-06-07T09:40:10-0300 [stdout#info] com entrada
2020-06-07T09:40:10-0300 [stdout#info] sem saida
2020-06-07T09:40:11-0300 [stdout#info] com entrada
2020-06-07T09:40:11-0300 [stdout#info] sem saida
2020-06-07T09:40:12-0300 [stdout#info] com entrada
2020-06-07T09:40:12-0300 [stdout#info] sem saida
2020-06-07T09:40:13-0300 [stdout#info] com entrada
2020-06-07T09:40:13-0300 [stdout#info] sem saida
2020-06-07T09:40:14-0300 [stdout#info] com entrada
2020-06-07T09:40:14-0300 [stdout#info] sem saida
2020-06-07T09:40:15-0300 [stdout#info] com entrada
2020-06-07T09:40:15-0300 [stdout#info] sem saida
2020-06-07T09:40:16-0300 [stdout#info] com entrada
2020-06-07T09:40:16-0300 [stdout#info] sem saida
2020-06-07T09:40:17-0300 [stdout#info] com entrada
2020-06-07T09:40:17-0300 [stdout#info] sem saida
2020-06-07T09:40:18-0300 [stdout#info] com entrada
2020-06-07T09:40:18-0300 [stdout#info] sem saida
2020-06-07T09:40:19-0300 [stdout#info] com entrada
2020-06-07T09:40:19-0300 [stdout#info] sem saida
2020-06-07T09:40:20-0300 [stdout#info] com entrada
2020-06-07T09:40:20-0300 [stdout#info] sem saida
2020-06-07T09:40:21-0300 [stdout#info] com entrada
2020-06-07T09:40:21-0300 [stdout#info] sem saida
2020-06-07T09:40:22-0300 [stdout#info] com entrada
2020-06-07T09:40:22-0300 [stdout#info] sem saida
2020-06-07T09:40:23-0300 [stdout#info] com entrada
2020-06-07T09:40:23-0300 [stdout#info] sem saida
2020-06-07T09:40:24-0300 [stdout#info] com entrada
2020-06-07T09:40:24-0300 [stdout#info] sem saida
2020-06-07T09:40:25-0300 [stdout#info] com entrada
2020-06-07T09:40:25-0300 [stdout#info] sem saida
2020-06-07T09:40:26-0300 [stdout#info] com entrada
2020-06-07T09:40:26-0300 [stdout#info] sem saida
2020-06-07T09:40:27-0300 [stdout#info] com entrada
2020-06-07T09:40:27-0300 [stdout#info] sem saida
2020-06-07T09:40:28-0300 [stdout#info] com entrada
2020-06-07T09:40:28-0300 [stdout#info] sem saida
2020-06-07T09:40:29-0300 [stdout#info] com entrada
2020-06-07T09:40:29-0300 [stdout#info] sem saida
2020-06-07T09:40:30-0300 [stdout#info] com entrada
2020-06-07T09:40:30-0300 [stdout#info] sem saida
2020-06-07T09:40:31-0300 [stdout#info] com entrada
2020-06-07T09:40:31-0300 [stdout#info] sem saida
2020-06-07T09:40:32-0300 [stdout#info] com entrada
2020-06-07T09:40:32-0300 [stdout#info] sem saida
2020-06-07T09:40:33-0300 [stdout#info] com entrada
2020-06-07T09:40:33-0300 [stdout#info] sem saida
2020-06-07T09:40:34-0300 [stdout#info] com entrada
2020-06-07T09:40:34-0300 [stdout#info] sem saida
2020-06-07T09:40:35-0300 [stdout#info] com entrada
2020-06-07T09:40:35-0300 [stdout#info] sem saida
2020-06-07T09:40:36-0300 [stdout#info] com entrada
2020-06-07T09:40:36-0300 [stdout#info] sem saida
2020-06-07T09:40:37-0300 [stdout#info] com entrada
2020-06-07T09:40:37-0300 [stdout#info] sem saida
2020-06-07T09:40:38-0300 [stdout#info] com entrada
2020-06-07T09:40:38-0300 [stdout#info] sem saida
2020-06-07T09:40:39-0300 [stdout#info] com entrada
2020-06-07T09:40:39-0300 [stdout#info] sem saida
2020-06-07T09:40:40-0300 [stdout#info] com entrada
2020-06-07T09:40:40-0300 [stdout#info] sem saida
2020-06-07T09:40:41-0300 [stdout#info] com entrada
2020-06-07T09:40:41-0300 [stdout#info] sem saida
2020-06-07T09:40:42-0300 [stdout#info] com entrada
2020-06-07T09:40:42-0300 [stdout#info] sem saida
2020-06-07T09:40:43-0300 [stdout#info] com entrada
2020-06-07T09:40:43-0300 [stdout#info] sem saida
2020-06-07T09:40:44-0300 [stdout#info] com entrada
2020-06-07T09:40:44-0300 [stdout#info] sem saida
2020-06-07T09:40:45-0300 [stdout#info] com entrada
2020-06-07T09:40:45-0300 [stdout#info] sem saida
2020-06-07T09:40:46-0300 [stdout#info] com entrada
2020-06-07T09:40:46-0300 [stdout#info] sem saida
2020-06-07T09:40:47-0300 [stdout#info] com entrada
2020-06-07T09:40:47-0300 [stdout#info] sem saida
2020-06-07T09:40:48-0300 [stdout#info] com entrada
2020-06-07T09:40:48-0300 [stdout#info] sem saida
2020-06-07T09:40:49-0300 [stdout#info] com entrada
2020-06-07T09:40:49-0300 [stdout#info] sem saida
2020-06-07T09:40:50-0300 [stdout#info] com entrada
2020-06-07T09:40:50-0300 [stdout#info] sem saida
2020-06-07T09:40:51-0300 [stdout#info] com entrada
2020-06-07T09:40:51-0300 [stdout#info] sem saida
2020-06-07T09:40:52-0300 [stdout#info] com entrada
2020-06-07T09:40:52-0300 [stdout#info] sem saida
2020-06-07T09:40:53-0300 [stdout#info] com entrada
2020-06-07T09:40:53-0300 [stdout#info] sem saida
2020-06-07T09:40:54-0300 [stdout#info] com entrada
2020-06-07T09:40:54-0300 [stdout#info] sem saida
2020-06-07T09:40:55-0300 [stdout#info] com entrada
2020-06-07T09:40:55-0300 [stdout#info] sem saida
2020-06-07T09:40:56-0300 [stdout#info] com entrada
2020-06-07T09:40:56-0300 [stdout#info] sem saida
2020-06-07T09:40:57-0300 [stdout#info] com entrada
2020-06-07T09:40:57-0300 [stdout#info] sem saida
2020-06-07T09:40:58-0300 [stdout#info] com entrada
2020-06-07T09:40:58-0300 [stdout#info] sem saida
2020-06-07T09:40:59-0300 [stdout#info] com entrada
2020-06-07T09:40:59-0300 [stdout#info] sem saida
2020-06-07T09:41:00-0300 [stdout#info] com entrada
2020-06-07T09:41:00-0300 [stdout#info] sem saida
2020-06-07T09:41:01-0300 [stdout#info] com entrada
2020-06-07T09:41:01-0300 [stdout#info] sem saida
2020-06-07T09:41:02-0300 [stdout#info] com entrada
2020-06-07T09:41:02-0300 [stdout#info] sem saida
2020-06-07T09:41:03-0300 [stdout#info] com entrada
2020-06-07T09:41:03-0300 [stdout#info] sem saida
2020-06-07T09:41:04-0300 [stdout#info] com entrada
2020-06-07T09:41:04-0300 [stdout#info] sem saida
2020-06-07T09:41:05-0300 [stdout#info] com entrada
2020-06-07T09:41:05-0300 [stdout#info] sem saida
2020-06-07T09:41:06-0300 [stdout#info] com entrada
2020-06-07T09:41:06-0300 [stdout#info] sem saida
2020-06-07T09:41:07-0300 [stdout#info] com entrada
2020-06-07T09:41:07-0300 [stdout#info] sem saida
2020-06-07T09:41:08-0300 [stdout#info] com entrada
2020-06-07T09:41:08-0300 [stdout#info] sem saida
2020-06-07T09:41:09-0300 [stdout#info] com entrada
2020-06-07T09:41:09-0300 [stdout#info] sem saida
2020-06-07T09:41:10-0300 [stdout#info] com entrada
2020-06-07T09:41:10-0300 [stdout#info] sem saida
2020-06-07T09:41:11-0300 [stdout#info] com entrada
2020-06-07T09:41:11-0300 [stdout#info] sem saida
2020-06-07T09:41:12-0300 [stdout#info] com entrada
2020-06-07T09:41:12-0300 [stdout#info] sem saida
2020-06-07T09:41:13-0300 [stdout#info] com entrada
2020-06-07T09:41:13-0300 [stdout#info] sem saida
2020-06-07T09:41:14-0300 [stdout#info] com entrada
2020-06-07T09:41:14-0300 [stdout#info] sem saida
2020-06-07T09:41:15-0300 [stdout#info] com entrada
2020-06-07T09:41:15-0300 [stdout#info] sem saida
2020-06-07T09:41:16-0300 [stdout#info] com entrada
2020-06-07T09:41:16-0300 [stdout#info] sem saida
2020-06-07T09:41:17-0300 [stdout#info] com entrada
2020-06-07T09:41:17-0300 [stdout#info] sem saida
2020-06-07T09:41:18-0300 [stdout#info] com entrada
2020-06-07T09:41:18-0300 [stdout#info] sem saida
2020-06-07T09:41:19-0300 [stdout#info] com entrada
2020-06-07T09:41:19-0300 [stdout#info] sem saida
2020-06-07T09:41:20-0300 [stdout#info] com entrada
2020-06-07T09:41:20-0300 [stdout#info] sem saida
2020-06-07T09:41:21-0300 [stdout#info] com entrada
2020-06-07T09:41:21-0300 [stdout#info] sem saida
2020-06-07T09:41:22-0300 [stdout#info] com entrada
2020-06-07T09:41:22-0300 [stdout#info] sem saida
2020-06-07T09:41:23-0300 [stdout#info] com entrada
2020-06-07T09:41:23-0300 [stdout#info] sem saida
2020-06-07T09:41:24-0300 [stdout#info] com entrada
2020-06-07T09:41:24-0300 [stdout#info] sem saida
2020-06-07T09:41:25-0300 [stdout#info] com entrada
2020-06-07T09:41:25-0300 [stdout#info] sem saida
2020-06-07T09:41:26-0300 [stdout#info] com entrada
2020-06-07T09:41:26-0300 [stdout#info] sem saida
2020-06-07T09:41:26-0300 [-] Received SIGINT, shutting down.
2020-06-07T09:41:26-0300 [applications.httpapp.HttpServerAppFactory] (TCP Port 8082 Closed)
2020-06-07T09:41:26-0300 [twisted.internet.endpoints.OneShotFactory#info] Stopping factory <twisted.internet.endpoints.connectProtocol.<locals>.OneShotFactory object at 0x7fa4a7075a58>
2020-06-07T09:41:26-0300 [applications.routerapp.RouterFactory] (TCP Port 8081 Closed)
2020-06-07T09:41:26-0300 [-] Main loop terminated.
