2020-06-23T08:41:41-0300 [-] Creating router ...
2020-06-23T08:41:41-0300 [-] Initializing Router - Number of events: 1
2020-06-23T08:41:42-0300 [-] RouterFactory starting on 8081
2020-06-23T08:41:42-0300 [-] Creating AccessPoint station ...
2020-06-23T08:41:42-0300 [-] Initializing Access Point - Number of events: 2
2020-06-23T08:41:42-0300 [-] There is no wifi devices in this simulation or it is not in this wifi signal coverage area.
2020-06-23T08:41:42-0300 [-] Initializing sensor node - Number of events: 3
2020-06-23T08:41:43-0300 [stdout#info] Not connected to a wireless access point
2020-06-23T08:41:43-0300 [-] Initializing sensor node - Number of events: 4
2020-06-23T08:41:43-0300 [stdout#info] Not connected to a wireless access point
2020-06-23T08:41:43-0300 [-] Initializing Server - Number of events: 5
2020-06-23T08:41:44-0300 [-] HttpServerAppFactory starting on 8080
2020-06-23T08:41:44-0300 [stdout#info] Not connected to a wireless access point
2020-06-23T08:41:44-0300 [stdout#info] Not connected to a wireless access point
2020-06-23T08:41:44-0300 [stdout#info] This divice have no simulation core instance
2020-06-23T08:41:44-0300 [stdout#info] This divice have no simulation core instance
2020-06-23T08:41:44-0300 [stdout#info] Not connected to a wireless access point
2020-06-23T08:41:44-0300 [stdout#info] Not connected to a wireless access point
2020-06-23T08:41:44-0300 [stdout#info] Not connected to a wireless access point
2020-06-23T08:41:44-0300 [stdout#info] Not connected to a wireless access point
2020-06-23T08:41:44-0300 [stdout#info] Not connected to a wireless access point
2020-06-23T08:41:44-0300 [stdout#info] Not connected to a wireless access point
2020-06-23T08:41:44-0300 [stdout#info] Not connected to a wireless access point
2020-06-23T08:41:44-0300 [stdout#info] Not connected to a wireless access point
2020-06-23T08:41:44-0300 [stdout#info] Not connected to a wireless access point
2020-06-23T08:41:44-0300 [stdout#info] Not connected to a wireless access point
2020-06-23T08:41:45-0300 [stdout#info] Not connected to a wireless access point
2020-06-23T08:41:45-0300 [stdout#info] Not connected to a wireless access point
2020-06-23T08:41:45-0300 [stdout#info] Not connected to a wireless access point
2020-06-23T08:41:45-0300 [stdout#info] Not connected to a wireless access point
2020-06-23T08:41:45-0300 [stdout#info] Not connected to a wireless access point
2020-06-23T08:41:45-0300 [stdout#info] Not connected to a wireless access point
2020-06-23T08:41:45-0300 [stdout#info] Not connected to a wireless access point
2020-06-23T08:41:45-0300 [stdout#info] Not connected to a wireless access point
2020-06-23T08:41:45-0300 [stdout#info] Not connected to a wireless access point
2020-06-23T08:41:45-0300 [stdout#info] Not connected to a wireless access point
2020-06-23T08:41:45-0300 [stdout#info] Not connected to a wireless access point
2020-06-23T08:41:45-0300 [stdout#info] Not connected to a wireless access point
2020-06-23T08:41:45-0300 [stdout#info] Not connected to a wireless access point
2020-06-23T08:41:45-0300 [stdout#info] Not connected to a wireless access point
2020-06-23T08:41:45-0300 [stdout#info] Not connected to a wireless access point
2020-06-23T08:41:45-0300 [stdout#info] Not connected to a wireless access point
2020-06-23T08:41:45-0300 [stdout#info] Not connected to a wireless access point
2020-06-23T08:41:45-0300 [stdout#info] Not connected to a wireless access point
2020-06-23T08:41:45-0300 [stdout#info] Not connected to a wireless access point
2020-06-23T08:41:45-0300 [stdout#info] Not connected to a wireless access point
2020-06-23T08:41:46-0300 [stdout#info] Not connected to a wireless access point
2020-06-23T08:41:46-0300 [stdout#info] Not connected to a wireless access point
2020-06-23T08:41:46-0300 [stdout#info] Not connected to a wireless access point
2020-06-23T08:41:46-0300 [stdout#info] Not connected to a wireless access point
2020-06-23T08:41:46-0300 [stdout#info] Not connected to a wireless access point
2020-06-23T08:41:46-0300 [stdout#info] Not connected to a wireless access point
2020-06-23T08:41:46-0300 [stdout#info] Not connected to a wireless access point
2020-06-23T08:41:46-0300 [stdout#info] Not connected to a wireless access point
2020-06-23T08:41:46-0300 [stdout#info] Not connected to a wireless access point
2020-06-23T08:41:46-0300 [stdout#info] Not connected to a wireless access point
2020-06-23T08:41:46-0300 [stdout#info] Not connected to a wireless access point
2020-06-23T08:41:46-0300 [stdout#info] Not connected to a wireless access point
2020-06-23T08:41:46-0300 [stdout#info] Not connected to a wireless access point
2020-06-23T08:41:46-0300 [stdout#info] Not connected to a wireless access point
2020-06-23T08:41:46-0300 [stdout#info] Not connected to a wireless access point
2020-06-23T08:41:46-0300 [stdout#info] Not connected to a wireless access point
2020-06-23T08:41:46-0300 [stdout#info] Not connected to a wireless access point
2020-06-23T08:41:46-0300 [stdout#info] Not connected to a wireless access point
2020-06-23T08:41:46-0300 [stdout#info] Not connected to a wireless access point
2020-06-23T08:41:46-0300 [stdout#info] Not connected to a wireless access point
2020-06-23T08:41:47-0300 [stdout#info] Not connected to a wireless access point
2020-06-23T08:41:47-0300 [stdout#info] Not connected to a wireless access point
2020-06-23T08:41:47-0300 [stdout#info] Not connected to a wireless access point
2020-06-23T08:41:47-0300 [stdout#info] Not connected to a wireless access point
2020-06-23T08:41:47-0300 [stdout#info] Not connected to a wireless access point
2020-06-23T08:41:47-0300 [stdout#info] Not connected to a wireless access point
2020-06-23T08:41:47-0300 [stdout#info] Not connected to a wireless access point
2020-06-23T08:41:47-0300 [stdout#info] Not connected to a wireless access point
2020-06-23T08:41:47-0300 [stdout#info] Not connected to a wireless access point
2020-06-23T08:41:47-0300 [stdout#info] Not connected to a wireless access point
2020-06-23T08:41:47-0300 [stdout#info] Not connected to a wireless access point
2020-06-23T08:41:47-0300 [stdout#info] Not connected to a wireless access point
2020-06-23T08:41:47-0300 [stdout#info] Not connected to a wireless access point
2020-06-23T08:41:47-0300 [stdout#info] Not connected to a wireless access point
2020-06-23T08:41:47-0300 [stdout#info] Not connected to a wireless access point
2020-06-23T08:41:47-0300 [stdout#info] Not connected to a wireless access point
2020-06-23T08:41:47-0300 [stdout#info] Not connected to a wireless access point
2020-06-23T08:41:47-0300 [stdout#info] Not connected to a wireless access point
2020-06-23T08:41:47-0300 [stdout#info] Not connected to a wireless access point
2020-06-23T08:41:47-0300 [stdout#info] Not connected to a wireless access point
2020-06-23T08:41:48-0300 [stdout#info] Not connected to a wireless access point
2020-06-23T08:41:48-0300 [stdout#info] Not connected to a wireless access point
2020-06-23T08:41:48-0300 [stdout#info] Not connected to a wireless access point
2020-06-23T08:41:48-0300 [stdout#info] Not connected to a wireless access point
2020-06-23T08:41:48-0300 [stdout#info] Not connected to a wireless access point
2020-06-23T08:41:48-0300 [stdout#info] Not connected to a wireless access point
2020-06-23T08:41:48-0300 [stdout#info] Not connected to a wireless access point
2020-06-23T08:41:48-0300 [stdout#info] Not connected to a wireless access point
2020-06-23T08:41:48-0300 [stdout#info] Not connected to a wireless access point
2020-06-23T08:41:48-0300 [stdout#info] Not connected to a wireless access point
2020-06-23T08:41:48-0300 [stdout#info] Not connected to a wireless access point
2020-06-23T08:41:48-0300 [stdout#info] Not connected to a wireless access point
2020-06-23T08:41:48-0300 [stdout#info] Not connected to a wireless access point
2020-06-23T08:41:48-0300 [stdout#info] Not connected to a wireless access point
2020-06-23T08:41:48-0300 [stdout#info] Not connected to a wireless access point
2020-06-23T08:41:48-0300 [stdout#info] Not connected to a wireless access point
2020-06-23T08:41:48-0300 [stdout#info] Not connected to a wireless access point
2020-06-23T08:41:48-0300 [stdout#info] Not connected to a wireless access point
2020-06-23T08:41:48-0300 [stdout#info] Not connected to a wireless access point
2020-06-23T08:41:48-0300 [stdout#info] Not connected to a wireless access point
2020-06-23T08:41:49-0300 [stdout#info] Not connected to a wireless access point
2020-06-23T08:41:49-0300 [stdout#info] Not connected to a wireless access point
2020-06-23T08:41:49-0300 [stdout#info] Not connected to a wireless access point
2020-06-23T08:41:49-0300 [stdout#info] Not connected to a wireless access point
2020-06-23T08:41:49-0300 [stdout#info] Not connected to a wireless access point
2020-06-23T08:41:49-0300 [stdout#info] Not connected to a wireless access point
2020-06-23T08:41:49-0300 [stdout#info] Not connected to a wireless access point
2020-06-23T08:41:49-0300 [stdout#info] Not connected to a wireless access point
2020-06-23T08:41:49-0300 [stdout#info] Not connected to a wireless access point
2020-06-23T08:41:49-0300 [stdout#info] Not connected to a wireless access point
2020-06-23T08:41:49-0300 [stdout#info] Assossiated to : notebook 1
2020-06-23T08:41:49-0300 [stdout#info] Not connected to a wireless access point
2020-06-23T08:41:49-0300 [stdout#info] Not connected to a wireless access point
2020-06-23T08:41:49-0300 [stdout#info] Not connected to a wireless access point
2020-06-23T08:41:49-0300 [stdout#info] Not connected to a wireless access point
2020-06-23T08:41:49-0300 [stdout#info] Not connected to a wireless access point
2020-06-23T08:41:50-0300 [stdout#info] Not connected to a wireless access point
2020-06-23T08:41:50-0300 [stdout#info] Not connected to a wireless access point
2020-06-23T08:41:50-0300 [stdout#info] Not connected to a wireless access point
2020-06-23T08:41:50-0300 [stdout#info] Not connected to a wireless access point
2020-06-23T08:41:50-0300 [stdout#info] Not connected to a wireless access point
2020-06-23T08:41:50-0300 [twisted.internet.endpoints.OneShotFactory#info] Starting factory <twisted.internet.endpoints.connectProtocol.<locals>.OneShotFactory object at 0x7f08213621d0>
2020-06-23T08:41:50-0300 [applications.httpapp.HttpServerAppFactory] Connection received - Number of events: 6
2020-06-23T08:41:50-0300 [HttpServerAppProtocol,0,127.0.0.1] Received from client HTTP 1.0 / GET request
2020-06-23T08:41:50-0300 [HttpServerAppProtocol,0,127.0.0.1] Sending HTTP RESPONSE - Number of events: 7
2020-06-23T08:41:50-0300 [stdout#info] Not connected to a wireless access point
2020-06-23T08:41:50-0300 [stdout#info] Not connected to a wireless access point
2020-06-23T08:41:50-0300 [stdout#info] Not connected to a wireless access point
2020-06-23T08:41:50-0300 [stdout#info] Not connected to a wireless access point
2020-06-23T08:41:50-0300 [stdout#info] Not connected to a wireless access point
2020-06-23T08:41:51-0300 [stdout#info] Not connected to a wireless access point
2020-06-23T08:41:51-0300 [stdout#info] Not connected to a wireless access point
2020-06-23T08:41:51-0300 [stdout#info] Not connected to a wireless access point
2020-06-23T08:41:51-0300 [stdout#info] Not connected to a wireless access point
2020-06-23T08:41:51-0300 [stdout#info] Not connected to a wireless access point
2020-06-23T08:41:51-0300 [stdout#info] Not connected to a wireless access point
2020-06-23T08:41:51-0300 [stdout#info] Not connected to a wireless access point
2020-06-23T08:41:51-0300 [stdout#info] Not connected to a wireless access point
2020-06-23T08:41:51-0300 [stdout#info] Not connected to a wireless access point
2020-06-23T08:41:51-0300 [stdout#info] Not connected to a wireless access point
2020-06-23T08:41:52-0300 [stdout#info] Not connected to a wireless access point
2020-06-23T08:41:52-0300 [stdout#info] Not connected to a wireless access point
2020-06-23T08:41:52-0300 [stdout#info] Not connected to a wireless access point
2020-06-23T08:41:52-0300 [stdout#info] Not connected to a wireless access point
2020-06-23T08:41:52-0300 [stdout#info] Not connected to a wireless access point
2020-06-23T08:41:52-0300 [stdout#info] Not connected to a wireless access point
2020-06-23T08:41:52-0300 [stdout#info] Not connected to a wireless access point
2020-06-23T08:41:52-0300 [stdout#info] Not connected to a wireless access point
2020-06-23T08:41:52-0300 [stdout#info] Not connected to a wireless access point
2020-06-23T08:41:52-0300 [stdout#info] Not connected to a wireless access point
2020-06-23T08:41:53-0300 [stdout#info] Not connected to a wireless access point
2020-06-23T08:41:53-0300 [stdout#info] Not connected to a wireless access point
2020-06-23T08:41:53-0300 [stdout#info] Not connected to a wireless access point
2020-06-23T08:41:53-0300 [stdout#info] Not connected to a wireless access point
2020-06-23T08:41:53-0300 [stdout#info] Not connected to a wireless access point
2020-06-23T08:41:53-0300 [stdout#info] Not connected to a wireless access point
2020-06-23T08:41:53-0300 [stdout#info] Not connected to a wireless access point
2020-06-23T08:41:53-0300 [stdout#info] Not connected to a wireless access point
2020-06-23T08:41:53-0300 [stdout#info] Not connected to a wireless access point
2020-06-23T08:41:53-0300 [stdout#info] Not connected to a wireless access point
2020-06-23T08:41:54-0300 [stdout#info] Not connected to a wireless access point
2020-06-23T08:41:54-0300 [stdout#info] Not connected to a wireless access point
2020-06-23T08:41:54-0300 [stdout#info] Not connected to a wireless access point
2020-06-23T08:41:54-0300 [stdout#info] Not connected to a wireless access point
2020-06-23T08:41:54-0300 [stdout#info] Not connected to a wireless access point
2020-06-23T08:41:54-0300 [stdout#info] Not connected to a wireless access point
2020-06-23T08:41:54-0300 [stdout#info] Not connected to a wireless access point
2020-06-23T08:41:54-0300 [stdout#info] Not connected to a wireless access point
2020-06-23T08:41:54-0300 [stdout#info] Not connected to a wireless access point
2020-06-23T08:41:54-0300 [stdout#info] Not connected to a wireless access point
2020-06-23T08:41:54-0300 [stdout#info] Assossiated to : notebook 1
2020-06-23T08:41:54-0300 [stdout#info] Assossiated to : notebook 1
2020-06-23T08:41:55-0300 [twisted.internet.endpoints.OneShotFactory#info] Starting factory <twisted.internet.endpoints.connectProtocol.<locals>.OneShotFactory object at 0x7f0822c9b278>
2020-06-23T08:41:55-0300 [twisted.internet.endpoints.OneShotFactory#info] Stopping factory <twisted.internet.endpoints.connectProtocol.<locals>.OneShotFactory object at 0x7f08213621d0>
2020-06-23T08:41:55-0300 [applications.httpapp.HttpServerAppFactory] Connection received - Number of events: 8
2020-06-23T08:41:55-0300 [HttpServerAppProtocol,0,127.0.0.1] Received from client HTTP 1.0 / GET request
2020-06-23T08:41:55-0300 [HttpServerAppProtocol,0,127.0.0.1] Sending HTTP RESPONSE - Number of events: 9
2020-06-23T08:41:55-0300 [HttpServerAppProtocol,0,127.0.0.1] connection lost: Connection was closed cleanly.
2020-06-23T08:41:55-0300 [HttpServerAppProtocol,0,127.0.0.1] connection lost - Number of events: 10
2020-06-23T08:42:23-0300 [-] Received SIGINT, shutting down.
2020-06-23T08:42:23-0300 [HttpServerAppProtocol,1,127.0.0.1] connection lost: Connection to the other side was lost in a non-clean fashion: Connection lost.
2020-06-23T08:42:23-0300 [HttpServerAppProtocol,1,127.0.0.1] connection lost - Number of events: 11
2020-06-23T08:42:23-0300 [twisted.internet.endpoints.OneShotFactory#info] Stopping factory <twisted.internet.endpoints.connectProtocol.<locals>.OneShotFactory object at 0x7f0822c9b278>
2020-06-23T08:42:23-0300 [applications.routerapp.RouterFactory] (TCP Port 8081 Closed)
2020-06-23T08:42:23-0300 [applications.httpapp.HttpServerAppFactory] (TCP Port 8080 Closed)
2020-06-23T08:42:23-0300 [-] Main loop terminated.
