2020-06-12T13:34:53-0300 [-] Creating router ...
2020-06-12T13:34:53-0300 [-] Initializing Router - Number of events: 1
2020-06-12T13:34:53-0300 [-] RouterFactory starting on 8081
2020-06-12T13:34:53-0300 [-] Creating AccessPoint station ...
2020-06-12T13:34:53-0300 [-] Initializing Access Point - Number of events: 2
2020-06-12T13:34:54-0300 [-] There is no wifi devices in this simulation or it is not in this wifi signal coverage area.
2020-06-12T13:34:54-0300 [-] Initializing sensor node - Number of events: 3
2020-06-12T13:34:54-0300 [stdout#info] Not connected to a wireless access point
2020-06-12T13:34:54-0300 [-] Initializing Server - Number of events: 4
2020-06-12T13:34:55-0300 [-] HttpServerAppFactory starting on 8080
2020-06-12T13:34:55-0300 [stdout#info] Not connected to a wireless access point
2020-06-12T13:34:55-0300 [stdout#info] This divice have no simulation core instance
2020-06-12T13:34:55-0300 [stdout#info] This divice have no simulation core instance
2020-06-12T13:34:55-0300 [stdout#info] Not connected to a wireless access point
2020-06-12T13:34:55-0300 [stdout#info] Not connected to a wireless access point
2020-06-12T13:34:55-0300 [stdout#info] Not connected to a wireless access point
2020-06-12T13:34:55-0300 [stdout#info] Not connected to a wireless access point
2020-06-12T13:34:55-0300 [stdout#info] Not connected to a wireless access point
2020-06-12T13:34:56-0300 [stdout#info] Not connected to a wireless access point
2020-06-12T13:34:56-0300 [stdout#info] Not connected to a wireless access point
2020-06-12T13:34:56-0300 [stdout#info] Not connected to a wireless access point
2020-06-12T13:34:56-0300 [stdout#info] Not connected to a wireless access point
2020-06-12T13:34:56-0300 [stdout#info] Not connected to a wireless access point
2020-06-12T13:34:56-0300 [stdout#info] Not connected to a wireless access point
2020-06-12T13:34:56-0300 [stdout#info] Not connected to a wireless access point
2020-06-12T13:34:56-0300 [stdout#info] Not connected to a wireless access point
2020-06-12T13:34:56-0300 [stdout#info] Not connected to a wireless access point
2020-06-12T13:34:56-0300 [stdout#info] Not connected to a wireless access point
2020-06-12T13:34:57-0300 [stdout#info] Not connected to a wireless access point
2020-06-12T13:34:57-0300 [stdout#info] Not connected to a wireless access point
2020-06-12T13:34:57-0300 [stdout#info] Not connected to a wireless access point
2020-06-12T13:34:57-0300 [stdout#info] Not connected to a wireless access point
2020-06-12T13:34:57-0300 [stdout#info] Not connected to a wireless access point
2020-06-12T13:34:57-0300 [stdout#info] Not connected to a wireless access point
2020-06-12T13:34:57-0300 [stdout#info] Not connected to a wireless access point
2020-06-12T13:34:57-0300 [stdout#info] Not connected to a wireless access point
2020-06-12T13:34:57-0300 [stdout#info] Not connected to a wireless access point
2020-06-12T13:34:57-0300 [stdout#info] Not connected to a wireless access point
2020-06-12T13:34:58-0300 [stdout#info] Not connected to a wireless access point
2020-06-12T13:34:58-0300 [stdout#info] Not connected to a wireless access point
2020-06-12T13:34:58-0300 [stdout#info] Not connected to a wireless access point
2020-06-12T13:34:58-0300 [stdout#info] Not connected to a wireless access point
2020-06-12T13:34:58-0300 [stdout#info] Not connected to a wireless access point
2020-06-12T13:34:58-0300 [stdout#info] Not connected to a wireless access point
2020-06-12T13:34:58-0300 [stdout#info] Not connected to a wireless access point
2020-06-12T13:34:58-0300 [stdout#info] Not connected to a wireless access point
2020-06-12T13:34:58-0300 [stdout#info] Not connected to a wireless access point
2020-06-12T13:34:58-0300 [stdout#info] Not connected to a wireless access point
2020-06-12T13:34:59-0300 [stdout#info] Not connected to a wireless access point
2020-06-12T13:34:59-0300 [stdout#info] Not connected to a wireless access point
2020-06-12T13:34:59-0300 [stdout#info] Not connected to a wireless access point
2020-06-12T13:34:59-0300 [stdout#info] Not connected to a wireless access point
2020-06-12T13:34:59-0300 [stdout#info] Not connected to a wireless access point
2020-06-12T13:34:59-0300 [stdout#info] Not connected to a wireless access point
2020-06-12T13:34:59-0300 [stdout#info] Not connected to a wireless access point
2020-06-12T13:34:59-0300 [stdout#info] Not connected to a wireless access point
2020-06-12T13:34:59-0300 [stdout#info] Not connected to a wireless access point
2020-06-12T13:34:59-0300 [stdout#info] Not connected to a wireless access point
2020-06-12T13:35:00-0300 [stdout#info] Not connected to a wireless access point
2020-06-12T13:35:00-0300 [stdout#info] Not connected to a wireless access point
2020-06-12T13:35:00-0300 [stdout#info] Not connected to a wireless access point
2020-06-12T13:35:00-0300 [stdout#info] Not connected to a wireless access point
2020-06-12T13:35:00-0300 [stdout#info] Not connected to a wireless access point
2020-06-12T13:35:00-0300 [stdout#info] Not connected to a wireless access point
2020-06-12T13:35:00-0300 [stdout#info] Not connected to a wireless access point
2020-06-12T13:35:00-0300 [stdout#info] Not connected to a wireless access point
2020-06-12T13:35:00-0300 [stdout#info] Not connected to a wireless access point
2020-06-12T13:35:00-0300 [stdout#info] Not connected to a wireless access point
2020-06-12T13:35:01-0300 [stdout#info] Not connected to a wireless access point
2020-06-12T13:35:01-0300 [stdout#info] Not connected to a wireless access point
2020-06-12T13:35:01-0300 [stdout#info] Not connected to a wireless access point
2020-06-12T13:35:01-0300 [stdout#info] Not connected to a wireless access point
2020-06-12T13:35:01-0300 [stdout#info] Not connected to a wireless access point
2020-06-12T13:35:01-0300 [stdout#info] Not connected to a wireless access point
2020-06-12T13:35:01-0300 [stdout#info] Not connected to a wireless access point
2020-06-12T13:35:01-0300 [stdout#info] Not connected to a wireless access point
2020-06-12T13:35:01-0300 [stdout#info] Not connected to a wireless access point
2020-06-12T13:35:01-0300 [stdout#info] Not connected to a wireless access point
2020-06-12T13:35:02-0300 [stdout#info] Not connected to a wireless access point
2020-06-12T13:35:02-0300 [stdout#info] Not connected to a wireless access point
2020-06-12T13:35:02-0300 [stdout#info] Not connected to a wireless access point
2020-06-12T13:35:02-0300 [stdout#info] Not connected to a wireless access point
2020-06-12T13:35:02-0300 [stdout#info] Not connected to a wireless access point
2020-06-12T13:35:02-0300 [stdout#info] Not connected to a wireless access point
2020-06-12T13:35:02-0300 [stdout#info] Not connected to a wireless access point
2020-06-12T13:35:02-0300 [stdout#info] Not connected to a wireless access point
2020-06-12T13:35:02-0300 [stdout#info] Not connected to a wireless access point
2020-06-12T13:35:02-0300 [stdout#info] Not connected to a wireless access point
2020-06-12T13:35:03-0300 [stdout#info] Not connected to a wireless access point
2020-06-12T13:35:03-0300 [stdout#info] Not connected to a wireless access point
2020-06-12T13:35:03-0300 [stdout#info] Not connected to a wireless access point
2020-06-12T13:35:03-0300 [stdout#info] Not connected to a wireless access point
2020-06-12T13:35:03-0300 [stdout#info] Not connected to a wireless access point
2020-06-12T13:35:03-0300 [stdout#info] Not connected to a wireless access point
2020-06-12T13:35:03-0300 [stdout#info] Not connected to a wireless access point
2020-06-12T13:35:03-0300 [stdout#info] Not connected to a wireless access point
2020-06-12T13:35:03-0300 [stdout#info] Not connected to a wireless access point
2020-06-12T13:35:03-0300 [stdout#info] Not connected to a wireless access point
2020-06-12T13:35:04-0300 [stdout#info] Not connected to a wireless access point
2020-06-12T13:35:04-0300 [stdout#info] Not connected to a wireless access point
2020-06-12T13:35:04-0300 [stdout#info] Not connected to a wireless access point
2020-06-12T13:35:04-0300 [stdout#info] Not connected to a wireless access point
2020-06-12T13:35:04-0300 [stdout#info] Not connected to a wireless access point
2020-06-12T13:35:04-0300 [stdout#info] Not connected to a wireless access point
2020-06-12T13:35:04-0300 [stdout#info] Not connected to a wireless access point
2020-06-12T13:35:04-0300 [stdout#info] Not connected to a wireless access point
2020-06-12T13:35:04-0300 [stdout#info] Not connected to a wireless access point
2020-06-12T13:35:04-0300 [stdout#info] Not connected to a wireless access point
2020-06-12T13:35:05-0300 [stdout#info] Not connected to a wireless access point
2020-06-12T13:35:05-0300 [stdout#info] Not connected to a wireless access point
2020-06-12T13:35:05-0300 [stdout#info] Not connected to a wireless access point
2020-06-12T13:35:05-0300 [stdout#info] Not connected to a wireless access point
2020-06-12T13:35:05-0300 [stdout#info] Not connected to a wireless access point
2020-06-12T13:35:05-0300 [stdout#info] Not connected to a wireless access point
2020-06-12T13:35:05-0300 [stdout#info] Not connected to a wireless access point
2020-06-12T13:35:05-0300 [stdout#info] Not connected to a wireless access point
2020-06-12T13:35:05-0300 [stdout#info] Not connected to a wireless access point
2020-06-12T13:35:05-0300 [stdout#info] Not connected to a wireless access point
2020-06-12T13:35:06-0300 [stdout#info] Not connected to a wireless access point
2020-06-12T13:35:06-0300 [stdout#info] Not connected to a wireless access point
2020-06-12T13:35:06-0300 [stdout#info] Not connected to a wireless access point
2020-06-12T13:35:06-0300 [stdout#info] Not connected to a wireless access point
2020-06-12T13:35:06-0300 [stdout#info] Not connected to a wireless access point
2020-06-12T13:35:06-0300 [stdout#info] Not connected to a wireless access point
2020-06-12T13:35:06-0300 [stdout#info] Not connected to a wireless access point
2020-06-12T13:35:06-0300 [stdout#info] Not connected to a wireless access point
2020-06-12T13:35:06-0300 [stdout#info] Not connected to a wireless access point
2020-06-12T13:35:06-0300 [stdout#info] Not connected to a wireless access point
2020-06-12T13:35:07-0300 [stdout#info] Not connected to a wireless access point
2020-06-12T13:35:07-0300 [stdout#info] Not connected to a wireless access point
2020-06-12T13:35:07-0300 [stdout#info] Not connected to a wireless access point
2020-06-12T13:35:07-0300 [stdout#info] Not connected to a wireless access point
2020-06-12T13:35:07-0300 [stdout#info] Not connected to a wireless access point
2020-06-12T13:35:07-0300 [stdout#info] Not connected to a wireless access point
2020-06-12T13:35:07-0300 [stdout#info] Not connected to a wireless access point
2020-06-12T13:35:07-0300 [stdout#info] Not connected to a wireless access point
2020-06-12T13:35:07-0300 [stdout#info] Not connected to a wireless access point
2020-06-12T13:35:07-0300 [stdout#info] Not connected to a wireless access point
2020-06-12T13:35:08-0300 [stdout#info] Not connected to a wireless access point
2020-06-12T13:35:08-0300 [stdout#info] Not connected to a wireless access point
2020-06-12T13:35:08-0300 [stdout#info] Not connected to a wireless access point
2020-06-12T13:35:08-0300 [stdout#info] Not connected to a wireless access point
2020-06-12T13:35:08-0300 [stdout#info] Not connected to a wireless access point
2020-06-12T13:35:08-0300 [stdout#info] Not connected to a wireless access point
2020-06-12T13:35:08-0300 [stdout#info] Not connected to a wireless access point
2020-06-12T13:35:08-0300 [stdout#info] Not connected to a wireless access point
2020-06-12T13:35:08-0300 [stdout#info] Not connected to a wireless access point
2020-06-12T13:35:08-0300 [-] Received SIGINT, shutting down.
2020-06-12T13:35:08-0300 [applications.routerapp.RouterFactory] (TCP Port 8081 Closed)
2020-06-12T13:35:08-0300 [applications.httpapp.HttpServerAppFactory] (TCP Port 8080 Closed)
2020-06-12T13:35:08-0300 [-] Main loop terminated.
