2020-06-12T13:10:50-0300 [-] Creating router ...
2020-06-12T13:10:50-0300 [-] Initializing Router - Number of events: 1
2020-06-12T13:10:50-0300 [-] RouterFactory starting on 8081
2020-06-12T13:10:50-0300 [-] Creating AccessPoint station ...
2020-06-12T13:10:50-0300 [-] Initializing Access Point - Number of events: 2
2020-06-12T13:10:51-0300 [-] There is no wifi devices in this simulation or it is not in this wifi signal coverage area.
2020-06-12T13:10:51-0300 [-] Initializing sensor node - Number of events: 3
2020-06-12T13:10:51-0300 [stdout#info] Not connected to a wireless access point
2020-06-12T13:10:51-0300 [-] Initializing Server - Number of events: 4
2020-06-12T13:10:52-0300 [-] HttpServerAppFactory starting on 8080
2020-06-12T13:10:52-0300 [stdout#info] Not connected to a wireless access point
2020-06-12T13:10:52-0300 [stdout#info] This divice have no simulation core instance
2020-06-12T13:10:52-0300 [stdout#info] This divice have no simulation core instance
2020-06-12T13:10:52-0300 [stdout#info] Not connected to a wireless access point
2020-06-12T13:10:52-0300 [stdout#info] Not connected to a wireless access point
2020-06-12T13:10:52-0300 [stdout#info] Not connected to a wireless access point
2020-06-12T13:10:52-0300 [stdout#info] Not connected to a wireless access point
2020-06-12T13:10:52-0300 [stdout#info] Not connected to a wireless access point
2020-06-12T13:10:53-0300 [stdout#info] Not connected to a wireless access point
2020-06-12T13:10:53-0300 [stdout#info] Not connected to a wireless access point
2020-06-12T13:10:53-0300 [stdout#info] Not connected to a wireless access point
2020-06-12T13:10:53-0300 [stdout#info] Not connected to a wireless access point
2020-06-12T13:10:53-0300 [stdout#info] Not connected to a wireless access point
2020-06-12T13:10:53-0300 [stdout#info] Not connected to a wireless access point
2020-06-12T13:10:53-0300 [stdout#info] Not connected to a wireless access point
2020-06-12T13:10:53-0300 [stdout#info] Not connected to a wireless access point
2020-06-12T13:10:53-0300 [stdout#info] Not connected to a wireless access point
2020-06-12T13:10:53-0300 [stdout#info] Not connected to a wireless access point
2020-06-12T13:10:54-0300 [stdout#info] Not connected to a wireless access point
2020-06-12T13:10:54-0300 [stdout#info] Not connected to a wireless access point
2020-06-12T13:10:54-0300 [stdout#info] Not connected to a wireless access point
2020-06-12T13:10:54-0300 [stdout#info] Not connected to a wireless access point
2020-06-12T13:10:54-0300 [stdout#info] Not connected to a wireless access point
2020-06-12T13:10:54-0300 [stdout#info] Not connected to a wireless access point
2020-06-12T13:10:54-0300 [stdout#info] Not connected to a wireless access point
2020-06-12T13:10:54-0300 [stdout#info] Not connected to a wireless access point
2020-06-12T13:10:54-0300 [stdout#info] Not connected to a wireless access point
2020-06-12T13:10:54-0300 [stdout#info] Not connected to a wireless access point
2020-06-12T13:10:55-0300 [stdout#info] Not connected to a wireless access point
2020-06-12T13:10:55-0300 [stdout#info] Not connected to a wireless access point
2020-06-12T13:10:55-0300 [stdout#info] Not connected to a wireless access point
2020-06-12T13:10:55-0300 [stdout#info] Not connected to a wireless access point
2020-06-12T13:10:55-0300 [stdout#info] Not connected to a wireless access point
2020-06-12T13:10:55-0300 [stdout#info] Not connected to a wireless access point
2020-06-12T13:10:55-0300 [stdout#info] Not connected to a wireless access point
2020-06-12T13:10:55-0300 [stdout#info] Not connected to a wireless access point
2020-06-12T13:10:55-0300 [stdout#info] Not connected to a wireless access point
2020-06-12T13:10:55-0300 [stdout#info] Not connected to a wireless access point
2020-06-12T13:10:56-0300 [stdout#info] Not connected to a wireless access point
2020-06-12T13:10:56-0300 [stdout#info] Not connected to a wireless access point
2020-06-12T13:10:56-0300 [stdout#info] Not connected to a wireless access point
2020-06-12T13:10:56-0300 [stdout#info] Not connected to a wireless access point
2020-06-12T13:10:56-0300 [stdout#info] Not connected to a wireless access point
2020-06-12T13:10:56-0300 [stdout#info] Not connected to a wireless access point
2020-06-12T13:10:56-0300 [stdout#info] Not connected to a wireless access point
2020-06-12T13:10:56-0300 [stdout#info] Not connected to a wireless access point
2020-06-12T13:10:56-0300 [stdout#info] Not connected to a wireless access point
2020-06-12T13:10:56-0300 [stdout#info] Not connected to a wireless access point
2020-06-12T13:10:57-0300 [stdout#info] Not connected to a wireless access point
2020-06-12T13:10:57-0300 [stdout#info] Not connected to a wireless access point
2020-06-12T13:10:57-0300 [stdout#info] Not connected to a wireless access point
2020-06-12T13:10:57-0300 [stdout#info] Not connected to a wireless access point
2020-06-12T13:10:57-0300 [stdout#info] Not connected to a wireless access point
2020-06-12T13:10:57-0300 [stdout#info] Not connected to a wireless access point
2020-06-12T13:10:57-0300 [stdout#info] Not connected to a wireless access point
2020-06-12T13:10:57-0300 [stdout#info] Not connected to a wireless access point
2020-06-12T13:10:57-0300 [stdout#info] Not connected to a wireless access point
2020-06-12T13:10:57-0300 [stdout#info] Not connected to a wireless access point
2020-06-12T13:10:58-0300 [stdout#info] Not connected to a wireless access point
2020-06-12T13:10:58-0300 [stdout#info] Not connected to a wireless access point
2020-06-12T13:10:58-0300 [stdout#info] Not connected to a wireless access point
2020-06-12T13:10:58-0300 [stdout#info] Not connected to a wireless access point
2020-06-12T13:10:58-0300 [stdout#info] Not connected to a wireless access point
2020-06-12T13:10:58-0300 [stdout#info] Not connected to a wireless access point
2020-06-12T13:10:58-0300 [stdout#info] Not connected to a wireless access point
2020-06-12T13:10:58-0300 [stdout#info] Not connected to a wireless access point
2020-06-12T13:10:58-0300 [stdout#info] Not connected to a wireless access point
2020-06-12T13:10:58-0300 [stdout#info] Not connected to a wireless access point
2020-06-12T13:10:59-0300 [stdout#info] Not connected to a wireless access point
2020-06-12T13:10:59-0300 [stdout#info] Not connected to a wireless access point
2020-06-12T13:10:59-0300 [stdout#info] Not connected to a wireless access point
2020-06-12T13:10:59-0300 [stdout#info] Not connected to a wireless access point
2020-06-12T13:10:59-0300 [stdout#info] Not connected to a wireless access point
2020-06-12T13:10:59-0300 [stdout#info] Not connected to a wireless access point
2020-06-12T13:10:59-0300 [stdout#info] Not connected to a wireless access point
2020-06-12T13:10:59-0300 [stdout#info] Not connected to a wireless access point
2020-06-12T13:10:59-0300 [stdout#info] Not connected to a wireless access point
2020-06-12T13:10:59-0300 [stdout#info] Not connected to a wireless access point
2020-06-12T13:11:00-0300 [stdout#info] Not connected to a wireless access point
2020-06-12T13:11:00-0300 [stdout#info] Not connected to a wireless access point
2020-06-12T13:11:00-0300 [stdout#info] Not connected to a wireless access point
2020-06-12T13:11:00-0300 [stdout#info] Not connected to a wireless access point
2020-06-12T13:11:00-0300 [stdout#info] Not connected to a wireless access point
2020-06-12T13:11:00-0300 [stdout#info] Not connected to a wireless access point
2020-06-12T13:11:00-0300 [stdout#info] Not connected to a wireless access point
2020-06-12T13:11:00-0300 [stdout#info] Not connected to a wireless access point
2020-06-12T13:11:00-0300 [stdout#info] Not connected to a wireless access point
2020-06-12T13:11:00-0300 [stdout#info] Not connected to a wireless access point
2020-06-12T13:11:01-0300 [stdout#info] Not connected to a wireless access point
2020-06-12T13:11:01-0300 [stdout#info] Not connected to a wireless access point
2020-06-12T13:11:01-0300 [stdout#info] Not connected to a wireless access point
2020-06-12T13:11:01-0300 [stdout#info] Not connected to a wireless access point
2020-06-12T13:11:01-0300 [stdout#info] Not connected to a wireless access point
2020-06-12T13:11:01-0300 [stdout#info] Not connected to a wireless access point
2020-06-12T13:11:01-0300 [stdout#info] Not connected to a wireless access point
2020-06-12T13:11:01-0300 [stdout#info] Not connected to a wireless access point
2020-06-12T13:11:01-0300 [stdout#info] Not connected to a wireless access point
2020-06-12T13:11:01-0300 [stdout#info] Not connected to a wireless access point
2020-06-12T13:11:02-0300 [stdout#info] Not connected to a wireless access point
2020-06-12T13:11:02-0300 [stdout#info] Not connected to a wireless access point
2020-06-12T13:11:02-0300 [stdout#info] Not connected to a wireless access point
2020-06-12T13:11:02-0300 [stdout#info] Not connected to a wireless access point
2020-06-12T13:11:02-0300 [stdout#info] Not connected to a wireless access point
2020-06-12T13:11:02-0300 [stdout#info] Not connected to a wireless access point
2020-06-12T13:11:02-0300 [stdout#info] Not connected to a wireless access point
2020-06-12T13:11:02-0300 [stdout#info] Not connected to a wireless access point
2020-06-12T13:11:02-0300 [stdout#info] Not connected to a wireless access point
2020-06-12T13:11:02-0300 [stdout#info] Not connected to a wireless access point
2020-06-12T13:11:03-0300 [stdout#info] Not connected to a wireless access point
2020-06-12T13:11:03-0300 [stdout#info] Not connected to a wireless access point
2020-06-12T13:11:03-0300 [stdout#info] Not connected to a wireless access point
2020-06-12T13:11:03-0300 [stdout#info] Not connected to a wireless access point
2020-06-12T13:11:03-0300 [stdout#info] Not connected to a wireless access point
2020-06-12T13:11:03-0300 [stdout#info] Not connected to a wireless access point
2020-06-12T13:11:03-0300 [stdout#info] Not connected to a wireless access point
2020-06-12T13:11:03-0300 [stdout#info] Not connected to a wireless access point
2020-06-12T13:11:03-0300 [stdout#info] Not connected to a wireless access point
2020-06-12T13:11:03-0300 [stdout#info] Not connected to a wireless access point
2020-06-12T13:11:04-0300 [stdout#info] Not connected to a wireless access point
2020-06-12T13:11:04-0300 [stdout#info] Not connected to a wireless access point
2020-06-12T13:11:04-0300 [stdout#info] Not connected to a wireless access point
2020-06-12T13:11:04-0300 [stdout#info] Not connected to a wireless access point
2020-06-12T13:11:04-0300 [stdout#info] Not connected to a wireless access point
2020-06-12T13:11:04-0300 [stdout#info] Not connected to a wireless access point
2020-06-12T13:11:04-0300 [stdout#info] Not connected to a wireless access point
2020-06-12T13:11:04-0300 [stdout#info] Not connected to a wireless access point
2020-06-12T13:11:04-0300 [stdout#info] Not connected to a wireless access point
2020-06-12T13:11:04-0300 [stdout#info] Not connected to a wireless access point
2020-06-12T13:11:05-0300 [stdout#info] Not connected to a wireless access point
2020-06-12T13:11:05-0300 [stdout#info] Not connected to a wireless access point
2020-06-12T13:11:05-0300 [stdout#info] Not connected to a wireless access point
2020-06-12T13:11:05-0300 [stdout#info] Not connected to a wireless access point
2020-06-12T13:11:05-0300 [stdout#info] Not connected to a wireless access point
2020-06-12T13:11:05-0300 [stdout#info] Not connected to a wireless access point
2020-06-12T13:11:05-0300 [stdout#info] Not connected to a wireless access point
2020-06-12T13:11:05-0300 [stdout#info] Not connected to a wireless access point
2020-06-12T13:11:05-0300 [stdout#info] Not connected to a wireless access point
2020-06-12T13:11:05-0300 [stdout#info] Not connected to a wireless access point
2020-06-12T13:11:06-0300 [stdout#info] Not connected to a wireless access point
2020-06-12T13:11:06-0300 [stdout#info] Not connected to a wireless access point
2020-06-12T13:11:06-0300 [stdout#info] Not connected to a wireless access point
2020-06-12T13:11:06-0300 [stdout#info] Not connected to a wireless access point
2020-06-12T13:11:06-0300 [stdout#info] Not connected to a wireless access point
2020-06-12T13:11:06-0300 [stdout#info] Not connected to a wireless access point
2020-06-12T13:11:06-0300 [stdout#info] Not connected to a wireless access point
2020-06-12T13:11:06-0300 [stdout#info] Not connected to a wireless access point
2020-06-12T13:11:06-0300 [stdout#info] Not connected to a wireless access point
2020-06-12T13:11:06-0300 [stdout#info] Not connected to a wireless access point
2020-06-12T13:11:07-0300 [stdout#info] Not connected to a wireless access point
2020-06-12T13:11:07-0300 [stdout#info] Not connected to a wireless access point
2020-06-12T13:11:07-0300 [stdout#info] Not connected to a wireless access point
2020-06-12T13:11:07-0300 [stdout#info] Not connected to a wireless access point
2020-06-12T13:11:07-0300 [stdout#info] Not connected to a wireless access point
2020-06-12T13:11:07-0300 [stdout#info] Not connected to a wireless access point
2020-06-12T13:11:07-0300 [stdout#info] Not connected to a wireless access point
2020-06-12T13:11:07-0300 [stdout#info] Not connected to a wireless access point
2020-06-12T13:11:07-0300 [stdout#info] Not connected to a wireless access point
2020-06-12T13:11:07-0300 [stdout#info] Not connected to a wireless access point
2020-06-12T13:11:08-0300 [stdout#info] Not connected to a wireless access point
2020-06-12T13:11:08-0300 [stdout#info] Not connected to a wireless access point
2020-06-12T13:11:08-0300 [stdout#info] Not connected to a wireless access point
2020-06-12T13:11:08-0300 [stdout#info] Not connected to a wireless access point
2020-06-12T13:11:08-0300 [stdout#info] Not connected to a wireless access point
2020-06-12T13:11:08-0300 [stdout#info] Not connected to a wireless access point
2020-06-12T13:11:08-0300 [stdout#info] Not connected to a wireless access point
2020-06-12T13:11:08-0300 [stdout#info] Not connected to a wireless access point
2020-06-12T13:11:08-0300 [stdout#info] Not connected to a wireless access point
2020-06-12T13:11:08-0300 [stdout#info] Not connected to a wireless access point
2020-06-12T13:11:09-0300 [stdout#info] Not connected to a wireless access point
2020-06-12T13:11:09-0300 [stdout#info] Not connected to a wireless access point
2020-06-12T13:11:09-0300 [stdout#info] Not connected to a wireless access point
2020-06-12T13:11:09-0300 [stdout#info] Not connected to a wireless access point
2020-06-12T13:11:09-0300 [stdout#info] Not connected to a wireless access point
2020-06-12T13:11:09-0300 [stdout#info] Not connected to a wireless access point
2020-06-12T13:11:09-0300 [stdout#info] Not connected to a wireless access point
2020-06-12T13:11:09-0300 [stdout#info] Not connected to a wireless access point
2020-06-12T13:11:09-0300 [stdout#info] Not connected to a wireless access point
2020-06-12T13:11:09-0300 [stdout#info] Not connected to a wireless access point
2020-06-12T13:11:10-0300 [stdout#info] Not connected to a wireless access point
2020-06-12T13:11:10-0300 [stdout#info] Not connected to a wireless access point
2020-06-12T13:11:10-0300 [stdout#info] Not connected to a wireless access point
2020-06-12T13:11:10-0300 [stdout#info] Not connected to a wireless access point
2020-06-12T13:11:10-0300 [stdout#info] Not connected to a wireless access point
2020-06-12T13:11:10-0300 [stdout#info] Not connected to a wireless access point
2020-06-12T13:11:10-0300 [stdout#info] Not connected to a wireless access point
2020-06-12T13:11:10-0300 [stdout#info] Not connected to a wireless access point
2020-06-12T13:11:10-0300 [stdout#info] Not connected to a wireless access point
2020-06-12T13:11:10-0300 [stdout#info] Not connected to a wireless access point
2020-06-12T13:11:11-0300 [stdout#info] Not connected to a wireless access point
2020-06-12T13:11:11-0300 [stdout#info] Not connected to a wireless access point
2020-06-12T13:11:11-0300 [stdout#info] Not connected to a wireless access point
2020-06-12T13:11:11-0300 [stdout#info] Not connected to a wireless access point
2020-06-12T13:11:11-0300 [stdout#info] Not connected to a wireless access point
2020-06-12T13:11:11-0300 [stdout#info] Not connected to a wireless access point
2020-06-12T13:11:11-0300 [stdout#info] Not connected to a wireless access point
2020-06-12T13:11:11-0300 [stdout#info] Not connected to a wireless access point
2020-06-12T13:11:11-0300 [stdout#info] Not connected to a wireless access point
2020-06-12T13:11:11-0300 [stdout#info] Not connected to a wireless access point
2020-06-12T13:11:12-0300 [stdout#info] Not connected to a wireless access point
2020-06-12T13:11:12-0300 [stdout#info] Not connected to a wireless access point
2020-06-12T13:11:12-0300 [stdout#info] Not connected to a wireless access point
2020-06-12T13:11:12-0300 [stdout#info] Not connected to a wireless access point
2020-06-12T13:11:12-0300 [stdout#info] Not connected to a wireless access point
2020-06-12T13:11:12-0300 [stdout#info] Not connected to a wireless access point
2020-06-12T13:11:12-0300 [stdout#info] Not connected to a wireless access point
2020-06-12T13:11:12-0300 [stdout#info] Not connected to a wireless access point
2020-06-12T13:11:12-0300 [stdout#info] Not connected to a wireless access point
2020-06-12T13:11:12-0300 [stdout#info] Not connected to a wireless access point
2020-06-12T13:11:13-0300 [stdout#info] Not connected to a wireless access point
2020-06-12T13:11:13-0300 [stdout#info] Not connected to a wireless access point
2020-06-12T13:11:13-0300 [stdout#info] Not connected to a wireless access point
2020-06-12T13:11:13-0300 [stdout#info] Not connected to a wireless access point
2020-06-12T13:11:13-0300 [stdout#info] Not connected to a wireless access point
2020-06-12T13:11:13-0300 [stdout#info] Not connected to a wireless access point
2020-06-12T13:11:13-0300 [stdout#info] Not connected to a wireless access point
2020-06-12T13:11:13-0300 [stdout#info] Not connected to a wireless access point
2020-06-12T13:11:13-0300 [stdout#info] Not connected to a wireless access point
2020-06-12T13:11:13-0300 [stdout#info] Not connected to a wireless access point
2020-06-12T13:11:14-0300 [stdout#info] Not connected to a wireless access point
2020-06-12T13:11:14-0300 [stdout#info] Not connected to a wireless access point
2020-06-12T13:11:14-0300 [stdout#info] Not connected to a wireless access point
2020-06-12T13:11:14-0300 [stdout#info] Not connected to a wireless access point
2020-06-12T13:11:14-0300 [stdout#info] Not connected to a wireless access point
2020-06-12T13:11:14-0300 [stdout#info] Not connected to a wireless access point
2020-06-12T13:11:14-0300 [stdout#info] Not connected to a wireless access point
2020-06-12T13:11:14-0300 [stdout#info] Not connected to a wireless access point
2020-06-12T13:11:14-0300 [stdout#info] Not connected to a wireless access point
2020-06-12T13:11:14-0300 [stdout#info] Not connected to a wireless access point
2020-06-12T13:11:15-0300 [stdout#info] Not connected to a wireless access point
2020-06-12T13:11:15-0300 [stdout#info] Not connected to a wireless access point
2020-06-12T13:11:15-0300 [stdout#info] Not connected to a wireless access point
2020-06-12T13:11:15-0300 [stdout#info] Not connected to a wireless access point
2020-06-12T13:11:15-0300 [stdout#info] Not connected to a wireless access point
2020-06-12T13:11:15-0300 [stdout#info] Not connected to a wireless access point
2020-06-12T13:11:15-0300 [stdout#info] Not connected to a wireless access point
2020-06-12T13:11:15-0300 [stdout#info] Not connected to a wireless access point
2020-06-12T13:11:15-0300 [stdout#info] Not connected to a wireless access point
2020-06-12T13:11:15-0300 [stdout#info] Not connected to a wireless access point
2020-06-12T13:11:16-0300 [stdout#info] Not connected to a wireless access point
2020-06-12T13:11:16-0300 [stdout#info] Not connected to a wireless access point
2020-06-12T13:11:16-0300 [stdout#info] Not connected to a wireless access point
2020-06-12T13:11:16-0300 [stdout#info] Not connected to a wireless access point
2020-06-12T13:11:16-0300 [stdout#info] Not connected to a wireless access point
2020-06-12T13:11:16-0300 [stdout#info] Not connected to a wireless access point
2020-06-12T13:11:16-0300 [stdout#info] Not connected to a wireless access point
2020-06-12T13:11:16-0300 [stdout#info] Not connected to a wireless access point
2020-06-12T13:11:16-0300 [stdout#info] Not connected to a wireless access point
2020-06-12T13:11:16-0300 [stdout#info] Not connected to a wireless access point
2020-06-12T13:11:17-0300 [stdout#info] Not connected to a wireless access point
2020-06-12T13:11:17-0300 [stdout#info] Not connected to a wireless access point
2020-06-12T13:11:17-0300 [stdout#info] Not connected to a wireless access point
2020-06-12T13:11:17-0300 [stdout#info] Not connected to a wireless access point
2020-06-12T13:11:17-0300 [stdout#info] Not connected to a wireless access point
2020-06-12T13:11:17-0300 [stdout#info] Not connected to a wireless access point
2020-06-12T13:11:17-0300 [stdout#info] Not connected to a wireless access point
2020-06-12T13:11:17-0300 [stdout#info] Not connected to a wireless access point
2020-06-12T13:11:17-0300 [stdout#info] Not connected to a wireless access point
2020-06-12T13:11:17-0300 [stdout#info] Not connected to a wireless access point
2020-06-12T13:11:18-0300 [stdout#info] Not connected to a wireless access point
2020-06-12T13:11:18-0300 [stdout#info] Not connected to a wireless access point
2020-06-12T13:11:18-0300 [stdout#info] Not connected to a wireless access point
2020-06-12T13:11:18-0300 [stdout#info] Not connected to a wireless access point
2020-06-12T13:11:18-0300 [stdout#info] Not connected to a wireless access point
2020-06-12T13:11:18-0300 [stdout#info] Not connected to a wireless access point
2020-06-12T13:11:18-0300 [stdout#info] Not connected to a wireless access point
2020-06-12T13:11:18-0300 [stdout#info] Not connected to a wireless access point
2020-06-12T13:11:18-0300 [stdout#info] Not connected to a wireless access point
2020-06-12T13:11:18-0300 [stdout#info] Not connected to a wireless access point
2020-06-12T13:11:19-0300 [stdout#info] Not connected to a wireless access point
2020-06-12T13:11:19-0300 [stdout#info] Not connected to a wireless access point
2020-06-12T13:11:19-0300 [stdout#info] Not connected to a wireless access point
2020-06-12T13:11:19-0300 [stdout#info] Not connected to a wireless access point
2020-06-12T13:11:19-0300 [stdout#info] Not connected to a wireless access point
2020-06-12T13:11:19-0300 [stdout#info] Not connected to a wireless access point
2020-06-12T13:11:19-0300 [stdout#info] Not connected to a wireless access point
2020-06-12T13:11:19-0300 [stdout#info] Not connected to a wireless access point
2020-06-12T13:11:19-0300 [stdout#info] Not connected to a wireless access point
2020-06-12T13:11:19-0300 [stdout#info] Not connected to a wireless access point
2020-06-12T13:11:20-0300 [stdout#info] Not connected to a wireless access point
2020-06-12T13:11:20-0300 [stdout#info] Not connected to a wireless access point
2020-06-12T13:11:20-0300 [stdout#info] Not connected to a wireless access point
2020-06-12T13:11:20-0300 [stdout#info] Not connected to a wireless access point
2020-06-12T13:11:20-0300 [stdout#info] Not connected to a wireless access point
2020-06-12T13:11:20-0300 [stdout#info] Not connected to a wireless access point
2020-06-12T13:11:20-0300 [stdout#info] Not connected to a wireless access point
2020-06-12T13:11:20-0300 [stdout#info] Not connected to a wireless access point
2020-06-12T13:11:20-0300 [stdout#info] Not connected to a wireless access point
2020-06-12T13:11:20-0300 [stdout#info] Not connected to a wireless access point
2020-06-12T13:11:21-0300 [stdout#info] Not connected to a wireless access point
2020-06-12T13:11:21-0300 [stdout#info] Not connected to a wireless access point
2020-06-12T13:11:21-0300 [stdout#info] Not connected to a wireless access point
2020-06-12T13:11:21-0300 [stdout#info] Not connected to a wireless access point
2020-06-12T13:11:21-0300 [stdout#info] Not connected to a wireless access point
2020-06-12T13:11:21-0300 [stdout#info] Not connected to a wireless access point
2020-06-12T13:11:21-0300 [stdout#info] Not connected to a wireless access point
2020-06-12T13:11:21-0300 [stdout#info] Not connected to a wireless access point
2020-06-12T13:11:21-0300 [stdout#info] Not connected to a wireless access point
2020-06-12T13:11:21-0300 [stdout#info] Not connected to a wireless access point
2020-06-12T13:11:22-0300 [stdout#info] Not connected to a wireless access point
2020-06-12T13:11:22-0300 [stdout#info] Not connected to a wireless access point
2020-06-12T13:11:22-0300 [stdout#info] Not connected to a wireless access point
2020-06-12T13:11:22-0300 [stdout#info] Not connected to a wireless access point
2020-06-12T13:11:22-0300 [stdout#info] Not connected to a wireless access point
2020-06-12T13:11:22-0300 [stdout#info] Not connected to a wireless access point
2020-06-12T13:11:22-0300 [stdout#info] Not connected to a wireless access point
2020-06-12T13:11:22-0300 [stdout#info] Not connected to a wireless access point
2020-06-12T13:11:22-0300 [stdout#info] Not connected to a wireless access point
2020-06-12T13:11:22-0300 [stdout#info] Not connected to a wireless access point
2020-06-12T13:11:23-0300 [stdout#info] Not connected to a wireless access point
2020-06-12T13:11:23-0300 [stdout#info] Not connected to a wireless access point
2020-06-12T13:11:23-0300 [stdout#info] Not connected to a wireless access point
2020-06-12T13:11:23-0300 [stdout#info] Not connected to a wireless access point
2020-06-12T13:11:23-0300 [stdout#info] Not connected to a wireless access point
2020-06-12T13:11:23-0300 [stdout#info] Not connected to a wireless access point
2020-06-12T13:11:23-0300 [stdout#info] Not connected to a wireless access point
2020-06-12T13:11:23-0300 [stdout#info] Not connected to a wireless access point
2020-06-12T13:11:23-0300 [stdout#info] Not connected to a wireless access point
2020-06-12T13:11:23-0300 [stdout#info] Not connected to a wireless access point
2020-06-12T13:11:24-0300 [stdout#info] Not connected to a wireless access point
2020-06-12T13:11:24-0300 [stdout#info] Not connected to a wireless access point
2020-06-12T13:11:24-0300 [stdout#info] Not connected to a wireless access point
2020-06-12T13:11:24-0300 [stdout#info] Not connected to a wireless access point
2020-06-12T13:11:24-0300 [stdout#info] Not connected to a wireless access point
2020-06-12T13:11:24-0300 [stdout#info] Not connected to a wireless access point
2020-06-12T13:11:24-0300 [stdout#info] Not connected to a wireless access point
2020-06-12T13:11:24-0300 [stdout#info] Not connected to a wireless access point
2020-06-12T13:11:24-0300 [stdout#info] Not connected to a wireless access point
2020-06-12T13:11:24-0300 [stdout#info] Not connected to a wireless access point
2020-06-12T13:11:25-0300 [stdout#info] Not connected to a wireless access point
2020-06-12T13:11:25-0300 [stdout#info] Not connected to a wireless access point
2020-06-12T13:11:25-0300 [stdout#info] Not connected to a wireless access point
2020-06-12T13:11:25-0300 [stdout#info] Not connected to a wireless access point
2020-06-12T13:11:25-0300 [stdout#info] Not connected to a wireless access point
2020-06-12T13:11:25-0300 [stdout#info] Not connected to a wireless access point
2020-06-12T13:11:25-0300 [stdout#info] Not connected to a wireless access point
2020-06-12T13:11:25-0300 [stdout#info] Not connected to a wireless access point
2020-06-12T13:11:25-0300 [stdout#info] Not connected to a wireless access point
2020-06-12T13:11:25-0300 [stdout#info] Not connected to a wireless access point
2020-06-12T13:11:26-0300 [stdout#info] Not connected to a wireless access point
2020-06-12T13:11:26-0300 [stdout#info] Not connected to a wireless access point
2020-06-12T13:11:26-0300 [stdout#info] Not connected to a wireless access point
2020-06-12T13:11:26-0300 [stdout#info] Not connected to a wireless access point
2020-06-12T13:11:26-0300 [stdout#info] Not connected to a wireless access point
2020-06-12T13:11:26-0300 [stdout#info] Not connected to a wireless access point
2020-06-12T13:11:26-0300 [stdout#info] Not connected to a wireless access point
2020-06-12T13:11:26-0300 [stdout#info] Not connected to a wireless access point
2020-06-12T13:11:26-0300 [stdout#info] Not connected to a wireless access point
2020-06-12T13:11:26-0300 [stdout#info] Not connected to a wireless access point
2020-06-12T13:11:27-0300 [stdout#info] Not connected to a wireless access point
2020-06-12T13:11:27-0300 [stdout#info] Not connected to a wireless access point
2020-06-12T13:11:27-0300 [stdout#info] Not connected to a wireless access point
2020-06-12T13:11:27-0300 [stdout#info] Not connected to a wireless access point
2020-06-12T13:11:27-0300 [stdout#info] Not connected to a wireless access point
2020-06-12T13:11:27-0300 [stdout#info] Not connected to a wireless access point
2020-06-12T13:11:27-0300 [stdout#info] Not connected to a wireless access point
2020-06-12T13:11:27-0300 [stdout#info] Not connected to a wireless access point
2020-06-12T13:11:27-0300 [stdout#info] Not connected to a wireless access point
2020-06-12T13:11:27-0300 [stdout#info] Not connected to a wireless access point
2020-06-12T13:11:28-0300 [stdout#info] Not connected to a wireless access point
2020-06-12T13:11:28-0300 [stdout#info] Not connected to a wireless access point
2020-06-12T13:11:28-0300 [stdout#info] Not connected to a wireless access point
2020-06-12T13:11:28-0300 [stdout#info] Not connected to a wireless access point
2020-06-12T13:11:28-0300 [stdout#info] Not connected to a wireless access point
2020-06-12T13:11:28-0300 [stdout#info] Not connected to a wireless access point
2020-06-12T13:11:28-0300 [stdout#info] Not connected to a wireless access point
2020-06-12T13:11:28-0300 [stdout#info] Not connected to a wireless access point
2020-06-12T13:11:28-0300 [stdout#info] Not connected to a wireless access point
2020-06-12T13:11:28-0300 [stdout#info] Not connected to a wireless access point
2020-06-12T13:11:29-0300 [stdout#info] Not connected to a wireless access point
2020-06-12T13:11:29-0300 [stdout#info] Not connected to a wireless access point
2020-06-12T13:11:29-0300 [stdout#info] Not connected to a wireless access point
2020-06-12T13:11:29-0300 [stdout#info] Not connected to a wireless access point
2020-06-12T13:11:29-0300 [stdout#info] Not connected to a wireless access point
2020-06-12T13:11:29-0300 [stdout#info] Not connected to a wireless access point
2020-06-12T13:11:29-0300 [stdout#info] Not connected to a wireless access point
2020-06-12T13:11:29-0300 [stdout#info] Not connected to a wireless access point
2020-06-12T13:11:29-0300 [stdout#info] Not connected to a wireless access point
2020-06-12T13:11:29-0300 [stdout#info] Not connected to a wireless access point
2020-06-12T13:11:30-0300 [stdout#info] Not connected to a wireless access point
2020-06-12T13:11:30-0300 [stdout#info] Not connected to a wireless access point
2020-06-12T13:11:30-0300 [stdout#info] Not connected to a wireless access point
2020-06-12T13:11:30-0300 [stdout#info] Not connected to a wireless access point
2020-06-12T13:11:30-0300 [stdout#info] Not connected to a wireless access point
2020-06-12T13:11:30-0300 [stdout#info] Not connected to a wireless access point
2020-06-12T13:11:30-0300 [stdout#info] Not connected to a wireless access point
2020-06-12T13:11:30-0300 [stdout#info] Not connected to a wireless access point
2020-06-12T13:11:30-0300 [stdout#info] Not connected to a wireless access point
2020-06-12T13:11:30-0300 [stdout#info] Not connected to a wireless access point
2020-06-12T13:11:31-0300 [stdout#info] Not connected to a wireless access point
2020-06-12T13:11:31-0300 [stdout#info] Not connected to a wireless access point
2020-06-12T13:11:31-0300 [stdout#info] Not connected to a wireless access point
2020-06-12T13:11:31-0300 [stdout#info] Not connected to a wireless access point
2020-06-12T13:11:31-0300 [stdout#info] Not connected to a wireless access point
2020-06-12T13:11:31-0300 [stdout#info] Not connected to a wireless access point
2020-06-12T13:11:31-0300 [stdout#info] Not connected to a wireless access point
2020-06-12T13:11:31-0300 [stdout#info] Not connected to a wireless access point
2020-06-12T13:11:31-0300 [stdout#info] Not connected to a wireless access point
2020-06-12T13:11:31-0300 [stdout#info] Not connected to a wireless access point
2020-06-12T13:11:32-0300 [stdout#info] Not connected to a wireless access point
2020-06-12T13:11:32-0300 [stdout#info] Not connected to a wireless access point
2020-06-12T13:11:32-0300 [stdout#info] Not connected to a wireless access point
2020-06-12T13:11:32-0300 [stdout#info] Not connected to a wireless access point
2020-06-12T13:11:32-0300 [stdout#info] Not connected to a wireless access point
2020-06-12T13:11:32-0300 [stdout#info] Not connected to a wireless access point
2020-06-12T13:11:32-0300 [stdout#info] Not connected to a wireless access point
2020-06-12T13:11:32-0300 [stdout#info] Not connected to a wireless access point
2020-06-12T13:11:32-0300 [stdout#info] Not connected to a wireless access point
2020-06-12T13:11:32-0300 [stdout#info] Not connected to a wireless access point
2020-06-12T13:11:33-0300 [stdout#info] Not connected to a wireless access point
2020-06-12T13:11:33-0300 [stdout#info] Not connected to a wireless access point
2020-06-12T13:11:33-0300 [stdout#info] Not connected to a wireless access point
2020-06-12T13:11:33-0300 [stdout#info] Not connected to a wireless access point
2020-06-12T13:11:33-0300 [stdout#info] Not connected to a wireless access point
2020-06-12T13:11:33-0300 [stdout#info] Not connected to a wireless access point
2020-06-12T13:11:33-0300 [stdout#info] Not connected to a wireless access point
2020-06-12T13:11:33-0300 [stdout#info] Not connected to a wireless access point
2020-06-12T13:11:33-0300 [stdout#info] Not connected to a wireless access point
2020-06-12T13:11:33-0300 [stdout#info] Not connected to a wireless access point
2020-06-12T13:11:34-0300 [stdout#info] Not connected to a wireless access point
2020-06-12T13:11:34-0300 [stdout#info] Not connected to a wireless access point
2020-06-12T13:11:34-0300 [stdout#info] Not connected to a wireless access point
2020-06-12T13:11:34-0300 [stdout#info] Not connected to a wireless access point
2020-06-12T13:11:34-0300 [stdout#info] Not connected to a wireless access point
2020-06-12T13:11:34-0300 [stdout#info] Not connected to a wireless access point
2020-06-12T13:11:34-0300 [stdout#info] Not connected to a wireless access point
2020-06-12T13:11:34-0300 [stdout#info] Not connected to a wireless access point
2020-06-12T13:11:34-0300 [stdout#info] Not connected to a wireless access point
2020-06-12T13:11:34-0300 [stdout#info] Not connected to a wireless access point
2020-06-12T13:11:35-0300 [stdout#info] Not connected to a wireless access point
2020-06-12T13:11:35-0300 [stdout#info] Not connected to a wireless access point
2020-06-12T13:11:35-0300 [stdout#info] Not connected to a wireless access point
2020-06-12T13:11:35-0300 [stdout#info] Not connected to a wireless access point
2020-06-12T13:11:35-0300 [stdout#info] Not connected to a wireless access point
2020-06-12T13:11:35-0300 [stdout#info] Not connected to a wireless access point
2020-06-12T13:11:35-0300 [stdout#info] Not connected to a wireless access point
2020-06-12T13:11:35-0300 [stdout#info] Not connected to a wireless access point
2020-06-12T13:11:35-0300 [stdout#info] Not connected to a wireless access point
2020-06-12T13:11:35-0300 [stdout#info] Not connected to a wireless access point
2020-06-12T13:11:36-0300 [stdout#info] Not connected to a wireless access point
2020-06-12T13:11:36-0300 [stdout#info] Not connected to a wireless access point
2020-06-12T13:11:36-0300 [stdout#info] Not connected to a wireless access point
2020-06-12T13:11:36-0300 [stdout#info] Not connected to a wireless access point
2020-06-12T13:11:36-0300 [stdout#info] Not connected to a wireless access point
2020-06-12T13:11:36-0300 [stdout#info] Not connected to a wireless access point
2020-06-12T13:11:36-0300 [stdout#info] Not connected to a wireless access point
2020-06-12T13:11:36-0300 [stdout#info] Not connected to a wireless access point
2020-06-12T13:11:36-0300 [stdout#info] Not connected to a wireless access point
2020-06-12T13:11:36-0300 [stdout#info] Not connected to a wireless access point
2020-06-12T13:11:37-0300 [stdout#info] Not connected to a wireless access point
2020-06-12T13:11:37-0300 [stdout#info] Not connected to a wireless access point
2020-06-12T13:11:37-0300 [stdout#info] Not connected to a wireless access point
2020-06-12T13:11:37-0300 [stdout#info] Not connected to a wireless access point
2020-06-12T13:11:37-0300 [stdout#info] Not connected to a wireless access point
2020-06-12T13:11:37-0300 [stdout#info] Not connected to a wireless access point
2020-06-12T13:11:37-0300 [stdout#info] Not connected to a wireless access point
2020-06-12T13:11:37-0300 [stdout#info] Not connected to a wireless access point
2020-06-12T13:11:37-0300 [stdout#info] Not connected to a wireless access point
2020-06-12T13:11:37-0300 [stdout#info] Not connected to a wireless access point
2020-06-12T13:11:38-0300 [stdout#info] Not connected to a wireless access point
2020-06-12T13:11:38-0300 [stdout#info] Not connected to a wireless access point
2020-06-12T13:11:38-0300 [stdout#info] Not connected to a wireless access point
2020-06-12T13:11:38-0300 [stdout#info] Not connected to a wireless access point
2020-06-12T13:11:38-0300 [stdout#info] Not connected to a wireless access point
2020-06-12T13:11:38-0300 [stdout#info] Not connected to a wireless access point
2020-06-12T13:11:38-0300 [stdout#info] Not connected to a wireless access point
2020-06-12T13:11:38-0300 [stdout#info] Not connected to a wireless access point
2020-06-12T13:11:38-0300 [stdout#info] Not connected to a wireless access point
2020-06-12T13:11:38-0300 [stdout#info] Not connected to a wireless access point
2020-06-12T13:11:39-0300 [stdout#info] Not connected to a wireless access point
2020-06-12T13:11:39-0300 [stdout#info] Not connected to a wireless access point
2020-06-12T13:11:39-0300 [stdout#info] Not connected to a wireless access point
2020-06-12T13:11:39-0300 [stdout#info] Not connected to a wireless access point
2020-06-12T13:11:39-0300 [stdout#info] Not connected to a wireless access point
2020-06-12T13:11:39-0300 [stdout#info] Not connected to a wireless access point
2020-06-12T13:11:39-0300 [stdout#info] Not connected to a wireless access point
2020-06-12T13:11:39-0300 [stdout#info] Not connected to a wireless access point
2020-06-12T13:11:39-0300 [stdout#info] Not connected to a wireless access point
2020-06-12T13:11:39-0300 [stdout#info] Not connected to a wireless access point
2020-06-12T13:11:40-0300 [stdout#info] Not connected to a wireless access point
2020-06-12T13:11:40-0300 [stdout#info] Not connected to a wireless access point
2020-06-12T13:11:40-0300 [stdout#info] Not connected to a wireless access point
2020-06-12T13:11:40-0300 [stdout#info] Not connected to a wireless access point
2020-06-12T13:11:40-0300 [stdout#info] Not connected to a wireless access point
2020-06-12T13:11:40-0300 [stdout#info] Not connected to a wireless access point
2020-06-12T13:11:40-0300 [stdout#info] Not connected to a wireless access point
2020-06-12T13:11:40-0300 [stdout#info] Not connected to a wireless access point
2020-06-12T13:11:40-0300 [stdout#info] Not connected to a wireless access point
2020-06-12T13:11:40-0300 [stdout#info] Not connected to a wireless access point
2020-06-12T13:11:41-0300 [stdout#info] Not connected to a wireless access point
2020-06-12T13:11:41-0300 [stdout#info] Not connected to a wireless access point
2020-06-12T13:11:41-0300 [stdout#info] Not connected to a wireless access point
2020-06-12T13:11:41-0300 [stdout#info] Not connected to a wireless access point
2020-06-12T13:11:41-0300 [stdout#info] Not connected to a wireless access point
2020-06-12T13:11:41-0300 [stdout#info] Not connected to a wireless access point
2020-06-12T13:11:41-0300 [stdout#info] Not connected to a wireless access point
2020-06-12T13:11:41-0300 [stdout#info] Not connected to a wireless access point
2020-06-12T13:11:41-0300 [stdout#info] Not connected to a wireless access point
2020-06-12T13:11:41-0300 [stdout#info] Not connected to a wireless access point
2020-06-12T13:11:42-0300 [stdout#info] Not connected to a wireless access point
2020-06-12T13:11:42-0300 [stdout#info] Not connected to a wireless access point
2020-06-12T13:11:42-0300 [stdout#info] Not connected to a wireless access point
2020-06-12T13:11:42-0300 [stdout#info] Not connected to a wireless access point
2020-06-12T13:11:42-0300 [stdout#info] Not connected to a wireless access point
2020-06-12T13:11:42-0300 [stdout#info] Not connected to a wireless access point
2020-06-12T13:11:42-0300 [stdout#info] Not connected to a wireless access point
2020-06-12T13:11:42-0300 [stdout#info] Not connected to a wireless access point
2020-06-12T13:11:42-0300 [stdout#info] Not connected to a wireless access point
2020-06-12T13:11:42-0300 [stdout#info] Not connected to a wireless access point
2020-06-12T13:11:43-0300 [stdout#info] Not connected to a wireless access point
2020-06-12T13:11:43-0300 [stdout#info] Not connected to a wireless access point
2020-06-12T13:11:43-0300 [stdout#info] Not connected to a wireless access point
2020-06-12T13:11:43-0300 [stdout#info] Not connected to a wireless access point
2020-06-12T13:11:43-0300 [stdout#info] Not connected to a wireless access point
2020-06-12T13:11:43-0300 [stdout#info] Not connected to a wireless access point
2020-06-12T13:11:43-0300 [stdout#info] Not connected to a wireless access point
2020-06-12T13:11:43-0300 [stdout#info] Not connected to a wireless access point
2020-06-12T13:11:43-0300 [stdout#info] Not connected to a wireless access point
2020-06-12T13:11:43-0300 [stdout#info] Not connected to a wireless access point
2020-06-12T13:11:44-0300 [stdout#info] Not connected to a wireless access point
2020-06-12T13:11:44-0300 [-] Received SIGINT, shutting down.
2020-06-12T13:11:44-0300 [stdout#info] Not connected to a wireless access point
2020-06-12T13:11:44-0300 [applications.routerapp.RouterFactory] (TCP Port 8081 Closed)
2020-06-12T13:11:44-0300 [applications.httpapp.HttpServerAppFactory] (TCP Port 8080 Closed)
2020-06-12T13:11:44-0300 [-] Main loop terminated.
