2020-06-07T11:35:37-0300 [-] Initializing Server - Number of events: 1
2020-06-07T11:35:37-0300 [-] HttpServerAppFactory starting on 8082
2020-06-07T11:35:37-0300 [-] Creating router ...
2020-06-07T11:35:37-0300 [-] Initializing Router - Number of events: 2
2020-06-07T11:35:38-0300 [-] RouterFactory starting on 8081
2020-06-07T11:35:38-0300 [-] Creating AccessPoint station ...
2020-06-07T11:35:38-0300 [-] Initializing Access Point - Number of events: 3
2020-06-07T11:35:39-0300 [stdout#info] sem entrada
2020-06-07T11:35:39-0300 [stdout#info] sem saida
2020-06-07T11:35:39-0300 [-] Initializing sensor node - Number of events: 4
2020-06-07T11:35:39-0300 [stdout#info] Not connected to a wireless access point
2020-06-07T11:35:39-0300 [stdout#info] Assossiated to : notebook 1
2020-06-07T11:35:39-0300 [stdout#info] This divice have no simulation core instance
2020-06-07T11:35:39-0300 [stdout#info] This divice have no simulation core instance
2020-06-07T11:35:40-0300 [stdout#info] {b'{"destiny_addr": "127.0.0.1", "destiny_port": 8080, "source_addr": "127.0.0.1", "source_port": 8888, "type": "http", "payload": "HTTP 1.0 / GET request"}'}
2020-06-07T11:35:40-0300 [stdout#info] <applications.accesspointapp.AccessPointAppProtocol object at 0x7f2ea3816390>
2020-06-07T11:35:40-0300 [stdout#info] set()
2020-06-07T11:35:40-0300 [stdout#info] sem saida
2020-06-07T11:35:41-0300 [stdout#info] sem entrada
2020-06-07T11:35:41-0300 [stdout#info] sem saida
2020-06-07T11:35:42-0300 [stdout#info] sem entrada
2020-06-07T11:35:42-0300 [stdout#info] sem saida
2020-06-07T11:35:43-0300 [stdout#info] sem entrada
2020-06-07T11:35:43-0300 [stdout#info] sem saida
2020-06-07T11:35:44-0300 [stdout#info] sem entrada
2020-06-07T11:35:44-0300 [stdout#info] sem saida
2020-06-07T11:35:45-0300 [stdout#info] sem entrada
2020-06-07T11:35:45-0300 [stdout#info] sem saida
2020-06-07T11:35:46-0300 [stdout#info] sem entrada
2020-06-07T11:35:46-0300 [stdout#info] sem saida
2020-06-07T11:35:47-0300 [stdout#info] sem entrada
2020-06-07T11:35:47-0300 [stdout#info] sem saida
2020-06-07T11:35:48-0300 [stdout#info] sem entrada
2020-06-07T11:35:48-0300 [stdout#info] sem saida
2020-06-07T11:35:49-0300 [stdout#info] sem entrada
2020-06-07T11:35:49-0300 [stdout#info] sem saida
2020-06-07T11:35:50-0300 [stdout#info] sem entrada
2020-06-07T11:35:50-0300 [stdout#info] sem saida
2020-06-07T11:35:51-0300 [stdout#info] sem entrada
2020-06-07T11:35:51-0300 [stdout#info] sem saida
2020-06-07T11:35:52-0300 [stdout#info] sem entrada
2020-06-07T11:35:52-0300 [stdout#info] sem saida
2020-06-07T11:35:53-0300 [stdout#info] sem entrada
2020-06-07T11:35:53-0300 [stdout#info] sem saida
2020-06-07T11:35:54-0300 [stdout#info] sem entrada
2020-06-07T11:35:54-0300 [stdout#info] sem saida
2020-06-07T11:35:55-0300 [stdout#info] sem entrada
2020-06-07T11:35:55-0300 [stdout#info] sem saida
2020-06-07T11:35:56-0300 [stdout#info] sem entrada
2020-06-07T11:35:56-0300 [stdout#info] sem saida
2020-06-07T11:35:57-0300 [stdout#info] sem entrada
2020-06-07T11:35:57-0300 [stdout#info] sem saida
2020-06-07T11:35:58-0300 [stdout#info] sem entrada
2020-06-07T11:35:58-0300 [stdout#info] sem saida
2020-06-07T11:35:59-0300 [stdout#info] sem entrada
2020-06-07T11:35:59-0300 [stdout#info] sem saida
2020-06-07T11:36:00-0300 [stdout#info] sem entrada
2020-06-07T11:36:00-0300 [stdout#info] sem saida
2020-06-07T11:36:01-0300 [stdout#info] sem entrada
2020-06-07T11:36:01-0300 [stdout#info] sem saida
2020-06-07T11:36:02-0300 [stdout#info] sem entrada
2020-06-07T11:36:02-0300 [stdout#info] sem saida
2020-06-07T11:36:03-0300 [stdout#info] sem entrada
2020-06-07T11:36:03-0300 [stdout#info] sem saida
2020-06-07T11:36:04-0300 [stdout#info] sem entrada
2020-06-07T11:36:04-0300 [stdout#info] sem saida
2020-06-07T11:36:05-0300 [stdout#info] sem entrada
2020-06-07T11:36:05-0300 [stdout#info] sem saida
2020-06-07T11:36:06-0300 [stdout#info] sem entrada
2020-06-07T11:36:06-0300 [stdout#info] sem saida
2020-06-07T11:36:07-0300 [stdout#info] sem entrada
2020-06-07T11:36:07-0300 [stdout#info] sem saida
2020-06-07T11:36:08-0300 [stdout#info] sem entrada
2020-06-07T11:36:08-0300 [stdout#info] sem saida
2020-06-07T11:36:09-0300 [stdout#info] sem entrada
2020-06-07T11:36:09-0300 [stdout#info] sem saida
2020-06-07T11:36:09-0300 [-] Received SIGINT, shutting down.
2020-06-07T11:36:09-0300 [applications.routerapp.RouterFactory] (TCP Port 8081 Closed)
2020-06-07T11:36:09-0300 [applications.httpapp.HttpServerAppFactory] (TCP Port 8082 Closed)
2020-06-07T11:36:09-0300 [-] Main loop terminated.
