2020-06-20T12:07:36-0300 [-] Creating router ...
2020-06-20T12:07:36-0300 [-] Initializing Router - Number of events: 1
2020-06-20T12:07:36-0300 [-] RouterFactory starting on 8081
2020-06-20T12:07:36-0300 [-] Creating AccessPoint station ...
2020-06-20T12:07:36-0300 [-] Initializing Access Point - Number of events: 2
2020-06-20T12:07:37-0300 [-] There is no wifi devices in this simulation or it is not in this wifi signal coverage area.
2020-06-20T12:07:37-0300 [-] Initializing sensor node - Number of events: 3
2020-06-20T12:07:37-0300 [stdout#info] Not connected to a wireless access point
2020-06-20T12:07:37-0300 [-] Initializing Server - Number of events: 4
2020-06-20T12:07:38-0300 [-] HttpServerAppFactory starting on 8080
2020-06-20T12:07:38-0300 [stdout#info] Not connected to a wireless access point
2020-06-20T12:07:38-0300 [stdout#info] This divice have no simulation core instance
2020-06-20T12:07:38-0300 [stdout#info] This divice have no simulation core instance
2020-06-20T12:07:38-0300 [stdout#info] Not connected to a wireless access point
2020-06-20T12:07:38-0300 [stdout#info] Not connected to a wireless access point
2020-06-20T12:07:38-0300 [stdout#info] Not connected to a wireless access point
2020-06-20T12:07:38-0300 [stdout#info] Not connected to a wireless access point
2020-06-20T12:07:38-0300 [stdout#info] Not connected to a wireless access point
2020-06-20T12:07:39-0300 [stdout#info] Not connected to a wireless access point
2020-06-20T12:07:39-0300 [stdout#info] Not connected to a wireless access point
2020-06-20T12:07:39-0300 [stdout#info] Not connected to a wireless access point
2020-06-20T12:07:39-0300 [stdout#info] Not connected to a wireless access point
2020-06-20T12:07:39-0300 [stdout#info] Not connected to a wireless access point
2020-06-20T12:07:39-0300 [stdout#info] Not connected to a wireless access point
2020-06-20T12:07:39-0300 [stdout#info] Not connected to a wireless access point
2020-06-20T12:07:39-0300 [stdout#info] Not connected to a wireless access point
2020-06-20T12:07:39-0300 [stdout#info] Not connected to a wireless access point
2020-06-20T12:07:39-0300 [stdout#info] Not connected to a wireless access point
2020-06-20T12:07:40-0300 [stdout#info] Not connected to a wireless access point
2020-06-20T12:07:40-0300 [stdout#info] Not connected to a wireless access point
2020-06-20T12:07:40-0300 [stdout#info] Not connected to a wireless access point
2020-06-20T12:07:40-0300 [stdout#info] Not connected to a wireless access point
2020-06-20T12:07:40-0300 [stdout#info] Not connected to a wireless access point
2020-06-20T12:07:40-0300 [stdout#info] Not connected to a wireless access point
2020-06-20T12:07:40-0300 [stdout#info] Not connected to a wireless access point
2020-06-20T12:07:40-0300 [stdout#info] Not connected to a wireless access point
2020-06-20T12:07:40-0300 [stdout#info] Not connected to a wireless access point
2020-06-20T12:07:40-0300 [stdout#info] Not connected to a wireless access point
2020-06-20T12:07:41-0300 [stdout#info] Not connected to a wireless access point
2020-06-20T12:07:41-0300 [stdout#info] Not connected to a wireless access point
2020-06-20T12:07:41-0300 [stdout#info] Not connected to a wireless access point
2020-06-20T12:07:41-0300 [stdout#info] Not connected to a wireless access point
2020-06-20T12:07:41-0300 [stdout#info] Not connected to a wireless access point
2020-06-20T12:07:41-0300 [stdout#info] Not connected to a wireless access point
2020-06-20T12:07:41-0300 [stdout#info] Not connected to a wireless access point
2020-06-20T12:07:41-0300 [stdout#info] Not connected to a wireless access point
2020-06-20T12:07:41-0300 [stdout#info] Not connected to a wireless access point
2020-06-20T12:07:41-0300 [stdout#info] Not connected to a wireless access point
2020-06-20T12:07:42-0300 [stdout#info] Not connected to a wireless access point
2020-06-20T12:07:42-0300 [stdout#info] Not connected to a wireless access point
2020-06-20T12:07:42-0300 [stdout#info] Not connected to a wireless access point
2020-06-20T12:07:42-0300 [stdout#info] Not connected to a wireless access point
2020-06-20T12:07:42-0300 [stdout#info] Not connected to a wireless access point
2020-06-20T12:07:42-0300 [stdout#info] Not connected to a wireless access point
2020-06-20T12:07:42-0300 [stdout#info] Not connected to a wireless access point
2020-06-20T12:07:42-0300 [stdout#info] Not connected to a wireless access point
2020-06-20T12:07:42-0300 [stdout#info] Not connected to a wireless access point
2020-06-20T12:07:42-0300 [stdout#info] Not connected to a wireless access point
2020-06-20T12:07:43-0300 [stdout#info] Not connected to a wireless access point
2020-06-20T12:07:43-0300 [stdout#info] Not connected to a wireless access point
2020-06-20T12:07:43-0300 [stdout#info] Not connected to a wireless access point
2020-06-20T12:07:43-0300 [stdout#info] Not connected to a wireless access point
2020-06-20T12:07:43-0300 [stdout#info] Not connected to a wireless access point
2020-06-20T12:07:43-0300 [stdout#info] Not connected to a wireless access point
2020-06-20T12:07:43-0300 [stdout#info] Not connected to a wireless access point
2020-06-20T12:07:43-0300 [stdout#info] Not connected to a wireless access point
2020-06-20T12:07:43-0300 [stdout#info] Not connected to a wireless access point
2020-06-20T12:07:43-0300 [stdout#info] Not connected to a wireless access point
2020-06-20T12:07:44-0300 [stdout#info] Not connected to a wireless access point
2020-06-20T12:07:44-0300 [stdout#info] Not connected to a wireless access point
2020-06-20T12:07:44-0300 [stdout#info] Not connected to a wireless access point
2020-06-20T12:07:44-0300 [stdout#info] Not connected to a wireless access point
2020-06-20T12:07:44-0300 [stdout#info] Not connected to a wireless access point
2020-06-20T12:07:44-0300 [stdout#info] Not connected to a wireless access point
2020-06-20T12:07:44-0300 [stdout#info] Not connected to a wireless access point
2020-06-20T12:07:44-0300 [stdout#info] Not connected to a wireless access point
2020-06-20T12:07:44-0300 [stdout#info] Not connected to a wireless access point
2020-06-20T12:07:44-0300 [stdout#info] Not connected to a wireless access point
2020-06-20T12:07:45-0300 [stdout#info] Not connected to a wireless access point
2020-06-20T12:07:45-0300 [stdout#info] Not connected to a wireless access point
2020-06-20T12:07:45-0300 [stdout#info] Not connected to a wireless access point
2020-06-20T12:07:45-0300 [stdout#info] Not connected to a wireless access point
2020-06-20T12:07:45-0300 [stdout#info] Not connected to a wireless access point
2020-06-20T12:07:45-0300 [stdout#info] Not connected to a wireless access point
2020-06-20T12:07:45-0300 [stdout#info] Not connected to a wireless access point
2020-06-20T12:07:45-0300 [stdout#info] Not connected to a wireless access point
2020-06-20T12:07:45-0300 [stdout#info] Not connected to a wireless access point
2020-06-20T12:07:45-0300 [stdout#info] Not connected to a wireless access point
2020-06-20T12:07:46-0300 [stdout#info] Not connected to a wireless access point
2020-06-20T12:07:46-0300 [stdout#info] Not connected to a wireless access point
2020-06-20T12:07:46-0300 [stdout#info] Not connected to a wireless access point
2020-06-20T12:07:46-0300 [stdout#info] Not connected to a wireless access point
2020-06-20T12:07:46-0300 [stdout#info] Not connected to a wireless access point
2020-06-20T12:07:46-0300 [stdout#info] Not connected to a wireless access point
2020-06-20T12:07:46-0300 [stdout#info] Not connected to a wireless access point
2020-06-20T12:07:46-0300 [stdout#info] Not connected to a wireless access point
2020-06-20T12:07:46-0300 [stdout#info] Not connected to a wireless access point
2020-06-20T12:07:46-0300 [stdout#info] Not connected to a wireless access point
2020-06-20T12:07:47-0300 [stdout#info] Not connected to a wireless access point
2020-06-20T12:07:47-0300 [stdout#info] Not connected to a wireless access point
2020-06-20T12:07:47-0300 [stdout#info] Not connected to a wireless access point
2020-06-20T12:07:47-0300 [stdout#info] Not connected to a wireless access point
2020-06-20T12:07:47-0300 [stdout#info] Not connected to a wireless access point
2020-06-20T12:07:47-0300 [stdout#info] Not connected to a wireless access point
2020-06-20T12:07:47-0300 [stdout#info] Not connected to a wireless access point
2020-06-20T12:07:47-0300 [stdout#info] Not connected to a wireless access point
2020-06-20T12:07:47-0300 [stdout#info] Not connected to a wireless access point
2020-06-20T12:07:47-0300 [stdout#info] Not connected to a wireless access point
2020-06-20T12:07:48-0300 [stdout#info] Not connected to a wireless access point
2020-06-20T12:07:48-0300 [stdout#info] Not connected to a wireless access point
2020-06-20T12:07:48-0300 [stdout#info] Not connected to a wireless access point
2020-06-20T12:07:48-0300 [stdout#info] Not connected to a wireless access point
2020-06-20T12:07:48-0300 [stdout#info] Not connected to a wireless access point
2020-06-20T12:07:48-0300 [stdout#info] Not connected to a wireless access point
2020-06-20T12:07:48-0300 [stdout#info] Not connected to a wireless access point
2020-06-20T12:07:48-0300 [stdout#info] Not connected to a wireless access point
2020-06-20T12:07:48-0300 [stdout#info] Not connected to a wireless access point
2020-06-20T12:07:48-0300 [stdout#info] Not connected to a wireless access point
2020-06-20T12:07:49-0300 [stdout#info] Not connected to a wireless access point
2020-06-20T12:07:49-0300 [stdout#info] Not connected to a wireless access point
2020-06-20T12:07:49-0300 [stdout#info] Not connected to a wireless access point
2020-06-20T12:07:49-0300 [stdout#info] Not connected to a wireless access point
2020-06-20T12:07:49-0300 [stdout#info] Not connected to a wireless access point
2020-06-20T12:07:49-0300 [stdout#info] Not connected to a wireless access point
2020-06-20T12:07:49-0300 [stdout#info] Not connected to a wireless access point
2020-06-20T12:07:49-0300 [stdout#info] Not connected to a wireless access point
2020-06-20T12:07:49-0300 [stdout#info] Not connected to a wireless access point
2020-06-20T12:07:49-0300 [stdout#info] Not connected to a wireless access point
2020-06-20T12:07:50-0300 [stdout#info] Not connected to a wireless access point
2020-06-20T12:07:50-0300 [stdout#info] Not connected to a wireless access point
2020-06-20T12:07:50-0300 [stdout#info] Not connected to a wireless access point
2020-06-20T12:07:50-0300 [stdout#info] Not connected to a wireless access point
2020-06-20T12:07:50-0300 [stdout#info] Not connected to a wireless access point
2020-06-20T12:07:50-0300 [stdout#info] Not connected to a wireless access point
2020-06-20T12:07:50-0300 [stdout#info] Not connected to a wireless access point
2020-06-20T12:07:50-0300 [stdout#info] Not connected to a wireless access point
2020-06-20T12:07:50-0300 [stdout#info] Not connected to a wireless access point
2020-06-20T12:07:50-0300 [stdout#info] Not connected to a wireless access point
2020-06-20T12:07:51-0300 [stdout#info] Not connected to a wireless access point
2020-06-20T12:07:51-0300 [stdout#info] Not connected to a wireless access point
2020-06-20T12:07:51-0300 [stdout#info] Not connected to a wireless access point
2020-06-20T12:07:51-0300 [stdout#info] Not connected to a wireless access point
2020-06-20T12:07:51-0300 [stdout#info] Not connected to a wireless access point
2020-06-20T12:07:51-0300 [stdout#info] Not connected to a wireless access point
2020-06-20T12:07:51-0300 [stdout#info] Not connected to a wireless access point
2020-06-20T12:07:51-0300 [stdout#info] Not connected to a wireless access point
2020-06-20T12:07:51-0300 [stdout#info] Not connected to a wireless access point
2020-06-20T12:07:51-0300 [stdout#info] Not connected to a wireless access point
2020-06-20T12:07:52-0300 [stdout#info] Not connected to a wireless access point
2020-06-20T12:07:52-0300 [stdout#info] Not connected to a wireless access point
2020-06-20T12:07:52-0300 [stdout#info] Not connected to a wireless access point
2020-06-20T12:07:52-0300 [stdout#info] Not connected to a wireless access point
2020-06-20T12:07:52-0300 [stdout#info] Not connected to a wireless access point
2020-06-20T12:07:52-0300 [stdout#info] Not connected to a wireless access point
2020-06-20T12:07:52-0300 [stdout#info] Not connected to a wireless access point
2020-06-20T12:07:52-0300 [stdout#info] Not connected to a wireless access point
2020-06-20T12:07:52-0300 [stdout#info] Not connected to a wireless access point
2020-06-20T12:07:52-0300 [stdout#info] Not connected to a wireless access point
2020-06-20T12:07:53-0300 [stdout#info] Not connected to a wireless access point
2020-06-20T12:07:53-0300 [stdout#info] Not connected to a wireless access point
2020-06-20T12:07:53-0300 [stdout#info] Not connected to a wireless access point
2020-06-20T12:07:53-0300 [stdout#info] Not connected to a wireless access point
2020-06-20T12:07:53-0300 [stdout#info] Not connected to a wireless access point
2020-06-20T12:07:53-0300 [stdout#info] Not connected to a wireless access point
2020-06-20T12:07:53-0300 [stdout#info] Not connected to a wireless access point
2020-06-20T12:07:53-0300 [stdout#info] Not connected to a wireless access point
2020-06-20T12:07:53-0300 [stdout#info] Not connected to a wireless access point
2020-06-20T12:07:53-0300 [stdout#info] Not connected to a wireless access point
2020-06-20T12:07:54-0300 [stdout#info] Not connected to a wireless access point
2020-06-20T12:07:54-0300 [stdout#info] Not connected to a wireless access point
2020-06-20T12:07:54-0300 [stdout#info] Not connected to a wireless access point
2020-06-20T12:07:54-0300 [stdout#info] Not connected to a wireless access point
2020-06-20T12:07:54-0300 [stdout#info] Not connected to a wireless access point
2020-06-20T12:07:54-0300 [stdout#info] Not connected to a wireless access point
2020-06-20T12:07:54-0300 [stdout#info] Not connected to a wireless access point
2020-06-20T12:07:54-0300 [stdout#info] Not connected to a wireless access point
2020-06-20T12:07:54-0300 [stdout#info] Not connected to a wireless access point
2020-06-20T12:07:54-0300 [stdout#info] Not connected to a wireless access point
2020-06-20T12:07:55-0300 [stdout#info] Not connected to a wireless access point
2020-06-20T12:07:55-0300 [stdout#info] Not connected to a wireless access point
2020-06-20T12:07:55-0300 [stdout#info] Not connected to a wireless access point
2020-06-20T12:07:55-0300 [stdout#info] Not connected to a wireless access point
2020-06-20T12:07:55-0300 [stdout#info] Not connected to a wireless access point
2020-06-20T12:07:55-0300 [stdout#info] Not connected to a wireless access point
2020-06-20T12:07:55-0300 [stdout#info] Not connected to a wireless access point
2020-06-20T12:07:55-0300 [stdout#info] Not connected to a wireless access point
2020-06-20T12:07:55-0300 [stdout#info] Not connected to a wireless access point
2020-06-20T12:07:55-0300 [stdout#info] Not connected to a wireless access point
2020-06-20T12:07:56-0300 [stdout#info] Not connected to a wireless access point
2020-06-20T12:07:56-0300 [stdout#info] Not connected to a wireless access point
2020-06-20T12:07:56-0300 [stdout#info] Not connected to a wireless access point
2020-06-20T12:07:56-0300 [stdout#info] Not connected to a wireless access point
2020-06-20T12:07:56-0300 [stdout#info] Not connected to a wireless access point
2020-06-20T12:07:56-0300 [stdout#info] Not connected to a wireless access point
2020-06-20T12:07:56-0300 [stdout#info] Not connected to a wireless access point
2020-06-20T12:07:56-0300 [stdout#info] Not connected to a wireless access point
2020-06-20T12:07:56-0300 [stdout#info] Not connected to a wireless access point
2020-06-20T12:07:56-0300 [stdout#info] Not connected to a wireless access point
2020-06-20T12:07:57-0300 [stdout#info] Not connected to a wireless access point
2020-06-20T12:07:57-0300 [stdout#info] Not connected to a wireless access point
2020-06-20T12:07:57-0300 [stdout#info] Not connected to a wireless access point
2020-06-20T12:07:57-0300 [stdout#info] Not connected to a wireless access point
2020-06-20T12:07:57-0300 [stdout#info] Not connected to a wireless access point
2020-06-20T12:07:57-0300 [stdout#info] Not connected to a wireless access point
2020-06-20T12:07:57-0300 [stdout#info] Not connected to a wireless access point
2020-06-20T12:07:57-0300 [stdout#info] Not connected to a wireless access point
2020-06-20T12:07:57-0300 [stdout#info] Not connected to a wireless access point
2020-06-20T12:07:57-0300 [stdout#info] Not connected to a wireless access point
2020-06-20T12:07:58-0300 [stdout#info] Not connected to a wireless access point
2020-06-20T12:07:58-0300 [stdout#info] Not connected to a wireless access point
2020-06-20T12:07:58-0300 [stdout#info] Not connected to a wireless access point
2020-06-20T12:07:58-0300 [stdout#info] Not connected to a wireless access point
2020-06-20T12:07:58-0300 [stdout#info] Not connected to a wireless access point
2020-06-20T12:07:58-0300 [stdout#info] Not connected to a wireless access point
2020-06-20T12:07:58-0300 [stdout#info] Not connected to a wireless access point
2020-06-20T12:07:58-0300 [stdout#info] Not connected to a wireless access point
2020-06-20T12:07:58-0300 [stdout#info] Not connected to a wireless access point
2020-06-20T12:07:58-0300 [stdout#info] Not connected to a wireless access point
2020-06-20T12:07:59-0300 [stdout#info] Not connected to a wireless access point
2020-06-20T12:07:59-0300 [stdout#info] Not connected to a wireless access point
2020-06-20T12:07:59-0300 [stdout#info] Not connected to a wireless access point
2020-06-20T12:07:59-0300 [stdout#info] Not connected to a wireless access point
2020-06-20T12:07:59-0300 [stdout#info] Not connected to a wireless access point
2020-06-20T12:07:59-0300 [stdout#info] Not connected to a wireless access point
2020-06-20T12:07:59-0300 [stdout#info] Not connected to a wireless access point
2020-06-20T12:07:59-0300 [stdout#info] Not connected to a wireless access point
2020-06-20T12:07:59-0300 [stdout#info] Not connected to a wireless access point
2020-06-20T12:07:59-0300 [stdout#info] Not connected to a wireless access point
2020-06-20T12:08:00-0300 [stdout#info] Not connected to a wireless access point
2020-06-20T12:08:00-0300 [stdout#info] Not connected to a wireless access point
2020-06-20T12:08:00-0300 [stdout#info] Not connected to a wireless access point
2020-06-20T12:08:00-0300 [stdout#info] Not connected to a wireless access point
2020-06-20T12:08:00-0300 [stdout#info] Not connected to a wireless access point
2020-06-20T12:08:00-0300 [stdout#info] Not connected to a wireless access point
2020-06-20T12:08:00-0300 [stdout#info] Not connected to a wireless access point
2020-06-20T12:08:00-0300 [stdout#info] Not connected to a wireless access point
2020-06-20T12:08:00-0300 [stdout#info] Not connected to a wireless access point
2020-06-20T12:08:00-0300 [stdout#info] Not connected to a wireless access point
2020-06-20T12:08:01-0300 [stdout#info] Not connected to a wireless access point
2020-06-20T12:08:01-0300 [stdout#info] Not connected to a wireless access point
2020-06-20T12:08:01-0300 [stdout#info] Not connected to a wireless access point
2020-06-20T12:08:01-0300 [stdout#info] Not connected to a wireless access point
2020-06-20T12:08:01-0300 [stdout#info] Not connected to a wireless access point
2020-06-20T12:08:01-0300 [stdout#info] Not connected to a wireless access point
2020-06-20T12:08:01-0300 [stdout#info] Not connected to a wireless access point
2020-06-20T12:08:01-0300 [stdout#info] Not connected to a wireless access point
2020-06-20T12:08:01-0300 [stdout#info] Not connected to a wireless access point
2020-06-20T12:08:01-0300 [stdout#info] Not connected to a wireless access point
2020-06-20T12:08:02-0300 [stdout#info] Not connected to a wireless access point
2020-06-20T12:08:02-0300 [stdout#info] Not connected to a wireless access point
2020-06-20T12:08:02-0300 [stdout#info] Not connected to a wireless access point
2020-06-20T12:08:02-0300 [stdout#info] Not connected to a wireless access point
2020-06-20T12:08:02-0300 [stdout#info] Not connected to a wireless access point
2020-06-20T12:08:02-0300 [stdout#info] Not connected to a wireless access point
2020-06-20T12:08:02-0300 [stdout#info] Not connected to a wireless access point
2020-06-20T12:08:02-0300 [stdout#info] Not connected to a wireless access point
2020-06-20T12:08:02-0300 [stdout#info] Not connected to a wireless access point
2020-06-20T12:08:02-0300 [stdout#info] Not connected to a wireless access point
2020-06-20T12:08:03-0300 [stdout#info] Not connected to a wireless access point
2020-06-20T12:08:03-0300 [stdout#info] Not connected to a wireless access point
2020-06-20T12:08:03-0300 [stdout#info] Not connected to a wireless access point
2020-06-20T12:08:03-0300 [stdout#info] Not connected to a wireless access point
2020-06-20T12:08:03-0300 [stdout#info] Not connected to a wireless access point
2020-06-20T12:08:03-0300 [stdout#info] Not connected to a wireless access point
2020-06-20T12:08:03-0300 [stdout#info] Not connected to a wireless access point
2020-06-20T12:08:03-0300 [stdout#info] Not connected to a wireless access point
2020-06-20T12:08:03-0300 [stdout#info] Not connected to a wireless access point
2020-06-20T12:08:03-0300 [stdout#info] Not connected to a wireless access point
2020-06-20T12:08:04-0300 [stdout#info] Not connected to a wireless access point
2020-06-20T12:08:04-0300 [stdout#info] Not connected to a wireless access point
2020-06-20T12:08:04-0300 [stdout#info] Not connected to a wireless access point
2020-06-20T12:08:04-0300 [stdout#info] Not connected to a wireless access point
2020-06-20T12:08:04-0300 [stdout#info] Not connected to a wireless access point
2020-06-20T12:08:04-0300 [stdout#info] Not connected to a wireless access point
2020-06-20T12:08:04-0300 [stdout#info] Not connected to a wireless access point
2020-06-20T12:08:04-0300 [stdout#info] Not connected to a wireless access point
2020-06-20T12:08:04-0300 [stdout#info] Not connected to a wireless access point
2020-06-20T12:08:04-0300 [stdout#info] Not connected to a wireless access point
2020-06-20T12:08:05-0300 [stdout#info] Not connected to a wireless access point
2020-06-20T12:08:05-0300 [stdout#info] Not connected to a wireless access point
2020-06-20T12:08:05-0300 [stdout#info] Not connected to a wireless access point
2020-06-20T12:08:05-0300 [stdout#info] Not connected to a wireless access point
2020-06-20T12:08:05-0300 [stdout#info] Not connected to a wireless access point
2020-06-20T12:08:05-0300 [stdout#info] Not connected to a wireless access point
2020-06-20T12:08:05-0300 [stdout#info] Not connected to a wireless access point
2020-06-20T12:08:05-0300 [stdout#info] Not connected to a wireless access point
2020-06-20T12:08:05-0300 [stdout#info] Not connected to a wireless access point
2020-06-20T12:08:05-0300 [stdout#info] Not connected to a wireless access point
2020-06-20T12:08:06-0300 [stdout#info] Not connected to a wireless access point
2020-06-20T12:08:06-0300 [stdout#info] Not connected to a wireless access point
2020-06-20T12:08:06-0300 [stdout#info] Not connected to a wireless access point
2020-06-20T12:08:06-0300 [stdout#info] Not connected to a wireless access point
2020-06-20T12:08:06-0300 [stdout#info] Not connected to a wireless access point
2020-06-20T12:08:06-0300 [stdout#info] Not connected to a wireless access point
2020-06-20T12:08:06-0300 [stdout#info] Not connected to a wireless access point
2020-06-20T12:08:06-0300 [stdout#info] Not connected to a wireless access point
2020-06-20T12:08:06-0300 [stdout#info] Not connected to a wireless access point
2020-06-20T12:08:06-0300 [stdout#info] Not connected to a wireless access point
2020-06-20T12:08:07-0300 [stdout#info] Not connected to a wireless access point
2020-06-20T12:08:07-0300 [stdout#info] Not connected to a wireless access point
2020-06-20T12:08:07-0300 [stdout#info] Not connected to a wireless access point
2020-06-20T12:08:07-0300 [stdout#info] Not connected to a wireless access point
2020-06-20T12:08:07-0300 [stdout#info] Not connected to a wireless access point
2020-06-20T12:08:07-0300 [stdout#info] Not connected to a wireless access point
2020-06-20T12:08:07-0300 [stdout#info] Not connected to a wireless access point
2020-06-20T12:08:07-0300 [stdout#info] Not connected to a wireless access point
2020-06-20T12:08:07-0300 [stdout#info] Not connected to a wireless access point
2020-06-20T12:08:07-0300 [stdout#info] Not connected to a wireless access point
2020-06-20T12:08:08-0300 [stdout#info] Not connected to a wireless access point
2020-06-20T12:08:08-0300 [stdout#info] Not connected to a wireless access point
2020-06-20T12:08:08-0300 [stdout#info] Not connected to a wireless access point
2020-06-20T12:08:08-0300 [stdout#info] Not connected to a wireless access point
2020-06-20T12:08:08-0300 [stdout#info] Not connected to a wireless access point
2020-06-20T12:08:08-0300 [stdout#info] Not connected to a wireless access point
2020-06-20T12:08:08-0300 [stdout#info] Not connected to a wireless access point
2020-06-20T12:08:08-0300 [stdout#info] Not connected to a wireless access point
2020-06-20T12:08:08-0300 [stdout#info] Not connected to a wireless access point
2020-06-20T12:08:08-0300 [stdout#info] Not connected to a wireless access point
2020-06-20T12:08:09-0300 [stdout#info] Not connected to a wireless access point
2020-06-20T12:08:09-0300 [stdout#info] Not connected to a wireless access point
2020-06-20T12:08:09-0300 [stdout#info] Not connected to a wireless access point
2020-06-20T12:08:09-0300 [stdout#info] Not connected to a wireless access point
2020-06-20T12:08:09-0300 [stdout#info] Not connected to a wireless access point
2020-06-20T12:08:09-0300 [stdout#info] Not connected to a wireless access point
2020-06-20T12:08:09-0300 [stdout#info] Not connected to a wireless access point
2020-06-20T12:08:09-0300 [stdout#info] Not connected to a wireless access point
2020-06-20T12:08:09-0300 [stdout#info] Not connected to a wireless access point
2020-06-20T12:08:09-0300 [stdout#info] Assossiated to : notebook 1
2020-06-20T12:08:10-0300 [twisted.internet.endpoints.OneShotFactory#info] Starting factory <twisted.internet.endpoints.connectProtocol.<locals>.OneShotFactory object at 0x7fc75655c400>
2020-06-20T12:08:10-0300 [applications.httpapp.HttpServerAppFactory] Connection received - Number of events: 5
2020-06-20T12:08:10-0300 [HttpServerAppProtocol,0,127.0.0.1] Received from client HTTP 1.0 / GET request
2020-06-20T12:08:10-0300 [HttpServerAppProtocol,0,127.0.0.1] Sending HTTP RESPONSE - Number of events: 6
2020-06-20T12:09:05-0300 [-] Received SIGINT, shutting down.
2020-06-20T12:09:05-0300 [twisted.internet.endpoints.OneShotFactory#info] Stopping factory <twisted.internet.endpoints.connectProtocol.<locals>.OneShotFactory object at 0x7fc75655c400>
2020-06-20T12:09:05-0300 [applications.httpapp.HttpServerAppFactory] (TCP Port 8080 Closed)
2020-06-20T12:09:05-0300 [applications.routerapp.RouterFactory] (TCP Port 8081 Closed)
2020-06-20T12:09:05-0300 [HttpServerAppProtocol,0,127.0.0.1] connection lost: Connection to the other side was lost in a non-clean fashion: Connection lost.
2020-06-20T12:09:05-0300 [HttpServerAppProtocol,0,127.0.0.1] connection lost - Number of events: 7
2020-06-20T12:09:05-0300 [-] Main loop terminated.
