2020-06-12T11:39:45-0300 [-] Creating router ...
2020-06-12T11:39:45-0300 [-] Initializing Router - Number of events: 1
2020-06-12T11:39:45-0300 [-] RouterFactory starting on 8081
2020-06-12T11:39:45-0300 [-] Creating AccessPoint station ...
2020-06-12T11:39:45-0300 [-] Initializing Access Point - Number of events: 2
2020-06-12T11:39:46-0300 [-] There is no wifi devices in this simulation or it is not in this wifi signal coverage area.
2020-06-12T11:39:46-0300 [-] Initializing sensor node - Number of events: 3
2020-06-12T11:39:46-0300 [stdout#info] Not connected to a wireless access point
2020-06-12T11:39:46-0300 [-] Initializing Server - Number of events: 4
2020-06-12T11:39:47-0300 [-] HttpServerAppFactory starting on 8080
2020-06-12T11:39:47-0300 [stdout#info] Not connected to a wireless access point
2020-06-12T11:39:47-0300 [stdout#info] This divice have no simulation core instance
2020-06-12T11:39:47-0300 [stdout#info] This divice have no simulation core instance
2020-06-12T11:39:47-0300 [stdout#info] Not connected to a wireless access point
2020-06-12T11:39:47-0300 [stdout#info] Not connected to a wireless access point
2020-06-12T11:39:47-0300 [stdout#info] Not connected to a wireless access point
2020-06-12T11:39:47-0300 [stdout#info] Not connected to a wireless access point
2020-06-12T11:39:47-0300 [stdout#info] Not connected to a wireless access point
2020-06-12T11:39:47-0300 [stdout#info] Not connected to a wireless access point
2020-06-12T11:39:48-0300 [stdout#info] Not connected to a wireless access point
2020-06-12T11:39:48-0300 [stdout#info] Not connected to a wireless access point
2020-06-12T11:39:48-0300 [stdout#info] Not connected to a wireless access point
2020-06-12T11:39:48-0300 [stdout#info] Not connected to a wireless access point
2020-06-12T11:39:48-0300 [stdout#info] Not connected to a wireless access point
2020-06-12T11:39:48-0300 [stdout#info] Not connected to a wireless access point
2020-06-12T11:39:48-0300 [stdout#info] Not connected to a wireless access point
2020-06-12T11:39:48-0300 [stdout#info] Not connected to a wireless access point
2020-06-12T11:39:48-0300 [stdout#info] Not connected to a wireless access point
2020-06-12T11:39:48-0300 [stdout#info] Not connected to a wireless access point
2020-06-12T11:39:49-0300 [stdout#info] Not connected to a wireless access point
2020-06-12T11:39:49-0300 [stdout#info] Not connected to a wireless access point
2020-06-12T11:39:49-0300 [stdout#info] Not connected to a wireless access point
2020-06-12T11:39:49-0300 [stdout#info] Not connected to a wireless access point
2020-06-12T11:39:49-0300 [stdout#info] Not connected to a wireless access point
2020-06-12T11:39:49-0300 [stdout#info] Not connected to a wireless access point
2020-06-12T11:39:49-0300 [stdout#info] Not connected to a wireless access point
2020-06-12T11:39:49-0300 [stdout#info] Not connected to a wireless access point
2020-06-12T11:39:49-0300 [stdout#info] Not connected to a wireless access point
2020-06-12T11:39:49-0300 [stdout#info] Not connected to a wireless access point
2020-06-12T11:39:50-0300 [stdout#info] Not connected to a wireless access point
2020-06-12T11:39:50-0300 [stdout#info] Not connected to a wireless access point
2020-06-12T11:39:50-0300 [stdout#info] Not connected to a wireless access point
2020-06-12T11:39:50-0300 [stdout#info] Not connected to a wireless access point
2020-06-12T11:39:50-0300 [stdout#info] Not connected to a wireless access point
2020-06-12T11:39:50-0300 [stdout#info] Not connected to a wireless access point
2020-06-12T11:39:50-0300 [stdout#info] Not connected to a wireless access point
2020-06-12T11:39:50-0300 [stdout#info] Not connected to a wireless access point
2020-06-12T11:39:50-0300 [stdout#info] Not connected to a wireless access point
2020-06-12T11:39:50-0300 [stdout#info] Not connected to a wireless access point
2020-06-12T11:39:51-0300 [stdout#info] Not connected to a wireless access point
2020-06-12T11:39:51-0300 [stdout#info] Not connected to a wireless access point
2020-06-12T11:39:51-0300 [stdout#info] Not connected to a wireless access point
2020-06-12T11:39:51-0300 [stdout#info] Not connected to a wireless access point
2020-06-12T11:39:51-0300 [stdout#info] Not connected to a wireless access point
2020-06-12T11:39:51-0300 [stdout#info] Not connected to a wireless access point
2020-06-12T11:39:51-0300 [stdout#info] Not connected to a wireless access point
2020-06-12T11:39:51-0300 [stdout#info] Not connected to a wireless access point
2020-06-12T11:39:51-0300 [stdout#info] Not connected to a wireless access point
2020-06-12T11:39:51-0300 [stdout#info] Not connected to a wireless access point
2020-06-12T11:39:52-0300 [stdout#info] Not connected to a wireless access point
2020-06-12T11:39:52-0300 [stdout#info] Not connected to a wireless access point
2020-06-12T11:39:52-0300 [stdout#info] Not connected to a wireless access point
2020-06-12T11:39:52-0300 [stdout#info] Not connected to a wireless access point
2020-06-12T11:39:52-0300 [stdout#info] Not connected to a wireless access point
2020-06-12T11:39:52-0300 [stdout#info] Not connected to a wireless access point
2020-06-12T11:39:52-0300 [stdout#info] Not connected to a wireless access point
2020-06-12T11:39:52-0300 [stdout#info] Not connected to a wireless access point
2020-06-12T11:39:52-0300 [stdout#info] Not connected to a wireless access point
2020-06-12T11:39:52-0300 [stdout#info] Not connected to a wireless access point
2020-06-12T11:39:53-0300 [stdout#info] Not connected to a wireless access point
2020-06-12T11:39:53-0300 [stdout#info] Not connected to a wireless access point
2020-06-12T11:39:53-0300 [stdout#info] Not connected to a wireless access point
2020-06-12T11:39:53-0300 [stdout#info] Not connected to a wireless access point
2020-06-12T11:39:53-0300 [stdout#info] Not connected to a wireless access point
2020-06-12T11:39:53-0300 [stdout#info] Not connected to a wireless access point
2020-06-12T11:39:53-0300 [stdout#info] Not connected to a wireless access point
2020-06-12T11:39:53-0300 [stdout#info] Not connected to a wireless access point
2020-06-12T11:39:53-0300 [stdout#info] Not connected to a wireless access point
2020-06-12T11:39:53-0300 [stdout#info] Not connected to a wireless access point
2020-06-12T11:39:54-0300 [stdout#info] Not connected to a wireless access point
2020-06-12T11:39:54-0300 [stdout#info] Not connected to a wireless access point
2020-06-12T11:39:54-0300 [stdout#info] Not connected to a wireless access point
2020-06-12T11:39:54-0300 [stdout#info] Not connected to a wireless access point
2020-06-12T11:39:54-0300 [stdout#info] Not connected to a wireless access point
2020-06-12T11:39:54-0300 [stdout#info] Not connected to a wireless access point
2020-06-12T11:39:54-0300 [stdout#info] Not connected to a wireless access point
2020-06-12T11:39:54-0300 [stdout#info] Not connected to a wireless access point
2020-06-12T11:39:54-0300 [stdout#info] Not connected to a wireless access point
2020-06-12T11:39:54-0300 [stdout#info] Not connected to a wireless access point
2020-06-12T11:39:55-0300 [stdout#info] Not connected to a wireless access point
2020-06-12T11:39:55-0300 [stdout#info] Not connected to a wireless access point
2020-06-12T11:39:55-0300 [stdout#info] Not connected to a wireless access point
2020-06-12T11:39:55-0300 [stdout#info] Not connected to a wireless access point
2020-06-12T11:39:55-0300 [stdout#info] Not connected to a wireless access point
2020-06-12T11:39:55-0300 [stdout#info] Not connected to a wireless access point
2020-06-12T11:39:55-0300 [stdout#info] Not connected to a wireless access point
2020-06-12T11:39:55-0300 [stdout#info] Not connected to a wireless access point
2020-06-12T11:39:55-0300 [stdout#info] Not connected to a wireless access point
2020-06-12T11:39:55-0300 [stdout#info] Not connected to a wireless access point
2020-06-12T11:39:56-0300 [stdout#info] Not connected to a wireless access point
2020-06-12T11:39:56-0300 [stdout#info] Not connected to a wireless access point
2020-06-12T11:39:56-0300 [stdout#info] Not connected to a wireless access point
2020-06-12T11:39:56-0300 [stdout#info] Not connected to a wireless access point
2020-06-12T11:39:56-0300 [stdout#info] Not connected to a wireless access point
2020-06-12T11:39:56-0300 [stdout#info] Not connected to a wireless access point
2020-06-12T11:39:56-0300 [stdout#info] Not connected to a wireless access point
2020-06-12T11:39:56-0300 [stdout#info] Not connected to a wireless access point
2020-06-12T11:39:56-0300 [stdout#info] Not connected to a wireless access point
2020-06-12T11:39:56-0300 [stdout#info] Not connected to a wireless access point
2020-06-12T11:39:57-0300 [stdout#info] Not connected to a wireless access point
2020-06-12T11:39:57-0300 [stdout#info] Not connected to a wireless access point
2020-06-12T11:39:57-0300 [stdout#info] Not connected to a wireless access point
2020-06-12T11:39:57-0300 [stdout#info] Not connected to a wireless access point
2020-06-12T11:39:57-0300 [stdout#info] Not connected to a wireless access point
2020-06-12T11:39:57-0300 [stdout#info] Not connected to a wireless access point
2020-06-12T11:39:57-0300 [stdout#info] Not connected to a wireless access point
2020-06-12T11:39:57-0300 [stdout#info] Not connected to a wireless access point
2020-06-12T11:39:57-0300 [stdout#info] Not connected to a wireless access point
2020-06-12T11:39:57-0300 [stdout#info] Not connected to a wireless access point
2020-06-12T11:39:58-0300 [stdout#info] Not connected to a wireless access point
2020-06-12T11:39:58-0300 [stdout#info] Not connected to a wireless access point
2020-06-12T11:39:58-0300 [stdout#info] Not connected to a wireless access point
2020-06-12T11:39:58-0300 [stdout#info] Not connected to a wireless access point
2020-06-12T11:39:58-0300 [stdout#info] Not connected to a wireless access point
2020-06-12T11:39:58-0300 [stdout#info] Not connected to a wireless access point
2020-06-12T11:39:58-0300 [stdout#info] Not connected to a wireless access point
2020-06-12T11:39:58-0300 [stdout#info] Not connected to a wireless access point
2020-06-12T11:39:58-0300 [stdout#info] Not connected to a wireless access point
2020-06-12T11:39:58-0300 [stdout#info] Not connected to a wireless access point
2020-06-12T11:39:59-0300 [stdout#info] Not connected to a wireless access point
2020-06-12T11:39:59-0300 [stdout#info] Not connected to a wireless access point
2020-06-12T11:39:59-0300 [stdout#info] Not connected to a wireless access point
2020-06-12T11:39:59-0300 [stdout#info] Not connected to a wireless access point
2020-06-12T11:39:59-0300 [stdout#info] Not connected to a wireless access point
2020-06-12T11:39:59-0300 [stdout#info] Not connected to a wireless access point
2020-06-12T11:39:59-0300 [stdout#info] Not connected to a wireless access point
2020-06-12T11:39:59-0300 [stdout#info] Not connected to a wireless access point
2020-06-12T11:39:59-0300 [stdout#info] Not connected to a wireless access point
2020-06-12T11:39:59-0300 [stdout#info] Not connected to a wireless access point
2020-06-12T11:40:00-0300 [stdout#info] Not connected to a wireless access point
2020-06-12T11:40:00-0300 [stdout#info] Not connected to a wireless access point
2020-06-12T11:40:00-0300 [stdout#info] Not connected to a wireless access point
2020-06-12T11:40:00-0300 [stdout#info] Not connected to a wireless access point
2020-06-12T11:40:00-0300 [stdout#info] Not connected to a wireless access point
2020-06-12T11:40:00-0300 [stdout#info] Not connected to a wireless access point
2020-06-12T11:40:00-0300 [stdout#info] Not connected to a wireless access point
2020-06-12T11:40:00-0300 [stdout#info] Not connected to a wireless access point
2020-06-12T11:40:00-0300 [stdout#info] Not connected to a wireless access point
2020-06-12T11:40:00-0300 [stdout#info] Not connected to a wireless access point
2020-06-12T11:40:01-0300 [stdout#info] Not connected to a wireless access point
2020-06-12T11:40:01-0300 [stdout#info] Not connected to a wireless access point
2020-06-12T11:40:01-0300 [stdout#info] Not connected to a wireless access point
2020-06-12T11:40:01-0300 [stdout#info] Not connected to a wireless access point
2020-06-12T11:40:01-0300 [stdout#info] Not connected to a wireless access point
2020-06-12T11:40:01-0300 [stdout#info] Not connected to a wireless access point
2020-06-12T11:40:01-0300 [stdout#info] Not connected to a wireless access point
2020-06-12T11:40:01-0300 [stdout#info] Not connected to a wireless access point
2020-06-12T11:40:01-0300 [stdout#info] Not connected to a wireless access point
2020-06-12T11:40:01-0300 [stdout#info] Not connected to a wireless access point
2020-06-12T11:40:02-0300 [stdout#info] Not connected to a wireless access point
2020-06-12T11:40:02-0300 [stdout#info] Not connected to a wireless access point
2020-06-12T11:40:02-0300 [stdout#info] Not connected to a wireless access point
2020-06-12T11:40:02-0300 [stdout#info] Not connected to a wireless access point
2020-06-12T11:40:02-0300 [stdout#info] Not connected to a wireless access point
2020-06-12T11:40:02-0300 [stdout#info] Not connected to a wireless access point
2020-06-12T11:40:02-0300 [stdout#info] Not connected to a wireless access point
2020-06-12T11:40:02-0300 [stdout#info] Not connected to a wireless access point
2020-06-12T11:40:02-0300 [stdout#info] Not connected to a wireless access point
2020-06-12T11:40:02-0300 [stdout#info] Not connected to a wireless access point
2020-06-12T11:40:03-0300 [stdout#info] Not connected to a wireless access point
2020-06-12T11:40:03-0300 [stdout#info] Not connected to a wireless access point
2020-06-12T11:40:03-0300 [stdout#info] Not connected to a wireless access point
2020-06-12T11:40:03-0300 [stdout#info] Not connected to a wireless access point
2020-06-12T11:40:03-0300 [stdout#info] Not connected to a wireless access point
2020-06-12T11:40:03-0300 [stdout#info] Not connected to a wireless access point
2020-06-12T11:40:03-0300 [stdout#info] Not connected to a wireless access point
2020-06-12T11:40:03-0300 [stdout#info] Not connected to a wireless access point
2020-06-12T11:40:03-0300 [stdout#info] Not connected to a wireless access point
2020-06-12T11:40:03-0300 [stdout#info] Not connected to a wireless access point
2020-06-12T11:40:04-0300 [stdout#info] Not connected to a wireless access point
2020-06-12T11:40:04-0300 [stdout#info] Not connected to a wireless access point
2020-06-12T11:40:04-0300 [stdout#info] Not connected to a wireless access point
2020-06-12T11:40:04-0300 [stdout#info] Not connected to a wireless access point
2020-06-12T11:40:04-0300 [stdout#info] Not connected to a wireless access point
2020-06-12T11:40:04-0300 [stdout#info] Not connected to a wireless access point
2020-06-12T11:40:04-0300 [stdout#info] Not connected to a wireless access point
2020-06-12T11:40:04-0300 [stdout#info] Not connected to a wireless access point
2020-06-12T11:40:04-0300 [stdout#info] Not connected to a wireless access point
2020-06-12T11:40:04-0300 [stdout#info] Not connected to a wireless access point
2020-06-12T11:40:05-0300 [stdout#info] Not connected to a wireless access point
2020-06-12T11:40:05-0300 [stdout#info] Not connected to a wireless access point
2020-06-12T11:40:05-0300 [stdout#info] Not connected to a wireless access point
2020-06-12T11:40:05-0300 [stdout#info] Not connected to a wireless access point
2020-06-12T11:40:05-0300 [stdout#info] Not connected to a wireless access point
2020-06-12T11:40:05-0300 [stdout#info] Not connected to a wireless access point
2020-06-12T11:40:05-0300 [stdout#info] Not connected to a wireless access point
2020-06-12T11:40:05-0300 [stdout#info] Not connected to a wireless access point
2020-06-12T11:40:05-0300 [stdout#info] Not connected to a wireless access point
2020-06-12T11:40:05-0300 [stdout#info] Not connected to a wireless access point
2020-06-12T11:40:06-0300 [stdout#info] Not connected to a wireless access point
2020-06-12T11:40:06-0300 [stdout#info] Not connected to a wireless access point
2020-06-12T11:40:06-0300 [stdout#info] Not connected to a wireless access point
2020-06-12T11:40:06-0300 [stdout#info] Not connected to a wireless access point
2020-06-12T11:40:06-0300 [stdout#info] Not connected to a wireless access point
2020-06-12T11:40:06-0300 [stdout#info] Not connected to a wireless access point
2020-06-12T11:40:06-0300 [stdout#info] Not connected to a wireless access point
2020-06-12T11:40:06-0300 [stdout#info] Not connected to a wireless access point
2020-06-12T11:40:06-0300 [stdout#info] Not connected to a wireless access point
2020-06-12T11:40:06-0300 [stdout#info] Not connected to a wireless access point
2020-06-12T11:40:07-0300 [stdout#info] Not connected to a wireless access point
2020-06-12T11:40:07-0300 [stdout#info] Not connected to a wireless access point
2020-06-12T11:40:07-0300 [stdout#info] Not connected to a wireless access point
2020-06-12T11:40:07-0300 [stdout#info] Not connected to a wireless access point
2020-06-12T11:40:07-0300 [stdout#info] Not connected to a wireless access point
2020-06-12T11:40:07-0300 [stdout#info] Not connected to a wireless access point
2020-06-12T11:40:07-0300 [stdout#info] Not connected to a wireless access point
2020-06-12T11:40:07-0300 [stdout#info] Not connected to a wireless access point
2020-06-12T11:40:07-0300 [stdout#info] Not connected to a wireless access point
2020-06-12T11:40:07-0300 [stdout#info] Not connected to a wireless access point
2020-06-12T11:40:08-0300 [stdout#info] Not connected to a wireless access point
2020-06-12T11:40:08-0300 [stdout#info] Not connected to a wireless access point
2020-06-12T11:40:08-0300 [stdout#info] Not connected to a wireless access point
2020-06-12T11:40:08-0300 [stdout#info] Not connected to a wireless access point
2020-06-12T11:40:08-0300 [stdout#info] Not connected to a wireless access point
2020-06-12T11:40:08-0300 [stdout#info] Not connected to a wireless access point
2020-06-12T11:40:08-0300 [stdout#info] Not connected to a wireless access point
2020-06-12T11:40:08-0300 [stdout#info] Not connected to a wireless access point
2020-06-12T11:40:08-0300 [stdout#info] Not connected to a wireless access point
2020-06-12T11:40:08-0300 [stdout#info] Not connected to a wireless access point
2020-06-12T11:40:09-0300 [stdout#info] Not connected to a wireless access point
2020-06-12T11:40:09-0300 [stdout#info] Not connected to a wireless access point
2020-06-12T11:40:09-0300 [stdout#info] Not connected to a wireless access point
2020-06-12T11:40:09-0300 [stdout#info] Not connected to a wireless access point
2020-06-12T11:40:09-0300 [stdout#info] Not connected to a wireless access point
2020-06-12T11:40:09-0300 [stdout#info] Not connected to a wireless access point
2020-06-12T11:40:09-0300 [stdout#info] Not connected to a wireless access point
2020-06-12T11:40:09-0300 [stdout#info] Not connected to a wireless access point
2020-06-12T11:40:09-0300 [stdout#info] Not connected to a wireless access point
2020-06-12T11:40:09-0300 [stdout#info] Not connected to a wireless access point
2020-06-12T11:40:10-0300 [stdout#info] Not connected to a wireless access point
2020-06-12T11:40:10-0300 [stdout#info] Not connected to a wireless access point
2020-06-12T11:40:10-0300 [stdout#info] Not connected to a wireless access point
2020-06-12T11:40:10-0300 [stdout#info] Not connected to a wireless access point
2020-06-12T11:40:10-0300 [stdout#info] Not connected to a wireless access point
2020-06-12T11:40:10-0300 [stdout#info] Not connected to a wireless access point
2020-06-12T11:40:10-0300 [stdout#info] Not connected to a wireless access point
2020-06-12T11:40:10-0300 [stdout#info] Not connected to a wireless access point
2020-06-12T11:40:10-0300 [stdout#info] Not connected to a wireless access point
2020-06-12T11:40:10-0300 [stdout#info] Not connected to a wireless access point
2020-06-12T11:40:11-0300 [stdout#info] Not connected to a wireless access point
2020-06-12T11:40:11-0300 [stdout#info] Not connected to a wireless access point
2020-06-12T11:40:11-0300 [stdout#info] Not connected to a wireless access point
2020-06-12T11:40:11-0300 [stdout#info] Not connected to a wireless access point
2020-06-12T11:40:11-0300 [stdout#info] Not connected to a wireless access point
2020-06-12T11:40:11-0300 [stdout#info] Not connected to a wireless access point
2020-06-12T11:40:11-0300 [stdout#info] Not connected to a wireless access point
2020-06-12T11:40:11-0300 [stdout#info] Not connected to a wireless access point
2020-06-12T11:40:11-0300 [stdout#info] Not connected to a wireless access point
2020-06-12T11:40:11-0300 [stdout#info] Not connected to a wireless access point
2020-06-12T11:40:12-0300 [stdout#info] Not connected to a wireless access point
2020-06-12T11:40:12-0300 [stdout#info] Not connected to a wireless access point
2020-06-12T11:40:12-0300 [stdout#info] Not connected to a wireless access point
2020-06-12T11:40:12-0300 [stdout#info] Not connected to a wireless access point
2020-06-12T11:40:12-0300 [stdout#info] Not connected to a wireless access point
2020-06-12T11:40:12-0300 [stdout#info] Not connected to a wireless access point
2020-06-12T11:40:12-0300 [stdout#info] Not connected to a wireless access point
2020-06-12T11:40:12-0300 [stdout#info] Not connected to a wireless access point
2020-06-12T11:40:12-0300 [stdout#info] Not connected to a wireless access point
2020-06-12T11:40:12-0300 [stdout#info] Not connected to a wireless access point
2020-06-12T11:40:13-0300 [stdout#info] Not connected to a wireless access point
2020-06-12T11:40:13-0300 [stdout#info] Not connected to a wireless access point
2020-06-12T11:40:13-0300 [stdout#info] Not connected to a wireless access point
2020-06-12T11:40:13-0300 [stdout#info] Not connected to a wireless access point
2020-06-12T11:40:13-0300 [stdout#info] Not connected to a wireless access point
2020-06-12T11:40:13-0300 [stdout#info] Not connected to a wireless access point
2020-06-12T11:40:13-0300 [stdout#info] Not connected to a wireless access point
2020-06-12T11:40:13-0300 [stdout#info] Not connected to a wireless access point
2020-06-12T11:40:13-0300 [stdout#info] Not connected to a wireless access point
2020-06-12T11:40:13-0300 [stdout#info] Not connected to a wireless access point
2020-06-12T11:40:14-0300 [stdout#info] Not connected to a wireless access point
2020-06-12T11:40:14-0300 [stdout#info] Not connected to a wireless access point
2020-06-12T11:40:14-0300 [stdout#info] Not connected to a wireless access point
2020-06-12T11:40:14-0300 [stdout#info] Not connected to a wireless access point
2020-06-12T11:40:14-0300 [stdout#info] Not connected to a wireless access point
2020-06-12T11:40:14-0300 [stdout#info] Not connected to a wireless access point
2020-06-12T11:40:14-0300 [stdout#info] Not connected to a wireless access point
2020-06-12T11:40:14-0300 [stdout#info] Not connected to a wireless access point
2020-06-12T11:40:14-0300 [stdout#info] Not connected to a wireless access point
2020-06-12T11:40:14-0300 [stdout#info] Not connected to a wireless access point
2020-06-12T11:40:15-0300 [stdout#info] Not connected to a wireless access point
2020-06-12T11:40:15-0300 [stdout#info] Not connected to a wireless access point
2020-06-12T11:40:15-0300 [stdout#info] Not connected to a wireless access point
2020-06-12T11:40:15-0300 [stdout#info] Not connected to a wireless access point
2020-06-12T11:40:15-0300 [stdout#info] Not connected to a wireless access point
2020-06-12T11:40:15-0300 [stdout#info] Not connected to a wireless access point
2020-06-12T11:40:15-0300 [stdout#info] Not connected to a wireless access point
2020-06-12T11:40:15-0300 [stdout#info] Not connected to a wireless access point
2020-06-12T11:40:15-0300 [stdout#info] Not connected to a wireless access point
2020-06-12T11:40:15-0300 [stdout#info] Not connected to a wireless access point
2020-06-12T11:40:16-0300 [stdout#info] Not connected to a wireless access point
2020-06-12T11:40:16-0300 [stdout#info] Not connected to a wireless access point
2020-06-12T11:40:16-0300 [stdout#info] Not connected to a wireless access point
2020-06-12T11:40:16-0300 [stdout#info] Not connected to a wireless access point
2020-06-12T11:40:16-0300 [stdout#info] Not connected to a wireless access point
2020-06-12T11:40:16-0300 [stdout#info] Not connected to a wireless access point
2020-06-12T11:40:16-0300 [stdout#info] Not connected to a wireless access point
2020-06-12T11:40:16-0300 [stdout#info] Not connected to a wireless access point
2020-06-12T11:40:16-0300 [stdout#info] Not connected to a wireless access point
2020-06-12T11:40:16-0300 [stdout#info] Not connected to a wireless access point
2020-06-12T11:40:17-0300 [stdout#info] Not connected to a wireless access point
2020-06-12T11:40:17-0300 [stdout#info] Not connected to a wireless access point
2020-06-12T11:40:17-0300 [stdout#info] Not connected to a wireless access point
2020-06-12T11:40:17-0300 [stdout#info] Not connected to a wireless access point
2020-06-12T11:40:17-0300 [stdout#info] Not connected to a wireless access point
2020-06-12T11:40:17-0300 [stdout#info] Not connected to a wireless access point
2020-06-12T11:40:17-0300 [stdout#info] Not connected to a wireless access point
2020-06-12T11:40:17-0300 [stdout#info] Not connected to a wireless access point
2020-06-12T11:40:17-0300 [stdout#info] Not connected to a wireless access point
2020-06-12T11:40:17-0300 [stdout#info] Not connected to a wireless access point
2020-06-12T11:40:18-0300 [stdout#info] Not connected to a wireless access point
2020-06-12T11:40:18-0300 [stdout#info] Not connected to a wireless access point
2020-06-12T11:40:18-0300 [stdout#info] Not connected to a wireless access point
2020-06-12T11:40:18-0300 [stdout#info] Not connected to a wireless access point
2020-06-12T11:40:18-0300 [stdout#info] Not connected to a wireless access point
2020-06-12T11:40:18-0300 [stdout#info] Not connected to a wireless access point
2020-06-12T11:40:18-0300 [stdout#info] Not connected to a wireless access point
2020-06-12T11:40:18-0300 [stdout#info] Not connected to a wireless access point
2020-06-12T11:40:18-0300 [stdout#info] Not connected to a wireless access point
2020-06-12T11:40:18-0300 [stdout#info] Not connected to a wireless access point
2020-06-12T11:40:19-0300 [stdout#info] Not connected to a wireless access point
2020-06-12T11:40:19-0300 [stdout#info] Not connected to a wireless access point
2020-06-12T11:40:19-0300 [stdout#info] Not connected to a wireless access point
2020-06-12T11:40:19-0300 [stdout#info] Not connected to a wireless access point
2020-06-12T11:40:19-0300 [stdout#info] Not connected to a wireless access point
2020-06-12T11:40:19-0300 [stdout#info] Not connected to a wireless access point
2020-06-12T11:40:19-0300 [stdout#info] Not connected to a wireless access point
2020-06-12T11:40:19-0300 [stdout#info] Not connected to a wireless access point
2020-06-12T11:40:19-0300 [stdout#info] Not connected to a wireless access point
2020-06-12T11:40:19-0300 [stdout#info] Not connected to a wireless access point
2020-06-12T11:40:20-0300 [stdout#info] Not connected to a wireless access point
2020-06-12T11:40:20-0300 [stdout#info] Not connected to a wireless access point
2020-06-12T11:40:20-0300 [stdout#info] Not connected to a wireless access point
2020-06-12T11:40:20-0300 [stdout#info] Not connected to a wireless access point
2020-06-12T11:40:20-0300 [stdout#info] Not connected to a wireless access point
2020-06-12T11:40:20-0300 [stdout#info] Not connected to a wireless access point
2020-06-12T11:40:20-0300 [stdout#info] Not connected to a wireless access point
2020-06-12T11:40:20-0300 [stdout#info] Not connected to a wireless access point
2020-06-12T11:40:20-0300 [stdout#info] Not connected to a wireless access point
2020-06-12T11:40:20-0300 [stdout#info] Not connected to a wireless access point
2020-06-12T11:40:21-0300 [stdout#info] Not connected to a wireless access point
2020-06-12T11:40:21-0300 [stdout#info] Not connected to a wireless access point
2020-06-12T11:40:21-0300 [stdout#info] Not connected to a wireless access point
2020-06-12T11:40:21-0300 [stdout#info] Not connected to a wireless access point
2020-06-12T11:40:21-0300 [stdout#info] Not connected to a wireless access point
2020-06-12T11:40:21-0300 [stdout#info] Not connected to a wireless access point
2020-06-12T11:40:21-0300 [stdout#info] Not connected to a wireless access point
2020-06-12T11:40:21-0300 [stdout#info] Not connected to a wireless access point
2020-06-12T11:40:21-0300 [stdout#info] Not connected to a wireless access point
2020-06-12T11:40:21-0300 [stdout#info] Not connected to a wireless access point
2020-06-12T11:40:22-0300 [stdout#info] Not connected to a wireless access point
2020-06-12T11:40:22-0300 [stdout#info] Not connected to a wireless access point
2020-06-12T11:40:22-0300 [stdout#info] Not connected to a wireless access point
2020-06-12T11:40:22-0300 [stdout#info] Not connected to a wireless access point
2020-06-12T11:40:22-0300 [stdout#info] Not connected to a wireless access point
2020-06-12T11:40:22-0300 [stdout#info] Not connected to a wireless access point
2020-06-12T11:40:22-0300 [stdout#info] Not connected to a wireless access point
2020-06-12T11:40:22-0300 [stdout#info] Not connected to a wireless access point
2020-06-12T11:40:22-0300 [stdout#info] Not connected to a wireless access point
2020-06-12T11:40:22-0300 [stdout#info] Not connected to a wireless access point
2020-06-12T11:40:23-0300 [stdout#info] Not connected to a wireless access point
2020-06-12T11:40:23-0300 [stdout#info] Not connected to a wireless access point
2020-06-12T11:40:23-0300 [stdout#info] Not connected to a wireless access point
2020-06-12T11:40:23-0300 [stdout#info] Not connected to a wireless access point
2020-06-12T11:40:23-0300 [stdout#info] Not connected to a wireless access point
2020-06-12T11:40:23-0300 [stdout#info] Not connected to a wireless access point
2020-06-12T11:40:23-0300 [stdout#info] Not connected to a wireless access point
2020-06-12T11:40:23-0300 [stdout#info] Not connected to a wireless access point
2020-06-12T11:40:23-0300 [stdout#info] Not connected to a wireless access point
2020-06-12T11:40:23-0300 [stdout#info] Not connected to a wireless access point
2020-06-12T11:40:24-0300 [stdout#info] Not connected to a wireless access point
2020-06-12T11:40:24-0300 [stdout#info] Not connected to a wireless access point
2020-06-12T11:40:24-0300 [stdout#info] Not connected to a wireless access point
2020-06-12T11:40:24-0300 [stdout#info] Not connected to a wireless access point
2020-06-12T11:40:24-0300 [-] Received SIGINT, shutting down.
2020-06-12T11:40:24-0300 [applications.routerapp.RouterFactory] (TCP Port 8081 Closed)
2020-06-12T11:40:24-0300 [applications.httpapp.HttpServerAppFactory] (TCP Port 8080 Closed)
2020-06-12T11:40:24-0300 [-] Main loop terminated.
