2020-06-07T11:43:27-0300 [-] Initializing Server - Number of events: 1
2020-06-07T11:43:28-0300 [-] HttpServerAppFactory starting on 8082
2020-06-07T11:43:28-0300 [-] Creating router ...
2020-06-07T11:43:28-0300 [-] Initializing Router - Number of events: 2
2020-06-07T11:43:28-0300 [-] RouterFactory starting on 8081
2020-06-07T11:43:28-0300 [-] Creating AccessPoint station ...
2020-06-07T11:43:28-0300 [-] Initializing Access Point - Number of events: 3
2020-06-07T11:43:29-0300 [stdout#info] None
2020-06-07T11:43:29-0300 [stdout#info] sem entrada
2020-06-07T11:43:29-0300 [stdout#info] sem saida
2020-06-07T11:43:29-0300 [-] Initializing sensor node - Number of events: 4
2020-06-07T11:43:29-0300 [stdout#info] Not connected to a wireless access point
2020-06-07T11:43:29-0300 [stdout#info] Assossiated to : notebook 1
2020-06-07T11:43:29-0300 [stdout#info] This divice have no simulation core instance
2020-06-07T11:43:29-0300 [stdout#info] This divice have no simulation core instance
2020-06-07T11:43:30-0300 [stdout#info] {b'{"destiny_addr": "127.0.0.1", "destiny_port": 8080, "source_addr": "127.0.0.1", "source_port": 8888, "type": "http", "payload": "HTTP 1.0 / GET request"}'}
2020-06-07T11:43:30-0300 [stdout#info] set()
2020-06-07T11:43:30-0300 [stdout#info] sem saida
2020-06-07T11:43:30-0300 [twisted.internet.endpoints.OneShotFactory#info] Starting factory <twisted.internet.endpoints.connectProtocol.<locals>.OneShotFactory object at 0x7efcabf476a0>
2020-06-07T11:43:30-0300 [twisted.internet.endpoints.OneShotFactory#info] Stopping factory <twisted.internet.endpoints.connectProtocol.<locals>.OneShotFactory object at 0x7efcabf476a0>
2020-06-07T11:43:31-0300 [stdout#info] <applications.accesspointapp.AccessPointAppProtocol object at 0x7efcabf474a8>
2020-06-07T11:43:31-0300 [stdout#info] sem entrada
2020-06-07T11:43:31-0300 [stdout#info] sem saida
2020-06-07T11:43:32-0300 [stdout#info] <applications.accesspointapp.AccessPointAppProtocol object at 0x7efcabf474a8>
2020-06-07T11:43:32-0300 [stdout#info] sem entrada
2020-06-07T11:43:32-0300 [stdout#info] sem saida
2020-06-07T11:43:33-0300 [stdout#info] <applications.accesspointapp.AccessPointAppProtocol object at 0x7efcabf474a8>
2020-06-07T11:43:33-0300 [stdout#info] sem entrada
2020-06-07T11:43:33-0300 [stdout#info] sem saida
2020-06-07T11:43:33-0300 [twisted.internet.defer#critical] Unhandled error in Deferred:
2020-06-07T11:43:33-0300 [twisted.internet.defer#critical] 
	Traceback (most recent call last):
	Failure: twisted.internet.error.ConnectionRefusedError: Connection was refused by other side: 111: Connection refused.
	
2020-06-07T11:43:34-0300 [stdout#info] <applications.accesspointapp.AccessPointAppProtocol object at 0x7efcabf474a8>
2020-06-07T11:43:34-0300 [stdout#info] sem entrada
2020-06-07T11:43:34-0300 [stdout#info] sem saida
2020-06-07T11:43:35-0300 [stdout#info] <applications.accesspointapp.AccessPointAppProtocol object at 0x7efcabf474a8>
2020-06-07T11:43:35-0300 [stdout#info] sem entrada
2020-06-07T11:43:35-0300 [stdout#info] sem saida
2020-06-07T11:43:36-0300 [stdout#info] <applications.accesspointapp.AccessPointAppProtocol object at 0x7efcabf474a8>
2020-06-07T11:43:36-0300 [stdout#info] sem entrada
2020-06-07T11:43:36-0300 [stdout#info] sem saida
2020-06-07T11:43:37-0300 [stdout#info] <applications.accesspointapp.AccessPointAppProtocol object at 0x7efcabf474a8>
2020-06-07T11:43:37-0300 [stdout#info] sem entrada
2020-06-07T11:43:37-0300 [stdout#info] sem saida
2020-06-07T11:43:38-0300 [stdout#info] <applications.accesspointapp.AccessPointAppProtocol object at 0x7efcabf474a8>
2020-06-07T11:43:38-0300 [stdout#info] sem entrada
2020-06-07T11:43:38-0300 [stdout#info] sem saida
2020-06-07T11:43:39-0300 [stdout#info] <applications.accesspointapp.AccessPointAppProtocol object at 0x7efcabf474a8>
2020-06-07T11:43:39-0300 [stdout#info] sem entrada
2020-06-07T11:43:39-0300 [stdout#info] sem saida
2020-06-07T11:43:40-0300 [stdout#info] <applications.accesspointapp.AccessPointAppProtocol object at 0x7efcabf474a8>
2020-06-07T11:43:40-0300 [stdout#info] sem entrada
2020-06-07T11:43:40-0300 [stdout#info] sem saida
2020-06-07T11:43:41-0300 [stdout#info] <applications.accesspointapp.AccessPointAppProtocol object at 0x7efcabf474a8>
2020-06-07T11:43:41-0300 [stdout#info] sem entrada
2020-06-07T11:43:41-0300 [stdout#info] sem saida
2020-06-07T11:43:42-0300 [stdout#info] <applications.accesspointapp.AccessPointAppProtocol object at 0x7efcabf474a8>
2020-06-07T11:43:42-0300 [stdout#info] sem entrada
2020-06-07T11:43:42-0300 [stdout#info] sem saida
2020-06-07T11:43:43-0300 [stdout#info] <applications.accesspointapp.AccessPointAppProtocol object at 0x7efcabf474a8>
2020-06-07T11:43:43-0300 [stdout#info] sem entrada
2020-06-07T11:43:43-0300 [stdout#info] sem saida
2020-06-07T11:43:44-0300 [stdout#info] <applications.accesspointapp.AccessPointAppProtocol object at 0x7efcabf474a8>
2020-06-07T11:43:44-0300 [stdout#info] sem entrada
2020-06-07T11:43:44-0300 [stdout#info] sem saida
2020-06-07T11:43:45-0300 [stdout#info] <applications.accesspointapp.AccessPointAppProtocol object at 0x7efcabf474a8>
2020-06-07T11:43:45-0300 [stdout#info] sem entrada
2020-06-07T11:43:45-0300 [stdout#info] sem saida
2020-06-07T11:43:46-0300 [stdout#info] <applications.accesspointapp.AccessPointAppProtocol object at 0x7efcabf474a8>
2020-06-07T11:43:46-0300 [stdout#info] sem entrada
2020-06-07T11:43:46-0300 [stdout#info] sem saida
2020-06-07T11:43:47-0300 [stdout#info] <applications.accesspointapp.AccessPointAppProtocol object at 0x7efcabf474a8>
2020-06-07T11:43:47-0300 [stdout#info] sem entrada
2020-06-07T11:43:47-0300 [stdout#info] sem saida
2020-06-07T11:43:48-0300 [stdout#info] <applications.accesspointapp.AccessPointAppProtocol object at 0x7efcabf474a8>
2020-06-07T11:43:48-0300 [stdout#info] sem entrada
2020-06-07T11:43:48-0300 [stdout#info] sem saida
2020-06-07T11:43:49-0300 [stdout#info] <applications.accesspointapp.AccessPointAppProtocol object at 0x7efcabf474a8>
2020-06-07T11:43:49-0300 [stdout#info] sem entrada
2020-06-07T11:43:49-0300 [stdout#info] sem saida
2020-06-07T11:43:50-0300 [stdout#info] <applications.accesspointapp.AccessPointAppProtocol object at 0x7efcabf474a8>
2020-06-07T11:43:50-0300 [stdout#info] sem entrada
2020-06-07T11:43:50-0300 [stdout#info] sem saida
2020-06-07T11:43:51-0300 [stdout#info] <applications.accesspointapp.AccessPointAppProtocol object at 0x7efcabf474a8>
2020-06-07T11:43:51-0300 [stdout#info] sem entrada
2020-06-07T11:43:51-0300 [stdout#info] sem saida
2020-06-07T11:43:52-0300 [stdout#info] <applications.accesspointapp.AccessPointAppProtocol object at 0x7efcabf474a8>
2020-06-07T11:43:52-0300 [stdout#info] sem entrada
2020-06-07T11:43:52-0300 [stdout#info] sem saida
2020-06-07T11:43:53-0300 [stdout#info] <applications.accesspointapp.AccessPointAppProtocol object at 0x7efcabf474a8>
2020-06-07T11:43:53-0300 [stdout#info] sem entrada
2020-06-07T11:43:53-0300 [stdout#info] sem saida
2020-06-07T11:43:54-0300 [stdout#info] <applications.accesspointapp.AccessPointAppProtocol object at 0x7efcabf474a8>
2020-06-07T11:43:54-0300 [stdout#info] sem entrada
2020-06-07T11:43:54-0300 [stdout#info] sem saida
2020-06-07T11:43:55-0300 [stdout#info] <applications.accesspointapp.AccessPointAppProtocol object at 0x7efcabf474a8>
2020-06-07T11:43:55-0300 [stdout#info] sem entrada
2020-06-07T11:43:55-0300 [stdout#info] sem saida
2020-06-07T11:43:56-0300 [stdout#info] <applications.accesspointapp.AccessPointAppProtocol object at 0x7efcabf474a8>
2020-06-07T11:43:56-0300 [stdout#info] sem entrada
2020-06-07T11:43:56-0300 [stdout#info] sem saida
2020-06-07T11:43:57-0300 [stdout#info] <applications.accesspointapp.AccessPointAppProtocol object at 0x7efcabf474a8>
2020-06-07T11:43:57-0300 [stdout#info] sem entrada
2020-06-07T11:43:57-0300 [stdout#info] sem saida
2020-06-07T11:43:58-0300 [stdout#info] <applications.accesspointapp.AccessPointAppProtocol object at 0x7efcabf474a8>
2020-06-07T11:43:58-0300 [stdout#info] sem entrada
2020-06-07T11:43:58-0300 [stdout#info] sem saida
2020-06-07T11:43:59-0300 [stdout#info] <applications.accesspointapp.AccessPointAppProtocol object at 0x7efcabf474a8>
2020-06-07T11:43:59-0300 [stdout#info] sem entrada
2020-06-07T11:43:59-0300 [stdout#info] sem saida
2020-06-07T11:44:00-0300 [stdout#info] <applications.accesspointapp.AccessPointAppProtocol object at 0x7efcabf474a8>
2020-06-07T11:44:00-0300 [stdout#info] sem entrada
2020-06-07T11:44:00-0300 [stdout#info] sem saida
2020-06-07T11:44:01-0300 [stdout#info] <applications.accesspointapp.AccessPointAppProtocol object at 0x7efcabf474a8>
2020-06-07T11:44:01-0300 [stdout#info] sem entrada
2020-06-07T11:44:01-0300 [stdout#info] sem saida
2020-06-07T11:44:02-0300 [stdout#info] <applications.accesspointapp.AccessPointAppProtocol object at 0x7efcabf474a8>
2020-06-07T11:44:02-0300 [stdout#info] sem entrada
2020-06-07T11:44:02-0300 [stdout#info] sem saida
2020-06-07T11:44:03-0300 [stdout#info] <applications.accesspointapp.AccessPointAppProtocol object at 0x7efcabf474a8>
2020-06-07T11:44:03-0300 [stdout#info] sem entrada
2020-06-07T11:44:03-0300 [stdout#info] sem saida
2020-06-07T11:44:04-0300 [stdout#info] <applications.accesspointapp.AccessPointAppProtocol object at 0x7efcabf474a8>
2020-06-07T11:44:04-0300 [stdout#info] sem entrada
2020-06-07T11:44:04-0300 [stdout#info] sem saida
2020-06-07T11:44:05-0300 [stdout#info] <applications.accesspointapp.AccessPointAppProtocol object at 0x7efcabf474a8>
2020-06-07T11:44:05-0300 [stdout#info] sem entrada
2020-06-07T11:44:05-0300 [stdout#info] sem saida
2020-06-07T11:44:06-0300 [stdout#info] <applications.accesspointapp.AccessPointAppProtocol object at 0x7efcabf474a8>
2020-06-07T11:44:06-0300 [stdout#info] sem entrada
2020-06-07T11:44:06-0300 [stdout#info] sem saida
2020-06-07T11:44:07-0300 [stdout#info] <applications.accesspointapp.AccessPointAppProtocol object at 0x7efcabf474a8>
2020-06-07T11:44:07-0300 [stdout#info] sem entrada
2020-06-07T11:44:07-0300 [stdout#info] sem saida
2020-06-07T11:44:08-0300 [stdout#info] <applications.accesspointapp.AccessPointAppProtocol object at 0x7efcabf474a8>
2020-06-07T11:44:08-0300 [stdout#info] sem entrada
2020-06-07T11:44:08-0300 [stdout#info] sem saida
2020-06-07T11:44:09-0300 [stdout#info] <applications.accesspointapp.AccessPointAppProtocol object at 0x7efcabf474a8>
2020-06-07T11:44:09-0300 [stdout#info] sem entrada
2020-06-07T11:44:09-0300 [stdout#info] sem saida
2020-06-07T11:44:10-0300 [stdout#info] <applications.accesspointapp.AccessPointAppProtocol object at 0x7efcabf474a8>
2020-06-07T11:44:10-0300 [stdout#info] sem entrada
2020-06-07T11:44:10-0300 [stdout#info] sem saida
2020-06-07T11:44:11-0300 [stdout#info] <applications.accesspointapp.AccessPointAppProtocol object at 0x7efcabf474a8>
2020-06-07T11:44:11-0300 [stdout#info] sem entrada
2020-06-07T11:44:11-0300 [stdout#info] sem saida
2020-06-07T11:44:12-0300 [stdout#info] <applications.accesspointapp.AccessPointAppProtocol object at 0x7efcabf474a8>
2020-06-07T11:44:12-0300 [stdout#info] sem entrada
2020-06-07T11:44:12-0300 [stdout#info] sem saida
2020-06-07T11:44:13-0300 [stdout#info] <applications.accesspointapp.AccessPointAppProtocol object at 0x7efcabf474a8>
2020-06-07T11:44:13-0300 [stdout#info] sem entrada
2020-06-07T11:44:13-0300 [stdout#info] sem saida
2020-06-07T11:44:14-0300 [stdout#info] <applications.accesspointapp.AccessPointAppProtocol object at 0x7efcabf474a8>
2020-06-07T11:44:14-0300 [stdout#info] sem entrada
2020-06-07T11:44:14-0300 [stdout#info] sem saida
2020-06-07T11:44:15-0300 [stdout#info] <applications.accesspointapp.AccessPointAppProtocol object at 0x7efcabf474a8>
2020-06-07T11:44:15-0300 [stdout#info] sem entrada
2020-06-07T11:44:15-0300 [stdout#info] sem saida
2020-06-07T11:44:16-0300 [stdout#info] <applications.accesspointapp.AccessPointAppProtocol object at 0x7efcabf474a8>
2020-06-07T11:44:16-0300 [stdout#info] sem entrada
2020-06-07T11:44:16-0300 [stdout#info] sem saida
2020-06-07T11:44:17-0300 [stdout#info] <applications.accesspointapp.AccessPointAppProtocol object at 0x7efcabf474a8>
2020-06-07T11:44:17-0300 [stdout#info] sem entrada
2020-06-07T11:44:17-0300 [stdout#info] sem saida
2020-06-07T11:44:18-0300 [stdout#info] <applications.accesspointapp.AccessPointAppProtocol object at 0x7efcabf474a8>
2020-06-07T11:44:18-0300 [stdout#info] sem entrada
2020-06-07T11:44:18-0300 [stdout#info] sem saida
2020-06-07T11:44:19-0300 [stdout#info] <applications.accesspointapp.AccessPointAppProtocol object at 0x7efcabf474a8>
2020-06-07T11:44:19-0300 [stdout#info] sem entrada
2020-06-07T11:44:19-0300 [stdout#info] sem saida
2020-06-07T11:44:20-0300 [stdout#info] <applications.accesspointapp.AccessPointAppProtocol object at 0x7efcabf474a8>
2020-06-07T11:44:20-0300 [stdout#info] sem entrada
2020-06-07T11:44:20-0300 [stdout#info] sem saida
2020-06-07T11:44:21-0300 [stdout#info] <applications.accesspointapp.AccessPointAppProtocol object at 0x7efcabf474a8>
2020-06-07T11:44:21-0300 [stdout#info] sem entrada
2020-06-07T11:44:21-0300 [stdout#info] sem saida
2020-06-07T11:44:22-0300 [stdout#info] <applications.accesspointapp.AccessPointAppProtocol object at 0x7efcabf474a8>
2020-06-07T11:44:22-0300 [stdout#info] sem entrada
2020-06-07T11:44:22-0300 [stdout#info] sem saida
2020-06-07T11:44:23-0300 [stdout#info] <applications.accesspointapp.AccessPointAppProtocol object at 0x7efcabf474a8>
2020-06-07T11:44:23-0300 [stdout#info] sem entrada
2020-06-07T11:44:23-0300 [stdout#info] sem saida
2020-06-07T11:44:24-0300 [stdout#info] <applications.accesspointapp.AccessPointAppProtocol object at 0x7efcabf474a8>
2020-06-07T11:44:24-0300 [stdout#info] sem entrada
2020-06-07T11:44:24-0300 [stdout#info] sem saida
2020-06-07T11:44:25-0300 [stdout#info] <applications.accesspointapp.AccessPointAppProtocol object at 0x7efcabf474a8>
2020-06-07T11:44:25-0300 [stdout#info] sem entrada
2020-06-07T11:44:25-0300 [stdout#info] sem saida
2020-06-07T11:44:26-0300 [stdout#info] <applications.accesspointapp.AccessPointAppProtocol object at 0x7efcabf474a8>
2020-06-07T11:44:26-0300 [stdout#info] sem entrada
2020-06-07T11:44:26-0300 [stdout#info] sem saida
2020-06-07T11:44:27-0300 [stdout#info] <applications.accesspointapp.AccessPointAppProtocol object at 0x7efcabf474a8>
2020-06-07T11:44:27-0300 [stdout#info] sem entrada
2020-06-07T11:44:27-0300 [stdout#info] sem saida
2020-06-07T11:44:28-0300 [stdout#info] <applications.accesspointapp.AccessPointAppProtocol object at 0x7efcabf474a8>
2020-06-07T11:44:28-0300 [stdout#info] sem entrada
2020-06-07T11:44:28-0300 [stdout#info] sem saida
2020-06-07T11:44:29-0300 [stdout#info] <applications.accesspointapp.AccessPointAppProtocol object at 0x7efcabf474a8>
2020-06-07T11:44:29-0300 [stdout#info] sem entrada
2020-06-07T11:44:29-0300 [stdout#info] sem saida
2020-06-07T11:44:30-0300 [stdout#info] <applications.accesspointapp.AccessPointAppProtocol object at 0x7efcabf474a8>
2020-06-07T11:44:30-0300 [stdout#info] sem entrada
2020-06-07T11:44:30-0300 [stdout#info] sem saida
2020-06-07T11:44:31-0300 [stdout#info] <applications.accesspointapp.AccessPointAppProtocol object at 0x7efcabf474a8>
2020-06-07T11:44:31-0300 [stdout#info] sem entrada
2020-06-07T11:44:31-0300 [stdout#info] sem saida
2020-06-07T11:44:32-0300 [stdout#info] <applications.accesspointapp.AccessPointAppProtocol object at 0x7efcabf474a8>
2020-06-07T11:44:32-0300 [stdout#info] sem entrada
2020-06-07T11:44:32-0300 [stdout#info] sem saida
2020-06-07T11:44:33-0300 [stdout#info] <applications.accesspointapp.AccessPointAppProtocol object at 0x7efcabf474a8>
2020-06-07T11:44:33-0300 [stdout#info] sem entrada
2020-06-07T11:44:33-0300 [stdout#info] sem saida
2020-06-07T11:44:34-0300 [stdout#info] <applications.accesspointapp.AccessPointAppProtocol object at 0x7efcabf474a8>
2020-06-07T11:44:34-0300 [stdout#info] sem entrada
2020-06-07T11:44:34-0300 [stdout#info] sem saida
2020-06-07T11:44:35-0300 [stdout#info] <applications.accesspointapp.AccessPointAppProtocol object at 0x7efcabf474a8>
2020-06-07T11:44:35-0300 [stdout#info] sem entrada
2020-06-07T11:44:35-0300 [stdout#info] sem saida
2020-06-07T11:44:36-0300 [stdout#info] <applications.accesspointapp.AccessPointAppProtocol object at 0x7efcabf474a8>
2020-06-07T11:44:36-0300 [stdout#info] sem entrada
2020-06-07T11:44:36-0300 [stdout#info] sem saida
2020-06-07T11:44:37-0300 [stdout#info] <applications.accesspointapp.AccessPointAppProtocol object at 0x7efcabf474a8>
2020-06-07T11:44:37-0300 [stdout#info] sem entrada
2020-06-07T11:44:37-0300 [stdout#info] sem saida
2020-06-07T11:44:38-0300 [stdout#info] <applications.accesspointapp.AccessPointAppProtocol object at 0x7efcabf474a8>
2020-06-07T11:44:38-0300 [stdout#info] sem entrada
2020-06-07T11:44:38-0300 [stdout#info] sem saida
2020-06-07T11:44:39-0300 [stdout#info] <applications.accesspointapp.AccessPointAppProtocol object at 0x7efcabf474a8>
2020-06-07T11:44:39-0300 [stdout#info] sem entrada
2020-06-07T11:44:39-0300 [stdout#info] sem saida
2020-06-07T11:44:40-0300 [stdout#info] <applications.accesspointapp.AccessPointAppProtocol object at 0x7efcabf474a8>
2020-06-07T11:44:40-0300 [stdout#info] sem entrada
2020-06-07T11:44:40-0300 [stdout#info] sem saida
2020-06-07T11:44:41-0300 [stdout#info] <applications.accesspointapp.AccessPointAppProtocol object at 0x7efcabf474a8>
2020-06-07T11:44:41-0300 [stdout#info] sem entrada
2020-06-07T11:44:41-0300 [stdout#info] sem saida
2020-06-07T11:44:42-0300 [stdout#info] <applications.accesspointapp.AccessPointAppProtocol object at 0x7efcabf474a8>
2020-06-07T11:44:42-0300 [stdout#info] sem entrada
2020-06-07T11:44:42-0300 [stdout#info] sem saida
2020-06-07T11:44:43-0300 [stdout#info] <applications.accesspointapp.AccessPointAppProtocol object at 0x7efcabf474a8>
2020-06-07T11:44:43-0300 [stdout#info] sem entrada
2020-06-07T11:44:43-0300 [stdout#info] sem saida
2020-06-07T11:44:44-0300 [stdout#info] <applications.accesspointapp.AccessPointAppProtocol object at 0x7efcabf474a8>
2020-06-07T11:44:44-0300 [stdout#info] sem entrada
2020-06-07T11:44:44-0300 [stdout#info] sem saida
2020-06-07T11:44:45-0300 [stdout#info] <applications.accesspointapp.AccessPointAppProtocol object at 0x7efcabf474a8>
2020-06-07T11:44:45-0300 [stdout#info] sem entrada
2020-06-07T11:44:45-0300 [stdout#info] sem saida
2020-06-07T11:44:46-0300 [stdout#info] <applications.accesspointapp.AccessPointAppProtocol object at 0x7efcabf474a8>
2020-06-07T11:44:46-0300 [stdout#info] sem entrada
2020-06-07T11:44:46-0300 [stdout#info] sem saida
2020-06-07T11:44:47-0300 [stdout#info] <applications.accesspointapp.AccessPointAppProtocol object at 0x7efcabf474a8>
2020-06-07T11:44:47-0300 [stdout#info] sem entrada
2020-06-07T11:44:47-0300 [stdout#info] sem saida
2020-06-07T11:44:48-0300 [stdout#info] <applications.accesspointapp.AccessPointAppProtocol object at 0x7efcabf474a8>
2020-06-07T11:44:48-0300 [stdout#info] sem entrada
2020-06-07T11:44:48-0300 [stdout#info] sem saida
2020-06-07T11:44:49-0300 [stdout#info] <applications.accesspointapp.AccessPointAppProtocol object at 0x7efcabf474a8>
2020-06-07T11:44:49-0300 [stdout#info] sem entrada
2020-06-07T11:44:49-0300 [stdout#info] sem saida
2020-06-07T11:44:50-0300 [stdout#info] <applications.accesspointapp.AccessPointAppProtocol object at 0x7efcabf474a8>
2020-06-07T11:44:50-0300 [stdout#info] sem entrada
2020-06-07T11:44:50-0300 [stdout#info] sem saida
2020-06-07T11:44:51-0300 [stdout#info] <applications.accesspointapp.AccessPointAppProtocol object at 0x7efcabf474a8>
2020-06-07T11:44:51-0300 [stdout#info] sem entrada
2020-06-07T11:44:51-0300 [stdout#info] sem saida
2020-06-07T11:44:52-0300 [stdout#info] <applications.accesspointapp.AccessPointAppProtocol object at 0x7efcabf474a8>
2020-06-07T11:44:52-0300 [stdout#info] sem entrada
2020-06-07T11:44:52-0300 [stdout#info] sem saida
2020-06-07T11:44:53-0300 [stdout#info] <applications.accesspointapp.AccessPointAppProtocol object at 0x7efcabf474a8>
2020-06-07T11:44:53-0300 [stdout#info] sem entrada
2020-06-07T11:44:53-0300 [stdout#info] sem saida
2020-06-07T11:44:54-0300 [stdout#info] <applications.accesspointapp.AccessPointAppProtocol object at 0x7efcabf474a8>
2020-06-07T11:44:54-0300 [stdout#info] sem entrada
2020-06-07T11:44:54-0300 [stdout#info] sem saida
2020-06-07T11:44:55-0300 [stdout#info] <applications.accesspointapp.AccessPointAppProtocol object at 0x7efcabf474a8>
2020-06-07T11:44:55-0300 [stdout#info] sem entrada
2020-06-07T11:44:55-0300 [stdout#info] sem saida
2020-06-07T11:44:56-0300 [stdout#info] <applications.accesspointapp.AccessPointAppProtocol object at 0x7efcabf474a8>
2020-06-07T11:44:56-0300 [stdout#info] sem entrada
2020-06-07T11:44:56-0300 [stdout#info] sem saida
2020-06-07T11:44:57-0300 [stdout#info] <applications.accesspointapp.AccessPointAppProtocol object at 0x7efcabf474a8>
2020-06-07T11:44:57-0300 [stdout#info] sem entrada
2020-06-07T11:44:57-0300 [stdout#info] sem saida
2020-06-07T11:44:58-0300 [stdout#info] <applications.accesspointapp.AccessPointAppProtocol object at 0x7efcabf474a8>
2020-06-07T11:44:58-0300 [stdout#info] sem entrada
2020-06-07T11:44:58-0300 [stdout#info] sem saida
2020-06-07T11:44:59-0300 [stdout#info] <applications.accesspointapp.AccessPointAppProtocol object at 0x7efcabf474a8>
2020-06-07T11:44:59-0300 [stdout#info] sem entrada
2020-06-07T11:44:59-0300 [stdout#info] sem saida
2020-06-07T11:45:00-0300 [stdout#info] <applications.accesspointapp.AccessPointAppProtocol object at 0x7efcabf474a8>
2020-06-07T11:45:00-0300 [stdout#info] sem entrada
2020-06-07T11:45:00-0300 [stdout#info] sem saida
2020-06-07T11:45:01-0300 [stdout#info] <applications.accesspointapp.AccessPointAppProtocol object at 0x7efcabf474a8>
2020-06-07T11:45:01-0300 [stdout#info] sem entrada
2020-06-07T11:45:01-0300 [stdout#info] sem saida
2020-06-07T11:45:02-0300 [stdout#info] <applications.accesspointapp.AccessPointAppProtocol object at 0x7efcabf474a8>
2020-06-07T11:45:02-0300 [stdout#info] sem entrada
2020-06-07T11:45:02-0300 [stdout#info] sem saida
2020-06-07T11:45:03-0300 [stdout#info] <applications.accesspointapp.AccessPointAppProtocol object at 0x7efcabf474a8>
2020-06-07T11:45:03-0300 [stdout#info] sem entrada
2020-06-07T11:45:03-0300 [stdout#info] sem saida
2020-06-07T11:45:04-0300 [stdout#info] <applications.accesspointapp.AccessPointAppProtocol object at 0x7efcabf474a8>
2020-06-07T11:45:04-0300 [stdout#info] sem entrada
2020-06-07T11:45:04-0300 [stdout#info] sem saida
2020-06-07T11:45:05-0300 [stdout#info] <applications.accesspointapp.AccessPointAppProtocol object at 0x7efcabf474a8>
2020-06-07T11:45:05-0300 [stdout#info] sem entrada
2020-06-07T11:45:05-0300 [stdout#info] sem saida
2020-06-07T11:45:06-0300 [stdout#info] <applications.accesspointapp.AccessPointAppProtocol object at 0x7efcabf474a8>
2020-06-07T11:45:06-0300 [stdout#info] sem entrada
2020-06-07T11:45:06-0300 [stdout#info] sem saida
2020-06-07T11:45:07-0300 [stdout#info] <applications.accesspointapp.AccessPointAppProtocol object at 0x7efcabf474a8>
2020-06-07T11:45:07-0300 [stdout#info] sem entrada
2020-06-07T11:45:07-0300 [stdout#info] sem saida
2020-06-07T11:45:08-0300 [stdout#info] <applications.accesspointapp.AccessPointAppProtocol object at 0x7efcabf474a8>
2020-06-07T11:45:08-0300 [stdout#info] sem entrada
2020-06-07T11:45:08-0300 [stdout#info] sem saida
2020-06-07T11:45:09-0300 [stdout#info] <applications.accesspointapp.AccessPointAppProtocol object at 0x7efcabf474a8>
2020-06-07T11:45:09-0300 [stdout#info] sem entrada
2020-06-07T11:45:09-0300 [stdout#info] sem saida
2020-06-07T11:45:10-0300 [stdout#info] <applications.accesspointapp.AccessPointAppProtocol object at 0x7efcabf474a8>
2020-06-07T11:45:10-0300 [stdout#info] sem entrada
2020-06-07T11:45:10-0300 [stdout#info] sem saida
2020-06-07T11:45:11-0300 [stdout#info] <applications.accesspointapp.AccessPointAppProtocol object at 0x7efcabf474a8>
2020-06-07T11:45:11-0300 [stdout#info] sem entrada
2020-06-07T11:45:11-0300 [stdout#info] sem saida
2020-06-07T11:45:12-0300 [stdout#info] <applications.accesspointapp.AccessPointAppProtocol object at 0x7efcabf474a8>
2020-06-07T11:45:12-0300 [stdout#info] sem entrada
2020-06-07T11:45:12-0300 [stdout#info] sem saida
2020-06-07T11:45:13-0300 [stdout#info] <applications.accesspointapp.AccessPointAppProtocol object at 0x7efcabf474a8>
2020-06-07T11:45:13-0300 [stdout#info] sem entrada
2020-06-07T11:45:13-0300 [stdout#info] sem saida
2020-06-07T11:45:14-0300 [stdout#info] <applications.accesspointapp.AccessPointAppProtocol object at 0x7efcabf474a8>
2020-06-07T11:45:14-0300 [stdout#info] sem entrada
2020-06-07T11:45:14-0300 [stdout#info] sem saida
2020-06-07T11:45:15-0300 [stdout#info] <applications.accesspointapp.AccessPointAppProtocol object at 0x7efcabf474a8>
2020-06-07T11:45:15-0300 [stdout#info] sem entrada
2020-06-07T11:45:15-0300 [stdout#info] sem saida
2020-06-07T11:45:16-0300 [stdout#info] <applications.accesspointapp.AccessPointAppProtocol object at 0x7efcabf474a8>
2020-06-07T11:45:16-0300 [stdout#info] sem entrada
2020-06-07T11:45:16-0300 [stdout#info] sem saida
2020-06-07T11:45:17-0300 [stdout#info] <applications.accesspointapp.AccessPointAppProtocol object at 0x7efcabf474a8>
2020-06-07T11:45:17-0300 [stdout#info] sem entrada
2020-06-07T11:45:17-0300 [stdout#info] sem saida
2020-06-07T11:45:18-0300 [stdout#info] <applications.accesspointapp.AccessPointAppProtocol object at 0x7efcabf474a8>
2020-06-07T11:45:18-0300 [stdout#info] sem entrada
2020-06-07T11:45:18-0300 [stdout#info] sem saida
2020-06-07T11:45:19-0300 [stdout#info] <applications.accesspointapp.AccessPointAppProtocol object at 0x7efcabf474a8>
2020-06-07T11:45:19-0300 [stdout#info] sem entrada
2020-06-07T11:45:19-0300 [stdout#info] sem saida
2020-06-07T11:45:20-0300 [stdout#info] <applications.accesspointapp.AccessPointAppProtocol object at 0x7efcabf474a8>
2020-06-07T11:45:20-0300 [stdout#info] sem entrada
2020-06-07T11:45:20-0300 [stdout#info] sem saida
2020-06-07T11:45:21-0300 [stdout#info] <applications.accesspointapp.AccessPointAppProtocol object at 0x7efcabf474a8>
2020-06-07T11:45:21-0300 [stdout#info] sem entrada
2020-06-07T11:45:21-0300 [stdout#info] sem saida
2020-06-07T11:45:22-0300 [stdout#info] <applications.accesspointapp.AccessPointAppProtocol object at 0x7efcabf474a8>
2020-06-07T11:45:22-0300 [stdout#info] sem entrada
2020-06-07T11:45:22-0300 [stdout#info] sem saida
2020-06-07T11:45:23-0300 [stdout#info] <applications.accesspointapp.AccessPointAppProtocol object at 0x7efcabf474a8>
2020-06-07T11:45:23-0300 [stdout#info] sem entrada
2020-06-07T11:45:23-0300 [stdout#info] sem saida
2020-06-07T11:45:24-0300 [stdout#info] <applications.accesspointapp.AccessPointAppProtocol object at 0x7efcabf474a8>
2020-06-07T11:45:24-0300 [stdout#info] sem entrada
2020-06-07T11:45:24-0300 [stdout#info] sem saida
2020-06-07T11:45:25-0300 [stdout#info] <applications.accesspointapp.AccessPointAppProtocol object at 0x7efcabf474a8>
2020-06-07T11:45:25-0300 [stdout#info] sem entrada
2020-06-07T11:45:25-0300 [stdout#info] sem saida
2020-06-07T11:45:26-0300 [stdout#info] <applications.accesspointapp.AccessPointAppProtocol object at 0x7efcabf474a8>
2020-06-07T11:45:26-0300 [stdout#info] sem entrada
2020-06-07T11:45:26-0300 [stdout#info] sem saida
2020-06-07T11:45:27-0300 [stdout#info] <applications.accesspointapp.AccessPointAppProtocol object at 0x7efcabf474a8>
2020-06-07T11:45:27-0300 [stdout#info] sem entrada
2020-06-07T11:45:27-0300 [stdout#info] sem saida
2020-06-07T11:45:28-0300 [stdout#info] <applications.accesspointapp.AccessPointAppProtocol object at 0x7efcabf474a8>
2020-06-07T11:45:28-0300 [stdout#info] sem entrada
2020-06-07T11:45:28-0300 [stdout#info] sem saida
2020-06-07T11:45:29-0300 [stdout#info] <applications.accesspointapp.AccessPointAppProtocol object at 0x7efcabf474a8>
2020-06-07T11:45:29-0300 [stdout#info] sem entrada
2020-06-07T11:45:29-0300 [stdout#info] sem saida
2020-06-07T11:45:30-0300 [stdout#info] <applications.accesspointapp.AccessPointAppProtocol object at 0x7efcabf474a8>
2020-06-07T11:45:30-0300 [stdout#info] sem entrada
2020-06-07T11:45:30-0300 [stdout#info] sem saida
2020-06-07T11:45:31-0300 [stdout#info] <applications.accesspointapp.AccessPointAppProtocol object at 0x7efcabf474a8>
2020-06-07T11:45:31-0300 [stdout#info] sem entrada
2020-06-07T11:45:31-0300 [stdout#info] sem saida
2020-06-07T11:45:32-0300 [stdout#info] <applications.accesspointapp.AccessPointAppProtocol object at 0x7efcabf474a8>
2020-06-07T11:45:32-0300 [stdout#info] sem entrada
2020-06-07T11:45:32-0300 [stdout#info] sem saida
2020-06-07T11:45:33-0300 [stdout#info] <applications.accesspointapp.AccessPointAppProtocol object at 0x7efcabf474a8>
2020-06-07T11:45:33-0300 [stdout#info] sem entrada
2020-06-07T11:45:33-0300 [stdout#info] sem saida
2020-06-07T11:45:34-0300 [stdout#info] <applications.accesspointapp.AccessPointAppProtocol object at 0x7efcabf474a8>
2020-06-07T11:45:34-0300 [stdout#info] sem entrada
2020-06-07T11:45:34-0300 [stdout#info] sem saida
2020-06-07T11:45:35-0300 [stdout#info] <applications.accesspointapp.AccessPointAppProtocol object at 0x7efcabf474a8>
2020-06-07T11:45:35-0300 [stdout#info] sem entrada
2020-06-07T11:45:35-0300 [stdout#info] sem saida
2020-06-07T11:45:36-0300 [stdout#info] <applications.accesspointapp.AccessPointAppProtocol object at 0x7efcabf474a8>
2020-06-07T11:45:36-0300 [stdout#info] sem entrada
2020-06-07T11:45:36-0300 [stdout#info] sem saida
2020-06-07T11:45:37-0300 [stdout#info] <applications.accesspointapp.AccessPointAppProtocol object at 0x7efcabf474a8>
2020-06-07T11:45:37-0300 [stdout#info] sem entrada
2020-06-07T11:45:37-0300 [stdout#info] sem saida
2020-06-07T11:45:38-0300 [stdout#info] <applications.accesspointapp.AccessPointAppProtocol object at 0x7efcabf474a8>
2020-06-07T11:45:38-0300 [stdout#info] sem entrada
2020-06-07T11:45:38-0300 [stdout#info] sem saida
2020-06-07T11:45:39-0300 [stdout#info] <applications.accesspointapp.AccessPointAppProtocol object at 0x7efcabf474a8>
2020-06-07T11:45:39-0300 [stdout#info] sem entrada
2020-06-07T11:45:39-0300 [stdout#info] sem saida
2020-06-07T11:45:40-0300 [stdout#info] <applications.accesspointapp.AccessPointAppProtocol object at 0x7efcabf474a8>
2020-06-07T11:45:40-0300 [stdout#info] sem entrada
2020-06-07T11:45:40-0300 [stdout#info] sem saida
2020-06-07T11:45:41-0300 [stdout#info] <applications.accesspointapp.AccessPointAppProtocol object at 0x7efcabf474a8>
2020-06-07T11:45:41-0300 [stdout#info] sem entrada
2020-06-07T11:45:41-0300 [stdout#info] sem saida
2020-06-07T11:45:42-0300 [stdout#info] <applications.accesspointapp.AccessPointAppProtocol object at 0x7efcabf474a8>
2020-06-07T11:45:42-0300 [stdout#info] sem entrada
2020-06-07T11:45:42-0300 [stdout#info] sem saida
2020-06-07T11:45:43-0300 [stdout#info] <applications.accesspointapp.AccessPointAppProtocol object at 0x7efcabf474a8>
2020-06-07T11:45:43-0300 [stdout#info] sem entrada
2020-06-07T11:45:43-0300 [stdout#info] sem saida
2020-06-07T11:45:44-0300 [stdout#info] <applications.accesspointapp.AccessPointAppProtocol object at 0x7efcabf474a8>
2020-06-07T11:45:44-0300 [stdout#info] sem entrada
2020-06-07T11:45:44-0300 [stdout#info] sem saida
2020-06-07T11:45:45-0300 [stdout#info] <applications.accesspointapp.AccessPointAppProtocol object at 0x7efcabf474a8>
2020-06-07T11:45:45-0300 [stdout#info] sem entrada
2020-06-07T11:45:45-0300 [stdout#info] sem saida
2020-06-07T11:45:46-0300 [stdout#info] <applications.accesspointapp.AccessPointAppProtocol object at 0x7efcabf474a8>
2020-06-07T11:45:46-0300 [stdout#info] sem entrada
2020-06-07T11:45:46-0300 [stdout#info] sem saida
2020-06-07T11:45:47-0300 [stdout#info] <applications.accesspointapp.AccessPointAppProtocol object at 0x7efcabf474a8>
2020-06-07T11:45:47-0300 [stdout#info] sem entrada
2020-06-07T11:45:47-0300 [stdout#info] sem saida
2020-06-07T11:45:48-0300 [stdout#info] <applications.accesspointapp.AccessPointAppProtocol object at 0x7efcabf474a8>
2020-06-07T11:45:48-0300 [stdout#info] sem entrada
2020-06-07T11:45:48-0300 [stdout#info] sem saida
2020-06-07T11:45:49-0300 [stdout#info] <applications.accesspointapp.AccessPointAppProtocol object at 0x7efcabf474a8>
2020-06-07T11:45:49-0300 [stdout#info] sem entrada
2020-06-07T11:45:49-0300 [stdout#info] sem saida
2020-06-07T11:45:50-0300 [stdout#info] <applications.accesspointapp.AccessPointAppProtocol object at 0x7efcabf474a8>
2020-06-07T11:45:50-0300 [stdout#info] sem entrada
2020-06-07T11:45:50-0300 [stdout#info] sem saida
2020-06-07T11:45:51-0300 [stdout#info] <applications.accesspointapp.AccessPointAppProtocol object at 0x7efcabf474a8>
2020-06-07T11:45:51-0300 [stdout#info] sem entrada
2020-06-07T11:45:51-0300 [stdout#info] sem saida
2020-06-07T11:45:52-0300 [stdout#info] <applications.accesspointapp.AccessPointAppProtocol object at 0x7efcabf474a8>
2020-06-07T11:45:52-0300 [stdout#info] sem entrada
2020-06-07T11:45:52-0300 [stdout#info] sem saida
2020-06-07T11:45:53-0300 [stdout#info] <applications.accesspointapp.AccessPointAppProtocol object at 0x7efcabf474a8>
2020-06-07T11:45:53-0300 [stdout#info] sem entrada
2020-06-07T11:45:53-0300 [stdout#info] sem saida
2020-06-07T11:45:54-0300 [-] Received SIGINT, shutting down.
2020-06-07T11:45:54-0300 [applications.routerapp.RouterFactory] (TCP Port 8081 Closed)
2020-06-07T11:45:54-0300 [applications.httpapp.HttpServerAppFactory] (TCP Port 8082 Closed)
2020-06-07T11:45:54-0300 [-] Main loop terminated.
