2020-06-12T13:14:54-0300 [-] Creating router ...
2020-06-12T13:14:54-0300 [-] Initializing Router - Number of events: 1
2020-06-12T13:14:55-0300 [-] RouterFactory starting on 8081
2020-06-12T13:14:55-0300 [-] Creating AccessPoint station ...
2020-06-12T13:14:55-0300 [-] Initializing Access Point - Number of events: 2
2020-06-12T13:14:55-0300 [-] There is no wifi devices in this simulation or it is not in this wifi signal coverage area.
2020-06-12T13:14:56-0300 [-] Initializing sensor node - Number of events: 3
2020-06-12T13:14:56-0300 [stdout#info] Not connected to a wireless access point
2020-06-12T13:14:56-0300 [-] Initializing Server - Number of events: 4
2020-06-12T13:14:57-0300 [-] HttpServerAppFactory starting on 8080
2020-06-12T13:14:57-0300 [stdout#info] Not connected to a wireless access point
2020-06-12T13:14:57-0300 [stdout#info] This divice have no simulation core instance
2020-06-12T13:14:57-0300 [stdout#info] This divice have no simulation core instance
2020-06-12T13:14:57-0300 [stdout#info] Not connected to a wireless access point
2020-06-12T13:14:57-0300 [stdout#info] Not connected to a wireless access point
2020-06-12T13:14:57-0300 [stdout#info] Not connected to a wireless access point
2020-06-12T13:14:57-0300 [stdout#info] Not connected to a wireless access point
2020-06-12T13:14:57-0300 [stdout#info] Not connected to a wireless access point
2020-06-12T13:14:57-0300 [stdout#info] Not connected to a wireless access point
2020-06-12T13:14:57-0300 [stdout#info] Not connected to a wireless access point
2020-06-12T13:14:57-0300 [stdout#info] Not connected to a wireless access point
2020-06-12T13:14:57-0300 [stdout#info] Not connected to a wireless access point
2020-06-12T13:14:58-0300 [stdout#info] Not connected to a wireless access point
2020-06-12T13:14:58-0300 [stdout#info] Not connected to a wireless access point
2020-06-12T13:14:58-0300 [stdout#info] Not connected to a wireless access point
2020-06-12T13:14:58-0300 [stdout#info] Not connected to a wireless access point
2020-06-12T13:14:58-0300 [stdout#info] Not connected to a wireless access point
2020-06-12T13:14:58-0300 [stdout#info] Not connected to a wireless access point
2020-06-12T13:14:58-0300 [stdout#info] Not connected to a wireless access point
2020-06-12T13:14:58-0300 [stdout#info] Not connected to a wireless access point
2020-06-12T13:14:58-0300 [stdout#info] Not connected to a wireless access point
2020-06-12T13:14:58-0300 [stdout#info] Not connected to a wireless access point
2020-06-12T13:14:59-0300 [stdout#info] Not connected to a wireless access point
2020-06-12T13:14:59-0300 [stdout#info] Not connected to a wireless access point
2020-06-12T13:14:59-0300 [stdout#info] Not connected to a wireless access point
2020-06-12T13:14:59-0300 [stdout#info] Not connected to a wireless access point
2020-06-12T13:14:59-0300 [stdout#info] Not connected to a wireless access point
2020-06-12T13:14:59-0300 [stdout#info] Not connected to a wireless access point
2020-06-12T13:14:59-0300 [stdout#info] Not connected to a wireless access point
2020-06-12T13:14:59-0300 [stdout#info] Not connected to a wireless access point
2020-06-12T13:14:59-0300 [stdout#info] Not connected to a wireless access point
2020-06-12T13:14:59-0300 [stdout#info] Not connected to a wireless access point
2020-06-12T13:15:00-0300 [stdout#info] Not connected to a wireless access point
2020-06-12T13:15:00-0300 [stdout#info] Not connected to a wireless access point
2020-06-12T13:15:00-0300 [stdout#info] Not connected to a wireless access point
2020-06-12T13:15:00-0300 [stdout#info] Not connected to a wireless access point
2020-06-12T13:15:00-0300 [stdout#info] Not connected to a wireless access point
2020-06-12T13:15:00-0300 [stdout#info] Not connected to a wireless access point
2020-06-12T13:15:00-0300 [stdout#info] Not connected to a wireless access point
2020-06-12T13:15:00-0300 [stdout#info] Not connected to a wireless access point
2020-06-12T13:15:00-0300 [stdout#info] Not connected to a wireless access point
2020-06-12T13:15:00-0300 [stdout#info] Not connected to a wireless access point
2020-06-12T13:15:01-0300 [stdout#info] Not connected to a wireless access point
2020-06-12T13:15:01-0300 [stdout#info] Not connected to a wireless access point
2020-06-12T13:15:01-0300 [stdout#info] Not connected to a wireless access point
2020-06-12T13:15:01-0300 [stdout#info] Not connected to a wireless access point
2020-06-12T13:15:01-0300 [stdout#info] Not connected to a wireless access point
2020-06-12T13:15:01-0300 [stdout#info] Not connected to a wireless access point
2020-06-12T13:15:01-0300 [stdout#info] Not connected to a wireless access point
2020-06-12T13:15:01-0300 [stdout#info] Not connected to a wireless access point
2020-06-12T13:15:01-0300 [stdout#info] Not connected to a wireless access point
2020-06-12T13:15:01-0300 [stdout#info] Not connected to a wireless access point
2020-06-12T13:15:02-0300 [stdout#info] Not connected to a wireless access point
2020-06-12T13:15:02-0300 [stdout#info] Not connected to a wireless access point
2020-06-12T13:15:02-0300 [stdout#info] Not connected to a wireless access point
2020-06-12T13:15:02-0300 [stdout#info] Not connected to a wireless access point
2020-06-12T13:15:02-0300 [stdout#info] Not connected to a wireless access point
2020-06-12T13:15:02-0300 [stdout#info] Not connected to a wireless access point
2020-06-12T13:15:02-0300 [stdout#info] Not connected to a wireless access point
2020-06-12T13:15:02-0300 [stdout#info] Not connected to a wireless access point
2020-06-12T13:15:02-0300 [stdout#info] Not connected to a wireless access point
2020-06-12T13:15:02-0300 [stdout#info] Not connected to a wireless access point
2020-06-12T13:15:03-0300 [stdout#info] Not connected to a wireless access point
2020-06-12T13:15:03-0300 [stdout#info] Not connected to a wireless access point
2020-06-12T13:15:03-0300 [stdout#info] Not connected to a wireless access point
2020-06-12T13:15:03-0300 [stdout#info] Not connected to a wireless access point
2020-06-12T13:15:03-0300 [stdout#info] Not connected to a wireless access point
2020-06-12T13:15:03-0300 [stdout#info] Not connected to a wireless access point
2020-06-12T13:15:03-0300 [stdout#info] Not connected to a wireless access point
2020-06-12T13:15:03-0300 [stdout#info] Not connected to a wireless access point
2020-06-12T13:15:03-0300 [stdout#info] Not connected to a wireless access point
2020-06-12T13:15:03-0300 [stdout#info] Not connected to a wireless access point
2020-06-12T13:15:04-0300 [stdout#info] Not connected to a wireless access point
2020-06-12T13:15:04-0300 [stdout#info] Not connected to a wireless access point
2020-06-12T13:15:04-0300 [stdout#info] Not connected to a wireless access point
2020-06-12T13:15:04-0300 [stdout#info] Not connected to a wireless access point
2020-06-12T13:15:04-0300 [stdout#info] Not connected to a wireless access point
2020-06-12T13:15:04-0300 [stdout#info] Not connected to a wireless access point
2020-06-12T13:15:04-0300 [stdout#info] Not connected to a wireless access point
2020-06-12T13:15:04-0300 [stdout#info] Not connected to a wireless access point
2020-06-12T13:15:04-0300 [stdout#info] Not connected to a wireless access point
2020-06-12T13:15:04-0300 [stdout#info] Not connected to a wireless access point
2020-06-12T13:15:05-0300 [stdout#info] Not connected to a wireless access point
2020-06-12T13:15:05-0300 [stdout#info] Not connected to a wireless access point
2020-06-12T13:15:05-0300 [stdout#info] Not connected to a wireless access point
2020-06-12T13:15:05-0300 [stdout#info] Not connected to a wireless access point
2020-06-12T13:15:05-0300 [stdout#info] Not connected to a wireless access point
2020-06-12T13:15:05-0300 [stdout#info] Not connected to a wireless access point
2020-06-12T13:15:05-0300 [stdout#info] Not connected to a wireless access point
2020-06-12T13:15:05-0300 [stdout#info] Not connected to a wireless access point
2020-06-12T13:15:05-0300 [stdout#info] Not connected to a wireless access point
2020-06-12T13:15:05-0300 [stdout#info] Not connected to a wireless access point
2020-06-12T13:15:06-0300 [stdout#info] Not connected to a wireless access point
2020-06-12T13:15:06-0300 [stdout#info] Not connected to a wireless access point
2020-06-12T13:15:06-0300 [stdout#info] Not connected to a wireless access point
2020-06-12T13:15:06-0300 [stdout#info] Not connected to a wireless access point
2020-06-12T13:15:06-0300 [stdout#info] Not connected to a wireless access point
2020-06-12T13:15:06-0300 [stdout#info] Not connected to a wireless access point
2020-06-12T13:15:06-0300 [stdout#info] Not connected to a wireless access point
2020-06-12T13:15:06-0300 [stdout#info] Not connected to a wireless access point
2020-06-12T13:15:06-0300 [stdout#info] Not connected to a wireless access point
2020-06-12T13:15:06-0300 [stdout#info] Not connected to a wireless access point
2020-06-12T13:15:07-0300 [stdout#info] Not connected to a wireless access point
2020-06-12T13:15:07-0300 [stdout#info] Not connected to a wireless access point
2020-06-12T13:15:07-0300 [stdout#info] Not connected to a wireless access point
2020-06-12T13:15:07-0300 [stdout#info] Not connected to a wireless access point
2020-06-12T13:15:07-0300 [stdout#info] Not connected to a wireless access point
2020-06-12T13:15:07-0300 [stdout#info] Not connected to a wireless access point
2020-06-12T13:15:07-0300 [stdout#info] Not connected to a wireless access point
2020-06-12T13:15:07-0300 [stdout#info] Not connected to a wireless access point
2020-06-12T13:15:07-0300 [stdout#info] Not connected to a wireless access point
2020-06-12T13:15:07-0300 [stdout#info] Not connected to a wireless access point
2020-06-12T13:15:08-0300 [stdout#info] Not connected to a wireless access point
2020-06-12T13:15:08-0300 [stdout#info] Not connected to a wireless access point
2020-06-12T13:15:08-0300 [stdout#info] Not connected to a wireless access point
2020-06-12T13:15:08-0300 [stdout#info] Not connected to a wireless access point
2020-06-12T13:15:08-0300 [stdout#info] Not connected to a wireless access point
2020-06-12T13:15:08-0300 [stdout#info] Not connected to a wireless access point
2020-06-12T13:15:08-0300 [stdout#info] Not connected to a wireless access point
2020-06-12T13:15:08-0300 [stdout#info] Not connected to a wireless access point
2020-06-12T13:15:08-0300 [stdout#info] Not connected to a wireless access point
2020-06-12T13:15:08-0300 [stdout#info] Not connected to a wireless access point
2020-06-12T13:15:09-0300 [stdout#info] Not connected to a wireless access point
2020-06-12T13:15:09-0300 [stdout#info] Not connected to a wireless access point
2020-06-12T13:15:09-0300 [stdout#info] Not connected to a wireless access point
2020-06-12T13:15:09-0300 [stdout#info] Not connected to a wireless access point
2020-06-12T13:15:09-0300 [stdout#info] Not connected to a wireless access point
2020-06-12T13:15:09-0300 [stdout#info] Not connected to a wireless access point
2020-06-12T13:15:09-0300 [stdout#info] Not connected to a wireless access point
2020-06-12T13:15:09-0300 [stdout#info] Not connected to a wireless access point
2020-06-12T13:15:09-0300 [stdout#info] Not connected to a wireless access point
2020-06-12T13:15:09-0300 [stdout#info] Not connected to a wireless access point
2020-06-12T13:15:10-0300 [stdout#info] Not connected to a wireless access point
2020-06-12T13:15:10-0300 [stdout#info] Not connected to a wireless access point
2020-06-12T13:15:10-0300 [stdout#info] Not connected to a wireless access point
2020-06-12T13:15:10-0300 [stdout#info] Not connected to a wireless access point
2020-06-12T13:15:10-0300 [stdout#info] Not connected to a wireless access point
2020-06-12T13:15:10-0300 [stdout#info] Not connected to a wireless access point
2020-06-12T13:15:10-0300 [stdout#info] Not connected to a wireless access point
2020-06-12T13:15:10-0300 [stdout#info] Not connected to a wireless access point
2020-06-12T13:15:10-0300 [stdout#info] Not connected to a wireless access point
2020-06-12T13:15:10-0300 [stdout#info] Not connected to a wireless access point
2020-06-12T13:15:11-0300 [stdout#info] Not connected to a wireless access point
2020-06-12T13:15:11-0300 [stdout#info] Not connected to a wireless access point
2020-06-12T13:15:11-0300 [stdout#info] Not connected to a wireless access point
2020-06-12T13:15:11-0300 [stdout#info] Not connected to a wireless access point
2020-06-12T13:15:11-0300 [stdout#info] Not connected to a wireless access point
2020-06-12T13:15:11-0300 [stdout#info] Not connected to a wireless access point
2020-06-12T13:15:11-0300 [stdout#info] Not connected to a wireless access point
2020-06-12T13:15:11-0300 [stdout#info] Not connected to a wireless access point
2020-06-12T13:15:11-0300 [stdout#info] Not connected to a wireless access point
2020-06-12T13:15:11-0300 [stdout#info] Not connected to a wireless access point
2020-06-12T13:15:12-0300 [stdout#info] Not connected to a wireless access point
2020-06-12T13:15:12-0300 [stdout#info] Not connected to a wireless access point
2020-06-12T13:15:12-0300 [stdout#info] Not connected to a wireless access point
2020-06-12T13:15:12-0300 [stdout#info] Not connected to a wireless access point
2020-06-12T13:15:12-0300 [stdout#info] Not connected to a wireless access point
2020-06-12T13:15:12-0300 [stdout#info] Not connected to a wireless access point
2020-06-12T13:15:12-0300 [stdout#info] Not connected to a wireless access point
2020-06-12T13:15:12-0300 [stdout#info] Not connected to a wireless access point
2020-06-12T13:15:12-0300 [stdout#info] Not connected to a wireless access point
2020-06-12T13:15:12-0300 [stdout#info] Not connected to a wireless access point
2020-06-12T13:15:13-0300 [stdout#info] Not connected to a wireless access point
2020-06-12T13:15:13-0300 [stdout#info] Not connected to a wireless access point
2020-06-12T13:15:13-0300 [stdout#info] Not connected to a wireless access point
2020-06-12T13:15:13-0300 [stdout#info] Not connected to a wireless access point
2020-06-12T13:15:13-0300 [stdout#info] Not connected to a wireless access point
2020-06-12T13:15:13-0300 [stdout#info] Not connected to a wireless access point
2020-06-12T13:15:13-0300 [stdout#info] Not connected to a wireless access point
2020-06-12T13:15:13-0300 [stdout#info] Not connected to a wireless access point
2020-06-12T13:15:13-0300 [stdout#info] Not connected to a wireless access point
2020-06-12T13:15:13-0300 [stdout#info] Not connected to a wireless access point
2020-06-12T13:15:14-0300 [stdout#info] Not connected to a wireless access point
2020-06-12T13:15:14-0300 [stdout#info] Not connected to a wireless access point
2020-06-12T13:15:14-0300 [stdout#info] Not connected to a wireless access point
2020-06-12T13:15:14-0300 [stdout#info] Not connected to a wireless access point
2020-06-12T13:15:14-0300 [stdout#info] Not connected to a wireless access point
2020-06-12T13:15:14-0300 [stdout#info] Not connected to a wireless access point
2020-06-12T13:15:14-0300 [stdout#info] Not connected to a wireless access point
2020-06-12T13:15:14-0300 [stdout#info] Not connected to a wireless access point
2020-06-12T13:15:14-0300 [stdout#info] Not connected to a wireless access point
2020-06-12T13:15:14-0300 [stdout#info] Not connected to a wireless access point
2020-06-12T13:15:15-0300 [stdout#info] Not connected to a wireless access point
2020-06-12T13:15:15-0300 [stdout#info] Not connected to a wireless access point
2020-06-12T13:15:15-0300 [stdout#info] Not connected to a wireless access point
2020-06-12T13:15:15-0300 [stdout#info] Not connected to a wireless access point
2020-06-12T13:15:15-0300 [stdout#info] Not connected to a wireless access point
2020-06-12T13:15:15-0300 [stdout#info] Not connected to a wireless access point
2020-06-12T13:15:15-0300 [stdout#info] Not connected to a wireless access point
2020-06-12T13:15:15-0300 [stdout#info] Not connected to a wireless access point
2020-06-12T13:15:15-0300 [stdout#info] Not connected to a wireless access point
2020-06-12T13:15:15-0300 [stdout#info] Not connected to a wireless access point
2020-06-12T13:15:16-0300 [stdout#info] Not connected to a wireless access point
2020-06-12T13:15:16-0300 [stdout#info] Not connected to a wireless access point
2020-06-12T13:15:16-0300 [stdout#info] Not connected to a wireless access point
2020-06-12T13:15:16-0300 [stdout#info] Not connected to a wireless access point
2020-06-12T13:15:16-0300 [stdout#info] Not connected to a wireless access point
2020-06-12T13:15:16-0300 [stdout#info] Not connected to a wireless access point
2020-06-12T13:15:16-0300 [stdout#info] Not connected to a wireless access point
2020-06-12T13:15:16-0300 [stdout#info] Not connected to a wireless access point
2020-06-12T13:15:16-0300 [stdout#info] Not connected to a wireless access point
2020-06-12T13:15:16-0300 [stdout#info] Not connected to a wireless access point
2020-06-12T13:15:17-0300 [stdout#info] Not connected to a wireless access point
2020-06-12T13:15:17-0300 [stdout#info] Not connected to a wireless access point
2020-06-12T13:15:17-0300 [stdout#info] Not connected to a wireless access point
2020-06-12T13:15:17-0300 [stdout#info] Not connected to a wireless access point
2020-06-12T13:15:17-0300 [stdout#info] Not connected to a wireless access point
2020-06-12T13:15:17-0300 [stdout#info] Not connected to a wireless access point
2020-06-12T13:15:17-0300 [stdout#info] Not connected to a wireless access point
2020-06-12T13:15:17-0300 [stdout#info] Not connected to a wireless access point
2020-06-12T13:15:17-0300 [stdout#info] Not connected to a wireless access point
2020-06-12T13:15:17-0300 [stdout#info] Not connected to a wireless access point
2020-06-12T13:15:18-0300 [stdout#info] Not connected to a wireless access point
2020-06-12T13:15:18-0300 [stdout#info] Not connected to a wireless access point
2020-06-12T13:15:18-0300 [stdout#info] Not connected to a wireless access point
2020-06-12T13:15:18-0300 [stdout#info] Not connected to a wireless access point
2020-06-12T13:15:18-0300 [stdout#info] Not connected to a wireless access point
2020-06-12T13:15:18-0300 [stdout#info] Not connected to a wireless access point
2020-06-12T13:15:18-0300 [stdout#info] Not connected to a wireless access point
2020-06-12T13:15:18-0300 [stdout#info] Not connected to a wireless access point
2020-06-12T13:15:18-0300 [stdout#info] Not connected to a wireless access point
2020-06-12T13:15:18-0300 [stdout#info] Not connected to a wireless access point
2020-06-12T13:15:19-0300 [stdout#info] Not connected to a wireless access point
2020-06-12T13:15:19-0300 [stdout#info] Not connected to a wireless access point
2020-06-12T13:15:19-0300 [stdout#info] Not connected to a wireless access point
2020-06-12T13:15:19-0300 [stdout#info] Not connected to a wireless access point
2020-06-12T13:15:19-0300 [stdout#info] Not connected to a wireless access point
2020-06-12T13:15:19-0300 [stdout#info] Not connected to a wireless access point
2020-06-12T13:15:19-0300 [stdout#info] Not connected to a wireless access point
2020-06-12T13:15:19-0300 [stdout#info] Not connected to a wireless access point
2020-06-12T13:15:19-0300 [stdout#info] Not connected to a wireless access point
2020-06-12T13:15:19-0300 [stdout#info] Not connected to a wireless access point
2020-06-12T13:15:20-0300 [stdout#info] Not connected to a wireless access point
2020-06-12T13:15:20-0300 [stdout#info] Not connected to a wireless access point
2020-06-12T13:15:20-0300 [stdout#info] Not connected to a wireless access point
2020-06-12T13:15:20-0300 [stdout#info] Not connected to a wireless access point
2020-06-12T13:15:20-0300 [stdout#info] Not connected to a wireless access point
2020-06-12T13:15:20-0300 [stdout#info] Not connected to a wireless access point
2020-06-12T13:15:20-0300 [stdout#info] Not connected to a wireless access point
2020-06-12T13:15:20-0300 [stdout#info] Not connected to a wireless access point
2020-06-12T13:15:20-0300 [stdout#info] Not connected to a wireless access point
2020-06-12T13:15:20-0300 [stdout#info] Not connected to a wireless access point
2020-06-12T13:15:21-0300 [stdout#info] Not connected to a wireless access point
2020-06-12T13:15:21-0300 [stdout#info] Not connected to a wireless access point
2020-06-12T13:15:21-0300 [stdout#info] Not connected to a wireless access point
2020-06-12T13:15:21-0300 [stdout#info] Not connected to a wireless access point
2020-06-12T13:15:21-0300 [stdout#info] Not connected to a wireless access point
2020-06-12T13:15:21-0300 [stdout#info] Not connected to a wireless access point
2020-06-12T13:15:21-0300 [stdout#info] Not connected to a wireless access point
2020-06-12T13:15:21-0300 [stdout#info] Not connected to a wireless access point
2020-06-12T13:15:21-0300 [stdout#info] Not connected to a wireless access point
2020-06-12T13:15:21-0300 [stdout#info] Not connected to a wireless access point
2020-06-12T13:15:22-0300 [stdout#info] Not connected to a wireless access point
2020-06-12T13:15:22-0300 [stdout#info] Not connected to a wireless access point
2020-06-12T13:15:22-0300 [stdout#info] Not connected to a wireless access point
2020-06-12T13:15:22-0300 [stdout#info] Not connected to a wireless access point
2020-06-12T13:15:22-0300 [stdout#info] Not connected to a wireless access point
2020-06-12T13:15:22-0300 [stdout#info] Not connected to a wireless access point
2020-06-12T13:15:22-0300 [stdout#info] Not connected to a wireless access point
2020-06-12T13:15:22-0300 [stdout#info] Not connected to a wireless access point
2020-06-12T13:15:22-0300 [stdout#info] Not connected to a wireless access point
2020-06-12T13:15:22-0300 [stdout#info] Not connected to a wireless access point
2020-06-12T13:15:23-0300 [stdout#info] Not connected to a wireless access point
2020-06-12T13:15:23-0300 [stdout#info] Not connected to a wireless access point
2020-06-12T13:15:23-0300 [stdout#info] Not connected to a wireless access point
2020-06-12T13:15:23-0300 [stdout#info] Not connected to a wireless access point
2020-06-12T13:15:23-0300 [stdout#info] Not connected to a wireless access point
2020-06-12T13:15:23-0300 [stdout#info] Not connected to a wireless access point
2020-06-12T13:15:23-0300 [stdout#info] Not connected to a wireless access point
2020-06-12T13:15:23-0300 [stdout#info] Not connected to a wireless access point
2020-06-12T13:15:23-0300 [stdout#info] Not connected to a wireless access point
2020-06-12T13:15:23-0300 [stdout#info] Not connected to a wireless access point
2020-06-12T13:15:24-0300 [stdout#info] Not connected to a wireless access point
2020-06-12T13:15:24-0300 [stdout#info] Not connected to a wireless access point
2020-06-12T13:15:24-0300 [stdout#info] Not connected to a wireless access point
2020-06-12T13:15:24-0300 [stdout#info] Not connected to a wireless access point
2020-06-12T13:15:24-0300 [stdout#info] Not connected to a wireless access point
2020-06-12T13:15:24-0300 [stdout#info] Not connected to a wireless access point
2020-06-12T13:15:24-0300 [stdout#info] Not connected to a wireless access point
2020-06-12T13:15:24-0300 [stdout#info] Not connected to a wireless access point
2020-06-12T13:15:24-0300 [stdout#info] Not connected to a wireless access point
2020-06-12T13:15:24-0300 [stdout#info] Not connected to a wireless access point
2020-06-12T13:15:25-0300 [stdout#info] Not connected to a wireless access point
2020-06-12T13:15:25-0300 [stdout#info] Not connected to a wireless access point
2020-06-12T13:15:25-0300 [stdout#info] Not connected to a wireless access point
2020-06-12T13:15:25-0300 [stdout#info] Not connected to a wireless access point
2020-06-12T13:15:25-0300 [stdout#info] Not connected to a wireless access point
2020-06-12T13:15:25-0300 [stdout#info] Not connected to a wireless access point
2020-06-12T13:15:25-0300 [stdout#info] Not connected to a wireless access point
2020-06-12T13:15:25-0300 [stdout#info] Not connected to a wireless access point
2020-06-12T13:15:25-0300 [stdout#info] Not connected to a wireless access point
2020-06-12T13:15:25-0300 [stdout#info] Not connected to a wireless access point
2020-06-12T13:15:26-0300 [stdout#info] Not connected to a wireless access point
2020-06-12T13:15:26-0300 [stdout#info] Not connected to a wireless access point
2020-06-12T13:15:26-0300 [stdout#info] Not connected to a wireless access point
2020-06-12T13:15:26-0300 [stdout#info] Not connected to a wireless access point
2020-06-12T13:15:26-0300 [stdout#info] Not connected to a wireless access point
2020-06-12T13:15:26-0300 [stdout#info] Not connected to a wireless access point
2020-06-12T13:15:26-0300 [stdout#info] Not connected to a wireless access point
2020-06-12T13:15:26-0300 [stdout#info] Not connected to a wireless access point
2020-06-12T13:15:26-0300 [stdout#info] Not connected to a wireless access point
2020-06-12T13:15:26-0300 [stdout#info] Not connected to a wireless access point
2020-06-12T13:15:27-0300 [stdout#info] Not connected to a wireless access point
2020-06-12T13:15:27-0300 [stdout#info] Not connected to a wireless access point
2020-06-12T13:15:27-0300 [stdout#info] Not connected to a wireless access point
2020-06-12T13:15:27-0300 [stdout#info] Not connected to a wireless access point
2020-06-12T13:15:27-0300 [stdout#info] Not connected to a wireless access point
2020-06-12T13:15:27-0300 [stdout#info] Not connected to a wireless access point
2020-06-12T13:15:27-0300 [stdout#info] Not connected to a wireless access point
2020-06-12T13:15:27-0300 [stdout#info] Not connected to a wireless access point
2020-06-12T13:15:27-0300 [stdout#info] Not connected to a wireless access point
2020-06-12T13:15:27-0300 [stdout#info] Not connected to a wireless access point
2020-06-12T13:15:28-0300 [stdout#info] Not connected to a wireless access point
2020-06-12T13:15:28-0300 [stdout#info] Not connected to a wireless access point
2020-06-12T13:15:28-0300 [stdout#info] Not connected to a wireless access point
2020-06-12T13:15:28-0300 [stdout#info] Not connected to a wireless access point
2020-06-12T13:15:28-0300 [stdout#info] Not connected to a wireless access point
2020-06-12T13:15:28-0300 [stdout#info] Not connected to a wireless access point
2020-06-12T13:15:28-0300 [stdout#info] Not connected to a wireless access point
2020-06-12T13:15:28-0300 [stdout#info] Not connected to a wireless access point
2020-06-12T13:15:28-0300 [stdout#info] Not connected to a wireless access point
2020-06-12T13:15:28-0300 [stdout#info] Not connected to a wireless access point
2020-06-12T13:15:29-0300 [stdout#info] Not connected to a wireless access point
2020-06-12T13:15:29-0300 [stdout#info] Not connected to a wireless access point
2020-06-12T13:15:29-0300 [stdout#info] Not connected to a wireless access point
2020-06-12T13:15:29-0300 [stdout#info] Not connected to a wireless access point
2020-06-12T13:15:29-0300 [stdout#info] Not connected to a wireless access point
2020-06-12T13:15:29-0300 [stdout#info] Not connected to a wireless access point
2020-06-12T13:15:29-0300 [stdout#info] Not connected to a wireless access point
2020-06-12T13:15:29-0300 [stdout#info] Not connected to a wireless access point
2020-06-12T13:15:29-0300 [stdout#info] Not connected to a wireless access point
2020-06-12T13:15:29-0300 [stdout#info] Not connected to a wireless access point
2020-06-12T13:15:30-0300 [stdout#info] Not connected to a wireless access point
2020-06-12T13:15:30-0300 [stdout#info] Not connected to a wireless access point
2020-06-12T13:15:30-0300 [stdout#info] Not connected to a wireless access point
2020-06-12T13:15:30-0300 [stdout#info] Not connected to a wireless access point
2020-06-12T13:15:30-0300 [stdout#info] Not connected to a wireless access point
2020-06-12T13:15:30-0300 [stdout#info] Not connected to a wireless access point
2020-06-12T13:15:30-0300 [stdout#info] Not connected to a wireless access point
2020-06-12T13:15:30-0300 [stdout#info] Not connected to a wireless access point
2020-06-12T13:15:30-0300 [stdout#info] Not connected to a wireless access point
2020-06-12T13:15:30-0300 [stdout#info] Not connected to a wireless access point
2020-06-12T13:15:31-0300 [stdout#info] Not connected to a wireless access point
2020-06-12T13:15:31-0300 [stdout#info] Not connected to a wireless access point
2020-06-12T13:15:31-0300 [stdout#info] Not connected to a wireless access point
2020-06-12T13:15:31-0300 [stdout#info] Not connected to a wireless access point
2020-06-12T13:15:31-0300 [stdout#info] Not connected to a wireless access point
2020-06-12T13:15:31-0300 [stdout#info] Not connected to a wireless access point
2020-06-12T13:15:31-0300 [stdout#info] Not connected to a wireless access point
2020-06-12T13:15:31-0300 [stdout#info] Not connected to a wireless access point
2020-06-12T13:15:31-0300 [stdout#info] Not connected to a wireless access point
2020-06-12T13:15:31-0300 [stdout#info] Not connected to a wireless access point
2020-06-12T13:15:32-0300 [stdout#info] Not connected to a wireless access point
2020-06-12T13:15:32-0300 [stdout#info] Not connected to a wireless access point
2020-06-12T13:15:32-0300 [stdout#info] Not connected to a wireless access point
2020-06-12T13:15:32-0300 [stdout#info] Not connected to a wireless access point
2020-06-12T13:15:32-0300 [stdout#info] Not connected to a wireless access point
2020-06-12T13:15:32-0300 [stdout#info] Not connected to a wireless access point
2020-06-12T13:15:32-0300 [stdout#info] Not connected to a wireless access point
2020-06-12T13:15:32-0300 [stdout#info] Not connected to a wireless access point
2020-06-12T13:15:32-0300 [stdout#info] Not connected to a wireless access point
2020-06-12T13:15:32-0300 [stdout#info] Not connected to a wireless access point
2020-06-12T13:15:33-0300 [stdout#info] Not connected to a wireless access point
2020-06-12T13:15:33-0300 [stdout#info] Not connected to a wireless access point
2020-06-12T13:15:33-0300 [stdout#info] Not connected to a wireless access point
2020-06-12T13:15:33-0300 [stdout#info] Not connected to a wireless access point
2020-06-12T13:15:33-0300 [stdout#info] Not connected to a wireless access point
2020-06-12T13:15:33-0300 [stdout#info] Not connected to a wireless access point
2020-06-12T13:15:33-0300 [stdout#info] Not connected to a wireless access point
2020-06-12T13:15:33-0300 [stdout#info] Not connected to a wireless access point
2020-06-12T13:15:33-0300 [stdout#info] Not connected to a wireless access point
2020-06-12T13:15:33-0300 [stdout#info] Not connected to a wireless access point
2020-06-12T13:15:34-0300 [stdout#info] Not connected to a wireless access point
2020-06-12T13:15:34-0300 [stdout#info] Not connected to a wireless access point
2020-06-12T13:15:34-0300 [stdout#info] Not connected to a wireless access point
2020-06-12T13:15:34-0300 [stdout#info] Not connected to a wireless access point
2020-06-12T13:15:34-0300 [stdout#info] Not connected to a wireless access point
2020-06-12T13:15:34-0300 [stdout#info] Not connected to a wireless access point
2020-06-12T13:15:34-0300 [stdout#info] Not connected to a wireless access point
2020-06-12T13:15:34-0300 [stdout#info] Not connected to a wireless access point
2020-06-12T13:15:34-0300 [stdout#info] Not connected to a wireless access point
2020-06-12T13:15:34-0300 [stdout#info] Not connected to a wireless access point
2020-06-12T13:15:35-0300 [stdout#info] Not connected to a wireless access point
2020-06-12T13:15:35-0300 [stdout#info] Not connected to a wireless access point
2020-06-12T13:15:35-0300 [stdout#info] Not connected to a wireless access point
2020-06-12T13:15:35-0300 [stdout#info] Not connected to a wireless access point
2020-06-12T13:15:35-0300 [stdout#info] Not connected to a wireless access point
2020-06-12T13:15:35-0300 [stdout#info] Assossiated to : notebook 1
2020-06-12T13:15:36-0300 [twisted.internet.endpoints.OneShotFactory#info] Starting factory <twisted.internet.endpoints.connectProtocol.<locals>.OneShotFactory object at 0x7fc9b98f77b8>
2020-06-12T13:15:36-0300 [applications.httpapp.HttpServerAppFactory] Connection received - Number of events: 5
2020-06-12T13:15:36-0300 [HttpServerAppProtocol,0,127.0.0.1] Received from client HTTP 1.0 / GET request
2020-06-12T13:15:36-0300 [HttpServerAppProtocol,0,127.0.0.1] Sending HTTP RESPONSE - Number of events: 6
2020-06-12T13:26:38-0300 [-] Received SIGINT, shutting down.
2020-06-12T13:26:38-0300 [applications.httpapp.HttpServerAppFactory] (TCP Port 8080 Closed)
2020-06-12T13:26:38-0300 [applications.routerapp.RouterFactory] (TCP Port 8081 Closed)
2020-06-12T13:26:38-0300 [twisted.internet.endpoints.OneShotFactory#info] Stopping factory <twisted.internet.endpoints.connectProtocol.<locals>.OneShotFactory object at 0x7fc9b98f77b8>
2020-06-12T13:26:38-0300 [HttpServerAppProtocol,0,127.0.0.1] connection lost: Connection to the other side was lost in a non-clean fashion: Connection lost.
2020-06-12T13:26:38-0300 [HttpServerAppProtocol,0,127.0.0.1] connection lost - Number of events: 7
2020-06-12T13:26:38-0300 [-] Main loop terminated.
