2020-06-03T23:19:02-0300 [stderr#error] Exception in Tkinter callback
2020-06-03T23:19:02-0300 [stderr#error] Traceback (most recent call last):
2020-06-03T23:19:02-0300 [stderr#error]   File "/usr/lib/python3.6/tkinter/__init__.py", line 1708, in __call__
2020-06-03T23:19:02-0300 [stderr#error]     return self.func(*args)
2020-06-03T23:19:02-0300 [stderr#error]   File "/home/rafael/iotfogsim/scinetsim/scinetsim/configurations.py", line 107, in <lambda>
2020-06-03T23:19:02-0300 [stderr#error]     btn_open = ttk.Button(window, text="Open Project",command=lambda:open_project(window,simulation_core))
2020-06-03T23:19:02-0300 [stderr#error]   File "/home/rafael/iotfogsim/scinetsim/scinetsim/configurations.py", line 61, in open_project
2020-06-03T23:19:02-0300 [stderr#error]     load_nodes(selected_project_name, simulation_core)
2020-06-03T23:19:02-0300 [stderr#error]   File "/home/rafael/iotfogsim/scinetsim/scinetsim/configurations.py", line 134, in load_nodes
2020-06-03T23:19:02-0300 [stderr#error]     data = json.loads(json.dumps(nodes_file))
2020-06-03T23:19:02-0300 [stderr#error]   File "/usr/lib/python3.6/json/__init__.py", line 231, in dumps
2020-06-03T23:19:02-0300 [stderr#error]     return _default_encoder.encode(obj)
2020-06-03T23:19:02-0300 [stderr#error]   File "/usr/lib/python3.6/json/encoder.py", line 199, in encode
2020-06-03T23:19:02-0300 [stderr#error]     chunks = self.iterencode(o, _one_shot=True)
2020-06-03T23:19:02-0300 [stderr#error]   File "/usr/lib/python3.6/json/encoder.py", line 257, in iterencode
2020-06-03T23:19:02-0300 [stderr#error]     return _iterencode(o, 0)
2020-06-03T23:19:02-0300 [stderr#error]   File "/usr/lib/python3.6/json/encoder.py", line 180, in default
2020-06-03T23:19:02-0300 [stderr#error]     o.__class__.__name__)
2020-06-03T23:19:02-0300 [stderr#error] TypeError: Object of type 'TextIOWrapper' is not JSON serializable
2020-06-03T23:19:18-0300 [-] Received SIGINT, shutting down.
2020-06-03T23:19:18-0300 [-] Main loop terminated.
