2020-06-23T09:02:25-0300 [-] Creating router ...
2020-06-23T09:02:25-0300 [-] Initializing Router - Number of events: 1
2020-06-23T09:02:25-0300 [-] RouterFactory starting on 8081
2020-06-23T09:02:25-0300 [-] Creating AccessPoint station ...
2020-06-23T09:02:25-0300 [-] Initializing Access Point - Number of events: 2
2020-06-23T09:02:26-0300 [-] There is no wifi devices in this simulation or it is not in this wifi signal coverage area.
2020-06-23T09:02:26-0300 [-] Initializing sensor node - Number of events: 3
2020-06-23T09:02:27-0300 [stdout#info] Not connected to a wireless access point
2020-06-23T09:02:27-0300 [-] Initializing Server - Number of events: 4
2020-06-23T09:02:27-0300 [-] HttpServerAppFactory starting on 8080
2020-06-23T09:02:27-0300 [stdout#info] Not connected to a wireless access point
2020-06-23T09:02:27-0300 [stdout#info] This divice have no simulation core instance
2020-06-23T09:02:27-0300 [stdout#info] This divice have no simulation core instance
2020-06-23T09:02:27-0300 [stdout#info] Not connected to a wireless access point
2020-06-23T09:02:27-0300 [stdout#info] Not connected to a wireless access point
2020-06-23T09:02:27-0300 [stdout#info] Not connected to a wireless access point
2020-06-23T09:02:27-0300 [stdout#info] Not connected to a wireless access point
2020-06-23T09:02:28-0300 [stdout#info] Not connected to a wireless access point
2020-06-23T09:02:28-0300 [stdout#info] Not connected to a wireless access point
2020-06-23T09:02:28-0300 [stdout#info] Not connected to a wireless access point
2020-06-23T09:02:28-0300 [stdout#info] Not connected to a wireless access point
2020-06-23T09:02:28-0300 [stdout#info] Not connected to a wireless access point
2020-06-23T09:02:28-0300 [stdout#info] Not connected to a wireless access point
2020-06-23T09:02:28-0300 [stdout#info] Not connected to a wireless access point
2020-06-23T09:02:28-0300 [stdout#info] Not connected to a wireless access point
2020-06-23T09:02:28-0300 [stdout#info] Not connected to a wireless access point
2020-06-23T09:02:28-0300 [stdout#info] Not connected to a wireless access point
2020-06-23T09:02:29-0300 [stdout#info] Not connected to a wireless access point
2020-06-23T09:02:29-0300 [stdout#info] Not connected to a wireless access point
2020-06-23T09:02:29-0300 [stdout#info] Not connected to a wireless access point
2020-06-23T09:02:29-0300 [stdout#info] Not connected to a wireless access point
2020-06-23T09:02:29-0300 [stdout#info] Not connected to a wireless access point
2020-06-23T09:02:29-0300 [stdout#info] Not connected to a wireless access point
2020-06-23T09:02:29-0300 [stdout#info] Not connected to a wireless access point
2020-06-23T09:02:29-0300 [stdout#info] Not connected to a wireless access point
2020-06-23T09:02:29-0300 [stdout#info] Not connected to a wireless access point
2020-06-23T09:02:29-0300 [stdout#info] Not connected to a wireless access point
2020-06-23T09:02:30-0300 [stdout#info] Not connected to a wireless access point
2020-06-23T09:02:30-0300 [stdout#info] Not connected to a wireless access point
2020-06-23T09:02:30-0300 [stdout#info] Not connected to a wireless access point
2020-06-23T09:02:30-0300 [stdout#info] Not connected to a wireless access point
2020-06-23T09:02:30-0300 [stdout#info] Not connected to a wireless access point
2020-06-23T09:02:30-0300 [stdout#info] Not connected to a wireless access point
2020-06-23T09:02:30-0300 [stdout#info] Not connected to a wireless access point
2020-06-23T09:02:30-0300 [stdout#info] Not connected to a wireless access point
2020-06-23T09:02:30-0300 [stdout#info] Not connected to a wireless access point
2020-06-23T09:02:30-0300 [stdout#info] Not connected to a wireless access point
2020-06-23T09:02:31-0300 [stdout#info] Not connected to a wireless access point
2020-06-23T09:02:31-0300 [stdout#info] Not connected to a wireless access point
2020-06-23T09:02:31-0300 [stdout#info] Not connected to a wireless access point
2020-06-23T09:02:31-0300 [stdout#info] Not connected to a wireless access point
2020-06-23T09:02:31-0300 [stdout#info] Not connected to a wireless access point
2020-06-23T09:02:31-0300 [stdout#info] Not connected to a wireless access point
2020-06-23T09:02:31-0300 [stdout#info] Not connected to a wireless access point
2020-06-23T09:02:31-0300 [stdout#info] Not connected to a wireless access point
2020-06-23T09:02:31-0300 [stdout#info] Not connected to a wireless access point
2020-06-23T09:02:31-0300 [stdout#info] Not connected to a wireless access point
2020-06-23T09:02:32-0300 [stdout#info] Not connected to a wireless access point
2020-06-23T09:02:32-0300 [stdout#info] Not connected to a wireless access point
2020-06-23T09:02:32-0300 [stdout#info] Not connected to a wireless access point
2020-06-23T09:02:32-0300 [stdout#info] Not connected to a wireless access point
2020-06-23T09:02:32-0300 [stdout#info] Not connected to a wireless access point
2020-06-23T09:02:32-0300 [stdout#info] Not connected to a wireless access point
2020-06-23T09:02:32-0300 [stdout#info] Not connected to a wireless access point
2020-06-23T09:02:32-0300 [stdout#info] Not connected to a wireless access point
2020-06-23T09:02:32-0300 [stdout#info] Not connected to a wireless access point
2020-06-23T09:02:32-0300 [stdout#info] Not connected to a wireless access point
2020-06-23T09:02:33-0300 [stdout#info] Not connected to a wireless access point
2020-06-23T09:02:33-0300 [stdout#info] Not connected to a wireless access point
2020-06-23T09:02:33-0300 [stdout#info] Not connected to a wireless access point
2020-06-23T09:02:33-0300 [stdout#info] Not connected to a wireless access point
2020-06-23T09:02:33-0300 [stdout#info] Not connected to a wireless access point
2020-06-23T09:02:33-0300 [stdout#info] Not connected to a wireless access point
2020-06-23T09:02:33-0300 [stdout#info] Not connected to a wireless access point
2020-06-23T09:02:33-0300 [stdout#info] Not connected to a wireless access point
2020-06-23T09:02:33-0300 [stdout#info] Not connected to a wireless access point
2020-06-23T09:02:33-0300 [stdout#info] Not connected to a wireless access point
2020-06-23T09:02:34-0300 [stdout#info] Not connected to a wireless access point
2020-06-23T09:02:34-0300 [stdout#info] Not connected to a wireless access point
2020-06-23T09:02:34-0300 [stdout#info] Not connected to a wireless access point
2020-06-23T09:02:34-0300 [stdout#info] Not connected to a wireless access point
2020-06-23T09:02:34-0300 [stdout#info] Not connected to a wireless access point
2020-06-23T09:02:34-0300 [stdout#info] Not connected to a wireless access point
2020-06-23T09:02:34-0300 [stdout#info] Not connected to a wireless access point
2020-06-23T09:02:34-0300 [stdout#info] Not connected to a wireless access point
2020-06-23T09:02:34-0300 [stdout#info] Not connected to a wireless access point
2020-06-23T09:02:34-0300 [stdout#info] Not connected to a wireless access point
2020-06-23T09:02:35-0300 [stdout#info] Not connected to a wireless access point
2020-06-23T09:02:35-0300 [stdout#info] Not connected to a wireless access point
2020-06-23T09:02:35-0300 [stdout#info] Not connected to a wireless access point
2020-06-23T09:02:35-0300 [stdout#info] Not connected to a wireless access point
2020-06-23T09:02:35-0300 [stdout#info] Not connected to a wireless access point
2020-06-23T09:02:35-0300 [stdout#info] Not connected to a wireless access point
2020-06-23T09:02:35-0300 [stdout#info] Not connected to a wireless access point
2020-06-23T09:02:35-0300 [stdout#info] Not connected to a wireless access point
2020-06-23T09:02:35-0300 [stdout#info] Not connected to a wireless access point
2020-06-23T09:02:35-0300 [stdout#info] Not connected to a wireless access point
2020-06-23T09:02:36-0300 [stdout#info] Not connected to a wireless access point
2020-06-23T09:02:36-0300 [stdout#info] Not connected to a wireless access point
2020-06-23T09:02:36-0300 [stdout#info] Not connected to a wireless access point
2020-06-23T09:02:36-0300 [stdout#info] Not connected to a wireless access point
2020-06-23T09:02:36-0300 [stdout#info] Not connected to a wireless access point
2020-06-23T09:02:36-0300 [stdout#info] Not connected to a wireless access point
2020-06-23T09:02:36-0300 [stdout#info] Not connected to a wireless access point
2020-06-23T09:02:36-0300 [stdout#info] Not connected to a wireless access point
2020-06-23T09:02:36-0300 [stdout#info] Not connected to a wireless access point
2020-06-23T09:02:36-0300 [stdout#info] Not connected to a wireless access point
2020-06-23T09:02:37-0300 [stdout#info] Not connected to a wireless access point
2020-06-23T09:02:37-0300 [stdout#info] Not connected to a wireless access point
2020-06-23T09:02:37-0300 [stdout#info] Not connected to a wireless access point
2020-06-23T09:02:37-0300 [stdout#info] Not connected to a wireless access point
2020-06-23T09:02:37-0300 [stdout#info] Not connected to a wireless access point
2020-06-23T09:02:37-0300 [stdout#info] Not connected to a wireless access point
2020-06-23T09:02:37-0300 [stdout#info] Not connected to a wireless access point
2020-06-23T09:02:37-0300 [stdout#info] Not connected to a wireless access point
2020-06-23T09:02:37-0300 [stdout#info] Not connected to a wireless access point
2020-06-23T09:02:37-0300 [stdout#info] Not connected to a wireless access point
2020-06-23T09:02:38-0300 [stdout#info] Not connected to a wireless access point
2020-06-23T09:02:38-0300 [stdout#info] Not connected to a wireless access point
2020-06-23T09:02:38-0300 [stdout#info] Not connected to a wireless access point
2020-06-23T09:02:38-0300 [stdout#info] Not connected to a wireless access point
2020-06-23T09:02:38-0300 [stdout#info] Not connected to a wireless access point
2020-06-23T09:02:38-0300 [stdout#info] Not connected to a wireless access point
2020-06-23T09:02:38-0300 [stdout#info] Not connected to a wireless access point
2020-06-23T09:02:38-0300 [stdout#info] Not connected to a wireless access point
2020-06-23T09:02:38-0300 [stdout#info] Not connected to a wireless access point
2020-06-23T09:02:38-0300 [stdout#info] Not connected to a wireless access point
2020-06-23T09:02:39-0300 [stdout#info] Not connected to a wireless access point
2020-06-23T09:02:39-0300 [stdout#info] Not connected to a wireless access point
2020-06-23T09:02:39-0300 [stdout#info] Not connected to a wireless access point
2020-06-23T09:02:39-0300 [stdout#info] Not connected to a wireless access point
2020-06-23T09:02:39-0300 [stdout#info] Not connected to a wireless access point
2020-06-23T09:02:39-0300 [stdout#info] Not connected to a wireless access point
2020-06-23T09:02:39-0300 [stdout#info] Not connected to a wireless access point
2020-06-23T09:02:39-0300 [stdout#info] Not connected to a wireless access point
2020-06-23T09:02:39-0300 [stdout#info] Not connected to a wireless access point
2020-06-23T09:02:39-0300 [stdout#info] Not connected to a wireless access point
2020-06-23T09:02:40-0300 [stdout#info] Not connected to a wireless access point
2020-06-23T09:02:40-0300 [stdout#info] Not connected to a wireless access point
2020-06-23T09:02:40-0300 [stdout#info] Not connected to a wireless access point
2020-06-23T09:02:40-0300 [stdout#info] Not connected to a wireless access point
2020-06-23T09:02:40-0300 [stdout#info] Not connected to a wireless access point
2020-06-23T09:02:40-0300 [stdout#info] Not connected to a wireless access point
2020-06-23T09:02:40-0300 [stdout#info] Not connected to a wireless access point
2020-06-23T09:02:40-0300 [stdout#info] Not connected to a wireless access point
2020-06-23T09:02:40-0300 [stdout#info] Not connected to a wireless access point
2020-06-23T09:02:40-0300 [stdout#info] Not connected to a wireless access point
2020-06-23T09:02:41-0300 [stdout#info] Not connected to a wireless access point
2020-06-23T09:02:41-0300 [stdout#info] Not connected to a wireless access point
2020-06-23T09:02:41-0300 [stdout#info] Not connected to a wireless access point
2020-06-23T09:02:41-0300 [stdout#info] Not connected to a wireless access point
2020-06-23T09:02:41-0300 [stdout#info] Not connected to a wireless access point
2020-06-23T09:02:41-0300 [stdout#info] Not connected to a wireless access point
2020-06-23T09:02:41-0300 [stdout#info] Not connected to a wireless access point
2020-06-23T09:02:41-0300 [stdout#info] Not connected to a wireless access point
2020-06-23T09:02:41-0300 [stdout#info] Not connected to a wireless access point
2020-06-23T09:02:41-0300 [stdout#info] Not connected to a wireless access point
2020-06-23T09:02:42-0300 [stdout#info] Not connected to a wireless access point
2020-06-23T09:02:42-0300 [stdout#info] Not connected to a wireless access point
2020-06-23T09:02:42-0300 [stdout#info] Not connected to a wireless access point
2020-06-23T09:02:42-0300 [stdout#info] Not connected to a wireless access point
2020-06-23T09:02:42-0300 [stdout#info] Not connected to a wireless access point
2020-06-23T09:02:42-0300 [stdout#info] Not connected to a wireless access point
2020-06-23T09:02:42-0300 [stdout#info] Not connected to a wireless access point
2020-06-23T09:02:42-0300 [stdout#info] Not connected to a wireless access point
2020-06-23T09:02:42-0300 [stdout#info] Not connected to a wireless access point
2020-06-23T09:02:42-0300 [stdout#info] Not connected to a wireless access point
2020-06-23T09:02:43-0300 [stdout#info] Not connected to a wireless access point
2020-06-23T09:02:43-0300 [stdout#info] Not connected to a wireless access point
2020-06-23T09:02:43-0300 [stdout#info] Not connected to a wireless access point
2020-06-23T09:02:43-0300 [stdout#info] Not connected to a wireless access point
2020-06-23T09:02:43-0300 [stdout#info] Not connected to a wireless access point
2020-06-23T09:02:43-0300 [stdout#info] Not connected to a wireless access point
2020-06-23T09:02:43-0300 [stdout#info] Not connected to a wireless access point
2020-06-23T09:02:43-0300 [stdout#info] Not connected to a wireless access point
2020-06-23T09:02:43-0300 [stdout#info] Not connected to a wireless access point
2020-06-23T09:02:43-0300 [stdout#info] Not connected to a wireless access point
2020-06-23T09:02:44-0300 [stdout#info] Not connected to a wireless access point
2020-06-23T09:02:44-0300 [stdout#info] Not connected to a wireless access point
2020-06-23T09:02:44-0300 [stdout#info] Not connected to a wireless access point
2020-06-23T09:02:44-0300 [stdout#info] Not connected to a wireless access point
2020-06-23T09:02:44-0300 [stdout#info] Not connected to a wireless access point
2020-06-23T09:02:44-0300 [stdout#info] Not connected to a wireless access point
2020-06-23T09:02:44-0300 [stdout#info] Not connected to a wireless access point
2020-06-23T09:02:44-0300 [stdout#info] Not connected to a wireless access point
2020-06-23T09:02:44-0300 [stdout#info] Not connected to a wireless access point
2020-06-23T09:02:44-0300 [stdout#info] Not connected to a wireless access point
2020-06-23T09:02:45-0300 [stdout#info] Not connected to a wireless access point
2020-06-23T09:02:45-0300 [stdout#info] Not connected to a wireless access point
2020-06-23T09:02:45-0300 [stdout#info] Not connected to a wireless access point
2020-06-23T09:02:45-0300 [stdout#info] Not connected to a wireless access point
2020-06-23T09:02:45-0300 [stdout#info] Not connected to a wireless access point
2020-06-23T09:02:45-0300 [stdout#info] Not connected to a wireless access point
2020-06-23T09:02:45-0300 [stdout#info] Not connected to a wireless access point
2020-06-23T09:02:45-0300 [stdout#info] Not connected to a wireless access point
2020-06-23T09:02:45-0300 [stdout#info] Not connected to a wireless access point
2020-06-23T09:02:45-0300 [stdout#info] Not connected to a wireless access point
2020-06-23T09:02:46-0300 [stdout#info] Not connected to a wireless access point
2020-06-23T09:02:46-0300 [stdout#info] Not connected to a wireless access point
2020-06-23T09:02:46-0300 [stdout#info] Not connected to a wireless access point
2020-06-23T09:02:46-0300 [stdout#info] Not connected to a wireless access point
2020-06-23T09:02:46-0300 [stdout#info] Not connected to a wireless access point
2020-06-23T09:02:46-0300 [stdout#info] Not connected to a wireless access point
2020-06-23T09:02:46-0300 [stdout#info] Not connected to a wireless access point
2020-06-23T09:02:46-0300 [stdout#info] Not connected to a wireless access point
2020-06-23T09:02:46-0300 [stdout#info] Not connected to a wireless access point
2020-06-23T09:02:46-0300 [stdout#info] Not connected to a wireless access point
2020-06-23T09:02:47-0300 [stdout#info] Not connected to a wireless access point
2020-06-23T09:02:47-0300 [stdout#info] Not connected to a wireless access point
2020-06-23T09:02:47-0300 [stdout#info] Not connected to a wireless access point
2020-06-23T09:02:47-0300 [stdout#info] Not connected to a wireless access point
2020-06-23T09:02:47-0300 [stdout#info] Not connected to a wireless access point
2020-06-23T09:02:47-0300 [stdout#info] Not connected to a wireless access point
2020-06-23T09:02:47-0300 [stdout#info] Not connected to a wireless access point
2020-06-23T09:02:47-0300 [stdout#info] Not connected to a wireless access point
2020-06-23T09:02:47-0300 [stdout#info] Not connected to a wireless access point
2020-06-23T09:02:47-0300 [stdout#info] Not connected to a wireless access point
2020-06-23T09:02:48-0300 [stdout#info] Not connected to a wireless access point
2020-06-23T09:02:48-0300 [stdout#info] Not connected to a wireless access point
2020-06-23T09:02:48-0300 [stdout#info] Not connected to a wireless access point
2020-06-23T09:02:48-0300 [stdout#info] Not connected to a wireless access point
2020-06-23T09:02:48-0300 [stdout#info] Not connected to a wireless access point
2020-06-23T09:02:48-0300 [stdout#info] Not connected to a wireless access point
2020-06-23T09:02:48-0300 [stdout#info] Not connected to a wireless access point
2020-06-23T09:02:48-0300 [stdout#info] Not connected to a wireless access point
2020-06-23T09:02:48-0300 [stdout#info] Not connected to a wireless access point
2020-06-23T09:02:48-0300 [stdout#info] Not connected to a wireless access point
2020-06-23T09:02:49-0300 [stdout#info] Not connected to a wireless access point
2020-06-23T09:02:49-0300 [stdout#info] Not connected to a wireless access point
2020-06-23T09:02:49-0300 [stdout#info] Not connected to a wireless access point
2020-06-23T09:02:49-0300 [stdout#info] Not connected to a wireless access point
2020-06-23T09:02:49-0300 [stdout#info] Not connected to a wireless access point
2020-06-23T09:02:49-0300 [stdout#info] Not connected to a wireless access point
2020-06-23T09:02:49-0300 [stdout#info] Not connected to a wireless access point
2020-06-23T09:02:49-0300 [stdout#info] Not connected to a wireless access point
2020-06-23T09:02:49-0300 [stdout#info] Not connected to a wireless access point
2020-06-23T09:02:49-0300 [stdout#info] Not connected to a wireless access point
2020-06-23T09:02:50-0300 [stdout#info] Not connected to a wireless access point
2020-06-23T09:02:50-0300 [stdout#info] Not connected to a wireless access point
2020-06-23T09:02:50-0300 [stdout#info] Not connected to a wireless access point
2020-06-23T09:02:50-0300 [stdout#info] Not connected to a wireless access point
2020-06-23T09:02:50-0300 [stdout#info] Not connected to a wireless access point
2020-06-23T09:02:50-0300 [stdout#info] Not connected to a wireless access point
2020-06-23T09:02:50-0300 [stdout#info] Not connected to a wireless access point
2020-06-23T09:02:50-0300 [stdout#info] Not connected to a wireless access point
2020-06-23T09:02:50-0300 [stdout#info] Not connected to a wireless access point
2020-06-23T09:02:50-0300 [stdout#info] Not connected to a wireless access point
2020-06-23T09:02:51-0300 [stdout#info] Not connected to a wireless access point
2020-06-23T09:02:51-0300 [stdout#info] Not connected to a wireless access point
2020-06-23T09:02:51-0300 [stdout#info] Not connected to a wireless access point
2020-06-23T09:02:51-0300 [stdout#info] Not connected to a wireless access point
2020-06-23T09:02:51-0300 [stdout#info] Not connected to a wireless access point
2020-06-23T09:02:51-0300 [stdout#info] Not connected to a wireless access point
2020-06-23T09:02:51-0300 [stdout#info] Not connected to a wireless access point
2020-06-23T09:02:51-0300 [stdout#info] Not connected to a wireless access point
2020-06-23T09:02:51-0300 [stdout#info] Not connected to a wireless access point
2020-06-23T09:02:51-0300 [stdout#info] Not connected to a wireless access point
2020-06-23T09:02:52-0300 [stdout#info] Not connected to a wireless access point
2020-06-23T09:02:52-0300 [stdout#info] Not connected to a wireless access point
2020-06-23T09:02:52-0300 [stdout#info] Not connected to a wireless access point
2020-06-23T09:02:52-0300 [stdout#info] Not connected to a wireless access point
2020-06-23T09:02:52-0300 [stdout#info] Not connected to a wireless access point
2020-06-23T09:02:52-0300 [stdout#info] Not connected to a wireless access point
2020-06-23T09:02:52-0300 [stdout#info] Not connected to a wireless access point
2020-06-23T09:02:52-0300 [stdout#info] Not connected to a wireless access point
2020-06-23T09:02:52-0300 [stdout#info] Not connected to a wireless access point
2020-06-23T09:02:52-0300 [stdout#info] Not connected to a wireless access point
2020-06-23T09:02:53-0300 [stdout#info] Not connected to a wireless access point
2020-06-23T09:02:53-0300 [stdout#info] Not connected to a wireless access point
2020-06-23T09:02:53-0300 [stdout#info] Not connected to a wireless access point
2020-06-23T09:02:53-0300 [stdout#info] Not connected to a wireless access point
2020-06-23T09:02:53-0300 [stdout#info] Not connected to a wireless access point
2020-06-23T09:02:53-0300 [stdout#info] Not connected to a wireless access point
2020-06-23T09:02:53-0300 [stdout#info] Not connected to a wireless access point
2020-06-23T09:02:53-0300 [stdout#info] Not connected to a wireless access point
2020-06-23T09:02:53-0300 [stdout#info] Not connected to a wireless access point
2020-06-23T09:02:53-0300 [stdout#info] Not connected to a wireless access point
2020-06-23T09:02:54-0300 [stdout#info] Not connected to a wireless access point
2020-06-23T09:02:54-0300 [stdout#info] Not connected to a wireless access point
2020-06-23T09:02:54-0300 [stdout#info] Not connected to a wireless access point
2020-06-23T09:02:54-0300 [stdout#info] Not connected to a wireless access point
2020-06-23T09:02:54-0300 [stdout#info] Not connected to a wireless access point
2020-06-23T09:02:54-0300 [stdout#info] Not connected to a wireless access point
2020-06-23T09:02:54-0300 [stdout#info] Not connected to a wireless access point
2020-06-23T09:02:54-0300 [stdout#info] Not connected to a wireless access point
2020-06-23T09:02:54-0300 [stdout#info] Not connected to a wireless access point
2020-06-23T09:02:54-0300 [stdout#info] Not connected to a wireless access point
2020-06-23T09:02:55-0300 [stdout#info] Not connected to a wireless access point
2020-06-23T09:02:55-0300 [stdout#info] Not connected to a wireless access point
2020-06-23T09:02:55-0300 [stdout#info] Not connected to a wireless access point
2020-06-23T09:02:55-0300 [stdout#info] Not connected to a wireless access point
2020-06-23T09:02:55-0300 [stdout#info] Not connected to a wireless access point
2020-06-23T09:02:55-0300 [stdout#info] Not connected to a wireless access point
2020-06-23T09:02:55-0300 [stdout#info] Not connected to a wireless access point
2020-06-23T09:02:55-0300 [stdout#info] Not connected to a wireless access point
2020-06-23T09:02:55-0300 [stdout#info] Not connected to a wireless access point
2020-06-23T09:02:55-0300 [stdout#info] Not connected to a wireless access point
2020-06-23T09:02:56-0300 [stdout#info] Not connected to a wireless access point
2020-06-23T09:02:56-0300 [stdout#info] Not connected to a wireless access point
2020-06-23T09:02:56-0300 [stdout#info] Not connected to a wireless access point
2020-06-23T09:02:56-0300 [stdout#info] Not connected to a wireless access point
2020-06-23T09:02:56-0300 [stdout#info] Not connected to a wireless access point
2020-06-23T09:02:56-0300 [stdout#info] Not connected to a wireless access point
2020-06-23T09:02:56-0300 [stdout#info] Not connected to a wireless access point
2020-06-23T09:02:56-0300 [stdout#info] Not connected to a wireless access point
2020-06-23T09:02:56-0300 [stdout#info] Not connected to a wireless access point
2020-06-23T09:02:56-0300 [stdout#info] Not connected to a wireless access point
2020-06-23T09:02:57-0300 [stdout#info] Not connected to a wireless access point
2020-06-23T09:02:57-0300 [stdout#info] Not connected to a wireless access point
2020-06-23T09:02:57-0300 [stdout#info] Not connected to a wireless access point
2020-06-23T09:02:57-0300 [stdout#info] Not connected to a wireless access point
2020-06-23T09:02:57-0300 [stdout#info] Not connected to a wireless access point
2020-06-23T09:02:57-0300 [stdout#info] Not connected to a wireless access point
2020-06-23T09:02:57-0300 [stdout#info] Not connected to a wireless access point
2020-06-23T09:02:57-0300 [stdout#info] Not connected to a wireless access point
2020-06-23T09:02:57-0300 [stdout#info] Not connected to a wireless access point
2020-06-23T09:02:57-0300 [stdout#info] Not connected to a wireless access point
2020-06-23T09:02:58-0300 [stdout#info] Not connected to a wireless access point
2020-06-23T09:02:58-0300 [stdout#info] Not connected to a wireless access point
2020-06-23T09:02:58-0300 [stdout#info] Not connected to a wireless access point
2020-06-23T09:02:58-0300 [stdout#info] Not connected to a wireless access point
2020-06-23T09:02:58-0300 [stdout#info] Not connected to a wireless access point
2020-06-23T09:02:58-0300 [stdout#info] Not connected to a wireless access point
2020-06-23T09:02:58-0300 [stdout#info] Not connected to a wireless access point
2020-06-23T09:02:58-0300 [stdout#info] Not connected to a wireless access point
2020-06-23T09:02:58-0300 [stdout#info] Not connected to a wireless access point
2020-06-23T09:02:58-0300 [stdout#info] Not connected to a wireless access point
2020-06-23T09:02:59-0300 [stdout#info] Not connected to a wireless access point
2020-06-23T09:02:59-0300 [stdout#info] Not connected to a wireless access point
2020-06-23T09:02:59-0300 [stdout#info] Not connected to a wireless access point
2020-06-23T09:02:59-0300 [stdout#info] Not connected to a wireless access point
2020-06-23T09:02:59-0300 [stdout#info] Not connected to a wireless access point
2020-06-23T09:02:59-0300 [stdout#info] Not connected to a wireless access point
2020-06-23T09:02:59-0300 [stdout#info] Not connected to a wireless access point
2020-06-23T09:02:59-0300 [stdout#info] Not connected to a wireless access point
2020-06-23T09:02:59-0300 [stdout#info] Not connected to a wireless access point
2020-06-23T09:02:59-0300 [stdout#info] Not connected to a wireless access point
2020-06-23T09:03:00-0300 [stdout#info] Not connected to a wireless access point
2020-06-23T09:03:00-0300 [stdout#info] Not connected to a wireless access point
2020-06-23T09:03:00-0300 [stdout#info] Not connected to a wireless access point
2020-06-23T09:03:00-0300 [stdout#info] Not connected to a wireless access point
2020-06-23T09:03:00-0300 [stdout#info] Not connected to a wireless access point
2020-06-23T09:03:00-0300 [stdout#info] Not connected to a wireless access point
2020-06-23T09:03:00-0300 [stdout#info] Not connected to a wireless access point
2020-06-23T09:03:00-0300 [stdout#info] Not connected to a wireless access point
2020-06-23T09:03:00-0300 [stdout#info] Not connected to a wireless access point
2020-06-23T09:03:00-0300 [stdout#info] Not connected to a wireless access point
2020-06-23T09:03:01-0300 [stdout#info] Not connected to a wireless access point
2020-06-23T09:03:01-0300 [stdout#info] Not connected to a wireless access point
2020-06-23T09:03:01-0300 [stdout#info] Not connected to a wireless access point
2020-06-23T09:03:01-0300 [stdout#info] Not connected to a wireless access point
2020-06-23T09:03:01-0300 [stdout#info] Not connected to a wireless access point
2020-06-23T09:03:01-0300 [stdout#info] Not connected to a wireless access point
2020-06-23T09:03:01-0300 [stdout#info] Not connected to a wireless access point
2020-06-23T09:03:01-0300 [stdout#info] Not connected to a wireless access point
2020-06-23T09:03:01-0300 [stdout#info] Not connected to a wireless access point
2020-06-23T09:03:01-0300 [stdout#info] Not connected to a wireless access point
2020-06-23T09:03:02-0300 [stdout#info] Not connected to a wireless access point
2020-06-23T09:03:02-0300 [stdout#info] Not connected to a wireless access point
2020-06-23T09:03:02-0300 [stdout#info] Not connected to a wireless access point
2020-06-23T09:03:02-0300 [stdout#info] Not connected to a wireless access point
2020-06-23T09:03:02-0300 [stdout#info] Not connected to a wireless access point
2020-06-23T09:03:02-0300 [stdout#info] Not connected to a wireless access point
2020-06-23T09:03:02-0300 [stdout#info] Not connected to a wireless access point
2020-06-23T09:03:02-0300 [stdout#info] Not connected to a wireless access point
2020-06-23T09:03:02-0300 [stdout#info] Not connected to a wireless access point
2020-06-23T09:03:02-0300 [stdout#info] Not connected to a wireless access point
2020-06-23T09:03:03-0300 [stdout#info] Not connected to a wireless access point
2020-06-23T09:03:03-0300 [stdout#info] Not connected to a wireless access point
2020-06-23T09:03:03-0300 [stdout#info] Not connected to a wireless access point
2020-06-23T09:03:03-0300 [stdout#info] Not connected to a wireless access point
2020-06-23T09:03:03-0300 [stdout#info] Not connected to a wireless access point
2020-06-23T09:03:03-0300 [stdout#info] Not connected to a wireless access point
2020-06-23T09:03:03-0300 [stdout#info] Not connected to a wireless access point
2020-06-23T09:03:03-0300 [stdout#info] Not connected to a wireless access point
2020-06-23T09:03:03-0300 [stdout#info] Not connected to a wireless access point
2020-06-23T09:03:03-0300 [stdout#info] Not connected to a wireless access point
2020-06-23T09:03:04-0300 [stdout#info] Not connected to a wireless access point
2020-06-23T09:03:04-0300 [stdout#info] Not connected to a wireless access point
2020-06-23T09:03:04-0300 [stdout#info] Not connected to a wireless access point
2020-06-23T09:03:04-0300 [stdout#info] Not connected to a wireless access point
2020-06-23T09:03:04-0300 [stdout#info] Not connected to a wireless access point
2020-06-23T09:03:04-0300 [stdout#info] Not connected to a wireless access point
2020-06-23T09:03:04-0300 [stdout#info] Not connected to a wireless access point
2020-06-23T09:03:04-0300 [stdout#info] Not connected to a wireless access point
2020-06-23T09:03:04-0300 [stdout#info] Not connected to a wireless access point
2020-06-23T09:03:04-0300 [stdout#info] Not connected to a wireless access point
2020-06-23T09:03:05-0300 [stdout#info] Not connected to a wireless access point
2020-06-23T09:03:05-0300 [stdout#info] Not connected to a wireless access point
2020-06-23T09:03:05-0300 [stdout#info] Not connected to a wireless access point
2020-06-23T09:03:05-0300 [stdout#info] Not connected to a wireless access point
2020-06-23T09:03:05-0300 [stdout#info] Not connected to a wireless access point
2020-06-23T09:03:05-0300 [stdout#info] Not connected to a wireless access point
2020-06-23T09:03:05-0300 [stdout#info] Not connected to a wireless access point
2020-06-23T09:03:05-0300 [stdout#info] Not connected to a wireless access point
2020-06-23T09:03:05-0300 [stdout#info] Not connected to a wireless access point
2020-06-23T09:03:05-0300 [stdout#info] Not connected to a wireless access point
2020-06-23T09:03:06-0300 [stdout#info] Not connected to a wireless access point
2020-06-23T09:03:06-0300 [stdout#info] Not connected to a wireless access point
2020-06-23T09:03:06-0300 [stdout#info] Not connected to a wireless access point
2020-06-23T09:03:06-0300 [stdout#info] Not connected to a wireless access point
2020-06-23T09:03:06-0300 [stdout#info] Not connected to a wireless access point
2020-06-23T09:03:06-0300 [stdout#info] Not connected to a wireless access point
2020-06-23T09:03:06-0300 [stdout#info] Not connected to a wireless access point
2020-06-23T09:03:06-0300 [stdout#info] Not connected to a wireless access point
2020-06-23T09:03:06-0300 [stdout#info] Not connected to a wireless access point
2020-06-23T09:03:06-0300 [stdout#info] Not connected to a wireless access point
2020-06-23T09:03:07-0300 [stdout#info] Not connected to a wireless access point
2020-06-23T09:03:07-0300 [stdout#info] Not connected to a wireless access point
2020-06-23T09:03:07-0300 [stdout#info] Not connected to a wireless access point
2020-06-23T09:03:07-0300 [stdout#info] Not connected to a wireless access point
2020-06-23T09:03:07-0300 [stdout#info] Not connected to a wireless access point
2020-06-23T09:03:07-0300 [stdout#info] Not connected to a wireless access point
2020-06-23T09:03:07-0300 [stdout#info] Not connected to a wireless access point
2020-06-23T09:03:07-0300 [stdout#info] Not connected to a wireless access point
2020-06-23T09:03:07-0300 [stdout#info] Not connected to a wireless access point
2020-06-23T09:03:07-0300 [stdout#info] Not connected to a wireless access point
2020-06-23T09:03:08-0300 [stdout#info] Not connected to a wireless access point
2020-06-23T09:03:08-0300 [stdout#info] Not connected to a wireless access point
2020-06-23T09:03:08-0300 [stdout#info] Not connected to a wireless access point
2020-06-23T09:03:08-0300 [stdout#info] Not connected to a wireless access point
2020-06-23T09:03:08-0300 [stdout#info] Not connected to a wireless access point
2020-06-23T09:03:08-0300 [stdout#info] Not connected to a wireless access point
2020-06-23T09:03:08-0300 [stdout#info] Not connected to a wireless access point
2020-06-23T09:03:08-0300 [stdout#info] Not connected to a wireless access point
2020-06-23T09:03:08-0300 [stdout#info] Not connected to a wireless access point
2020-06-23T09:03:08-0300 [stdout#info] Not connected to a wireless access point
2020-06-23T09:03:09-0300 [stdout#info] Not connected to a wireless access point
2020-06-23T09:03:09-0300 [stdout#info] Not connected to a wireless access point
2020-06-23T09:03:09-0300 [stdout#info] Not connected to a wireless access point
2020-06-23T09:03:09-0300 [stdout#info] Not connected to a wireless access point
2020-06-23T09:03:09-0300 [stdout#info] Not connected to a wireless access point
2020-06-23T09:03:09-0300 [stdout#info] Not connected to a wireless access point
2020-06-23T09:03:09-0300 [stdout#info] Not connected to a wireless access point
2020-06-23T09:03:09-0300 [stdout#info] Not connected to a wireless access point
2020-06-23T09:03:09-0300 [stdout#info] Not connected to a wireless access point
2020-06-23T09:03:09-0300 [stdout#info] Not connected to a wireless access point
2020-06-23T09:03:10-0300 [stdout#info] Not connected to a wireless access point
2020-06-23T09:03:10-0300 [stdout#info] Not connected to a wireless access point
2020-06-23T09:03:10-0300 [stdout#info] Not connected to a wireless access point
2020-06-23T09:03:10-0300 [stdout#info] Not connected to a wireless access point
2020-06-23T09:03:10-0300 [stdout#info] Not connected to a wireless access point
2020-06-23T09:03:10-0300 [stdout#info] Not connected to a wireless access point
2020-06-23T09:03:10-0300 [stdout#info] Not connected to a wireless access point
2020-06-23T09:03:10-0300 [stdout#info] Not connected to a wireless access point
2020-06-23T09:03:10-0300 [stdout#info] Not connected to a wireless access point
2020-06-23T09:03:10-0300 [stdout#info] Not connected to a wireless access point
2020-06-23T09:03:11-0300 [stdout#info] Not connected to a wireless access point
2020-06-23T09:03:11-0300 [stdout#info] Not connected to a wireless access point
2020-06-23T09:03:11-0300 [stdout#info] Not connected to a wireless access point
2020-06-23T09:03:11-0300 [stdout#info] Not connected to a wireless access point
2020-06-23T09:03:11-0300 [stdout#info] Not connected to a wireless access point
2020-06-23T09:03:11-0300 [stdout#info] Not connected to a wireless access point
2020-06-23T09:03:11-0300 [stdout#info] Not connected to a wireless access point
2020-06-23T09:03:11-0300 [stdout#info] Not connected to a wireless access point
2020-06-23T09:03:11-0300 [stdout#info] Not connected to a wireless access point
2020-06-23T09:03:11-0300 [stdout#info] Not connected to a wireless access point
2020-06-23T09:03:12-0300 [stdout#info] Not connected to a wireless access point
2020-06-23T09:03:12-0300 [stdout#info] Not connected to a wireless access point
2020-06-23T09:03:12-0300 [stdout#info] Not connected to a wireless access point
2020-06-23T09:03:12-0300 [stdout#info] Not connected to a wireless access point
2020-06-23T09:03:12-0300 [stdout#info] Not connected to a wireless access point
2020-06-23T09:03:12-0300 [stdout#info] Not connected to a wireless access point
2020-06-23T09:03:12-0300 [stdout#info] Not connected to a wireless access point
2020-06-23T09:03:12-0300 [stdout#info] Not connected to a wireless access point
2020-06-23T09:03:12-0300 [stdout#info] Not connected to a wireless access point
2020-06-23T09:03:12-0300 [stdout#info] Not connected to a wireless access point
2020-06-23T09:03:13-0300 [stdout#info] Not connected to a wireless access point
2020-06-23T09:03:13-0300 [stdout#info] Not connected to a wireless access point
2020-06-23T09:03:13-0300 [stdout#info] Not connected to a wireless access point
2020-06-23T09:03:13-0300 [stdout#info] Not connected to a wireless access point
2020-06-23T09:03:13-0300 [stdout#info] Not connected to a wireless access point
2020-06-23T09:03:13-0300 [stdout#info] Not connected to a wireless access point
2020-06-23T09:03:13-0300 [stdout#info] Not connected to a wireless access point
2020-06-23T09:03:13-0300 [stdout#info] Not connected to a wireless access point
2020-06-23T09:03:13-0300 [stdout#info] Not connected to a wireless access point
2020-06-23T09:03:13-0300 [stdout#info] Not connected to a wireless access point
2020-06-23T09:03:14-0300 [stdout#info] Not connected to a wireless access point
2020-06-23T09:03:14-0300 [stdout#info] Not connected to a wireless access point
2020-06-23T09:03:14-0300 [stdout#info] Not connected to a wireless access point
2020-06-23T09:03:14-0300 [stdout#info] Not connected to a wireless access point
2020-06-23T09:03:14-0300 [stdout#info] Not connected to a wireless access point
2020-06-23T09:03:14-0300 [stdout#info] Not connected to a wireless access point
2020-06-23T09:03:14-0300 [stdout#info] Not connected to a wireless access point
2020-06-23T09:03:14-0300 [stdout#info] Not connected to a wireless access point
2020-06-23T09:03:14-0300 [stdout#info] Not connected to a wireless access point
2020-06-23T09:03:14-0300 [stdout#info] Not connected to a wireless access point
2020-06-23T09:03:15-0300 [stdout#info] Not connected to a wireless access point
2020-06-23T09:03:15-0300 [stdout#info] Not connected to a wireless access point
2020-06-23T09:03:15-0300 [stdout#info] Not connected to a wireless access point
2020-06-23T09:03:15-0300 [stdout#info] Not connected to a wireless access point
2020-06-23T09:03:15-0300 [stdout#info] Not connected to a wireless access point
2020-06-23T09:03:15-0300 [stdout#info] Not connected to a wireless access point
2020-06-23T09:03:15-0300 [stdout#info] Not connected to a wireless access point
2020-06-23T09:03:15-0300 [stdout#info] Not connected to a wireless access point
2020-06-23T09:03:15-0300 [stdout#info] Not connected to a wireless access point
2020-06-23T09:03:15-0300 [stdout#info] Not connected to a wireless access point
2020-06-23T09:03:16-0300 [stdout#info] Not connected to a wireless access point
2020-06-23T09:03:16-0300 [stdout#info] Not connected to a wireless access point
2020-06-23T09:03:16-0300 [stdout#info] Not connected to a wireless access point
2020-06-23T09:03:16-0300 [stdout#info] Not connected to a wireless access point
2020-06-23T09:03:16-0300 [stdout#info] Not connected to a wireless access point
2020-06-23T09:03:16-0300 [stdout#info] Not connected to a wireless access point
2020-06-23T09:03:16-0300 [stdout#info] Not connected to a wireless access point
2020-06-23T09:03:16-0300 [stdout#info] Not connected to a wireless access point
2020-06-23T09:03:16-0300 [stdout#info] Not connected to a wireless access point
2020-06-23T09:03:16-0300 [stdout#info] Not connected to a wireless access point
2020-06-23T09:03:17-0300 [stdout#info] Not connected to a wireless access point
2020-06-23T09:03:17-0300 [stdout#info] Not connected to a wireless access point
2020-06-23T09:03:17-0300 [stdout#info] Not connected to a wireless access point
2020-06-23T09:03:17-0300 [stdout#info] Not connected to a wireless access point
2020-06-23T09:03:17-0300 [stdout#info] Not connected to a wireless access point
2020-06-23T09:03:17-0300 [stdout#info] Not connected to a wireless access point
2020-06-23T09:03:17-0300 [stdout#info] Not connected to a wireless access point
2020-06-23T09:03:17-0300 [stdout#info] Not connected to a wireless access point
2020-06-23T09:03:17-0300 [stdout#info] Not connected to a wireless access point
2020-06-23T09:03:17-0300 [stdout#info] Not connected to a wireless access point
2020-06-23T09:03:18-0300 [stdout#info] Not connected to a wireless access point
2020-06-23T09:03:18-0300 [stdout#info] Not connected to a wireless access point
2020-06-23T09:03:18-0300 [stdout#info] Not connected to a wireless access point
2020-06-23T09:03:18-0300 [stdout#info] Not connected to a wireless access point
2020-06-23T09:03:18-0300 [stdout#info] Not connected to a wireless access point
2020-06-23T09:03:18-0300 [stdout#info] Not connected to a wireless access point
2020-06-23T09:03:18-0300 [stdout#info] Not connected to a wireless access point
2020-06-23T09:03:18-0300 [stdout#info] Not connected to a wireless access point
2020-06-23T09:03:18-0300 [stdout#info] Not connected to a wireless access point
2020-06-23T09:03:18-0300 [stdout#info] Not connected to a wireless access point
2020-06-23T09:03:19-0300 [stdout#info] Not connected to a wireless access point
2020-06-23T09:03:19-0300 [stdout#info] Not connected to a wireless access point
2020-06-23T09:03:19-0300 [stdout#info] Not connected to a wireless access point
2020-06-23T09:03:19-0300 [stdout#info] Not connected to a wireless access point
2020-06-23T09:03:19-0300 [stdout#info] Not connected to a wireless access point
2020-06-23T09:03:19-0300 [stdout#info] Not connected to a wireless access point
2020-06-23T09:03:19-0300 [stdout#info] Not connected to a wireless access point
2020-06-23T09:03:19-0300 [stdout#info] Not connected to a wireless access point
2020-06-23T09:03:19-0300 [stdout#info] Not connected to a wireless access point
2020-06-23T09:03:19-0300 [stdout#info] Not connected to a wireless access point
2020-06-23T09:03:20-0300 [stdout#info] Not connected to a wireless access point
2020-06-23T09:03:20-0300 [stdout#info] Not connected to a wireless access point
2020-06-23T09:03:20-0300 [stdout#info] Not connected to a wireless access point
2020-06-23T09:03:20-0300 [stdout#info] Not connected to a wireless access point
2020-06-23T09:03:20-0300 [stdout#info] Not connected to a wireless access point
2020-06-23T09:03:20-0300 [stdout#info] Not connected to a wireless access point
2020-06-23T09:03:20-0300 [stdout#info] Not connected to a wireless access point
2020-06-23T09:03:20-0300 [stdout#info] Not connected to a wireless access point
2020-06-23T09:03:20-0300 [stdout#info] Not connected to a wireless access point
2020-06-23T09:03:20-0300 [stdout#info] Not connected to a wireless access point
2020-06-23T09:03:21-0300 [stdout#info] Not connected to a wireless access point
2020-06-23T09:03:21-0300 [stdout#info] Not connected to a wireless access point
2020-06-23T09:03:21-0300 [stdout#info] Not connected to a wireless access point
2020-06-23T09:03:21-0300 [stdout#info] Not connected to a wireless access point
2020-06-23T09:03:21-0300 [stdout#info] Not connected to a wireless access point
2020-06-23T09:03:21-0300 [stdout#info] Not connected to a wireless access point
2020-06-23T09:03:21-0300 [stdout#info] Not connected to a wireless access point
2020-06-23T09:03:21-0300 [stdout#info] Not connected to a wireless access point
2020-06-23T09:03:21-0300 [stdout#info] Not connected to a wireless access point
2020-06-23T09:03:21-0300 [stdout#info] Not connected to a wireless access point
2020-06-23T09:03:22-0300 [stdout#info] Not connected to a wireless access point
2020-06-23T09:03:22-0300 [stdout#info] Not connected to a wireless access point
2020-06-23T09:03:22-0300 [stdout#info] Not connected to a wireless access point
2020-06-23T09:03:22-0300 [stdout#info] Not connected to a wireless access point
2020-06-23T09:03:22-0300 [stdout#info] Not connected to a wireless access point
2020-06-23T09:03:22-0300 [stdout#info] Not connected to a wireless access point
2020-06-23T09:03:22-0300 [stdout#info] Not connected to a wireless access point
2020-06-23T09:03:22-0300 [stdout#info] Not connected to a wireless access point
2020-06-23T09:03:22-0300 [stdout#info] Not connected to a wireless access point
2020-06-23T09:03:22-0300 [stdout#info] Not connected to a wireless access point
2020-06-23T09:03:23-0300 [stdout#info] Not connected to a wireless access point
2020-06-23T09:03:23-0300 [stdout#info] Not connected to a wireless access point
2020-06-23T09:03:23-0300 [stdout#info] Not connected to a wireless access point
2020-06-23T09:03:23-0300 [stdout#info] Not connected to a wireless access point
2020-06-23T09:03:23-0300 [stdout#info] Not connected to a wireless access point
2020-06-23T09:03:23-0300 [stdout#info] Not connected to a wireless access point
2020-06-23T09:03:23-0300 [stdout#info] Not connected to a wireless access point
2020-06-23T09:03:23-0300 [stdout#info] Not connected to a wireless access point
2020-06-23T09:03:23-0300 [stdout#info] Not connected to a wireless access point
2020-06-23T09:03:23-0300 [stdout#info] Not connected to a wireless access point
2020-06-23T09:03:24-0300 [stdout#info] Not connected to a wireless access point
2020-06-23T09:03:24-0300 [stdout#info] Not connected to a wireless access point
2020-06-23T09:03:24-0300 [stdout#info] Not connected to a wireless access point
2020-06-23T09:03:24-0300 [stdout#info] Not connected to a wireless access point
2020-06-23T09:03:24-0300 [stdout#info] Not connected to a wireless access point
2020-06-23T09:03:24-0300 [stdout#info] Not connected to a wireless access point
2020-06-23T09:03:24-0300 [stdout#info] Not connected to a wireless access point
2020-06-23T09:03:24-0300 [stdout#info] Not connected to a wireless access point
2020-06-23T09:03:24-0300 [stdout#info] Not connected to a wireless access point
2020-06-23T09:03:24-0300 [stdout#info] Not connected to a wireless access point
2020-06-23T09:03:25-0300 [stdout#info] Not connected to a wireless access point
2020-06-23T09:03:25-0300 [stdout#info] Not connected to a wireless access point
2020-06-23T09:03:25-0300 [stdout#info] Not connected to a wireless access point
2020-06-23T09:03:25-0300 [stdout#info] Not connected to a wireless access point
2020-06-23T09:03:25-0300 [stdout#info] Not connected to a wireless access point
2020-06-23T09:03:25-0300 [stdout#info] Not connected to a wireless access point
2020-06-23T09:03:25-0300 [stdout#info] Not connected to a wireless access point
2020-06-23T09:03:25-0300 [stdout#info] Not connected to a wireless access point
2020-06-23T09:03:25-0300 [stdout#info] Not connected to a wireless access point
2020-06-23T09:03:25-0300 [stdout#info] Not connected to a wireless access point
2020-06-23T09:03:26-0300 [stdout#info] Not connected to a wireless access point
2020-06-23T09:03:26-0300 [stdout#info] Not connected to a wireless access point
2020-06-23T09:03:26-0300 [stdout#info] Not connected to a wireless access point
2020-06-23T09:03:26-0300 [stdout#info] Not connected to a wireless access point
2020-06-23T09:03:26-0300 [stdout#info] Not connected to a wireless access point
2020-06-23T09:03:26-0300 [stdout#info] Not connected to a wireless access point
2020-06-23T09:03:26-0300 [stdout#info] Not connected to a wireless access point
2020-06-23T09:03:26-0300 [stdout#info] Not connected to a wireless access point
2020-06-23T09:03:26-0300 [stdout#info] Not connected to a wireless access point
2020-06-23T09:03:26-0300 [stdout#info] Not connected to a wireless access point
