2020-06-03T22:53:42-0300 [stderr#error] Exception in Tkinter callback
2020-06-03T22:53:42-0300 [stderr#error] Traceback (most recent call last):
2020-06-03T22:53:42-0300 [stderr#error]   File "/usr/lib/python3.6/tkinter/__init__.py", line 1708, in __call__
2020-06-03T22:53:42-0300 [stderr#error]     return self.func(*args)
2020-06-03T22:53:42-0300 [stderr#error]   File "/home/rafael/iotfogsim/scinetsim/scinetsim/configurations.py", line 107, in <lambda>
2020-06-03T22:53:42-0300 [stderr#error]     btn_open = ttk.Button(window, text="Open Project",command=lambda:open_project(window,simulation_core))
2020-06-03T22:53:42-0300 [stderr#error]   File "/home/rafael/iotfogsim/scinetsim/scinetsim/configurations.py", line 61, in open_project
2020-06-03T22:53:42-0300 [stderr#error]     load_nodes(selected_project_name, simulation_core)
2020-06-03T22:53:42-0300 [stderr#error]   File "/home/rafael/iotfogsim/scinetsim/scinetsim/configurations.py", line 134, in load_nodes
2020-06-03T22:53:42-0300 [stderr#error]     data = json.load(nodes_file)
2020-06-03T22:53:42-0300 [stderr#error]   File "/usr/lib/python3.6/json/__init__.py", line 299, in load
2020-06-03T22:53:42-0300 [stderr#error]     parse_constant=parse_constant, object_pairs_hook=object_pairs_hook, **kw)
2020-06-03T22:53:42-0300 [stderr#error]   File "/usr/lib/python3.6/json/__init__.py", line 354, in loads
2020-06-03T22:53:42-0300 [stderr#error]     return _default_decoder.decode(s)
2020-06-03T22:53:42-0300 [stderr#error]   File "/usr/lib/python3.6/json/decoder.py", line 339, in decode
2020-06-03T22:53:42-0300 [stderr#error]     obj, end = self.raw_decode(s, idx=_w(s, 0).end())
2020-06-03T22:53:42-0300 [stderr#error]   File "/usr/lib/python3.6/json/decoder.py", line 355, in raw_decode
2020-06-03T22:53:42-0300 [stderr#error]     obj, end = self.scan_once(s, idx)
2020-06-03T22:53:42-0300 [stderr#error] json.decoder.JSONDecodeError: Expecting ',' delimiter: line 3 column 18 (char 32)
2020-06-03T22:54:35-0300 [-] Received SIGINT, shutting down.
2020-06-03T22:54:35-0300 [-] Main loop terminated.
