2020-06-04T11:28:02-0300 [-] Creating router ...
2020-06-04T11:28:02-0300 [-] Initializing Router - Number of events: 1
2020-06-04T11:28:02-0300 [-] RouterFactory starting on 8081
2020-06-04T11:28:02-0300 [-] Creating AccessPoint station ...
2020-06-04T11:28:02-0300 [-] Initializing Access Point - Number of events: 2
2020-06-04T11:28:03-0300 [stdout#info] cont <bound method AccessPointApp.print_associated_devices of <applications.accesspointapp.AccessPointApp object at 0x7f2606469f60>>
2020-06-04T11:28:03-0300 [-] Initializing Server - Number of events: 3
2020-06-04T11:28:03-0300 [-] BrokerFactory starting on 5100
2020-06-04T11:28:03-0300 [-] Initializing sensor node - Number of events: 4
2020-06-04T11:28:04-0300 [stdout#info] This divice have no simulation core instance
2020-06-04T11:28:06-0300 [stdout#info] cont <bound method AccessPointApp.print_associated_devices of <applications.accesspointapp.AccessPointApp object at 0x7f2606469f60>>
2020-06-04T11:28:09-0300 [stdout#info] cont <bound method AccessPointApp.print_associated_devices of <applications.accesspointapp.AccessPointApp object at 0x7f2606469f60>>
2020-06-04T11:28:12-0300 [stdout#info] cont <bound method AccessPointApp.print_associated_devices of <applications.accesspointapp.AccessPointApp object at 0x7f2606469f60>>
2020-06-04T11:28:15-0300 [stdout#info] cont <bound method AccessPointApp.print_associated_devices of <applications.accesspointapp.AccessPointApp object at 0x7f2606469f60>>
2020-06-04T11:28:18-0300 [stdout#info] cont <bound method AccessPointApp.print_associated_devices of <applications.accesspointapp.AccessPointApp object at 0x7f2606469f60>>
2020-06-04T11:28:21-0300 [stdout#info] cont <bound method AccessPointApp.print_associated_devices of <applications.accesspointapp.AccessPointApp object at 0x7f2606469f60>>
2020-06-04T11:28:24-0300 [stdout#info] cont <bound method AccessPointApp.print_associated_devices of <applications.accesspointapp.AccessPointApp object at 0x7f2606469f60>>
2020-06-04T11:28:27-0300 [stdout#info] cont <bound method AccessPointApp.print_associated_devices of <applications.accesspointapp.AccessPointApp object at 0x7f2606469f60>>
2020-06-04T11:28:30-0300 [stdout#info] cont <bound method AccessPointApp.print_associated_devices of <applications.accesspointapp.AccessPointApp object at 0x7f2606469f60>>
2020-06-04T11:28:33-0300 [stdout#info] cont <bound method AccessPointApp.print_associated_devices of <applications.accesspointapp.AccessPointApp object at 0x7f2606469f60>>
2020-06-04T11:28:36-0300 [stdout#info] cont <bound method AccessPointApp.print_associated_devices of <applications.accesspointapp.AccessPointApp object at 0x7f2606469f60>>
2020-06-04T11:28:39-0300 [stdout#info] cont <bound method AccessPointApp.print_associated_devices of <applications.accesspointapp.AccessPointApp object at 0x7f2606469f60>>
2020-06-04T11:28:42-0300 [stdout#info] cont <bound method AccessPointApp.print_associated_devices of <applications.accesspointapp.AccessPointApp object at 0x7f2606469f60>>
2020-06-04T11:28:45-0300 [stdout#info] cont <bound method AccessPointApp.print_associated_devices of <applications.accesspointapp.AccessPointApp object at 0x7f2606469f60>>
2020-06-04T11:28:48-0300 [stdout#info] cont <bound method AccessPointApp.print_associated_devices of <applications.accesspointapp.AccessPointApp object at 0x7f2606469f60>>
2020-06-04T11:28:51-0300 [stdout#info] cont <bound method AccessPointApp.print_associated_devices of <applications.accesspointapp.AccessPointApp object at 0x7f2606469f60>>
2020-06-04T11:28:54-0300 [stdout#info] cont <bound method AccessPointApp.print_associated_devices of <applications.accesspointapp.AccessPointApp object at 0x7f2606469f60>>
2020-06-04T11:28:57-0300 [stdout#info] cont <bound method AccessPointApp.print_associated_devices of <applications.accesspointapp.AccessPointApp object at 0x7f2606469f60>>
2020-06-04T11:29:00-0300 [stdout#info] cont <bound method AccessPointApp.print_associated_devices of <applications.accesspointapp.AccessPointApp object at 0x7f2606469f60>>
2020-06-04T11:29:03-0300 [stdout#info] cont <bound method AccessPointApp.print_associated_devices of <applications.accesspointapp.AccessPointApp object at 0x7f2606469f60>>
2020-06-04T11:29:06-0300 [stdout#info] cont <bound method AccessPointApp.print_associated_devices of <applications.accesspointapp.AccessPointApp object at 0x7f2606469f60>>
2020-06-04T11:29:09-0300 [stdout#info] cont <bound method AccessPointApp.print_associated_devices of <applications.accesspointapp.AccessPointApp object at 0x7f2606469f60>>
2020-06-04T11:29:12-0300 [stdout#info] cont <bound method AccessPointApp.print_associated_devices of <applications.accesspointapp.AccessPointApp object at 0x7f2606469f60>>
2020-06-04T11:29:15-0300 [stdout#info] cont <bound method AccessPointApp.print_associated_devices of <applications.accesspointapp.AccessPointApp object at 0x7f2606469f60>>
2020-06-04T11:29:18-0300 [stdout#info] cont <bound method AccessPointApp.print_associated_devices of <applications.accesspointapp.AccessPointApp object at 0x7f2606469f60>>
2020-06-04T11:29:21-0300 [stdout#info] cont <bound method AccessPointApp.print_associated_devices of <applications.accesspointapp.AccessPointApp object at 0x7f2606469f60>>
2020-06-04T11:29:24-0300 [stdout#info] cont <bound method AccessPointApp.print_associated_devices of <applications.accesspointapp.AccessPointApp object at 0x7f2606469f60>>
2020-06-04T11:29:27-0300 [stdout#info] cont <bound method AccessPointApp.print_associated_devices of <applications.accesspointapp.AccessPointApp object at 0x7f2606469f60>>
2020-06-04T11:29:27-0300 [-] Received SIGINT, shutting down.
2020-06-04T11:29:27-0300 [applications.mqttapp.BrokerFactory] (TCP Port 5100 Closed)
2020-06-04T11:29:27-0300 [applications.routerapp.RouterFactory] (TCP Port 8081 Closed)
2020-06-04T11:29:27-0300 [-] Main loop terminated.
