2021-01-27T01:02:27-0300 [-] Creating router ...
2021-01-27T01:02:27-0300 [-] Initializing Router - Number of events: 1
2021-01-27T01:02:27-0300 [-] Initializing Server - Number of events: 2
2021-01-27T01:02:27-0300 [-] Initializing Client - Number of events: 3
2021-01-27T01:02:27-0300 [-] Initializing sink node - Number of events: 4
2021-01-27T01:02:28-0300 [-] Initializing sensor node - Number of events: 5
2021-01-27T01:02:28-0300 [-] Initializing sensor node - Number of events: 6
2021-01-27T01:02:29-0300 [-] Initializing sensor node - Number of events: 7
2021-01-27T01:02:29-0300 [-] Initializing sensor node - Number of events: 8
2021-01-27T01:02:30-0300 [-] Initializing sensor node - Number of events: 9
2021-01-27T01:02:30-0300 [-] Initializing sensor node - Number of events: 10
2021-01-27T01:02:31-0300 [-] Initializing sensor node - Number of events: 11
2021-01-27T01:02:31-0300 [-] Initializing repeater node - Number of events: 12
2021-01-27T01:02:32-0300 [-] Initializing repeater node - Number of events: 13
2021-01-27T01:02:32-0300 [-] Initializing repeater node - Number of events: 14
2021-01-27T01:02:33-0300 [-] Initializing repeater node - Number of events: 15
2021-01-27T01:02:33-0300 [-] Initializing repeater node - Number of events: 16
2021-01-27T01:02:34-0300 [-] Initializing repeater node - Number of events: 17
2021-01-27T01:02:34-0300 [-] Initializing repeater node - Number of events: 18
2021-01-27T01:02:50-0300 [-] RouterFactory starting on 8081
2021-01-27T01:02:50-0300 [-] BrokerFactory starting on 5100
2021-01-27T01:02:50-0300 [stdout#info] ========= sensor_3 ==========
2021-01-27T01:02:50-0300 [stdout#info] sensor_3  <------->  sensor_6
2021-01-27T01:02:50-0300 [stdout#info] sensor_3  <------->  wsn_repeater_1
2021-01-27T01:02:50-0300 [stdout#info] sensor_3  <------->  sensor_2
2021-01-27T01:02:50-0300 [stdout#info] sensor_3  <------->  sensor_1
2021-01-27T01:02:50-0300 [stdout#info] sensor_3  <------->  sensor_7
2021-01-27T01:02:50-0300 [stdout#info] =============================
2021-01-27T01:02:50-0300 [-] wsn node send data - Number of events: 19
2021-01-27T01:02:50-0300 [-] wsn node send data - Number of events: 20
2021-01-27T01:02:50-0300 [-] wsn node send data - Number of events: 21
2021-01-27T01:02:50-0300 [-] wsn node send data - Number of events: 22
2021-01-27T01:02:50-0300 [-] wsn node send data - Number of events: 23
2021-01-27T01:02:50-0300 [stdout#info] ========= sensor_6 ==========
2021-01-27T01:02:50-0300 [stdout#info] sensor_6  <------->  sensor_7
2021-01-27T01:02:50-0300 [stdout#info] sensor_6  <------->  sensor_3
2021-01-27T01:02:50-0300 [stdout#info] =============================
2021-01-27T01:02:50-0300 [-] wsn node send data - Number of events: 24
2021-01-27T01:02:50-0300 [-] wsn node send data - Number of events: 25
2021-01-27T01:02:50-0300 [stdout#info] ========= sensor_5 ==========
2021-01-27T01:02:50-0300 [stdout#info] sensor_5  <------->  wsn_repeater_1
2021-01-27T01:02:50-0300 [stdout#info] =============================
2021-01-27T01:02:50-0300 [-] wsn node send data - Number of events: 26
2021-01-27T01:02:50-0300 [stdout#info] ========= sensor_2 ==========
2021-01-27T01:02:50-0300 [stdout#info] sensor_2  <------->  sensor_3
2021-01-27T01:02:50-0300 [stdout#info] sensor_2  <------->  wsn_repeater_1
2021-01-27T01:02:50-0300 [stdout#info] sensor_2  <------->  sensor_1
2021-01-27T01:02:50-0300 [stdout#info] sensor_2  <------->  wsn_sink
2021-01-27T01:02:50-0300 [stdout#info] =============================
2021-01-27T01:02:50-0300 [-] wsn node send data - Number of events: 27
2021-01-27T01:02:50-0300 [-] wsn node send data - Number of events: 28
2021-01-27T01:02:50-0300 [-] wsn node send data - Number of events: 29
2021-01-27T01:02:50-0300 [-] wsn node send data - Number of events: 30
2021-01-27T01:02:50-0300 [-] wsn node send data - Number of events: 31
2021-01-27T01:02:50-0300 [stdout#info] ========= sensor_1 ==========
2021-01-27T01:02:50-0300 [stdout#info] sensor_1  <------->  sensor_2
2021-01-27T01:02:50-0300 [stdout#info] sensor_1  <------->  sensor_3
2021-01-27T01:02:50-0300 [stdout#info] sensor_1  <------->  wsn_sink
2021-01-27T01:02:50-0300 [stdout#info] =============================
2021-01-27T01:02:50-0300 [-] wsn node send data - Number of events: 32
2021-01-27T01:02:50-0300 [-] wsn node send data - Number of events: 33
2021-01-27T01:02:50-0300 [-] wsn node send data - Number of events: 34
2021-01-27T01:02:50-0300 [stdout#info] ========= sensor_4 ==========
2021-01-27T01:02:50-0300 [stdout#info] sensor_4  <------->  wsn_repeater_1
2021-01-27T01:02:50-0300 [stdout#info] =============================
2021-01-27T01:02:50-0300 [-] wsn node send data - Number of events: 35
2021-01-27T01:02:50-0300 [stdout#info] ========= sensor_7 ==========
2021-01-27T01:02:50-0300 [stdout#info] sensor_7  <------->  sensor_6
2021-01-27T01:02:50-0300 [stdout#info] sensor_7  <------->  sensor_3
2021-01-27T01:02:50-0300 [stdout#info] =============================
2021-01-27T01:02:50-0300 [-] wsn node send data - Number of events: 36
2021-01-27T01:02:50-0300 [-] wsn node send data - Number of events: 37
2021-01-27T01:02:50-0300 [stdout#info] ========= wsn_repeater_2 ==========
2021-01-27T01:02:50-0300 [stdout#info] =============================
2021-01-27T01:02:50-0300 [stdout#info] ========= wsn_repeater_5 ==========
2021-01-27T01:02:50-0300 [stdout#info] =============================
2021-01-27T01:02:50-0300 [stdout#info] ========= wsn_repeater_7 ==========
2021-01-27T01:02:50-0300 [stdout#info] =============================
2021-01-27T01:02:50-0300 [stdout#info] ========= wsn_repeater_1 ==========
2021-01-27T01:02:50-0300 [stdout#info] wsn_repeater_1  <------->  sensor_3
2021-01-27T01:02:50-0300 [stdout#info] wsn_repeater_1  <------->  sensor_5
2021-01-27T01:02:50-0300 [stdout#info] wsn_repeater_1  <------->  sensor_2
2021-01-27T01:02:50-0300 [stdout#info] wsn_repeater_1  <------->  sensor_4
2021-01-27T01:02:50-0300 [stdout#info] =============================
2021-01-27T01:02:50-0300 [-] wsn repeater node routing data - Number of events: 38
2021-01-27T01:02:50-0300 [-] wsn repeater node routing data - Number of events: 39
2021-01-27T01:02:50-0300 [-] wsn repeater node routing data - Number of events: 40
2021-01-27T01:02:50-0300 [-] wsn repeater node routing data - Number of events: 41
2021-01-27T01:02:50-0300 [-] wsn repeater node routing data - Number of events: 42
2021-01-27T01:02:50-0300 [-] wsn repeater node routing data - Number of events: 43
2021-01-27T01:02:50-0300 [-] wsn repeater node routing data - Number of events: 44
2021-01-27T01:02:50-0300 [-] wsn repeater node routing data - Number of events: 45
2021-01-27T01:02:50-0300 [-] wsn repeater node routing data - Number of events: 46
2021-01-27T01:02:50-0300 [-] wsn repeater node routing data - Number of events: 47
2021-01-27T01:02:50-0300 [stdout#info] ========= wsn_repeater_4 ==========
2021-01-27T01:02:50-0300 [stdout#info] =============================
2021-01-27T01:02:50-0300 [stdout#info] ========= wsn_repeater_3 ==========
2021-01-27T01:02:50-0300 [stdout#info] =============================
2021-01-27T01:02:50-0300 [stdout#info] This divice have no simulation core instance
2021-01-27T01:02:50-0300 [stdout#info] This divice have no simulation core instance
2021-01-27T01:02:50-0300 [stdout#info] This divice have no simulation core instance
2021-01-27T01:02:50-0300 [Uninitialized] 
	
	      SCADA
	127.0.0.1:56164 - Connected to mqtt broker - Number of events: 48
2021-01-27T01:02:50-0300 [Uninitialized] 
	
	      SCADA
	127.0.0.1:56164 - sending MQTT SUBSCRIBE REQUEST - Number of events: 49
2021-01-27T01:02:50-0300 [twisted.internet.endpoints.OneShotFactory#info] Starting factory <twisted.internet.endpoints.connectProtocol.<locals>.OneShotFactory object at 0x7fa4ee060710>
2021-01-27T01:02:50-0300 [stdout#info] ========= wsn_repeater_6 ==========
2021-01-27T01:02:50-0300 [stdout#info] =============================
2021-01-27T01:02:51-0300 [twisted.internet.endpoints.OneShotFactory#info] Starting factory <twisted.internet.endpoints.connectProtocol.<locals>.OneShotFactory object at 0x7fa4ee0319e8>
2021-01-27T01:03:20-0300 [-] wsn node send data - Number of events: 50
2021-01-27T01:03:20-0300 [-] wsn node send data - Number of events: 51
2021-01-27T01:03:20-0300 [-] wsn node send data - Number of events: 52
2021-01-27T01:03:20-0300 [-] wsn node send data - Number of events: 53
2021-01-27T01:03:20-0300 [-] wsn node send data - Number of events: 54
2021-01-27T01:03:20-0300 [-] wsn node send data - Number of events: 55
2021-01-27T01:03:20-0300 [-] wsn node send data - Number of events: 56
2021-01-27T01:03:20-0300 [-] wsn node send data - Number of events: 57
2021-01-27T01:03:20-0300 [-] wsn node send data - Number of events: 58
2021-01-27T01:03:20-0300 [-] wsn node send data - Number of events: 59
2021-01-27T01:03:20-0300 [-] wsn node send data - Number of events: 60
2021-01-27T01:03:20-0300 [-] wsn node send data - Number of events: 61
2021-01-27T01:03:20-0300 [-] wsn node send data - Number of events: 62
2021-01-27T01:03:20-0300 [-] wsn node send data - Number of events: 63
2021-01-27T01:03:20-0300 [-] wsn node send data - Number of events: 64
2021-01-27T01:03:20-0300 [-] wsn node send data - Number of events: 65
2021-01-27T01:03:20-0300 [-] wsn node send data - Number of events: 66
2021-01-27T01:03:20-0300 [-] wsn node send data - Number of events: 67
2021-01-27T01:03:20-0300 [-] wsn node send data - Number of events: 68
2021-01-27T01:03:20-0300 [-] wsn node send data - Number of events: 69
2021-01-27T01:03:20-0300 [-] wsn node send data - Number of events: 70
2021-01-27T01:03:20-0300 [-] wsn node send data - Number of events: 71
2021-01-27T01:03:20-0300 [-] wsn node send data - Number of events: 72
2021-01-27T01:03:20-0300 [-] wsn node send data - Number of events: 73
2021-01-27T01:03:20-0300 [-] wsn node send data - Number of events: 74
2021-01-27T01:03:20-0300 [-] wsn node send data - Number of events: 75
2021-01-27T01:03:20-0300 [-] wsn node send data - Number of events: 76
2021-01-27T01:03:20-0300 [-] wsn node send data - Number of events: 77
2021-01-27T01:03:20-0300 [-] wsn node send data - Number of events: 78
2021-01-27T01:03:20-0300 [-] wsn node send data - Number of events: 79
2021-01-27T01:03:20-0300 [-] wsn node send data - Number of events: 80
2021-01-27T01:03:20-0300 [-] wsn node send data - Number of events: 81
2021-01-27T01:03:20-0300 [-] wsn node send data - Number of events: 82
2021-01-27T01:03:20-0300 [-] wsn node send data - Number of events: 83
2021-01-27T01:03:20-0300 [-] wsn node send data - Number of events: 84
2021-01-27T01:03:20-0300 [-] wsn node send data - Number of events: 85
2021-01-27T01:03:20-0300 [-] wsn node send data - Number of events: 86
2021-01-27T01:03:20-0300 [-] wsn node send data - Number of events: 87
2021-01-27T01:03:20-0300 [-] wsn node send data - Number of events: 88
2021-01-27T01:03:20-0300 [-] wsn node send data - Number of events: 89
2021-01-27T01:03:20-0300 [-] wsn repeater node routing data - Number of events: 90
2021-01-27T01:03:20-0300 [-] wsn repeater node routing data - Number of events: 91
2021-01-27T01:03:20-0300 [-] wsn repeater node routing data - Number of events: 92
2021-01-27T01:03:20-0300 [-] wsn repeater node routing data - Number of events: 93
2021-01-27T01:03:20-0300 [-] wsn repeater node routing data - Number of events: 94
2021-01-27T01:03:20-0300 [-] wsn repeater node routing data - Number of events: 95
2021-01-27T01:03:20-0300 [-] wsn repeater node routing data - Number of events: 96
2021-01-27T01:03:20-0300 [-] wsn repeater node routing data - Number of events: 97
2021-01-27T01:03:20-0300 [-] wsn repeater node routing data - Number of events: 98
2021-01-27T01:03:20-0300 [-] wsn repeater node routing data - Number of events: 99
2021-01-27T01:03:20-0300 [-] wsn repeater node routing data - Number of events: 100
2021-01-27T01:03:20-0300 [-] wsn repeater node routing data - Number of events: 101
2021-01-27T01:03:20-0300 [-] wsn repeater node routing data - Number of events: 102
2021-01-27T01:03:20-0300 [-] wsn repeater node routing data - Number of events: 103
2021-01-27T01:03:20-0300 [-] wsn repeater node routing data - Number of events: 104
2021-01-27T01:03:20-0300 [-] wsn repeater node routing data - Number of events: 105
2021-01-27T01:03:21-0300 [twisted.internet.endpoints.OneShotFactory#info] Starting factory <twisted.internet.endpoints.connectProtocol.<locals>.OneShotFactory object at 0x7fa4ee052128>
2021-01-27T01:03:21-0300 [twisted.internet.endpoints.OneShotFactory#info] Stopping factory <twisted.internet.endpoints.connectProtocol.<locals>.OneShotFactory object at 0x7fa4ee0319e8>
2021-01-27T01:03:22-0300 [-] SCADA - Saving to the database. - Number of events: 106
2021-01-27T01:03:50-0300 [-] wsn node send data - Number of events: 107
2021-01-27T01:03:50-0300 [-] wsn node send data - Number of events: 108
2021-01-27T01:03:50-0300 [-] wsn node send data - Number of events: 109
2021-01-27T01:03:50-0300 [-] wsn node send data - Number of events: 110
2021-01-27T01:03:50-0300 [-] wsn node send data - Number of events: 111
2021-01-27T01:03:50-0300 [-] wsn node send data - Number of events: 112
2021-01-27T01:03:50-0300 [-] wsn node send data - Number of events: 113
2021-01-27T01:03:50-0300 [-] wsn node send data - Number of events: 114
2021-01-27T01:03:50-0300 [-] wsn node send data - Number of events: 115
2021-01-27T01:03:50-0300 [-] wsn node send data - Number of events: 116
2021-01-27T01:03:50-0300 [-] wsn node send data - Number of events: 117
2021-01-27T01:03:50-0300 [-] wsn node send data - Number of events: 118
2021-01-27T01:03:50-0300 [-] wsn node send data - Number of events: 119
2021-01-27T01:03:50-0300 [-] wsn node send data - Number of events: 120
2021-01-27T01:03:50-0300 [-] wsn node send data - Number of events: 121
2021-01-27T01:03:50-0300 [-] wsn node send data - Number of events: 122
2021-01-27T01:03:50-0300 [-] wsn node send data - Number of events: 123
2021-01-27T01:03:50-0300 [-] wsn node send data - Number of events: 124
2021-01-27T01:03:50-0300 [-] wsn node send data - Number of events: 125
2021-01-27T01:03:50-0300 [-] wsn node send data - Number of events: 126
2021-01-27T01:03:50-0300 [-] wsn node send data - Number of events: 127
2021-01-27T01:03:50-0300 [-] wsn node send data - Number of events: 128
2021-01-27T01:03:50-0300 [-] wsn node send data - Number of events: 129
2021-01-27T01:03:50-0300 [-] wsn node send data - Number of events: 130
2021-01-27T01:03:50-0300 [-] wsn node send data - Number of events: 131
2021-01-27T01:03:50-0300 [-] wsn node send data - Number of events: 132
2021-01-27T01:03:50-0300 [-] wsn node send data - Number of events: 133
2021-01-27T01:03:50-0300 [-] wsn node send data - Number of events: 134
2021-01-27T01:03:50-0300 [-] wsn node send data - Number of events: 135
2021-01-27T01:03:50-0300 [-] wsn node send data - Number of events: 136
2021-01-27T01:03:50-0300 [-] wsn node send data - Number of events: 137
2021-01-27T01:03:50-0300 [-] wsn node send data - Number of events: 138
2021-01-27T01:03:50-0300 [-] wsn node send data - Number of events: 139
2021-01-27T01:03:50-0300 [-] wsn node send data - Number of events: 140
2021-01-27T01:03:50-0300 [-] wsn node send data - Number of events: 141
2021-01-27T01:03:50-0300 [-] wsn node send data - Number of events: 142
2021-01-27T01:03:50-0300 [-] wsn node send data - Number of events: 143
2021-01-27T01:03:50-0300 [-] wsn node send data - Number of events: 144
2021-01-27T01:03:50-0300 [-] wsn node send data - Number of events: 145
2021-01-27T01:03:50-0300 [-] wsn node send data - Number of events: 146
2021-01-27T01:03:50-0300 [-] wsn repeater node routing data - Number of events: 147
2021-01-27T01:03:50-0300 [-] wsn repeater node routing data - Number of events: 148
2021-01-27T01:03:50-0300 [-] wsn repeater node routing data - Number of events: 149
2021-01-27T01:03:50-0300 [-] wsn repeater node routing data - Number of events: 150
2021-01-27T01:03:50-0300 [-] wsn repeater node routing data - Number of events: 151
2021-01-27T01:03:50-0300 [-] wsn repeater node routing data - Number of events: 152
2021-01-27T01:03:50-0300 [-] wsn repeater node routing data - Number of events: 153
2021-01-27T01:03:50-0300 [-] wsn repeater node routing data - Number of events: 154
2021-01-27T01:03:50-0300 [-] wsn repeater node routing data - Number of events: 155
2021-01-27T01:03:50-0300 [-] wsn repeater node routing data - Number of events: 156
2021-01-27T01:03:50-0300 [-] wsn repeater node routing data - Number of events: 157
2021-01-27T01:03:50-0300 [-] wsn repeater node routing data - Number of events: 158
2021-01-27T01:03:50-0300 [-] wsn repeater node routing data - Number of events: 159
2021-01-27T01:03:50-0300 [-] wsn repeater node routing data - Number of events: 160
2021-01-27T01:03:50-0300 [-] wsn repeater node routing data - Number of events: 161
2021-01-27T01:03:50-0300 [-] wsn repeater node routing data - Number of events: 162
2021-01-27T01:03:51-0300 [twisted.internet.endpoints.OneShotFactory#info] Starting factory <twisted.internet.endpoints.connectProtocol.<locals>.OneShotFactory object at 0x7fa4ee037240>
2021-01-27T01:03:51-0300 [twisted.internet.endpoints.OneShotFactory#info] Stopping factory <twisted.internet.endpoints.connectProtocol.<locals>.OneShotFactory object at 0x7fa4ee052128>
2021-01-27T01:03:54-0300 [-] SCADA - Saving to the database. - Number of events: 163
2021-01-27T01:04:20-0300 [-] wsn node send data - Number of events: 164
2021-01-27T01:04:20-0300 [-] wsn node send data - Number of events: 165
2021-01-27T01:04:20-0300 [-] wsn node send data - Number of events: 166
2021-01-27T01:04:20-0300 [-] wsn node send data - Number of events: 167
2021-01-27T01:04:20-0300 [-] wsn node send data - Number of events: 168
2021-01-27T01:04:20-0300 [-] wsn node send data - Number of events: 169
2021-01-27T01:04:20-0300 [-] wsn node send data - Number of events: 170
2021-01-27T01:04:20-0300 [-] wsn node send data - Number of events: 171
2021-01-27T01:04:20-0300 [-] wsn node send data - Number of events: 172
2021-01-27T01:04:20-0300 [-] wsn node send data - Number of events: 173
2021-01-27T01:04:20-0300 [-] wsn node send data - Number of events: 174
2021-01-27T01:04:20-0300 [-] wsn node send data - Number of events: 175
2021-01-27T01:04:20-0300 [-] wsn node send data - Number of events: 176
2021-01-27T01:04:20-0300 [-] wsn node send data - Number of events: 177
2021-01-27T01:04:20-0300 [-] wsn node send data - Number of events: 178
2021-01-27T01:04:20-0300 [-] wsn node send data - Number of events: 179
2021-01-27T01:04:20-0300 [-] wsn node send data - Number of events: 180
2021-01-27T01:04:20-0300 [-] wsn node send data - Number of events: 181
2021-01-27T01:04:20-0300 [-] wsn node send data - Number of events: 182
2021-01-27T01:04:20-0300 [-] wsn node send data - Number of events: 183
2021-01-27T01:04:20-0300 [-] wsn node send data - Number of events: 184
2021-01-27T01:04:20-0300 [-] wsn node send data - Number of events: 185
2021-01-27T01:04:20-0300 [-] wsn node send data - Number of events: 186
2021-01-27T01:04:20-0300 [-] wsn node send data - Number of events: 187
2021-01-27T01:04:20-0300 [-] wsn node send data - Number of events: 188
2021-01-27T01:04:20-0300 [-] wsn node send data - Number of events: 189
2021-01-27T01:04:20-0300 [-] wsn node send data - Number of events: 190
2021-01-27T01:04:20-0300 [-] wsn node send data - Number of events: 191
2021-01-27T01:04:20-0300 [-] wsn node send data - Number of events: 192
2021-01-27T01:04:20-0300 [-] wsn node send data - Number of events: 193
2021-01-27T01:04:20-0300 [-] wsn node send data - Number of events: 194
2021-01-27T01:04:20-0300 [-] wsn node send data - Number of events: 195
2021-01-27T01:04:20-0300 [-] wsn node send data - Number of events: 196
2021-01-27T01:04:20-0300 [-] wsn node send data - Number of events: 197
2021-01-27T01:04:20-0300 [-] wsn node send data - Number of events: 198
2021-01-27T01:04:20-0300 [-] wsn node send data - Number of events: 199
2021-01-27T01:04:20-0300 [-] wsn node send data - Number of events: 200
2021-01-27T01:04:20-0300 [-] wsn node send data - Number of events: 201
2021-01-27T01:04:20-0300 [-] wsn node send data - Number of events: 202
2021-01-27T01:04:20-0300 [-] wsn node send data - Number of events: 203
2021-01-27T01:04:20-0300 [-] wsn repeater node routing data - Number of events: 204
2021-01-27T01:04:20-0300 [-] wsn repeater node routing data - Number of events: 205
2021-01-27T01:04:20-0300 [-] wsn repeater node routing data - Number of events: 206
2021-01-27T01:04:20-0300 [-] wsn repeater node routing data - Number of events: 207
2021-01-27T01:04:20-0300 [-] wsn repeater node routing data - Number of events: 208
2021-01-27T01:04:20-0300 [-] wsn repeater node routing data - Number of events: 209
2021-01-27T01:04:20-0300 [-] wsn repeater node routing data - Number of events: 210
2021-01-27T01:04:20-0300 [-] wsn repeater node routing data - Number of events: 211
2021-01-27T01:04:20-0300 [-] wsn repeater node routing data - Number of events: 212
2021-01-27T01:04:20-0300 [-] wsn repeater node routing data - Number of events: 213
2021-01-27T01:04:20-0300 [-] wsn repeater node routing data - Number of events: 214
2021-01-27T01:04:20-0300 [-] wsn repeater node routing data - Number of events: 215
2021-01-27T01:04:20-0300 [-] wsn repeater node routing data - Number of events: 216
2021-01-27T01:04:20-0300 [-] wsn repeater node routing data - Number of events: 217
2021-01-27T01:04:20-0300 [-] wsn repeater node routing data - Number of events: 218
2021-01-27T01:04:20-0300 [-] wsn repeater node routing data - Number of events: 219
2021-01-27T01:04:21-0300 [twisted.internet.endpoints.OneShotFactory#info] Starting factory <twisted.internet.endpoints.connectProtocol.<locals>.OneShotFactory object at 0x7fa4ee04e2b0>
2021-01-27T01:04:21-0300 [twisted.internet.endpoints.OneShotFactory#info] Stopping factory <twisted.internet.endpoints.connectProtocol.<locals>.OneShotFactory object at 0x7fa4ee037240>
2021-01-27T01:04:26-0300 [-] SCADA - Saving to the database. - Number of events: 220
2021-01-27T01:04:50-0300 [-] wsn node send data - Number of events: 221
2021-01-27T01:04:50-0300 [-] wsn node send data - Number of events: 222
2021-01-27T01:04:50-0300 [-] wsn node send data - Number of events: 223
2021-01-27T01:04:50-0300 [-] wsn node send data - Number of events: 224
2021-01-27T01:04:50-0300 [-] wsn node send data - Number of events: 225
2021-01-27T01:04:50-0300 [-] wsn node send data - Number of events: 226
2021-01-27T01:04:50-0300 [-] wsn node send data - Number of events: 227
2021-01-27T01:04:50-0300 [-] wsn node send data - Number of events: 228
2021-01-27T01:04:50-0300 [-] wsn node send data - Number of events: 229
2021-01-27T01:04:50-0300 [-] wsn node send data - Number of events: 230
2021-01-27T01:04:50-0300 [-] wsn node send data - Number of events: 231
2021-01-27T01:04:50-0300 [-] wsn node send data - Number of events: 232
2021-01-27T01:04:50-0300 [-] wsn node send data - Number of events: 233
2021-01-27T01:04:50-0300 [-] wsn node send data - Number of events: 234
2021-01-27T01:04:50-0300 [-] wsn node send data - Number of events: 235
2021-01-27T01:04:50-0300 [-] wsn node send data - Number of events: 236
2021-01-27T01:04:50-0300 [-] wsn node send data - Number of events: 237
2021-01-27T01:04:50-0300 [-] wsn node send data - Number of events: 238
2021-01-27T01:04:50-0300 [-] wsn node send data - Number of events: 239
2021-01-27T01:04:50-0300 [-] wsn node send data - Number of events: 240
2021-01-27T01:04:50-0300 [-] wsn node send data - Number of events: 241
2021-01-27T01:04:50-0300 [-] wsn node send data - Number of events: 242
2021-01-27T01:04:50-0300 [-] wsn node send data - Number of events: 243
2021-01-27T01:04:50-0300 [-] wsn node send data - Number of events: 244
2021-01-27T01:04:50-0300 [-] wsn node send data - Number of events: 245
2021-01-27T01:04:50-0300 [-] wsn node send data - Number of events: 246
2021-01-27T01:04:50-0300 [-] wsn node send data - Number of events: 247
2021-01-27T01:04:50-0300 [-] wsn node send data - Number of events: 248
2021-01-27T01:04:50-0300 [-] wsn node send data - Number of events: 249
2021-01-27T01:04:50-0300 [-] wsn node send data - Number of events: 250
2021-01-27T01:04:50-0300 [-] wsn node send data - Number of events: 251
2021-01-27T01:04:50-0300 [-] wsn node send data - Number of events: 252
2021-01-27T01:04:50-0300 [-] wsn node send data - Number of events: 253
2021-01-27T01:04:50-0300 [-] wsn node send data - Number of events: 254
2021-01-27T01:04:50-0300 [-] wsn node send data - Number of events: 255
2021-01-27T01:04:50-0300 [-] wsn node send data - Number of events: 256
2021-01-27T01:04:50-0300 [-] wsn node send data - Number of events: 257
2021-01-27T01:04:50-0300 [-] wsn node send data - Number of events: 258
2021-01-27T01:04:50-0300 [-] wsn node send data - Number of events: 259
2021-01-27T01:04:50-0300 [-] wsn node send data - Number of events: 260
2021-01-27T01:04:50-0300 [-] wsn repeater node routing data - Number of events: 261
2021-01-27T01:04:50-0300 [-] wsn repeater node routing data - Number of events: 262
2021-01-27T01:04:50-0300 [-] wsn repeater node routing data - Number of events: 263
2021-01-27T01:04:50-0300 [-] wsn repeater node routing data - Number of events: 264
2021-01-27T01:04:50-0300 [-] wsn repeater node routing data - Number of events: 265
2021-01-27T01:04:50-0300 [-] wsn repeater node routing data - Number of events: 266
2021-01-27T01:04:50-0300 [-] wsn repeater node routing data - Number of events: 267
2021-01-27T01:04:50-0300 [-] wsn repeater node routing data - Number of events: 268
2021-01-27T01:04:50-0300 [-] wsn repeater node routing data - Number of events: 269
2021-01-27T01:04:50-0300 [-] wsn repeater node routing data - Number of events: 270
2021-01-27T01:04:50-0300 [-] wsn repeater node routing data - Number of events: 271
2021-01-27T01:04:50-0300 [-] wsn repeater node routing data - Number of events: 272
2021-01-27T01:04:50-0300 [-] wsn repeater node routing data - Number of events: 273
2021-01-27T01:04:50-0300 [-] wsn repeater node routing data - Number of events: 274
2021-01-27T01:04:50-0300 [-] wsn repeater node routing data - Number of events: 275
2021-01-27T01:04:50-0300 [-] wsn repeater node routing data - Number of events: 276
2021-01-27T01:04:51-0300 [twisted.internet.endpoints.OneShotFactory#info] Starting factory <twisted.internet.endpoints.connectProtocol.<locals>.OneShotFactory object at 0x7fa4ee04e668>
2021-01-27T01:04:51-0300 [twisted.internet.endpoints.OneShotFactory#info] Stopping factory <twisted.internet.endpoints.connectProtocol.<locals>.OneShotFactory object at 0x7fa4ee04e2b0>
2021-01-27T01:04:58-0300 [-] SCADA - Saving to the database. - Number of events: 277
2021-01-27T01:05:20-0300 [-] wsn node send data - Number of events: 278
2021-01-27T01:05:20-0300 [-] wsn node send data - Number of events: 279
2021-01-27T01:05:20-0300 [-] wsn node send data - Number of events: 280
2021-01-27T01:05:20-0300 [-] wsn node send data - Number of events: 281
2021-01-27T01:05:20-0300 [-] wsn node send data - Number of events: 282
2021-01-27T01:05:20-0300 [-] wsn node send data - Number of events: 283
2021-01-27T01:05:20-0300 [-] wsn node send data - Number of events: 284
2021-01-27T01:05:20-0300 [-] wsn node send data - Number of events: 285
2021-01-27T01:05:20-0300 [-] wsn node send data - Number of events: 286
2021-01-27T01:05:20-0300 [-] wsn node send data - Number of events: 287
2021-01-27T01:05:20-0300 [-] wsn node send data - Number of events: 288
2021-01-27T01:05:20-0300 [-] wsn node send data - Number of events: 289
2021-01-27T01:05:20-0300 [-] wsn node send data - Number of events: 290
2021-01-27T01:05:20-0300 [-] wsn node send data - Number of events: 291
2021-01-27T01:05:20-0300 [-] wsn node send data - Number of events: 292
2021-01-27T01:05:20-0300 [-] wsn node send data - Number of events: 293
2021-01-27T01:05:20-0300 [-] wsn node send data - Number of events: 294
2021-01-27T01:05:20-0300 [-] wsn node send data - Number of events: 295
2021-01-27T01:05:20-0300 [-] wsn node send data - Number of events: 296
2021-01-27T01:05:20-0300 [-] wsn node send data - Number of events: 297
2021-01-27T01:05:20-0300 [-] wsn node send data - Number of events: 298
2021-01-27T01:05:20-0300 [-] wsn node send data - Number of events: 299
2021-01-27T01:05:20-0300 [-] wsn node send data - Number of events: 300
2021-01-27T01:05:20-0300 [-] wsn node send data - Number of events: 301
2021-01-27T01:05:20-0300 [-] wsn node send data - Number of events: 302
2021-01-27T01:05:20-0300 [-] wsn node send data - Number of events: 303
2021-01-27T01:05:20-0300 [-] wsn node send data - Number of events: 304
2021-01-27T01:05:20-0300 [-] wsn node send data - Number of events: 305
2021-01-27T01:05:20-0300 [-] wsn node send data - Number of events: 306
2021-01-27T01:05:20-0300 [-] wsn node send data - Number of events: 307
2021-01-27T01:05:20-0300 [-] wsn node send data - Number of events: 308
2021-01-27T01:05:20-0300 [-] wsn node send data - Number of events: 309
2021-01-27T01:05:20-0300 [-] wsn node send data - Number of events: 310
2021-01-27T01:05:20-0300 [-] wsn node send data - Number of events: 311
2021-01-27T01:05:20-0300 [-] wsn node send data - Number of events: 312
2021-01-27T01:05:20-0300 [-] wsn node send data - Number of events: 313
2021-01-27T01:05:20-0300 [-] wsn node send data - Number of events: 314
2021-01-27T01:05:20-0300 [-] wsn node send data - Number of events: 315
2021-01-27T01:05:20-0300 [-] wsn node send data - Number of events: 316
2021-01-27T01:05:20-0300 [-] wsn node send data - Number of events: 317
2021-01-27T01:05:20-0300 [-] wsn repeater node routing data - Number of events: 318
2021-01-27T01:05:20-0300 [-] wsn repeater node routing data - Number of events: 319
2021-01-27T01:05:20-0300 [-] wsn repeater node routing data - Number of events: 320
2021-01-27T01:05:20-0300 [-] wsn repeater node routing data - Number of events: 321
2021-01-27T01:05:20-0300 [-] wsn repeater node routing data - Number of events: 322
2021-01-27T01:05:20-0300 [-] wsn repeater node routing data - Number of events: 323
2021-01-27T01:05:20-0300 [-] wsn repeater node routing data - Number of events: 324
2021-01-27T01:05:20-0300 [-] wsn repeater node routing data - Number of events: 325
2021-01-27T01:05:20-0300 [-] wsn repeater node routing data - Number of events: 326
2021-01-27T01:05:20-0300 [-] wsn repeater node routing data - Number of events: 327
2021-01-27T01:05:20-0300 [-] wsn repeater node routing data - Number of events: 328
2021-01-27T01:05:20-0300 [-] wsn repeater node routing data - Number of events: 329
2021-01-27T01:05:20-0300 [-] wsn repeater node routing data - Number of events: 330
2021-01-27T01:05:20-0300 [-] wsn repeater node routing data - Number of events: 331
2021-01-27T01:05:20-0300 [-] wsn repeater node routing data - Number of events: 332
2021-01-27T01:05:20-0300 [-] wsn repeater node routing data - Number of events: 333
2021-01-27T01:05:21-0300 [twisted.internet.endpoints.OneShotFactory#info] Starting factory <twisted.internet.endpoints.connectProtocol.<locals>.OneShotFactory object at 0x7fa4ee0f4438>
2021-01-27T01:05:21-0300 [twisted.internet.endpoints.OneShotFactory#info] Stopping factory <twisted.internet.endpoints.connectProtocol.<locals>.OneShotFactory object at 0x7fa4ee04e668>
2021-01-27T01:05:30-0300 [-] SCADA - Saving to the database. - Number of events: 334
2021-01-27T01:05:50-0300 [-] wsn node send data - Number of events: 335
2021-01-27T01:05:50-0300 [-] wsn node send data - Number of events: 336
2021-01-27T01:05:50-0300 [-] wsn node send data - Number of events: 337
2021-01-27T01:05:50-0300 [-] wsn node send data - Number of events: 338
2021-01-27T01:05:50-0300 [-] wsn node send data - Number of events: 339
2021-01-27T01:05:50-0300 [-] wsn node send data - Number of events: 340
2021-01-27T01:05:50-0300 [-] wsn node send data - Number of events: 341
2021-01-27T01:05:50-0300 [-] wsn node send data - Number of events: 342
2021-01-27T01:05:50-0300 [-] wsn node send data - Number of events: 343
2021-01-27T01:05:50-0300 [-] wsn node send data - Number of events: 344
2021-01-27T01:05:50-0300 [-] wsn node send data - Number of events: 345
2021-01-27T01:05:50-0300 [-] wsn node send data - Number of events: 346
2021-01-27T01:05:50-0300 [-] wsn node send data - Number of events: 347
2021-01-27T01:05:50-0300 [-] wsn node send data - Number of events: 348
2021-01-27T01:05:50-0300 [-] wsn node send data - Number of events: 349
2021-01-27T01:05:50-0300 [-] wsn node send data - Number of events: 350
2021-01-27T01:05:50-0300 [-] wsn node send data - Number of events: 351
2021-01-27T01:05:50-0300 [-] wsn node send data - Number of events: 352
2021-01-27T01:05:50-0300 [-] wsn node send data - Number of events: 353
2021-01-27T01:05:50-0300 [-] wsn node send data - Number of events: 354
2021-01-27T01:05:50-0300 [-] wsn node send data - Number of events: 355
2021-01-27T01:05:50-0300 [-] wsn node send data - Number of events: 356
2021-01-27T01:05:50-0300 [-] wsn node send data - Number of events: 357
2021-01-27T01:05:50-0300 [-] wsn node send data - Number of events: 358
2021-01-27T01:05:50-0300 [-] wsn node send data - Number of events: 359
2021-01-27T01:05:50-0300 [-] wsn node send data - Number of events: 360
2021-01-27T01:05:50-0300 [-] wsn node send data - Number of events: 361
2021-01-27T01:05:50-0300 [-] wsn node send data - Number of events: 362
2021-01-27T01:05:50-0300 [-] wsn node send data - Number of events: 363
2021-01-27T01:05:50-0300 [-] wsn node send data - Number of events: 364
2021-01-27T01:05:50-0300 [-] wsn node send data - Number of events: 365
2021-01-27T01:05:50-0300 [-] wsn node send data - Number of events: 366
2021-01-27T01:05:50-0300 [-] wsn node send data - Number of events: 367
2021-01-27T01:05:50-0300 [-] wsn node send data - Number of events: 368
2021-01-27T01:05:51-0300 [-] wsn node send data - Number of events: 369
2021-01-27T01:05:51-0300 [-] wsn node send data - Number of events: 370
2021-01-27T01:05:51-0300 [-] wsn node send data - Number of events: 371
2021-01-27T01:05:51-0300 [-] wsn node send data - Number of events: 372
2021-01-27T01:05:51-0300 [-] wsn node send data - Number of events: 373
2021-01-27T01:05:51-0300 [-] wsn node send data - Number of events: 374
2021-01-27T01:05:51-0300 [-] wsn repeater node routing data - Number of events: 375
2021-01-27T01:05:51-0300 [-] wsn repeater node routing data - Number of events: 376
2021-01-27T01:05:51-0300 [-] wsn repeater node routing data - Number of events: 377
2021-01-27T01:05:51-0300 [-] wsn repeater node routing data - Number of events: 378
2021-01-27T01:05:51-0300 [-] wsn repeater node routing data - Number of events: 379
2021-01-27T01:05:51-0300 [-] wsn repeater node routing data - Number of events: 380
2021-01-27T01:05:51-0300 [-] wsn repeater node routing data - Number of events: 381
2021-01-27T01:05:51-0300 [-] wsn repeater node routing data - Number of events: 382
2021-01-27T01:05:51-0300 [-] wsn repeater node routing data - Number of events: 383
2021-01-27T01:05:51-0300 [-] wsn repeater node routing data - Number of events: 384
2021-01-27T01:05:51-0300 [-] wsn repeater node routing data - Number of events: 385
2021-01-27T01:05:51-0300 [-] wsn repeater node routing data - Number of events: 386
2021-01-27T01:05:51-0300 [-] wsn repeater node routing data - Number of events: 387
2021-01-27T01:05:51-0300 [-] wsn repeater node routing data - Number of events: 388
2021-01-27T01:05:51-0300 [-] wsn repeater node routing data - Number of events: 389
2021-01-27T01:05:51-0300 [-] wsn repeater node routing data - Number of events: 390
2021-01-27T01:05:51-0300 [twisted.internet.endpoints.OneShotFactory#info] Starting factory <twisted.internet.endpoints.connectProtocol.<locals>.OneShotFactory object at 0x7fa4ee052828>
2021-01-27T01:05:51-0300 [twisted.internet.endpoints.OneShotFactory#info] Stopping factory <twisted.internet.endpoints.connectProtocol.<locals>.OneShotFactory object at 0x7fa4ee0f4438>
2021-01-27T01:06:02-0300 [-] SCADA - Saving to the database. - Number of events: 391
2021-01-27T01:06:20-0300 [-] wsn node send data - Number of events: 392
2021-01-27T01:06:20-0300 [-] wsn node send data - Number of events: 393
2021-01-27T01:06:20-0300 [-] wsn node send data - Number of events: 394
2021-01-27T01:06:20-0300 [-] wsn node send data - Number of events: 395
2021-01-27T01:06:20-0300 [-] wsn node send data - Number of events: 396
2021-01-27T01:06:20-0300 [-] wsn node send data - Number of events: 397
2021-01-27T01:06:20-0300 [-] wsn node send data - Number of events: 398
2021-01-27T01:06:20-0300 [-] wsn node send data - Number of events: 399
2021-01-27T01:06:20-0300 [-] wsn node send data - Number of events: 400
2021-01-27T01:06:20-0300 [-] wsn node send data - Number of events: 401
2021-01-27T01:06:20-0300 [-] wsn node send data - Number of events: 402
2021-01-27T01:06:20-0300 [-] wsn node send data - Number of events: 403
2021-01-27T01:06:20-0300 [-] wsn node send data - Number of events: 404
2021-01-27T01:06:20-0300 [-] wsn node send data - Number of events: 405
2021-01-27T01:06:20-0300 [-] wsn node send data - Number of events: 406
2021-01-27T01:06:20-0300 [-] wsn node send data - Number of events: 407
2021-01-27T01:06:20-0300 [-] wsn node send data - Number of events: 408
2021-01-27T01:06:20-0300 [-] wsn node send data - Number of events: 409
2021-01-27T01:06:20-0300 [-] wsn node send data - Number of events: 410
2021-01-27T01:06:20-0300 [-] wsn node send data - Number of events: 411
2021-01-27T01:06:20-0300 [-] wsn node send data - Number of events: 412
2021-01-27T01:06:20-0300 [-] wsn node send data - Number of events: 413
2021-01-27T01:06:20-0300 [-] wsn node send data - Number of events: 414
2021-01-27T01:06:20-0300 [-] wsn node send data - Number of events: 415
2021-01-27T01:06:20-0300 [-] wsn node send data - Number of events: 416
2021-01-27T01:06:20-0300 [-] wsn node send data - Number of events: 417
2021-01-27T01:06:20-0300 [-] wsn node send data - Number of events: 418
2021-01-27T01:06:20-0300 [-] wsn node send data - Number of events: 419
2021-01-27T01:06:20-0300 [-] wsn node send data - Number of events: 420
2021-01-27T01:06:20-0300 [-] wsn node send data - Number of events: 421
2021-01-27T01:06:20-0300 [-] wsn node send data - Number of events: 422
2021-01-27T01:06:20-0300 [-] wsn node send data - Number of events: 423
2021-01-27T01:06:20-0300 [-] wsn node send data - Number of events: 424
2021-01-27T01:06:20-0300 [-] wsn node send data - Number of events: 425
2021-01-27T01:06:20-0300 [-] wsn node send data - Number of events: 426
2021-01-27T01:06:20-0300 [-] wsn node send data - Number of events: 427
2021-01-27T01:06:20-0300 [-] wsn node send data - Number of events: 428
2021-01-27T01:06:20-0300 [-] wsn node send data - Number of events: 429
2021-01-27T01:06:20-0300 [-] wsn node send data - Number of events: 430
2021-01-27T01:06:20-0300 [-] wsn node send data - Number of events: 431
2021-01-27T01:06:20-0300 [-] wsn repeater node routing data - Number of events: 432
2021-01-27T01:06:20-0300 [-] wsn repeater node routing data - Number of events: 433
2021-01-27T01:06:20-0300 [-] wsn repeater node routing data - Number of events: 434
2021-01-27T01:06:20-0300 [-] wsn repeater node routing data - Number of events: 435
2021-01-27T01:06:20-0300 [-] wsn repeater node routing data - Number of events: 436
2021-01-27T01:06:20-0300 [-] wsn repeater node routing data - Number of events: 437
2021-01-27T01:06:20-0300 [-] wsn repeater node routing data - Number of events: 438
2021-01-27T01:06:20-0300 [-] wsn repeater node routing data - Number of events: 439
2021-01-27T01:06:20-0300 [-] wsn repeater node routing data - Number of events: 440
2021-01-27T01:06:20-0300 [-] wsn repeater node routing data - Number of events: 441
2021-01-27T01:06:20-0300 [-] wsn repeater node routing data - Number of events: 442
2021-01-27T01:06:20-0300 [-] wsn repeater node routing data - Number of events: 443
2021-01-27T01:06:20-0300 [-] wsn repeater node routing data - Number of events: 444
2021-01-27T01:06:20-0300 [-] wsn repeater node routing data - Number of events: 445
2021-01-27T01:06:20-0300 [-] wsn repeater node routing data - Number of events: 446
2021-01-27T01:06:20-0300 [-] wsn repeater node routing data - Number of events: 447
2021-01-27T01:06:21-0300 [twisted.internet.endpoints.OneShotFactory#info] Starting factory <twisted.internet.endpoints.connectProtocol.<locals>.OneShotFactory object at 0x7fa4ee0f4d68>
2021-01-27T01:06:21-0300 [twisted.internet.endpoints.OneShotFactory#info] Stopping factory <twisted.internet.endpoints.connectProtocol.<locals>.OneShotFactory object at 0x7fa4ee052828>
2021-01-27T01:06:34-0300 [-] SCADA - Saving to the database. - Number of events: 448
2021-01-27T01:06:50-0300 [-] wsn node send data - Number of events: 449
2021-01-27T01:06:50-0300 [-] wsn node send data - Number of events: 450
2021-01-27T01:06:50-0300 [-] wsn node send data - Number of events: 451
2021-01-27T01:06:50-0300 [-] wsn node send data - Number of events: 452
2021-01-27T01:06:50-0300 [-] wsn node send data - Number of events: 453
2021-01-27T01:06:50-0300 [-] wsn node send data - Number of events: 454
2021-01-27T01:06:50-0300 [-] wsn node send data - Number of events: 455
2021-01-27T01:06:50-0300 [-] wsn node send data - Number of events: 456
2021-01-27T01:06:50-0300 [-] wsn node send data - Number of events: 457
2021-01-27T01:06:50-0300 [-] wsn node send data - Number of events: 458
2021-01-27T01:06:50-0300 [-] wsn node send data - Number of events: 459
2021-01-27T01:06:50-0300 [-] wsn node send data - Number of events: 460
2021-01-27T01:06:50-0300 [-] wsn node send data - Number of events: 461
2021-01-27T01:06:50-0300 [-] wsn node send data - Number of events: 462
2021-01-27T01:06:50-0300 [-] wsn node send data - Number of events: 463
2021-01-27T01:06:50-0300 [-] wsn node send data - Number of events: 464
2021-01-27T01:06:50-0300 [-] wsn node send data - Number of events: 465
2021-01-27T01:06:50-0300 [-] wsn node send data - Number of events: 466
2021-01-27T01:06:50-0300 [-] wsn node send data - Number of events: 467
2021-01-27T01:06:50-0300 [-] wsn node send data - Number of events: 468
2021-01-27T01:06:50-0300 [-] wsn node send data - Number of events: 469
2021-01-27T01:06:50-0300 [-] wsn node send data - Number of events: 470
2021-01-27T01:06:50-0300 [-] wsn node send data - Number of events: 471
2021-01-27T01:06:50-0300 [-] wsn node send data - Number of events: 472
2021-01-27T01:06:50-0300 [-] wsn node send data - Number of events: 473
2021-01-27T01:06:50-0300 [-] wsn node send data - Number of events: 474
2021-01-27T01:06:50-0300 [-] wsn node send data - Number of events: 475
2021-01-27T01:06:50-0300 [-] wsn node send data - Number of events: 476
2021-01-27T01:06:50-0300 [-] wsn node send data - Number of events: 477
2021-01-27T01:06:50-0300 [-] wsn node send data - Number of events: 478
2021-01-27T01:06:50-0300 [-] wsn node send data - Number of events: 479
2021-01-27T01:06:50-0300 [-] wsn node send data - Number of events: 480
2021-01-27T01:06:50-0300 [-] wsn node send data - Number of events: 481
2021-01-27T01:06:50-0300 [-] wsn node send data - Number of events: 482
2021-01-27T01:06:50-0300 [-] wsn node send data - Number of events: 483
2021-01-27T01:06:50-0300 [-] wsn node send data - Number of events: 484
2021-01-27T01:06:50-0300 [-] wsn node send data - Number of events: 485
2021-01-27T01:06:50-0300 [-] wsn node send data - Number of events: 486
2021-01-27T01:06:50-0300 [-] wsn node send data - Number of events: 487
2021-01-27T01:06:50-0300 [-] wsn node send data - Number of events: 488
2021-01-27T01:06:50-0300 [-] wsn repeater node routing data - Number of events: 489
2021-01-27T01:06:50-0300 [-] wsn repeater node routing data - Number of events: 490
2021-01-27T01:06:50-0300 [-] wsn repeater node routing data - Number of events: 491
2021-01-27T01:06:50-0300 [-] wsn repeater node routing data - Number of events: 492
2021-01-27T01:06:50-0300 [-] wsn repeater node routing data - Number of events: 493
2021-01-27T01:06:50-0300 [-] wsn repeater node routing data - Number of events: 494
2021-01-27T01:06:50-0300 [-] wsn repeater node routing data - Number of events: 495
2021-01-27T01:06:50-0300 [-] wsn repeater node routing data - Number of events: 496
2021-01-27T01:06:50-0300 [-] wsn repeater node routing data - Number of events: 497
2021-01-27T01:06:50-0300 [-] wsn repeater node routing data - Number of events: 498
2021-01-27T01:06:50-0300 [-] wsn repeater node routing data - Number of events: 499
2021-01-27T01:06:50-0300 [-] wsn repeater node routing data - Number of events: 500
2021-01-27T01:06:50-0300 [-] wsn repeater node routing data - Number of events: 501
2021-01-27T01:06:50-0300 [-] wsn repeater node routing data - Number of events: 502
2021-01-27T01:06:50-0300 [-] wsn repeater node routing data - Number of events: 503
2021-01-27T01:06:50-0300 [-] wsn repeater node routing data - Number of events: 504
2021-01-27T01:06:51-0300 [twisted.internet.endpoints.OneShotFactory#info] Starting factory <twisted.internet.endpoints.connectProtocol.<locals>.OneShotFactory object at 0x7fa4ee034908>
2021-01-27T01:06:51-0300 [twisted.internet.endpoints.OneShotFactory#info] Stopping factory <twisted.internet.endpoints.connectProtocol.<locals>.OneShotFactory object at 0x7fa4ee0f4d68>
2021-01-27T01:07:06-0300 [-] SCADA - Saving to the database. - Number of events: 505
2021-01-27T01:07:20-0300 [-] wsn node send data - Number of events: 506
2021-01-27T01:07:20-0300 [-] wsn node send data - Number of events: 507
2021-01-27T01:07:20-0300 [-] wsn node send data - Number of events: 508
2021-01-27T01:07:20-0300 [-] wsn node send data - Number of events: 509
2021-01-27T01:07:20-0300 [-] wsn node send data - Number of events: 510
2021-01-27T01:07:20-0300 [-] wsn node send data - Number of events: 511
2021-01-27T01:07:20-0300 [-] wsn node send data - Number of events: 512
2021-01-27T01:07:20-0300 [-] wsn node send data - Number of events: 513
2021-01-27T01:07:20-0300 [-] wsn node send data - Number of events: 514
2021-01-27T01:07:20-0300 [-] wsn node send data - Number of events: 515
2021-01-27T01:07:20-0300 [-] wsn node send data - Number of events: 516
2021-01-27T01:07:20-0300 [-] wsn node send data - Number of events: 517
2021-01-27T01:07:20-0300 [-] wsn node send data - Number of events: 518
2021-01-27T01:07:20-0300 [-] wsn node send data - Number of events: 519
2021-01-27T01:07:20-0300 [-] wsn node send data - Number of events: 520
2021-01-27T01:07:20-0300 [-] wsn node send data - Number of events: 521
2021-01-27T01:07:20-0300 [-] wsn node send data - Number of events: 522
2021-01-27T01:07:20-0300 [-] wsn node send data - Number of events: 523
2021-01-27T01:07:20-0300 [-] wsn node send data - Number of events: 524
2021-01-27T01:07:20-0300 [-] wsn node send data - Number of events: 525
2021-01-27T01:07:20-0300 [-] wsn node send data - Number of events: 526
2021-01-27T01:07:20-0300 [-] wsn node send data - Number of events: 527
2021-01-27T01:07:21-0300 [-] wsn node send data - Number of events: 528
2021-01-27T01:07:21-0300 [-] wsn node send data - Number of events: 529
2021-01-27T01:07:21-0300 [-] wsn node send data - Number of events: 530
2021-01-27T01:07:21-0300 [-] wsn node send data - Number of events: 531
2021-01-27T01:07:21-0300 [-] wsn node send data - Number of events: 532
2021-01-27T01:07:21-0300 [-] wsn node send data - Number of events: 533
2021-01-27T01:07:21-0300 [-] wsn node send data - Number of events: 534
2021-01-27T01:07:21-0300 [-] wsn node send data - Number of events: 535
2021-01-27T01:07:21-0300 [-] wsn node send data - Number of events: 536
2021-01-27T01:07:21-0300 [-] wsn node send data - Number of events: 537
2021-01-27T01:07:21-0300 [-] wsn node send data - Number of events: 538
2021-01-27T01:07:21-0300 [-] wsn node send data - Number of events: 539
2021-01-27T01:07:21-0300 [-] wsn node send data - Number of events: 540
2021-01-27T01:07:21-0300 [-] wsn node send data - Number of events: 541
2021-01-27T01:07:21-0300 [-] wsn node send data - Number of events: 542
2021-01-27T01:07:21-0300 [-] wsn node send data - Number of events: 543
2021-01-27T01:07:21-0300 [-] wsn node send data - Number of events: 544
2021-01-27T01:07:21-0300 [-] wsn node send data - Number of events: 545
2021-01-27T01:07:21-0300 [-] wsn repeater node routing data - Number of events: 546
2021-01-27T01:07:21-0300 [-] wsn repeater node routing data - Number of events: 547
2021-01-27T01:07:21-0300 [-] wsn repeater node routing data - Number of events: 548
2021-01-27T01:07:21-0300 [-] wsn repeater node routing data - Number of events: 549
2021-01-27T01:07:21-0300 [-] wsn repeater node routing data - Number of events: 550
2021-01-27T01:07:21-0300 [-] wsn repeater node routing data - Number of events: 551
2021-01-27T01:07:21-0300 [-] wsn repeater node routing data - Number of events: 552
2021-01-27T01:07:21-0300 [-] wsn repeater node routing data - Number of events: 553
2021-01-27T01:07:21-0300 [-] wsn repeater node routing data - Number of events: 554
2021-01-27T01:07:21-0300 [-] wsn repeater node routing data - Number of events: 555
2021-01-27T01:07:21-0300 [-] wsn repeater node routing data - Number of events: 556
2021-01-27T01:07:21-0300 [-] wsn repeater node routing data - Number of events: 557
2021-01-27T01:07:21-0300 [-] wsn repeater node routing data - Number of events: 558
2021-01-27T01:07:21-0300 [-] wsn repeater node routing data - Number of events: 559
2021-01-27T01:07:21-0300 [-] wsn repeater node routing data - Number of events: 560
2021-01-27T01:07:21-0300 [-] wsn repeater node routing data - Number of events: 561
2021-01-27T01:07:23-0300 [twisted.internet.endpoints.OneShotFactory#info] Starting factory <twisted.internet.endpoints.connectProtocol.<locals>.OneShotFactory object at 0x7fa4ee034198>
2021-01-27T01:07:23-0300 [twisted.internet.endpoints.OneShotFactory#info] Stopping factory <twisted.internet.endpoints.connectProtocol.<locals>.OneShotFactory object at 0x7fa4ee034908>
2021-01-27T01:07:38-0300 [-] SCADA - Saving to the database. - Number of events: 562
2021-01-27T01:07:50-0300 [-] wsn node send data - Number of events: 563
2021-01-27T01:07:50-0300 [-] wsn node send data - Number of events: 564
2021-01-27T01:07:50-0300 [-] wsn node send data - Number of events: 565
2021-01-27T01:07:50-0300 [-] wsn node send data - Number of events: 566
2021-01-27T01:07:50-0300 [-] wsn node send data - Number of events: 567
2021-01-27T01:07:50-0300 [-] wsn node send data - Number of events: 568
2021-01-27T01:07:50-0300 [-] wsn node send data - Number of events: 569
2021-01-27T01:07:50-0300 [-] wsn node send data - Number of events: 570
2021-01-27T01:07:50-0300 [-] wsn node send data - Number of events: 571
2021-01-27T01:07:50-0300 [-] wsn node send data - Number of events: 572
2021-01-27T01:07:50-0300 [-] wsn node send data - Number of events: 573
2021-01-27T01:07:50-0300 [-] wsn node send data - Number of events: 574
2021-01-27T01:07:50-0300 [-] wsn node send data - Number of events: 575
2021-01-27T01:07:50-0300 [-] wsn node send data - Number of events: 576
2021-01-27T01:07:50-0300 [-] wsn node send data - Number of events: 577
2021-01-27T01:07:50-0300 [-] wsn node send data - Number of events: 578
2021-01-27T01:07:50-0300 [-] wsn node send data - Number of events: 579
2021-01-27T01:07:50-0300 [-] wsn node send data - Number of events: 580
2021-01-27T01:07:50-0300 [-] wsn node send data - Number of events: 581
2021-01-27T01:07:50-0300 [-] wsn node send data - Number of events: 582
2021-01-27T01:07:50-0300 [-] wsn node send data - Number of events: 583
2021-01-27T01:07:50-0300 [-] wsn node send data - Number of events: 584
2021-01-27T01:07:50-0300 [-] wsn node send data - Number of events: 585
2021-01-27T01:07:50-0300 [-] wsn node send data - Number of events: 586
2021-01-27T01:07:50-0300 [-] wsn node send data - Number of events: 587
2021-01-27T01:07:50-0300 [-] wsn node send data - Number of events: 588
2021-01-27T01:07:50-0300 [-] wsn node send data - Number of events: 589
2021-01-27T01:07:50-0300 [-] wsn node send data - Number of events: 590
2021-01-27T01:07:50-0300 [-] wsn node send data - Number of events: 591
2021-01-27T01:07:50-0300 [-] wsn node send data - Number of events: 592
2021-01-27T01:07:50-0300 [-] wsn node send data - Number of events: 593
2021-01-27T01:07:50-0300 [-] wsn node send data - Number of events: 594
2021-01-27T01:07:50-0300 [-] wsn node send data - Number of events: 595
2021-01-27T01:07:50-0300 [-] wsn node send data - Number of events: 596
2021-01-27T01:07:51-0300 [-] wsn node send data - Number of events: 597
2021-01-27T01:07:51-0300 [-] wsn node send data - Number of events: 598
2021-01-27T01:07:51-0300 [-] wsn node send data - Number of events: 599
2021-01-27T01:07:51-0300 [-] wsn node send data - Number of events: 600
2021-01-27T01:07:51-0300 [-] wsn node send data - Number of events: 601
2021-01-27T01:07:51-0300 [-] wsn node send data - Number of events: 602
2021-01-27T01:07:51-0300 [-] wsn repeater node routing data - Number of events: 603
2021-01-27T01:07:51-0300 [-] wsn repeater node routing data - Number of events: 604
2021-01-27T01:07:51-0300 [-] wsn repeater node routing data - Number of events: 605
2021-01-27T01:07:51-0300 [-] wsn repeater node routing data - Number of events: 606
2021-01-27T01:07:51-0300 [-] wsn repeater node routing data - Number of events: 607
2021-01-27T01:07:51-0300 [-] wsn repeater node routing data - Number of events: 608
2021-01-27T01:07:51-0300 [-] wsn repeater node routing data - Number of events: 609
2021-01-27T01:07:51-0300 [-] wsn repeater node routing data - Number of events: 610
2021-01-27T01:07:51-0300 [-] wsn repeater node routing data - Number of events: 611
2021-01-27T01:07:51-0300 [-] wsn repeater node routing data - Number of events: 612
2021-01-27T01:07:51-0300 [-] wsn repeater node routing data - Number of events: 613
2021-01-27T01:07:51-0300 [-] wsn repeater node routing data - Number of events: 614
2021-01-27T01:07:51-0300 [-] wsn repeater node routing data - Number of events: 615
2021-01-27T01:07:51-0300 [-] wsn repeater node routing data - Number of events: 616
2021-01-27T01:07:51-0300 [-] wsn repeater node routing data - Number of events: 617
2021-01-27T01:07:51-0300 [-] wsn repeater node routing data - Number of events: 618
2021-01-27T01:07:52-0300 [twisted.internet.endpoints.OneShotFactory#info] Starting factory <twisted.internet.endpoints.connectProtocol.<locals>.OneShotFactory object at 0x7fa4ee034550>
2021-01-27T01:07:52-0300 [twisted.internet.endpoints.OneShotFactory#info] Stopping factory <twisted.internet.endpoints.connectProtocol.<locals>.OneShotFactory object at 0x7fa4ee034198>
