2021-01-27T01:01:22-0300 [-] Creating router ...
2021-01-27T01:01:22-0300 [-] Initializing Router - Number of events: 1
2021-01-27T01:01:22-0300 [-] Initializing Server - Number of events: 2
2021-01-27T01:01:22-0300 [-] Initializing Client - Number of events: 3
2021-01-27T01:01:22-0300 [-] Initializing sink node - Number of events: 4
2021-01-27T01:01:23-0300 [-] Initializing sensor node - Number of events: 5
2021-01-27T01:01:23-0300 [-] Initializing sensor node - Number of events: 6
2021-01-27T01:01:24-0300 [-] Initializing sensor node - Number of events: 7
2021-01-27T01:01:24-0300 [-] Initializing sensor node - Number of events: 8
2021-01-27T01:01:25-0300 [-] Initializing sensor node - Number of events: 9
2021-01-27T01:01:25-0300 [-] Initializing sensor node - Number of events: 10
2021-01-27T01:01:26-0300 [-] Initializing sensor node - Number of events: 11
2021-01-27T01:01:26-0300 [-] Initializing repeater node - Number of events: 12
2021-01-27T01:01:27-0300 [-] Initializing repeater node - Number of events: 13
2021-01-27T01:01:27-0300 [-] Initializing repeater node - Number of events: 14
2021-01-27T01:01:28-0300 [-] Initializing repeater node - Number of events: 15
2021-01-27T01:01:28-0300 [-] Initializing repeater node - Number of events: 16
2021-01-27T01:01:29-0300 [-] Initializing repeater node - Number of events: 17
2021-01-27T01:01:29-0300 [-] Initializing repeater node - Number of events: 18
2021-01-27T01:01:45-0300 [-] RouterFactory starting on 8081
2021-01-27T01:01:45-0300 [-] BrokerFactory starting on 5100
2021-01-27T01:01:45-0300 [stdout#info] ========= sensor_5 ==========
2021-01-27T01:01:45-0300 [stdout#info] sensor_5  <------->  wsn_repeater_1
2021-01-27T01:01:45-0300 [stdout#info] =============================
2021-01-27T01:01:45-0300 [-] wsn node send data - Number of events: 19
2021-01-27T01:01:45-0300 [stdout#info] ========= sensor_2 ==========
2021-01-27T01:01:45-0300 [stdout#info] sensor_2  <------->  wsn_repeater_1
2021-01-27T01:01:45-0300 [stdout#info] sensor_2  <------->  sensor_1
2021-01-27T01:01:45-0300 [stdout#info] sensor_2  <------->  wsn_sink
2021-01-27T01:01:45-0300 [stdout#info] sensor_2  <------->  sensor_3
2021-01-27T01:01:45-0300 [stdout#info] =============================
2021-01-27T01:01:45-0300 [-] wsn node send data - Number of events: 20
2021-01-27T01:01:45-0300 [-] wsn node send data - Number of events: 21
2021-01-27T01:01:45-0300 [-] wsn node send data - Number of events: 22
2021-01-27T01:01:45-0300 [-] wsn node send data - Number of events: 23
2021-01-27T01:01:45-0300 [stdout#info] ========= sensor_1 ==========
2021-01-27T01:01:45-0300 [stdout#info] sensor_1  <------->  wsn_sink
2021-01-27T01:01:45-0300 [stdout#info] sensor_1  <------->  sensor_2
2021-01-27T01:01:45-0300 [stdout#info] sensor_1  <------->  sensor_3
2021-01-27T01:01:45-0300 [stdout#info] =============================
2021-01-27T01:01:45-0300 [-] wsn node send data - Number of events: 24
2021-01-27T01:01:45-0300 [-] wsn node send data - Number of events: 25
2021-01-27T01:01:45-0300 [-] wsn node send data - Number of events: 26
2021-01-27T01:01:45-0300 [stdout#info] ========= sensor_4 ==========
2021-01-27T01:01:45-0300 [stdout#info] sensor_4  <------->  wsn_repeater_1
2021-01-27T01:01:45-0300 [stdout#info] =============================
2021-01-27T01:01:45-0300 [-] wsn node send data - Number of events: 27
2021-01-27T01:01:45-0300 [stdout#info] ========= sensor_7 ==========
2021-01-27T01:01:45-0300 [stdout#info] sensor_7  <------->  sensor_6
2021-01-27T01:01:45-0300 [stdout#info] sensor_7  <------->  sensor_3
2021-01-27T01:01:45-0300 [stdout#info] =============================
2021-01-27T01:01:45-0300 [-] wsn node send data - Number of events: 28
2021-01-27T01:01:45-0300 [-] wsn node send data - Number of events: 29
2021-01-27T01:01:45-0300 [stdout#info] ========= sensor_6 ==========
2021-01-27T01:01:45-0300 [stdout#info] sensor_6  <------->  sensor_7
2021-01-27T01:01:45-0300 [stdout#info] sensor_6  <------->  sensor_3
2021-01-27T01:01:45-0300 [stdout#info] =============================
2021-01-27T01:01:45-0300 [-] wsn node send data - Number of events: 30
2021-01-27T01:01:45-0300 [-] wsn node send data - Number of events: 31
2021-01-27T01:01:45-0300 [stdout#info] ========= sensor_3 ==========
2021-01-27T01:01:45-0300 [stdout#info] sensor_3  <------->  wsn_repeater_1
2021-01-27T01:01:45-0300 [stdout#info] sensor_3  <------->  sensor_2
2021-01-27T01:01:45-0300 [stdout#info] sensor_3  <------->  sensor_1
2021-01-27T01:01:45-0300 [stdout#info] sensor_3  <------->  sensor_7
2021-01-27T01:01:45-0300 [stdout#info] sensor_3  <------->  sensor_6
2021-01-27T01:01:45-0300 [stdout#info] =============================
2021-01-27T01:01:45-0300 [-] wsn node send data - Number of events: 32
2021-01-27T01:01:45-0300 [-] wsn node send data - Number of events: 33
2021-01-27T01:01:45-0300 [-] wsn node send data - Number of events: 34
2021-01-27T01:01:45-0300 [-] wsn node send data - Number of events: 35
2021-01-27T01:01:45-0300 [-] wsn node send data - Number of events: 36
2021-01-27T01:01:45-0300 [-] wsn node send data - Number of events: 37
2021-01-27T01:01:45-0300 [-] wsn node send data - Number of events: 38
2021-01-27T01:01:45-0300 [-] wsn node send data - Number of events: 39
2021-01-27T01:01:45-0300 [-] wsn node send data - Number of events: 40
2021-01-27T01:01:45-0300 [-] wsn node send data - Number of events: 41
2021-01-27T01:01:45-0300 [-] wsn node send data - Number of events: 42
2021-01-27T01:01:45-0300 [-] wsn node send data - Number of events: 43
2021-01-27T01:01:45-0300 [-] wsn node send data - Number of events: 44
2021-01-27T01:01:45-0300 [-] wsn node send data - Number of events: 45
2021-01-27T01:01:45-0300 [-] wsn node send data - Number of events: 46
2021-01-27T01:01:45-0300 [-] wsn node send data - Number of events: 47
2021-01-27T01:01:45-0300 [stdout#info] ========= wsn_repeater_5 ==========
2021-01-27T01:01:45-0300 [stdout#info] =============================
2021-01-27T01:01:45-0300 [stdout#info] ========= wsn_repeater_7 ==========
2021-01-27T01:01:45-0300 [stdout#info] =============================
2021-01-27T01:01:45-0300 [stdout#info] ========= wsn_repeater_1 ==========
2021-01-27T01:01:45-0300 [stdout#info] wsn_repeater_1  <------->  sensor_5
2021-01-27T01:01:45-0300 [stdout#info] wsn_repeater_1  <------->  sensor_2
2021-01-27T01:01:45-0300 [stdout#info] wsn_repeater_1  <------->  sensor_4
2021-01-27T01:01:45-0300 [stdout#info] wsn_repeater_1  <------->  sensor_3
2021-01-27T01:01:45-0300 [stdout#info] =============================
2021-01-27T01:01:45-0300 [-] wsn repeater node routing data - Number of events: 48
2021-01-27T01:01:45-0300 [-] wsn repeater node routing data - Number of events: 49
2021-01-27T01:01:45-0300 [-] wsn repeater node routing data - Number of events: 50
2021-01-27T01:01:45-0300 [-] wsn repeater node routing data - Number of events: 51
2021-01-27T01:01:45-0300 [-] wsn repeater node routing data - Number of events: 52
2021-01-27T01:01:45-0300 [-] wsn repeater node routing data - Number of events: 53
2021-01-27T01:01:45-0300 [-] wsn repeater node routing data - Number of events: 54
2021-01-27T01:01:45-0300 [-] wsn repeater node routing data - Number of events: 55
2021-01-27T01:01:45-0300 [-] wsn repeater node routing data - Number of events: 56
2021-01-27T01:01:45-0300 [-] wsn repeater node routing data - Number of events: 57
2021-01-27T01:01:45-0300 [-] wsn repeater node routing data - Number of events: 58
2021-01-27T01:01:45-0300 [-] wsn repeater node routing data - Number of events: 59
2021-01-27T01:01:45-0300 [-] wsn repeater node routing data - Number of events: 60
2021-01-27T01:01:45-0300 [-] wsn repeater node routing data - Number of events: 61
2021-01-27T01:01:45-0300 [-] wsn repeater node routing data - Number of events: 62
2021-01-27T01:01:45-0300 [-] wsn repeater node routing data - Number of events: 63
2021-01-27T01:01:45-0300 [stdout#info] ========= wsn_repeater_4 ==========
2021-01-27T01:01:45-0300 [stdout#info] =============================
2021-01-27T01:01:45-0300 [stdout#info] ========= wsn_repeater_3 ==========
2021-01-27T01:01:45-0300 [stdout#info] =============================
2021-01-27T01:01:45-0300 [stdout#info] ========= wsn_repeater_6 ==========
2021-01-27T01:01:45-0300 [stdout#info] =============================
2021-01-27T01:01:45-0300 [stdout#info] This divice have no simulation core instance
2021-01-27T01:01:45-0300 [stdout#info] This divice have no simulation core instance
2021-01-27T01:01:45-0300 [stdout#info] This divice have no simulation core instance
2021-01-27T01:01:45-0300 [Uninitialized] 
	
	      SCADA
	127.0.0.1:56144 - Connected to mqtt broker - Number of events: 64
2021-01-27T01:01:45-0300 [Uninitialized] 
	
	      SCADA
	127.0.0.1:56144 - sending MQTT SUBSCRIBE REQUEST - Number of events: 65
2021-01-27T01:01:45-0300 [twisted.internet.endpoints.OneShotFactory#info] Starting factory <twisted.internet.endpoints.connectProtocol.<locals>.OneShotFactory object at 0x7f78d84985f8>
2021-01-27T01:01:45-0300 [stdout#info] ========= wsn_repeater_2 ==========
2021-01-27T01:01:45-0300 [stdout#info] =============================
2021-01-27T01:01:46-0300 [twisted.internet.defer#critical] Unhandled error in Deferred:
2021-01-27T01:01:46-0300 [twisted.internet.defer#critical] 
	Traceback (most recent call last):
	  File "/home/rafael/iotfogsim/vm/lib/python3.6/site-packages/twisted/internet/base.py", line 913, in runUntilCurrent
	    call.func(*call.args, **call.kw)
	  File "/home/rafael/iotfogsim/scinetsim/applications/wsnapp.py", line 274, in configure_source_info
	    LoopingCall(self.forward_packages).start(30.0) #forwarding packages every 'x' secondes - Rafael Sampaio
	  File "/home/rafael/iotfogsim/vm/lib/python3.6/site-packages/twisted/internet/task.py", line 194, in start
	    self()
	  File "/home/rafael/iotfogsim/vm/lib/python3.6/site-packages/twisted/internet/task.py", line 239, in __call__
	    d = defer.maybeDeferred(self.f, *self.a, **self.kw)
	--- <exception caught here> ---
	  File "/home/rafael/iotfogsim/vm/lib/python3.6/site-packages/twisted/internet/defer.py", line 151, in maybeDeferred
	    result = f(*args, **kw)
	  File "/home/rafael/iotfogsim/scinetsim/applications/wsnapp.py", line 289, in forward_packages
	    data += '{ "id": "' + wsn_package.id + '", "source": "' + wsn_package.source.name + '", "data": "' + wsn_package.data + '", "created_at": "' + wsn_package.created_at + '" },'
	builtins.TypeError: must be str, not int
	
2021-01-27T01:02:15-0300 [-] wsn node send data - Number of events: 66
2021-01-27T01:02:15-0300 [-] wsn node send data - Number of events: 67
2021-01-27T01:02:15-0300 [-] wsn node send data - Number of events: 68
2021-01-27T01:02:15-0300 [-] wsn node send data - Number of events: 69
2021-01-27T01:02:15-0300 [-] wsn node send data - Number of events: 70
2021-01-27T01:02:15-0300 [-] wsn node send data - Number of events: 71
2021-01-27T01:02:15-0300 [-] wsn node send data - Number of events: 72
2021-01-27T01:02:15-0300 [-] wsn node send data - Number of events: 73
2021-01-27T01:02:15-0300 [-] wsn node send data - Number of events: 74
2021-01-27T01:02:15-0300 [-] wsn node send data - Number of events: 75
2021-01-27T01:02:15-0300 [-] wsn node send data - Number of events: 76
2021-01-27T01:02:15-0300 [-] wsn node send data - Number of events: 77
2021-01-27T01:02:15-0300 [-] wsn node send data - Number of events: 78
2021-01-27T01:02:15-0300 [-] wsn node send data - Number of events: 79
2021-01-27T01:02:15-0300 [-] wsn node send data - Number of events: 80
2021-01-27T01:02:15-0300 [-] wsn node send data - Number of events: 81
2021-01-27T01:02:15-0300 [-] wsn node send data - Number of events: 82
2021-01-27T01:02:15-0300 [-] wsn node send data - Number of events: 83
2021-01-27T01:02:15-0300 [-] wsn node send data - Number of events: 84
2021-01-27T01:02:15-0300 [-] wsn node send data - Number of events: 85
2021-01-27T01:02:15-0300 [-] wsn node send data - Number of events: 86
2021-01-27T01:02:15-0300 [-] wsn node send data - Number of events: 87
2021-01-27T01:02:15-0300 [-] wsn node send data - Number of events: 88
2021-01-27T01:02:15-0300 [-] wsn node send data - Number of events: 89
2021-01-27T01:02:15-0300 [-] wsn node send data - Number of events: 90
2021-01-27T01:02:15-0300 [-] wsn node send data - Number of events: 91
2021-01-27T01:02:15-0300 [-] wsn node send data - Number of events: 92
2021-01-27T01:02:15-0300 [-] wsn node send data - Number of events: 93
2021-01-27T01:02:15-0300 [-] wsn node send data - Number of events: 94
2021-01-27T01:02:15-0300 [-] wsn node send data - Number of events: 95
2021-01-27T01:02:15-0300 [-] wsn node send data - Number of events: 96
2021-01-27T01:02:15-0300 [-] wsn node send data - Number of events: 97
2021-01-27T01:02:15-0300 [-] wsn node send data - Number of events: 98
2021-01-27T01:02:15-0300 [-] wsn node send data - Number of events: 99
2021-01-27T01:02:15-0300 [-] wsn node send data - Number of events: 100
2021-01-27T01:02:15-0300 [-] wsn node send data - Number of events: 101
2021-01-27T01:02:15-0300 [-] wsn node send data - Number of events: 102
2021-01-27T01:02:15-0300 [-] wsn node send data - Number of events: 103
2021-01-27T01:02:15-0300 [-] wsn node send data - Number of events: 104
2021-01-27T01:02:15-0300 [-] wsn node send data - Number of events: 105
2021-01-27T01:02:15-0300 [-] wsn repeater node routing data - Number of events: 106
2021-01-27T01:02:15-0300 [-] wsn repeater node routing data - Number of events: 107
2021-01-27T01:02:15-0300 [-] wsn repeater node routing data - Number of events: 108
2021-01-27T01:02:15-0300 [-] wsn repeater node routing data - Number of events: 109
2021-01-27T01:02:15-0300 [-] wsn repeater node routing data - Number of events: 110
2021-01-27T01:02:15-0300 [-] wsn repeater node routing data - Number of events: 111
2021-01-27T01:02:15-0300 [-] wsn repeater node routing data - Number of events: 112
2021-01-27T01:02:15-0300 [-] wsn repeater node routing data - Number of events: 113
2021-01-27T01:02:15-0300 [-] wsn repeater node routing data - Number of events: 114
2021-01-27T01:02:15-0300 [-] wsn repeater node routing data - Number of events: 115
2021-01-27T01:02:15-0300 [-] wsn repeater node routing data - Number of events: 116
2021-01-27T01:02:15-0300 [-] wsn repeater node routing data - Number of events: 117
2021-01-27T01:02:15-0300 [-] wsn repeater node routing data - Number of events: 118
2021-01-27T01:02:15-0300 [-] wsn repeater node routing data - Number of events: 119
2021-01-27T01:02:15-0300 [-] wsn repeater node routing data - Number of events: 120
2021-01-27T01:02:15-0300 [-] wsn repeater node routing data - Number of events: 121
2021-01-27T01:02:17-0300 [-] SCADA - Saving to the database. - Number of events: 122
2021-01-27T01:02:21-0300 [-] Received SIGINT, shutting down.
2021-01-27T01:02:21-0300 [SCADAApp,client] connection lost: Connection to the other side was lost in a non-clean fashion: Connection lost.
2021-01-27T01:02:21-0300 [SCADAApp,client] connection lost - Number of events: 123
2021-01-27T01:02:21-0300 [applications.routerapp.RouterFactory] (TCP Port 8081 Closed)
2021-01-27T01:02:21-0300 [applications.pesquisaapp.BrokerFactory] (TCP Port 5100 Closed)
2021-01-27T01:02:21-0300 [twisted.internet.endpoints.OneShotFactory#info] Stopping factory <twisted.internet.endpoints.connectProtocol.<locals>.OneShotFactory object at 0x7f78d84985f8>
2021-01-27T01:02:21-0300 [-] Main loop terminated.
