2020-04-14T22:33:57-0300 [-] Creating router ...
2020-04-14T22:33:57-0300 [-] Initializing Router - Number of events: 1
2020-04-14T22:33:58-0300 [-] RouterFactory starting on 8081
2020-04-14T22:33:58-0300 [-] Creating AccessPoint station ...
2020-04-14T22:33:58-0300 [-] Initializing Access Point - Number of events: 2
2020-04-14T22:33:58-0300 [-] AccessPointFactory starting on 8082
2020-04-14T22:33:59-0300 [-] Creating fog node ...
2020-04-14T22:33:59-0300 [-] Initializing Client - Number of events: 3
2020-04-14T22:33:59-0300 [-] Creating fog node ...
2020-04-14T22:33:59-0300 [-] Initializing Client - Number of events: 4
2020-04-14T22:34:00-0300 [-] Creating fog node ...
2020-04-14T22:34:00-0300 [-] Initializing Server - Number of events: 5
2020-04-14T22:34:00-0300 [-] BrokerFactory starting on 5100
2020-04-14T22:34:00-0300 [-] Creating iot node ...
2020-04-14T22:34:00-0300 [-] Initializing Client - Number of events: 6
2020-04-14T22:34:01-0300 [-] Initializing sensor node - Number of events: 7
2020-04-14T22:34:01-0300 [-] Initializing sensor node - Number of events: 8
2020-04-14T22:34:02-0300 [stdout#info] {'7.47 Kwh'}
2020-04-14T22:34:02-0300 [stdout#info] 7.47 Kwh
2020-04-14T22:34:02-0300 [-] Initializing sensor node - Number of events: 9
2020-04-14T22:34:02-0300 [stdout#info] {'10.92 Kwh'}
2020-04-14T22:34:02-0300 [stdout#info] 10.92 Kwh
2020-04-14T22:34:02-0300 [stdout#info] This divice have no simulation core instance
2020-04-14T22:34:02-0300 [stdout#info] This divice have no simulation core instance
2020-04-14T22:34:02-0300 [stdout#info] This divice have no simulation core instance
2020-04-14T22:34:02-0300 [stdout#info] This divice have no simulation core instance
2020-04-14T22:34:02-0300 [stdout#info] This divice have no simulation core instance
2020-04-14T22:34:02-0300 [Uninitialized] 127.0.0.1:45542 - Connected to mqtt broker - Number of events: 10
2020-04-14T22:34:02-0300 [Uninitialized] 127.0.0.1:45542 - sending MQTT SUBSCRIBE REQUEST - Number of events: 11
2020-04-14T22:34:02-0300 [Uninitialized] 127.0.0.1:45544 - Connected to mqtt broker - Number of events: 12
2020-04-14T22:34:02-0300 [Uninitialized] 127.0.0.1:45544 - sending MQTT SUBSCRIBE REQUEST - Number of events: 13
2020-04-14T22:34:02-0300 [Uninitialized] 127.0.0.1:39986 - Connected to mqtt broker - Number of events: 14
2020-04-14T22:34:02-0300 [Uninitialized] 127.0.0.1:39986 - sending MQTT PUBLISH REQUEST - Number of events: 15
2020-04-14T22:34:02-0300 [twisted.internet.endpoints.OneShotFactory#info] Starting factory <twisted.internet.endpoints.connectProtocol.<locals>.OneShotFactory object at 0x7f2fbaf2ec88>
2020-04-14T22:34:02-0300 [twisted.internet.endpoints.OneShotFactory#info] Starting factory <twisted.internet.endpoints.connectProtocol.<locals>.OneShotFactory object at 0x7f2fbaf2ee80>
2020-04-14T22:34:02-0300 [twisted.internet.endpoints.OneShotFactory#info] Starting factory <twisted.internet.endpoints.connectProtocol.<locals>.OneShotFactory object at 0x7f2fbaf440f0>
2020-04-14T22:34:02-0300 [stdout#info] This divice have no simulation core instance
2020-04-14T22:34:02-0300 [twisted.internet.endpoints.OneShotFactory#info] Starting factory <twisted.internet.endpoints.connectProtocol.<locals>.OneShotFactory object at 0x7f2fbaf44a90>
2020-04-14T22:34:05-0300 [stdout#info] {'12.96 Kwh'}
2020-04-14T22:34:05-0300 [stdout#info] 12.96 Kwh
2020-04-14T22:34:05-0300 [stdout#info] {'13.56 Kwh'}
2020-04-14T22:34:05-0300 [stdout#info] 13.56 Kwh
2020-04-14T22:34:07-0300 [-] 127.0.0.1:39986 - sending MQTT PUBLISH REQUEST - Number of events: 16
2020-04-14T22:34:07-0300 [twisted.internet.endpoints.OneShotFactory#info] Starting factory <twisted.internet.endpoints.connectProtocol.<locals>.OneShotFactory object at 0x7f2fbaf44c50>
2020-04-14T22:34:07-0300 [twisted.internet.endpoints.OneShotFactory#info] Stopping factory <twisted.internet.endpoints.connectProtocol.<locals>.OneShotFactory object at 0x7f2fbaf440f0>
2020-04-14T22:34:07-0300 [stdout#info] This divice have no simulation core instance
2020-04-14T22:34:07-0300 [twisted.internet.endpoints.OneShotFactory#info] Starting factory <twisted.internet.endpoints.connectProtocol.<locals>.OneShotFactory object at 0x7f2fbaf44ef0>
2020-04-14T22:34:07-0300 [twisted.internet.endpoints.OneShotFactory#info] Stopping factory <twisted.internet.endpoints.connectProtocol.<locals>.OneShotFactory object at 0x7f2fbaf44a90>
2020-04-14T22:34:08-0300 [stdout#info] {'13.71 Kwh'}
2020-04-14T22:34:08-0300 [stdout#info] 13.71 Kwh
2020-04-14T22:34:08-0300 [stdout#info] {'6.59 Kwh'}
2020-04-14T22:34:08-0300 [stdout#info] 6.59 Kwh
2020-04-14T22:34:11-0300 [stdout#info] {'17.18 Kwh'}
2020-04-14T22:34:11-0300 [stdout#info] 17.18 Kwh
2020-04-14T22:34:11-0300 [stdout#info] {'18.31 Kwh'}
2020-04-14T22:34:11-0300 [stdout#info] 18.31 Kwh
2020-04-14T22:34:12-0300 [-] 127.0.0.1:39986 - sending MQTT PUBLISH REQUEST - Number of events: 17
2020-04-14T22:34:12-0300 [twisted.internet.endpoints.OneShotFactory#info] Starting factory <twisted.internet.endpoints.connectProtocol.<locals>.OneShotFactory object at 0x7f2fbaf57128>
2020-04-14T22:34:12-0300 [twisted.internet.endpoints.OneShotFactory#info] Stopping factory <twisted.internet.endpoints.connectProtocol.<locals>.OneShotFactory object at 0x7f2fbaf44c50>
2020-04-14T22:34:12-0300 [stdout#info] This divice have no simulation core instance
2020-04-14T22:34:12-0300 [twisted.internet.endpoints.OneShotFactory#info] Starting factory <twisted.internet.endpoints.connectProtocol.<locals>.OneShotFactory object at 0x7f2fbaf573c8>
2020-04-14T22:34:14-0300 [stdout#info] {'11.86 Kwh'}
2020-04-14T22:34:14-0300 [stdout#info] 11.86 Kwh
2020-04-14T22:34:14-0300 [stdout#info] {'19.07 Kwh'}
2020-04-14T22:34:14-0300 [stdout#info] 19.07 Kwh
2020-04-14T22:34:17-0300 [stdout#info] {'2.7 Kwh'}
2020-04-14T22:34:17-0300 [stdout#info] 2.7 Kwh
2020-04-14T22:34:17-0300 [stdout#info] {'5.55 Kwh'}
2020-04-14T22:34:17-0300 [stdout#info] 5.55 Kwh
2020-04-14T22:34:17-0300 [-] 127.0.0.1:39986 - sending MQTT PUBLISH REQUEST - Number of events: 18
2020-04-14T22:34:17-0300 [twisted.internet.endpoints.OneShotFactory#info] Starting factory <twisted.internet.endpoints.connectProtocol.<locals>.OneShotFactory object at 0x7f2fbaf57668>
2020-04-14T22:34:17-0300 [twisted.internet.endpoints.OneShotFactory#info] Stopping factory <twisted.internet.endpoints.connectProtocol.<locals>.OneShotFactory object at 0x7f2fbaf57128>
2020-04-14T22:34:17-0300 [stdout#info] This divice have no simulation core instance
2020-04-14T22:34:17-0300 [twisted.internet.endpoints.OneShotFactory#info] Starting factory <twisted.internet.endpoints.connectProtocol.<locals>.OneShotFactory object at 0x7f2fbaf57898>
2020-04-14T22:34:20-0300 [stdout#info] {'17.34 Kwh'}
2020-04-14T22:34:20-0300 [stdout#info] 17.34 Kwh
2020-04-14T22:34:20-0300 [stdout#info] {'8.75 Kwh'}
2020-04-14T22:34:20-0300 [stdout#info] 8.75 Kwh
2020-04-14T22:34:22-0300 [-] 127.0.0.1:39986 - sending MQTT PUBLISH REQUEST - Number of events: 19
2020-04-14T22:34:22-0300 [twisted.internet.endpoints.OneShotFactory#info] Starting factory <twisted.internet.endpoints.connectProtocol.<locals>.OneShotFactory object at 0x7f2fbaf57b70>
2020-04-14T22:34:22-0300 [twisted.internet.endpoints.OneShotFactory#info] Stopping factory <twisted.internet.endpoints.connectProtocol.<locals>.OneShotFactory object at 0x7f2fbaf57668>
2020-04-14T22:34:22-0300 [stdout#info] This divice have no simulation core instance
2020-04-14T22:34:22-0300 [twisted.internet.endpoints.OneShotFactory#info] Starting factory <twisted.internet.endpoints.connectProtocol.<locals>.OneShotFactory object at 0x7f2fbaf57da0>
2020-04-14T22:34:23-0300 [stdout#info] {'12.53 Kwh'}
2020-04-14T22:34:23-0300 [stdout#info] 12.53 Kwh
2020-04-14T22:34:23-0300 [stdout#info] {'18.55 Kwh'}
2020-04-14T22:34:23-0300 [stdout#info] 18.55 Kwh
2020-04-14T22:34:26-0300 [stdout#info] {'11.26 Kwh'}
2020-04-14T22:34:26-0300 [stdout#info] 11.26 Kwh
2020-04-14T22:34:26-0300 [stdout#info] {'11.07 Kwh'}
2020-04-14T22:34:26-0300 [stdout#info] 11.07 Kwh
2020-04-14T22:34:27-0300 [-] 127.0.0.1:39986 - sending MQTT PUBLISH REQUEST - Number of events: 20
2020-04-14T22:34:27-0300 [twisted.internet.endpoints.OneShotFactory#info] Starting factory <twisted.internet.endpoints.connectProtocol.<locals>.OneShotFactory object at 0x7f2fbaf57fd0>
2020-04-14T22:34:27-0300 [twisted.internet.endpoints.OneShotFactory#info] Stopping factory <twisted.internet.endpoints.connectProtocol.<locals>.OneShotFactory object at 0x7f2fbaf57b70>
2020-04-14T22:34:27-0300 [stdout#info] This divice have no simulation core instance
2020-04-14T22:34:27-0300 [twisted.internet.endpoints.OneShotFactory#info] Starting factory <twisted.internet.endpoints.connectProtocol.<locals>.OneShotFactory object at 0x7f2fbc614278>
2020-04-14T22:34:29-0300 [stdout#info] {'11.34 Kwh'}
2020-04-14T22:34:29-0300 [stdout#info] 11.34 Kwh
2020-04-14T22:34:29-0300 [stdout#info] {'20.29 Kwh'}
2020-04-14T22:34:29-0300 [stdout#info] 20.29 Kwh
2020-04-14T22:34:32-0300 [stdout#info] {'3.4 Kwh'}
2020-04-14T22:34:32-0300 [stdout#info] 3.4 Kwh
2020-04-14T22:34:32-0300 [stdout#info] {'21.17 Kwh'}
2020-04-14T22:34:32-0300 [stdout#info] 21.17 Kwh
2020-04-14T22:34:32-0300 [-] 127.0.0.1:39986 - sending MQTT PUBLISH REQUEST - Number of events: 21
2020-04-14T22:34:32-0300 [twisted.internet.endpoints.OneShotFactory#info] Starting factory <twisted.internet.endpoints.connectProtocol.<locals>.OneShotFactory object at 0x7f2fc2397400>
2020-04-14T22:34:32-0300 [twisted.internet.endpoints.OneShotFactory#info] Stopping factory <twisted.internet.endpoints.connectProtocol.<locals>.OneShotFactory object at 0x7f2fbaf57fd0>
2020-04-14T22:34:32-0300 [stdout#info] This divice have no simulation core instance
2020-04-14T22:34:32-0300 [twisted.internet.endpoints.OneShotFactory#info] Starting factory <twisted.internet.endpoints.connectProtocol.<locals>.OneShotFactory object at 0x7f2fbc614588>
2020-04-14T22:34:35-0300 [stdout#info] {'4.21 Kwh'}
2020-04-14T22:34:35-0300 [stdout#info] 4.21 Kwh
2020-04-14T22:34:35-0300 [stdout#info] {'20.84 Kwh'}
2020-04-14T22:34:35-0300 [stdout#info] 20.84 Kwh
2020-04-14T22:34:37-0300 [-] 127.0.0.1:39986 - sending MQTT PUBLISH REQUEST - Number of events: 22
2020-04-14T22:34:37-0300 [twisted.internet.endpoints.OneShotFactory#info] Starting factory <twisted.internet.endpoints.connectProtocol.<locals>.OneShotFactory object at 0x7f2fbc6147b8>
2020-04-14T22:34:37-0300 [twisted.internet.endpoints.OneShotFactory#info] Stopping factory <twisted.internet.endpoints.connectProtocol.<locals>.OneShotFactory object at 0x7f2fc2397400>
2020-04-14T22:34:37-0300 [stdout#info] This divice have no simulation core instance
2020-04-14T22:34:37-0300 [twisted.internet.endpoints.OneShotFactory#info] Starting factory <twisted.internet.endpoints.connectProtocol.<locals>.OneShotFactory object at 0x7f2fbc6149b0>
2020-04-14T22:34:38-0300 [stdout#info] {'3.96 Kwh'}
2020-04-14T22:34:38-0300 [stdout#info] 3.96 Kwh
2020-04-14T22:34:38-0300 [stdout#info] {'16.21 Kwh'}
2020-04-14T22:34:38-0300 [stdout#info] 16.21 Kwh
2020-04-14T22:34:41-0300 [stdout#info] {'7.17 Kwh'}
2020-04-14T22:34:41-0300 [stdout#info] 7.17 Kwh
2020-04-14T22:34:41-0300 [stdout#info] {'7.34 Kwh'}
2020-04-14T22:34:41-0300 [stdout#info] 7.34 Kwh
2020-04-14T22:34:42-0300 [-] 127.0.0.1:39986 - sending MQTT PUBLISH REQUEST - Number of events: 23
2020-04-14T22:34:42-0300 [twisted.internet.endpoints.OneShotFactory#info] Starting factory <twisted.internet.endpoints.connectProtocol.<locals>.OneShotFactory object at 0x7f2fbc614b38>
2020-04-14T22:34:42-0300 [twisted.internet.endpoints.OneShotFactory#info] Stopping factory <twisted.internet.endpoints.connectProtocol.<locals>.OneShotFactory object at 0x7f2fbc6147b8>
2020-04-14T22:34:42-0300 [stdout#info] This divice have no simulation core instance
2020-04-14T22:34:42-0300 [twisted.internet.endpoints.OneShotFactory#info] Starting factory <twisted.internet.endpoints.connectProtocol.<locals>.OneShotFactory object at 0x7f2fbc614e10>
2020-04-14T22:34:44-0300 [stdout#info] {'20.35 Kwh'}
2020-04-14T22:34:44-0300 [stdout#info] 20.35 Kwh
2020-04-14T22:34:44-0300 [stdout#info] {'4.76 Kwh'}
2020-04-14T22:34:44-0300 [stdout#info] 4.76 Kwh
2020-04-14T22:34:47-0300 [stdout#info] {'2.95 Kwh'}
2020-04-14T22:34:47-0300 [stdout#info] 2.95 Kwh
2020-04-14T22:34:47-0300 [-] 127.0.0.1:39986 - sending MQTT PUBLISH REQUEST - Number of events: 24
2020-04-14T22:34:47-0300 [twisted.internet.endpoints.OneShotFactory#info] Starting factory <twisted.internet.endpoints.connectProtocol.<locals>.OneShotFactory object at 0x7f2fbc638048>
2020-04-14T22:34:47-0300 [twisted.internet.endpoints.OneShotFactory#info] Stopping factory <twisted.internet.endpoints.connectProtocol.<locals>.OneShotFactory object at 0x7f2fbc614b38>
2020-04-14T22:34:47-0300 [stdout#info] This divice have no simulation core instance
2020-04-14T22:34:47-0300 [stdout#info] {'11.09 Kwh'}
2020-04-14T22:34:47-0300 [stdout#info] 11.09 Kwh
2020-04-14T22:34:47-0300 [twisted.internet.endpoints.OneShotFactory#info] Starting factory <twisted.internet.endpoints.connectProtocol.<locals>.OneShotFactory object at 0x7f2fbc6382b0>
2020-04-14T22:34:50-0300 [stdout#info] {'21.01 Kwh'}
2020-04-14T22:34:50-0300 [stdout#info] 21.01 Kwh
2020-04-14T22:34:50-0300 [stdout#info] {'3.42 Kwh'}
2020-04-14T22:34:50-0300 [stdout#info] 3.42 Kwh
2020-04-14T22:34:52-0300 [-] 127.0.0.1:39986 - sending MQTT PUBLISH REQUEST - Number of events: 25
2020-04-14T22:34:52-0300 [twisted.internet.endpoints.OneShotFactory#info] Starting factory <twisted.internet.endpoints.connectProtocol.<locals>.OneShotFactory object at 0x7f2fbc638518>
2020-04-14T22:34:52-0300 [twisted.internet.endpoints.OneShotFactory#info] Stopping factory <twisted.internet.endpoints.connectProtocol.<locals>.OneShotFactory object at 0x7f2fbc638048>
2020-04-14T22:34:52-0300 [stdout#info] This divice have no simulation core instance
2020-04-14T22:34:52-0300 [twisted.internet.endpoints.OneShotFactory#info] Starting factory <twisted.internet.endpoints.connectProtocol.<locals>.OneShotFactory object at 0x7f2fbc638748>
2020-04-14T22:34:53-0300 [stdout#info] {'12.56 Kwh'}
2020-04-14T22:34:53-0300 [stdout#info] 12.56 Kwh
2020-04-14T22:34:53-0300 [stdout#info] {'14.74 Kwh'}
2020-04-14T22:34:53-0300 [stdout#info] 14.74 Kwh
2020-04-14T22:34:56-0300 [stdout#info] {'13.26 Kwh'}
2020-04-14T22:34:56-0300 [stdout#info] 13.26 Kwh
2020-04-14T22:34:56-0300 [stdout#info] {'8.97 Kwh'}
2020-04-14T22:34:56-0300 [stdout#info] 8.97 Kwh
2020-04-14T22:34:57-0300 [-] 127.0.0.1:39986 - sending MQTT PUBLISH REQUEST - Number of events: 26
2020-04-14T22:34:57-0300 [twisted.internet.endpoints.OneShotFactory#info] Starting factory <twisted.internet.endpoints.connectProtocol.<locals>.OneShotFactory object at 0x7f2fbc6388d0>
2020-04-14T22:34:57-0300 [twisted.internet.endpoints.OneShotFactory#info] Stopping factory <twisted.internet.endpoints.connectProtocol.<locals>.OneShotFactory object at 0x7f2fbc638518>
2020-04-14T22:34:57-0300 [stdout#info] This divice have no simulation core instance
2020-04-14T22:34:57-0300 [twisted.internet.endpoints.OneShotFactory#info] Starting factory <twisted.internet.endpoints.connectProtocol.<locals>.OneShotFactory object at 0x7f2fbc638b70>
2020-04-14T22:34:59-0300 [stdout#info] {'16.17 Kwh'}
2020-04-14T22:34:59-0300 [stdout#info] 16.17 Kwh
2020-04-14T22:34:59-0300 [stdout#info] {'11.43 Kwh'}
2020-04-14T22:34:59-0300 [stdout#info] 11.43 Kwh
2020-04-14T22:35:02-0300 [stdout#info] {'22.25 Kwh'}
2020-04-14T22:35:02-0300 [stdout#info] 22.25 Kwh
2020-04-14T22:35:02-0300 [-] 127.0.0.1:39986 - sending MQTT PUBLISH REQUEST - Number of events: 27
2020-04-14T22:35:02-0300 [twisted.internet.endpoints.OneShotFactory#info] Starting factory <twisted.internet.endpoints.connectProtocol.<locals>.OneShotFactory object at 0x7f2fbc638cf8>
2020-04-14T22:35:02-0300 [twisted.internet.endpoints.OneShotFactory#info] Stopping factory <twisted.internet.endpoints.connectProtocol.<locals>.OneShotFactory object at 0x7f2fbc6388d0>
2020-04-14T22:35:02-0300 [stdout#info] This divice have no simulation core instance
2020-04-14T22:35:02-0300 [twisted.internet.endpoints.OneShotFactory#info] Starting factory <twisted.internet.endpoints.connectProtocol.<locals>.OneShotFactory object at 0x7f2fbc638fd0>
2020-04-14T22:35:02-0300 [stdout#info] {'6.58 Kwh'}
2020-04-14T22:35:02-0300 [stdout#info] 6.58 Kwh
2020-04-14T22:35:05-0300 [stdout#info] {'16.66 Kwh'}
2020-04-14T22:35:05-0300 [stdout#info] 16.66 Kwh
2020-04-14T22:35:05-0300 [stdout#info] {'14.39 Kwh'}
2020-04-14T22:35:05-0300 [stdout#info] 14.39 Kwh
2020-04-14T22:35:07-0300 [-] 127.0.0.1:39986 - sending MQTT PUBLISH REQUEST - Number of events: 28
2020-04-14T22:35:07-0300 [twisted.internet.endpoints.OneShotFactory#info] Starting factory <twisted.internet.endpoints.connectProtocol.<locals>.OneShotFactory object at 0x7f2fbc5d7240>
2020-04-14T22:35:07-0300 [twisted.internet.endpoints.OneShotFactory#info] Stopping factory <twisted.internet.endpoints.connectProtocol.<locals>.OneShotFactory object at 0x7f2fbc638cf8>
2020-04-14T22:35:07-0300 [stdout#info] This divice have no simulation core instance
2020-04-14T22:35:07-0300 [twisted.internet.endpoints.OneShotFactory#info] Starting factory <twisted.internet.endpoints.connectProtocol.<locals>.OneShotFactory object at 0x7f2fbc5d74e0>
2020-04-14T22:35:08-0300 [stdout#info] {'2.66 Kwh'}
2020-04-14T22:35:08-0300 [stdout#info] 2.66 Kwh
2020-04-14T22:35:08-0300 [stdout#info] {'8.34 Kwh'}
2020-04-14T22:35:08-0300 [stdout#info] 8.34 Kwh
2020-04-14T22:35:11-0300 [stdout#info] {'7.09 Kwh'}
2020-04-14T22:35:11-0300 [stdout#info] 7.09 Kwh
2020-04-14T22:35:11-0300 [stdout#info] {'6.04 Kwh'}
2020-04-14T22:35:11-0300 [stdout#info] 6.04 Kwh
2020-04-14T22:35:12-0300 [-] 127.0.0.1:39986 - sending MQTT PUBLISH REQUEST - Number of events: 29
2020-04-14T22:35:12-0300 [twisted.internet.endpoints.OneShotFactory#info] Starting factory <twisted.internet.endpoints.connectProtocol.<locals>.OneShotFactory object at 0x7f2fbc5d7748>
2020-04-14T22:35:12-0300 [twisted.internet.endpoints.OneShotFactory#info] Stopping factory <twisted.internet.endpoints.connectProtocol.<locals>.OneShotFactory object at 0x7f2fbc5d7240>
2020-04-14T22:35:12-0300 [stdout#info] This divice have no simulation core instance
2020-04-14T22:35:12-0300 [twisted.internet.endpoints.OneShotFactory#info] Starting factory <twisted.internet.endpoints.connectProtocol.<locals>.OneShotFactory object at 0x7f2fbc5d7940>
2020-04-14T22:35:14-0300 [stdout#info] {'8.07 Kwh'}
2020-04-14T22:35:14-0300 [stdout#info] 8.07 Kwh
2020-04-14T22:35:14-0300 [stdout#info] {'9.29 Kwh'}
2020-04-14T22:35:14-0300 [stdout#info] 9.29 Kwh
2020-04-14T22:35:17-0300 [stdout#info] {'20.72 Kwh'}
2020-04-14T22:35:17-0300 [stdout#info] 20.72 Kwh
2020-04-14T22:35:17-0300 [-] 127.0.0.1:39986 - sending MQTT PUBLISH REQUEST - Number of events: 30
2020-04-14T22:35:17-0300 [twisted.internet.endpoints.OneShotFactory#info] Starting factory <twisted.internet.endpoints.connectProtocol.<locals>.OneShotFactory object at 0x7f2fbc5d74a8>
2020-04-14T22:35:17-0300 [twisted.internet.endpoints.OneShotFactory#info] Stopping factory <twisted.internet.endpoints.connectProtocol.<locals>.OneShotFactory object at 0x7f2fbc5d7748>
2020-04-14T22:35:17-0300 [stdout#info] This divice have no simulation core instance
2020-04-14T22:35:17-0300 [twisted.internet.endpoints.OneShotFactory#info] Starting factory <twisted.internet.endpoints.connectProtocol.<locals>.OneShotFactory object at 0x7f2fbc5d7d30>
2020-04-14T22:35:17-0300 [stdout#info] {'6.46 Kwh'}
2020-04-14T22:35:17-0300 [stdout#info] 6.46 Kwh
2020-04-14T22:35:20-0300 [stdout#info] {'8.36 Kwh'}
2020-04-14T22:35:20-0300 [stdout#info] 8.36 Kwh
2020-04-14T22:35:20-0300 [stdout#info] {'22.26 Kwh'}
2020-04-14T22:35:20-0300 [stdout#info] 22.26 Kwh
2020-04-14T22:35:22-0300 [-] 127.0.0.1:39986 - sending MQTT PUBLISH REQUEST - Number of events: 31
2020-04-14T22:35:22-0300 [twisted.internet.endpoints.OneShotFactory#info] Starting factory <twisted.internet.endpoints.connectProtocol.<locals>.OneShotFactory object at 0x7f2fbc5d7eb8>
2020-04-14T22:35:22-0300 [twisted.internet.endpoints.OneShotFactory#info] Stopping factory <twisted.internet.endpoints.connectProtocol.<locals>.OneShotFactory object at 0x7f2fbc5d74a8>
2020-04-14T22:35:22-0300 [stdout#info] This divice have no simulation core instance
2020-04-14T22:35:22-0300 [twisted.internet.endpoints.OneShotFactory#info] Starting factory <twisted.internet.endpoints.connectProtocol.<locals>.OneShotFactory object at 0x7f2fbc5ea1d0>
2020-04-14T22:35:23-0300 [stdout#info] {'12.45 Kwh'}
2020-04-14T22:35:23-0300 [stdout#info] 12.45 Kwh
2020-04-14T22:35:23-0300 [stdout#info] {'4.75 Kwh'}
2020-04-14T22:35:23-0300 [stdout#info] 4.75 Kwh
2020-04-14T22:35:26-0300 [stdout#info] {'6.25 Kwh'}
2020-04-14T22:35:26-0300 [stdout#info] 6.25 Kwh
2020-04-14T22:35:26-0300 [stdout#info] {'12.48 Kwh'}
2020-04-14T22:35:26-0300 [stdout#info] 12.48 Kwh
2020-04-14T22:35:27-0300 [-] 127.0.0.1:39986 - sending MQTT PUBLISH REQUEST - Number of events: 32
2020-04-14T22:35:27-0300 [twisted.internet.endpoints.OneShotFactory#info] Starting factory <twisted.internet.endpoints.connectProtocol.<locals>.OneShotFactory object at 0x7f2fbc5ea438>
2020-04-14T22:35:27-0300 [twisted.internet.endpoints.OneShotFactory#info] Stopping factory <twisted.internet.endpoints.connectProtocol.<locals>.OneShotFactory object at 0x7f2fbc5d7eb8>
2020-04-14T22:35:27-0300 [stdout#info] This divice have no simulation core instance
2020-04-14T22:35:27-0300 [twisted.internet.endpoints.OneShotFactory#info] Starting factory <twisted.internet.endpoints.connectProtocol.<locals>.OneShotFactory object at 0x7f2fbc5ea630>
2020-04-14T22:35:29-0300 [stdout#info] {'13.92 Kwh'}
2020-04-14T22:35:29-0300 [stdout#info] 13.92 Kwh
2020-04-14T22:35:29-0300 [stdout#info] {'21.06 Kwh'}
2020-04-14T22:35:29-0300 [stdout#info] 21.06 Kwh
2020-04-14T22:35:32-0300 [stdout#info] {'3.61 Kwh'}
2020-04-14T22:35:32-0300 [stdout#info] 3.61 Kwh
2020-04-14T22:35:32-0300 [-] 127.0.0.1:39986 - sending MQTT PUBLISH REQUEST - Number of events: 33
2020-04-14T22:35:32-0300 [twisted.internet.endpoints.OneShotFactory#info] Starting factory <twisted.internet.endpoints.connectProtocol.<locals>.OneShotFactory object at 0x7f2fbc5ea860>
2020-04-14T22:35:32-0300 [twisted.internet.endpoints.OneShotFactory#info] Stopping factory <twisted.internet.endpoints.connectProtocol.<locals>.OneShotFactory object at 0x7f2fbc5ea438>
2020-04-14T22:35:32-0300 [stdout#info] This divice have no simulation core instance
2020-04-14T22:35:32-0300 [twisted.internet.endpoints.OneShotFactory#info] Starting factory <twisted.internet.endpoints.connectProtocol.<locals>.OneShotFactory object at 0x7f2fbc5eab00>
2020-04-14T22:35:32-0300 [stdout#info] {'5.21 Kwh'}
2020-04-14T22:35:32-0300 [stdout#info] 5.21 Kwh
2020-04-14T22:35:35-0300 [stdout#info] {'9.82 Kwh'}
2020-04-14T22:35:35-0300 [stdout#info] 9.82 Kwh
2020-04-14T22:35:35-0300 [stdout#info] {'12.54 Kwh'}
2020-04-14T22:35:35-0300 [stdout#info] 12.54 Kwh
2020-04-14T22:35:37-0300 [-] 127.0.0.1:39986 - sending MQTT PUBLISH REQUEST - Number of events: 34
2020-04-14T22:35:37-0300 [twisted.internet.endpoints.OneShotFactory#info] Starting factory <twisted.internet.endpoints.connectProtocol.<locals>.OneShotFactory object at 0x7f2fbc5ea390>
2020-04-14T22:35:37-0300 [twisted.internet.endpoints.OneShotFactory#info] Stopping factory <twisted.internet.endpoints.connectProtocol.<locals>.OneShotFactory object at 0x7f2fbc5ea860>
2020-04-14T22:35:37-0300 [stdout#info] This divice have no simulation core instance
2020-04-14T22:35:37-0300 [twisted.internet.endpoints.OneShotFactory#info] Starting factory <twisted.internet.endpoints.connectProtocol.<locals>.OneShotFactory object at 0x7f2fbc5eaef0>
2020-04-14T22:35:38-0300 [stdout#info] {'22.35 Kwh'}
2020-04-14T22:35:38-0300 [stdout#info] 22.35 Kwh
2020-04-14T22:35:38-0300 [stdout#info] {'8.66 Kwh'}
2020-04-14T22:35:38-0300 [stdout#info] 8.66 Kwh
2020-04-14T22:35:41-0300 [stdout#info] {'7.8 Kwh'}
2020-04-14T22:35:41-0300 [stdout#info] 7.8 Kwh
2020-04-14T22:35:41-0300 [stdout#info] {'19.14 Kwh'}
2020-04-14T22:35:41-0300 [stdout#info] 19.14 Kwh
2020-04-14T22:35:42-0300 [-] 127.0.0.1:39986 - sending MQTT PUBLISH REQUEST - Number of events: 35
2020-04-14T22:35:42-0300 [twisted.internet.endpoints.OneShotFactory#info] Starting factory <twisted.internet.endpoints.connectProtocol.<locals>.OneShotFactory object at 0x7f2fbc5f3048>
2020-04-14T22:35:42-0300 [twisted.internet.endpoints.OneShotFactory#info] Stopping factory <twisted.internet.endpoints.connectProtocol.<locals>.OneShotFactory object at 0x7f2fbc5ea390>
2020-04-14T22:35:42-0300 [stdout#info] This divice have no simulation core instance
2020-04-14T22:35:42-0300 [twisted.internet.endpoints.OneShotFactory#info] Starting factory <twisted.internet.endpoints.connectProtocol.<locals>.OneShotFactory object at 0x7f2fbc5f3390>
2020-04-14T22:35:44-0300 [stdout#info] {'21.27 Kwh'}
2020-04-14T22:35:44-0300 [stdout#info] 21.27 Kwh
2020-04-14T22:35:44-0300 [stdout#info] {'3.28 Kwh'}
2020-04-14T22:35:44-0300 [stdout#info] 3.28 Kwh
2020-04-14T22:35:47-0300 [stdout#info] {'7.67 Kwh'}
2020-04-14T22:35:47-0300 [stdout#info] 7.67 Kwh
2020-04-14T22:35:47-0300 [-] 127.0.0.1:39986 - sending MQTT PUBLISH REQUEST - Number of events: 36
2020-04-14T22:35:47-0300 [twisted.internet.endpoints.OneShotFactory#info] Starting factory <twisted.internet.endpoints.connectProtocol.<locals>.OneShotFactory object at 0x7f2fbc5f3550>
2020-04-14T22:35:47-0300 [twisted.internet.endpoints.OneShotFactory#info] Stopping factory <twisted.internet.endpoints.connectProtocol.<locals>.OneShotFactory object at 0x7f2fbc5f3048>
2020-04-14T22:35:47-0300 [stdout#info] This divice have no simulation core instance
2020-04-14T22:35:47-0300 [twisted.internet.endpoints.OneShotFactory#info] Starting factory <twisted.internet.endpoints.connectProtocol.<locals>.OneShotFactory object at 0x7f2fbc5f37f0>
2020-04-14T22:35:47-0300 [stdout#info] {'17.57 Kwh'}
2020-04-14T22:35:47-0300 [stdout#info] 17.57 Kwh
2020-04-14T22:35:50-0300 [stdout#info] {'3.56 Kwh'}
2020-04-14T22:35:50-0300 [stdout#info] 3.56 Kwh
2020-04-14T22:35:50-0300 [stdout#info] {'3.72 Kwh'}
2020-04-14T22:35:50-0300 [stdout#info] 3.72 Kwh
2020-04-14T22:35:52-0300 [-] 127.0.0.1:39986 - sending MQTT PUBLISH REQUEST - Number of events: 37
2020-04-14T22:35:52-0300 [twisted.internet.endpoints.OneShotFactory#info] Starting factory <twisted.internet.endpoints.connectProtocol.<locals>.OneShotFactory object at 0x7f2fbc5f3128>
2020-04-14T22:35:52-0300 [twisted.internet.endpoints.OneShotFactory#info] Stopping factory <twisted.internet.endpoints.connectProtocol.<locals>.OneShotFactory object at 0x7f2fbc5f3550>
2020-04-14T22:35:52-0300 [stdout#info] This divice have no simulation core instance
2020-04-14T22:35:52-0300 [twisted.internet.endpoints.OneShotFactory#info] Starting factory <twisted.internet.endpoints.connectProtocol.<locals>.OneShotFactory object at 0x7f2fbc5f3c50>
2020-04-14T22:35:53-0300 [stdout#info] {'7.16 Kwh'}
2020-04-14T22:35:53-0300 [stdout#info] 7.16 Kwh
2020-04-14T22:35:53-0300 [stdout#info] {'10.5 Kwh'}
2020-04-14T22:35:53-0300 [stdout#info] 10.5 Kwh
2020-04-14T22:35:56-0300 [stdout#info] {'3.96 Kwh'}
2020-04-14T22:35:56-0300 [stdout#info] 3.96 Kwh
2020-04-14T22:35:56-0300 [stdout#info] {'4.76 Kwh'}
2020-04-14T22:35:56-0300 [stdout#info] 4.76 Kwh
2020-04-14T22:35:57-0300 [-] 127.0.0.1:39986 - sending MQTT PUBLISH REQUEST - Number of events: 38
2020-04-14T22:35:57-0300 [twisted.internet.endpoints.OneShotFactory#info] Starting factory <twisted.internet.endpoints.connectProtocol.<locals>.OneShotFactory object at 0x7f2fbc5f3e10>
2020-04-14T22:35:57-0300 [twisted.internet.endpoints.OneShotFactory#info] Stopping factory <twisted.internet.endpoints.connectProtocol.<locals>.OneShotFactory object at 0x7f2fbc5f3128>
2020-04-14T22:35:57-0300 [stdout#info] This divice have no simulation core instance
2020-04-14T22:35:57-0300 [twisted.internet.endpoints.OneShotFactory#info] Starting factory <twisted.internet.endpoints.connectProtocol.<locals>.OneShotFactory object at 0x7f2fbc5830f0>
2020-04-14T22:35:59-0300 [stdout#info] {'19.8 Kwh'}
2020-04-14T22:35:59-0300 [stdout#info] 19.8 Kwh
2020-04-14T22:35:59-0300 [stdout#info] {'18.58 Kwh'}
2020-04-14T22:35:59-0300 [stdout#info] 18.58 Kwh
2020-04-14T22:36:02-0300 [stdout#info] {'7.01 Kwh'}
2020-04-14T22:36:02-0300 [stdout#info] 7.01 Kwh
2020-04-14T22:36:02-0300 [-] 127.0.0.1:39986 - sending MQTT PUBLISH REQUEST - Number of events: 39
2020-04-14T22:36:02-0300 [twisted.internet.endpoints.OneShotFactory#info] Starting factory <twisted.internet.endpoints.connectProtocol.<locals>.OneShotFactory object at 0x7f2fbb76af28>
2020-04-14T22:36:02-0300 [twisted.internet.endpoints.OneShotFactory#info] Stopping factory <twisted.internet.endpoints.connectProtocol.<locals>.OneShotFactory object at 0x7f2fbc5f3e10>
2020-04-14T22:36:02-0300 [stdout#info] This divice have no simulation core instance
2020-04-14T22:36:02-0300 [twisted.internet.endpoints.OneShotFactory#info] Starting factory <twisted.internet.endpoints.connectProtocol.<locals>.OneShotFactory object at 0x7f2fbc583518>
2020-04-14T22:36:02-0300 [stdout#info] {'5.15 Kwh'}
2020-04-14T22:36:02-0300 [stdout#info] 5.15 Kwh
2020-04-14T22:36:05-0300 [stdout#info] {'2.82 Kwh'}
2020-04-14T22:36:05-0300 [stdout#info] 2.82 Kwh
2020-04-14T22:36:05-0300 [stdout#info] {'19.76 Kwh'}
2020-04-14T22:36:05-0300 [stdout#info] 19.76 Kwh
2020-04-14T22:36:07-0300 [-] 127.0.0.1:39986 - sending MQTT PUBLISH REQUEST - Number of events: 40
2020-04-14T22:36:07-0300 [twisted.internet.endpoints.OneShotFactory#info] Starting factory <twisted.internet.endpoints.connectProtocol.<locals>.OneShotFactory object at 0x7f2fbc5832b0>
2020-04-14T22:36:07-0300 [twisted.internet.endpoints.OneShotFactory#info] Stopping factory <twisted.internet.endpoints.connectProtocol.<locals>.OneShotFactory object at 0x7f2fbb76af28>
2020-04-14T22:36:07-0300 [stdout#info] This divice have no simulation core instance
2020-04-14T22:36:07-0300 [twisted.internet.endpoints.OneShotFactory#info] Starting factory <twisted.internet.endpoints.connectProtocol.<locals>.OneShotFactory object at 0x7f2fbc583978>
2020-04-14T22:36:08-0300 [stdout#info] {'17.36 Kwh'}
2020-04-14T22:36:08-0300 [stdout#info] 17.36 Kwh
2020-04-14T22:36:08-0300 [stdout#info] {'2.67 Kwh'}
2020-04-14T22:36:08-0300 [stdout#info] 2.67 Kwh
2020-04-14T22:36:11-0300 [stdout#info] {'11.89 Kwh'}
2020-04-14T22:36:11-0300 [stdout#info] 11.89 Kwh
2020-04-14T22:36:11-0300 [stdout#info] {'18.26 Kwh'}
2020-04-14T22:36:11-0300 [stdout#info] 18.26 Kwh
2020-04-14T22:36:12-0300 [-] 127.0.0.1:39986 - sending MQTT PUBLISH REQUEST - Number of events: 41
2020-04-14T22:36:12-0300 [twisted.internet.endpoints.OneShotFactory#info] Starting factory <twisted.internet.endpoints.connectProtocol.<locals>.OneShotFactory object at 0x7f2fbc5836d8>
2020-04-14T22:36:12-0300 [twisted.internet.endpoints.OneShotFactory#info] Stopping factory <twisted.internet.endpoints.connectProtocol.<locals>.OneShotFactory object at 0x7f2fbc5832b0>
2020-04-14T22:36:12-0300 [stdout#info] This divice have no simulation core instance
2020-04-14T22:36:12-0300 [twisted.internet.endpoints.OneShotFactory#info] Starting factory <twisted.internet.endpoints.connectProtocol.<locals>.OneShotFactory object at 0x7f2fbc583dd8>
2020-04-14T22:36:14-0300 [stdout#info] {'21.99 Kwh'}
2020-04-14T22:36:14-0300 [stdout#info] 21.99 Kwh
2020-04-14T22:36:14-0300 [stdout#info] {'9.51 Kwh'}
2020-04-14T22:36:14-0300 [stdout#info] 9.51 Kwh
2020-04-14T22:36:17-0300 [stdout#info] {'3.93 Kwh'}
2020-04-14T22:36:17-0300 [stdout#info] 3.93 Kwh
2020-04-14T22:36:17-0300 [-] 127.0.0.1:39986 - sending MQTT PUBLISH REQUEST - Number of events: 42
2020-04-14T22:36:17-0300 [twisted.internet.endpoints.OneShotFactory#info] Starting factory <twisted.internet.endpoints.connectProtocol.<locals>.OneShotFactory object at 0x7f2fbc583898>
2020-04-14T22:36:17-0300 [twisted.internet.endpoints.OneShotFactory#info] Stopping factory <twisted.internet.endpoints.connectProtocol.<locals>.OneShotFactory object at 0x7f2fbc5836d8>
2020-04-14T22:36:17-0300 [stdout#info] This divice have no simulation core instance
2020-04-14T22:36:17-0300 [twisted.internet.endpoints.OneShotFactory#info] Starting factory <twisted.internet.endpoints.connectProtocol.<locals>.OneShotFactory object at 0x7f2fbc58f278>
2020-04-14T22:36:17-0300 [stdout#info] {'2.61 Kwh'}
2020-04-14T22:36:17-0300 [stdout#info] 2.61 Kwh
2020-04-14T22:36:19-0300 [-] Received SIGINT, shutting down.
2020-04-14T22:36:19-0300 [twisted.internet.endpoints.OneShotFactory#info] Stopping factory <twisted.internet.endpoints.connectProtocol.<locals>.OneShotFactory object at 0x7f2fbc638fd0>
2020-04-14T22:36:19-0300 [twisted.internet.endpoints.OneShotFactory#info] Stopping factory <twisted.internet.endpoints.connectProtocol.<locals>.OneShotFactory object at 0x7f2fbc583898>
2020-04-14T22:36:19-0300 [twisted.internet.endpoints.OneShotFactory#info] Stopping factory <twisted.internet.endpoints.connectProtocol.<locals>.OneShotFactory object at 0x7f2fbc5830f0>
2020-04-14T22:36:19-0300 [twisted.internet.endpoints.OneShotFactory#info] Stopping factory <twisted.internet.endpoints.connectProtocol.<locals>.OneShotFactory object at 0x7f2fbc5ea1d0>
2020-04-14T22:36:19-0300 [SubscriberApp,client] connection lost: Connection to the other side was lost in a non-clean fashion: Connection lost.
2020-04-14T22:36:19-0300 [SubscriberApp,client] connection lost - Number of events: 43
2020-04-14T22:36:19-0300 [twisted.internet.endpoints.OneShotFactory#info] Stopping factory <twisted.internet.endpoints.connectProtocol.<locals>.OneShotFactory object at 0x7f2fbc614278>
2020-04-14T22:36:19-0300 [twisted.internet.endpoints.OneShotFactory#info] Stopping factory <twisted.internet.endpoints.connectProtocol.<locals>.OneShotFactory object at 0x7f2fbc58f278>
2020-04-14T22:36:19-0300 [twisted.internet.endpoints.OneShotFactory#info] Stopping factory <twisted.internet.endpoints.connectProtocol.<locals>.OneShotFactory object at 0x7f2fbc6382b0>
2020-04-14T22:36:19-0300 [twisted.internet.endpoints.OneShotFactory#info] Stopping factory <twisted.internet.endpoints.connectProtocol.<locals>.OneShotFactory object at 0x7f2fbc5f3390>
2020-04-14T22:36:19-0300 [twisted.internet.endpoints.OneShotFactory#info] Stopping factory <twisted.internet.endpoints.connectProtocol.<locals>.OneShotFactory object at 0x7f2fbc5eaef0>
2020-04-14T22:36:19-0300 [twisted.internet.endpoints.OneShotFactory#info] Stopping factory <twisted.internet.endpoints.connectProtocol.<locals>.OneShotFactory object at 0x7f2fbaf573c8>
2020-04-14T22:36:19-0300 [twisted.internet.endpoints.OneShotFactory#info] Stopping factory <twisted.internet.endpoints.connectProtocol.<locals>.OneShotFactory object at 0x7f2fbc5d74e0>
2020-04-14T22:36:19-0300 [twisted.internet.endpoints.OneShotFactory#info] Stopping factory <twisted.internet.endpoints.connectProtocol.<locals>.OneShotFactory object at 0x7f2fbc583518>
2020-04-14T22:36:19-0300 [twisted.internet.endpoints.OneShotFactory#info] Stopping factory <twisted.internet.endpoints.connectProtocol.<locals>.OneShotFactory object at 0x7f2fbc614588>
2020-04-14T22:36:19-0300 [applications.mqttapp.BrokerFactory] (TCP Port 5100 Closed)
2020-04-14T22:36:19-0300 [twisted.internet.endpoints.OneShotFactory#info] Stopping factory <twisted.internet.endpoints.connectProtocol.<locals>.OneShotFactory object at 0x7f2fbc5ea630>
2020-04-14T22:36:19-0300 [twisted.internet.endpoints.OneShotFactory#info] Stopping factory <twisted.internet.endpoints.connectProtocol.<locals>.OneShotFactory object at 0x7f2fbc638748>
2020-04-14T22:36:19-0300 [twisted.internet.endpoints.OneShotFactory#info] Stopping factory <twisted.internet.endpoints.connectProtocol.<locals>.OneShotFactory object at 0x7f2fbc5f37f0>
2020-04-14T22:36:19-0300 [SubscriberApp,client] connection lost: Connection to the other side was lost in a non-clean fashion: Connection lost.
2020-04-14T22:36:19-0300 [SubscriberApp,client] connection lost - Number of events: 44
2020-04-14T22:36:19-0300 [twisted.internet.endpoints.OneShotFactory#info] Stopping factory <twisted.internet.endpoints.connectProtocol.<locals>.OneShotFactory object at 0x7f2fbaf57898>
2020-04-14T22:36:19-0300 [twisted.internet.endpoints.OneShotFactory#info] Stopping factory <twisted.internet.endpoints.connectProtocol.<locals>.OneShotFactory object at 0x7f2fbc5d7940>
2020-04-14T22:36:19-0300 [twisted.internet.endpoints.OneShotFactory#info] Stopping factory <twisted.internet.endpoints.connectProtocol.<locals>.OneShotFactory object at 0x7f2fbc583978>
2020-04-14T22:36:19-0300 [twisted.internet.endpoints.OneShotFactory#info] Stopping factory <twisted.internet.endpoints.connectProtocol.<locals>.OneShotFactory object at 0x7f2fbc6149b0>
2020-04-14T22:36:19-0300 [applications.routerapp.RouterFactory] (TCP Port 8081 Closed)
2020-04-14T22:36:19-0300 [PublisherApp,client] connection lost: Connection to the other side was lost in a non-clean fashion: Connection lost.
2020-04-14T22:36:19-0300 [PublisherApp,client] connection lost - Number of events: 45
2020-04-14T22:36:19-0300 [twisted.internet.endpoints.OneShotFactory#info] Stopping factory <twisted.internet.endpoints.connectProtocol.<locals>.OneShotFactory object at 0x7f2fbc5eab00>
2020-04-14T22:36:19-0300 [applications.accesspointapp.AccessPointFactory] (TCP Port 8082 Closed)
2020-04-14T22:36:19-0300 [twisted.internet.endpoints.OneShotFactory#info] Stopping factory <twisted.internet.endpoints.connectProtocol.<locals>.OneShotFactory object at 0x7f2fbc638b70>
2020-04-14T22:36:19-0300 [twisted.internet.endpoints.OneShotFactory#info] Stopping factory <twisted.internet.endpoints.connectProtocol.<locals>.OneShotFactory object at 0x7f2fbc5f3c50>
2020-04-14T22:36:19-0300 [twisted.internet.endpoints.OneShotFactory#info] Stopping factory <twisted.internet.endpoints.connectProtocol.<locals>.OneShotFactory object at 0x7f2fbaf2ec88>
2020-04-14T22:36:19-0300 [twisted.internet.endpoints.OneShotFactory#info] Stopping factory <twisted.internet.endpoints.connectProtocol.<locals>.OneShotFactory object at 0x7f2fbc5d7d30>
2020-04-14T22:36:19-0300 [twisted.internet.endpoints.OneShotFactory#info] Stopping factory <twisted.internet.endpoints.connectProtocol.<locals>.OneShotFactory object at 0x7f2fbaf57da0>
2020-04-14T22:36:19-0300 [twisted.internet.endpoints.OneShotFactory#info] Stopping factory <twisted.internet.endpoints.connectProtocol.<locals>.OneShotFactory object at 0x7f2fbc583dd8>
2020-04-14T22:36:19-0300 [twisted.internet.endpoints.OneShotFactory#info] Stopping factory <twisted.internet.endpoints.connectProtocol.<locals>.OneShotFactory object at 0x7f2fbc614e10>
2020-04-14T22:36:19-0300 [twisted.internet.endpoints.OneShotFactory#info] Stopping factory <twisted.internet.endpoints.connectProtocol.<locals>.OneShotFactory object at 0x7f2fbaf2ee80>
2020-04-14T22:36:19-0300 [twisted.internet.endpoints.OneShotFactory#info] Stopping factory <twisted.internet.endpoints.connectProtocol.<locals>.OneShotFactory object at 0x7f2fbaf44ef0>
2020-04-14T22:36:19-0300 [-] Main loop terminated.
