2020-05-18T20:42:16-0300 [-] Creating router ...
2020-05-18T20:42:16-0300 [-] Initializing Router - Number of events: 1
2020-05-18T20:42:17-0300 [-] RouterFactory starting on 8081
2020-05-18T20:42:17-0300 [-] Creating AccessPoint station ...
2020-05-18T20:42:17-0300 [-] Initializing Access Point - Number of events: 2
2020-05-18T20:42:17-0300 [-] AccessPointFactory starting on 8082
2020-05-18T20:42:17-0300 [-] Creating fog node ...
2020-05-18T20:42:17-0300 [-] Initializing Client - Number of events: 3
2020-05-18T20:42:18-0300 [-] Creating fog node ...
2020-05-18T20:42:18-0300 [-] Initializing Client - Number of events: 4
2020-05-18T20:42:18-0300 [-] Creating fog node ...
2020-05-18T20:42:18-0300 [-] Initializing Server - Number of events: 5
2020-05-18T20:42:19-0300 [-] BrokerFactory starting on 5100
2020-05-18T20:42:19-0300 [-] Creating iot node ...
2020-05-18T20:42:19-0300 [-] Initializing Client - Number of events: 6
2020-05-18T20:42:19-0300 [-] Initializing sensor node - Number of events: 7
2020-05-18T20:42:20-0300 [-] Initializing sensor node - Number of events: 8
2020-05-18T20:42:20-0300 [stderr#error] Exception in Tkinter callback
2020-05-18T20:42:20-0300 [stderr#error] Traceback (most recent call last):
2020-05-18T20:42:20-0300 [stderr#error]   File "/usr/lib/python3.6/tkinter/__init__.py", line 1708, in __call__
2020-05-18T20:42:20-0300 [stderr#error]     return self.func(*args)
2020-05-18T20:42:20-0300 [stderr#error]   File "/home/rafael/iotfogsim/scinetsim/scinetsim/configurations.py", line 106, in <lambda>
2020-05-18T20:42:20-0300 [stderr#error]     btn_open = ttk.Button(window, text="Open Project",command=lambda:open_project(window,simulation_core))
2020-05-18T20:42:20-0300 [stderr#error]   File "/home/rafael/iotfogsim/scinetsim/scinetsim/configurations.py", line 60, in open_project
2020-05-18T20:42:20-0300 [stderr#error]     load_nodes(selected_project_name, simulation_core)
2020-05-18T20:42:20-0300 [stderr#error]   File "/home/rafael/iotfogsim/scinetsim/scinetsim/configurations.py", line 234, in load_nodes
2020-05-18T20:42:20-0300 [stderr#error]     sr_node.run()
2020-05-18T20:42:20-0300 [stderr#error]   File "/home/rafael/iotfogsim/scinetsim/scinetsim/standarddevice.py", line 270, in run
2020-05-18T20:42:20-0300 [stderr#error]     self.application.start(nearby_devices_list)
2020-05-18T20:42:20-0300 [stderr#error]   File "/home/rafael/iotfogsim/scinetsim/applications/wsnapp.py", line 19, in start
2020-05-18T20:42:20-0300 [stderr#error]     print(self.visual_component.draggable_name.cget("text"))
2020-05-18T20:42:20-0300 [stderr#error] AttributeError: 'int' object has no attribute 'cget'
2020-05-18T20:42:20-0300 [stdout#info] This divice have no simulation core instance
2020-05-18T20:42:20-0300 [stdout#info] This divice have no simulation core instance
2020-05-18T20:42:20-0300 [stdout#info] This divice have no simulation core instance
2020-05-18T20:42:20-0300 [stdout#info] This divice have no simulation core instance
2020-05-18T20:42:20-0300 [stdout#info] This divice have no simulation core instance
2020-05-18T20:42:20-0300 [Uninitialized] 127.0.0.1:51524 - Connected to mqtt broker - Number of events: 9
2020-05-18T20:42:20-0300 [Uninitialized] 127.0.0.1:51524 - sending MQTT SUBSCRIBE REQUEST - Number of events: 10
2020-05-18T20:42:20-0300 [Uninitialized] 127.0.0.1:51526 - Connected to mqtt broker - Number of events: 11
2020-05-18T20:42:20-0300 [Uninitialized] 127.0.0.1:51526 - sending MQTT SUBSCRIBE REQUEST - Number of events: 12
2020-05-18T20:42:20-0300 [Uninitialized] 127.0.0.1:60406 - Connected to mqtt broker - Number of events: 13
2020-05-18T20:42:20-0300 [Uninitialized] 127.0.0.1:60406 - sending MQTT PUBLISH REQUEST - Number of events: 14
2020-05-18T20:42:20-0300 [twisted.internet.endpoints.OneShotFactory#info] Starting factory <twisted.internet.endpoints.connectProtocol.<locals>.OneShotFactory object at 0x7f53b0758c50>
2020-05-18T20:42:20-0300 [twisted.internet.endpoints.OneShotFactory#info] Starting factory <twisted.internet.endpoints.connectProtocol.<locals>.OneShotFactory object at 0x7f53b0758e48>
2020-05-18T20:42:20-0300 [twisted.internet.endpoints.OneShotFactory#info] Starting factory <twisted.internet.endpoints.connectProtocol.<locals>.OneShotFactory object at 0x7f53b06ea0b8>
2020-05-18T20:42:20-0300 [stdout#info] This divice have no simulation core instance
2020-05-18T20:42:20-0300 [twisted.internet.endpoints.OneShotFactory#info] Starting factory <twisted.internet.endpoints.connectProtocol.<locals>.OneShotFactory object at 0x7f53b06ea8d0>
2020-05-18T20:42:25-0300 [-] 127.0.0.1:60406 - sending MQTT PUBLISH REQUEST - Number of events: 15
2020-05-18T20:42:25-0300 [twisted.internet.endpoints.OneShotFactory#info] Starting factory <twisted.internet.endpoints.connectProtocol.<locals>.OneShotFactory object at 0x7f53b06eac88>
2020-05-18T20:42:25-0300 [twisted.internet.endpoints.OneShotFactory#info] Stopping factory <twisted.internet.endpoints.connectProtocol.<locals>.OneShotFactory object at 0x7f53b06ea0b8>
2020-05-18T20:42:25-0300 [stdout#info] This divice have no simulation core instance
2020-05-18T20:42:25-0300 [twisted.internet.endpoints.OneShotFactory#info] Starting factory <twisted.internet.endpoints.connectProtocol.<locals>.OneShotFactory object at 0x7f53b06eaeb8>
2020-05-18T20:42:25-0300 [twisted.internet.endpoints.OneShotFactory#info] Stopping factory <twisted.internet.endpoints.connectProtocol.<locals>.OneShotFactory object at 0x7f53b06ea8d0>
2020-05-18T20:42:30-0300 [-] 127.0.0.1:60406 - sending MQTT PUBLISH REQUEST - Number of events: 16
2020-05-18T20:42:30-0300 [twisted.internet.endpoints.OneShotFactory#info] Starting factory <twisted.internet.endpoints.connectProtocol.<locals>.OneShotFactory object at 0x7f53b06ea748>
2020-05-18T20:42:30-0300 [twisted.internet.endpoints.OneShotFactory#info] Stopping factory <twisted.internet.endpoints.connectProtocol.<locals>.OneShotFactory object at 0x7f53b06eac88>
2020-05-18T20:42:30-0300 [stdout#info] This divice have no simulation core instance
2020-05-18T20:42:30-0300 [twisted.internet.endpoints.OneShotFactory#info] Starting factory <twisted.internet.endpoints.connectProtocol.<locals>.OneShotFactory object at 0x7f53b06fd208>
2020-05-18T20:42:35-0300 [-] 127.0.0.1:60406 - sending MQTT PUBLISH REQUEST - Number of events: 17
2020-05-18T20:42:35-0300 [twisted.internet.endpoints.OneShotFactory#info] Starting factory <twisted.internet.endpoints.connectProtocol.<locals>.OneShotFactory object at 0x7f53b06fd438>
2020-05-18T20:42:35-0300 [twisted.internet.endpoints.OneShotFactory#info] Stopping factory <twisted.internet.endpoints.connectProtocol.<locals>.OneShotFactory object at 0x7f53b06ea748>
2020-05-18T20:42:35-0300 [stdout#info] This divice have no simulation core instance
2020-05-18T20:42:35-0300 [twisted.internet.endpoints.OneShotFactory#info] Starting factory <twisted.internet.endpoints.connectProtocol.<locals>.OneShotFactory object at 0x7f53b06fd6d8>
2020-05-18T20:42:40-0300 [-] 127.0.0.1:60406 - sending MQTT PUBLISH REQUEST - Number of events: 18
2020-05-18T20:42:40-0300 [twisted.internet.endpoints.OneShotFactory#info] Starting factory <twisted.internet.endpoints.connectProtocol.<locals>.OneShotFactory object at 0x7f53b06fd978>
2020-05-18T20:42:40-0300 [twisted.internet.endpoints.OneShotFactory#info] Stopping factory <twisted.internet.endpoints.connectProtocol.<locals>.OneShotFactory object at 0x7f53b06fd438>
2020-05-18T20:42:40-0300 [stdout#info] This divice have no simulation core instance
2020-05-18T20:42:40-0300 [twisted.internet.endpoints.OneShotFactory#info] Starting factory <twisted.internet.endpoints.connectProtocol.<locals>.OneShotFactory object at 0x7f53b06fdba8>
2020-05-18T20:42:45-0300 [-] 127.0.0.1:60406 - sending MQTT PUBLISH REQUEST - Number of events: 19
2020-05-18T20:42:45-0300 [twisted.internet.endpoints.OneShotFactory#info] Starting factory <twisted.internet.endpoints.connectProtocol.<locals>.OneShotFactory object at 0x7f53b06fde48>
2020-05-18T20:42:45-0300 [twisted.internet.endpoints.OneShotFactory#info] Stopping factory <twisted.internet.endpoints.connectProtocol.<locals>.OneShotFactory object at 0x7f53b06fd978>
2020-05-18T20:42:45-0300 [stdout#info] This divice have no simulation core instance
2020-05-18T20:42:45-0300 [twisted.internet.endpoints.OneShotFactory#info] Starting factory <twisted.internet.endpoints.connectProtocol.<locals>.OneShotFactory object at 0x7f53b06a00b8>
2020-05-18T20:42:50-0300 [-] 127.0.0.1:60406 - sending MQTT PUBLISH REQUEST - Number of events: 20
2020-05-18T20:42:50-0300 [twisted.internet.endpoints.OneShotFactory#info] Starting factory <twisted.internet.endpoints.connectProtocol.<locals>.OneShotFactory object at 0x7f53b06fdd30>
2020-05-18T20:42:50-0300 [twisted.internet.endpoints.OneShotFactory#info] Stopping factory <twisted.internet.endpoints.connectProtocol.<locals>.OneShotFactory object at 0x7f53b06fde48>
2020-05-18T20:42:50-0300 [stdout#info] This divice have no simulation core instance
2020-05-18T20:42:50-0300 [twisted.internet.endpoints.OneShotFactory#info] Starting factory <twisted.internet.endpoints.connectProtocol.<locals>.OneShotFactory object at 0x7f53b06a03c8>
2020-05-18T20:42:55-0300 [-] 127.0.0.1:60406 - sending MQTT PUBLISH REQUEST - Number of events: 21
2020-05-18T20:42:55-0300 [twisted.internet.endpoints.OneShotFactory#info] Starting factory <twisted.internet.endpoints.connectProtocol.<locals>.OneShotFactory object at 0x7f53b06a0630>
2020-05-18T20:42:55-0300 [twisted.internet.endpoints.OneShotFactory#info] Stopping factory <twisted.internet.endpoints.connectProtocol.<locals>.OneShotFactory object at 0x7f53b06fdd30>
2020-05-18T20:42:55-0300 [stdout#info] This divice have no simulation core instance
2020-05-18T20:42:55-0300 [twisted.internet.endpoints.OneShotFactory#info] Starting factory <twisted.internet.endpoints.connectProtocol.<locals>.OneShotFactory object at 0x7f53b06a07f0>
2020-05-18T20:43:00-0300 [-] 127.0.0.1:60406 - sending MQTT PUBLISH REQUEST - Number of events: 22
2020-05-18T20:43:00-0300 [twisted.internet.endpoints.OneShotFactory#info] Starting factory <twisted.internet.endpoints.connectProtocol.<locals>.OneShotFactory object at 0x7f53b06a0978>
2020-05-18T20:43:00-0300 [twisted.internet.endpoints.OneShotFactory#info] Stopping factory <twisted.internet.endpoints.connectProtocol.<locals>.OneShotFactory object at 0x7f53b06a0630>
2020-05-18T20:43:00-0300 [stdout#info] This divice have no simulation core instance
2020-05-18T20:43:00-0300 [twisted.internet.endpoints.OneShotFactory#info] Starting factory <twisted.internet.endpoints.connectProtocol.<locals>.OneShotFactory object at 0x7f53b06a0c50>
2020-05-18T20:43:05-0300 [-] 127.0.0.1:60406 - sending MQTT PUBLISH REQUEST - Number of events: 23
2020-05-18T20:43:05-0300 [twisted.internet.endpoints.OneShotFactory#info] Starting factory <twisted.internet.endpoints.connectProtocol.<locals>.OneShotFactory object at 0x7f53b06a0dd8>
2020-05-18T20:43:05-0300 [twisted.internet.endpoints.OneShotFactory#info] Stopping factory <twisted.internet.endpoints.connectProtocol.<locals>.OneShotFactory object at 0x7f53b06a0978>
2020-05-18T20:43:05-0300 [stdout#info] This divice have no simulation core instance
2020-05-18T20:43:05-0300 [twisted.internet.endpoints.OneShotFactory#info] Starting factory <twisted.internet.endpoints.connectProtocol.<locals>.OneShotFactory object at 0x7f53b06c30f0>
2020-05-18T20:43:10-0300 [-] 127.0.0.1:60406 - sending MQTT PUBLISH REQUEST - Number of events: 24
2020-05-18T20:43:10-0300 [twisted.internet.endpoints.OneShotFactory#info] Starting factory <twisted.internet.endpoints.connectProtocol.<locals>.OneShotFactory object at 0x7f53b06c3278>
2020-05-18T20:43:10-0300 [twisted.internet.endpoints.OneShotFactory#info] Stopping factory <twisted.internet.endpoints.connectProtocol.<locals>.OneShotFactory object at 0x7f53b06a0dd8>
2020-05-18T20:43:10-0300 [stdout#info] This divice have no simulation core instance
2020-05-18T20:43:10-0300 [twisted.internet.endpoints.OneShotFactory#info] Starting factory <twisted.internet.endpoints.connectProtocol.<locals>.OneShotFactory object at 0x7f53b06c3550>
2020-05-18T20:43:15-0300 [-] Received SIGINT, shutting down.
2020-05-18T20:43:15-0300 [twisted.internet.endpoints.OneShotFactory#info] Stopping factory <twisted.internet.endpoints.connectProtocol.<locals>.OneShotFactory object at 0x7f53b06a07f0>
2020-05-18T20:43:15-0300 [applications.mqttapp.BrokerFactory] (TCP Port 5100 Closed)
2020-05-18T20:43:15-0300 [twisted.internet.endpoints.OneShotFactory#info] Stopping factory <twisted.internet.endpoints.connectProtocol.<locals>.OneShotFactory object at 0x7f53b06a00b8>
2020-05-18T20:43:15-0300 [twisted.internet.endpoints.OneShotFactory#info] Stopping factory <twisted.internet.endpoints.connectProtocol.<locals>.OneShotFactory object at 0x7f53b06c30f0>
2020-05-18T20:43:15-0300 [SubscriberApp,client] connection lost: Connection to the other side was lost in a non-clean fashion: Connection lost.
2020-05-18T20:43:15-0300 [SubscriberApp,client] connection lost - Number of events: 25
2020-05-18T20:43:15-0300 [twisted.internet.endpoints.OneShotFactory#info] Stopping factory <twisted.internet.endpoints.connectProtocol.<locals>.OneShotFactory object at 0x7f53b06fd208>
2020-05-18T20:43:15-0300 [twisted.internet.endpoints.OneShotFactory#info] Stopping factory <twisted.internet.endpoints.connectProtocol.<locals>.OneShotFactory object at 0x7f53b06c3278>
2020-05-18T20:43:15-0300 [twisted.internet.endpoints.OneShotFactory#info] Stopping factory <twisted.internet.endpoints.connectProtocol.<locals>.OneShotFactory object at 0x7f53b06fdba8>
2020-05-18T20:43:15-0300 [twisted.internet.endpoints.OneShotFactory#info] Stopping factory <twisted.internet.endpoints.connectProtocol.<locals>.OneShotFactory object at 0x7f53b06a03c8>
2020-05-18T20:43:15-0300 [twisted.internet.endpoints.OneShotFactory#info] Stopping factory <twisted.internet.endpoints.connectProtocol.<locals>.OneShotFactory object at 0x7f53b0758c50>
2020-05-18T20:43:15-0300 [twisted.internet.endpoints.OneShotFactory#info] Stopping factory <twisted.internet.endpoints.connectProtocol.<locals>.OneShotFactory object at 0x7f53b06a0c50>
2020-05-18T20:43:15-0300 [applications.routerapp.RouterFactory] (TCP Port 8081 Closed)
2020-05-18T20:43:15-0300 [SubscriberApp,client] connection lost: Connection to the other side was lost in a non-clean fashion: Connection lost.
2020-05-18T20:43:15-0300 [SubscriberApp,client] connection lost - Number of events: 26
2020-05-18T20:43:15-0300 [twisted.internet.endpoints.OneShotFactory#info] Stopping factory <twisted.internet.endpoints.connectProtocol.<locals>.OneShotFactory object at 0x7f53b06c3550>
2020-05-18T20:43:15-0300 [applications.accesspointapp.AccessPointFactory] (TCP Port 8082 Closed)
2020-05-18T20:43:15-0300 [PublisherApp,client] connection lost: Connection to the other side was lost in a non-clean fashion: Connection lost.
2020-05-18T20:43:15-0300 [PublisherApp,client] connection lost - Number of events: 27
2020-05-18T20:43:15-0300 [twisted.internet.endpoints.OneShotFactory#info] Stopping factory <twisted.internet.endpoints.connectProtocol.<locals>.OneShotFactory object at 0x7f53b0758e48>
2020-05-18T20:43:15-0300 [twisted.internet.endpoints.OneShotFactory#info] Stopping factory <twisted.internet.endpoints.connectProtocol.<locals>.OneShotFactory object at 0x7f53b06eaeb8>
2020-05-18T20:43:15-0300 [twisted.internet.endpoints.OneShotFactory#info] Stopping factory <twisted.internet.endpoints.connectProtocol.<locals>.OneShotFactory object at 0x7f53b06fd6d8>
2020-05-18T20:43:15-0300 [-] Main loop terminated.
