2020-05-21T00:32:35-0300 [-] Creating router ...
2020-05-21T00:32:35-0300 [-] Initializing Router - Number of events: 1
2020-05-21T00:32:35-0300 [-] RouterFactory starting on 8081
2020-05-21T00:32:35-0300 [-] Creating AccessPoint station ...
2020-05-21T00:32:35-0300 [-] Initializing Access Point - Number of events: 2
2020-05-21T00:32:36-0300 [-] AccessPointFactory starting on 8082
2020-05-21T00:32:36-0300 [-] Creating fog node ...
2020-05-21T00:32:36-0300 [-] Initializing Client - Number of events: 3
2020-05-21T00:32:36-0300 [-] Creating fog node ...
2020-05-21T00:32:36-0300 [-] Initializing Client - Number of events: 4
2020-05-21T00:32:37-0300 [-] Creating fog node ...
2020-05-21T00:32:37-0300 [-] Initializing Server - Number of events: 5
2020-05-21T00:32:37-0300 [-] BrokerFactory starting on 5100
2020-05-21T00:32:37-0300 [-] Creating iot node ...
2020-05-21T00:32:37-0300 [-] Initializing Client - Number of events: 6
2020-05-21T00:32:38-0300 [-] Initializing sensor node - Number of events: 7
2020-05-21T00:32:38-0300 [-] Initializing sensor node - Number of events: 8
2020-05-21T00:32:39-0300 [-] Initializing sensor node - Number of events: 9
2020-05-21T00:32:39-0300 [-] Initializing sensor node - Number of events: 10
2020-05-21T00:32:40-0300 [-] Initializing sensor node - Number of events: 11
2020-05-21T00:32:40-0300 [-] Initializing sensor node - Number of events: 12
2020-05-21T00:32:41-0300 [-] Initializing sensor node - Number of events: 13
2020-05-21T00:32:41-0300 [-] Initializing sensor node - Number of events: 14
2020-05-21T00:32:42-0300 [-] Initializing sensor node - Number of events: 15
2020-05-21T00:32:42-0300 [-] Initializing sensor node - Number of events: 16
2020-05-21T00:32:43-0300 [stdout#info] ========= sensor_5 ==========
2020-05-21T00:32:43-0300 [stdout#info] sensor_5  <------->  sensor_4
2020-05-21T00:32:43-0300 [stdout#info] sensor_5  <------->  sensor_8
2020-05-21T00:32:43-0300 [stdout#info] sensor_5  <------->  sensor_2
2020-05-21T00:32:43-0300 [stdout#info] =============================
2020-05-21T00:32:43-0300 [stdout#info] sensor_5 |13.19 Kwh
2020-05-21T00:32:43-0300 [stdout#info] sensor_5 
2020-05-21T00:32:43-0300 [stdout#info] ========= sensor_1 ==========
2020-05-21T00:32:43-0300 [stdout#info] sensor_1  <------->  sensor_3
2020-05-21T00:32:43-0300 [stdout#info] sensor_1  <------->  wsn_sink
2020-05-21T00:32:43-0300 [stdout#info] =============================
2020-05-21T00:32:43-0300 [stdout#info] sensor_1 |13.18 Kwh
2020-05-21T00:32:43-0300 [stdout#info] sensor_1 
2020-05-21T00:32:43-0300 [stdout#info] ========= sensor_7 ==========
2020-05-21T00:32:43-0300 [stdout#info] sensor_7  <------->  sensor_4
2020-05-21T00:32:43-0300 [stdout#info] sensor_7  <------->  sensor_9
2020-05-21T00:32:43-0300 [stdout#info] =============================
2020-05-21T00:32:43-0300 [stdout#info] sensor_7 |12.6 Kwh
2020-05-21T00:32:43-0300 [stdout#info] sensor_7 
2020-05-21T00:32:43-0300 [stdout#info] ========= sensor_4 ==========
2020-05-21T00:32:43-0300 [stdout#info] sensor_4  <------->  sensor_5
2020-05-21T00:32:43-0300 [stdout#info] sensor_4  <------->  sensor_7
2020-05-21T00:32:43-0300 [stdout#info] sensor_4  <------->  sensor_6
2020-05-21T00:32:43-0300 [stdout#info] sensor_4  <------->  sensor_2
2020-05-21T00:32:43-0300 [stdout#info] =============================
2020-05-21T00:32:43-0300 [stdout#info] sensor_4 |7.51 Kwh|12.6 Kwh|13.19 Kwh
2020-05-21T00:32:43-0300 [stdout#info] sensor_4 
2020-05-21T00:32:43-0300 [stdout#info] ========= sensor_3 ==========
2020-05-21T00:32:43-0300 [stdout#info] sensor_3  <------->  sensor_1
2020-05-21T00:32:43-0300 [stdout#info] =============================
2020-05-21T00:32:43-0300 [stdout#info] sensor_3 |13.18 Kwh|11.39 Kwh
2020-05-21T00:32:43-0300 [stdout#info] sensor_3 
2020-05-21T00:32:43-0300 [stdout#info] ========= sensor_6 ==========
2020-05-21T00:32:43-0300 [stdout#info] sensor_6  <------->  sensor_4
2020-05-21T00:32:43-0300 [stdout#info] sensor_6  <------->  sensor_8
2020-05-21T00:32:43-0300 [stdout#info] sensor_6  <------->  sensor_9
2020-05-21T00:32:43-0300 [stdout#info] =============================
2020-05-21T00:32:43-0300 [stdout#info] sensor_6 |7.43 Kwh|7.51 Kwh
2020-05-21T00:32:43-0300 [stdout#info] sensor_6 
2020-05-21T00:32:43-0300 [stdout#info] ========= sensor_9 ==========
2020-05-21T00:32:43-0300 [stdout#info] sensor_9  <------->  sensor_7
2020-05-21T00:32:43-0300 [stdout#info] sensor_9  <------->  sensor_6
2020-05-21T00:32:43-0300 [stdout#info] =============================
2020-05-21T00:32:43-0300 [stdout#info] sensor_9 |8.25 Kwh|7.43 Kwh|12.6 Kwh
2020-05-21T00:32:43-0300 [stdout#info] sensor_9 
2020-05-21T00:32:43-0300 [stdout#info] ========= sensor_8 ==========
2020-05-21T00:32:43-0300 [stdout#info] sensor_8  <------->  sensor_5
2020-05-21T00:32:43-0300 [stdout#info] sensor_8  <------->  sensor_6
2020-05-21T00:32:43-0300 [stdout#info] =============================
2020-05-21T00:32:43-0300 [stdout#info] sensor_8 |7.43 Kwh|13.19 Kwh|11.48 Kwh
2020-05-21T00:32:43-0300 [stdout#info] sensor_8 
2020-05-21T00:32:43-0300 [stdout#info] ========= sensor_2 ==========
2020-05-21T00:32:43-0300 [stdout#info] sensor_2  <------->  sensor_5
2020-05-21T00:32:43-0300 [stdout#info] sensor_2  <------->  sensor_4
2020-05-21T00:32:43-0300 [stdout#info] =============================
2020-05-21T00:32:43-0300 [stdout#info] sensor_2 |7.51 Kwh|13.19 Kwh|11.2 Kwh
2020-05-21T00:32:43-0300 [stdout#info] sensor_2 
2020-05-21T00:32:43-0300 [stdout#info] This divice have no simulation core instance
2020-05-21T00:32:43-0300 [stdout#info] This divice have no simulation core instance
2020-05-21T00:32:43-0300 [stdout#info] This divice have no simulation core instance
2020-05-21T00:32:43-0300 [stdout#info] This divice have no simulation core instance
2020-05-21T00:32:43-0300 [stdout#info] This divice have no simulation core instance
2020-05-21T00:32:43-0300 [Uninitialized] 127.0.0.1:59056 - Connected to mqtt broker - Number of events: 17
2020-05-21T00:32:43-0300 [Uninitialized] 127.0.0.1:59056 - sending MQTT SUBSCRIBE REQUEST - Number of events: 18
2020-05-21T00:32:43-0300 [Uninitialized] 127.0.0.1:59058 - Connected to mqtt broker - Number of events: 19
2020-05-21T00:32:43-0300 [Uninitialized] 127.0.0.1:59058 - sending MQTT SUBSCRIBE REQUEST - Number of events: 20
2020-05-21T00:32:43-0300 [Uninitialized] 127.0.0.1:49670 - Connected to mqtt broker - Number of events: 21
2020-05-21T00:32:43-0300 [Uninitialized] 127.0.0.1:49670 - sending MQTT PUBLISH REQUEST - Number of events: 22
2020-05-21T00:32:43-0300 [twisted.internet.endpoints.OneShotFactory#info] Starting factory <twisted.internet.endpoints.connectProtocol.<locals>.OneShotFactory object at 0x7fe04cacc780>
2020-05-21T00:32:43-0300 [twisted.internet.endpoints.OneShotFactory#info] Starting factory <twisted.internet.endpoints.connectProtocol.<locals>.OneShotFactory object at 0x7fe04cabb0b8>
2020-05-21T00:32:43-0300 [twisted.internet.endpoints.OneShotFactory#info] Starting factory <twisted.internet.endpoints.connectProtocol.<locals>.OneShotFactory object at 0x7fe04caccb38>
2020-05-21T00:32:43-0300 [stdout#info] This divice have no simulation core instance
2020-05-21T00:32:43-0300 [twisted.internet.endpoints.OneShotFactory#info] Starting factory <twisted.internet.endpoints.connectProtocol.<locals>.OneShotFactory object at 0x7fe04cae44e0>
2020-05-21T00:32:46-0300 [stdout#info] sensor_5 |4.14 Kwh|11.2 Kwh|7.51 Kwh|13.19 Kwh|11.48 Kwh
2020-05-21T00:32:46-0300 [stdout#info] sensor_5 
2020-05-21T00:32:46-0300 [stdout#info] sensor_1 |18.22 Kwh|13.18 Kwh|11.39 Kwh
2020-05-21T00:32:46-0300 [stdout#info] sensor_1 
2020-05-21T00:32:46-0300 [stdout#info] sensor_7 |8.25 Kwh|7.51 Kwh|12.6 Kwh|3.91 Kwh
2020-05-21T00:32:46-0300 [stdout#info] sensor_7 
2020-05-21T00:32:46-0300 [stdout#info] sensor_4 |4.14 Kwh|11.2 Kwh|12.6 Kwh|7.43 Kwh|3.91 Kwh|8.08 Kwh|7.51 Kwh|13.19 Kwh
2020-05-21T00:32:46-0300 [stdout#info] sensor_4 
2020-05-21T00:32:46-0300 [stdout#info] sensor_3 |18.22 Kwh|13.18 Kwh|11.39 Kwh|12.55 Kwh
2020-05-21T00:32:46-0300 [stdout#info] sensor_3 
2020-05-21T00:32:46-0300 [stdout#info] sensor_6 |6.41 Kwh|7.43 Kwh|8.08 Kwh|8.25 Kwh|7.51 Kwh|11.48 Kwh
2020-05-21T00:32:46-0300 [stdout#info] sensor_6 
2020-05-21T00:32:46-0300 [stdout#info] sensor_9 |12.6 Kwh|6.41 Kwh|7.43 Kwh|20.76 Kwh|3.91 Kwh|8.25 Kwh
2020-05-21T00:32:46-0300 [stdout#info] sensor_9 
2020-05-21T00:32:46-0300 [stdout#info] sensor_8 |4.14 Kwh|6.41 Kwh|7.43 Kwh|10.11 Kwh|13.19 Kwh|11.48 Kwh
2020-05-21T00:32:46-0300 [stdout#info] sensor_8 
2020-05-21T00:32:46-0300 [stdout#info] sensor_2 |4.14 Kwh|11.2 Kwh|8.08 Kwh|7.51 Kwh|20.38 Kwh|13.19 Kwh
2020-05-21T00:32:46-0300 [stdout#info] sensor_2 
2020-05-21T00:32:48-0300 [-] 127.0.0.1:49670 - sending MQTT PUBLISH REQUEST - Number of events: 23
2020-05-21T00:32:48-0300 [twisted.internet.endpoints.OneShotFactory#info] Starting factory <twisted.internet.endpoints.connectProtocol.<locals>.OneShotFactory object at 0x7fe04cae49b0>
2020-05-21T00:32:48-0300 [twisted.internet.endpoints.OneShotFactory#info] Stopping factory <twisted.internet.endpoints.connectProtocol.<locals>.OneShotFactory object at 0x7fe04caccb38>
2020-05-21T00:32:48-0300 [stdout#info] This divice have no simulation core instance
2020-05-21T00:32:48-0300 [twisted.internet.endpoints.OneShotFactory#info] Starting factory <twisted.internet.endpoints.connectProtocol.<locals>.OneShotFactory object at 0x7fe04cae4c50>
2020-05-21T00:32:48-0300 [twisted.internet.endpoints.OneShotFactory#info] Stopping factory <twisted.internet.endpoints.connectProtocol.<locals>.OneShotFactory object at 0x7fe04cae44e0>
2020-05-21T00:32:49-0300 [stdout#info] sensor_5 |4.14 Kwh|11.2 Kwh|20.38 Kwh|21.67 Kwh|8.08 Kwh|7.51 Kwh|10.11 Kwh|13.19 Kwh|11.48 Kwh
2020-05-21T00:32:49-0300 [stdout#info] sensor_5 
2020-05-21T00:32:49-0300 [stdout#info] sensor_1 |4.46 Kwh|11.39 Kwh|12.55 Kwh|13.18 Kwh|18.22 Kwh
2020-05-21T00:32:49-0300 [stdout#info] sensor_1 
2020-05-21T00:32:49-0300 [stdout#info] sensor_7 |21.45 Kwh|12.6 Kwh|20.76 Kwh|3.91 Kwh|8.08 Kwh|8.25 Kwh|7.51 Kwh
2020-05-21T00:32:49-0300 [stdout#info] sensor_7 
2020-05-21T00:32:49-0300 [stdout#info] sensor_4 |2.66 Kwh|21.45 Kwh|4.14 Kwh|11.2 Kwh|12.6 Kwh|6.41 Kwh|7.43 Kwh|3.91 Kwh|8.08 Kwh|7.51 Kwh|20.38 Kwh|13.19 Kwh|21.67 Kwh
2020-05-21T00:32:49-0300 [stdout#info] sensor_4 
2020-05-21T00:32:49-0300 [stdout#info] sensor_3 |4.46 Kwh|11.39 Kwh|12.55 Kwh|13.18 Kwh|5.63 Kwh|18.22 Kwh
2020-05-21T00:32:49-0300 [stdout#info] sensor_3 
2020-05-21T00:32:49-0300 [stdout#info] sensor_6 |2.66 Kwh|6.41 Kwh|7.43 Kwh|14.58 Kwh|20.76 Kwh|8.08 Kwh|8.25 Kwh|7.51 Kwh|10.11 Kwh|11.48 Kwh
2020-05-21T00:32:49-0300 [stdout#info] sensor_6 
2020-05-21T00:32:49-0300 [stdout#info] sensor_9 |21.45 Kwh|11.55 Kwh|12.6 Kwh|6.41 Kwh|7.43 Kwh|14.58 Kwh|20.76 Kwh|3.91 Kwh|8.25 Kwh
2020-05-21T00:32:49-0300 [stdout#info] sensor_9 
2020-05-21T00:32:49-0300 [stdout#info] sensor_8 |4.14 Kwh|18.55 Kwh|6.41 Kwh|10.11 Kwh|7.43 Kwh|14.58 Kwh|21.67 Kwh|13.19 Kwh|11.48 Kwh
2020-05-21T00:32:49-0300 [stdout#info] sensor_8 
2020-05-21T00:32:49-0300 [stdout#info] sensor_2 |2.66 Kwh|4.14 Kwh|11.2 Kwh|8.08 Kwh|7.51 Kwh|14.63 Kwh|20.38 Kwh|13.19 Kwh|21.67 Kwh
2020-05-21T00:32:49-0300 [stdout#info] sensor_2 
2020-05-21T00:32:50-0300 [-] Received SIGINT, shutting down.
2020-05-21T00:32:50-0300 [twisted.internet.endpoints.OneShotFactory#info] Stopping factory <twisted.internet.endpoints.connectProtocol.<locals>.OneShotFactory object at 0x7fe04cacc780>
2020-05-21T00:32:50-0300 [twisted.internet.endpoints.OneShotFactory#info] Stopping factory <twisted.internet.endpoints.connectProtocol.<locals>.OneShotFactory object at 0x7fe04cae4c50>
2020-05-21T00:32:50-0300 [applications.mqttapp.BrokerFactory] (TCP Port 5100 Closed)
2020-05-21T00:32:50-0300 [applications.routerapp.RouterFactory] (TCP Port 8081 Closed)
2020-05-21T00:32:50-0300 [twisted.internet.endpoints.OneShotFactory#info] Stopping factory <twisted.internet.endpoints.connectProtocol.<locals>.OneShotFactory object at 0x7fe04cabb0b8>
2020-05-21T00:32:50-0300 [twisted.internet.endpoints.OneShotFactory#info] Stopping factory <twisted.internet.endpoints.connectProtocol.<locals>.OneShotFactory object at 0x7fe04cae49b0>
2020-05-21T00:32:50-0300 [SubscriberApp,client] connection lost: Connection to the other side was lost in a non-clean fashion: Connection lost.
2020-05-21T00:32:50-0300 [SubscriberApp,client] connection lost - Number of events: 24
2020-05-21T00:32:50-0300 [SubscriberApp,client] connection lost: Connection to the other side was lost in a non-clean fashion: Connection lost.
2020-05-21T00:32:50-0300 [SubscriberApp,client] connection lost - Number of events: 25
2020-05-21T00:32:50-0300 [applications.accesspointapp.AccessPointFactory] (TCP Port 8082 Closed)
2020-05-21T00:32:50-0300 [PublisherApp,client] connection lost: Connection to the other side was lost in a non-clean fashion: Connection lost.
2020-05-21T00:32:50-0300 [PublisherApp,client] connection lost - Number of events: 26
2020-05-21T00:32:50-0300 [-] Main loop terminated.
