2020-05-24T17:54:25-0300 [-] Creating router ...
2020-05-24T17:54:25-0300 [-] Initializing Router - Number of events: 1
2020-05-24T17:54:25-0300 [-] RouterFactory starting on 8081
2020-05-24T17:54:25-0300 [-] Creating AccessPoint station ...
2020-05-24T17:54:25-0300 [-] Initializing Access Point - Number of events: 2
2020-05-24T17:54:26-0300 [-] AccessPointFactory starting on 8082
2020-05-24T17:54:26-0300 [-] Creating fog node ...
2020-05-24T17:54:26-0300 [-] Initializing Client - Number of events: 3
2020-05-24T17:54:26-0300 [-] Creating fog node ...
2020-05-24T17:54:26-0300 [-] Initializing Client - Number of events: 4
2020-05-24T17:54:27-0300 [-] Creating fog node ...
2020-05-24T17:54:27-0300 [-] Initializing Server - Number of events: 5
2020-05-24T17:54:27-0300 [-] BrokerFactory starting on 5100
2020-05-24T17:54:27-0300 [-] Creating iot node ...
2020-05-24T17:54:27-0300 [-] Initializing Client - Number of events: 6
2020-05-24T17:54:28-0300 [-] Initializing sink node - Number of events: 7
2020-05-24T17:54:28-0300 [-] Initializing sensor node - Number of events: 8
2020-05-24T17:54:29-0300 [-] Initializing sensor node - Number of events: 9
2020-05-24T17:54:29-0300 [-] Initializing sensor node - Number of events: 10
2020-05-24T17:54:30-0300 [-] Initializing sensor node - Number of events: 11
2020-05-24T17:54:30-0300 [-] Initializing sensor node - Number of events: 12
2020-05-24T17:54:31-0300 [-] Initializing sensor node - Number of events: 13
2020-05-24T17:54:31-0300 [-] Initializing sensor node - Number of events: 14
2020-05-24T17:54:32-0300 [-] Initializing sensor node - Number of events: 15
2020-05-24T17:54:32-0300 [-] Initializing sensor node - Number of events: 16
2020-05-24T17:54:33-0300 [stdout#info] ========= sensor_6 ==========
2020-05-24T17:54:33-0300 [stdout#info] sensor_6  <------->  sensor_5
2020-05-24T17:54:33-0300 [stdout#info] =============================
2020-05-24T17:54:33-0300 [stdout#info] sensor_6 |15.0 Kwh
2020-05-24T17:54:33-0300 [stdout#info] ========= sensor_9 ==========
2020-05-24T17:54:33-0300 [stdout#info] =============================
2020-05-24T17:54:33-0300 [stdout#info] sensor_9 |14.27 Kwh
2020-05-24T17:54:33-0300 [stdout#info] ========= sensor_1 ==========
2020-05-24T17:54:33-0300 [stdout#info] sensor_1  <------->  wsn_sink
2020-05-24T17:54:33-0300 [stdout#info] sensor_1  <------->  sensor_3
2020-05-24T17:54:33-0300 [stdout#info] =============================
2020-05-24T17:54:33-0300 [stdout#info] sensor_1 |16.28 Kwh
2020-05-24T17:54:33-0300 [stdout#info] ========= sensor_2 ==========
2020-05-24T17:54:33-0300 [stdout#info] =============================
2020-05-24T17:54:33-0300 [stdout#info] sensor_2 |3.5 Kwh
2020-05-24T17:54:33-0300 [stdout#info] ========= sensor_5 ==========
2020-05-24T17:54:33-0300 [stdout#info] sensor_5  <------->  sensor_6
2020-05-24T17:54:33-0300 [stdout#info] =============================
2020-05-24T17:54:33-0300 [stdout#info] sensor_5 |15.59 Kwh|15.0 Kwh
2020-05-24T17:54:33-0300 [stdout#info] ========= sensor_8 ==========
2020-05-24T17:54:33-0300 [stdout#info] sensor_8  <------->  sensor_7
2020-05-24T17:54:33-0300 [stdout#info] =============================
2020-05-24T17:54:33-0300 [stdout#info] sensor_8 |12.56 Kwh
2020-05-24T17:54:33-0300 [stdout#info] ========= sensor_7 ==========
2020-05-24T17:54:33-0300 [stdout#info] sensor_7  <------->  sensor_8
2020-05-24T17:54:33-0300 [stdout#info] =============================
2020-05-24T17:54:33-0300 [stdout#info] sensor_7 |12.56 Kwh|18.66 Kwh
2020-05-24T17:54:33-0300 [stdout#info] ========= sensor_4 ==========
2020-05-24T17:54:33-0300 [stdout#info] sensor_4  <------->  sensor_3
2020-05-24T17:54:33-0300 [stdout#info] =============================
2020-05-24T17:54:33-0300 [stdout#info] sensor_4 |5.86 Kwh
2020-05-24T17:54:33-0300 [stdout#info] ========= sensor_3 ==========
2020-05-24T17:54:33-0300 [stdout#info] sensor_3  <------->  sensor_1
2020-05-24T17:54:33-0300 [stdout#info] sensor_3  <------->  sensor_4
2020-05-24T17:54:33-0300 [stdout#info] =============================
2020-05-24T17:54:33-0300 [stdout#info] sensor_3 |16.28 Kwh|5.86 Kwh|19.69 Kwh
2020-05-24T17:54:33-0300 [stdout#info] This divice have no simulation core instance
2020-05-24T17:54:33-0300 [stdout#info] This divice have no simulation core instance
2020-05-24T17:54:33-0300 [stdout#info] This divice have no simulation core instance
2020-05-24T17:54:33-0300 [stdout#info] This divice have no simulation core instance
2020-05-24T17:54:33-0300 [stdout#info] This divice have no simulation core instance
2020-05-24T17:54:33-0300 [Uninitialized] 127.0.0.1:33884 - Connected to mqtt broker - Number of events: 17
2020-05-24T17:54:33-0300 [Uninitialized] 127.0.0.1:33884 - sending MQTT SUBSCRIBE REQUEST - Number of events: 18
2020-05-24T17:54:33-0300 [Uninitialized] 127.0.0.1:33886 - Connected to mqtt broker - Number of events: 19
2020-05-24T17:54:33-0300 [Uninitialized] 127.0.0.1:33886 - sending MQTT SUBSCRIBE REQUEST - Number of events: 20
2020-05-24T17:54:33-0300 [Uninitialized] 127.0.0.1:56864 - Connected to mqtt broker - Number of events: 21
2020-05-24T17:54:33-0300 [Uninitialized] 127.0.0.1:56864 - sending MQTT PUBLISH REQUEST - Number of events: 22
2020-05-24T17:54:33-0300 [twisted.internet.endpoints.OneShotFactory#info] Starting factory <twisted.internet.endpoints.connectProtocol.<locals>.OneShotFactory object at 0x7f0630159630>
2020-05-24T17:54:33-0300 [twisted.internet.endpoints.OneShotFactory#info] Starting factory <twisted.internet.endpoints.connectProtocol.<locals>.OneShotFactory object at 0x7f0630159438>
2020-05-24T17:54:33-0300 [twisted.internet.endpoints.OneShotFactory#info] Starting factory <twisted.internet.endpoints.connectProtocol.<locals>.OneShotFactory object at 0x7f062e21f1d0>
2020-05-24T17:54:33-0300 [stdout#info] This divice have no simulation core instance
2020-05-24T17:54:33-0300 [twisted.internet.endpoints.OneShotFactory#info] Starting factory <twisted.internet.endpoints.connectProtocol.<locals>.OneShotFactory object at 0x7f062e21f940>
2020-05-24T17:54:36-0300 [stdout#info] sensor_6 |15.59 Kwh|5.81 Kwh
2020-05-24T17:54:36-0300 [stdout#info] sensor_9 |22.17 Kwh
2020-05-24T17:54:36-0300 [stdout#info] sensor_1 |11.19 Kwh|19.69 Kwh
2020-05-24T17:54:36-0300 [stdout#info] sensor_2 |6.48 Kwh
2020-05-24T17:54:36-0300 [stdout#info] sensor_5 |4.19 Kwh|5.81 Kwh
2020-05-24T17:54:36-0300 [stdout#info] sensor_8 |18.66 Kwh|13.31 Kwh
2020-05-24T17:54:36-0300 [stdout#info] sensor_7 |13.31 Kwh|15.13 Kwh
2020-05-24T17:54:36-0300 [stdout#info] sensor_4 |21.63 Kwh|19.69 Kwh
2020-05-24T17:54:36-0300 [stdout#info] sensor_3 |11.19 Kwh|21.63 Kwh|8.78 Kwh
2020-05-24T17:54:38-0300 [-] 127.0.0.1:56864 - sending MQTT PUBLISH REQUEST - Number of events: 23
2020-05-24T17:54:38-0300 [twisted.internet.endpoints.OneShotFactory#info] Starting factory <twisted.internet.endpoints.connectProtocol.<locals>.OneShotFactory object at 0x7f062e21feb8>
2020-05-24T17:54:38-0300 [twisted.internet.endpoints.OneShotFactory#info] Stopping factory <twisted.internet.endpoints.connectProtocol.<locals>.OneShotFactory object at 0x7f062e21f1d0>
2020-05-24T17:54:38-0300 [stdout#info] This divice have no simulation core instance
2020-05-24T17:54:38-0300 [twisted.internet.endpoints.OneShotFactory#info] Starting factory <twisted.internet.endpoints.connectProtocol.<locals>.OneShotFactory object at 0x7f062f8ed048>
2020-05-24T17:54:38-0300 [twisted.internet.endpoints.OneShotFactory#info] Stopping factory <twisted.internet.endpoints.connectProtocol.<locals>.OneShotFactory object at 0x7f062e21f940>
2020-05-24T17:54:39-0300 [stdout#info] sensor_6 |4.19 Kwh|8.35 Kwh
2020-05-24T17:54:39-0300 [stdout#info] sensor_9 |17.54 Kwh
2020-05-24T17:54:39-0300 [stdout#info] sensor_1 |19.19 Kwh|8.78 Kwh
2020-05-24T17:54:39-0300 [stdout#info] sensor_2 |4.83 Kwh
2020-05-24T17:54:39-0300 [stdout#info] sensor_5 |16.36 Kwh|8.35 Kwh
2020-05-24T17:54:39-0300 [stdout#info] sensor_8 |15.13 Kwh|3.93 Kwh
2020-05-24T17:54:39-0300 [stdout#info] sensor_7 |17.29 Kwh|3.93 Kwh
2020-05-24T17:54:39-0300 [stdout#info] sensor_4 |8.81 Kwh|8.78 Kwh
2020-05-24T17:54:39-0300 [stdout#info] sensor_3 |8.81 Kwh|3.81 Kwh|19.19 Kwh
2020-05-24T17:54:42-0300 [stdout#info] sensor_6 |16.36 Kwh|12.85 Kwh
2020-05-24T17:54:42-0300 [stdout#info] sensor_9 |14.48 Kwh
2020-05-24T17:54:42-0300 [stdout#info] sensor_1 |3.81 Kwh|12.02 Kwh
2020-05-24T17:54:42-0300 [stdout#info] sensor_2 |4.28 Kwh
2020-05-24T17:54:42-0300 [stdout#info] sensor_5 |12.85 Kwh|8.46 Kwh
2020-05-24T17:54:42-0300 [stdout#info] sensor_8 |17.29 Kwh|13.44 Kwh
2020-05-24T17:54:42-0300 [stdout#info] sensor_7 |19.86 Kwh|13.44 Kwh
2020-05-24T17:54:42-0300 [stdout#info] sensor_4 |3.81 Kwh|8.29 Kwh
2020-05-24T17:54:42-0300 [stdout#info] sensor_3 |9.4 Kwh|12.02 Kwh|8.29 Kwh
2020-05-24T17:54:43-0300 [-] 127.0.0.1:56864 - sending MQTT PUBLISH REQUEST - Number of events: 24
2020-05-24T17:54:43-0300 [twisted.internet.endpoints.OneShotFactory#info] Starting factory <twisted.internet.endpoints.connectProtocol.<locals>.OneShotFactory object at 0x7f062f8ed358>
2020-05-24T17:54:43-0300 [twisted.internet.endpoints.OneShotFactory#info] Stopping factory <twisted.internet.endpoints.connectProtocol.<locals>.OneShotFactory object at 0x7f062e21feb8>
2020-05-24T17:54:43-0300 [stdout#info] This divice have no simulation core instance
2020-05-24T17:54:43-0300 [twisted.internet.endpoints.OneShotFactory#info] Starting factory <twisted.internet.endpoints.connectProtocol.<locals>.OneShotFactory object at 0x7f062f8ed588>
2020-05-24T17:54:45-0300 [stdout#info] sensor_6 |5.72 Kwh|8.46 Kwh
2020-05-24T17:54:45-0300 [stdout#info] sensor_9 |9.84 Kwh
2020-05-24T17:54:45-0300 [stdout#info] sensor_1 |9.4 Kwh|3.42 Kwh
2020-05-24T17:54:45-0300 [stdout#info] sensor_2 |9.49 Kwh
2020-05-24T17:54:45-0300 [stdout#info] sensor_5 |5.72 Kwh|4.78 Kwh
2020-05-24T17:54:45-0300 [stdout#info] sensor_8 |13.09 Kwh|19.86 Kwh
2020-05-24T17:54:45-0300 [stdout#info] sensor_7 |13.09 Kwh|21.85 Kwh
2020-05-24T17:54:45-0300 [stdout#info] sensor_4 |11.57 Kwh|9.4 Kwh
2020-05-24T17:54:45-0300 [stdout#info] sensor_3 |11.57 Kwh|8.95 Kwh|3.42 Kwh
2020-05-24T17:54:48-0300 [-] 127.0.0.1:56864 - sending MQTT PUBLISH REQUEST - Number of events: 25
2020-05-24T17:54:48-0300 [twisted.internet.endpoints.OneShotFactory#info] Starting factory <twisted.internet.endpoints.connectProtocol.<locals>.OneShotFactory object at 0x7f062f8ed978>
2020-05-24T17:54:48-0300 [twisted.internet.endpoints.OneShotFactory#info] Stopping factory <twisted.internet.endpoints.connectProtocol.<locals>.OneShotFactory object at 0x7f062f8ed358>
2020-05-24T17:54:48-0300 [stdout#info] This divice have no simulation core instance
2020-05-24T17:54:48-0300 [twisted.internet.endpoints.OneShotFactory#info] Starting factory <twisted.internet.endpoints.connectProtocol.<locals>.OneShotFactory object at 0x7f062f8edb38>
2020-05-24T17:54:48-0300 [stdout#info] sensor_6 |13.48 Kwh|4.78 Kwh
2020-05-24T17:54:48-0300 [stdout#info] sensor_9 |17.42 Kwh
2020-05-24T17:54:48-0300 [stdout#info] sensor_1 |5.39 Kwh|8.95 Kwh
2020-05-24T17:54:48-0300 [stdout#info] sensor_2 |18.27 Kwh
2020-05-24T17:54:48-0300 [stdout#info] sensor_5 |9.22 Kwh|13.48 Kwh
2020-05-24T17:54:48-0300 [stdout#info] sensor_8 |21.85 Kwh|5.59 Kwh
2020-05-24T17:54:48-0300 [stdout#info] sensor_7 |21.29 Kwh|5.59 Kwh
2020-05-24T17:54:48-0300 [stdout#info] sensor_4 |9.33 Kwh|8.95 Kwh
2020-05-24T17:54:48-0300 [stdout#info] sensor_3 |19.23 Kwh|5.39 Kwh|9.33 Kwh
2020-05-24T17:54:51-0300 [stdout#info] sensor_6 |9.22 Kwh|20.41 Kwh
2020-05-24T17:54:51-0300 [stdout#info] sensor_9 |8.71 Kwh
2020-05-24T17:54:51-0300 [stdout#info] sensor_1 |19.23 Kwh|4.37 Kwh
2020-05-24T17:54:51-0300 [stdout#info] sensor_2 |7.3 Kwh
2020-05-24T17:54:51-0300 [stdout#info] sensor_5 |14.46 Kwh|20.41 Kwh
2020-05-24T17:54:51-0300 [stdout#info] sensor_8 |21.29 Kwh|12.9 Kwh
2020-05-24T17:54:51-0300 [stdout#info] sensor_7 |4.23 Kwh|12.9 Kwh
2020-05-24T17:54:51-0300 [stdout#info] sensor_4 |19.23 Kwh|8.5 Kwh
2020-05-24T17:54:51-0300 [stdout#info] sensor_3 |13.25 Kwh|4.37 Kwh|8.5 Kwh
2020-05-24T17:54:53-0300 [-] 127.0.0.1:56864 - sending MQTT PUBLISH REQUEST - Number of events: 26
2020-05-24T17:54:53-0300 [twisted.internet.endpoints.OneShotFactory#info] Starting factory <twisted.internet.endpoints.connectProtocol.<locals>.OneShotFactory object at 0x7f062f8ed940>
2020-05-24T17:54:53-0300 [twisted.internet.endpoints.OneShotFactory#info] Stopping factory <twisted.internet.endpoints.connectProtocol.<locals>.OneShotFactory object at 0x7f062f8ed978>
2020-05-24T17:54:53-0300 [stdout#info] This divice have no simulation core instance
2020-05-24T17:54:53-0300 [twisted.internet.endpoints.OneShotFactory#info] Starting factory <twisted.internet.endpoints.connectProtocol.<locals>.OneShotFactory object at 0x7f062f8a9048>
2020-05-24T17:54:54-0300 [stdout#info] sensor_6 |6.35 Kwh|14.46 Kwh
2020-05-24T17:54:54-0300 [stdout#info] sensor_9 |5.37 Kwh
2020-05-24T17:54:54-0300 [stdout#info] sensor_1 |5.69 Kwh|13.25 Kwh
2020-05-24T17:54:54-0300 [stdout#info] sensor_2 |10.7 Kwh
2020-05-24T17:54:54-0300 [stdout#info] sensor_5 |6.35 Kwh|21.26 Kwh
2020-05-24T17:54:54-0300 [stdout#info] sensor_8 |4.38 Kwh|4.23 Kwh
2020-05-24T17:54:54-0300 [stdout#info] sensor_7 |4.38 Kwh|21.77 Kwh
2020-05-24T17:54:54-0300 [stdout#info] sensor_4 |20.02 Kwh|13.25 Kwh
2020-05-24T17:54:54-0300 [stdout#info] sensor_3 |5.69 Kwh|20.02 Kwh|8.72 Kwh
2020-05-24T17:54:57-0300 [stdout#info] sensor_6 |21.26 Kwh|15.9 Kwh
2020-05-24T17:54:57-0300 [stdout#info] sensor_9 |9.72 Kwh
2020-05-24T17:54:57-0300 [stdout#info] sensor_1 |18.15 Kwh|8.72 Kwh
2020-05-24T17:54:57-0300 [stdout#info] sensor_2 |17.68 Kwh
2020-05-24T17:54:57-0300 [stdout#info] sensor_5 |15.9 Kwh|19.14 Kwh
2020-05-24T17:54:57-0300 [stdout#info] sensor_8 |14.72 Kwh|21.77 Kwh
2020-05-24T17:54:57-0300 [stdout#info] sensor_7 |14.72 Kwh|10.26 Kwh
2020-05-24T17:54:57-0300 [stdout#info] sensor_4 |17.43 Kwh|8.72 Kwh
2020-05-24T17:54:57-0300 [stdout#info] sensor_3 |12.57 Kwh|18.15 Kwh|17.43 Kwh
2020-05-24T17:54:58-0300 [-] 127.0.0.1:56864 - sending MQTT PUBLISH REQUEST - Number of events: 27
2020-05-24T17:54:58-0300 [twisted.internet.endpoints.OneShotFactory#info] Starting factory <twisted.internet.endpoints.connectProtocol.<locals>.OneShotFactory object at 0x7f062f8a9160>
2020-05-24T17:54:58-0300 [twisted.internet.endpoints.OneShotFactory#info] Stopping factory <twisted.internet.endpoints.connectProtocol.<locals>.OneShotFactory object at 0x7f062f8ed940>
2020-05-24T17:54:58-0300 [stdout#info] This divice have no simulation core instance
2020-05-24T17:54:58-0300 [twisted.internet.endpoints.OneShotFactory#info] Starting factory <twisted.internet.endpoints.connectProtocol.<locals>.OneShotFactory object at 0x7f062f8a9400>
2020-05-24T17:55:00-0300 [stdout#info] sensor_6 |21.19 Kwh|19.14 Kwh
2020-05-24T17:55:00-0300 [stdout#info] sensor_9 |19.79 Kwh
2020-05-24T17:55:00-0300 [stdout#info] sensor_1 |12.57 Kwh|13.15 Kwh
2020-05-24T17:55:00-0300 [stdout#info] sensor_2 |4.52 Kwh
2020-05-24T17:55:00-0300 [stdout#info] sensor_5 |21.19 Kwh|10.13 Kwh
2020-05-24T17:55:00-0300 [stdout#info] sensor_8 |10.26 Kwh|15.74 Kwh
2020-05-24T17:55:00-0300 [stdout#info] sensor_7 |12.28 Kwh|15.74 Kwh
2020-05-24T17:55:00-0300 [stdout#info] sensor_4 |17.25 Kwh|12.57 Kwh
2020-05-24T17:55:00-0300 [stdout#info] sensor_3 |17.25 Kwh|16.81 Kwh|13.15 Kwh
2020-05-24T17:55:02-0300 [-] Received SIGINT, shutting down.
2020-05-24T17:55:02-0300 [twisted.internet.endpoints.OneShotFactory#info] Stopping factory <twisted.internet.endpoints.connectProtocol.<locals>.OneShotFactory object at 0x7f062f8a9400>
2020-05-24T17:55:02-0300 [twisted.internet.endpoints.OneShotFactory#info] Stopping factory <twisted.internet.endpoints.connectProtocol.<locals>.OneShotFactory object at 0x7f062f8ed048>
2020-05-24T17:55:02-0300 [twisted.internet.endpoints.OneShotFactory#info] Stopping factory <twisted.internet.endpoints.connectProtocol.<locals>.OneShotFactory object at 0x7f062f8a9048>
2020-05-24T17:55:02-0300 [twisted.internet.endpoints.OneShotFactory#info] Stopping factory <twisted.internet.endpoints.connectProtocol.<locals>.OneShotFactory object at 0x7f062f8a9160>
2020-05-24T17:55:02-0300 [applications.mqttapp.BrokerFactory] (TCP Port 5100 Closed)
2020-05-24T17:55:02-0300 [twisted.internet.endpoints.OneShotFactory#info] Stopping factory <twisted.internet.endpoints.connectProtocol.<locals>.OneShotFactory object at 0x7f0630159438>
2020-05-24T17:55:02-0300 [applications.routerapp.RouterFactory] (TCP Port 8081 Closed)
2020-05-24T17:55:02-0300 [twisted.internet.endpoints.OneShotFactory#info] Stopping factory <twisted.internet.endpoints.connectProtocol.<locals>.OneShotFactory object at 0x7f062f8ed588>
2020-05-24T17:55:02-0300 [twisted.internet.endpoints.OneShotFactory#info] Stopping factory <twisted.internet.endpoints.connectProtocol.<locals>.OneShotFactory object at 0x7f0630159630>
2020-05-24T17:55:02-0300 [SubscriberApp,client] connection lost: Connection to the other side was lost in a non-clean fashion: Connection lost.
2020-05-24T17:55:02-0300 [SubscriberApp,client] connection lost - Number of events: 28
2020-05-24T17:55:02-0300 [SubscriberApp,client] connection lost: Connection to the other side was lost in a non-clean fashion: Connection lost.
2020-05-24T17:55:02-0300 [SubscriberApp,client] connection lost - Number of events: 29
2020-05-24T17:55:02-0300 [applications.accesspointapp.AccessPointFactory] (TCP Port 8082 Closed)
2020-05-24T17:55:02-0300 [twisted.internet.endpoints.OneShotFactory#info] Stopping factory <twisted.internet.endpoints.connectProtocol.<locals>.OneShotFactory object at 0x7f062f8edb38>
2020-05-24T17:55:02-0300 [PublisherApp,client] connection lost: Connection to the other side was lost in a non-clean fashion: Connection lost.
2020-05-24T17:55:02-0300 [PublisherApp,client] connection lost - Number of events: 30
2020-05-24T17:55:02-0300 [-] Main loop terminated.
