2020-05-24T22:34:56-0300 [-] Creating router ...
2020-05-24T22:34:56-0300 [-] Initializing Router - Number of events: 1
2020-05-24T22:34:56-0300 [-] RouterFactory starting on 8081
2020-05-24T22:34:56-0300 [-] Creating AccessPoint station ...
2020-05-24T22:34:56-0300 [-] Initializing Access Point - Number of events: 2
2020-05-24T22:34:57-0300 [-] AccessPointFactory starting on 8082
2020-05-24T22:34:57-0300 [-] Creating fog node ...
2020-05-24T22:34:57-0300 [-] Initializing Client - Number of events: 3
2020-05-24T22:34:57-0300 [-] Creating fog node ...
2020-05-24T22:34:57-0300 [-] Initializing Client - Number of events: 4
2020-05-24T22:34:58-0300 [-] Creating fog node ...
2020-05-24T22:34:58-0300 [-] Initializing Server - Number of events: 5
2020-05-24T22:34:58-0300 [-] BrokerFactory starting on 5100
2020-05-24T22:34:58-0300 [-] Creating iot node ...
2020-05-24T22:34:58-0300 [-] Initializing Client - Number of events: 6
2020-05-24T22:34:59-0300 [-] Initializing sink node - Number of events: 7
2020-05-24T22:34:59-0300 [-] Initializing sensor node - Number of events: 8
2020-05-24T22:35:00-0300 [-] Initializing sensor node - Number of events: 9
2020-05-24T22:35:00-0300 [-] Initializing sensor node - Number of events: 10
2020-05-24T22:35:01-0300 [-] Initializing sensor node - Number of events: 11
2020-05-24T22:35:01-0300 [-] Initializing sensor node - Number of events: 12
2020-05-24T22:35:02-0300 [-] Initializing sensor node - Number of events: 13
2020-05-24T22:35:02-0300 [-] Initializing sensor node - Number of events: 14
2020-05-24T22:35:03-0300 [-] Initializing sensor node - Number of events: 15
2020-05-24T22:35:03-0300 [-] Initializing sensor node - Number of events: 16
2020-05-24T22:35:04-0300 [stdout#info] ========= sensor_8 ==========
2020-05-24T22:35:04-0300 [stdout#info] sensor_8  <------->  sensor_7
2020-05-24T22:35:04-0300 [stdout#info] =============================
2020-05-24T22:35:04-0300 [stdout#info] sensor_8 |14.04 Kwh
2020-05-24T22:35:04-0300 [stdout#info] ========= sensor_9 ==========
2020-05-24T22:35:04-0300 [stdout#info] =============================
2020-05-24T22:35:04-0300 [stdout#info] sensor_9 |9.35 Kwh
2020-05-24T22:35:04-0300 [stdout#info] ========= sensor_4 ==========
2020-05-24T22:35:04-0300 [stdout#info] sensor_4  <------->  sensor_3
2020-05-24T22:35:04-0300 [stdout#info] =============================
2020-05-24T22:35:04-0300 [stdout#info] sensor_4 |19.48 Kwh
2020-05-24T22:35:04-0300 [stdout#info] ========= sensor_7 ==========
2020-05-24T22:35:04-0300 [stdout#info] sensor_7  <------->  sensor_8
2020-05-24T22:35:04-0300 [stdout#info] =============================
2020-05-24T22:35:04-0300 [stdout#info] sensor_7 |14.04 Kwh|17.11 Kwh
2020-05-24T22:35:04-0300 [stdout#info] ========= sensor_6 ==========
2020-05-24T22:35:04-0300 [stdout#info] sensor_6  <------->  sensor_5
2020-05-24T22:35:04-0300 [stdout#info] =============================
2020-05-24T22:35:04-0300 [stdout#info] sensor_6 |21.04 Kwh
2020-05-24T22:35:04-0300 [stdout#info] ========= sensor_3 ==========
2020-05-24T22:35:04-0300 [stdout#info] sensor_3  <------->  sensor_1
2020-05-24T22:35:04-0300 [stdout#info] sensor_3  <------->  sensor_4
2020-05-24T22:35:04-0300 [stdout#info] =============================
2020-05-24T22:35:04-0300 [stdout#info] sensor_3 |12.7 Kwh|19.48 Kwh
2020-05-24T22:35:04-0300 [stdout#info] ========= sensor_1 ==========
2020-05-24T22:35:04-0300 [stdout#info] sensor_1  <------->  wsn_sink
2020-05-24T22:35:04-0300 [stdout#info] sensor_1  <------->  sensor_3
2020-05-24T22:35:04-0300 [stdout#info] =============================
2020-05-24T22:35:04-0300 [stdout#info] sensor_1 |20.6 Kwh|12.7 Kwh
2020-05-24T22:35:04-0300 [stdout#info] ========= sensor_2 ==========
2020-05-24T22:35:04-0300 [stdout#info] =============================
2020-05-24T22:35:04-0300 [stdout#info] sensor_2 |21.83 Kwh
2020-05-24T22:35:04-0300 [stdout#info] ========= sensor_5 ==========
2020-05-24T22:35:04-0300 [stdout#info] sensor_5  <------->  sensor_6
2020-05-24T22:35:04-0300 [stdout#info] =============================
2020-05-24T22:35:04-0300 [stdout#info] sensor_5 |4.95 Kwh|21.04 Kwh
2020-05-24T22:35:04-0300 [stdout#info] This divice have no simulation core instance
2020-05-24T22:35:04-0300 [stdout#info] This divice have no simulation core instance
2020-05-24T22:35:04-0300 [stdout#info] This divice have no simulation core instance
2020-05-24T22:35:04-0300 [stdout#info] This divice have no simulation core instance
2020-05-24T22:35:04-0300 [stdout#info] This divice have no simulation core instance
2020-05-24T22:35:04-0300 [Uninitialized] 127.0.0.1:38640 - Connected to mqtt broker - Number of events: 17
2020-05-24T22:35:04-0300 [Uninitialized] 127.0.0.1:38640 - sending MQTT SUBSCRIBE REQUEST - Number of events: 18
2020-05-24T22:35:04-0300 [Uninitialized] 127.0.0.1:38642 - Connected to mqtt broker - Number of events: 19
2020-05-24T22:35:04-0300 [Uninitialized] 127.0.0.1:38642 - sending MQTT SUBSCRIBE REQUEST - Number of events: 20
2020-05-24T22:35:04-0300 [Uninitialized] 127.0.0.1:33388 - Connected to mqtt broker - Number of events: 21
2020-05-24T22:35:04-0300 [Uninitialized] 127.0.0.1:33388 - sending MQTT PUBLISH REQUEST - Number of events: 22
2020-05-24T22:35:04-0300 [twisted.internet.endpoints.OneShotFactory#info] Starting factory <twisted.internet.endpoints.connectProtocol.<locals>.OneShotFactory object at 0x7f39fff0f7b8>
2020-05-24T22:35:04-0300 [twisted.internet.endpoints.OneShotFactory#info] Starting factory <twisted.internet.endpoints.connectProtocol.<locals>.OneShotFactory object at 0x7f39fdfd56a0>
2020-05-24T22:35:04-0300 [twisted.internet.endpoints.OneShotFactory#info] Starting factory <twisted.internet.endpoints.connectProtocol.<locals>.OneShotFactory object at 0x7f39fdfd5630>
2020-05-24T22:35:04-0300 [stdout#info] This divice have no simulation core instance
2020-05-24T22:35:04-0300 [twisted.internet.endpoints.OneShotFactory#info] Starting factory <twisted.internet.endpoints.connectProtocol.<locals>.OneShotFactory object at 0x7f39fdfd5cc0>
2020-05-24T22:35:07-0300 [stdout#info] sensor_8 |17.11 Kwh|16.62 Kwh
2020-05-24T22:35:07-0300 [stdout#info] sensor_9 |9.16 Kwh
2020-05-24T22:35:07-0300 [stdout#info] sensor_4 |12.7 Kwh|6.17 Kwh
2020-05-24T22:35:07-0300 [stdout#info] sensor_7 |16.62 Kwh|11.46 Kwh
2020-05-24T22:35:07-0300 [stdout#info] sensor_6 |4.18 Kwh|4.95 Kwh
2020-05-24T22:35:07-0300 [stdout#info] sensor_3 |6.17 Kwh|20.6 Kwh|16.39 Kwh
2020-05-24T22:35:07-0300 [stdout#info] sensor_1 |20.2 Kwh|16.39 Kwh
2020-05-24T22:35:07-0300 [stdout#info] sensor_2 |15.93 Kwh
2020-05-24T22:35:07-0300 [stdout#info] sensor_5 |11.73 Kwh|4.18 Kwh
2020-05-24T22:35:09-0300 [-] 127.0.0.1:33388 - sending MQTT PUBLISH REQUEST - Number of events: 23
2020-05-24T22:35:09-0300 [twisted.internet.endpoints.OneShotFactory#info] Starting factory <twisted.internet.endpoints.connectProtocol.<locals>.OneShotFactory object at 0x7f39ff69c208>
2020-05-24T22:35:09-0300 [twisted.internet.endpoints.OneShotFactory#info] Stopping factory <twisted.internet.endpoints.connectProtocol.<locals>.OneShotFactory object at 0x7f39fdfd5630>
2020-05-24T22:35:09-0300 [stdout#info] This divice have no simulation core instance
2020-05-24T22:35:09-0300 [twisted.internet.endpoints.OneShotFactory#info] Starting factory <twisted.internet.endpoints.connectProtocol.<locals>.OneShotFactory object at 0x7f39ff69c390>
2020-05-24T22:35:09-0300 [twisted.internet.endpoints.OneShotFactory#info] Stopping factory <twisted.internet.endpoints.connectProtocol.<locals>.OneShotFactory object at 0x7f39fdfd5cc0>
2020-05-24T22:35:10-0300 [stdout#info] sensor_8 |11.46 Kwh|19.18 Kwh
2020-05-24T22:35:10-0300 [stdout#info] sensor_9 |20.65 Kwh
2020-05-24T22:35:10-0300 [stdout#info] sensor_4 |4.48 Kwh|16.39 Kwh
2020-05-24T22:35:10-0300 [stdout#info] sensor_7 |4.04 Kwh|19.18 Kwh
2020-05-24T22:35:10-0300 [stdout#info] sensor_6 |11.73 Kwh|5.32 Kwh
2020-05-24T22:35:10-0300 [stdout#info] sensor_3 |4.48 Kwh|20.2 Kwh|14.87 Kwh
2020-05-24T22:35:10-0300 [stdout#info] sensor_1 |14.87 Kwh|12.73 Kwh
2020-05-24T22:35:10-0300 [stdout#info] sensor_2 |9.15 Kwh
2020-05-24T22:35:10-0300 [stdout#info] sensor_5 |17.09 Kwh|5.32 Kwh
2020-05-24T22:35:13-0300 [stdout#info] sensor_8 |4.04 Kwh|20.27 Kwh
2020-05-24T22:35:13-0300 [stdout#info] sensor_9 |22.32 Kwh
2020-05-24T22:35:13-0300 [stdout#info] sensor_4 |4.43 Kwh|14.87 Kwh
2020-05-24T22:35:13-0300 [stdout#info] sensor_7 |16.1 Kwh|20.27 Kwh
2020-05-24T22:35:13-0300 [stdout#info] sensor_6 |17.09 Kwh|8.48 Kwh
2020-05-24T22:35:13-0300 [stdout#info] sensor_3 |13.32 Kwh|12.73 Kwh|4.43 Kwh
2020-05-24T22:35:13-0300 [stdout#info] sensor_1 |13.54 Kwh|13.32 Kwh
2020-05-24T22:35:13-0300 [stdout#info] sensor_2 |19.96 Kwh
2020-05-24T22:35:13-0300 [stdout#info] sensor_5 |12.56 Kwh|8.48 Kwh
2020-05-24T22:35:14-0300 [-] 127.0.0.1:33388 - sending MQTT PUBLISH REQUEST - Number of events: 24
2020-05-24T22:35:14-0300 [twisted.internet.endpoints.OneShotFactory#info] Starting factory <twisted.internet.endpoints.connectProtocol.<locals>.OneShotFactory object at 0x7f39ff69c668>
2020-05-24T22:35:14-0300 [twisted.internet.endpoints.OneShotFactory#info] Stopping factory <twisted.internet.endpoints.connectProtocol.<locals>.OneShotFactory object at 0x7f39ff69c208>
2020-05-24T22:35:14-0300 [stdout#info] This divice have no simulation core instance
2020-05-24T22:35:14-0300 [twisted.internet.endpoints.OneShotFactory#info] Starting factory <twisted.internet.endpoints.connectProtocol.<locals>.OneShotFactory object at 0x7f39ff69c898>
2020-05-24T22:35:16-0300 [stdout#info] sensor_8 |16.1 Kwh|10.28 Kwh
2020-05-24T22:35:16-0300 [stdout#info] sensor_9 |20.72 Kwh
2020-05-24T22:35:16-0300 [stdout#info] sensor_4 |13.32 Kwh|17.72 Kwh
2020-05-24T22:35:16-0300 [stdout#info] sensor_7 |14.05 Kwh|10.28 Kwh
2020-05-24T22:35:16-0300 [stdout#info] sensor_6 |12.56 Kwh|18.6 Kwh
2020-05-24T22:35:16-0300 [stdout#info] sensor_3 |8.22 Kwh|13.54 Kwh|17.72 Kwh
2020-05-24T22:35:16-0300 [stdout#info] sensor_1 |8.22 Kwh|15.11 Kwh
2020-05-24T22:35:16-0300 [stdout#info] sensor_2 |17.7 Kwh
2020-05-24T22:35:16-0300 [stdout#info] sensor_5 |18.6 Kwh|10.18 Kwh
2020-05-24T22:35:19-0300 [stdout#info] sensor_8 |9.91 Kwh|14.05 Kwh
2020-05-24T22:35:19-0300 [stdout#info] sensor_9 |6.83 Kwh
2020-05-24T22:35:19-0300 [stdout#info] sensor_4 |8.22 Kwh|3.66 Kwh
2020-05-24T22:35:19-0300 [stdout#info] sensor_7 |20.08 Kwh|9.91 Kwh
2020-05-24T22:35:19-0300 [stdout#info] sensor_6 |7.8 Kwh|10.18 Kwh
2020-05-24T22:35:19-0300 [stdout#info] sensor_3 |15.11 Kwh|3.66 Kwh|10.45 Kwh
2020-05-24T22:35:19-0300 [stdout#info] sensor_1 |10.45 Kwh|20.9 Kwh
2020-05-24T22:35:19-0300 [stdout#info] sensor_2 |3.91 Kwh
2020-05-24T22:35:19-0300 [stdout#info] sensor_5 |7.8 Kwh|11.8 Kwh
2020-05-24T22:35:19-0300 [-] 127.0.0.1:33388 - sending MQTT PUBLISH REQUEST - Number of events: 25
2020-05-24T22:35:19-0300 [twisted.internet.endpoints.OneShotFactory#info] Starting factory <twisted.internet.endpoints.connectProtocol.<locals>.OneShotFactory object at 0x7f39ff69cb38>
2020-05-24T22:35:19-0300 [twisted.internet.endpoints.OneShotFactory#info] Stopping factory <twisted.internet.endpoints.connectProtocol.<locals>.OneShotFactory object at 0x7f39ff69c668>
2020-05-24T22:35:19-0300 [stdout#info] This divice have no simulation core instance
2020-05-24T22:35:19-0300 [twisted.internet.endpoints.OneShotFactory#info] Starting factory <twisted.internet.endpoints.connectProtocol.<locals>.OneShotFactory object at 0x7f39ff69cef0>
2020-05-24T22:35:20-0300 [-] Received SIGINT, shutting down.
2020-05-24T22:35:20-0300 [twisted.internet.endpoints.OneShotFactory#info] Stopping factory <twisted.internet.endpoints.connectProtocol.<locals>.OneShotFactory object at 0x7f39fff0f7b8>
2020-05-24T22:35:20-0300 [twisted.internet.endpoints.OneShotFactory#info] Stopping factory <twisted.internet.endpoints.connectProtocol.<locals>.OneShotFactory object at 0x7f39ff69cb38>
2020-05-24T22:35:20-0300 [twisted.internet.endpoints.OneShotFactory#info] Stopping factory <twisted.internet.endpoints.connectProtocol.<locals>.OneShotFactory object at 0x7f39ff69c390>
2020-05-24T22:35:20-0300 [applications.mqttapp.BrokerFactory] (TCP Port 5100 Closed)
2020-05-24T22:35:20-0300 [twisted.internet.endpoints.OneShotFactory#info] Stopping factory <twisted.internet.endpoints.connectProtocol.<locals>.OneShotFactory object at 0x7f39ff69c898>
2020-05-24T22:35:20-0300 [SubscriberApp,client] connection lost: Connection to the other side was lost in a non-clean fashion: Connection lost.
2020-05-24T22:35:20-0300 [SubscriberApp,client] connection lost - Number of events: 26
2020-05-24T22:35:20-0300 [SubscriberApp,client] connection lost: Connection to the other side was lost in a non-clean fashion: Connection lost.
2020-05-24T22:35:20-0300 [SubscriberApp,client] connection lost - Number of events: 27
2020-05-24T22:35:20-0300 [applications.routerapp.RouterFactory] (TCP Port 8081 Closed)
2020-05-24T22:35:20-0300 [applications.accesspointapp.AccessPointFactory] (TCP Port 8082 Closed)
2020-05-24T22:35:20-0300 [PublisherApp,client] connection lost: Connection to the other side was lost in a non-clean fashion: Connection lost.
2020-05-24T22:35:20-0300 [PublisherApp,client] connection lost - Number of events: 28
2020-05-24T22:35:20-0300 [twisted.internet.endpoints.OneShotFactory#info] Stopping factory <twisted.internet.endpoints.connectProtocol.<locals>.OneShotFactory object at 0x7f39fdfd56a0>
2020-05-24T22:35:20-0300 [twisted.internet.endpoints.OneShotFactory#info] Stopping factory <twisted.internet.endpoints.connectProtocol.<locals>.OneShotFactory object at 0x7f39ff69cef0>
2020-05-24T22:35:20-0300 [-] Main loop terminated.
