2020-05-18T21:48:51-0300 [-] Creating router ...
2020-05-18T21:48:51-0300 [-] Initializing Router - Number of events: 1
2020-05-18T21:48:51-0300 [-] RouterFactory starting on 8081
2020-05-18T21:48:51-0300 [-] Creating AccessPoint station ...
2020-05-18T21:48:51-0300 [-] Initializing Access Point - Number of events: 2
2020-05-18T21:48:52-0300 [-] AccessPointFactory starting on 8082
2020-05-18T21:48:52-0300 [-] Creating fog node ...
2020-05-18T21:48:52-0300 [-] Initializing Client - Number of events: 3
2020-05-18T21:48:52-0300 [-] Creating fog node ...
2020-05-18T21:48:52-0300 [-] Initializing Client - Number of events: 4
2020-05-18T21:48:53-0300 [-] Creating fog node ...
2020-05-18T21:48:53-0300 [-] Initializing Server - Number of events: 5
2020-05-18T21:48:53-0300 [-] BrokerFactory starting on 5100
2020-05-18T21:48:53-0300 [-] Creating iot node ...
2020-05-18T21:48:53-0300 [-] Initializing Client - Number of events: 6
2020-05-18T21:48:54-0300 [-] Initializing sensor node - Number of events: 7
2020-05-18T21:48:54-0300 [-] Initializing sensor node - Number of events: 8
2020-05-18T21:48:55-0300 [-] Initializing sensor node - Number of events: 9
2020-05-18T21:48:55-0300 [-] Initializing sensor node - Number of events: 10
2020-05-18T21:48:56-0300 [-] Initializing sensor node - Number of events: 11
2020-05-18T21:48:56-0300 [-] Initializing sensor node - Number of events: 12
2020-05-18T21:48:57-0300 [-] Initializing sensor node - Number of events: 13
2020-05-18T21:48:57-0300 [-] Initializing sensor node - Number of events: 14
2020-05-18T21:48:58-0300 [-] Initializing sensor node - Number of events: 15
2020-05-18T21:48:58-0300 [-] Initializing sensor node - Number of events: 16
2020-05-18T21:48:59-0300 [stdout#info] ========= sensor_8 ==========
2020-05-18T21:48:59-0300 [stdout#info] sensor_8  <------->  sensor_6
2020-05-18T21:48:59-0300 [stdout#info] sensor_8  <------->  sensor_5
2020-05-18T21:48:59-0300 [stdout#info] =============================
2020-05-18T21:48:59-0300 [stdout#info] ========= sensor_2 ==========
2020-05-18T21:48:59-0300 [stdout#info] sensor_2  <------->  sensor_4
2020-05-18T21:48:59-0300 [stdout#info] sensor_2  <------->  sensor_5
2020-05-18T21:48:59-0300 [stdout#info] =============================
2020-05-18T21:48:59-0300 [stdout#info] ========= sensor_5 ==========
2020-05-18T21:48:59-0300 [stdout#info] sensor_5  <------->  sensor_8
2020-05-18T21:48:59-0300 [stdout#info] sensor_5  <------->  sensor_2
2020-05-18T21:48:59-0300 [stdout#info] sensor_5  <------->  sensor_4
2020-05-18T21:48:59-0300 [stdout#info] =============================
2020-05-18T21:48:59-0300 [stdout#info] ========= sensor_4 ==========
2020-05-18T21:48:59-0300 [stdout#info] sensor_4  <------->  sensor_2
2020-05-18T21:48:59-0300 [stdout#info] sensor_4  <------->  sensor_5
2020-05-18T21:48:59-0300 [stdout#info] sensor_4  <------->  sensor_7
2020-05-18T21:48:59-0300 [stdout#info] sensor_4  <------->  sensor_6
2020-05-18T21:48:59-0300 [stdout#info] =============================
2020-05-18T21:48:59-0300 [stdout#info] ========= sensor_7 ==========
2020-05-18T21:48:59-0300 [stdout#info] sensor_7  <------->  sensor_4
2020-05-18T21:48:59-0300 [stdout#info] sensor_7  <------->  sensor_9
2020-05-18T21:48:59-0300 [stdout#info] =============================
2020-05-18T21:48:59-0300 [stdout#info] ========= sensor_1 ==========
2020-05-18T21:48:59-0300 [stdout#info] sensor_1  <------->  wsn_sink
2020-05-18T21:48:59-0300 [stdout#info] sensor_1  <------->  sensor_3
2020-05-18T21:48:59-0300 [stdout#info] =============================
2020-05-18T21:48:59-0300 [stdout#info] ========= sensor_9 ==========
2020-05-18T21:48:59-0300 [stdout#info] sensor_9  <------->  sensor_6
2020-05-18T21:48:59-0300 [stdout#info] sensor_9  <------->  sensor_7
2020-05-18T21:48:59-0300 [stdout#info] =============================
2020-05-18T21:48:59-0300 [stdout#info] ========= sensor_3 ==========
2020-05-18T21:48:59-0300 [stdout#info] sensor_3  <------->  sensor_1
2020-05-18T21:48:59-0300 [stdout#info] =============================
2020-05-18T21:48:59-0300 [stdout#info] ========= sensor_6 ==========
2020-05-18T21:48:59-0300 [stdout#info] sensor_6  <------->  sensor_8
2020-05-18T21:48:59-0300 [stdout#info] sensor_6  <------->  sensor_4
2020-05-18T21:48:59-0300 [stdout#info] sensor_6  <------->  sensor_9
2020-05-18T21:48:59-0300 [stdout#info] =============================
2020-05-18T21:48:59-0300 [stdout#info] This divice have no simulation core instance
2020-05-18T21:48:59-0300 [stdout#info] This divice have no simulation core instance
2020-05-18T21:48:59-0300 [stdout#info] This divice have no simulation core instance
2020-05-18T21:48:59-0300 [stdout#info] This divice have no simulation core instance
2020-05-18T21:48:59-0300 [stdout#info] This divice have no simulation core instance
2020-05-18T21:48:59-0300 [Uninitialized] 127.0.0.1:55766 - Connected to mqtt broker - Number of events: 17
2020-05-18T21:48:59-0300 [Uninitialized] 127.0.0.1:55766 - sending MQTT SUBSCRIBE REQUEST - Number of events: 18
2020-05-18T21:48:59-0300 [Uninitialized] 127.0.0.1:55768 - Connected to mqtt broker - Number of events: 19
2020-05-18T21:48:59-0300 [Uninitialized] 127.0.0.1:55768 - sending MQTT SUBSCRIBE REQUEST - Number of events: 20
2020-05-18T21:48:59-0300 [Uninitialized] 127.0.0.1:36416 - Connected to mqtt broker - Number of events: 21
2020-05-18T21:48:59-0300 [Uninitialized] 127.0.0.1:36416 - sending MQTT PUBLISH REQUEST - Number of events: 22
2020-05-18T21:48:59-0300 [twisted.internet.endpoints.OneShotFactory#info] Starting factory <twisted.internet.endpoints.connectProtocol.<locals>.OneShotFactory object at 0x7f758b3b9400>
2020-05-18T21:48:59-0300 [twisted.internet.endpoints.OneShotFactory#info] Starting factory <twisted.internet.endpoints.connectProtocol.<locals>.OneShotFactory object at 0x7f7583f63550>
2020-05-18T21:48:59-0300 [twisted.internet.endpoints.OneShotFactory#info] Starting factory <twisted.internet.endpoints.connectProtocol.<locals>.OneShotFactory object at 0x7f7583f63780>
2020-05-18T21:48:59-0300 [stdout#info] This divice have no simulation core instance
2020-05-18T21:48:59-0300 [twisted.internet.endpoints.OneShotFactory#info] Starting factory <twisted.internet.endpoints.connectProtocol.<locals>.OneShotFactory object at 0x7f7583f7c1d0>
2020-05-18T21:49:04-0300 [-] 127.0.0.1:36416 - sending MQTT PUBLISH REQUEST - Number of events: 23
2020-05-18T21:49:04-0300 [twisted.internet.endpoints.OneShotFactory#info] Starting factory <twisted.internet.endpoints.connectProtocol.<locals>.OneShotFactory object at 0x7f7583f7c518>
2020-05-18T21:49:04-0300 [twisted.internet.endpoints.OneShotFactory#info] Stopping factory <twisted.internet.endpoints.connectProtocol.<locals>.OneShotFactory object at 0x7f7583f63780>
2020-05-18T21:49:04-0300 [stdout#info] This divice have no simulation core instance
2020-05-18T21:49:04-0300 [twisted.internet.endpoints.OneShotFactory#info] Starting factory <twisted.internet.endpoints.connectProtocol.<locals>.OneShotFactory object at 0x7f7583f7c748>
2020-05-18T21:49:04-0300 [twisted.internet.endpoints.OneShotFactory#info] Stopping factory <twisted.internet.endpoints.connectProtocol.<locals>.OneShotFactory object at 0x7f7583f7c1d0>
2020-05-18T21:49:09-0300 [-] 127.0.0.1:36416 - sending MQTT PUBLISH REQUEST - Number of events: 24
2020-05-18T21:49:09-0300 [twisted.internet.endpoints.OneShotFactory#info] Starting factory <twisted.internet.endpoints.connectProtocol.<locals>.OneShotFactory object at 0x7f7583f7c9b0>
2020-05-18T21:49:09-0300 [twisted.internet.endpoints.OneShotFactory#info] Stopping factory <twisted.internet.endpoints.connectProtocol.<locals>.OneShotFactory object at 0x7f7583f7c518>
2020-05-18T21:49:09-0300 [stdout#info] This divice have no simulation core instance
2020-05-18T21:49:09-0300 [twisted.internet.endpoints.OneShotFactory#info] Starting factory <twisted.internet.endpoints.connectProtocol.<locals>.OneShotFactory object at 0x7f7583f7cbe0>
2020-05-18T21:49:14-0300 [-] 127.0.0.1:36416 - sending MQTT PUBLISH REQUEST - Number of events: 25
2020-05-18T21:49:14-0300 [twisted.internet.endpoints.OneShotFactory#info] Starting factory <twisted.internet.endpoints.connectProtocol.<locals>.OneShotFactory object at 0x7f7583f7ce80>
2020-05-18T21:49:14-0300 [twisted.internet.endpoints.OneShotFactory#info] Stopping factory <twisted.internet.endpoints.connectProtocol.<locals>.OneShotFactory object at 0x7f7583f7c9b0>
2020-05-18T21:49:14-0300 [stdout#info] This divice have no simulation core instance
2020-05-18T21:49:14-0300 [twisted.internet.endpoints.OneShotFactory#info] Starting factory <twisted.internet.endpoints.connectProtocol.<locals>.OneShotFactory object at 0x7f758563d0f0>
2020-05-18T21:49:19-0300 [-] 127.0.0.1:36416 - sending MQTT PUBLISH REQUEST - Number of events: 26
2020-05-18T21:49:19-0300 [twisted.internet.endpoints.OneShotFactory#info] Starting factory <twisted.internet.endpoints.connectProtocol.<locals>.OneShotFactory object at 0x7f758563d320>
2020-05-18T21:49:19-0300 [twisted.internet.endpoints.OneShotFactory#info] Stopping factory <twisted.internet.endpoints.connectProtocol.<locals>.OneShotFactory object at 0x7f7583f7ce80>
2020-05-18T21:49:19-0300 [stdout#info] This divice have no simulation core instance
2020-05-18T21:49:19-0300 [twisted.internet.endpoints.OneShotFactory#info] Starting factory <twisted.internet.endpoints.connectProtocol.<locals>.OneShotFactory object at 0x7f758563d5c0>
2020-05-18T21:49:24-0300 [-] 127.0.0.1:36416 - sending MQTT PUBLISH REQUEST - Number of events: 27
2020-05-18T21:49:24-0300 [twisted.internet.endpoints.OneShotFactory#info] Starting factory <twisted.internet.endpoints.connectProtocol.<locals>.OneShotFactory object at 0x7f758563d7b8>
2020-05-18T21:49:24-0300 [twisted.internet.endpoints.OneShotFactory#info] Stopping factory <twisted.internet.endpoints.connectProtocol.<locals>.OneShotFactory object at 0x7f758563d320>
2020-05-18T21:49:24-0300 [stdout#info] This divice have no simulation core instance
2020-05-18T21:49:24-0300 [twisted.internet.endpoints.OneShotFactory#info] Starting factory <twisted.internet.endpoints.connectProtocol.<locals>.OneShotFactory object at 0x7f758563d978>
2020-05-18T21:49:29-0300 [-] 127.0.0.1:36416 - sending MQTT PUBLISH REQUEST - Number of events: 28
2020-05-18T21:49:29-0300 [twisted.internet.endpoints.OneShotFactory#info] Starting factory <twisted.internet.endpoints.connectProtocol.<locals>.OneShotFactory object at 0x7f758563db70>
2020-05-18T21:49:29-0300 [twisted.internet.endpoints.OneShotFactory#info] Stopping factory <twisted.internet.endpoints.connectProtocol.<locals>.OneShotFactory object at 0x7f758563d7b8>
2020-05-18T21:49:29-0300 [stdout#info] This divice have no simulation core instance
2020-05-18T21:49:29-0300 [twisted.internet.endpoints.OneShotFactory#info] Starting factory <twisted.internet.endpoints.connectProtocol.<locals>.OneShotFactory object at 0x7f758563dda0>
2020-05-18T21:49:34-0300 [-] 127.0.0.1:36416 - sending MQTT PUBLISH REQUEST - Number of events: 29
2020-05-18T21:49:34-0300 [twisted.internet.endpoints.OneShotFactory#info] Starting factory <twisted.internet.endpoints.connectProtocol.<locals>.OneShotFactory object at 0x7f7583f632b0>
2020-05-18T21:49:34-0300 [twisted.internet.endpoints.OneShotFactory#info] Stopping factory <twisted.internet.endpoints.connectProtocol.<locals>.OneShotFactory object at 0x7f758563db70>
2020-05-18T21:49:34-0300 [stdout#info] This divice have no simulation core instance
2020-05-18T21:49:34-0300 [twisted.internet.endpoints.OneShotFactory#info] Starting factory <twisted.internet.endpoints.connectProtocol.<locals>.OneShotFactory object at 0x7f75855e7278>
2020-05-18T21:49:39-0300 [-] 127.0.0.1:36416 - sending MQTT PUBLISH REQUEST - Number of events: 30
2020-05-18T21:49:39-0300 [twisted.internet.endpoints.OneShotFactory#info] Starting factory <twisted.internet.endpoints.connectProtocol.<locals>.OneShotFactory object at 0x7f75855e7160>
2020-05-18T21:49:39-0300 [twisted.internet.endpoints.OneShotFactory#info] Stopping factory <twisted.internet.endpoints.connectProtocol.<locals>.OneShotFactory object at 0x7f7583f632b0>
2020-05-18T21:49:39-0300 [stdout#info] This divice have no simulation core instance
2020-05-18T21:49:39-0300 [twisted.internet.endpoints.OneShotFactory#info] Starting factory <twisted.internet.endpoints.connectProtocol.<locals>.OneShotFactory object at 0x7f75855e7710>
2020-05-18T21:49:44-0300 [-] 127.0.0.1:36416 - sending MQTT PUBLISH REQUEST - Number of events: 31
2020-05-18T21:49:44-0300 [twisted.internet.endpoints.OneShotFactory#info] Starting factory <twisted.internet.endpoints.connectProtocol.<locals>.OneShotFactory object at 0x7f75855e7898>
2020-05-18T21:49:44-0300 [twisted.internet.endpoints.OneShotFactory#info] Stopping factory <twisted.internet.endpoints.connectProtocol.<locals>.OneShotFactory object at 0x7f75855e7160>
2020-05-18T21:49:44-0300 [stdout#info] This divice have no simulation core instance
2020-05-18T21:49:44-0300 [twisted.internet.endpoints.OneShotFactory#info] Starting factory <twisted.internet.endpoints.connectProtocol.<locals>.OneShotFactory object at 0x7f75855e7ba8>
2020-05-18T21:49:49-0300 [-] 127.0.0.1:36416 - sending MQTT PUBLISH REQUEST - Number of events: 32
2020-05-18T21:49:49-0300 [twisted.internet.endpoints.OneShotFactory#info] Starting factory <twisted.internet.endpoints.connectProtocol.<locals>.OneShotFactory object at 0x7f75855e7d30>
2020-05-18T21:49:49-0300 [twisted.internet.endpoints.OneShotFactory#info] Stopping factory <twisted.internet.endpoints.connectProtocol.<locals>.OneShotFactory object at 0x7f75855e7898>
2020-05-18T21:49:49-0300 [stdout#info] This divice have no simulation core instance
2020-05-18T21:49:49-0300 [twisted.internet.endpoints.OneShotFactory#info] Starting factory <twisted.internet.endpoints.connectProtocol.<locals>.OneShotFactory object at 0x7f758560a080>
2020-05-18T21:49:54-0300 [-] 127.0.0.1:36416 - sending MQTT PUBLISH REQUEST - Number of events: 33
2020-05-18T21:49:54-0300 [twisted.internet.endpoints.OneShotFactory#info] Starting factory <twisted.internet.endpoints.connectProtocol.<locals>.OneShotFactory object at 0x7f758560a2e8>
2020-05-18T21:49:54-0300 [twisted.internet.endpoints.OneShotFactory#info] Stopping factory <twisted.internet.endpoints.connectProtocol.<locals>.OneShotFactory object at 0x7f75855e7d30>
2020-05-18T21:49:54-0300 [stdout#info] This divice have no simulation core instance
2020-05-18T21:49:54-0300 [twisted.internet.endpoints.OneShotFactory#info] Starting factory <twisted.internet.endpoints.connectProtocol.<locals>.OneShotFactory object at 0x7f758560a518>
2020-05-18T21:49:59-0300 [-] 127.0.0.1:36416 - sending MQTT PUBLISH REQUEST - Number of events: 34
2020-05-18T21:49:59-0300 [twisted.internet.endpoints.OneShotFactory#info] Starting factory <twisted.internet.endpoints.connectProtocol.<locals>.OneShotFactory object at 0x7f758560a780>
2020-05-18T21:49:59-0300 [twisted.internet.endpoints.OneShotFactory#info] Stopping factory <twisted.internet.endpoints.connectProtocol.<locals>.OneShotFactory object at 0x7f758560a2e8>
2020-05-18T21:49:59-0300 [stdout#info] This divice have no simulation core instance
2020-05-18T21:49:59-0300 [twisted.internet.endpoints.OneShotFactory#info] Starting factory <twisted.internet.endpoints.connectProtocol.<locals>.OneShotFactory object at 0x7f758560a9b0>
2020-05-18T21:50:04-0300 [-] 127.0.0.1:36416 - sending MQTT PUBLISH REQUEST - Number of events: 35
2020-05-18T21:50:04-0300 [twisted.internet.endpoints.OneShotFactory#info] Starting factory <twisted.internet.endpoints.connectProtocol.<locals>.OneShotFactory object at 0x7f758560ab38>
2020-05-18T21:50:04-0300 [twisted.internet.endpoints.OneShotFactory#info] Stopping factory <twisted.internet.endpoints.connectProtocol.<locals>.OneShotFactory object at 0x7f758560a780>
2020-05-18T21:50:04-0300 [stdout#info] This divice have no simulation core instance
2020-05-18T21:50:04-0300 [twisted.internet.endpoints.OneShotFactory#info] Starting factory <twisted.internet.endpoints.connectProtocol.<locals>.OneShotFactory object at 0x7f758560ae48>
2020-05-18T21:50:09-0300 [-] 127.0.0.1:36416 - sending MQTT PUBLISH REQUEST - Number of events: 36
2020-05-18T21:50:09-0300 [twisted.internet.endpoints.OneShotFactory#info] Starting factory <twisted.internet.endpoints.connectProtocol.<locals>.OneShotFactory object at 0x7f758561b080>
2020-05-18T21:50:09-0300 [twisted.internet.endpoints.OneShotFactory#info] Stopping factory <twisted.internet.endpoints.connectProtocol.<locals>.OneShotFactory object at 0x7f758560ab38>
2020-05-18T21:50:09-0300 [stdout#info] This divice have no simulation core instance
2020-05-18T21:50:09-0300 [twisted.internet.endpoints.OneShotFactory#info] Starting factory <twisted.internet.endpoints.connectProtocol.<locals>.OneShotFactory object at 0x7f758561b320>
2020-05-18T21:50:14-0300 [-] 127.0.0.1:36416 - sending MQTT PUBLISH REQUEST - Number of events: 37
2020-05-18T21:50:14-0300 [twisted.internet.endpoints.OneShotFactory#info] Starting factory <twisted.internet.endpoints.connectProtocol.<locals>.OneShotFactory object at 0x7f758561b4a8>
2020-05-18T21:50:14-0300 [twisted.internet.endpoints.OneShotFactory#info] Stopping factory <twisted.internet.endpoints.connectProtocol.<locals>.OneShotFactory object at 0x7f758561b080>
2020-05-18T21:50:14-0300 [stdout#info] This divice have no simulation core instance
2020-05-18T21:50:14-0300 [twisted.internet.endpoints.OneShotFactory#info] Starting factory <twisted.internet.endpoints.connectProtocol.<locals>.OneShotFactory object at 0x7f758561b7b8>
2020-05-18T21:50:19-0300 [-] 127.0.0.1:36416 - sending MQTT PUBLISH REQUEST - Number of events: 38
2020-05-18T21:50:19-0300 [twisted.internet.endpoints.OneShotFactory#info] Starting factory <twisted.internet.endpoints.connectProtocol.<locals>.OneShotFactory object at 0x7f758561b940>
2020-05-18T21:50:19-0300 [twisted.internet.endpoints.OneShotFactory#info] Stopping factory <twisted.internet.endpoints.connectProtocol.<locals>.OneShotFactory object at 0x7f758561b4a8>
2020-05-18T21:50:19-0300 [stdout#info] This divice have no simulation core instance
2020-05-18T21:50:19-0300 [twisted.internet.endpoints.OneShotFactory#info] Starting factory <twisted.internet.endpoints.connectProtocol.<locals>.OneShotFactory object at 0x7f758561bc50>
2020-05-18T21:50:24-0300 [-] 127.0.0.1:36416 - sending MQTT PUBLISH REQUEST - Number of events: 39
2020-05-18T21:50:24-0300 [twisted.internet.endpoints.OneShotFactory#info] Starting factory <twisted.internet.endpoints.connectProtocol.<locals>.OneShotFactory object at 0x7f7583f53048>
2020-05-18T21:50:24-0300 [twisted.internet.endpoints.OneShotFactory#info] Stopping factory <twisted.internet.endpoints.connectProtocol.<locals>.OneShotFactory object at 0x7f758561b940>
2020-05-18T21:50:24-0300 [stdout#info] This divice have no simulation core instance
2020-05-18T21:50:24-0300 [twisted.internet.endpoints.OneShotFactory#info] Starting factory <twisted.internet.endpoints.connectProtocol.<locals>.OneShotFactory object at 0x7f75855a90f0>
2020-05-18T21:50:29-0300 [-] 127.0.0.1:36416 - sending MQTT PUBLISH REQUEST - Number of events: 40
2020-05-18T21:50:29-0300 [twisted.internet.endpoints.OneShotFactory#info] Starting factory <twisted.internet.endpoints.connectProtocol.<locals>.OneShotFactory object at 0x7f75855a9278>
2020-05-18T21:50:29-0300 [twisted.internet.endpoints.OneShotFactory#info] Stopping factory <twisted.internet.endpoints.connectProtocol.<locals>.OneShotFactory object at 0x7f7583f53048>
2020-05-18T21:50:29-0300 [stdout#info] This divice have no simulation core instance
2020-05-18T21:50:29-0300 [twisted.internet.endpoints.OneShotFactory#info] Starting factory <twisted.internet.endpoints.connectProtocol.<locals>.OneShotFactory object at 0x7f75855a9588>
2020-05-18T21:50:34-0300 [-] 127.0.0.1:36416 - sending MQTT PUBLISH REQUEST - Number of events: 41
2020-05-18T21:50:34-0300 [twisted.internet.endpoints.OneShotFactory#info] Starting factory <twisted.internet.endpoints.connectProtocol.<locals>.OneShotFactory object at 0x7f75855a9710>
2020-05-18T21:50:34-0300 [twisted.internet.endpoints.OneShotFactory#info] Stopping factory <twisted.internet.endpoints.connectProtocol.<locals>.OneShotFactory object at 0x7f75855a9278>
2020-05-18T21:50:34-0300 [stdout#info] This divice have no simulation core instance
2020-05-18T21:50:34-0300 [twisted.internet.endpoints.OneShotFactory#info] Starting factory <twisted.internet.endpoints.connectProtocol.<locals>.OneShotFactory object at 0x7f75855a9a20>
2020-05-18T21:50:39-0300 [-] 127.0.0.1:36416 - sending MQTT PUBLISH REQUEST - Number of events: 42
2020-05-18T21:50:39-0300 [twisted.internet.endpoints.OneShotFactory#info] Starting factory <twisted.internet.endpoints.connectProtocol.<locals>.OneShotFactory object at 0x7f75855a9ba8>
2020-05-18T21:50:39-0300 [twisted.internet.endpoints.OneShotFactory#info] Stopping factory <twisted.internet.endpoints.connectProtocol.<locals>.OneShotFactory object at 0x7f75855a9710>
2020-05-18T21:50:39-0300 [stdout#info] This divice have no simulation core instance
2020-05-18T21:50:39-0300 [twisted.internet.endpoints.OneShotFactory#info] Starting factory <twisted.internet.endpoints.connectProtocol.<locals>.OneShotFactory object at 0x7f75855a9eb8>
2020-05-18T21:50:44-0300 [-] 127.0.0.1:36416 - sending MQTT PUBLISH REQUEST - Number of events: 43
2020-05-18T21:50:44-0300 [twisted.internet.endpoints.OneShotFactory#info] Starting factory <twisted.internet.endpoints.connectProtocol.<locals>.OneShotFactory object at 0x7f75855b5080>
2020-05-18T21:50:44-0300 [twisted.internet.endpoints.OneShotFactory#info] Stopping factory <twisted.internet.endpoints.connectProtocol.<locals>.OneShotFactory object at 0x7f75855a9ba8>
2020-05-18T21:50:44-0300 [stdout#info] This divice have no simulation core instance
2020-05-18T21:50:44-0300 [twisted.internet.endpoints.OneShotFactory#info] Starting factory <twisted.internet.endpoints.connectProtocol.<locals>.OneShotFactory object at 0x7f75855b5390>
2020-05-18T21:50:49-0300 [-] 127.0.0.1:36416 - sending MQTT PUBLISH REQUEST - Number of events: 44
2020-05-18T21:50:49-0300 [twisted.internet.endpoints.OneShotFactory#info] Starting factory <twisted.internet.endpoints.connectProtocol.<locals>.OneShotFactory object at 0x7f75855b50f0>
2020-05-18T21:50:49-0300 [twisted.internet.endpoints.OneShotFactory#info] Stopping factory <twisted.internet.endpoints.connectProtocol.<locals>.OneShotFactory object at 0x7f75855b5080>
2020-05-18T21:50:49-0300 [stdout#info] This divice have no simulation core instance
2020-05-18T21:50:49-0300 [twisted.internet.endpoints.OneShotFactory#info] Starting factory <twisted.internet.endpoints.connectProtocol.<locals>.OneShotFactory object at 0x7f75855b5828>
2020-05-18T21:50:54-0300 [-] 127.0.0.1:36416 - sending MQTT PUBLISH REQUEST - Number of events: 45
2020-05-18T21:50:54-0300 [twisted.internet.endpoints.OneShotFactory#info] Starting factory <twisted.internet.endpoints.connectProtocol.<locals>.OneShotFactory object at 0x7f75855b59b0>
2020-05-18T21:50:54-0300 [twisted.internet.endpoints.OneShotFactory#info] Stopping factory <twisted.internet.endpoints.connectProtocol.<locals>.OneShotFactory object at 0x7f75855b50f0>
2020-05-18T21:50:54-0300 [stdout#info] This divice have no simulation core instance
2020-05-18T21:50:54-0300 [twisted.internet.endpoints.OneShotFactory#info] Starting factory <twisted.internet.endpoints.connectProtocol.<locals>.OneShotFactory object at 0x7f75855b5cc0>
