2020-05-15T13:34:21-0300 [-] Creating router ...
2020-05-15T13:34:21-0300 [-] Initializing Router - Number of events: 1
2020-05-15T13:34:22-0300 [-] RouterFactory starting on 8081
2020-05-15T13:34:22-0300 [-] Creating AccessPoint station ...
2020-05-15T13:34:22-0300 [-] Initializing Access Point - Number of events: 2
2020-05-15T13:34:22-0300 [-] AccessPointFactory starting on 8082
2020-05-15T13:34:22-0300 [-] Creating fog node ...
2020-05-15T13:34:22-0300 [-] Initializing Client - Number of events: 3
2020-05-15T13:34:23-0300 [-] Creating fog node ...
2020-05-15T13:34:23-0300 [-] Initializing Client - Number of events: 4
2020-05-15T13:34:23-0300 [-] Creating fog node ...
2020-05-15T13:34:23-0300 [-] Initializing Server - Number of events: 5
2020-05-15T13:34:24-0300 [-] BrokerFactory starting on 5100
2020-05-15T13:34:24-0300 [-] Creating iot node ...
2020-05-15T13:34:24-0300 [-] Initializing Client - Number of events: 6
2020-05-15T13:34:24-0300 [-] Initializing sensor node - Number of events: 7
2020-05-15T13:34:25-0300 [-] Initializing sensor node - Number of events: 8
2020-05-15T13:34:25-0300 [stdout#info] ou aqui
2020-05-15T13:34:25-0300 [stdout#info] aqui
2020-05-15T13:34:25-0300 [stdout#info] {'15.58 Kwh'}
2020-05-15T13:34:25-0300 [-] Initializing sensor node - Number of events: 9
2020-05-15T13:34:26-0300 [stdout#info] aqui
2020-05-15T13:34:26-0300 [stdout#info] aqui
2020-05-15T13:34:26-0300 [stdout#info] {'13.93 Kwh'}
2020-05-15T13:34:26-0300 [-] Initializing sensor node - Number of events: 10
2020-05-15T13:34:26-0300 [stdout#info] ou aqui
2020-05-15T13:34:26-0300 [stdout#info] aqui
2020-05-15T13:34:26-0300 [stdout#info] aqui
2020-05-15T13:34:26-0300 [stdout#info] aqui
2020-05-15T13:34:26-0300 [stdout#info] {'2.8 Kwh'}
2020-05-15T13:34:26-0300 [-] Initializing sensor node - Number of events: 11
2020-05-15T13:34:27-0300 [stdout#info] aqui
2020-05-15T13:34:27-0300 [stdout#info] aqui
2020-05-15T13:34:27-0300 [stdout#info] aqui
2020-05-15T13:34:27-0300 [stdout#info] aqui
2020-05-15T13:34:27-0300 [stdout#info] {'6.24 Kwh'}
2020-05-15T13:34:27-0300 [-] Initializing sensor node - Number of events: 12
2020-05-15T13:34:27-0300 [stdout#info] aqui
2020-05-15T13:34:27-0300 [stdout#info] aqui
2020-05-15T13:34:27-0300 [stdout#info] aqui
2020-05-15T13:34:27-0300 [stdout#info] aqui
2020-05-15T13:34:27-0300 [stdout#info] aqui
2020-05-15T13:34:27-0300 [stdout#info] {'11.7 Kwh'}
2020-05-15T13:34:27-0300 [-] Initializing sensor node - Number of events: 13
2020-05-15T13:34:28-0300 [stdout#info] aqui
2020-05-15T13:34:28-0300 [stdout#info] aqui
2020-05-15T13:34:28-0300 [stdout#info] aqui
2020-05-15T13:34:28-0300 [stdout#info] {'17.9 Kwh'}
2020-05-15T13:34:28-0300 [-] Initializing sensor node - Number of events: 14
2020-05-15T13:34:28-0300 [stdout#info] aqui
2020-05-15T13:34:28-0300 [stdout#info] aqui
2020-05-15T13:34:28-0300 [stdout#info] {'17.55 Kwh'}
2020-05-15T13:34:28-0300 [-] Initializing sensor node - Number of events: 15
2020-05-15T13:34:29-0300 [stdout#info] aqui
2020-05-15T13:34:29-0300 [stdout#info] aqui
2020-05-15T13:34:29-0300 [stdout#info] aqui
2020-05-15T13:34:29-0300 [stdout#info] aqui
2020-05-15T13:34:29-0300 [stdout#info] aqui
2020-05-15T13:34:29-0300 [stdout#info] {'8.83 Kwh'}
2020-05-15T13:34:29-0300 [-] Initializing sensor node - Number of events: 16
2020-05-15T13:34:29-0300 [stdout#info] aqui
2020-05-15T13:34:29-0300 [stdout#info] aqui
2020-05-15T13:34:29-0300 [stdout#info] aqui
2020-05-15T13:34:29-0300 [stdout#info] {'20.88 Kwh'}
2020-05-15T13:34:29-0300 [stdout#info] <scinetsim.standarddevice.WSNSensorNode object at 0x7f4064248860>
2020-05-15T13:34:29-0300 [stdout#info] <scinetsim.standarddevice.WSNSensorNode object at 0x7f40642416a0>
2020-05-15T13:34:29-0300 [stdout#info] <scinetsim.standarddevice.WSNSensorNode object at 0x7f40642412e8>
2020-05-15T13:34:29-0300 [stdout#info] <scinetsim.standarddevice.WSNSensorNode object at 0x7f40642484e0>
2020-05-15T13:34:29-0300 [stdout#info] <scinetsim.standarddevice.WSNSensorNode object at 0x7f4064248128>
2020-05-15T13:34:29-0300 [stdout#info] <scinetsim.standarddevice.WSNSensorNode object at 0x7f4064241d30>
2020-05-15T13:34:29-0300 [stdout#info] <scinetsim.standarddevice.WSNSensorNode object at 0x7f4064248f60>
2020-05-15T13:34:29-0300 [stdout#info] <scinetsim.standarddevice.WSNSensorNode object at 0x7f4064248ba8>
2020-05-15T13:34:29-0300 [stdout#info] <scinetsim.standarddevice.WSNSensorNode object at 0x7f40642419e8>
2020-05-15T13:34:29-0300 [stdout#info] {'20.52 Kwh'}
2020-05-15T13:34:29-0300 [stdout#info] {'9.96 Kwh'}
2020-05-15T13:34:29-0300 [stdout#info] {'4.83 Kwh'}
2020-05-15T13:34:29-0300 [stdout#info] This divice have no simulation core instance
2020-05-15T13:34:29-0300 [stdout#info] This divice have no simulation core instance
2020-05-15T13:34:29-0300 [stdout#info] This divice have no simulation core instance
2020-05-15T13:34:29-0300 [stdout#info] This divice have no simulation core instance
2020-05-15T13:34:29-0300 [stdout#info] This divice have no simulation core instance
2020-05-15T13:34:29-0300 [Uninitialized] 127.0.0.1:36068 - Connected to mqtt broker - Number of events: 17
2020-05-15T13:34:29-0300 [Uninitialized] 127.0.0.1:36068 - sending MQTT SUBSCRIBE REQUEST - Number of events: 18
2020-05-15T13:34:29-0300 [Uninitialized] 127.0.0.1:36070 - Connected to mqtt broker - Number of events: 19
2020-05-15T13:34:29-0300 [Uninitialized] 127.0.0.1:36070 - sending MQTT SUBSCRIBE REQUEST - Number of events: 20
2020-05-15T13:34:29-0300 [Uninitialized] 127.0.0.1:52394 - Connected to mqtt broker - Number of events: 21
2020-05-15T13:34:29-0300 [Uninitialized] 127.0.0.1:52394 - sending MQTT PUBLISH REQUEST - Number of events: 22
2020-05-15T13:34:29-0300 [twisted.internet.endpoints.OneShotFactory#info] Starting factory <twisted.internet.endpoints.connectProtocol.<locals>.OneShotFactory object at 0x7f40642536d8>
2020-05-15T13:34:29-0300 [twisted.internet.endpoints.OneShotFactory#info] Starting factory <twisted.internet.endpoints.connectProtocol.<locals>.OneShotFactory object at 0x7f40642538d0>
2020-05-15T13:34:29-0300 [twisted.internet.endpoints.OneShotFactory#info] Starting factory <twisted.internet.endpoints.connectProtocol.<locals>.OneShotFactory object at 0x7f4064253b00>
2020-05-15T13:34:29-0300 [stdout#info] This divice have no simulation core instance
2020-05-15T13:34:29-0300 [twisted.internet.endpoints.OneShotFactory#info] Starting factory <twisted.internet.endpoints.connectProtocol.<locals>.OneShotFactory object at 0x7f4064263588>
2020-05-15T13:34:30-0300 [stdout#info] {'20.17 Kwh'}
2020-05-15T13:34:30-0300 [stdout#info] {'18.33 Kwh'}
2020-05-15T13:34:31-0300 [stdout#info] {'18.9 Kwh'}
2020-05-15T13:34:31-0300 [stdout#info] {'3.25 Kwh'}
2020-05-15T13:34:32-0300 [stdout#info] {'12.19 Kwh'}
2020-05-15T13:34:32-0300 [stdout#info] {'21.6 Kwh'}
2020-05-15T13:34:32-0300 [stdout#info] {'18.97 Kwh'}
2020-05-15T13:34:32-0300 [stdout#info] {'10.22 Kwh'}
2020-05-15T13:34:32-0300 [stdout#info] {'11.95 Kwh'}
2020-05-15T13:34:33-0300 [stdout#info] {'8.09 Kwh'}
2020-05-15T13:34:33-0300 [stdout#info] {'13.43 Kwh'}
2020-05-15T13:34:34-0300 [stdout#info] {'18.86 Kwh'}
2020-05-15T13:34:34-0300 [stdout#info] {'5.41 Kwh'}
2020-05-15T13:34:34-0300 [-] 127.0.0.1:52394 - sending MQTT PUBLISH REQUEST - Number of events: 23
2020-05-15T13:34:34-0300 [twisted.internet.endpoints.OneShotFactory#info] Starting factory <twisted.internet.endpoints.connectProtocol.<locals>.OneShotFactory object at 0x7f4064263898>
2020-05-15T13:34:34-0300 [twisted.internet.endpoints.OneShotFactory#info] Stopping factory <twisted.internet.endpoints.connectProtocol.<locals>.OneShotFactory object at 0x7f4064253b00>
2020-05-15T13:34:34-0300 [stdout#info] This divice have no simulation core instance
2020-05-15T13:34:34-0300 [twisted.internet.endpoints.OneShotFactory#info] Starting factory <twisted.internet.endpoints.connectProtocol.<locals>.OneShotFactory object at 0x7f4064263ac8>
2020-05-15T13:34:34-0300 [twisted.internet.endpoints.OneShotFactory#info] Stopping factory <twisted.internet.endpoints.connectProtocol.<locals>.OneShotFactory object at 0x7f4064263588>
2020-05-15T13:34:35-0300 [stdout#info] {'3.91 Kwh'}
2020-05-15T13:34:35-0300 [stdout#info] {'19.94 Kwh'}
2020-05-15T13:34:35-0300 [stdout#info] {'19.21 Kwh'}
2020-05-15T13:34:35-0300 [stdout#info] {'5.21 Kwh'}
2020-05-15T13:34:35-0300 [stdout#info] {'6.63 Kwh'}
2020-05-15T13:34:36-0300 [stdout#info] {'11.41 Kwh'}
2020-05-15T13:34:36-0300 [stdout#info] {'19.48 Kwh'}
2020-05-15T13:34:37-0300 [stdout#info] {'18.42 Kwh'}
2020-05-15T13:34:37-0300 [stdout#info] {'17.71 Kwh'}
2020-05-15T13:34:38-0300 [stdout#info] {'3.74 Kwh'}
2020-05-15T13:34:38-0300 [stdout#info] {'7.0 Kwh'}
2020-05-15T13:34:38-0300 [stdout#info] {'7.07 Kwh'}
2020-05-15T13:34:38-0300 [stdout#info] {'14.48 Kwh'}
2020-05-15T13:34:38-0300 [stdout#info] {'8.97 Kwh'}
2020-05-15T13:34:39-0300 [stdout#info] {'5.0 Kwh'}
2020-05-15T13:34:39-0300 [stdout#info] {'20.21 Kwh'}
2020-05-15T13:34:39-0300 [-] 127.0.0.1:52394 - sending MQTT PUBLISH REQUEST - Number of events: 24
2020-05-15T13:34:39-0300 [twisted.internet.endpoints.OneShotFactory#info] Starting factory <twisted.internet.endpoints.connectProtocol.<locals>.OneShotFactory object at 0x7f4064263d68>
2020-05-15T13:34:39-0300 [twisted.internet.endpoints.OneShotFactory#info] Stopping factory <twisted.internet.endpoints.connectProtocol.<locals>.OneShotFactory object at 0x7f4064263898>
2020-05-15T13:34:39-0300 [stdout#info] This divice have no simulation core instance
2020-05-15T13:34:39-0300 [twisted.internet.endpoints.OneShotFactory#info] Starting factory <twisted.internet.endpoints.connectProtocol.<locals>.OneShotFactory object at 0x7f4064263f98>
2020-05-15T13:34:40-0300 [stdout#info] {'8.42 Kwh'}
2020-05-15T13:34:40-0300 [stdout#info] {'13.63 Kwh'}
2020-05-15T13:34:41-0300 [stdout#info] {'22.19 Kwh'}
2020-05-15T13:34:41-0300 [stdout#info] {'7.16 Kwh'}
2020-05-15T13:34:41-0300 [stdout#info] {'6.66 Kwh'}
2020-05-15T13:34:41-0300 [stdout#info] {'18.82 Kwh'}
2020-05-15T13:34:41-0300 [stdout#info] {'7.66 Kwh'}
2020-05-15T13:34:42-0300 [stdout#info] {'12.01 Kwh'}
2020-05-15T13:34:42-0300 [stdout#info] {'2.96 Kwh'}
2020-05-15T13:34:43-0300 [stdout#info] {'6.04 Kwh'}
2020-05-15T13:34:43-0300 [stdout#info] {'9.2 Kwh'}
2020-05-15T13:34:44-0300 [stdout#info] {'20.51 Kwh'}
2020-05-15T13:34:44-0300 [stdout#info] {'6.46 Kwh'}
2020-05-15T13:34:44-0300 [-] 127.0.0.1:52394 - sending MQTT PUBLISH REQUEST - Number of events: 25
2020-05-15T13:34:44-0300 [stdout#info] {'13.61 Kwh'}
2020-05-15T13:34:44-0300 [stdout#info] {'19.22 Kwh'}
2020-05-15T13:34:44-0300 [stdout#info] {'3.12 Kwh'}
2020-05-15T13:34:44-0300 [twisted.internet.endpoints.OneShotFactory#info] Starting factory <twisted.internet.endpoints.connectProtocol.<locals>.OneShotFactory object at 0x7f40659170f0>
2020-05-15T13:34:44-0300 [twisted.internet.endpoints.OneShotFactory#info] Stopping factory <twisted.internet.endpoints.connectProtocol.<locals>.OneShotFactory object at 0x7f4064263d68>
2020-05-15T13:34:44-0300 [stdout#info] This divice have no simulation core instance
2020-05-15T13:34:44-0300 [twisted.internet.endpoints.OneShotFactory#info] Starting factory <twisted.internet.endpoints.connectProtocol.<locals>.OneShotFactory object at 0x7f4065917470>
2020-05-15T13:34:45-0300 [stdout#info] {'8.96 Kwh'}
2020-05-15T13:34:45-0300 [stdout#info] {'6.53 Kwh'}
2020-05-15T13:34:46-0300 [stdout#info] {'4.3 Kwh'}
2020-05-15T13:34:46-0300 [stdout#info] {'8.87 Kwh'}
2020-05-15T13:34:47-0300 [stdout#info] {'22.3 Kwh'}
2020-05-15T13:34:47-0300 [stdout#info] {'12.96 Kwh'}
2020-05-15T13:34:47-0300 [stdout#info] {'13.16 Kwh'}
2020-05-15T13:34:47-0300 [stdout#info] {'9.49 Kwh'}
2020-05-15T13:34:47-0300 [stdout#info] {'12.48 Kwh'}
2020-05-15T13:34:48-0300 [stdout#info] {'21.09 Kwh'}
2020-05-15T13:34:48-0300 [stdout#info] {'3.58 Kwh'}
2020-05-15T13:34:49-0300 [stdout#info] {'5.82 Kwh'}
2020-05-15T13:34:49-0300 [stdout#info] {'17.32 Kwh'}
2020-05-15T13:34:49-0300 [-] 127.0.0.1:52394 - sending MQTT PUBLISH REQUEST - Number of events: 26
2020-05-15T13:34:49-0300 [twisted.internet.endpoints.OneShotFactory#info] Starting factory <twisted.internet.endpoints.connectProtocol.<locals>.OneShotFactory object at 0x7f4065917710>
2020-05-15T13:34:49-0300 [twisted.internet.endpoints.OneShotFactory#info] Stopping factory <twisted.internet.endpoints.connectProtocol.<locals>.OneShotFactory object at 0x7f40659170f0>
2020-05-15T13:34:49-0300 [stdout#info] This divice have no simulation core instance
2020-05-15T13:34:49-0300 [twisted.internet.endpoints.OneShotFactory#info] Starting factory <twisted.internet.endpoints.connectProtocol.<locals>.OneShotFactory object at 0x7f4065917940>
2020-05-15T13:34:50-0300 [stdout#info] {'4.37 Kwh'}
2020-05-15T13:34:50-0300 [stdout#info] {'6.03 Kwh'}
2020-05-15T13:34:50-0300 [stdout#info] {'8.28 Kwh'}
2020-05-15T13:34:50-0300 [stdout#info] {'4.98 Kwh'}
2020-05-15T13:34:50-0300 [stdout#info] {'20.19 Kwh'}
2020-05-15T13:34:51-0300 [stdout#info] {'8.94 Kwh'}
2020-05-15T13:34:51-0300 [stdout#info] {'7.2 Kwh'}
2020-05-15T13:34:52-0300 [stdout#info] {'17.87 Kwh'}
2020-05-15T13:34:52-0300 [stdout#info] {'16.96 Kwh'}
2020-05-15T13:34:53-0300 [stdout#info] {'13.38 Kwh'}
2020-05-15T13:34:53-0300 [stdout#info] {'12.57 Kwh'}
2020-05-15T13:34:53-0300 [stdout#info] {'9.39 Kwh'}
2020-05-15T13:34:53-0300 [stdout#info] {'8.47 Kwh'}
2020-05-15T13:34:53-0300 [stdout#info] {'17.7 Kwh'}
2020-05-15T13:34:54-0300 [stdout#info] {'12.5 Kwh'}
2020-05-15T13:34:54-0300 [stdout#info] {'20.22 Kwh'}
2020-05-15T13:34:54-0300 [-] 127.0.0.1:52394 - sending MQTT PUBLISH REQUEST - Number of events: 27
2020-05-15T13:34:54-0300 [twisted.internet.endpoints.OneShotFactory#info] Starting factory <twisted.internet.endpoints.connectProtocol.<locals>.OneShotFactory object at 0x7f4065917198>
2020-05-15T13:34:54-0300 [twisted.internet.endpoints.OneShotFactory#info] Stopping factory <twisted.internet.endpoints.connectProtocol.<locals>.OneShotFactory object at 0x7f4065917710>
2020-05-15T13:34:54-0300 [stdout#info] This divice have no simulation core instance
2020-05-15T13:34:54-0300 [twisted.internet.endpoints.OneShotFactory#info] Starting factory <twisted.internet.endpoints.connectProtocol.<locals>.OneShotFactory object at 0x7f4065917cf8>
2020-05-15T13:34:55-0300 [stdout#info] {'11.36 Kwh'}
2020-05-15T13:34:55-0300 [stdout#info] {'10.94 Kwh'}
2020-05-15T13:34:56-0300 [stdout#info] {'6.46 Kwh'}
2020-05-15T13:34:56-0300 [stdout#info] {'13.26 Kwh'}
2020-05-15T13:34:56-0300 [stdout#info] {'19.58 Kwh'}
2020-05-15T13:34:56-0300 [stdout#info] {'2.73 Kwh'}
2020-05-15T13:34:56-0300 [stdout#info] {'8.04 Kwh'}
2020-05-15T13:34:57-0300 [stdout#info] {'10.02 Kwh'}
2020-05-15T13:34:57-0300 [stdout#info] {'19.44 Kwh'}
2020-05-15T13:34:58-0300 [stdout#info] {'19.43 Kwh'}
2020-05-15T13:34:58-0300 [stdout#info] {'3.56 Kwh'}
2020-05-15T13:34:59-0300 [stdout#info] {'15.79 Kwh'}
2020-05-15T13:34:59-0300 [stdout#info] {'6.79 Kwh'}
2020-05-15T13:34:59-0300 [-] 127.0.0.1:52394 - sending MQTT PUBLISH REQUEST - Number of events: 28
2020-05-15T13:34:59-0300 [twisted.internet.endpoints.OneShotFactory#info] Starting factory <twisted.internet.endpoints.connectProtocol.<locals>.OneShotFactory object at 0x7f4065917e80>
2020-05-15T13:34:59-0300 [twisted.internet.endpoints.OneShotFactory#info] Stopping factory <twisted.internet.endpoints.connectProtocol.<locals>.OneShotFactory object at 0x7f4065917198>
2020-05-15T13:34:59-0300 [stdout#info] This divice have no simulation core instance
2020-05-15T13:34:59-0300 [stdout#info] {'16.7 Kwh'}
2020-05-15T13:34:59-0300 [stdout#info] {'7.84 Kwh'}
2020-05-15T13:34:59-0300 [stdout#info] {'3.55 Kwh'}
2020-05-15T13:34:59-0300 [twisted.internet.endpoints.OneShotFactory#info] Starting factory <twisted.internet.endpoints.connectProtocol.<locals>.OneShotFactory object at 0x7f4065941128>
2020-05-15T13:35:00-0300 [stdout#info] {'16.0 Kwh'}
2020-05-15T13:35:00-0300 [stdout#info] {'9.58 Kwh'}
2020-05-15T13:35:01-0300 [stdout#info] {'9.17 Kwh'}
2020-05-15T13:35:01-0300 [stdout#info] {'21.98 Kwh'}
2020-05-15T13:35:02-0300 [stdout#info] {'8.01 Kwh'}
2020-05-15T13:35:02-0300 [stdout#info] {'3.12 Kwh'}
2020-05-15T13:35:02-0300 [stdout#info] {'4.08 Kwh'}
2020-05-15T13:35:02-0300 [stdout#info] {'19.32 Kwh'}
2020-05-15T13:35:02-0300 [stdout#info] {'15.28 Kwh'}
2020-05-15T13:35:03-0300 [stdout#info] {'13.06 Kwh'}
2020-05-15T13:35:03-0300 [stdout#info] {'16.23 Kwh'}
2020-05-15T13:35:04-0300 [stdout#info] {'15.97 Kwh'}
2020-05-15T13:35:04-0300 [stdout#info] {'18.02 Kwh'}
2020-05-15T13:35:04-0300 [-] 127.0.0.1:52394 - sending MQTT PUBLISH REQUEST - Number of events: 29
2020-05-15T13:35:04-0300 [twisted.internet.endpoints.OneShotFactory#info] Starting factory <twisted.internet.endpoints.connectProtocol.<locals>.OneShotFactory object at 0x7f40659412b0>
2020-05-15T13:35:04-0300 [twisted.internet.endpoints.OneShotFactory#info] Stopping factory <twisted.internet.endpoints.connectProtocol.<locals>.OneShotFactory object at 0x7f4065917e80>
2020-05-15T13:35:04-0300 [stdout#info] This divice have no simulation core instance
2020-05-15T13:35:04-0300 [twisted.internet.endpoints.OneShotFactory#info] Starting factory <twisted.internet.endpoints.connectProtocol.<locals>.OneShotFactory object at 0x7f4065941588>
2020-05-15T13:35:05-0300 [stdout#info] {'2.83 Kwh'}
2020-05-15T13:35:05-0300 [stdout#info] {'18.14 Kwh'}
2020-05-15T13:35:05-0300 [stdout#info] {'3.52 Kwh'}
2020-05-15T13:35:05-0300 [stdout#info] {'20.22 Kwh'}
2020-05-15T13:35:05-0300 [stdout#info] {'8.49 Kwh'}
2020-05-15T13:35:06-0300 [stdout#info] {'3.68 Kwh'}
2020-05-15T13:35:06-0300 [stdout#info] {'7.14 Kwh'}
2020-05-15T13:35:07-0300 [stdout#info] {'11.87 Kwh'}
2020-05-15T13:35:07-0300 [stdout#info] {'15.34 Kwh'}
2020-05-15T13:35:08-0300 [stdout#info] {'16.67 Kwh'}
2020-05-15T13:35:08-0300 [stdout#info] {'3.08 Kwh'}
2020-05-15T13:35:08-0300 [stdout#info] {'21.61 Kwh'}
2020-05-15T13:35:08-0300 [stdout#info] {'9.87 Kwh'}
2020-05-15T13:35:08-0300 [stdout#info] {'2.58 Kwh'}
2020-05-15T13:35:09-0300 [stdout#info] {'13.77 Kwh'}
2020-05-15T13:35:09-0300 [stdout#info] {'19.79 Kwh'}
2020-05-15T13:35:09-0300 [-] 127.0.0.1:52394 - sending MQTT PUBLISH REQUEST - Number of events: 30
2020-05-15T13:35:09-0300 [twisted.internet.endpoints.OneShotFactory#info] Starting factory <twisted.internet.endpoints.connectProtocol.<locals>.OneShotFactory object at 0x7f4065941710>
2020-05-15T13:35:09-0300 [twisted.internet.endpoints.OneShotFactory#info] Stopping factory <twisted.internet.endpoints.connectProtocol.<locals>.OneShotFactory object at 0x7f40659412b0>
2020-05-15T13:35:09-0300 [stdout#info] This divice have no simulation core instance
2020-05-15T13:35:09-0300 [twisted.internet.endpoints.OneShotFactory#info] Starting factory <twisted.internet.endpoints.connectProtocol.<locals>.OneShotFactory object at 0x7f40659419e8>
2020-05-15T13:35:10-0300 [stdout#info] {'19.51 Kwh'}
2020-05-15T13:35:10-0300 [stdout#info] {'6.57 Kwh'}
2020-05-15T13:35:11-0300 [stdout#info] {'20.57 Kwh'}
2020-05-15T13:35:11-0300 [stdout#info] {'19.26 Kwh'}
2020-05-15T13:35:11-0300 [stdout#info] {'21.68 Kwh'}
2020-05-15T13:35:11-0300 [stdout#info] {'7.26 Kwh'}
2020-05-15T13:35:11-0300 [stdout#info] {'22.04 Kwh'}
2020-05-15T13:35:12-0300 [stdout#info] {'14.3 Kwh'}
2020-05-15T13:35:12-0300 [stdout#info] {'20.0 Kwh'}
2020-05-15T13:35:13-0300 [stdout#info] {'3.46 Kwh'}
2020-05-15T13:35:13-0300 [stdout#info] {'13.22 Kwh'}
2020-05-15T13:35:14-0300 [stdout#info] {'17.48 Kwh'}
2020-05-15T13:35:14-0300 [stdout#info] {'9.91 Kwh'}
2020-05-15T13:35:14-0300 [-] 127.0.0.1:52394 - sending MQTT PUBLISH REQUEST - Number of events: 31
2020-05-15T13:35:14-0300 [twisted.internet.endpoints.OneShotFactory#info] Starting factory <twisted.internet.endpoints.connectProtocol.<locals>.OneShotFactory object at 0x7f4065941b70>
2020-05-15T13:35:14-0300 [twisted.internet.endpoints.OneShotFactory#info] Stopping factory <twisted.internet.endpoints.connectProtocol.<locals>.OneShotFactory object at 0x7f4065941710>
2020-05-15T13:35:14-0300 [stdout#info] This divice have no simulation core instance
2020-05-15T13:35:14-0300 [twisted.internet.endpoints.OneShotFactory#info] Starting factory <twisted.internet.endpoints.connectProtocol.<locals>.OneShotFactory object at 0x7f4065941e48>
2020-05-15T13:35:14-0300 [stdout#info] {'19.66 Kwh'}
2020-05-15T13:35:14-0300 [stdout#info] {'16.58 Kwh'}
2020-05-15T13:35:14-0300 [stdout#info] {'3.56 Kwh'}
2020-05-15T13:35:15-0300 [stdout#info] {'5.75 Kwh'}
2020-05-15T13:35:15-0300 [stdout#info] {'15.71 Kwh'}
2020-05-15T13:35:16-0300 [stdout#info] {'19.14 Kwh'}
2020-05-15T13:35:16-0300 [stdout#info] {'22.35 Kwh'}
2020-05-15T13:35:17-0300 [stdout#info] {'3.76 Kwh'}
2020-05-15T13:35:17-0300 [stdout#info] {'22.27 Kwh'}
2020-05-15T13:35:17-0300 [stdout#info] {'5.45 Kwh'}
2020-05-15T13:35:17-0300 [stdout#info] {'11.9 Kwh'}
2020-05-15T13:35:17-0300 [stdout#info] {'13.58 Kwh'}
2020-05-15T13:35:18-0300 [stdout#info] {'2.65 Kwh'}
2020-05-15T13:35:18-0300 [stdout#info] {'13.74 Kwh'}
2020-05-15T13:35:19-0300 [stdout#info] {'14.1 Kwh'}
2020-05-15T13:35:19-0300 [stdout#info] {'11.08 Kwh'}
2020-05-15T13:35:19-0300 [-] 127.0.0.1:52394 - sending MQTT PUBLISH REQUEST - Number of events: 32
2020-05-15T13:35:19-0300 [twisted.internet.endpoints.OneShotFactory#info] Starting factory <twisted.internet.endpoints.connectProtocol.<locals>.OneShotFactory object at 0x7f40658e2080>
2020-05-15T13:35:19-0300 [twisted.internet.endpoints.OneShotFactory#info] Stopping factory <twisted.internet.endpoints.connectProtocol.<locals>.OneShotFactory object at 0x7f4065941b70>
2020-05-15T13:35:19-0300 [stdout#info] This divice have no simulation core instance
2020-05-15T13:35:19-0300 [twisted.internet.endpoints.OneShotFactory#info] Starting factory <twisted.internet.endpoints.connectProtocol.<locals>.OneShotFactory object at 0x7f40658e22e8>
2020-05-15T13:35:20-0300 [stdout#info] {'6.31 Kwh'}
2020-05-15T13:35:20-0300 [stdout#info] {'2.63 Kwh'}
2020-05-15T13:35:20-0300 [stdout#info] {'8.26 Kwh'}
2020-05-15T13:35:20-0300 [stdout#info] {'6.42 Kwh'}
2020-05-15T13:35:20-0300 [stdout#info] {'21.34 Kwh'}
2020-05-15T13:35:21-0300 [stdout#info] {'15.31 Kwh'}
2020-05-15T13:35:21-0300 [stdout#info] {'13.52 Kwh'}
2020-05-15T13:35:22-0300 [stdout#info] {'4.43 Kwh'}
2020-05-15T13:35:22-0300 [stdout#info] {'17.23 Kwh'}
2020-05-15T13:35:23-0300 [stdout#info] {'5.34 Kwh'}
2020-05-15T13:35:23-0300 [stdout#info] {'20.39 Kwh'}
2020-05-15T13:35:23-0300 [stdout#info] {'17.44 Kwh'}
2020-05-15T13:35:23-0300 [stdout#info] {'16.37 Kwh'}
2020-05-15T13:35:23-0300 [stdout#info] {'4.04 Kwh'}
2020-05-15T13:35:24-0300 [stdout#info] {'11.89 Kwh'}
2020-05-15T13:35:24-0300 [stdout#info] {'20.27 Kwh'}
2020-05-15T13:35:24-0300 [-] 127.0.0.1:52394 - sending MQTT PUBLISH REQUEST - Number of events: 33
2020-05-15T13:35:24-0300 [twisted.internet.endpoints.OneShotFactory#info] Starting factory <twisted.internet.endpoints.connectProtocol.<locals>.OneShotFactory object at 0x7f40658e2470>
2020-05-15T13:35:24-0300 [twisted.internet.endpoints.OneShotFactory#info] Stopping factory <twisted.internet.endpoints.connectProtocol.<locals>.OneShotFactory object at 0x7f40658e2080>
2020-05-15T13:35:24-0300 [stdout#info] This divice have no simulation core instance
2020-05-15T13:35:24-0300 [twisted.internet.endpoints.OneShotFactory#info] Starting factory <twisted.internet.endpoints.connectProtocol.<locals>.OneShotFactory object at 0x7f40658e2748>
2020-05-15T13:35:25-0300 [stdout#info] {'4.21 Kwh'}
2020-05-15T13:35:25-0300 [stdout#info] {'11.81 Kwh'}
2020-05-15T13:35:26-0300 [stdout#info] {'14.12 Kwh'}
2020-05-15T13:35:26-0300 [stdout#info] {'21.48 Kwh'}
2020-05-15T13:35:26-0300 [stdout#info] {'8.12 Kwh'}
2020-05-15T13:35:26-0300 [stdout#info] {'16.22 Kwh'}
2020-05-15T13:35:26-0300 [stdout#info] {'3.59 Kwh'}
2020-05-15T13:35:27-0300 [stdout#info] {'8.99 Kwh'}
2020-05-15T13:35:27-0300 [stdout#info] {'19.14 Kwh'}
2020-05-15T13:35:28-0300 [stdout#info] {'16.6 Kwh'}
2020-05-15T13:35:28-0300 [stdout#info] {'10.06 Kwh'}
2020-05-15T13:35:29-0300 [stdout#info] {'9.65 Kwh'}
2020-05-15T13:35:29-0300 [stdout#info] {'10.46 Kwh'}
2020-05-15T13:35:29-0300 [-] 127.0.0.1:52394 - sending MQTT PUBLISH REQUEST - Number of events: 34
2020-05-15T13:35:29-0300 [twisted.internet.endpoints.OneShotFactory#info] Starting factory <twisted.internet.endpoints.connectProtocol.<locals>.OneShotFactory object at 0x7f40658e2048>
2020-05-15T13:35:29-0300 [twisted.internet.endpoints.OneShotFactory#info] Stopping factory <twisted.internet.endpoints.connectProtocol.<locals>.OneShotFactory object at 0x7f40658e2470>
2020-05-15T13:35:29-0300 [stdout#info] This divice have no simulation core instance
2020-05-15T13:35:29-0300 [stdout#info] {'9.92 Kwh'}
2020-05-15T13:35:29-0300 [stdout#info] {'20.09 Kwh'}
2020-05-15T13:35:29-0300 [twisted.internet.endpoints.OneShotFactory#info] Starting factory <twisted.internet.endpoints.connectProtocol.<locals>.OneShotFactory object at 0x7f40658e2ba8>
2020-05-15T13:35:29-0300 [stdout#info] {'7.83 Kwh'}
2020-05-15T13:35:30-0300 [stdout#info] {'22.02 Kwh'}
2020-05-15T13:35:30-0300 [stdout#info] {'3.25 Kwh'}
2020-05-15T13:35:31-0300 [stdout#info] {'10.0 Kwh'}
2020-05-15T13:35:31-0300 [stdout#info] {'10.32 Kwh'}
2020-05-15T13:35:32-0300 [stdout#info] {'13.78 Kwh'}
2020-05-15T13:35:32-0300 [stdout#info] {'11.0 Kwh'}
2020-05-15T13:35:32-0300 [stdout#info] {'13.84 Kwh'}
2020-05-15T13:35:32-0300 [stdout#info] {'19.38 Kwh'}
2020-05-15T13:35:32-0300 [stdout#info] {'19.57 Kwh'}
2020-05-15T13:35:33-0300 [stdout#info] {'19.42 Kwh'}
2020-05-15T13:35:33-0300 [stdout#info] {'16.16 Kwh'}
2020-05-15T13:35:34-0300 [stdout#info] {'7.12 Kwh'}
2020-05-15T13:35:34-0300 [stdout#info] {'15.48 Kwh'}
2020-05-15T13:35:34-0300 [-] 127.0.0.1:52394 - sending MQTT PUBLISH REQUEST - Number of events: 35
2020-05-15T13:35:34-0300 [twisted.internet.endpoints.OneShotFactory#info] Starting factory <twisted.internet.endpoints.connectProtocol.<locals>.OneShotFactory object at 0x7f40658e2908>
2020-05-15T13:35:34-0300 [twisted.internet.endpoints.OneShotFactory#info] Stopping factory <twisted.internet.endpoints.connectProtocol.<locals>.OneShotFactory object at 0x7f40658e2048>
2020-05-15T13:35:34-0300 [stdout#info] This divice have no simulation core instance
2020-05-15T13:35:34-0300 [twisted.internet.endpoints.OneShotFactory#info] Starting factory <twisted.internet.endpoints.connectProtocol.<locals>.OneShotFactory object at 0x7f4065900048>
2020-05-15T13:35:35-0300 [stdout#info] {'6.11 Kwh'}
2020-05-15T13:35:35-0300 [stdout#info] {'16.49 Kwh'}
2020-05-15T13:35:35-0300 [stdout#info] {'14.36 Kwh'}
2020-05-15T13:35:35-0300 [stdout#info] {'20.77 Kwh'}
2020-05-15T13:35:35-0300 [stdout#info] {'3.7 Kwh'}
2020-05-15T13:35:36-0300 [stdout#info] {'21.31 Kwh'}
2020-05-15T13:35:36-0300 [stdout#info] {'5.42 Kwh'}
2020-05-15T13:35:37-0300 [stdout#info] {'22.43 Kwh'}
2020-05-15T13:35:37-0300 [stdout#info] {'17.14 Kwh'}
2020-05-15T13:35:38-0300 [stdout#info] {'15.22 Kwh'}
2020-05-15T13:35:38-0300 [stdout#info] {'11.45 Kwh'}
2020-05-15T13:35:38-0300 [stdout#info] {'4.32 Kwh'}
2020-05-15T13:35:38-0300 [stdout#info] {'18.51 Kwh'}
2020-05-15T13:35:38-0300 [stdout#info] {'8.41 Kwh'}
2020-05-15T13:35:39-0300 [stdout#info] {'8.83 Kwh'}
2020-05-15T13:35:39-0300 [stdout#info] {'15.83 Kwh'}
2020-05-15T13:35:39-0300 [-] 127.0.0.1:52394 - sending MQTT PUBLISH REQUEST - Number of events: 36
2020-05-15T13:35:39-0300 [twisted.internet.endpoints.OneShotFactory#info] Starting factory <twisted.internet.endpoints.connectProtocol.<locals>.OneShotFactory object at 0x7f40659002b0>
2020-05-15T13:35:39-0300 [twisted.internet.endpoints.OneShotFactory#info] Stopping factory <twisted.internet.endpoints.connectProtocol.<locals>.OneShotFactory object at 0x7f40658e2908>
2020-05-15T13:35:39-0300 [stdout#info] This divice have no simulation core instance
2020-05-15T13:35:39-0300 [twisted.internet.endpoints.OneShotFactory#info] Starting factory <twisted.internet.endpoints.connectProtocol.<locals>.OneShotFactory object at 0x7f40659004e0>
2020-05-15T13:35:40-0300 [stdout#info] {'8.89 Kwh'}
2020-05-15T13:35:40-0300 [stdout#info] {'20.03 Kwh'}
2020-05-15T13:35:41-0300 [stdout#info] {'19.11 Kwh'}
2020-05-15T13:35:41-0300 [stdout#info] {'22.35 Kwh'}
2020-05-15T13:35:41-0300 [stdout#info] {'21.69 Kwh'}
2020-05-15T13:35:41-0300 [stdout#info] {'12.46 Kwh'}
2020-05-15T13:35:41-0300 [stdout#info] {'16.18 Kwh'}
2020-05-15T13:35:42-0300 [stdout#info] {'22.2 Kwh'}
2020-05-15T13:35:42-0300 [stdout#info] {'22.39 Kwh'}
2020-05-15T13:35:43-0300 [stdout#info] {'17.11 Kwh'}
2020-05-15T13:35:43-0300 [stdout#info] {'2.58 Kwh'}
2020-05-15T13:35:44-0300 [stdout#info] {'2.71 Kwh'}
2020-05-15T13:35:44-0300 [stdout#info] {'3.34 Kwh'}
2020-05-15T13:35:44-0300 [-] 127.0.0.1:52394 - sending MQTT PUBLISH REQUEST - Number of events: 37
2020-05-15T13:35:44-0300 [twisted.internet.endpoints.OneShotFactory#info] Starting factory <twisted.internet.endpoints.connectProtocol.<locals>.OneShotFactory object at 0x7f4065900748>
2020-05-15T13:35:44-0300 [twisted.internet.endpoints.OneShotFactory#info] Stopping factory <twisted.internet.endpoints.connectProtocol.<locals>.OneShotFactory object at 0x7f40659002b0>
2020-05-15T13:35:44-0300 [stdout#info] This divice have no simulation core instance
2020-05-15T13:35:44-0300 [twisted.internet.endpoints.OneShotFactory#info] Starting factory <twisted.internet.endpoints.connectProtocol.<locals>.OneShotFactory object at 0x7f4065900908>
2020-05-15T13:35:44-0300 [stdout#info] {'7.49 Kwh'}
2020-05-15T13:35:44-0300 [stdout#info] {'20.05 Kwh'}
2020-05-15T13:35:44-0300 [stdout#info] {'3.3 Kwh'}
2020-05-15T13:35:45-0300 [stdout#info] {'12.4 Kwh'}
2020-05-15T13:35:45-0300 [stdout#info] {'20.8 Kwh'}
2020-05-15T13:35:46-0300 [stdout#info] {'8.5 Kwh'}
2020-05-15T13:35:46-0300 [stdout#info] {'22.2 Kwh'}
2020-05-15T13:35:47-0300 [stdout#info] {'17.93 Kwh'}
2020-05-15T13:35:47-0300 [stdout#info] {'22.47 Kwh'}
2020-05-15T13:35:47-0300 [stdout#info] {'21.27 Kwh'}
2020-05-15T13:35:47-0300 [stdout#info] {'16.12 Kwh'}
2020-05-15T13:35:47-0300 [stdout#info] {'15.72 Kwh'}
2020-05-15T13:35:48-0300 [stdout#info] {'17.95 Kwh'}
2020-05-15T13:35:48-0300 [stdout#info] {'20.89 Kwh'}
2020-05-15T13:35:49-0300 [stdout#info] {'17.47 Kwh'}
2020-05-15T13:35:49-0300 [-] 127.0.0.1:52394 - sending MQTT PUBLISH REQUEST - Number of events: 38
2020-05-15T13:35:49-0300 [stdout#info] {'14.31 Kwh'}
2020-05-15T13:35:49-0300 [twisted.internet.endpoints.OneShotFactory#info] Starting factory <twisted.internet.endpoints.connectProtocol.<locals>.OneShotFactory object at 0x7f4065900b70>
2020-05-15T13:35:49-0300 [twisted.internet.endpoints.OneShotFactory#info] Stopping factory <twisted.internet.endpoints.connectProtocol.<locals>.OneShotFactory object at 0x7f4065900748>
2020-05-15T13:35:49-0300 [stdout#info] This divice have no simulation core instance
2020-05-15T13:35:49-0300 [twisted.internet.endpoints.OneShotFactory#info] Starting factory <twisted.internet.endpoints.connectProtocol.<locals>.OneShotFactory object at 0x7f4065900da0>
2020-05-15T13:35:50-0300 [stdout#info] {'7.51 Kwh'}
2020-05-15T13:35:50-0300 [stdout#info] {'7.69 Kwh'}
2020-05-15T13:35:50-0300 [stdout#info] {'2.59 Kwh'}
2020-05-15T13:35:50-0300 [stdout#info] {'11.08 Kwh'}
2020-05-15T13:35:50-0300 [stdout#info] {'19.24 Kwh'}
2020-05-15T13:35:51-0300 [stdout#info] {'17.32 Kwh'}
2020-05-15T13:35:51-0300 [stdout#info] {'11.55 Kwh'}
2020-05-15T13:35:52-0300 [stdout#info] {'21.85 Kwh'}
2020-05-15T13:35:52-0300 [stdout#info] {'16.72 Kwh'}
2020-05-15T13:35:53-0300 [stdout#info] {'12.04 Kwh'}
2020-05-15T13:35:53-0300 [stdout#info] {'15.57 Kwh'}
2020-05-15T13:35:53-0300 [stdout#info] {'7.29 Kwh'}
2020-05-15T13:35:53-0300 [stdout#info] {'20.14 Kwh'}
2020-05-15T13:35:53-0300 [stdout#info] {'17.09 Kwh'}
2020-05-15T13:35:54-0300 [stdout#info] {'21.99 Kwh'}
2020-05-15T13:35:54-0300 [stdout#info] {'20.84 Kwh'}
2020-05-15T13:35:54-0300 [-] 127.0.0.1:52394 - sending MQTT PUBLISH REQUEST - Number of events: 39
2020-05-15T13:35:54-0300 [twisted.internet.endpoints.OneShotFactory#info] Starting factory <twisted.internet.endpoints.connectProtocol.<locals>.OneShotFactory object at 0x7f4065900d68>
2020-05-15T13:35:54-0300 [twisted.internet.endpoints.OneShotFactory#info] Stopping factory <twisted.internet.endpoints.connectProtocol.<locals>.OneShotFactory object at 0x7f4065900b70>
2020-05-15T13:35:54-0300 [stdout#info] This divice have no simulation core instance
2020-05-15T13:35:54-0300 [twisted.internet.endpoints.OneShotFactory#info] Starting factory <twisted.internet.endpoints.connectProtocol.<locals>.OneShotFactory object at 0x7f4065891208>
2020-05-15T13:35:55-0300 [stdout#info] {'15.18 Kwh'}
2020-05-15T13:35:55-0300 [stdout#info] {'4.37 Kwh'}
2020-05-15T13:35:56-0300 [stdout#info] {'16.39 Kwh'}
2020-05-15T13:35:56-0300 [stdout#info] {'19.0 Kwh'}
2020-05-15T13:35:56-0300 [stdout#info] {'4.49 Kwh'}
2020-05-15T13:35:56-0300 [stdout#info] {'21.56 Kwh'}
2020-05-15T13:35:56-0300 [stdout#info] {'5.23 Kwh'}
2020-05-15T13:35:57-0300 [stdout#info] {'3.82 Kwh'}
2020-05-15T13:35:57-0300 [stdout#info] {'12.61 Kwh'}
2020-05-15T13:35:58-0300 [stdout#info] {'6.18 Kwh'}
2020-05-15T13:35:58-0300 [-] Received SIGINT, shutting down.
2020-05-15T13:35:58-0300 [twisted.internet.endpoints.OneShotFactory#info] Stopping factory <twisted.internet.endpoints.connectProtocol.<locals>.OneShotFactory object at 0x7f40658e2748>
2020-05-15T13:35:58-0300 [twisted.internet.endpoints.OneShotFactory#info] Stopping factory <twisted.internet.endpoints.connectProtocol.<locals>.OneShotFactory object at 0x7f4065900d68>
2020-05-15T13:35:58-0300 [SubscriberApp,client] connection lost: Connection to the other side was lost in a non-clean fashion: Connection lost.
2020-05-15T13:35:58-0300 [SubscriberApp,client] connection lost - Number of events: 40
2020-05-15T13:35:58-0300 [twisted.internet.endpoints.OneShotFactory#info] Stopping factory <twisted.internet.endpoints.connectProtocol.<locals>.OneShotFactory object at 0x7f4064263f98>
2020-05-15T13:35:58-0300 [twisted.internet.endpoints.OneShotFactory#info] Stopping factory <twisted.internet.endpoints.connectProtocol.<locals>.OneShotFactory object at 0x7f4065900048>
2020-05-15T13:35:58-0300 [twisted.internet.endpoints.OneShotFactory#info] Stopping factory <twisted.internet.endpoints.connectProtocol.<locals>.OneShotFactory object at 0x7f40642538d0>
2020-05-15T13:35:58-0300 [twisted.internet.endpoints.OneShotFactory#info] Stopping factory <twisted.internet.endpoints.connectProtocol.<locals>.OneShotFactory object at 0x7f4065900908>
2020-05-15T13:35:58-0300 [twisted.internet.endpoints.OneShotFactory#info] Stopping factory <twisted.internet.endpoints.connectProtocol.<locals>.OneShotFactory object at 0x7f4065941128>
2020-05-15T13:35:58-0300 [twisted.internet.endpoints.OneShotFactory#info] Stopping factory <twisted.internet.endpoints.connectProtocol.<locals>.OneShotFactory object at 0x7f4065917940>
2020-05-15T13:35:58-0300 [twisted.internet.endpoints.OneShotFactory#info] Stopping factory <twisted.internet.endpoints.connectProtocol.<locals>.OneShotFactory object at 0x7f40659419e8>
2020-05-15T13:35:58-0300 [twisted.internet.endpoints.OneShotFactory#info] Stopping factory <twisted.internet.endpoints.connectProtocol.<locals>.OneShotFactory object at 0x7f4065891208>
2020-05-15T13:35:58-0300 [twisted.internet.endpoints.OneShotFactory#info] Stopping factory <twisted.internet.endpoints.connectProtocol.<locals>.OneShotFactory object at 0x7f4064263ac8>
2020-05-15T13:35:58-0300 [twisted.internet.endpoints.OneShotFactory#info] Stopping factory <twisted.internet.endpoints.connectProtocol.<locals>.OneShotFactory object at 0x7f40658e22e8>
2020-05-15T13:35:58-0300 [applications.routerapp.RouterFactory] (TCP Port 8081 Closed)
2020-05-15T13:35:58-0300 [twisted.internet.endpoints.OneShotFactory#info] Stopping factory <twisted.internet.endpoints.connectProtocol.<locals>.OneShotFactory object at 0x7f40658e2ba8>
2020-05-15T13:35:58-0300 [SubscriberApp,client] connection lost: Connection to the other side was lost in a non-clean fashion: Connection lost.
2020-05-15T13:35:58-0300 [SubscriberApp,client] connection lost - Number of events: 41
2020-05-15T13:35:58-0300 [applications.accesspointapp.AccessPointFactory] (TCP Port 8082 Closed)
2020-05-15T13:35:58-0300 [PublisherApp,client] connection lost: Connection to the other side was lost in a non-clean fashion: Connection lost.
2020-05-15T13:35:58-0300 [PublisherApp,client] connection lost - Number of events: 42
2020-05-15T13:35:58-0300 [twisted.internet.endpoints.OneShotFactory#info] Stopping factory <twisted.internet.endpoints.connectProtocol.<locals>.OneShotFactory object at 0x7f4065917470>
2020-05-15T13:35:58-0300 [twisted.internet.endpoints.OneShotFactory#info] Stopping factory <twisted.internet.endpoints.connectProtocol.<locals>.OneShotFactory object at 0x7f40659004e0>
2020-05-15T13:35:58-0300 [twisted.internet.endpoints.OneShotFactory#info] Stopping factory <twisted.internet.endpoints.connectProtocol.<locals>.OneShotFactory object at 0x7f4065917cf8>
2020-05-15T13:35:58-0300 [twisted.internet.endpoints.OneShotFactory#info] Stopping factory <twisted.internet.endpoints.connectProtocol.<locals>.OneShotFactory object at 0x7f4065941588>
2020-05-15T13:35:58-0300 [twisted.internet.endpoints.OneShotFactory#info] Stopping factory <twisted.internet.endpoints.connectProtocol.<locals>.OneShotFactory object at 0x7f4065900da0>
2020-05-15T13:35:58-0300 [twisted.internet.endpoints.OneShotFactory#info] Stopping factory <twisted.internet.endpoints.connectProtocol.<locals>.OneShotFactory object at 0x7f4065941e48>
2020-05-15T13:35:58-0300 [twisted.internet.endpoints.OneShotFactory#info] Stopping factory <twisted.internet.endpoints.connectProtocol.<locals>.OneShotFactory object at 0x7f40642536d8>
2020-05-15T13:35:58-0300 [applications.mqttapp.BrokerFactory] (TCP Port 5100 Closed)
2020-05-15T13:35:58-0300 [-] Main loop terminated.
