2020-05-18T21:14:54-0300 [-] Creating router ...
2020-05-18T21:14:54-0300 [-] Initializing Router - Number of events: 1
2020-05-18T21:14:55-0300 [-] RouterFactory starting on 8081
2020-05-18T21:14:55-0300 [-] Creating AccessPoint station ...
2020-05-18T21:14:55-0300 [-] Initializing Access Point - Number of events: 2
2020-05-18T21:14:55-0300 [-] AccessPointFactory starting on 8082
2020-05-18T21:14:55-0300 [-] Creating fog node ...
2020-05-18T21:14:55-0300 [-] Initializing Client - Number of events: 3
2020-05-18T21:14:56-0300 [-] Creating fog node ...
2020-05-18T21:14:56-0300 [-] Initializing Client - Number of events: 4
2020-05-18T21:14:56-0300 [-] Creating fog node ...
2020-05-18T21:14:56-0300 [-] Initializing Server - Number of events: 5
2020-05-18T21:14:57-0300 [-] BrokerFactory starting on 5100
2020-05-18T21:14:57-0300 [-] Creating iot node ...
2020-05-18T21:14:57-0300 [-] Initializing Client - Number of events: 6
2020-05-18T21:14:57-0300 [-] Initializing sensor node - Number of events: 7
2020-05-18T21:14:58-0300 [-] Initializing sensor node - Number of events: 8
2020-05-18T21:14:58-0300 [stdout#info] =========================================
2020-05-18T21:14:58-0300 [stdout#info] sensor_2  -  wsn_sink
2020-05-18T21:14:58-0300 [stdout#info] sensor_2  -  sensor_2
2020-05-18T21:14:58-0300 [-] Initializing sensor node - Number of events: 9
2020-05-18T21:14:59-0300 [stdout#info] =========================================
2020-05-18T21:14:59-0300 [stdout#info] sensor_3  -  sensor_3
2020-05-18T21:14:59-0300 [-] Initializing sensor node - Number of events: 10
2020-05-18T21:14:59-0300 [stdout#info] =========================================
2020-05-18T21:14:59-0300 [stdout#info] sensor_4  -  sensor_2
2020-05-18T21:14:59-0300 [stdout#info] sensor_4  -  sensor_4
2020-05-18T21:14:59-0300 [-] Initializing sensor node - Number of events: 11
2020-05-18T21:15:00-0300 [stdout#info] =========================================
2020-05-18T21:15:00-0300 [stdout#info] sensor_5  -  sensor_5
2020-05-18T21:15:00-0300 [stdout#info] sensor_5  -  sensor_3
2020-05-18T21:15:00-0300 [-] Initializing sensor node - Number of events: 12
2020-05-18T21:15:00-0300 [stdout#info] =========================================
2020-05-18T21:15:00-0300 [stdout#info] sensor_6  -  sensor_6
2020-05-18T21:15:00-0300 [stdout#info] sensor_6  -  sensor_5
2020-05-18T21:15:00-0300 [stdout#info] sensor_6  -  sensor_3
2020-05-18T21:15:00-0300 [-] Initializing sensor node - Number of events: 13
2020-05-18T21:15:01-0300 [stdout#info] =========================================
2020-05-18T21:15:01-0300 [stdout#info] sensor_7  -  sensor_7
2020-05-18T21:15:01-0300 [stdout#info] sensor_7  -  sensor_5
2020-05-18T21:15:01-0300 [-] Initializing sensor node - Number of events: 14
2020-05-18T21:15:01-0300 [stdout#info] =========================================
2020-05-18T21:15:01-0300 [stdout#info] sensor_8  -  sensor_8
2020-05-18T21:15:01-0300 [stdout#info] sensor_8  -  sensor_5
2020-05-18T21:15:01-0300 [-] Initializing sensor node - Number of events: 15
2020-05-18T21:15:02-0300 [stdout#info] =========================================
2020-05-18T21:15:02-0300 [stdout#info] sensor_9  -  sensor_6
2020-05-18T21:15:02-0300 [stdout#info] sensor_9  -  sensor_9
2020-05-18T21:15:02-0300 [stdout#info] sensor_9  -  sensor_7
2020-05-18T21:15:02-0300 [-] Initializing sensor node - Number of events: 16
2020-05-18T21:15:03-0300 [stdout#info] =========================================
2020-05-18T21:15:03-0300 [stdout#info] sensor_10  -  sensor_7
2020-05-18T21:15:03-0300 [stdout#info] sensor_10  -  sensor_8
2020-05-18T21:15:03-0300 [stdout#info] sensor_10  -  sensor_10
2020-05-18T21:15:03-0300 [stdout#info] This divice have no simulation core instance
2020-05-18T21:15:03-0300 [stdout#info] This divice have no simulation core instance
2020-05-18T21:15:03-0300 [stdout#info] This divice have no simulation core instance
2020-05-18T21:15:03-0300 [stdout#info] This divice have no simulation core instance
2020-05-18T21:15:03-0300 [stdout#info] This divice have no simulation core instance
2020-05-18T21:15:03-0300 [Uninitialized] 127.0.0.1:53900 - Connected to mqtt broker - Number of events: 17
2020-05-18T21:15:03-0300 [Uninitialized] 127.0.0.1:53900 - sending MQTT SUBSCRIBE REQUEST - Number of events: 18
2020-05-18T21:15:03-0300 [Uninitialized] 127.0.0.1:53902 - Connected to mqtt broker - Number of events: 19
2020-05-18T21:15:03-0300 [Uninitialized] 127.0.0.1:53902 - sending MQTT SUBSCRIBE REQUEST - Number of events: 20
2020-05-18T21:15:03-0300 [Uninitialized] 127.0.0.1:34550 - Connected to mqtt broker - Number of events: 21
2020-05-18T21:15:03-0300 [Uninitialized] 127.0.0.1:34550 - sending MQTT PUBLISH REQUEST - Number of events: 22
2020-05-18T21:15:03-0300 [twisted.internet.endpoints.OneShotFactory#info] Starting factory <twisted.internet.endpoints.connectProtocol.<locals>.OneShotFactory object at 0x7f9e7b88a470>
2020-05-18T21:15:03-0300 [twisted.internet.endpoints.OneShotFactory#info] Starting factory <twisted.internet.endpoints.connectProtocol.<locals>.OneShotFactory object at 0x7f9e7b88a668>
2020-05-18T21:15:03-0300 [twisted.internet.endpoints.OneShotFactory#info] Starting factory <twisted.internet.endpoints.connectProtocol.<locals>.OneShotFactory object at 0x7f9e7b88a898>
2020-05-18T21:15:03-0300 [stdout#info] This divice have no simulation core instance
2020-05-18T21:15:03-0300 [twisted.internet.endpoints.OneShotFactory#info] Starting factory <twisted.internet.endpoints.connectProtocol.<locals>.OneShotFactory object at 0x7f9e7b89b320>
2020-05-18T21:15:08-0300 [-] 127.0.0.1:34550 - sending MQTT PUBLISH REQUEST - Number of events: 23
2020-05-18T21:15:08-0300 [twisted.internet.endpoints.OneShotFactory#info] Starting factory <twisted.internet.endpoints.connectProtocol.<locals>.OneShotFactory object at 0x7f9e7b89b6a0>
2020-05-18T21:15:08-0300 [twisted.internet.endpoints.OneShotFactory#info] Stopping factory <twisted.internet.endpoints.connectProtocol.<locals>.OneShotFactory object at 0x7f9e7b88a898>
2020-05-18T21:15:08-0300 [stdout#info] This divice have no simulation core instance
2020-05-18T21:15:08-0300 [twisted.internet.endpoints.OneShotFactory#info] Starting factory <twisted.internet.endpoints.connectProtocol.<locals>.OneShotFactory object at 0x7f9e7b89b908>
2020-05-18T21:15:08-0300 [twisted.internet.endpoints.OneShotFactory#info] Stopping factory <twisted.internet.endpoints.connectProtocol.<locals>.OneShotFactory object at 0x7f9e7b89b320>
2020-05-18T21:15:13-0300 [-] 127.0.0.1:34550 - sending MQTT PUBLISH REQUEST - Number of events: 24
2020-05-18T21:15:13-0300 [twisted.internet.endpoints.OneShotFactory#info] Starting factory <twisted.internet.endpoints.connectProtocol.<locals>.OneShotFactory object at 0x7f9e7b89b828>
2020-05-18T21:15:13-0300 [twisted.internet.endpoints.OneShotFactory#info] Stopping factory <twisted.internet.endpoints.connectProtocol.<locals>.OneShotFactory object at 0x7f9e7b89b6a0>
2020-05-18T21:15:13-0300 [stdout#info] This divice have no simulation core instance
2020-05-18T21:15:13-0300 [twisted.internet.endpoints.OneShotFactory#info] Starting factory <twisted.internet.endpoints.connectProtocol.<locals>.OneShotFactory object at 0x7f9e7b89bd68>
2020-05-18T21:15:18-0300 [-] 127.0.0.1:34550 - sending MQTT PUBLISH REQUEST - Number of events: 25
2020-05-18T21:15:18-0300 [twisted.internet.endpoints.OneShotFactory#info] Starting factory <twisted.internet.endpoints.connectProtocol.<locals>.OneShotFactory object at 0x7f9e7b89bf98>
2020-05-18T21:15:18-0300 [twisted.internet.endpoints.OneShotFactory#info] Stopping factory <twisted.internet.endpoints.connectProtocol.<locals>.OneShotFactory object at 0x7f9e7b89b828>
2020-05-18T21:15:18-0300 [stdout#info] This divice have no simulation core instance
2020-05-18T21:15:18-0300 [twisted.internet.endpoints.OneShotFactory#info] Starting factory <twisted.internet.endpoints.connectProtocol.<locals>.OneShotFactory object at 0x7f9e7cf5e278>
2020-05-18T21:15:23-0300 [-] 127.0.0.1:34550 - sending MQTT PUBLISH REQUEST - Number of events: 26
2020-05-18T21:15:23-0300 [twisted.internet.endpoints.OneShotFactory#info] Starting factory <twisted.internet.endpoints.connectProtocol.<locals>.OneShotFactory object at 0x7f9e7cf5e4a8>
2020-05-18T21:15:23-0300 [twisted.internet.endpoints.OneShotFactory#info] Stopping factory <twisted.internet.endpoints.connectProtocol.<locals>.OneShotFactory object at 0x7f9e7b89bf98>
2020-05-18T21:15:23-0300 [stdout#info] This divice have no simulation core instance
2020-05-18T21:15:23-0300 [twisted.internet.endpoints.OneShotFactory#info] Starting factory <twisted.internet.endpoints.connectProtocol.<locals>.OneShotFactory object at 0x7f9e7cf5e748>
2020-05-18T21:15:28-0300 [-] 127.0.0.1:34550 - sending MQTT PUBLISH REQUEST - Number of events: 27
2020-05-18T21:15:28-0300 [twisted.internet.endpoints.OneShotFactory#info] Starting factory <twisted.internet.endpoints.connectProtocol.<locals>.OneShotFactory object at 0x7f9e7cf5e668>
2020-05-18T21:15:28-0300 [twisted.internet.endpoints.OneShotFactory#info] Stopping factory <twisted.internet.endpoints.connectProtocol.<locals>.OneShotFactory object at 0x7f9e7cf5e4a8>
2020-05-18T21:15:28-0300 [stdout#info] This divice have no simulation core instance
2020-05-18T21:15:28-0300 [twisted.internet.endpoints.OneShotFactory#info] Starting factory <twisted.internet.endpoints.connectProtocol.<locals>.OneShotFactory object at 0x7f9e7cf5eb00>
2020-05-18T21:15:33-0300 [-] 127.0.0.1:34550 - sending MQTT PUBLISH REQUEST - Number of events: 28
2020-05-18T21:15:33-0300 [twisted.internet.endpoints.OneShotFactory#info] Starting factory <twisted.internet.endpoints.connectProtocol.<locals>.OneShotFactory object at 0x7f9e7cf5ecf8>
2020-05-18T21:15:33-0300 [twisted.internet.endpoints.OneShotFactory#info] Stopping factory <twisted.internet.endpoints.connectProtocol.<locals>.OneShotFactory object at 0x7f9e7cf5e668>
2020-05-18T21:15:33-0300 [stdout#info] This divice have no simulation core instance
2020-05-18T21:15:33-0300 [twisted.internet.endpoints.OneShotFactory#info] Starting factory <twisted.internet.endpoints.connectProtocol.<locals>.OneShotFactory object at 0x7f9e7cf5eef0>
2020-05-18T21:15:38-0300 [-] 127.0.0.1:34550 - sending MQTT PUBLISH REQUEST - Number of events: 29
2020-05-18T21:15:38-0300 [twisted.internet.endpoints.OneShotFactory#info] Starting factory <twisted.internet.endpoints.connectProtocol.<locals>.OneShotFactory object at 0x7f9e7cf12048>
2020-05-18T21:15:38-0300 [twisted.internet.endpoints.OneShotFactory#info] Stopping factory <twisted.internet.endpoints.connectProtocol.<locals>.OneShotFactory object at 0x7f9e7cf5ecf8>
2020-05-18T21:15:38-0300 [stdout#info] This divice have no simulation core instance
2020-05-18T21:15:38-0300 [twisted.internet.endpoints.OneShotFactory#info] Starting factory <twisted.internet.endpoints.connectProtocol.<locals>.OneShotFactory object at 0x7f9e7cf12390>
2020-05-18T21:15:43-0300 [-] 127.0.0.1:34550 - sending MQTT PUBLISH REQUEST - Number of events: 30
2020-05-18T21:15:43-0300 [twisted.internet.endpoints.OneShotFactory#info] Starting factory <twisted.internet.endpoints.connectProtocol.<locals>.OneShotFactory object at 0x7f9e7cf122b0>
2020-05-18T21:15:43-0300 [twisted.internet.endpoints.OneShotFactory#info] Stopping factory <twisted.internet.endpoints.connectProtocol.<locals>.OneShotFactory object at 0x7f9e7cf12048>
2020-05-18T21:15:43-0300 [stdout#info] This divice have no simulation core instance
2020-05-18T21:15:43-0300 [twisted.internet.endpoints.OneShotFactory#info] Starting factory <twisted.internet.endpoints.connectProtocol.<locals>.OneShotFactory object at 0x7f9e7cf127f0>
2020-05-18T21:15:48-0300 [-] 127.0.0.1:34550 - sending MQTT PUBLISH REQUEST - Number of events: 31
2020-05-18T21:15:48-0300 [twisted.internet.endpoints.OneShotFactory#info] Starting factory <twisted.internet.endpoints.connectProtocol.<locals>.OneShotFactory object at 0x7f9e7cf12518>
2020-05-18T21:15:48-0300 [twisted.internet.endpoints.OneShotFactory#info] Stopping factory <twisted.internet.endpoints.connectProtocol.<locals>.OneShotFactory object at 0x7f9e7cf122b0>
2020-05-18T21:15:48-0300 [stdout#info] This divice have no simulation core instance
2020-05-18T21:15:48-0300 [twisted.internet.endpoints.OneShotFactory#info] Starting factory <twisted.internet.endpoints.connectProtocol.<locals>.OneShotFactory object at 0x7f9e7cf12c50>
2020-05-18T21:15:53-0300 [-] 127.0.0.1:34550 - sending MQTT PUBLISH REQUEST - Number of events: 32
2020-05-18T21:15:53-0300 [twisted.internet.endpoints.OneShotFactory#info] Starting factory <twisted.internet.endpoints.connectProtocol.<locals>.OneShotFactory object at 0x7f9e7cf12dd8>
2020-05-18T21:15:53-0300 [twisted.internet.endpoints.OneShotFactory#info] Stopping factory <twisted.internet.endpoints.connectProtocol.<locals>.OneShotFactory object at 0x7f9e7cf12518>
2020-05-18T21:15:53-0300 [stdout#info] This divice have no simulation core instance
2020-05-18T21:15:53-0300 [twisted.internet.endpoints.OneShotFactory#info] Starting factory <twisted.internet.endpoints.connectProtocol.<locals>.OneShotFactory object at 0x7f9e7cf300f0>
2020-05-18T21:15:58-0300 [-] 127.0.0.1:34550 - sending MQTT PUBLISH REQUEST - Number of events: 33
2020-05-18T21:15:58-0300 [twisted.internet.endpoints.OneShotFactory#info] Starting factory <twisted.internet.endpoints.connectProtocol.<locals>.OneShotFactory object at 0x7f9e7cf30278>
2020-05-18T21:15:58-0300 [twisted.internet.endpoints.OneShotFactory#info] Stopping factory <twisted.internet.endpoints.connectProtocol.<locals>.OneShotFactory object at 0x7f9e7cf12dd8>
2020-05-18T21:15:58-0300 [stdout#info] This divice have no simulation core instance
2020-05-18T21:15:58-0300 [twisted.internet.endpoints.OneShotFactory#info] Starting factory <twisted.internet.endpoints.connectProtocol.<locals>.OneShotFactory object at 0x7f9e7cf30550>
2020-05-18T21:16:03-0300 [-] 127.0.0.1:34550 - sending MQTT PUBLISH REQUEST - Number of events: 34
2020-05-18T21:16:03-0300 [twisted.internet.endpoints.OneShotFactory#info] Starting factory <twisted.internet.endpoints.connectProtocol.<locals>.OneShotFactory object at 0x7f9e7cf300b8>
2020-05-18T21:16:03-0300 [twisted.internet.endpoints.OneShotFactory#info] Stopping factory <twisted.internet.endpoints.connectProtocol.<locals>.OneShotFactory object at 0x7f9e7cf30278>
2020-05-18T21:16:03-0300 [stdout#info] This divice have no simulation core instance
2020-05-18T21:16:03-0300 [twisted.internet.endpoints.OneShotFactory#info] Starting factory <twisted.internet.endpoints.connectProtocol.<locals>.OneShotFactory object at 0x7f9e7cf309b0>
2020-05-18T21:16:04-0300 [-] Closing IoTFogSim Application...
2020-05-18T21:16:04-0300 [twisted.internet.endpoints.OneShotFactory#info] Stopping factory <twisted.internet.endpoints.connectProtocol.<locals>.OneShotFactory object at 0x7f9e7cf5e748>
2020-05-18T21:16:04-0300 [twisted.internet.endpoints.OneShotFactory#info] Stopping factory <twisted.internet.endpoints.connectProtocol.<locals>.OneShotFactory object at 0x7f9e7cf300b8>
2020-05-18T21:16:04-0300 [twisted.internet.endpoints.OneShotFactory#info] Stopping factory <twisted.internet.endpoints.connectProtocol.<locals>.OneShotFactory object at 0x7f9e7cf127f0>
2020-05-18T21:16:04-0300 [applications.mqttapp.BrokerFactory] (TCP Port 5100 Closed)
2020-05-18T21:16:04-0300 [twisted.internet.endpoints.OneShotFactory#info] Stopping factory <twisted.internet.endpoints.connectProtocol.<locals>.OneShotFactory object at 0x7f9e7cf300f0>
2020-05-18T21:16:04-0300 [twisted.internet.endpoints.OneShotFactory#info] Stopping factory <twisted.internet.endpoints.connectProtocol.<locals>.OneShotFactory object at 0x7f9e7b89b908>
2020-05-18T21:16:04-0300 [SubscriberApp,client] connection lost: Connection to the other side was lost in a non-clean fashion: Connection lost.
2020-05-18T21:16:04-0300 [SubscriberApp,client] connection lost - Number of events: 35
2020-05-18T21:16:04-0300 [twisted.internet.endpoints.OneShotFactory#info] Stopping factory <twisted.internet.endpoints.connectProtocol.<locals>.OneShotFactory object at 0x7f9e7cf309b0>
2020-05-18T21:16:04-0300 [twisted.internet.endpoints.OneShotFactory#info] Stopping factory <twisted.internet.endpoints.connectProtocol.<locals>.OneShotFactory object at 0x7f9e7cf5e278>
2020-05-18T21:16:04-0300 [twisted.internet.endpoints.OneShotFactory#info] Stopping factory <twisted.internet.endpoints.connectProtocol.<locals>.OneShotFactory object at 0x7f9e7cf5eb00>
2020-05-18T21:16:04-0300 [twisted.internet.endpoints.OneShotFactory#info] Stopping factory <twisted.internet.endpoints.connectProtocol.<locals>.OneShotFactory object at 0x7f9e7cf12390>
2020-05-18T21:16:04-0300 [twisted.internet.endpoints.OneShotFactory#info] Stopping factory <twisted.internet.endpoints.connectProtocol.<locals>.OneShotFactory object at 0x7f9e7cf12c50>
2020-05-18T21:16:04-0300 [twisted.internet.endpoints.OneShotFactory#info] Stopping factory <twisted.internet.endpoints.connectProtocol.<locals>.OneShotFactory object at 0x7f9e7b88a470>
2020-05-18T21:16:04-0300 [applications.routerapp.RouterFactory] (TCP Port 8081 Closed)
2020-05-18T21:16:04-0300 [SubscriberApp,client] connection lost: Connection to the other side was lost in a non-clean fashion: Connection lost.
2020-05-18T21:16:04-0300 [SubscriberApp,client] connection lost - Number of events: 36
2020-05-18T21:16:04-0300 [twisted.internet.endpoints.OneShotFactory#info] Stopping factory <twisted.internet.endpoints.connectProtocol.<locals>.OneShotFactory object at 0x7f9e7b89bd68>
2020-05-18T21:16:04-0300 [twisted.internet.endpoints.OneShotFactory#info] Stopping factory <twisted.internet.endpoints.connectProtocol.<locals>.OneShotFactory object at 0x7f9e7cf30550>
2020-05-18T21:16:04-0300 [applications.accesspointapp.AccessPointFactory] (TCP Port 8082 Closed)
2020-05-18T21:16:04-0300 [PublisherApp,client] connection lost: Connection to the other side was lost in a non-clean fashion: Connection lost.
2020-05-18T21:16:04-0300 [PublisherApp,client] connection lost - Number of events: 37
2020-05-18T21:16:04-0300 [twisted.internet.endpoints.OneShotFactory#info] Stopping factory <twisted.internet.endpoints.connectProtocol.<locals>.OneShotFactory object at 0x7f9e7b88a668>
2020-05-18T21:16:04-0300 [twisted.internet.endpoints.OneShotFactory#info] Stopping factory <twisted.internet.endpoints.connectProtocol.<locals>.OneShotFactory object at 0x7f9e7cf5eef0>
2020-05-18T21:16:04-0300 [-] Main loop terminated.
