2020-05-15T13:36:03-0300 [-] Creating router ...
2020-05-15T13:36:03-0300 [-] Initializing Router - Number of events: 1
2020-05-15T13:36:04-0300 [-] RouterFactory starting on 8081
2020-05-15T13:36:04-0300 [-] Creating AccessPoint station ...
2020-05-15T13:36:04-0300 [-] Initializing Access Point - Number of events: 2
2020-05-15T13:36:04-0300 [-] AccessPointFactory starting on 8082
2020-05-15T13:36:05-0300 [-] Creating fog node ...
2020-05-15T13:36:05-0300 [-] Initializing Client - Number of events: 3
2020-05-15T13:36:05-0300 [-] Creating fog node ...
2020-05-15T13:36:05-0300 [-] Initializing Client - Number of events: 4
2020-05-15T13:36:06-0300 [-] Creating fog node ...
2020-05-15T13:36:06-0300 [-] Initializing Server - Number of events: 5
2020-05-15T13:36:06-0300 [-] BrokerFactory starting on 5100
2020-05-15T13:36:06-0300 [-] Creating iot node ...
2020-05-15T13:36:06-0300 [-] Initializing Client - Number of events: 6
2020-05-15T13:36:07-0300 [-] Initializing sensor node - Number of events: 7
2020-05-15T13:36:07-0300 [-] Initializing sensor node - Number of events: 8
2020-05-15T13:36:08-0300 [stdout#info] {<scinetsim.standarddevice.WSNSensorNode object at 0x7fb86ed54358>, None, <scinetsim.standarddevice.WSNSinkNode object at 0x7fb86ed4cdd8>}
2020-05-15T13:36:08-0300 [stdout#info] {'8.75 Kwh'}
2020-05-15T13:36:08-0300 [-] Initializing sensor node - Number of events: 9
2020-05-15T13:36:08-0300 [stdout#info] {<scinetsim.standarddevice.WSNSensorNode object at 0x7fb86ed546a0>, None, <scinetsim.standarddevice.WSNSensorNode object at 0x7fb86ed54358>}
2020-05-15T13:36:08-0300 [stdout#info] {'3.05 Kwh'}
2020-05-15T13:36:08-0300 [-] Initializing sensor node - Number of events: 10
2020-05-15T13:36:09-0300 [stdout#info] {<scinetsim.standarddevice.WSNSensorNode object at 0x7fb86ed54a20>, <scinetsim.standarddevice.WSNSensorNode object at 0x7fb86ed546a0>, <scinetsim.standarddevice.WSNSensorNode object at 0x7fb86ed54358>, None, <scinetsim.standarddevice.WSNSinkNode object at 0x7fb86ed4cdd8>}
2020-05-15T13:36:09-0300 [stdout#info] {'9.3 Kwh'}
2020-05-15T13:36:09-0300 [-] Initializing sensor node - Number of events: 11
2020-05-15T13:36:09-0300 [stdout#info] {<scinetsim.standarddevice.WSNSensorNode object at 0x7fb86ed54a20>, <scinetsim.standarddevice.WSNSensorNode object at 0x7fb86ed546a0>, <scinetsim.standarddevice.WSNSensorNode object at 0x7fb86ed54358>, <scinetsim.standarddevice.WSNSensorNode object at 0x7fb86ed54d68>, None}
2020-05-15T13:36:09-0300 [stdout#info] {'20.71 Kwh'}
2020-05-15T13:36:09-0300 [-] Initializing sensor node - Number of events: 12
2020-05-15T13:36:10-0300 [stdout#info] {<scinetsim.standarddevice.WSNSensorNode object at 0x7fb86ed54a20>, <scinetsim.standarddevice.WSNSensorNode object at 0x7fb86ed546a0>, <scinetsim.standarddevice.WSNSensorNode object at 0x7fb86ed54358>, <scinetsim.standarddevice.WSNSensorNode object at 0x7fb86ed54d68>, <scinetsim.standarddevice.WSNSensorNode object at 0x7fb86ed5c160>, None}
2020-05-15T13:36:10-0300 [stdout#info] {'17.08 Kwh'}
2020-05-15T13:36:10-0300 [-] Initializing sensor node - Number of events: 13
2020-05-15T13:36:10-0300 [stdout#info] {<scinetsim.standarddevice.WSNSensorNode object at 0x7fb86ed5c4e0>, <scinetsim.standarddevice.WSNSensorNode object at 0x7fb86ed546a0>, None, <scinetsim.standarddevice.WSNSensorNode object at 0x7fb86ed54d68>}
2020-05-15T13:36:10-0300 [stdout#info] {'9.16 Kwh'}
2020-05-15T13:36:10-0300 [-] Initializing sensor node - Number of events: 14
2020-05-15T13:36:11-0300 [stdout#info] {<scinetsim.standarddevice.WSNSensorNode object at 0x7fb86ed5c860>, None, <scinetsim.standarddevice.WSNSensorNode object at 0x7fb86ed54d68>}
2020-05-15T13:36:11-0300 [stdout#info] {'6.44 Kwh'}
2020-05-15T13:36:11-0300 [-] Initializing sensor node - Number of events: 15
2020-05-15T13:36:11-0300 [stdout#info] {<scinetsim.standarddevice.WSNSensorNode object at 0x7fb86ed546a0>, <scinetsim.standarddevice.WSNSensorNode object at 0x7fb86ed5c4e0>, <scinetsim.standarddevice.WSNSensorNode object at 0x7fb86ed54358>, <scinetsim.standarddevice.WSNSensorNode object at 0x7fb86ed5c160>, None, <scinetsim.standarddevice.WSNSensorNode object at 0x7fb86ed5cbe0>}
2020-05-15T13:36:11-0300 [stdout#info] {'14.38 Kwh'}
2020-05-15T13:36:11-0300 [-] Initializing sensor node - Number of events: 16
2020-05-15T13:36:12-0300 [stdout#info] {<scinetsim.standarddevice.WSNSensorNode object at 0x7fb86ed5cf60>, <scinetsim.standarddevice.WSNSensorNode object at 0x7fb86ed5c860>, None, <scinetsim.standarddevice.WSNSensorNode object at 0x7fb86ed5c4e0>}
2020-05-15T13:36:12-0300 [stdout#info] {'4.96 Kwh'}
2020-05-15T13:36:12-0300 [stdout#info] <scinetsim.standarddevice.WSNSensorNode object at 0x7fb86ed54a20>
2020-05-15T13:36:12-0300 [stdout#info] <scinetsim.standarddevice.WSNSensorNode object at 0x7fb86ed5c860>
2020-05-15T13:36:12-0300 [stdout#info] <scinetsim.standarddevice.WSNSensorNode object at 0x7fb86ed546a0>
2020-05-15T13:36:12-0300 [stdout#info] <scinetsim.standarddevice.WSNSensorNode object at 0x7fb86ed5c4e0>
2020-05-15T13:36:12-0300 [stdout#info] <scinetsim.standarddevice.WSNSensorNode object at 0x7fb86ed54358>
2020-05-15T13:36:12-0300 [stdout#info] <scinetsim.standarddevice.WSNSensorNode object at 0x7fb86ed54d68>
2020-05-15T13:36:12-0300 [stdout#info] <scinetsim.standarddevice.WSNSensorNode object at 0x7fb86ed5c160>
2020-05-15T13:36:12-0300 [stdout#info] <scinetsim.standarddevice.WSNSensorNode object at 0x7fb86ed5cf60>
2020-05-15T13:36:12-0300 [stdout#info] <scinetsim.standarddevice.WSNSensorNode object at 0x7fb86ed5cbe0>
2020-05-15T13:36:12-0300 [stdout#info] {'11.15 Kwh'}
2020-05-15T13:36:12-0300 [stdout#info] {'20.23 Kwh'}
2020-05-15T13:36:12-0300 [stdout#info] {'13.12 Kwh'}
2020-05-15T13:36:12-0300 [stdout#info] This divice have no simulation core instance
2020-05-15T13:36:12-0300 [stdout#info] This divice have no simulation core instance
2020-05-15T13:36:12-0300 [stdout#info] This divice have no simulation core instance
2020-05-15T13:36:12-0300 [stdout#info] This divice have no simulation core instance
2020-05-15T13:36:12-0300 [stdout#info] This divice have no simulation core instance
2020-05-15T13:36:12-0300 [Uninitialized] 127.0.0.1:36168 - Connected to mqtt broker - Number of events: 17
2020-05-15T13:36:12-0300 [Uninitialized] 127.0.0.1:36168 - sending MQTT SUBSCRIBE REQUEST - Number of events: 18
2020-05-15T13:36:12-0300 [Uninitialized] 127.0.0.1:36170 - Connected to mqtt broker - Number of events: 19
2020-05-15T13:36:12-0300 [Uninitialized] 127.0.0.1:36170 - sending MQTT SUBSCRIBE REQUEST - Number of events: 20
2020-05-15T13:36:12-0300 [Uninitialized] 127.0.0.1:52494 - Connected to mqtt broker - Number of events: 21
2020-05-15T13:36:12-0300 [Uninitialized] 127.0.0.1:52494 - sending MQTT PUBLISH REQUEST - Number of events: 22
2020-05-15T13:36:12-0300 [twisted.internet.endpoints.OneShotFactory#info] Starting factory <twisted.internet.endpoints.connectProtocol.<locals>.OneShotFactory object at 0x7fb86ed65710>
2020-05-15T13:36:12-0300 [twisted.internet.endpoints.OneShotFactory#info] Starting factory <twisted.internet.endpoints.connectProtocol.<locals>.OneShotFactory object at 0x7fb86ed65908>
2020-05-15T13:36:12-0300 [twisted.internet.endpoints.OneShotFactory#info] Starting factory <twisted.internet.endpoints.connectProtocol.<locals>.OneShotFactory object at 0x7fb86ed65b38>
2020-05-15T13:36:12-0300 [stdout#info] This divice have no simulation core instance
2020-05-15T13:36:12-0300 [twisted.internet.endpoints.OneShotFactory#info] Starting factory <twisted.internet.endpoints.connectProtocol.<locals>.OneShotFactory object at 0x7fb86ed76518>
2020-05-15T13:36:12-0300 [stdout#info] {'19.05 Kwh'}
2020-05-15T13:36:13-0300 [stdout#info] {'16.72 Kwh'}
2020-05-15T13:36:13-0300 [stdout#info] {'18.33 Kwh'}
2020-05-15T13:36:14-0300 [stdout#info] {'9.16 Kwh'}
2020-05-15T13:36:14-0300 [stdout#info] {'5.79 Kwh'}
2020-05-15T13:36:15-0300 [stdout#info] {'12.93 Kwh'}
2020-05-15T13:36:15-0300 [stdout#info] {'18.25 Kwh'}
2020-05-15T13:36:15-0300 [stdout#info] {'10.46 Kwh'}
2020-05-15T13:36:15-0300 [stdout#info] {'9.99 Kwh'}
2020-05-15T13:36:15-0300 [stdout#info] {'12.13 Kwh'}
2020-05-15T13:36:16-0300 [stdout#info] {'2.51 Kwh'}
2020-05-15T13:36:16-0300 [stdout#info] {'12.03 Kwh'}
2020-05-15T13:36:17-0300 [stdout#info] {'14.61 Kwh'}
2020-05-15T13:36:17-0300 [-] 127.0.0.1:52494 - sending MQTT PUBLISH REQUEST - Number of events: 23
2020-05-15T13:36:17-0300 [twisted.internet.endpoints.OneShotFactory#info] Starting factory <twisted.internet.endpoints.connectProtocol.<locals>.OneShotFactory object at 0x7fb86ed768d0>
2020-05-15T13:36:17-0300 [twisted.internet.endpoints.OneShotFactory#info] Stopping factory <twisted.internet.endpoints.connectProtocol.<locals>.OneShotFactory object at 0x7fb86ed65b38>
2020-05-15T13:36:17-0300 [stdout#info] This divice have no simulation core instance
2020-05-15T13:36:17-0300 [twisted.internet.endpoints.OneShotFactory#info] Starting factory <twisted.internet.endpoints.connectProtocol.<locals>.OneShotFactory object at 0x7fb86ed76b00>
2020-05-15T13:36:17-0300 [twisted.internet.endpoints.OneShotFactory#info] Stopping factory <twisted.internet.endpoints.connectProtocol.<locals>.OneShotFactory object at 0x7fb86ed76518>
2020-05-15T13:36:17-0300 [stdout#info] {'20.66 Kwh'}
2020-05-15T13:36:18-0300 [stdout#info] {'21.86 Kwh'}
2020-05-15T13:36:18-0300 [stdout#info] {'12.32 Kwh'}
2020-05-15T13:36:18-0300 [stdout#info] {'15.66 Kwh'}
2020-05-15T13:36:18-0300 [stdout#info] {'6.85 Kwh'}
2020-05-15T13:36:18-0300 [stdout#info] {'19.72 Kwh'}
2020-05-15T13:36:19-0300 [stdout#info] {'2.72 Kwh'}
2020-05-15T13:36:19-0300 [stdout#info] {'17.14 Kwh'}
2020-05-15T13:36:20-0300 [stdout#info] {'9.04 Kwh'}
2020-05-15T13:36:20-0300 [stdout#info] {'14.26 Kwh'}
2020-05-15T13:36:21-0300 [stdout#info] {'20.99 Kwh'}
2020-05-15T13:36:21-0300 [stdout#info] {'7.83 Kwh'}
2020-05-15T13:36:21-0300 [stdout#info] {'4.9 Kwh'}
2020-05-15T13:36:21-0300 [stdout#info] {'15.84 Kwh'}
2020-05-15T13:36:21-0300 [stdout#info] {'21.9 Kwh'}
2020-05-15T13:36:22-0300 [stdout#info] {'22.19 Kwh'}
2020-05-15T13:36:22-0300 [-] 127.0.0.1:52494 - sending MQTT PUBLISH REQUEST - Number of events: 24
2020-05-15T13:36:22-0300 [twisted.internet.endpoints.OneShotFactory#info] Starting factory <twisted.internet.endpoints.connectProtocol.<locals>.OneShotFactory object at 0x7fb86ed76da0>
2020-05-15T13:36:22-0300 [twisted.internet.endpoints.OneShotFactory#info] Stopping factory <twisted.internet.endpoints.connectProtocol.<locals>.OneShotFactory object at 0x7fb86ed768d0>
2020-05-15T13:36:22-0300 [stdout#info] This divice have no simulation core instance
2020-05-15T13:36:22-0300 [twisted.internet.endpoints.OneShotFactory#info] Starting factory <twisted.internet.endpoints.connectProtocol.<locals>.OneShotFactory object at 0x7fb86ed76fd0>
2020-05-15T13:36:22-0300 [stdout#info] {'7.71 Kwh'}
2020-05-15T13:36:23-0300 [stdout#info] {'18.58 Kwh'}
2020-05-15T13:36:23-0300 [stdout#info] {'20.77 Kwh'}
2020-05-15T13:36:24-0300 [stdout#info] {'16.98 Kwh'}
2020-05-15T13:36:24-0300 [stdout#info] {'22.48 Kwh'}
2020-05-15T13:36:24-0300 [stdout#info] {'6.26 Kwh'}
2020-05-15T13:36:24-0300 [stdout#info] {'5.08 Kwh'}
2020-05-15T13:36:24-0300 [stdout#info] {'11.76 Kwh'}
2020-05-15T13:36:25-0300 [stdout#info] {'20.93 Kwh'}
2020-05-15T13:36:25-0300 [stdout#info] {'8.37 Kwh'}
2020-05-15T13:36:26-0300 [stdout#info] {'10.31 Kwh'}
2020-05-15T13:36:26-0300 [stdout#info] {'2.74 Kwh'}
2020-05-15T13:36:27-0300 [stdout#info] {'9.02 Kwh'}
2020-05-15T13:36:27-0300 [stdout#info] {'8.94 Kwh'}
2020-05-15T13:36:27-0300 [stdout#info] {'3.08 Kwh'}
2020-05-15T13:36:27-0300 [stdout#info] {'18.57 Kwh'}
2020-05-15T13:36:27-0300 [-] 127.0.0.1:52494 - sending MQTT PUBLISH REQUEST - Number of events: 25
2020-05-15T13:36:27-0300 [twisted.internet.endpoints.OneShotFactory#info] Starting factory <twisted.internet.endpoints.connectProtocol.<locals>.OneShotFactory object at 0x7fb870429128>
2020-05-15T13:36:27-0300 [twisted.internet.endpoints.OneShotFactory#info] Stopping factory <twisted.internet.endpoints.connectProtocol.<locals>.OneShotFactory object at 0x7fb86ed76da0>
2020-05-15T13:36:27-0300 [stdout#info] This divice have no simulation core instance
2020-05-15T13:36:27-0300 [twisted.internet.endpoints.OneShotFactory#info] Starting factory <twisted.internet.endpoints.connectProtocol.<locals>.OneShotFactory object at 0x7fb8704294a8>
2020-05-15T13:36:27-0300 [stdout#info] {'6.42 Kwh'}
2020-05-15T13:36:28-0300 [stdout#info] {'8.19 Kwh'}
2020-05-15T13:36:28-0300 [stdout#info] {'15.07 Kwh'}
2020-05-15T13:36:29-0300 [stdout#info] {'9.02 Kwh'}
2020-05-15T13:36:29-0300 [stdout#info] {'13.98 Kwh'}
2020-05-15T13:36:30-0300 [stdout#info] {'21.74 Kwh'}
2020-05-15T13:36:30-0300 [stdout#info] {'7.36 Kwh'}
2020-05-15T13:36:30-0300 [stdout#info] {'21.09 Kwh'}
2020-05-15T13:36:30-0300 [stdout#info] {'15.2 Kwh'}
2020-05-15T13:36:30-0300 [stdout#info] {'11.88 Kwh'}
2020-05-15T13:36:31-0300 [stdout#info] {'12.67 Kwh'}
2020-05-15T13:36:31-0300 [stdout#info] {'10.92 Kwh'}
2020-05-15T13:36:32-0300 [stdout#info] {'20.27 Kwh'}
2020-05-15T13:36:32-0300 [-] 127.0.0.1:52494 - sending MQTT PUBLISH REQUEST - Number of events: 26
2020-05-15T13:36:32-0300 [twisted.internet.endpoints.OneShotFactory#info] Starting factory <twisted.internet.endpoints.connectProtocol.<locals>.OneShotFactory object at 0x7fb870429748>
2020-05-15T13:36:32-0300 [twisted.internet.endpoints.OneShotFactory#info] Stopping factory <twisted.internet.endpoints.connectProtocol.<locals>.OneShotFactory object at 0x7fb870429128>
2020-05-15T13:36:32-0300 [stdout#info] This divice have no simulation core instance
2020-05-15T13:36:32-0300 [twisted.internet.endpoints.OneShotFactory#info] Starting factory <twisted.internet.endpoints.connectProtocol.<locals>.OneShotFactory object at 0x7fb870429978>
2020-05-15T13:36:32-0300 [stdout#info] {'2.72 Kwh'}
2020-05-15T13:36:33-0300 [stdout#info] {'19.81 Kwh'}
2020-05-15T13:36:33-0300 [stdout#info] {'21.95 Kwh'}
2020-05-15T13:36:33-0300 [stdout#info] {'20.6 Kwh'}
2020-05-15T13:36:33-0300 [stdout#info] {'20.61 Kwh'}
2020-05-15T13:36:33-0300 [stdout#info] {'21.29 Kwh'}
2020-05-15T13:36:34-0300 [stdout#info] {'16.3 Kwh'}
2020-05-15T13:36:34-0300 [stdout#info] {'10.13 Kwh'}
2020-05-15T13:36:35-0300 [stdout#info] {'13.51 Kwh'}
2020-05-15T13:36:35-0300 [stdout#info] {'14.69 Kwh'}
2020-05-15T13:36:36-0300 [stdout#info] {'3.92 Kwh'}
2020-05-15T13:36:36-0300 [stdout#info] {'6.91 Kwh'}
2020-05-15T13:36:36-0300 [stdout#info] {'19.4 Kwh'}
2020-05-15T13:36:36-0300 [stdout#info] {'3.62 Kwh'}
2020-05-15T13:36:36-0300 [stdout#info] {'21.0 Kwh'}
2020-05-15T13:36:37-0300 [stdout#info] {'20.77 Kwh'}
2020-05-15T13:36:37-0300 [-] 127.0.0.1:52494 - sending MQTT PUBLISH REQUEST - Number of events: 27
2020-05-15T13:36:37-0300 [twisted.internet.endpoints.OneShotFactory#info] Starting factory <twisted.internet.endpoints.connectProtocol.<locals>.OneShotFactory object at 0x7fb870429898>
2020-05-15T13:36:37-0300 [twisted.internet.endpoints.OneShotFactory#info] Stopping factory <twisted.internet.endpoints.connectProtocol.<locals>.OneShotFactory object at 0x7fb870429748>
2020-05-15T13:36:37-0300 [stdout#info] This divice have no simulation core instance
2020-05-15T13:36:37-0300 [twisted.internet.endpoints.OneShotFactory#info] Starting factory <twisted.internet.endpoints.connectProtocol.<locals>.OneShotFactory object at 0x7fb870429d30>
2020-05-15T13:36:37-0300 [stdout#info] {'9.99 Kwh'}
2020-05-15T13:36:38-0300 [stdout#info] {'20.72 Kwh'}
2020-05-15T13:36:38-0300 [stdout#info] {'21.54 Kwh'}
2020-05-15T13:36:39-0300 [stdout#info] {'17.66 Kwh'}
2020-05-15T13:36:39-0300 [stdout#info] {'9.92 Kwh'}
2020-05-15T13:36:39-0300 [stdout#info] {'3.01 Kwh'}
2020-05-15T13:36:39-0300 [stdout#info] {'14.98 Kwh'}
2020-05-15T13:36:39-0300 [stdout#info] {'15.73 Kwh'}
2020-05-15T13:36:40-0300 [stdout#info] {'16.87 Kwh'}
2020-05-15T13:36:40-0300 [stdout#info] {'21.17 Kwh'}
2020-05-15T13:36:41-0300 [stdout#info] {'8.11 Kwh'}
2020-05-15T13:36:41-0300 [stdout#info] {'3.54 Kwh'}
2020-05-15T13:36:42-0300 [stdout#info] {'6.63 Kwh'}
2020-05-15T13:36:42-0300 [-] 127.0.0.1:52494 - sending MQTT PUBLISH REQUEST - Number of events: 28
2020-05-15T13:36:42-0300 [twisted.internet.endpoints.OneShotFactory#info] Starting factory <twisted.internet.endpoints.connectProtocol.<locals>.OneShotFactory object at 0x7fb870429ba8>
2020-05-15T13:36:42-0300 [stdout#info] {'21.21 Kwh'}
2020-05-15T13:36:42-0300 [twisted.internet.endpoints.OneShotFactory#info] Stopping factory <twisted.internet.endpoints.connectProtocol.<locals>.OneShotFactory object at 0x7fb870429898>
2020-05-15T13:36:42-0300 [stdout#info] This divice have no simulation core instance
2020-05-15T13:36:42-0300 [stdout#info] {'6.0 Kwh'}
2020-05-15T13:36:42-0300 [stdout#info] {'14.19 Kwh'}
2020-05-15T13:36:42-0300 [twisted.internet.endpoints.OneShotFactory#info] Starting factory <twisted.internet.endpoints.connectProtocol.<locals>.OneShotFactory object at 0x7fb870453160>
2020-05-15T13:36:42-0300 [stdout#info] {'6.15 Kwh'}
2020-05-15T13:36:43-0300 [stdout#info] {'14.49 Kwh'}
2020-05-15T13:36:43-0300 [stdout#info] {'20.9 Kwh'}
2020-05-15T13:36:44-0300 [stdout#info] {'2.74 Kwh'}
2020-05-15T13:36:44-0300 [stdout#info] {'19.88 Kwh'}
2020-05-15T13:36:45-0300 [stdout#info] {'18.06 Kwh'}
2020-05-15T13:36:45-0300 [stdout#info] {'6.18 Kwh'}
2020-05-15T13:36:45-0300 [stdout#info] {'4.91 Kwh'}
2020-05-15T13:36:45-0300 [stdout#info] {'4.59 Kwh'}
2020-05-15T13:36:45-0300 [stdout#info] {'14.32 Kwh'}
2020-05-15T13:36:46-0300 [stdout#info] {'11.81 Kwh'}
2020-05-15T13:36:46-0300 [stdout#info] {'19.62 Kwh'}
2020-05-15T13:36:47-0300 [stdout#info] {'12.33 Kwh'}
2020-05-15T13:36:47-0300 [-] 127.0.0.1:52494 - sending MQTT PUBLISH REQUEST - Number of events: 29
2020-05-15T13:36:47-0300 [twisted.internet.endpoints.OneShotFactory#info] Starting factory <twisted.internet.endpoints.connectProtocol.<locals>.OneShotFactory object at 0x7fb8704532e8>
2020-05-15T13:36:47-0300 [twisted.internet.endpoints.OneShotFactory#info] Stopping factory <twisted.internet.endpoints.connectProtocol.<locals>.OneShotFactory object at 0x7fb870429ba8>
2020-05-15T13:36:47-0300 [stdout#info] This divice have no simulation core instance
2020-05-15T13:36:47-0300 [twisted.internet.endpoints.OneShotFactory#info] Starting factory <twisted.internet.endpoints.connectProtocol.<locals>.OneShotFactory object at 0x7fb8704535c0>
2020-05-15T13:36:47-0300 [stdout#info] {'12.58 Kwh'}
2020-05-15T13:36:48-0300 [stdout#info] {'8.66 Kwh'}
2020-05-15T13:36:48-0300 [stdout#info] {'6.52 Kwh'}
2020-05-15T13:36:48-0300 [stdout#info] {'14.19 Kwh'}
2020-05-15T13:36:48-0300 [stdout#info] {'15.78 Kwh'}
2020-05-15T13:36:48-0300 [stdout#info] {'7.08 Kwh'}
2020-05-15T13:36:49-0300 [stdout#info] {'2.98 Kwh'}
2020-05-15T13:36:49-0300 [stdout#info] {'20.57 Kwh'}
2020-05-15T13:36:50-0300 [stdout#info] {'13.45 Kwh'}
2020-05-15T13:36:50-0300 [stdout#info] {'19.59 Kwh'}
2020-05-15T13:36:51-0300 [stdout#info] {'18.68 Kwh'}
2020-05-15T13:36:51-0300 [stdout#info] {'3.45 Kwh'}
2020-05-15T13:36:51-0300 [stdout#info] {'9.5 Kwh'}
2020-05-15T13:36:51-0300 [stdout#info] {'5.98 Kwh'}
2020-05-15T13:36:51-0300 [stdout#info] {'2.73 Kwh'}
2020-05-15T13:36:52-0300 [stdout#info] {'5.03 Kwh'}
2020-05-15T13:36:52-0300 [-] 127.0.0.1:52494 - sending MQTT PUBLISH REQUEST - Number of events: 30
2020-05-15T13:36:52-0300 [twisted.internet.endpoints.OneShotFactory#info] Starting factory <twisted.internet.endpoints.connectProtocol.<locals>.OneShotFactory object at 0x7fb870453748>
2020-05-15T13:36:52-0300 [twisted.internet.endpoints.OneShotFactory#info] Stopping factory <twisted.internet.endpoints.connectProtocol.<locals>.OneShotFactory object at 0x7fb8704532e8>
2020-05-15T13:36:52-0300 [stdout#info] This divice have no simulation core instance
2020-05-15T13:36:52-0300 [twisted.internet.endpoints.OneShotFactory#info] Starting factory <twisted.internet.endpoints.connectProtocol.<locals>.OneShotFactory object at 0x7fb870453a20>
2020-05-15T13:36:52-0300 [stdout#info] {'14.43 Kwh'}
2020-05-15T13:36:53-0300 [stdout#info] {'3.71 Kwh'}
2020-05-15T13:36:53-0300 [stdout#info] {'20.11 Kwh'}
2020-05-15T13:36:54-0300 [stdout#info] {'4.16 Kwh'}
2020-05-15T13:36:54-0300 [stdout#info] {'12.87 Kwh'}
2020-05-15T13:36:54-0300 [stdout#info] {'12.3 Kwh'}
2020-05-15T13:36:54-0300 [stdout#info] {'15.83 Kwh'}
2020-05-15T13:36:54-0300 [stdout#info] {'21.76 Kwh'}
2020-05-15T13:36:55-0300 [stdout#info] {'4.55 Kwh'}
2020-05-15T13:36:55-0300 [stdout#info] {'15.67 Kwh'}
2020-05-15T13:36:56-0300 [stdout#info] {'12.78 Kwh'}
2020-05-15T13:36:56-0300 [stdout#info] {'11.25 Kwh'}
2020-05-15T13:36:57-0300 [stdout#info] {'3.82 Kwh'}
2020-05-15T13:36:57-0300 [-] 127.0.0.1:52494 - sending MQTT PUBLISH REQUEST - Number of events: 31
2020-05-15T13:36:57-0300 [twisted.internet.endpoints.OneShotFactory#info] Starting factory <twisted.internet.endpoints.connectProtocol.<locals>.OneShotFactory object at 0x7fb870453ba8>
2020-05-15T13:36:57-0300 [twisted.internet.endpoints.OneShotFactory#info] Stopping factory <twisted.internet.endpoints.connectProtocol.<locals>.OneShotFactory object at 0x7fb870453748>
2020-05-15T13:36:57-0300 [stdout#info] This divice have no simulation core instance
2020-05-15T13:36:57-0300 [twisted.internet.endpoints.OneShotFactory#info] Starting factory <twisted.internet.endpoints.connectProtocol.<locals>.OneShotFactory object at 0x7fb870453e80>
2020-05-15T13:36:57-0300 [stdout#info] {'12.87 Kwh'}
2020-05-15T13:36:57-0300 [stdout#info] {'16.8 Kwh'}
2020-05-15T13:36:57-0300 [stdout#info] {'17.07 Kwh'}
2020-05-15T13:36:57-0300 [stdout#info] {'12.83 Kwh'}
2020-05-15T13:36:58-0300 [stdout#info] {'16.13 Kwh'}
2020-05-15T13:36:58-0300 [stdout#info] {'6.57 Kwh'}
2020-05-15T13:36:59-0300 [stdout#info] {'13.82 Kwh'}
2020-05-15T13:36:59-0300 [stdout#info] {'2.92 Kwh'}
2020-05-15T13:37:00-0300 [stdout#info] {'20.87 Kwh'}
2020-05-15T13:37:00-0300 [stdout#info] {'18.32 Kwh'}
2020-05-15T13:37:00-0300 [stdout#info] {'16.61 Kwh'}
2020-05-15T13:37:00-0300 [stdout#info] {'4.64 Kwh'}
2020-05-15T13:37:00-0300 [stdout#info] {'15.8 Kwh'}
2020-05-15T13:37:01-0300 [stdout#info] {'10.37 Kwh'}
2020-05-15T13:37:01-0300 [stdout#info] {'21.03 Kwh'}
2020-05-15T13:37:02-0300 [stdout#info] {'21.77 Kwh'}
2020-05-15T13:37:02-0300 [-] 127.0.0.1:52494 - sending MQTT PUBLISH REQUEST - Number of events: 32
2020-05-15T13:37:02-0300 [twisted.internet.endpoints.OneShotFactory#info] Starting factory <twisted.internet.endpoints.connectProtocol.<locals>.OneShotFactory object at 0x7fb8703f50b8>
2020-05-15T13:37:02-0300 [twisted.internet.endpoints.OneShotFactory#info] Stopping factory <twisted.internet.endpoints.connectProtocol.<locals>.OneShotFactory object at 0x7fb870453ba8>
2020-05-15T13:37:02-0300 [stdout#info] This divice have no simulation core instance
2020-05-15T13:37:02-0300 [twisted.internet.endpoints.OneShotFactory#info] Starting factory <twisted.internet.endpoints.connectProtocol.<locals>.OneShotFactory object at 0x7fb8703f5320>
2020-05-15T13:37:02-0300 [stdout#info] {'4.62 Kwh'}
2020-05-15T13:37:03-0300 [stdout#info] {'19.47 Kwh'}
2020-05-15T13:37:03-0300 [stdout#info] {'19.87 Kwh'}
2020-05-15T13:37:03-0300 [stdout#info] {'18.9 Kwh'}
2020-05-15T13:37:03-0300 [stdout#info] {'12.64 Kwh'}
2020-05-15T13:37:03-0300 [stdout#info] {'15.68 Kwh'}
2020-05-15T13:37:04-0300 [stdout#info] {'21.42 Kwh'}
2020-05-15T13:37:04-0300 [stdout#info] {'9.38 Kwh'}
2020-05-15T13:37:05-0300 [stdout#info] {'8.55 Kwh'}
2020-05-15T13:37:05-0300 [stdout#info] {'20.06 Kwh'}
2020-05-15T13:37:06-0300 [stdout#info] {'14.61 Kwh'}
2020-05-15T13:37:06-0300 [stdout#info] {'5.72 Kwh'}
2020-05-15T13:37:06-0300 [stdout#info] {'4.76 Kwh'}
2020-05-15T13:37:06-0300 [stdout#info] {'17.99 Kwh'}
2020-05-15T13:37:06-0300 [stdout#info] {'6.4 Kwh'}
2020-05-15T13:37:07-0300 [stdout#info] {'11.38 Kwh'}
2020-05-15T13:37:07-0300 [-] 127.0.0.1:52494 - sending MQTT PUBLISH REQUEST - Number of events: 33
2020-05-15T13:37:07-0300 [twisted.internet.endpoints.OneShotFactory#info] Starting factory <twisted.internet.endpoints.connectProtocol.<locals>.OneShotFactory object at 0x7fb8703f54a8>
2020-05-15T13:37:07-0300 [twisted.internet.endpoints.OneShotFactory#info] Stopping factory <twisted.internet.endpoints.connectProtocol.<locals>.OneShotFactory object at 0x7fb8703f50b8>
2020-05-15T13:37:07-0300 [stdout#info] This divice have no simulation core instance
2020-05-15T13:37:07-0300 [twisted.internet.endpoints.OneShotFactory#info] Starting factory <twisted.internet.endpoints.connectProtocol.<locals>.OneShotFactory object at 0x7fb8703f5780>
2020-05-15T13:37:07-0300 [stdout#info] {'22.47 Kwh'}
2020-05-15T13:37:08-0300 [stdout#info] {'18.29 Kwh'}
2020-05-15T13:37:08-0300 [stdout#info] {'2.54 Kwh'}
2020-05-15T13:37:09-0300 [stdout#info] {'19.57 Kwh'}
2020-05-15T13:37:09-0300 [stdout#info] {'20.68 Kwh'}
2020-05-15T13:37:09-0300 [stdout#info] {'3.75 Kwh'}
2020-05-15T13:37:09-0300 [stdout#info] {'4.86 Kwh'}
2020-05-15T13:37:09-0300 [stdout#info] {'20.03 Kwh'}
2020-05-15T13:37:10-0300 [stdout#info] {'19.78 Kwh'}
2020-05-15T13:37:10-0300 [stdout#info] {'8.95 Kwh'}
2020-05-15T13:37:11-0300 [stdout#info] {'2.98 Kwh'}
2020-05-15T13:37:11-0300 [stdout#info] {'8.61 Kwh'}
2020-05-15T13:37:12-0300 [stdout#info] {'20.05 Kwh'}
2020-05-15T13:37:12-0300 [-] 127.0.0.1:52494 - sending MQTT PUBLISH REQUEST - Number of events: 34
2020-05-15T13:37:12-0300 [twisted.internet.endpoints.OneShotFactory#info] Starting factory <twisted.internet.endpoints.connectProtocol.<locals>.OneShotFactory object at 0x7fb8703f5908>
2020-05-15T13:37:12-0300 [twisted.internet.endpoints.OneShotFactory#info] Stopping factory <twisted.internet.endpoints.connectProtocol.<locals>.OneShotFactory object at 0x7fb8703f54a8>
2020-05-15T13:37:12-0300 [stdout#info] This divice have no simulation core instance
2020-05-15T13:37:12-0300 [twisted.internet.endpoints.OneShotFactory#info] Starting factory <twisted.internet.endpoints.connectProtocol.<locals>.OneShotFactory object at 0x7fb8703f5be0>
2020-05-15T13:37:12-0300 [stdout#info] {'18.76 Kwh'}
2020-05-15T13:37:12-0300 [stdout#info] {'21.42 Kwh'}
2020-05-15T13:37:12-0300 [stdout#info] {'5.91 Kwh'}
2020-05-15T13:37:12-0300 [stdout#info] {'20.0 Kwh'}
2020-05-15T13:37:13-0300 [stdout#info] {'22.31 Kwh'}
2020-05-15T13:37:13-0300 [stdout#info] {'10.7 Kwh'}
2020-05-15T13:37:14-0300 [stdout#info] {'2.78 Kwh'}
2020-05-15T13:37:14-0300 [stdout#info] {'14.83 Kwh'}
2020-05-15T13:37:15-0300 [stdout#info] {'14.08 Kwh'}
2020-05-15T13:37:15-0300 [stdout#info] {'16.73 Kwh'}
2020-05-15T13:37:15-0300 [stdout#info] {'8.16 Kwh'}
2020-05-15T13:37:15-0300 [stdout#info] {'9.6 Kwh'}
2020-05-15T13:37:15-0300 [stdout#info] {'20.75 Kwh'}
2020-05-15T13:37:16-0300 [stdout#info] {'20.44 Kwh'}
2020-05-15T13:37:16-0300 [stdout#info] {'6.87 Kwh'}
2020-05-15T13:37:17-0300 [stdout#info] {'6.07 Kwh'}
2020-05-15T13:37:17-0300 [-] 127.0.0.1:52494 - sending MQTT PUBLISH REQUEST - Number of events: 35
2020-05-15T13:37:17-0300 [twisted.internet.endpoints.OneShotFactory#info] Starting factory <twisted.internet.endpoints.connectProtocol.<locals>.OneShotFactory object at 0x7fb8703f5d68>
2020-05-15T13:37:17-0300 [twisted.internet.endpoints.OneShotFactory#info] Stopping factory <twisted.internet.endpoints.connectProtocol.<locals>.OneShotFactory object at 0x7fb8703f5908>
2020-05-15T13:37:17-0300 [stdout#info] This divice have no simulation core instance
2020-05-15T13:37:17-0300 [twisted.internet.endpoints.OneShotFactory#info] Starting factory <twisted.internet.endpoints.connectProtocol.<locals>.OneShotFactory object at 0x7fb870411080>
2020-05-15T13:37:17-0300 [stdout#info] {'15.89 Kwh'}
2020-05-15T13:37:18-0300 [stdout#info] {'8.81 Kwh'}
2020-05-15T13:37:18-0300 [stdout#info] {'7.26 Kwh'}
2020-05-15T13:37:18-0300 [stdout#info] {'9.57 Kwh'}
2020-05-15T13:37:18-0300 [stdout#info] {'16.14 Kwh'}
2020-05-15T13:37:18-0300 [stdout#info] {'11.79 Kwh'}
2020-05-15T13:37:19-0300 [stdout#info] {'17.22 Kwh'}
2020-05-15T13:37:19-0300 [stdout#info] {'14.36 Kwh'}
2020-05-15T13:37:20-0300 [stdout#info] {'18.45 Kwh'}
2020-05-15T13:37:20-0300 [stdout#info] {'15.39 Kwh'}
2020-05-15T13:37:21-0300 [stdout#info] {'6.92 Kwh'}
2020-05-15T13:37:21-0300 [stdout#info] {'16.09 Kwh'}
2020-05-15T13:37:21-0300 [stdout#info] {'18.42 Kwh'}
2020-05-15T13:37:21-0300 [stdout#info] {'3.23 Kwh'}
2020-05-15T13:37:21-0300 [stdout#info] {'11.45 Kwh'}
2020-05-15T13:37:22-0300 [stdout#info] {'11.88 Kwh'}
2020-05-15T13:37:22-0300 [-] 127.0.0.1:52494 - sending MQTT PUBLISH REQUEST - Number of events: 36
2020-05-15T13:37:22-0300 [twisted.internet.endpoints.OneShotFactory#info] Starting factory <twisted.internet.endpoints.connectProtocol.<locals>.OneShotFactory object at 0x7fb8704112e8>
2020-05-15T13:37:22-0300 [twisted.internet.endpoints.OneShotFactory#info] Stopping factory <twisted.internet.endpoints.connectProtocol.<locals>.OneShotFactory object at 0x7fb8703f5d68>
2020-05-15T13:37:22-0300 [stdout#info] This divice have no simulation core instance
2020-05-15T13:37:22-0300 [twisted.internet.endpoints.OneShotFactory#info] Starting factory <twisted.internet.endpoints.connectProtocol.<locals>.OneShotFactory object at 0x7fb8704114e0>
2020-05-15T13:37:22-0300 [stdout#info] {'20.58 Kwh'}
2020-05-15T13:37:23-0300 [stdout#info] {'18.74 Kwh'}
2020-05-15T13:37:23-0300 [stdout#info] {'8.31 Kwh'}
2020-05-15T13:37:24-0300 [stdout#info] {'13.28 Kwh'}
2020-05-15T13:37:24-0300 [stdout#info] {'8.74 Kwh'}
2020-05-15T13:37:24-0300 [stdout#info] {'12.75 Kwh'}
2020-05-15T13:37:24-0300 [stdout#info] {'13.2 Kwh'}
2020-05-15T13:37:24-0300 [stdout#info] {'17.82 Kwh'}
2020-05-15T13:37:25-0300 [stdout#info] {'7.71 Kwh'}
2020-05-15T13:37:25-0300 [stdout#info] {'19.07 Kwh'}
2020-05-15T13:37:26-0300 [stdout#info] {'21.81 Kwh'}
2020-05-15T13:37:26-0300 [stdout#info] {'11.5 Kwh'}
2020-05-15T13:37:27-0300 [stdout#info] {'2.58 Kwh'}
2020-05-15T13:37:27-0300 [-] 127.0.0.1:52494 - sending MQTT PUBLISH REQUEST - Number of events: 37
2020-05-15T13:37:27-0300 [twisted.internet.endpoints.OneShotFactory#info] Starting factory <twisted.internet.endpoints.connectProtocol.<locals>.OneShotFactory object at 0x7fb870411748>
2020-05-15T13:37:27-0300 [twisted.internet.endpoints.OneShotFactory#info] Stopping factory <twisted.internet.endpoints.connectProtocol.<locals>.OneShotFactory object at 0x7fb8704112e8>
2020-05-15T13:37:27-0300 [stdout#info] This divice have no simulation core instance
2020-05-15T13:37:27-0300 [twisted.internet.endpoints.OneShotFactory#info] Starting factory <twisted.internet.endpoints.connectProtocol.<locals>.OneShotFactory object at 0x7fb870411978>
2020-05-15T13:37:27-0300 [stdout#info] {'17.38 Kwh'}
2020-05-15T13:37:27-0300 [stdout#info] {'2.75 Kwh'}
2020-05-15T13:37:27-0300 [stdout#info] {'17.27 Kwh'}
2020-05-15T13:37:27-0300 [stdout#info] {'21.16 Kwh'}
2020-05-15T13:37:28-0300 [stdout#info] {'16.76 Kwh'}
2020-05-15T13:37:28-0300 [stdout#info] {'12.99 Kwh'}
2020-05-15T13:37:29-0300 [stdout#info] {'8.46 Kwh'}
2020-05-15T13:37:29-0300 [stdout#info] {'4.98 Kwh'}
2020-05-15T13:37:30-0300 [stdout#info] {'4.96 Kwh'}
2020-05-15T13:37:30-0300 [stdout#info] {'6.99 Kwh'}
2020-05-15T13:37:30-0300 [stdout#info] {'15.48 Kwh'}
2020-05-15T13:37:30-0300 [stdout#info] {'22.15 Kwh'}
2020-05-15T13:37:30-0300 [stdout#info] {'11.39 Kwh'}
2020-05-15T13:37:31-0300 [stdout#info] {'20.63 Kwh'}
2020-05-15T13:37:31-0300 [stdout#info] {'18.5 Kwh'}
2020-05-15T13:37:32-0300 [stdout#info] {'5.1 Kwh'}
2020-05-15T13:37:32-0300 [-] 127.0.0.1:52494 - sending MQTT PUBLISH REQUEST - Number of events: 38
2020-05-15T13:37:32-0300 [twisted.internet.endpoints.OneShotFactory#info] Starting factory <twisted.internet.endpoints.connectProtocol.<locals>.OneShotFactory object at 0x7fb870411ba8>
2020-05-15T13:37:32-0300 [twisted.internet.endpoints.OneShotFactory#info] Stopping factory <twisted.internet.endpoints.connectProtocol.<locals>.OneShotFactory object at 0x7fb870411748>
2020-05-15T13:37:32-0300 [stdout#info] This divice have no simulation core instance
2020-05-15T13:37:32-0300 [twisted.internet.endpoints.OneShotFactory#info] Starting factory <twisted.internet.endpoints.connectProtocol.<locals>.OneShotFactory object at 0x7fb870411da0>
2020-05-15T13:37:32-0300 [stdout#info] {'6.92 Kwh'}
2020-05-15T13:37:33-0300 [stdout#info] {'16.42 Kwh'}
2020-05-15T13:37:33-0300 [stdout#info] {'12.12 Kwh'}
2020-05-15T13:37:33-0300 [stdout#info] {'13.13 Kwh'}
2020-05-15T13:37:33-0300 [stdout#info] {'13.58 Kwh'}
2020-05-15T13:37:33-0300 [stdout#info] {'5.06 Kwh'}
2020-05-15T13:37:34-0300 [stdout#info] {'5.21 Kwh'}
2020-05-15T13:37:34-0300 [stdout#info] {'7.45 Kwh'}
2020-05-15T13:37:35-0300 [stdout#info] {'10.81 Kwh'}
2020-05-15T13:37:35-0300 [stdout#info] {'4.57 Kwh'}
2020-05-15T13:37:36-0300 [stdout#info] {'6.35 Kwh'}
2020-05-15T13:37:36-0300 [stdout#info] {'5.13 Kwh'}
2020-05-15T13:37:36-0300 [stdout#info] {'17.35 Kwh'}
2020-05-15T13:37:36-0300 [stdout#info] {'14.34 Kwh'}
2020-05-15T13:37:36-0300 [stdout#info] {'19.68 Kwh'}
2020-05-15T13:37:37-0300 [stdout#info] {'6.94 Kwh'}
2020-05-15T13:37:37-0300 [-] 127.0.0.1:52494 - sending MQTT PUBLISH REQUEST - Number of events: 39
2020-05-15T13:37:37-0300 [twisted.internet.endpoints.OneShotFactory#info] Starting factory <twisted.internet.endpoints.connectProtocol.<locals>.OneShotFactory object at 0x7fb870411f28>
2020-05-15T13:37:37-0300 [twisted.internet.endpoints.OneShotFactory#info] Stopping factory <twisted.internet.endpoints.connectProtocol.<locals>.OneShotFactory object at 0x7fb870411ba8>
2020-05-15T13:37:37-0300 [stdout#info] This divice have no simulation core instance
2020-05-15T13:37:37-0300 [twisted.internet.endpoints.OneShotFactory#info] Starting factory <twisted.internet.endpoints.connectProtocol.<locals>.OneShotFactory object at 0x7fb8703a4240>
2020-05-15T13:37:37-0300 [stdout#info] {'6.66 Kwh'}
2020-05-15T13:37:38-0300 [stdout#info] {'10.04 Kwh'}
2020-05-15T13:37:38-0300 [stdout#info] {'2.54 Kwh'}
2020-05-15T13:37:39-0300 [stdout#info] {'14.95 Kwh'}
2020-05-15T13:37:39-0300 [stdout#info] {'8.21 Kwh'}
2020-05-15T13:37:39-0300 [stdout#info] {'19.37 Kwh'}
2020-05-15T13:37:39-0300 [stdout#info] {'17.29 Kwh'}
2020-05-15T13:37:39-0300 [stdout#info] {'4.63 Kwh'}
2020-05-15T13:37:40-0300 [stdout#info] {'4.78 Kwh'}
2020-05-15T13:37:40-0300 [stdout#info] {'9.58 Kwh'}
2020-05-15T13:37:41-0300 [stdout#info] {'16.41 Kwh'}
2020-05-15T13:37:41-0300 [stdout#info] {'10.16 Kwh'}
2020-05-15T13:37:42-0300 [stdout#info] {'10.42 Kwh'}
2020-05-15T13:37:42-0300 [-] 127.0.0.1:52494 - sending MQTT PUBLISH REQUEST - Number of events: 40
2020-05-15T13:37:42-0300 [twisted.internet.endpoints.OneShotFactory#info] Starting factory <twisted.internet.endpoints.connectProtocol.<locals>.OneShotFactory object at 0x7fb8703a43c8>
2020-05-15T13:37:42-0300 [twisted.internet.endpoints.OneShotFactory#info] Stopping factory <twisted.internet.endpoints.connectProtocol.<locals>.OneShotFactory object at 0x7fb870411f28>
2020-05-15T13:37:42-0300 [stdout#info] This divice have no simulation core instance
2020-05-15T13:37:42-0300 [twisted.internet.endpoints.OneShotFactory#info] Starting factory <twisted.internet.endpoints.connectProtocol.<locals>.OneShotFactory object at 0x7fb8703a46a0>
2020-05-15T13:37:42-0300 [stdout#info] {'11.15 Kwh'}
2020-05-15T13:37:42-0300 [stdout#info] {'13.79 Kwh'}
2020-05-15T13:37:42-0300 [stdout#info] {'22.48 Kwh'}
2020-05-15T13:37:42-0300 [stdout#info] {'4.97 Kwh'}
2020-05-15T13:37:43-0300 [stdout#info] {'7.95 Kwh'}
2020-05-15T13:37:43-0300 [stdout#info] {'7.6 Kwh'}
2020-05-15T13:37:44-0300 [stdout#info] {'16.85 Kwh'}
2020-05-15T13:37:44-0300 [stdout#info] {'13.38 Kwh'}
2020-05-15T13:37:45-0300 [stdout#info] {'10.04 Kwh'}
2020-05-15T13:37:45-0300 [stdout#info] {'7.49 Kwh'}
2020-05-15T13:37:45-0300 [stdout#info] {'19.71 Kwh'}
2020-05-15T13:37:45-0300 [stdout#info] {'21.39 Kwh'}
2020-05-15T13:37:45-0300 [stdout#info] {'19.53 Kwh'}
2020-05-15T13:37:46-0300 [stdout#info] {'13.02 Kwh'}
2020-05-15T13:37:46-0300 [stdout#info] {'10.26 Kwh'}
2020-05-15T13:37:47-0300 [stdout#info] {'14.58 Kwh'}
2020-05-15T13:37:47-0300 [-] 127.0.0.1:52494 - sending MQTT PUBLISH REQUEST - Number of events: 41
2020-05-15T13:37:47-0300 [twisted.internet.endpoints.OneShotFactory#info] Starting factory <twisted.internet.endpoints.connectProtocol.<locals>.OneShotFactory object at 0x7fb8703a4828>
2020-05-15T13:37:47-0300 [twisted.internet.endpoints.OneShotFactory#info] Stopping factory <twisted.internet.endpoints.connectProtocol.<locals>.OneShotFactory object at 0x7fb8703a43c8>
2020-05-15T13:37:47-0300 [stdout#info] This divice have no simulation core instance
2020-05-15T13:37:47-0300 [twisted.internet.endpoints.OneShotFactory#info] Starting factory <twisted.internet.endpoints.connectProtocol.<locals>.OneShotFactory object at 0x7fb8703a4b00>
2020-05-15T13:37:47-0300 [stdout#info] {'9.83 Kwh'}
2020-05-15T13:37:48-0300 [stdout#info] {'8.8 Kwh'}
2020-05-15T13:37:48-0300 [stdout#info] {'18.32 Kwh'}
2020-05-15T13:37:48-0300 [stdout#info] {'22.26 Kwh'}
2020-05-15T13:37:48-0300 [stdout#info] {'5.33 Kwh'}
2020-05-15T13:37:48-0300 [stdout#info] {'6.17 Kwh'}
2020-05-15T13:37:49-0300 [stdout#info] {'21.27 Kwh'}
2020-05-15T13:37:49-0300 [stdout#info] {'7.67 Kwh'}
2020-05-15T13:37:50-0300 [stdout#info] {'10.93 Kwh'}
2020-05-15T13:37:50-0300 [stdout#info] {'11.36 Kwh'}
2020-05-15T13:37:51-0300 [stdout#info] {'9.82 Kwh'}
2020-05-15T13:37:51-0300 [stdout#info] {'9.99 Kwh'}
2020-05-15T13:37:51-0300 [stdout#info] {'18.11 Kwh'}
2020-05-15T13:37:51-0300 [stdout#info] {'12.72 Kwh'}
2020-05-15T13:37:51-0300 [stdout#info] {'9.29 Kwh'}
2020-05-15T13:37:52-0300 [stdout#info] {'14.28 Kwh'}
2020-05-15T13:37:52-0300 [-] 127.0.0.1:52494 - sending MQTT PUBLISH REQUEST - Number of events: 42
2020-05-15T13:37:52-0300 [twisted.internet.endpoints.OneShotFactory#info] Starting factory <twisted.internet.endpoints.connectProtocol.<locals>.OneShotFactory object at 0x7fb8703a4c88>
2020-05-15T13:37:52-0300 [twisted.internet.endpoints.OneShotFactory#info] Stopping factory <twisted.internet.endpoints.connectProtocol.<locals>.OneShotFactory object at 0x7fb8703a4828>
2020-05-15T13:37:52-0300 [stdout#info] This divice have no simulation core instance
2020-05-15T13:37:52-0300 [twisted.internet.endpoints.OneShotFactory#info] Starting factory <twisted.internet.endpoints.connectProtocol.<locals>.OneShotFactory object at 0x7fb8703a4f60>
2020-05-15T13:37:52-0300 [stdout#info] {'16.19 Kwh'}
2020-05-15T13:37:53-0300 [stdout#info] {'17.1 Kwh'}
2020-05-15T13:37:53-0300 [stdout#info] {'6.15 Kwh'}
2020-05-15T13:37:54-0300 [stdout#info] {'12.03 Kwh'}
2020-05-15T13:37:54-0300 [stdout#info] {'9.98 Kwh'}
2020-05-15T13:37:54-0300 [stdout#info] {'9.16 Kwh'}
2020-05-15T13:37:54-0300 [stdout#info] {'13.86 Kwh'}
2020-05-15T13:37:54-0300 [stdout#info] {'13.2 Kwh'}
2020-05-15T13:37:55-0300 [stdout#info] {'22.12 Kwh'}
2020-05-15T13:37:55-0300 [stdout#info] {'18.7 Kwh'}
2020-05-15T13:37:56-0300 [stdout#info] {'17.03 Kwh'}
2020-05-15T13:37:56-0300 [stdout#info] {'18.1 Kwh'}
2020-05-15T13:37:57-0300 [stdout#info] {'18.64 Kwh'}
2020-05-15T13:37:57-0300 [-] 127.0.0.1:52494 - sending MQTT PUBLISH REQUEST - Number of events: 43
2020-05-15T13:37:57-0300 [twisted.internet.endpoints.OneShotFactory#info] Starting factory <twisted.internet.endpoints.connectProtocol.<locals>.OneShotFactory object at 0x7fb8703b20b8>
2020-05-15T13:37:57-0300 [twisted.internet.endpoints.OneShotFactory#info] Stopping factory <twisted.internet.endpoints.connectProtocol.<locals>.OneShotFactory object at 0x7fb8703a4c88>
2020-05-15T13:37:57-0300 [stdout#info] This divice have no simulation core instance
2020-05-15T13:37:57-0300 [twisted.internet.endpoints.OneShotFactory#info] Starting factory <twisted.internet.endpoints.connectProtocol.<locals>.OneShotFactory object at 0x7fb8703b2400>
2020-05-15T13:37:57-0300 [stdout#info] {'18.32 Kwh'}
2020-05-15T13:37:57-0300 [stdout#info] {'17.01 Kwh'}
2020-05-15T13:37:57-0300 [stdout#info] {'7.04 Kwh'}
2020-05-15T13:37:57-0300 [stdout#info] {'14.87 Kwh'}
2020-05-15T13:37:58-0300 [stdout#info] {'15.2 Kwh'}
2020-05-15T13:37:58-0300 [stdout#info] {'16.84 Kwh'}
2020-05-15T13:37:59-0300 [stdout#info] {'3.25 Kwh'}
2020-05-15T13:37:59-0300 [stdout#info] {'16.61 Kwh'}
2020-05-15T13:38:00-0300 [stdout#info] {'4.86 Kwh'}
2020-05-15T13:38:00-0300 [stdout#info] {'6.27 Kwh'}
2020-05-15T13:38:00-0300 [stdout#info] {'21.5 Kwh'}
2020-05-15T13:38:00-0300 [stdout#info] {'17.29 Kwh'}
2020-05-15T13:38:00-0300 [stdout#info] {'5.2 Kwh'}
2020-05-15T13:38:01-0300 [stdout#info] {'4.64 Kwh'}
2020-05-15T13:38:01-0300 [stdout#info] {'11.4 Kwh'}
2020-05-15T13:38:02-0300 [-] 127.0.0.1:52494 - sending MQTT PUBLISH REQUEST - Number of events: 44
2020-05-15T13:38:02-0300 [twisted.internet.endpoints.OneShotFactory#info] Starting factory <twisted.internet.endpoints.connectProtocol.<locals>.OneShotFactory object at 0x7fb8703b2588>
2020-05-15T13:38:02-0300 [twisted.internet.endpoints.OneShotFactory#info] Stopping factory <twisted.internet.endpoints.connectProtocol.<locals>.OneShotFactory object at 0x7fb8703b20b8>
2020-05-15T13:38:02-0300 [stdout#info] This divice have no simulation core instance
2020-05-15T13:38:02-0300 [stdout#info] {'8.26 Kwh'}
2020-05-15T13:38:02-0300 [twisted.internet.endpoints.OneShotFactory#info] Starting factory <twisted.internet.endpoints.connectProtocol.<locals>.OneShotFactory object at 0x7fb8703b2860>
2020-05-15T13:38:02-0300 [stdout#info] {'17.95 Kwh'}
2020-05-15T13:38:03-0300 [stdout#info] {'15.62 Kwh'}
2020-05-15T13:38:03-0300 [stdout#info] {'3.89 Kwh'}
2020-05-15T13:38:03-0300 [stdout#info] {'3.25 Kwh'}
2020-05-15T13:38:03-0300 [stdout#info] {'10.8 Kwh'}
2020-05-15T13:38:03-0300 [stdout#info] {'4.29 Kwh'}
2020-05-15T13:38:04-0300 [stdout#info] {'15.84 Kwh'}
2020-05-15T13:38:04-0300 [stdout#info] {'8.42 Kwh'}
2020-05-15T13:38:05-0300 [stdout#info] {'6.59 Kwh'}
2020-05-15T13:38:05-0300 [stdout#info] {'6.45 Kwh'}
2020-05-15T13:38:06-0300 [stdout#info] {'2.92 Kwh'}
2020-05-15T13:38:06-0300 [stdout#info] {'5.26 Kwh'}
2020-05-15T13:38:06-0300 [stdout#info] {'3.42 Kwh'}
2020-05-15T13:38:06-0300 [stdout#info] {'19.37 Kwh'}
2020-05-15T13:38:06-0300 [stdout#info] {'21.64 Kwh'}
2020-05-15T13:38:07-0300 [-] 127.0.0.1:52494 - sending MQTT PUBLISH REQUEST - Number of events: 45
2020-05-15T13:38:07-0300 [twisted.internet.endpoints.OneShotFactory#info] Starting factory <twisted.internet.endpoints.connectProtocol.<locals>.OneShotFactory object at 0x7fb8703b29e8>
2020-05-15T13:38:07-0300 [twisted.internet.endpoints.OneShotFactory#info] Stopping factory <twisted.internet.endpoints.connectProtocol.<locals>.OneShotFactory object at 0x7fb8703b2588>
2020-05-15T13:38:07-0300 [stdout#info] This divice have no simulation core instance
2020-05-15T13:38:07-0300 [stdout#info] {'16.92 Kwh'}
2020-05-15T13:38:07-0300 [twisted.internet.endpoints.OneShotFactory#info] Starting factory <twisted.internet.endpoints.connectProtocol.<locals>.OneShotFactory object at 0x7fb8703b2cc0>
2020-05-15T13:38:07-0300 [stdout#info] {'13.78 Kwh'}
2020-05-15T13:38:08-0300 [stdout#info] {'19.57 Kwh'}
2020-05-15T13:38:08-0300 [stdout#info] {'18.37 Kwh'}
2020-05-15T13:38:09-0300 [stdout#info] {'6.85 Kwh'}
2020-05-15T13:38:09-0300 [stdout#info] {'8.11 Kwh'}
2020-05-15T13:38:09-0300 [stdout#info] {'12.65 Kwh'}
2020-05-15T13:38:09-0300 [stdout#info] {'4.25 Kwh'}
2020-05-15T13:38:09-0300 [stdout#info] {'14.33 Kwh'}
2020-05-15T13:38:10-0300 [stdout#info] {'4.85 Kwh'}
2020-05-15T13:38:10-0300 [stdout#info] {'10.76 Kwh'}
2020-05-15T13:38:11-0300 [stdout#info] {'3.31 Kwh'}
2020-05-15T13:38:11-0300 [stdout#info] {'3.65 Kwh'}
2020-05-15T13:38:12-0300 [stdout#info] {'21.26 Kwh'}
2020-05-15T13:38:12-0300 [-] 127.0.0.1:52494 - sending MQTT PUBLISH REQUEST - Number of events: 46
2020-05-15T13:38:12-0300 [twisted.internet.endpoints.OneShotFactory#info] Starting factory <twisted.internet.endpoints.connectProtocol.<locals>.OneShotFactory object at 0x7fb8703b2e80>
2020-05-15T13:38:12-0300 [twisted.internet.endpoints.OneShotFactory#info] Stopping factory <twisted.internet.endpoints.connectProtocol.<locals>.OneShotFactory object at 0x7fb8703b29e8>
2020-05-15T13:38:12-0300 [stdout#info] This divice have no simulation core instance
2020-05-15T13:38:12-0300 [twisted.internet.endpoints.OneShotFactory#info] Starting factory <twisted.internet.endpoints.connectProtocol.<locals>.OneShotFactory object at 0x7fb8703c1160>
2020-05-15T13:38:12-0300 [stdout#info] {'5.39 Kwh'}
2020-05-15T13:38:12-0300 [stdout#info] {'17.19 Kwh'}
2020-05-15T13:38:12-0300 [stdout#info] {'13.35 Kwh'}
2020-05-15T13:38:12-0300 [stdout#info] {'11.2 Kwh'}
2020-05-15T13:38:13-0300 [stdout#info] {'11.44 Kwh'}
2020-05-15T13:38:13-0300 [stdout#info] {'3.97 Kwh'}
2020-05-15T13:38:14-0300 [stdout#info] {'19.35 Kwh'}
2020-05-15T13:38:14-0300 [stdout#info] {'11.09 Kwh'}
2020-05-15T13:38:15-0300 [stdout#info] {'5.81 Kwh'}
2020-05-15T13:38:15-0300 [stdout#info] {'21.77 Kwh'}
2020-05-15T13:38:15-0300 [stdout#info] {'17.22 Kwh'}
2020-05-15T13:38:15-0300 [stdout#info] {'17.79 Kwh'}
2020-05-15T13:38:15-0300 [stdout#info] {'9.77 Kwh'}
2020-05-15T13:38:16-0300 [stdout#info] {'7.73 Kwh'}
2020-05-15T13:38:16-0300 [stdout#info] {'7.54 Kwh'}
2020-05-15T13:38:17-0300 [-] 127.0.0.1:52494 - sending MQTT PUBLISH REQUEST - Number of events: 47
2020-05-15T13:38:17-0300 [twisted.internet.endpoints.OneShotFactory#info] Starting factory <twisted.internet.endpoints.connectProtocol.<locals>.OneShotFactory object at 0x7fb8703c1080>
2020-05-15T13:38:17-0300 [stdout#info] {'17.11 Kwh'}
2020-05-15T13:38:17-0300 [twisted.internet.endpoints.OneShotFactory#info] Stopping factory <twisted.internet.endpoints.connectProtocol.<locals>.OneShotFactory object at 0x7fb8703b2e80>
2020-05-15T13:38:17-0300 [stdout#info] This divice have no simulation core instance
2020-05-15T13:38:17-0300 [twisted.internet.endpoints.OneShotFactory#info] Starting factory <twisted.internet.endpoints.connectProtocol.<locals>.OneShotFactory object at 0x7fb8703c15c0>
2020-05-15T13:38:17-0300 [stdout#info] {'13.38 Kwh'}
2020-05-15T13:38:18-0300 [stdout#info] {'10.34 Kwh'}
2020-05-15T13:38:18-0300 [stdout#info] {'17.31 Kwh'}
2020-05-15T13:38:18-0300 [stdout#info] {'6.66 Kwh'}
2020-05-15T13:38:18-0300 [stdout#info] {'15.89 Kwh'}
2020-05-15T13:38:18-0300 [stdout#info] {'7.34 Kwh'}
2020-05-15T13:38:19-0300 [stdout#info] {'4.99 Kwh'}
2020-05-15T13:38:19-0300 [stdout#info] {'11.61 Kwh'}
2020-05-15T13:38:20-0300 [stdout#info] {'11.68 Kwh'}
2020-05-15T13:38:20-0300 [stdout#info] {'4.77 Kwh'}
2020-05-15T13:38:21-0300 [stdout#info] {'12.52 Kwh'}
2020-05-15T13:38:21-0300 [stdout#info] {'8.57 Kwh'}
2020-05-15T13:38:21-0300 [stdout#info] {'10.03 Kwh'}
2020-05-15T13:38:21-0300 [stdout#info] {'18.04 Kwh'}
2020-05-15T13:38:21-0300 [stdout#info] {'4.08 Kwh'}
2020-05-15T13:38:22-0300 [-] 127.0.0.1:52494 - sending MQTT PUBLISH REQUEST - Number of events: 48
2020-05-15T13:38:22-0300 [twisted.internet.endpoints.OneShotFactory#info] Starting factory <twisted.internet.endpoints.connectProtocol.<locals>.OneShotFactory object at 0x7fb8703c1748>
2020-05-15T13:38:22-0300 [twisted.internet.endpoints.OneShotFactory#info] Stopping factory <twisted.internet.endpoints.connectProtocol.<locals>.OneShotFactory object at 0x7fb8703c1080>
2020-05-15T13:38:22-0300 [stdout#info] This divice have no simulation core instance
2020-05-15T13:38:22-0300 [twisted.internet.endpoints.OneShotFactory#info] Starting factory <twisted.internet.endpoints.connectProtocol.<locals>.OneShotFactory object at 0x7fb8703c1a20>
2020-05-15T13:38:22-0300 [stdout#info] {'22.03 Kwh'}
2020-05-15T13:38:22-0300 [stdout#info] {'9.69 Kwh'}
2020-05-15T13:38:23-0300 [stdout#info] {'9.42 Kwh'}
2020-05-15T13:38:23-0300 [stdout#info] {'16.75 Kwh'}
2020-05-15T13:38:24-0300 [stdout#info] {'10.74 Kwh'}
2020-05-15T13:38:24-0300 [stdout#info] {'3.73 Kwh'}
2020-05-15T13:38:24-0300 [stdout#info] {'19.55 Kwh'}
2020-05-15T13:38:24-0300 [stdout#info] {'8.38 Kwh'}
2020-05-15T13:38:24-0300 [stdout#info] {'11.23 Kwh'}
2020-05-15T13:38:25-0300 [stdout#info] {'2.63 Kwh'}
2020-05-15T13:38:25-0300 [stdout#info] {'21.05 Kwh'}
2020-05-15T13:38:26-0300 [stdout#info] {'18.56 Kwh'}
2020-05-15T13:38:26-0300 [stdout#info] {'17.54 Kwh'}
2020-05-15T13:38:27-0300 [stdout#info] {'3.35 Kwh'}
2020-05-15T13:38:27-0300 [-] 127.0.0.1:52494 - sending MQTT PUBLISH REQUEST - Number of events: 49
2020-05-15T13:38:27-0300 [twisted.internet.endpoints.OneShotFactory#info] Starting factory <twisted.internet.endpoints.connectProtocol.<locals>.OneShotFactory object at 0x7fb8703c1be0>
2020-05-15T13:38:27-0300 [twisted.internet.endpoints.OneShotFactory#info] Stopping factory <twisted.internet.endpoints.connectProtocol.<locals>.OneShotFactory object at 0x7fb8703c1748>
2020-05-15T13:38:27-0300 [stdout#info] This divice have no simulation core instance
2020-05-15T13:38:27-0300 [twisted.internet.endpoints.OneShotFactory#info] Starting factory <twisted.internet.endpoints.connectProtocol.<locals>.OneShotFactory object at 0x7fb8703c1e80>
2020-05-15T13:38:27-0300 [stdout#info] {'13.99 Kwh'}
2020-05-15T13:38:27-0300 [stdout#info] {'21.63 Kwh'}
2020-05-15T13:38:27-0300 [stdout#info] {'6.85 Kwh'}
2020-05-15T13:38:27-0300 [stdout#info] {'13.38 Kwh'}
2020-05-15T13:38:28-0300 [stdout#info] {'19.42 Kwh'}
2020-05-15T13:38:28-0300 [stdout#info] {'21.3 Kwh'}
2020-05-15T13:38:29-0300 [stdout#info] {'19.41 Kwh'}
2020-05-15T13:38:29-0300 [stdout#info] {'6.95 Kwh'}
2020-05-15T13:38:30-0300 [stdout#info] {'13.08 Kwh'}
2020-05-15T13:38:30-0300 [stdout#info] {'12.28 Kwh'}
2020-05-15T13:38:30-0300 [stdout#info] {'13.79 Kwh'}
2020-05-15T13:38:30-0300 [stdout#info] {'6.66 Kwh'}
2020-05-15T13:38:30-0300 [stdout#info] {'17.78 Kwh'}
2020-05-15T13:38:31-0300 [stdout#info] {'15.09 Kwh'}
2020-05-15T13:38:31-0300 [stdout#info] {'18.99 Kwh'}
2020-05-15T13:38:32-0300 [-] 127.0.0.1:52494 - sending MQTT PUBLISH REQUEST - Number of events: 50
2020-05-15T13:38:32-0300 [twisted.internet.endpoints.OneShotFactory#info] Starting factory <twisted.internet.endpoints.connectProtocol.<locals>.OneShotFactory object at 0x7fb8703d30f0>
2020-05-15T13:38:32-0300 [twisted.internet.endpoints.OneShotFactory#info] Stopping factory <twisted.internet.endpoints.connectProtocol.<locals>.OneShotFactory object at 0x7fb8703c1be0>
2020-05-15T13:38:32-0300 [stdout#info] This divice have no simulation core instance
2020-05-15T13:38:32-0300 [stdout#info] {'9.3 Kwh'}
2020-05-15T13:38:32-0300 [twisted.internet.endpoints.OneShotFactory#info] Starting factory <twisted.internet.endpoints.connectProtocol.<locals>.OneShotFactory object at 0x7fb8703d31d0>
2020-05-15T13:38:32-0300 [stdout#info] {'9.44 Kwh'}
2020-05-15T13:38:33-0300 [stdout#info] {'4.26 Kwh'}
2020-05-15T13:38:33-0300 [stdout#info] {'13.92 Kwh'}
2020-05-15T13:38:33-0300 [stdout#info] {'11.47 Kwh'}
2020-05-15T13:38:33-0300 [stdout#info] {'2.77 Kwh'}
2020-05-15T13:38:33-0300 [stdout#info] {'13.01 Kwh'}
2020-05-15T13:38:34-0300 [stdout#info] {'14.15 Kwh'}
2020-05-15T13:38:34-0300 [stdout#info] {'17.3 Kwh'}
2020-05-15T13:38:35-0300 [stdout#info] {'9.83 Kwh'}
2020-05-15T13:38:35-0300 [stdout#info] {'16.85 Kwh'}
2020-05-15T13:38:36-0300 [stdout#info] {'10.73 Kwh'}
2020-05-15T13:38:36-0300 [stdout#info] {'5.07 Kwh'}
2020-05-15T13:38:36-0300 [stdout#info] {'5.37 Kwh'}
2020-05-15T13:38:36-0300 [stdout#info] {'12.45 Kwh'}
2020-05-15T13:38:36-0300 [stdout#info] {'2.82 Kwh'}
2020-05-15T13:38:37-0300 [-] 127.0.0.1:52494 - sending MQTT PUBLISH REQUEST - Number of events: 51
2020-05-15T13:38:37-0300 [twisted.internet.endpoints.OneShotFactory#info] Starting factory <twisted.internet.endpoints.connectProtocol.<locals>.OneShotFactory object at 0x7fb8703d30b8>
2020-05-15T13:38:37-0300 [twisted.internet.endpoints.OneShotFactory#info] Stopping factory <twisted.internet.endpoints.connectProtocol.<locals>.OneShotFactory object at 0x7fb8703d30f0>
2020-05-15T13:38:37-0300 [stdout#info] This divice have no simulation core instance
2020-05-15T13:38:37-0300 [twisted.internet.endpoints.OneShotFactory#info] Starting factory <twisted.internet.endpoints.connectProtocol.<locals>.OneShotFactory object at 0x7fb8703d35f8>
2020-05-15T13:38:37-0300 [stdout#info] {'9.3 Kwh'}
2020-05-15T13:38:37-0300 [stdout#info] {'22.13 Kwh'}
2020-05-15T13:38:38-0300 [stdout#info] {'6.8 Kwh'}
2020-05-15T13:38:38-0300 [stdout#info] {'12.0 Kwh'}
2020-05-15T13:38:39-0300 [stdout#info] {'10.56 Kwh'}
2020-05-15T13:38:39-0300 [stdout#info] {'7.23 Kwh'}
2020-05-15T13:38:39-0300 [stdout#info] {'20.18 Kwh'}
2020-05-15T13:38:39-0300 [stdout#info] {'8.96 Kwh'}
2020-05-15T13:38:39-0300 [stdout#info] {'4.89 Kwh'}
2020-05-15T13:38:40-0300 [stdout#info] {'4.74 Kwh'}
2020-05-15T13:38:40-0300 [stdout#info] {'22.19 Kwh'}
2020-05-15T13:38:41-0300 [stdout#info] {'13.47 Kwh'}
2020-05-15T13:38:41-0300 [stdout#info] {'19.31 Kwh'}
2020-05-15T13:38:42-0300 [stdout#info] {'15.57 Kwh'}
2020-05-15T13:38:42-0300 [-] 127.0.0.1:52494 - sending MQTT PUBLISH REQUEST - Number of events: 52
2020-05-15T13:38:42-0300 [twisted.internet.endpoints.OneShotFactory#info] Starting factory <twisted.internet.endpoints.connectProtocol.<locals>.OneShotFactory object at 0x7fb8703d3780>
2020-05-15T13:38:42-0300 [twisted.internet.endpoints.OneShotFactory#info] Stopping factory <twisted.internet.endpoints.connectProtocol.<locals>.OneShotFactory object at 0x7fb8703d30b8>
2020-05-15T13:38:42-0300 [stdout#info] This divice have no simulation core instance
2020-05-15T13:38:42-0300 [twisted.internet.endpoints.OneShotFactory#info] Starting factory <twisted.internet.endpoints.connectProtocol.<locals>.OneShotFactory object at 0x7fb8703d3a58>
2020-05-15T13:38:42-0300 [stdout#info] {'11.64 Kwh'}
2020-05-15T13:38:42-0300 [stdout#info] {'3.86 Kwh'}
2020-05-15T13:38:42-0300 [stdout#info] {'12.14 Kwh'}
2020-05-15T13:38:42-0300 [stdout#info] {'3.26 Kwh'}
2020-05-15T13:38:43-0300 [stdout#info] {'22.08 Kwh'}
2020-05-15T13:38:43-0300 [stdout#info] {'2.9 Kwh'}
2020-05-15T13:38:44-0300 [stdout#info] {'7.99 Kwh'}
2020-05-15T13:38:44-0300 [stdout#info] {'18.91 Kwh'}
2020-05-15T13:38:45-0300 [stdout#info] {'13.14 Kwh'}
2020-05-15T13:38:45-0300 [stdout#info] {'18.56 Kwh'}
2020-05-15T13:38:45-0300 [stdout#info] {'17.88 Kwh'}
2020-05-15T13:38:45-0300 [stdout#info] {'4.98 Kwh'}
2020-05-15T13:38:45-0300 [stdout#info] {'11.84 Kwh'}
2020-05-15T13:38:46-0300 [stdout#info] {'9.76 Kwh'}
2020-05-15T13:38:46-0300 [stdout#info] {'9.29 Kwh'}
2020-05-15T13:38:47-0300 [-] 127.0.0.1:52494 - sending MQTT PUBLISH REQUEST - Number of events: 53
2020-05-15T13:38:47-0300 [twisted.internet.endpoints.OneShotFactory#info] Starting factory <twisted.internet.endpoints.connectProtocol.<locals>.OneShotFactory object at 0x7fb8703d3cc0>
2020-05-15T13:38:47-0300 [twisted.internet.endpoints.OneShotFactory#info] Stopping factory <twisted.internet.endpoints.connectProtocol.<locals>.OneShotFactory object at 0x7fb8703d3780>
2020-05-15T13:38:47-0300 [stdout#info] This divice have no simulation core instance
2020-05-15T13:38:47-0300 [twisted.internet.endpoints.OneShotFactory#info] Starting factory <twisted.internet.endpoints.connectProtocol.<locals>.OneShotFactory object at 0x7fb8703d3eb8>
2020-05-15T13:38:47-0300 [stdout#info] {'4.99 Kwh'}
2020-05-15T13:38:47-0300 [stdout#info] {'15.46 Kwh'}
2020-05-15T13:38:48-0300 [stdout#info] {'12.95 Kwh'}
2020-05-15T13:38:48-0300 [stdout#info] {'17.25 Kwh'}
2020-05-15T13:38:48-0300 [stdout#info] {'21.84 Kwh'}
2020-05-15T13:38:48-0300 [stdout#info] {'15.53 Kwh'}
2020-05-15T13:38:48-0300 [stdout#info] {'5.02 Kwh'}
2020-05-15T13:38:49-0300 [stdout#info] {'21.99 Kwh'}
2020-05-15T13:38:49-0300 [stdout#info] {'11.01 Kwh'}
2020-05-15T13:38:50-0300 [stdout#info] {'20.84 Kwh'}
2020-05-15T13:38:50-0300 [stdout#info] {'11.34 Kwh'}
2020-05-15T13:38:51-0300 [stdout#info] {'20.61 Kwh'}
2020-05-15T13:38:51-0300 [stdout#info] {'21.78 Kwh'}
2020-05-15T13:38:51-0300 [stdout#info] {'22.37 Kwh'}
2020-05-15T13:38:51-0300 [stdout#info] {'9.12 Kwh'}
2020-05-15T13:38:51-0300 [stdout#info] {'21.86 Kwh'}
2020-05-15T13:38:52-0300 [-] 127.0.0.1:52494 - sending MQTT PUBLISH REQUEST - Number of events: 54
2020-05-15T13:38:52-0300 [twisted.internet.endpoints.OneShotFactory#info] Starting factory <twisted.internet.endpoints.connectProtocol.<locals>.OneShotFactory object at 0x7fb86ed09080>
2020-05-15T13:38:52-0300 [twisted.internet.endpoints.OneShotFactory#info] Stopping factory <twisted.internet.endpoints.connectProtocol.<locals>.OneShotFactory object at 0x7fb8703d3cc0>
2020-05-15T13:38:52-0300 [stdout#info] This divice have no simulation core instance
2020-05-15T13:38:52-0300 [twisted.internet.endpoints.OneShotFactory#info] Starting factory <twisted.internet.endpoints.connectProtocol.<locals>.OneShotFactory object at 0x7fb86ed09358>
2020-05-15T13:38:52-0300 [stdout#info] {'6.16 Kwh'}
2020-05-15T13:38:52-0300 [stdout#info] {'14.87 Kwh'}
2020-05-15T13:38:53-0300 [stdout#info] {'5.12 Kwh'}
2020-05-15T13:38:53-0300 [stdout#info] {'9.58 Kwh'}
2020-05-15T13:38:54-0300 [stdout#info] {'6.13 Kwh'}
2020-05-15T13:38:54-0300 [stdout#info] {'2.72 Kwh'}
2020-05-15T13:38:54-0300 [stdout#info] {'15.71 Kwh'}
2020-05-15T13:38:54-0300 [stdout#info] {'20.63 Kwh'}
2020-05-15T13:38:54-0300 [stdout#info] {'9.97 Kwh'}
2020-05-15T13:38:55-0300 [stdout#info] {'14.34 Kwh'}
2020-05-15T13:38:55-0300 [stdout#info] {'5.43 Kwh'}
2020-05-15T13:38:56-0300 [stdout#info] {'16.4 Kwh'}
2020-05-15T13:38:56-0300 [stdout#info] {'11.09 Kwh'}
2020-05-15T13:38:57-0300 [stdout#info] {'16.93 Kwh'}
2020-05-15T13:38:57-0300 [-] 127.0.0.1:52494 - sending MQTT PUBLISH REQUEST - Number of events: 55
2020-05-15T13:38:57-0300 [twisted.internet.endpoints.OneShotFactory#info] Starting factory <twisted.internet.endpoints.connectProtocol.<locals>.OneShotFactory object at 0x7fb86ed094e0>
2020-05-15T13:38:57-0300 [twisted.internet.endpoints.OneShotFactory#info] Stopping factory <twisted.internet.endpoints.connectProtocol.<locals>.OneShotFactory object at 0x7fb86ed09080>
2020-05-15T13:38:57-0300 [stdout#info] This divice have no simulation core instance
2020-05-15T13:38:57-0300 [twisted.internet.endpoints.OneShotFactory#info] Starting factory <twisted.internet.endpoints.connectProtocol.<locals>.OneShotFactory object at 0x7fb86ed097b8>
2020-05-15T13:38:57-0300 [stdout#info] {'22.07 Kwh'}
2020-05-15T13:38:57-0300 [stdout#info] {'7.54 Kwh'}
2020-05-15T13:38:57-0300 [stdout#info] {'16.31 Kwh'}
2020-05-15T13:38:57-0300 [stdout#info] {'16.04 Kwh'}
2020-05-15T13:38:58-0300 [stdout#info] {'6.86 Kwh'}
2020-05-15T13:38:58-0300 [stdout#info] {'14.59 Kwh'}
2020-05-15T13:38:59-0300 [stdout#info] {'21.2 Kwh'}
2020-05-15T13:38:59-0300 [stdout#info] {'13.32 Kwh'}
2020-05-15T13:39:00-0300 [stdout#info] {'7.7 Kwh'}
2020-05-15T13:39:00-0300 [stdout#info] {'20.88 Kwh'}
2020-05-15T13:39:00-0300 [stdout#info] {'9.23 Kwh'}
2020-05-15T13:39:00-0300 [stdout#info] {'6.55 Kwh'}
2020-05-15T13:39:00-0300 [stdout#info] {'2.86 Kwh'}
2020-05-15T13:39:01-0300 [stdout#info] {'17.2 Kwh'}
2020-05-15T13:39:01-0300 [stdout#info] {'9.97 Kwh'}
2020-05-15T13:39:02-0300 [-] 127.0.0.1:52494 - sending MQTT PUBLISH REQUEST - Number of events: 56
2020-05-15T13:39:02-0300 [twisted.internet.endpoints.OneShotFactory#info] Starting factory <twisted.internet.endpoints.connectProtocol.<locals>.OneShotFactory object at 0x7fb86ed09940>
2020-05-15T13:39:02-0300 [twisted.internet.endpoints.OneShotFactory#info] Stopping factory <twisted.internet.endpoints.connectProtocol.<locals>.OneShotFactory object at 0x7fb86ed094e0>
2020-05-15T13:39:02-0300 [stdout#info] This divice have no simulation core instance
2020-05-15T13:39:02-0300 [twisted.internet.endpoints.OneShotFactory#info] Starting factory <twisted.internet.endpoints.connectProtocol.<locals>.OneShotFactory object at 0x7fb86ed09c18>
2020-05-15T13:39:02-0300 [stdout#info] {'3.25 Kwh'}
2020-05-15T13:39:02-0300 [stdout#info] {'8.5 Kwh'}
2020-05-15T13:39:03-0300 [stdout#info] {'3.59 Kwh'}
2020-05-15T13:39:03-0300 [stdout#info] {'14.28 Kwh'}
2020-05-15T13:39:03-0300 [stdout#info] {'5.42 Kwh'}
2020-05-15T13:39:03-0300 [stdout#info] {'20.6 Kwh'}
2020-05-15T13:39:03-0300 [stdout#info] {'21.27 Kwh'}
2020-05-15T13:39:04-0300 [stdout#info] {'11.36 Kwh'}
2020-05-15T13:39:04-0300 [stdout#info] {'14.54 Kwh'}
