2020-05-16T10:27:39-0300 [-] Creating router ...
2020-05-16T10:27:39-0300 [-] Initializing Router - Number of events: 1
2020-05-16T10:27:40-0300 [-] RouterFactory starting on 8081
2020-05-16T10:27:40-0300 [-] Creating AccessPoint station ...
2020-05-16T10:27:40-0300 [-] Initializing Access Point - Number of events: 2
2020-05-16T10:27:40-0300 [-] AccessPointFactory starting on 8082
2020-05-16T10:27:41-0300 [-] Creating fog node ...
2020-05-16T10:27:41-0300 [-] Initializing Client - Number of events: 3
2020-05-16T10:27:41-0300 [-] Creating fog node ...
2020-05-16T10:27:41-0300 [-] Initializing Client - Number of events: 4
2020-05-16T10:27:42-0300 [-] Creating fog node ...
2020-05-16T10:27:42-0300 [-] Initializing Server - Number of events: 5
2020-05-16T10:27:42-0300 [-] BrokerFactory starting on 5100
2020-05-16T10:27:42-0300 [-] Creating iot node ...
2020-05-16T10:27:42-0300 [-] Initializing Client - Number of events: 6
2020-05-16T10:27:43-0300 [-] Initializing sensor node - Number of events: 7
2020-05-16T10:27:43-0300 [-] Initializing sensor node - Number of events: 8
2020-05-16T10:27:44-0300 [stdout#info] {'19.78 Kwh'}
2020-05-16T10:27:44-0300 [-] Initializing sensor node - Number of events: 9
2020-05-16T10:27:44-0300 [stdout#info] {'20.81 Kwh'}
2020-05-16T10:27:44-0300 [-] Initializing sensor node - Number of events: 10
2020-05-16T10:27:45-0300 [stdout#info] {'13.69 Kwh'}
2020-05-16T10:27:45-0300 [-] Initializing sensor node - Number of events: 11
2020-05-16T10:27:45-0300 [stdout#info] {'18.31 Kwh'}
2020-05-16T10:27:45-0300 [-] Initializing sensor node - Number of events: 12
2020-05-16T10:27:46-0300 [stdout#info] {'15.83 Kwh'}
2020-05-16T10:27:46-0300 [-] Initializing sensor node - Number of events: 13
2020-05-16T10:27:46-0300 [stdout#info] {'3.57 Kwh'}
2020-05-16T10:27:46-0300 [-] Initializing sensor node - Number of events: 14
2020-05-16T10:27:47-0300 [stdout#info] {'21.68 Kwh'}
2020-05-16T10:27:47-0300 [-] Initializing sensor node - Number of events: 15
2020-05-16T10:27:47-0300 [stdout#info] {'6.42 Kwh'}
2020-05-16T10:27:47-0300 [-] Initializing sensor node - Number of events: 16
2020-05-16T10:27:48-0300 [stdout#info] {'3.78 Kwh'}
2020-05-16T10:27:48-0300 [stdout#info] <scinetsim.standarddevice.WSNSensorNode object at 0x7f5c8d42d438>
2020-05-16T10:27:48-0300 [stdout#info] <scinetsim.standarddevice.WSNSensorNode object at 0x7f5c8d4272b0>
2020-05-16T10:27:48-0300 [stdout#info] <scinetsim.standarddevice.WSNSensorNode object at 0x7f5c8d42d0b8>
2020-05-16T10:27:48-0300 [stdout#info] <scinetsim.standarddevice.WSNSensorNode object at 0x7f5c8d42deb8>
2020-05-16T10:27:48-0300 [stdout#info] <scinetsim.standarddevice.WSNSensorNode object at 0x7f5c8d427cf8>
2020-05-16T10:27:48-0300 [stdout#info] <scinetsim.standarddevice.WSNSensorNode object at 0x7f5c8d42db38>
2020-05-16T10:27:48-0300 [stdout#info] <scinetsim.standarddevice.WSNSensorNode object at 0x7f5c8d427978>
2020-05-16T10:27:48-0300 [stdout#info] <scinetsim.standarddevice.WSNSensorNode object at 0x7f5c8d42d7b8>
2020-05-16T10:27:48-0300 [stdout#info] <scinetsim.standarddevice.WSNSensorNode object at 0x7f5c8d4275f8>
2020-05-16T10:27:48-0300 [stdout#info] {'3.53 Kwh'}
2020-05-16T10:27:48-0300 [stdout#info] {'20.88 Kwh'}
2020-05-16T10:27:48-0300 [stdout#info] {'13.92 Kwh'}
2020-05-16T10:27:48-0300 [stdout#info] This divice have no simulation core instance
2020-05-16T10:27:48-0300 [stdout#info] This divice have no simulation core instance
2020-05-16T10:27:48-0300 [stdout#info] This divice have no simulation core instance
2020-05-16T10:27:48-0300 [stdout#info] This divice have no simulation core instance
2020-05-16T10:27:48-0300 [stdout#info] This divice have no simulation core instance
2020-05-16T10:27:48-0300 [Uninitialized] 127.0.0.1:44594 - Connected to mqtt broker - Number of events: 17
2020-05-16T10:27:48-0300 [Uninitialized] 127.0.0.1:44594 - sending MQTT SUBSCRIBE REQUEST - Number of events: 18
2020-05-16T10:27:48-0300 [Uninitialized] 127.0.0.1:44596 - Connected to mqtt broker - Number of events: 19
2020-05-16T10:27:48-0300 [Uninitialized] 127.0.0.1:44596 - sending MQTT SUBSCRIBE REQUEST - Number of events: 20
2020-05-16T10:27:48-0300 [Uninitialized] 127.0.0.1:60920 - Connected to mqtt broker - Number of events: 21
2020-05-16T10:27:48-0300 [Uninitialized] 127.0.0.1:60920 - sending MQTT PUBLISH REQUEST - Number of events: 22
2020-05-16T10:27:48-0300 [twisted.internet.endpoints.OneShotFactory#info] Starting factory <twisted.internet.endpoints.connectProtocol.<locals>.OneShotFactory object at 0x7f5c8d4384e0>
2020-05-16T10:27:48-0300 [twisted.internet.endpoints.OneShotFactory#info] Starting factory <twisted.internet.endpoints.connectProtocol.<locals>.OneShotFactory object at 0x7f5c8d4386d8>
2020-05-16T10:27:48-0300 [twisted.internet.endpoints.OneShotFactory#info] Starting factory <twisted.internet.endpoints.connectProtocol.<locals>.OneShotFactory object at 0x7f5c8d438908>
2020-05-16T10:27:48-0300 [stdout#info] This divice have no simulation core instance
2020-05-16T10:27:48-0300 [twisted.internet.endpoints.OneShotFactory#info] Starting factory <twisted.internet.endpoints.connectProtocol.<locals>.OneShotFactory object at 0x7f5c8d449390>
2020-05-16T10:27:48-0300 [stdout#info] {'5.12 Kwh'}
2020-05-16T10:27:49-0300 [stdout#info] {'18.41 Kwh'}
2020-05-16T10:27:49-0300 [stdout#info] {'8.74 Kwh'}
2020-05-16T10:27:50-0300 [stdout#info] {'20.15 Kwh'}
2020-05-16T10:27:50-0300 [stdout#info] {'20.42 Kwh'}
2020-05-16T10:27:51-0300 [stdout#info] {'12.68 Kwh'}
2020-05-16T10:27:51-0300 [stdout#info] {'5.62 Kwh'}
2020-05-16T10:27:51-0300 [stdout#info] {'16.01 Kwh'}
2020-05-16T10:27:51-0300 [stdout#info] {'20.12 Kwh'}
2020-05-16T10:27:51-0300 [stdout#info] {'9.74 Kwh'}
2020-05-16T10:27:52-0300 [stdout#info] {'8.8 Kwh'}
2020-05-16T10:27:52-0300 [stdout#info] {'10.61 Kwh'}
2020-05-16T10:27:53-0300 [stdout#info] {'8.25 Kwh'}
2020-05-16T10:27:53-0300 [-] 127.0.0.1:60920 - sending MQTT PUBLISH REQUEST - Number of events: 23
2020-05-16T10:27:53-0300 [twisted.internet.endpoints.OneShotFactory#info] Starting factory <twisted.internet.endpoints.connectProtocol.<locals>.OneShotFactory object at 0x7f5c8d449630>
2020-05-16T10:27:53-0300 [twisted.internet.endpoints.OneShotFactory#info] Stopping factory <twisted.internet.endpoints.connectProtocol.<locals>.OneShotFactory object at 0x7f5c8d438908>
2020-05-16T10:27:53-0300 [stdout#info] This divice have no simulation core instance
2020-05-16T10:27:53-0300 [twisted.internet.endpoints.OneShotFactory#info] Starting factory <twisted.internet.endpoints.connectProtocol.<locals>.OneShotFactory object at 0x7f5c8d4498d0>
2020-05-16T10:27:53-0300 [twisted.internet.endpoints.OneShotFactory#info] Stopping factory <twisted.internet.endpoints.connectProtocol.<locals>.OneShotFactory object at 0x7f5c8d449390>
2020-05-16T10:27:53-0300 [stdout#info] {'16.24 Kwh'}
2020-05-16T10:27:54-0300 [stdout#info] {'20.48 Kwh'}
2020-05-16T10:27:54-0300 [stdout#info] {'14.4 Kwh'}
2020-05-16T10:27:54-0300 [stdout#info] {'17.26 Kwh'}
2020-05-16T10:27:54-0300 [stdout#info] {'5.66 Kwh'}
2020-05-16T10:27:54-0300 [stdout#info] {'3.53 Kwh'}
2020-05-16T10:27:55-0300 [stdout#info] {'15.88 Kwh'}
2020-05-16T10:27:55-0300 [stdout#info] {'7.68 Kwh'}
2020-05-16T10:27:56-0300 [stdout#info] {'22.09 Kwh'}
2020-05-16T10:27:56-0300 [stdout#info] {'14.91 Kwh'}
2020-05-16T10:27:57-0300 [stdout#info] {'19.5 Kwh'}
2020-05-16T10:27:57-0300 [stdout#info] {'20.32 Kwh'}
2020-05-16T10:27:57-0300 [stdout#info] {'4.8 Kwh'}
2020-05-16T10:27:57-0300 [stdout#info] {'12.21 Kwh'}
2020-05-16T10:27:57-0300 [stdout#info] {'14.22 Kwh'}
2020-05-16T10:27:58-0300 [stdout#info] {'4.36 Kwh'}
2020-05-16T10:27:58-0300 [-] 127.0.0.1:60920 - sending MQTT PUBLISH REQUEST - Number of events: 24
2020-05-16T10:27:58-0300 [twisted.internet.endpoints.OneShotFactory#info] Starting factory <twisted.internet.endpoints.connectProtocol.<locals>.OneShotFactory object at 0x7f5c8d449ac8>
2020-05-16T10:27:58-0300 [twisted.internet.endpoints.OneShotFactory#info] Stopping factory <twisted.internet.endpoints.connectProtocol.<locals>.OneShotFactory object at 0x7f5c8d449630>
2020-05-16T10:27:58-0300 [stdout#info] This divice have no simulation core instance
2020-05-16T10:27:58-0300 [twisted.internet.endpoints.OneShotFactory#info] Starting factory <twisted.internet.endpoints.connectProtocol.<locals>.OneShotFactory object at 0x7f5c8d449d68>
2020-05-16T10:27:58-0300 [stdout#info] {'11.41 Kwh'}
2020-05-16T10:27:59-0300 [stdout#info] {'21.49 Kwh'}
2020-05-16T10:27:59-0300 [stdout#info] {'16.22 Kwh'}
2020-05-16T10:28:00-0300 [stdout#info] {'5.36 Kwh'}
2020-05-16T10:28:00-0300 [stdout#info] {'9.08 Kwh'}
2020-05-16T10:28:00-0300 [stdout#info] {'21.17 Kwh'}
2020-05-16T10:28:00-0300 [stdout#info] {'18.59 Kwh'}
2020-05-16T10:28:00-0300 [stdout#info] {'9.39 Kwh'}
2020-05-16T10:28:01-0300 [stdout#info] {'10.02 Kwh'}
2020-05-16T10:28:01-0300 [stdout#info] {'12.97 Kwh'}
2020-05-16T10:28:02-0300 [stdout#info] {'4.42 Kwh'}
2020-05-16T10:28:02-0300 [stdout#info] {'21.82 Kwh'}
2020-05-16T10:28:03-0300 [stdout#info] {'19.97 Kwh'}
2020-05-16T10:28:03-0300 [-] 127.0.0.1:60920 - sending MQTT PUBLISH REQUEST - Number of events: 25
2020-05-16T10:28:03-0300 [stdout#info] {'14.09 Kwh'}
2020-05-16T10:28:03-0300 [stdout#info] {'8.3 Kwh'}
2020-05-16T10:28:03-0300 [stdout#info] {'17.49 Kwh'}
2020-05-16T10:28:03-0300 [twisted.internet.endpoints.OneShotFactory#info] Starting factory <twisted.internet.endpoints.connectProtocol.<locals>.OneShotFactory object at 0x7f5c8d449f98>
2020-05-16T10:28:03-0300 [twisted.internet.endpoints.OneShotFactory#info] Stopping factory <twisted.internet.endpoints.connectProtocol.<locals>.OneShotFactory object at 0x7f5c8d449ac8>
2020-05-16T10:28:03-0300 [stdout#info] This divice have no simulation core instance
2020-05-16T10:28:03-0300 [twisted.internet.endpoints.OneShotFactory#info] Starting factory <twisted.internet.endpoints.connectProtocol.<locals>.OneShotFactory object at 0x7f5c8d41ee10>
2020-05-16T10:28:03-0300 [stdout#info] {'20.78 Kwh'}
2020-05-16T10:28:04-0300 [stdout#info] {'14.08 Kwh'}
2020-05-16T10:28:04-0300 [stdout#info] {'8.65 Kwh'}
2020-05-16T10:28:05-0300 [stdout#info] {'10.76 Kwh'}
2020-05-16T10:28:05-0300 [stdout#info] {'17.2 Kwh'}
2020-05-16T10:28:06-0300 [stdout#info] {'13.68 Kwh'}
2020-05-16T10:28:06-0300 [stdout#info] {'7.42 Kwh'}
2020-05-16T10:28:06-0300 [stdout#info] {'11.32 Kwh'}
2020-05-16T10:28:06-0300 [stdout#info] {'19.12 Kwh'}
2020-05-16T10:28:06-0300 [stdout#info] {'3.05 Kwh'}
2020-05-16T10:28:07-0300 [stdout#info] {'17.11 Kwh'}
2020-05-16T10:28:07-0300 [stdout#info] {'10.9 Kwh'}
2020-05-16T10:28:08-0300 [stdout#info] {'12.91 Kwh'}
2020-05-16T10:28:08-0300 [-] 127.0.0.1:60920 - sending MQTT PUBLISH REQUEST - Number of events: 26
2020-05-16T10:28:08-0300 [twisted.internet.endpoints.OneShotFactory#info] Starting factory <twisted.internet.endpoints.connectProtocol.<locals>.OneShotFactory object at 0x7f5c8eb06470>
2020-05-16T10:28:08-0300 [twisted.internet.endpoints.OneShotFactory#info] Stopping factory <twisted.internet.endpoints.connectProtocol.<locals>.OneShotFactory object at 0x7f5c8d449f98>
2020-05-16T10:28:08-0300 [stdout#info] This divice have no simulation core instance
2020-05-16T10:28:08-0300 [twisted.internet.endpoints.OneShotFactory#info] Starting factory <twisted.internet.endpoints.connectProtocol.<locals>.OneShotFactory object at 0x7f5c8eb06710>
2020-05-16T10:28:08-0300 [stdout#info] {'8.89 Kwh'}
2020-05-16T10:28:09-0300 [stdout#info] {'19.29 Kwh'}
2020-05-16T10:28:09-0300 [stdout#info] {'20.62 Kwh'}
2020-05-16T10:28:09-0300 [stdout#info] {'11.8 Kwh'}
2020-05-16T10:28:09-0300 [stdout#info] {'13.76 Kwh'}
2020-05-16T10:28:09-0300 [stdout#info] {'4.65 Kwh'}
2020-05-16T10:28:10-0300 [stdout#info] {'13.91 Kwh'}
2020-05-16T10:28:10-0300 [stdout#info] {'9.92 Kwh'}
2020-05-16T10:28:11-0300 [stdout#info] {'21.21 Kwh'}
2020-05-16T10:28:11-0300 [stdout#info] {'10.94 Kwh'}
2020-05-16T10:28:12-0300 [stdout#info] {'17.9 Kwh'}
2020-05-16T10:28:12-0300 [stdout#info] {'10.38 Kwh'}
2020-05-16T10:28:12-0300 [stdout#info] {'9.1 Kwh'}
2020-05-16T10:28:12-0300 [stdout#info] {'16.34 Kwh'}
2020-05-16T10:28:12-0300 [stdout#info] {'19.0 Kwh'}
2020-05-16T10:28:13-0300 [stdout#info] {'4.9 Kwh'}
2020-05-16T10:28:13-0300 [-] 127.0.0.1:60920 - sending MQTT PUBLISH REQUEST - Number of events: 27
2020-05-16T10:28:13-0300 [twisted.internet.endpoints.OneShotFactory#info] Starting factory <twisted.internet.endpoints.connectProtocol.<locals>.OneShotFactory object at 0x7f5c8eb06128>
2020-05-16T10:28:13-0300 [twisted.internet.endpoints.OneShotFactory#info] Stopping factory <twisted.internet.endpoints.connectProtocol.<locals>.OneShotFactory object at 0x7f5c8eb06470>
2020-05-16T10:28:13-0300 [stdout#info] This divice have no simulation core instance
2020-05-16T10:28:13-0300 [twisted.internet.endpoints.OneShotFactory#info] Starting factory <twisted.internet.endpoints.connectProtocol.<locals>.OneShotFactory object at 0x7f5c8eb06ac8>
2020-05-16T10:28:13-0300 [stdout#info] {'21.51 Kwh'}
2020-05-16T10:28:14-0300 [stdout#info] {'17.71 Kwh'}
2020-05-16T10:28:14-0300 [stdout#info] {'13.77 Kwh'}
2020-05-16T10:28:15-0300 [stdout#info] {'22.31 Kwh'}
2020-05-16T10:28:15-0300 [stdout#info] {'3.79 Kwh'}
2020-05-16T10:28:15-0300 [stdout#info] {'9.39 Kwh'}
2020-05-16T10:28:15-0300 [stdout#info] {'4.29 Kwh'}
2020-05-16T10:28:15-0300 [stdout#info] {'15.97 Kwh'}
2020-05-16T10:28:16-0300 [stdout#info] {'16.43 Kwh'}
2020-05-16T10:28:16-0300 [stdout#info] {'14.01 Kwh'}
2020-05-16T10:28:17-0300 [stdout#info] {'4.31 Kwh'}
2020-05-16T10:28:17-0300 [stdout#info] {'8.88 Kwh'}
2020-05-16T10:28:18-0300 [stdout#info] {'7.46 Kwh'}
2020-05-16T10:28:18-0300 [-] 127.0.0.1:60920 - sending MQTT PUBLISH REQUEST - Number of events: 28
2020-05-16T10:28:18-0300 [twisted.internet.endpoints.OneShotFactory#info] Starting factory <twisted.internet.endpoints.connectProtocol.<locals>.OneShotFactory object at 0x7f5c8eb061d0>
2020-05-16T10:28:18-0300 [twisted.internet.endpoints.OneShotFactory#info] Stopping factory <twisted.internet.endpoints.connectProtocol.<locals>.OneShotFactory object at 0x7f5c8eb06128>
2020-05-16T10:28:18-0300 [stdout#info] This divice have no simulation core instance
2020-05-16T10:28:18-0300 [twisted.internet.endpoints.OneShotFactory#info] Starting factory <twisted.internet.endpoints.connectProtocol.<locals>.OneShotFactory object at 0x7f5c8eb06ef0>
2020-05-16T10:28:18-0300 [stdout#info] {'22.13 Kwh'}
2020-05-16T10:28:18-0300 [stdout#info] {'6.79 Kwh'}
2020-05-16T10:28:18-0300 [stdout#info] {'13.54 Kwh'}
2020-05-16T10:28:18-0300 [stdout#info] {'17.71 Kwh'}
2020-05-16T10:28:19-0300 [stdout#info] {'14.65 Kwh'}
2020-05-16T10:28:19-0300 [stdout#info] {'8.24 Kwh'}
2020-05-16T10:28:20-0300 [stdout#info] {'21.99 Kwh'}
2020-05-16T10:28:20-0300 [stdout#info] {'7.66 Kwh'}
2020-05-16T10:28:21-0300 [stdout#info] {'5.93 Kwh'}
2020-05-16T10:28:21-0300 [stdout#info] {'8.77 Kwh'}
2020-05-16T10:28:21-0300 [stdout#info] {'7.1 Kwh'}
2020-05-16T10:28:21-0300 [stdout#info] {'17.02 Kwh'}
2020-05-16T10:28:21-0300 [stdout#info] {'12.69 Kwh'}
2020-05-16T10:28:22-0300 [stdout#info] {'21.03 Kwh'}
2020-05-16T10:28:22-0300 [stdout#info] {'5.09 Kwh'}
2020-05-16T10:28:23-0300 [stdout#info] {'8.91 Kwh'}
2020-05-16T10:28:23-0300 [-] 127.0.0.1:60920 - sending MQTT PUBLISH REQUEST - Number of events: 29
2020-05-16T10:28:23-0300 [twisted.internet.endpoints.OneShotFactory#info] Starting factory <twisted.internet.endpoints.connectProtocol.<locals>.OneShotFactory object at 0x7f5c8eb26048>
2020-05-16T10:28:23-0300 [twisted.internet.endpoints.OneShotFactory#info] Stopping factory <twisted.internet.endpoints.connectProtocol.<locals>.OneShotFactory object at 0x7f5c8eb061d0>
2020-05-16T10:28:23-0300 [stdout#info] This divice have no simulation core instance
2020-05-16T10:28:23-0300 [twisted.internet.endpoints.OneShotFactory#info] Starting factory <twisted.internet.endpoints.connectProtocol.<locals>.OneShotFactory object at 0x7f5c8eb26390>
2020-05-16T10:28:23-0300 [stdout#info] {'10.39 Kwh'}
2020-05-16T10:28:24-0300 [stdout#info] {'9.02 Kwh'}
2020-05-16T10:28:24-0300 [stdout#info] {'7.11 Kwh'}
2020-05-16T10:28:24-0300 [stdout#info] {'6.42 Kwh'}
2020-05-16T10:28:24-0300 [stdout#info] {'5.66 Kwh'}
2020-05-16T10:28:24-0300 [stdout#info] {'6.65 Kwh'}
2020-05-16T10:28:24-0300 [-] Received SIGINT, shutting down.
2020-05-16T10:28:24-0300 [SubscriberApp,client] connection lost: Connection to the other side was lost in a non-clean fashion: Connection lost.
2020-05-16T10:28:24-0300 [SubscriberApp,client] connection lost - Number of events: 30
2020-05-16T10:28:24-0300 [twisted.internet.endpoints.OneShotFactory#info] Stopping factory <twisted.internet.endpoints.connectProtocol.<locals>.OneShotFactory object at 0x7f5c8d4498d0>
2020-05-16T10:28:24-0300 [twisted.internet.endpoints.OneShotFactory#info] Stopping factory <twisted.internet.endpoints.connectProtocol.<locals>.OneShotFactory object at 0x7f5c8eb26048>
2020-05-16T10:28:24-0300 [twisted.internet.endpoints.OneShotFactory#info] Stopping factory <twisted.internet.endpoints.connectProtocol.<locals>.OneShotFactory object at 0x7f5c8d41ee10>
2020-05-16T10:28:24-0300 [applications.routerapp.RouterFactory] (TCP Port 8081 Closed)
2020-05-16T10:28:24-0300 [twisted.internet.endpoints.OneShotFactory#info] Stopping factory <twisted.internet.endpoints.connectProtocol.<locals>.OneShotFactory object at 0x7f5c8eb06ac8>
2020-05-16T10:28:24-0300 [SubscriberApp,client] connection lost: Connection to the other side was lost in a non-clean fashion: Connection lost.
2020-05-16T10:28:24-0300 [SubscriberApp,client] connection lost - Number of events: 31
2020-05-16T10:28:24-0300 [twisted.internet.endpoints.OneShotFactory#info] Stopping factory <twisted.internet.endpoints.connectProtocol.<locals>.OneShotFactory object at 0x7f5c8eb26390>
2020-05-16T10:28:24-0300 [applications.accesspointapp.AccessPointFactory] (TCP Port 8082 Closed)
2020-05-16T10:28:24-0300 [PublisherApp,client] connection lost: Connection to the other side was lost in a non-clean fashion: Connection lost.
2020-05-16T10:28:24-0300 [PublisherApp,client] connection lost - Number of events: 32
2020-05-16T10:28:24-0300 [twisted.internet.endpoints.OneShotFactory#info] Stopping factory <twisted.internet.endpoints.connectProtocol.<locals>.OneShotFactory object at 0x7f5c8d4384e0>
2020-05-16T10:28:24-0300 [twisted.internet.endpoints.OneShotFactory#info] Stopping factory <twisted.internet.endpoints.connectProtocol.<locals>.OneShotFactory object at 0x7f5c8d449d68>
2020-05-16T10:28:24-0300 [applications.mqttapp.BrokerFactory] (TCP Port 5100 Closed)
2020-05-16T10:28:24-0300 [twisted.internet.endpoints.OneShotFactory#info] Stopping factory <twisted.internet.endpoints.connectProtocol.<locals>.OneShotFactory object at 0x7f5c8d4386d8>
2020-05-16T10:28:24-0300 [twisted.internet.endpoints.OneShotFactory#info] Stopping factory <twisted.internet.endpoints.connectProtocol.<locals>.OneShotFactory object at 0x7f5c8eb06ef0>
2020-05-16T10:28:24-0300 [twisted.internet.endpoints.OneShotFactory#info] Stopping factory <twisted.internet.endpoints.connectProtocol.<locals>.OneShotFactory object at 0x7f5c8eb06710>
2020-05-16T10:28:24-0300 [-] Main loop terminated.
