2020-05-18T20:54:22-0300 [-] Creating router ...
2020-05-18T20:54:22-0300 [-] Initializing Router - Number of events: 1
2020-05-18T20:54:22-0300 [-] RouterFactory starting on 8081
2020-05-18T20:54:22-0300 [-] Creating AccessPoint station ...
2020-05-18T20:54:22-0300 [-] Initializing Access Point - Number of events: 2
2020-05-18T20:54:23-0300 [-] AccessPointFactory starting on 8082
2020-05-18T20:54:23-0300 [-] Creating fog node ...
2020-05-18T20:54:23-0300 [-] Initializing Client - Number of events: 3
2020-05-18T20:54:23-0300 [-] Creating fog node ...
2020-05-18T20:54:23-0300 [-] Initializing Client - Number of events: 4
2020-05-18T20:54:24-0300 [-] Creating fog node ...
2020-05-18T20:54:24-0300 [-] Initializing Server - Number of events: 5
2020-05-18T20:54:24-0300 [-] BrokerFactory starting on 5100
2020-05-18T20:54:24-0300 [-] Creating iot node ...
2020-05-18T20:54:24-0300 [-] Initializing Client - Number of events: 6
2020-05-18T20:54:25-0300 [-] Initializing sensor node - Number of events: 7
2020-05-18T20:54:25-0300 [-] Initializing sensor node - Number of events: 8
2020-05-18T20:54:26-0300 [stdout#info] sensor_2
2020-05-18T20:54:26-0300 [-] Initializing sensor node - Number of events: 9
2020-05-18T20:54:26-0300 [stdout#info] sensor_3
2020-05-18T20:54:26-0300 [-] Initializing sensor node - Number of events: 10
2020-05-18T20:54:27-0300 [stdout#info] sensor_4
2020-05-18T20:54:27-0300 [-] Initializing sensor node - Number of events: 11
2020-05-18T20:54:27-0300 [stdout#info] sensor_5
2020-05-18T20:54:27-0300 [-] Initializing sensor node - Number of events: 12
2020-05-18T20:54:28-0300 [stdout#info] sensor_6
2020-05-18T20:54:28-0300 [-] Initializing sensor node - Number of events: 13
2020-05-18T20:54:28-0300 [stdout#info] sensor_7
2020-05-18T20:54:28-0300 [-] Initializing sensor node - Number of events: 14
2020-05-18T20:54:29-0300 [stdout#info] sensor_8
2020-05-18T20:54:29-0300 [-] Initializing sensor node - Number of events: 15
2020-05-18T20:54:29-0300 [stdout#info] sensor_9
2020-05-18T20:54:29-0300 [-] Initializing sensor node - Number of events: 16
2020-05-18T20:54:30-0300 [stdout#info] sensor_10
2020-05-18T20:54:30-0300 [stdout#info] This divice have no simulation core instance
2020-05-18T20:54:30-0300 [stdout#info] This divice have no simulation core instance
2020-05-18T20:54:30-0300 [stdout#info] This divice have no simulation core instance
2020-05-18T20:54:30-0300 [stdout#info] This divice have no simulation core instance
2020-05-18T20:54:30-0300 [stdout#info] This divice have no simulation core instance
2020-05-18T20:54:30-0300 [Uninitialized] 127.0.0.1:52734 - Connected to mqtt broker - Number of events: 17
2020-05-18T20:54:30-0300 [Uninitialized] 127.0.0.1:52734 - sending MQTT SUBSCRIBE REQUEST - Number of events: 18
2020-05-18T20:54:30-0300 [Uninitialized] 127.0.0.1:52736 - Connected to mqtt broker - Number of events: 19
2020-05-18T20:54:30-0300 [Uninitialized] 127.0.0.1:52736 - sending MQTT SUBSCRIBE REQUEST - Number of events: 20
2020-05-18T20:54:30-0300 [Uninitialized] 127.0.0.1:33384 - Connected to mqtt broker - Number of events: 21
2020-05-18T20:54:30-0300 [Uninitialized] 127.0.0.1:33384 - sending MQTT PUBLISH REQUEST - Number of events: 22
2020-05-18T20:54:30-0300 [twisted.internet.endpoints.OneShotFactory#info] Starting factory <twisted.internet.endpoints.connectProtocol.<locals>.OneShotFactory object at 0x7f37b2787518>
2020-05-18T20:54:30-0300 [twisted.internet.endpoints.OneShotFactory#info] Starting factory <twisted.internet.endpoints.connectProtocol.<locals>.OneShotFactory object at 0x7f37b2787710>
2020-05-18T20:54:30-0300 [twisted.internet.endpoints.OneShotFactory#info] Starting factory <twisted.internet.endpoints.connectProtocol.<locals>.OneShotFactory object at 0x7f37b2787940>
2020-05-18T20:54:30-0300 [stdout#info] This divice have no simulation core instance
2020-05-18T20:54:30-0300 [twisted.internet.endpoints.OneShotFactory#info] Starting factory <twisted.internet.endpoints.connectProtocol.<locals>.OneShotFactory object at 0x7f37b27982e8>
2020-05-18T20:54:36-0300 [-] 127.0.0.1:33384 - sending MQTT PUBLISH REQUEST - Number of events: 23
2020-05-18T20:54:36-0300 [twisted.internet.endpoints.OneShotFactory#info] Starting factory <twisted.internet.endpoints.connectProtocol.<locals>.OneShotFactory object at 0x7f37b27986d8>
2020-05-18T20:54:36-0300 [twisted.internet.endpoints.OneShotFactory#info] Stopping factory <twisted.internet.endpoints.connectProtocol.<locals>.OneShotFactory object at 0x7f37b2787940>
2020-05-18T20:54:36-0300 [stdout#info] This divice have no simulation core instance
2020-05-18T20:54:36-0300 [twisted.internet.endpoints.OneShotFactory#info] Starting factory <twisted.internet.endpoints.connectProtocol.<locals>.OneShotFactory object at 0x7f37b2798908>
2020-05-18T20:54:36-0300 [twisted.internet.endpoints.OneShotFactory#info] Stopping factory <twisted.internet.endpoints.connectProtocol.<locals>.OneShotFactory object at 0x7f37b27982e8>
2020-05-18T20:54:41-0300 [-] 127.0.0.1:33384 - sending MQTT PUBLISH REQUEST - Number of events: 24
2020-05-18T20:54:41-0300 [twisted.internet.endpoints.OneShotFactory#info] Starting factory <twisted.internet.endpoints.connectProtocol.<locals>.OneShotFactory object at 0x7f37b2798b70>
2020-05-18T20:54:41-0300 [twisted.internet.endpoints.OneShotFactory#info] Stopping factory <twisted.internet.endpoints.connectProtocol.<locals>.OneShotFactory object at 0x7f37b27986d8>
2020-05-18T20:54:41-0300 [stdout#info] This divice have no simulation core instance
2020-05-18T20:54:41-0300 [twisted.internet.endpoints.OneShotFactory#info] Starting factory <twisted.internet.endpoints.connectProtocol.<locals>.OneShotFactory object at 0x7f37b2798da0>
2020-05-18T20:54:46-0300 [-] 127.0.0.1:33384 - sending MQTT PUBLISH REQUEST - Number of events: 25
2020-05-18T20:54:46-0300 [twisted.internet.endpoints.OneShotFactory#info] Starting factory <twisted.internet.endpoints.connectProtocol.<locals>.OneShotFactory object at 0x7f37b3e50048>
2020-05-18T20:54:46-0300 [twisted.internet.endpoints.OneShotFactory#info] Stopping factory <twisted.internet.endpoints.connectProtocol.<locals>.OneShotFactory object at 0x7f37b2798b70>
2020-05-18T20:54:46-0300 [stdout#info] This divice have no simulation core instance
2020-05-18T20:54:46-0300 [twisted.internet.endpoints.OneShotFactory#info] Starting factory <twisted.internet.endpoints.connectProtocol.<locals>.OneShotFactory object at 0x7f37b3e502b0>
2020-05-18T20:54:51-0300 [-] 127.0.0.1:33384 - sending MQTT PUBLISH REQUEST - Number of events: 26
2020-05-18T20:54:51-0300 [twisted.internet.endpoints.OneShotFactory#info] Starting factory <twisted.internet.endpoints.connectProtocol.<locals>.OneShotFactory object at 0x7f37b3e504e0>
2020-05-18T20:54:51-0300 [twisted.internet.endpoints.OneShotFactory#info] Stopping factory <twisted.internet.endpoints.connectProtocol.<locals>.OneShotFactory object at 0x7f37b3e50048>
2020-05-18T20:54:51-0300 [stdout#info] This divice have no simulation core instance
2020-05-18T20:54:51-0300 [twisted.internet.endpoints.OneShotFactory#info] Starting factory <twisted.internet.endpoints.connectProtocol.<locals>.OneShotFactory object at 0x7f37b3e50780>
2020-05-18T20:54:56-0300 [-] 127.0.0.1:33384 - sending MQTT PUBLISH REQUEST - Number of events: 27
2020-05-18T20:54:56-0300 [twisted.internet.endpoints.OneShotFactory#info] Starting factory <twisted.internet.endpoints.connectProtocol.<locals>.OneShotFactory object at 0x7f37b3e50470>
2020-05-18T20:54:56-0300 [twisted.internet.endpoints.OneShotFactory#info] Stopping factory <twisted.internet.endpoints.connectProtocol.<locals>.OneShotFactory object at 0x7f37b3e504e0>
2020-05-18T20:54:56-0300 [stdout#info] This divice have no simulation core instance
2020-05-18T20:54:56-0300 [twisted.internet.endpoints.OneShotFactory#info] Starting factory <twisted.internet.endpoints.connectProtocol.<locals>.OneShotFactory object at 0x7f37b3e50b38>
2020-05-18T20:55:01-0300 [-] 127.0.0.1:33384 - sending MQTT PUBLISH REQUEST - Number of events: 28
2020-05-18T20:55:01-0300 [twisted.internet.endpoints.OneShotFactory#info] Starting factory <twisted.internet.endpoints.connectProtocol.<locals>.OneShotFactory object at 0x7f37b3e50160>
2020-05-18T20:55:01-0300 [twisted.internet.endpoints.OneShotFactory#info] Stopping factory <twisted.internet.endpoints.connectProtocol.<locals>.OneShotFactory object at 0x7f37b3e50470>
2020-05-18T20:55:01-0300 [stdout#info] This divice have no simulation core instance
2020-05-18T20:55:01-0300 [twisted.internet.endpoints.OneShotFactory#info] Starting factory <twisted.internet.endpoints.connectProtocol.<locals>.OneShotFactory object at 0x7f37b3e50f60>
2020-05-18T20:55:06-0300 [-] 127.0.0.1:33384 - sending MQTT PUBLISH REQUEST - Number of events: 29
2020-05-18T20:55:06-0300 [twisted.internet.endpoints.OneShotFactory#info] Starting factory <twisted.internet.endpoints.connectProtocol.<locals>.OneShotFactory object at 0x7f37b3e0f208>
2020-05-18T20:55:06-0300 [twisted.internet.endpoints.OneShotFactory#info] Stopping factory <twisted.internet.endpoints.connectProtocol.<locals>.OneShotFactory object at 0x7f37b3e50160>
2020-05-18T20:55:06-0300 [stdout#info] This divice have no simulation core instance
2020-05-18T20:55:06-0300 [twisted.internet.endpoints.OneShotFactory#info] Starting factory <twisted.internet.endpoints.connectProtocol.<locals>.OneShotFactory object at 0x7f37b3e0f470>
2020-05-18T20:55:11-0300 [-] 127.0.0.1:33384 - sending MQTT PUBLISH REQUEST - Number of events: 30
2020-05-18T20:55:11-0300 [twisted.internet.endpoints.OneShotFactory#info] Starting factory <twisted.internet.endpoints.connectProtocol.<locals>.OneShotFactory object at 0x7f37b3e0f6d8>
2020-05-18T20:55:11-0300 [twisted.internet.endpoints.OneShotFactory#info] Stopping factory <twisted.internet.endpoints.connectProtocol.<locals>.OneShotFactory object at 0x7f37b3e0f208>
2020-05-18T20:55:11-0300 [stdout#info] This divice have no simulation core instance
2020-05-18T20:55:11-0300 [twisted.internet.endpoints.OneShotFactory#info] Starting factory <twisted.internet.endpoints.connectProtocol.<locals>.OneShotFactory object at 0x7f37b3e0f8d0>
2020-05-18T20:55:16-0300 [-] 127.0.0.1:33384 - sending MQTT PUBLISH REQUEST - Number of events: 31
2020-05-18T20:55:16-0300 [twisted.internet.endpoints.OneShotFactory#info] Starting factory <twisted.internet.endpoints.connectProtocol.<locals>.OneShotFactory object at 0x7f37b3e0fa58>
2020-05-18T20:55:16-0300 [twisted.internet.endpoints.OneShotFactory#info] Stopping factory <twisted.internet.endpoints.connectProtocol.<locals>.OneShotFactory object at 0x7f37b3e0f6d8>
2020-05-18T20:55:16-0300 [stdout#info] This divice have no simulation core instance
2020-05-18T20:55:16-0300 [twisted.internet.endpoints.OneShotFactory#info] Starting factory <twisted.internet.endpoints.connectProtocol.<locals>.OneShotFactory object at 0x7f37b3e0fd68>
2020-05-18T20:55:21-0300 [-] 127.0.0.1:33384 - sending MQTT PUBLISH REQUEST - Number of events: 32
2020-05-18T20:55:21-0300 [twisted.internet.endpoints.OneShotFactory#info] Starting factory <twisted.internet.endpoints.connectProtocol.<locals>.OneShotFactory object at 0x7f37b2fab0f0>
2020-05-18T20:55:21-0300 [twisted.internet.endpoints.OneShotFactory#info] Stopping factory <twisted.internet.endpoints.connectProtocol.<locals>.OneShotFactory object at 0x7f37b3e0fa58>
2020-05-18T20:55:21-0300 [stdout#info] This divice have no simulation core instance
2020-05-18T20:55:21-0300 [twisted.internet.endpoints.OneShotFactory#info] Starting factory <twisted.internet.endpoints.connectProtocol.<locals>.OneShotFactory object at 0x7f37b3e27240>
2020-05-18T20:55:26-0300 [-] 127.0.0.1:33384 - sending MQTT PUBLISH REQUEST - Number of events: 33
2020-05-18T20:55:26-0300 [twisted.internet.endpoints.OneShotFactory#info] Starting factory <twisted.internet.endpoints.connectProtocol.<locals>.OneShotFactory object at 0x7f37b3e27160>
2020-05-18T20:55:26-0300 [twisted.internet.endpoints.OneShotFactory#info] Stopping factory <twisted.internet.endpoints.connectProtocol.<locals>.OneShotFactory object at 0x7f37b2fab0f0>
2020-05-18T20:55:26-0300 [stdout#info] This divice have no simulation core instance
2020-05-18T20:55:26-0300 [twisted.internet.endpoints.OneShotFactory#info] Starting factory <twisted.internet.endpoints.connectProtocol.<locals>.OneShotFactory object at 0x7f37b3e27710>
2020-05-18T20:55:31-0300 [-] 127.0.0.1:33384 - sending MQTT PUBLISH REQUEST - Number of events: 34
2020-05-18T20:55:31-0300 [twisted.internet.endpoints.OneShotFactory#info] Starting factory <twisted.internet.endpoints.connectProtocol.<locals>.OneShotFactory object at 0x7f37b3e27630>
2020-05-18T20:55:31-0300 [twisted.internet.endpoints.OneShotFactory#info] Stopping factory <twisted.internet.endpoints.connectProtocol.<locals>.OneShotFactory object at 0x7f37b3e27160>
2020-05-18T20:55:31-0300 [stdout#info] This divice have no simulation core instance
2020-05-18T20:55:31-0300 [twisted.internet.endpoints.OneShotFactory#info] Starting factory <twisted.internet.endpoints.connectProtocol.<locals>.OneShotFactory object at 0x7f37b3e27b38>
2020-05-18T20:55:36-0300 [-] 127.0.0.1:33384 - sending MQTT PUBLISH REQUEST - Number of events: 35
2020-05-18T20:55:36-0300 [twisted.internet.endpoints.OneShotFactory#info] Starting factory <twisted.internet.endpoints.connectProtocol.<locals>.OneShotFactory object at 0x7f37b3e27dd8>
2020-05-18T20:55:36-0300 [twisted.internet.endpoints.OneShotFactory#info] Stopping factory <twisted.internet.endpoints.connectProtocol.<locals>.OneShotFactory object at 0x7f37b3e27630>
2020-05-18T20:55:36-0300 [stdout#info] This divice have no simulation core instance
2020-05-18T20:55:36-0300 [twisted.internet.endpoints.OneShotFactory#info] Starting factory <twisted.internet.endpoints.connectProtocol.<locals>.OneShotFactory object at 0x7f37b3e37080>
2020-05-18T20:55:41-0300 [-] 127.0.0.1:33384 - sending MQTT PUBLISH REQUEST - Number of events: 36
2020-05-18T20:55:41-0300 [twisted.internet.endpoints.OneShotFactory#info] Starting factory <twisted.internet.endpoints.connectProtocol.<locals>.OneShotFactory object at 0x7f37b3e37278>
2020-05-18T20:55:41-0300 [twisted.internet.endpoints.OneShotFactory#info] Stopping factory <twisted.internet.endpoints.connectProtocol.<locals>.OneShotFactory object at 0x7f37b3e27dd8>
2020-05-18T20:55:41-0300 [stdout#info] This divice have no simulation core instance
2020-05-18T20:55:41-0300 [twisted.internet.endpoints.OneShotFactory#info] Starting factory <twisted.internet.endpoints.connectProtocol.<locals>.OneShotFactory object at 0x7f37b3e374a8>
2020-05-18T20:55:46-0300 [-] 127.0.0.1:33384 - sending MQTT PUBLISH REQUEST - Number of events: 37
2020-05-18T20:55:46-0300 [twisted.internet.endpoints.OneShotFactory#info] Starting factory <twisted.internet.endpoints.connectProtocol.<locals>.OneShotFactory object at 0x7f37b3e37710>
2020-05-18T20:55:46-0300 [twisted.internet.endpoints.OneShotFactory#info] Stopping factory <twisted.internet.endpoints.connectProtocol.<locals>.OneShotFactory object at 0x7f37b3e37278>
2020-05-18T20:55:46-0300 [stdout#info] This divice have no simulation core instance
2020-05-18T20:55:46-0300 [twisted.internet.endpoints.OneShotFactory#info] Starting factory <twisted.internet.endpoints.connectProtocol.<locals>.OneShotFactory object at 0x7f37b3e37940>
2020-05-18T20:55:51-0300 [-] 127.0.0.1:33384 - sending MQTT PUBLISH REQUEST - Number of events: 38
2020-05-18T20:55:51-0300 [twisted.internet.endpoints.OneShotFactory#info] Starting factory <twisted.internet.endpoints.connectProtocol.<locals>.OneShotFactory object at 0x7f37b3e37ba8>
2020-05-18T20:55:51-0300 [twisted.internet.endpoints.OneShotFactory#info] Stopping factory <twisted.internet.endpoints.connectProtocol.<locals>.OneShotFactory object at 0x7f37b3e37710>
2020-05-18T20:55:51-0300 [stdout#info] This divice have no simulation core instance
2020-05-18T20:55:51-0300 [twisted.internet.endpoints.OneShotFactory#info] Starting factory <twisted.internet.endpoints.connectProtocol.<locals>.OneShotFactory object at 0x7f37b3e37e10>
2020-05-18T20:55:56-0300 [-] 127.0.0.1:33384 - sending MQTT PUBLISH REQUEST - Number of events: 39
2020-05-18T20:55:56-0300 [twisted.internet.endpoints.OneShotFactory#info] Starting factory <twisted.internet.endpoints.connectProtocol.<locals>.OneShotFactory object at 0x7f37b3e37cf8>
2020-05-18T20:55:56-0300 [twisted.internet.endpoints.OneShotFactory#info] Stopping factory <twisted.internet.endpoints.connectProtocol.<locals>.OneShotFactory object at 0x7f37b3e37ba8>
2020-05-18T20:55:56-0300 [stdout#info] This divice have no simulation core instance
2020-05-18T20:55:56-0300 [twisted.internet.endpoints.OneShotFactory#info] Starting factory <twisted.internet.endpoints.connectProtocol.<locals>.OneShotFactory object at 0x7f37b3dc5278>
2020-05-18T20:56:01-0300 [-] 127.0.0.1:33384 - sending MQTT PUBLISH REQUEST - Number of events: 40
2020-05-18T20:56:01-0300 [twisted.internet.endpoints.OneShotFactory#info] Starting factory <twisted.internet.endpoints.connectProtocol.<locals>.OneShotFactory object at 0x7f37b3dc5400>
2020-05-18T20:56:01-0300 [twisted.internet.endpoints.OneShotFactory#info] Stopping factory <twisted.internet.endpoints.connectProtocol.<locals>.OneShotFactory object at 0x7f37b3e37cf8>
2020-05-18T20:56:01-0300 [stdout#info] This divice have no simulation core instance
2020-05-18T20:56:01-0300 [twisted.internet.endpoints.OneShotFactory#info] Starting factory <twisted.internet.endpoints.connectProtocol.<locals>.OneShotFactory object at 0x7f37b3dc56d8>
2020-05-18T20:56:06-0300 [-] 127.0.0.1:33384 - sending MQTT PUBLISH REQUEST - Number of events: 41
2020-05-18T20:56:06-0300 [twisted.internet.endpoints.OneShotFactory#info] Starting factory <twisted.internet.endpoints.connectProtocol.<locals>.OneShotFactory object at 0x7f37b3dc5438>
2020-05-18T20:56:06-0300 [twisted.internet.endpoints.OneShotFactory#info] Stopping factory <twisted.internet.endpoints.connectProtocol.<locals>.OneShotFactory object at 0x7f37b3dc5400>
2020-05-18T20:56:06-0300 [stdout#info] This divice have no simulation core instance
2020-05-18T20:56:06-0300 [twisted.internet.endpoints.OneShotFactory#info] Starting factory <twisted.internet.endpoints.connectProtocol.<locals>.OneShotFactory object at 0x7f37b3dc5b38>
2020-05-18T20:56:11-0300 [-] 127.0.0.1:33384 - sending MQTT PUBLISH REQUEST - Number of events: 42
2020-05-18T20:56:11-0300 [twisted.internet.endpoints.OneShotFactory#info] Starting factory <twisted.internet.endpoints.connectProtocol.<locals>.OneShotFactory object at 0x7f37b3dc5cc0>
2020-05-18T20:56:11-0300 [twisted.internet.endpoints.OneShotFactory#info] Stopping factory <twisted.internet.endpoints.connectProtocol.<locals>.OneShotFactory object at 0x7f37b3dc5438>
2020-05-18T20:56:11-0300 [stdout#info] This divice have no simulation core instance
2020-05-18T20:56:11-0300 [twisted.internet.endpoints.OneShotFactory#info] Starting factory <twisted.internet.endpoints.connectProtocol.<locals>.OneShotFactory object at 0x7f37b3dc5f98>
2020-05-18T20:56:16-0300 [-] 127.0.0.1:33384 - sending MQTT PUBLISH REQUEST - Number of events: 43
2020-05-18T20:56:16-0300 [twisted.internet.endpoints.OneShotFactory#info] Starting factory <twisted.internet.endpoints.connectProtocol.<locals>.OneShotFactory object at 0x7f37b3dd00f0>
2020-05-18T20:56:16-0300 [twisted.internet.endpoints.OneShotFactory#info] Stopping factory <twisted.internet.endpoints.connectProtocol.<locals>.OneShotFactory object at 0x7f37b3dc5cc0>
2020-05-18T20:56:16-0300 [stdout#info] This divice have no simulation core instance
2020-05-18T20:56:16-0300 [twisted.internet.endpoints.OneShotFactory#info] Starting factory <twisted.internet.endpoints.connectProtocol.<locals>.OneShotFactory object at 0x7f37b3dd0438>
2020-05-18T20:56:21-0300 [-] 127.0.0.1:33384 - sending MQTT PUBLISH REQUEST - Number of events: 44
2020-05-18T20:56:21-0300 [twisted.internet.endpoints.OneShotFactory#info] Starting factory <twisted.internet.endpoints.connectProtocol.<locals>.OneShotFactory object at 0x7f37b3dd05f8>
2020-05-18T20:56:21-0300 [twisted.internet.endpoints.OneShotFactory#info] Stopping factory <twisted.internet.endpoints.connectProtocol.<locals>.OneShotFactory object at 0x7f37b3dd00f0>
2020-05-18T20:56:21-0300 [stdout#info] This divice have no simulation core instance
2020-05-18T20:56:21-0300 [twisted.internet.endpoints.OneShotFactory#info] Starting factory <twisted.internet.endpoints.connectProtocol.<locals>.OneShotFactory object at 0x7f37b3dd0898>
2020-05-18T20:56:26-0300 [-] 127.0.0.1:33384 - sending MQTT PUBLISH REQUEST - Number of events: 45
2020-05-18T20:56:26-0300 [twisted.internet.endpoints.OneShotFactory#info] Starting factory <twisted.internet.endpoints.connectProtocol.<locals>.OneShotFactory object at 0x7f37b3dd0a20>
2020-05-18T20:56:26-0300 [twisted.internet.endpoints.OneShotFactory#info] Stopping factory <twisted.internet.endpoints.connectProtocol.<locals>.OneShotFactory object at 0x7f37b3dd05f8>
2020-05-18T20:56:26-0300 [stdout#info] This divice have no simulation core instance
2020-05-18T20:56:26-0300 [twisted.internet.endpoints.OneShotFactory#info] Starting factory <twisted.internet.endpoints.connectProtocol.<locals>.OneShotFactory object at 0x7f37b3dd0cf8>
2020-05-18T20:56:31-0300 [-] 127.0.0.1:33384 - sending MQTT PUBLISH REQUEST - Number of events: 46
2020-05-18T20:56:31-0300 [twisted.internet.endpoints.OneShotFactory#info] Starting factory <twisted.internet.endpoints.connectProtocol.<locals>.OneShotFactory object at 0x7f37b3dd0e80>
2020-05-18T20:56:31-0300 [twisted.internet.endpoints.OneShotFactory#info] Stopping factory <twisted.internet.endpoints.connectProtocol.<locals>.OneShotFactory object at 0x7f37b3dd0a20>
2020-05-18T20:56:31-0300 [stdout#info] This divice have no simulation core instance
2020-05-18T20:56:31-0300 [twisted.internet.endpoints.OneShotFactory#info] Starting factory <twisted.internet.endpoints.connectProtocol.<locals>.OneShotFactory object at 0x7f37b3de2198>
2020-05-18T20:56:36-0300 [-] 127.0.0.1:33384 - sending MQTT PUBLISH REQUEST - Number of events: 47
2020-05-18T20:56:36-0300 [twisted.internet.endpoints.OneShotFactory#info] Starting factory <twisted.internet.endpoints.connectProtocol.<locals>.OneShotFactory object at 0x7f37b3de2320>
2020-05-18T20:56:36-0300 [twisted.internet.endpoints.OneShotFactory#info] Stopping factory <twisted.internet.endpoints.connectProtocol.<locals>.OneShotFactory object at 0x7f37b3dd0e80>
2020-05-18T20:56:36-0300 [stdout#info] This divice have no simulation core instance
2020-05-18T20:56:36-0300 [twisted.internet.endpoints.OneShotFactory#info] Starting factory <twisted.internet.endpoints.connectProtocol.<locals>.OneShotFactory object at 0x7f37b3de25f8>
2020-05-18T20:56:41-0300 [-] 127.0.0.1:33384 - sending MQTT PUBLISH REQUEST - Number of events: 48
2020-05-18T20:56:41-0300 [twisted.internet.endpoints.OneShotFactory#info] Starting factory <twisted.internet.endpoints.connectProtocol.<locals>.OneShotFactory object at 0x7f37b3de2780>
2020-05-18T20:56:41-0300 [twisted.internet.endpoints.OneShotFactory#info] Stopping factory <twisted.internet.endpoints.connectProtocol.<locals>.OneShotFactory object at 0x7f37b3de2320>
2020-05-18T20:56:41-0300 [stdout#info] This divice have no simulation core instance
2020-05-18T20:56:41-0300 [twisted.internet.endpoints.OneShotFactory#info] Starting factory <twisted.internet.endpoints.connectProtocol.<locals>.OneShotFactory object at 0x7f37b3de2a58>
2020-05-18T20:56:46-0300 [-] 127.0.0.1:33384 - sending MQTT PUBLISH REQUEST - Number of events: 49
2020-05-18T20:56:46-0300 [twisted.internet.endpoints.OneShotFactory#info] Starting factory <twisted.internet.endpoints.connectProtocol.<locals>.OneShotFactory object at 0x7f37b3de27f0>
2020-05-18T20:56:46-0300 [twisted.internet.endpoints.OneShotFactory#info] Stopping factory <twisted.internet.endpoints.connectProtocol.<locals>.OneShotFactory object at 0x7f37b3de2780>
2020-05-18T20:56:46-0300 [stdout#info] This divice have no simulation core instance
2020-05-18T20:56:46-0300 [twisted.internet.endpoints.OneShotFactory#info] Starting factory <twisted.internet.endpoints.connectProtocol.<locals>.OneShotFactory object at 0x7f37b3de2eb8>
2020-05-18T20:56:51-0300 [-] 127.0.0.1:33384 - sending MQTT PUBLISH REQUEST - Number of events: 50
2020-05-18T20:56:51-0300 [twisted.internet.endpoints.OneShotFactory#info] Starting factory <twisted.internet.endpoints.connectProtocol.<locals>.OneShotFactory object at 0x7f37b3df0080>
2020-05-18T20:56:51-0300 [twisted.internet.endpoints.OneShotFactory#info] Stopping factory <twisted.internet.endpoints.connectProtocol.<locals>.OneShotFactory object at 0x7f37b3de27f0>
2020-05-18T20:56:51-0300 [stdout#info] This divice have no simulation core instance
2020-05-18T20:56:51-0300 [twisted.internet.endpoints.OneShotFactory#info] Starting factory <twisted.internet.endpoints.connectProtocol.<locals>.OneShotFactory object at 0x7f37b3df0358>
2020-05-18T20:56:56-0300 [-] 127.0.0.1:33384 - sending MQTT PUBLISH REQUEST - Number of events: 51
2020-05-18T20:56:56-0300 [twisted.internet.endpoints.OneShotFactory#info] Starting factory <twisted.internet.endpoints.connectProtocol.<locals>.OneShotFactory object at 0x7f37b3df04e0>
2020-05-18T20:56:56-0300 [twisted.internet.endpoints.OneShotFactory#info] Stopping factory <twisted.internet.endpoints.connectProtocol.<locals>.OneShotFactory object at 0x7f37b3df0080>
2020-05-18T20:56:56-0300 [stdout#info] This divice have no simulation core instance
2020-05-18T20:56:56-0300 [twisted.internet.endpoints.OneShotFactory#info] Starting factory <twisted.internet.endpoints.connectProtocol.<locals>.OneShotFactory object at 0x7f37b3df07b8>
2020-05-18T20:57:01-0300 [-] 127.0.0.1:33384 - sending MQTT PUBLISH REQUEST - Number of events: 52
2020-05-18T20:57:01-0300 [twisted.internet.endpoints.OneShotFactory#info] Starting factory <twisted.internet.endpoints.connectProtocol.<locals>.OneShotFactory object at 0x7f37b3df09b0>
2020-05-18T20:57:01-0300 [twisted.internet.endpoints.OneShotFactory#info] Stopping factory <twisted.internet.endpoints.connectProtocol.<locals>.OneShotFactory object at 0x7f37b3df04e0>
2020-05-18T20:57:01-0300 [stdout#info] This divice have no simulation core instance
2020-05-18T20:57:01-0300 [twisted.internet.endpoints.OneShotFactory#info] Starting factory <twisted.internet.endpoints.connectProtocol.<locals>.OneShotFactory object at 0x7f37b3df09e8>
2020-05-18T20:57:06-0300 [-] 127.0.0.1:33384 - sending MQTT PUBLISH REQUEST - Number of events: 53
2020-05-18T20:57:06-0300 [twisted.internet.endpoints.OneShotFactory#info] Starting factory <twisted.internet.endpoints.connectProtocol.<locals>.OneShotFactory object at 0x7f37b3df0c18>
2020-05-18T20:57:06-0300 [twisted.internet.endpoints.OneShotFactory#info] Stopping factory <twisted.internet.endpoints.connectProtocol.<locals>.OneShotFactory object at 0x7f37b3df09b0>
2020-05-18T20:57:06-0300 [stdout#info] This divice have no simulation core instance
2020-05-18T20:57:06-0300 [twisted.internet.endpoints.OneShotFactory#info] Starting factory <twisted.internet.endpoints.connectProtocol.<locals>.OneShotFactory object at 0x7f37b3df0ef0>
2020-05-18T20:57:11-0300 [-] 127.0.0.1:33384 - sending MQTT PUBLISH REQUEST - Number of events: 54
2020-05-18T20:57:11-0300 [twisted.internet.endpoints.OneShotFactory#info] Starting factory <twisted.internet.endpoints.connectProtocol.<locals>.OneShotFactory object at 0x7f37b3dfd048>
2020-05-18T20:57:11-0300 [twisted.internet.endpoints.OneShotFactory#info] Stopping factory <twisted.internet.endpoints.connectProtocol.<locals>.OneShotFactory object at 0x7f37b3df0c18>
2020-05-18T20:57:11-0300 [stdout#info] This divice have no simulation core instance
2020-05-18T20:57:11-0300 [twisted.internet.endpoints.OneShotFactory#info] Starting factory <twisted.internet.endpoints.connectProtocol.<locals>.OneShotFactory object at 0x7f37b3dfd390>
2020-05-18T20:57:16-0300 [-] 127.0.0.1:33384 - sending MQTT PUBLISH REQUEST - Number of events: 55
2020-05-18T20:57:16-0300 [twisted.internet.endpoints.OneShotFactory#info] Starting factory <twisted.internet.endpoints.connectProtocol.<locals>.OneShotFactory object at 0x7f37b3dfd518>
2020-05-18T20:57:16-0300 [twisted.internet.endpoints.OneShotFactory#info] Stopping factory <twisted.internet.endpoints.connectProtocol.<locals>.OneShotFactory object at 0x7f37b3dfd048>
2020-05-18T20:57:16-0300 [stdout#info] This divice have no simulation core instance
2020-05-18T20:57:16-0300 [twisted.internet.endpoints.OneShotFactory#info] Starting factory <twisted.internet.endpoints.connectProtocol.<locals>.OneShotFactory object at 0x7f37b3dfd7f0>
2020-05-18T20:57:21-0300 [-] 127.0.0.1:33384 - sending MQTT PUBLISH REQUEST - Number of events: 56
2020-05-18T20:57:21-0300 [twisted.internet.endpoints.OneShotFactory#info] Starting factory <twisted.internet.endpoints.connectProtocol.<locals>.OneShotFactory object at 0x7f37b3dfd978>
2020-05-18T20:57:21-0300 [twisted.internet.endpoints.OneShotFactory#info] Stopping factory <twisted.internet.endpoints.connectProtocol.<locals>.OneShotFactory object at 0x7f37b3dfd518>
2020-05-18T20:57:21-0300 [stdout#info] This divice have no simulation core instance
2020-05-18T20:57:21-0300 [twisted.internet.endpoints.OneShotFactory#info] Starting factory <twisted.internet.endpoints.connectProtocol.<locals>.OneShotFactory object at 0x7f37b3dfdc50>
2020-05-18T20:57:26-0300 [-] 127.0.0.1:33384 - sending MQTT PUBLISH REQUEST - Number of events: 57
2020-05-18T20:57:26-0300 [twisted.internet.endpoints.OneShotFactory#info] Starting factory <twisted.internet.endpoints.connectProtocol.<locals>.OneShotFactory object at 0x7f37b3dfddd8>
2020-05-18T20:57:26-0300 [twisted.internet.endpoints.OneShotFactory#info] Stopping factory <twisted.internet.endpoints.connectProtocol.<locals>.OneShotFactory object at 0x7f37b3dfd978>
2020-05-18T20:57:26-0300 [stdout#info] This divice have no simulation core instance
2020-05-18T20:57:26-0300 [twisted.internet.endpoints.OneShotFactory#info] Starting factory <twisted.internet.endpoints.connectProtocol.<locals>.OneShotFactory object at 0x7f37b27350f0>
2020-05-18T20:57:31-0300 [-] 127.0.0.1:33384 - sending MQTT PUBLISH REQUEST - Number of events: 58
2020-05-18T20:57:31-0300 [twisted.internet.endpoints.OneShotFactory#info] Starting factory <twisted.internet.endpoints.connectProtocol.<locals>.OneShotFactory object at 0x7f37b2735278>
2020-05-18T20:57:31-0300 [twisted.internet.endpoints.OneShotFactory#info] Stopping factory <twisted.internet.endpoints.connectProtocol.<locals>.OneShotFactory object at 0x7f37b3dfddd8>
2020-05-18T20:57:31-0300 [stdout#info] This divice have no simulation core instance
2020-05-18T20:57:31-0300 [twisted.internet.endpoints.OneShotFactory#info] Starting factory <twisted.internet.endpoints.connectProtocol.<locals>.OneShotFactory object at 0x7f37b2735550>
2020-05-18T20:57:36-0300 [-] 127.0.0.1:33384 - sending MQTT PUBLISH REQUEST - Number of events: 59
2020-05-18T20:57:36-0300 [twisted.internet.endpoints.OneShotFactory#info] Starting factory <twisted.internet.endpoints.connectProtocol.<locals>.OneShotFactory object at 0x7f37b27356d8>
2020-05-18T20:57:36-0300 [twisted.internet.endpoints.OneShotFactory#info] Stopping factory <twisted.internet.endpoints.connectProtocol.<locals>.OneShotFactory object at 0x7f37b2735278>
2020-05-18T20:57:36-0300 [stdout#info] This divice have no simulation core instance
2020-05-18T20:57:36-0300 [twisted.internet.endpoints.OneShotFactory#info] Starting factory <twisted.internet.endpoints.connectProtocol.<locals>.OneShotFactory object at 0x7f37b27359b0>
2020-05-18T20:57:41-0300 [-] 127.0.0.1:33384 - sending MQTT PUBLISH REQUEST - Number of events: 60
2020-05-18T20:57:41-0300 [twisted.internet.endpoints.OneShotFactory#info] Starting factory <twisted.internet.endpoints.connectProtocol.<locals>.OneShotFactory object at 0x7f37b2735048>
2020-05-18T20:57:41-0300 [twisted.internet.endpoints.OneShotFactory#info] Stopping factory <twisted.internet.endpoints.connectProtocol.<locals>.OneShotFactory object at 0x7f37b27356d8>
2020-05-18T20:57:41-0300 [stdout#info] This divice have no simulation core instance
2020-05-18T20:57:41-0300 [twisted.internet.endpoints.OneShotFactory#info] Starting factory <twisted.internet.endpoints.connectProtocol.<locals>.OneShotFactory object at 0x7f37b2735e10>
2020-05-18T20:57:46-0300 [-] 127.0.0.1:33384 - sending MQTT PUBLISH REQUEST - Number of events: 61
2020-05-18T20:57:46-0300 [twisted.internet.endpoints.OneShotFactory#info] Starting factory <twisted.internet.endpoints.connectProtocol.<locals>.OneShotFactory object at 0x7f37b2746048>
2020-05-18T20:57:46-0300 [twisted.internet.endpoints.OneShotFactory#info] Stopping factory <twisted.internet.endpoints.connectProtocol.<locals>.OneShotFactory object at 0x7f37b2735048>
2020-05-18T20:57:46-0300 [stdout#info] This divice have no simulation core instance
2020-05-18T20:57:46-0300 [twisted.internet.endpoints.OneShotFactory#info] Starting factory <twisted.internet.endpoints.connectProtocol.<locals>.OneShotFactory object at 0x7f37b27462b0>
2020-05-18T20:57:51-0300 [-] 127.0.0.1:33384 - sending MQTT PUBLISH REQUEST - Number of events: 62
2020-05-18T20:57:51-0300 [twisted.internet.endpoints.OneShotFactory#info] Starting factory <twisted.internet.endpoints.connectProtocol.<locals>.OneShotFactory object at 0x7f37b2746438>
2020-05-18T20:57:51-0300 [twisted.internet.endpoints.OneShotFactory#info] Stopping factory <twisted.internet.endpoints.connectProtocol.<locals>.OneShotFactory object at 0x7f37b2746048>
2020-05-18T20:57:51-0300 [stdout#info] This divice have no simulation core instance
2020-05-18T20:57:51-0300 [twisted.internet.endpoints.OneShotFactory#info] Starting factory <twisted.internet.endpoints.connectProtocol.<locals>.OneShotFactory object at 0x7f37b2746710>
2020-05-18T20:57:56-0300 [-] 127.0.0.1:33384 - sending MQTT PUBLISH REQUEST - Number of events: 63
2020-05-18T20:57:56-0300 [twisted.internet.endpoints.OneShotFactory#info] Starting factory <twisted.internet.endpoints.connectProtocol.<locals>.OneShotFactory object at 0x7f37b27469b0>
2020-05-18T20:57:56-0300 [twisted.internet.endpoints.OneShotFactory#info] Stopping factory <twisted.internet.endpoints.connectProtocol.<locals>.OneShotFactory object at 0x7f37b2746438>
2020-05-18T20:57:56-0300 [stdout#info] This divice have no simulation core instance
2020-05-18T20:57:56-0300 [twisted.internet.endpoints.OneShotFactory#info] Starting factory <twisted.internet.endpoints.connectProtocol.<locals>.OneShotFactory object at 0x7f37b2746b70>
2020-05-18T20:58:01-0300 [-] 127.0.0.1:33384 - sending MQTT PUBLISH REQUEST - Number of events: 64
2020-05-18T20:58:01-0300 [twisted.internet.endpoints.OneShotFactory#info] Starting factory <twisted.internet.endpoints.connectProtocol.<locals>.OneShotFactory object at 0x7f37b2746cf8>
2020-05-18T20:58:01-0300 [twisted.internet.endpoints.OneShotFactory#info] Stopping factory <twisted.internet.endpoints.connectProtocol.<locals>.OneShotFactory object at 0x7f37b27469b0>
2020-05-18T20:58:01-0300 [stdout#info] This divice have no simulation core instance
2020-05-18T20:58:01-0300 [twisted.internet.endpoints.OneShotFactory#info] Starting factory <twisted.internet.endpoints.connectProtocol.<locals>.OneShotFactory object at 0x7f37b2746fd0>
2020-05-18T20:58:04-0300 [-] Received SIGINT, shutting down.
2020-05-18T20:58:04-0300 [twisted.internet.endpoints.OneShotFactory#info] Stopping factory <twisted.internet.endpoints.connectProtocol.<locals>.OneShotFactory object at 0x7f37b3e50f60>
2020-05-18T20:58:04-0300 [twisted.internet.endpoints.OneShotFactory#info] Stopping factory <twisted.internet.endpoints.connectProtocol.<locals>.OneShotFactory object at 0x7f37b3dc5f98>
2020-05-18T20:58:04-0300 [twisted.internet.endpoints.OneShotFactory#info] Stopping factory <twisted.internet.endpoints.connectProtocol.<locals>.OneShotFactory object at 0x7f37b2746fd0>
2020-05-18T20:58:04-0300 [twisted.internet.endpoints.OneShotFactory#info] Stopping factory <twisted.internet.endpoints.connectProtocol.<locals>.OneShotFactory object at 0x7f37b3e37080>
2020-05-18T20:58:04-0300 [twisted.internet.endpoints.OneShotFactory#info] Stopping factory <twisted.internet.endpoints.connectProtocol.<locals>.OneShotFactory object at 0x7f37b27350f0>
2020-05-18T20:58:04-0300 [SubscriberApp,client] connection lost: Connection to the other side was lost in a non-clean fashion: Connection lost.
2020-05-18T20:58:05-0300 [SubscriberApp,client] connection lost - Number of events: 65
2020-05-18T20:58:05-0300 [twisted.internet.endpoints.OneShotFactory#info] Stopping factory <twisted.internet.endpoints.connectProtocol.<locals>.OneShotFactory object at 0x7f37b3de2198>
2020-05-18T20:58:05-0300 [twisted.internet.endpoints.OneShotFactory#info] Stopping factory <twisted.internet.endpoints.connectProtocol.<locals>.OneShotFactory object at 0x7f37b3e27240>
2020-05-18T20:58:05-0300 [twisted.internet.endpoints.OneShotFactory#info] Stopping factory <twisted.internet.endpoints.connectProtocol.<locals>.OneShotFactory object at 0x7f37b3dc5278>
2020-05-18T20:58:05-0300 [twisted.internet.endpoints.OneShotFactory#info] Stopping factory <twisted.internet.endpoints.connectProtocol.<locals>.OneShotFactory object at 0x7f37b3e502b0>
2020-05-18T20:58:05-0300 [twisted.internet.endpoints.OneShotFactory#info] Stopping factory <twisted.internet.endpoints.connectProtocol.<locals>.OneShotFactory object at 0x7f37b27462b0>
2020-05-18T20:58:05-0300 [twisted.internet.endpoints.OneShotFactory#info] Stopping factory <twisted.internet.endpoints.connectProtocol.<locals>.OneShotFactory object at 0x7f37b3df0358>
2020-05-18T20:58:05-0300 [twisted.internet.endpoints.OneShotFactory#info] Stopping factory <twisted.internet.endpoints.connectProtocol.<locals>.OneShotFactory object at 0x7f37b3dfd390>
2020-05-18T20:58:05-0300 [twisted.internet.endpoints.OneShotFactory#info] Stopping factory <twisted.internet.endpoints.connectProtocol.<locals>.OneShotFactory object at 0x7f37b3dd0438>
2020-05-18T20:58:05-0300 [twisted.internet.endpoints.OneShotFactory#info] Stopping factory <twisted.internet.endpoints.connectProtocol.<locals>.OneShotFactory object at 0x7f37b3e0f470>
2020-05-18T20:58:05-0300 [twisted.internet.endpoints.OneShotFactory#info] Stopping factory <twisted.internet.endpoints.connectProtocol.<locals>.OneShotFactory object at 0x7f37b3e374a8>
2020-05-18T20:58:05-0300 [twisted.internet.endpoints.OneShotFactory#info] Stopping factory <twisted.internet.endpoints.connectProtocol.<locals>.OneShotFactory object at 0x7f37b2787518>
2020-05-18T20:58:05-0300 [twisted.internet.endpoints.OneShotFactory#info] Stopping factory <twisted.internet.endpoints.connectProtocol.<locals>.OneShotFactory object at 0x7f37b2735550>
2020-05-18T20:58:05-0300 [SubscriberApp,client] connection lost: Connection to the other side was lost in a non-clean fashion: Connection lost.
2020-05-18T20:58:05-0300 [SubscriberApp,client] connection lost - Number of events: 66
2020-05-18T20:58:05-0300 [twisted.internet.endpoints.OneShotFactory#info] Stopping factory <twisted.internet.endpoints.connectProtocol.<locals>.OneShotFactory object at 0x7f37b3de25f8>
2020-05-18T20:58:05-0300 [twisted.internet.endpoints.OneShotFactory#info] Stopping factory <twisted.internet.endpoints.connectProtocol.<locals>.OneShotFactory object at 0x7f37b3df0ef0>
2020-05-18T20:58:05-0300 [twisted.internet.endpoints.OneShotFactory#info] Stopping factory <twisted.internet.endpoints.connectProtocol.<locals>.OneShotFactory object at 0x7f37b3dc56d8>
2020-05-18T20:58:05-0300 [twisted.internet.endpoints.OneShotFactory#info] Stopping factory <twisted.internet.endpoints.connectProtocol.<locals>.OneShotFactory object at 0x7f37b2746710>
2020-05-18T20:58:05-0300 [twisted.internet.endpoints.OneShotFactory#info] Stopping factory <twisted.internet.endpoints.connectProtocol.<locals>.OneShotFactory object at 0x7f37b3e27710>
2020-05-18T20:58:05-0300 [twisted.internet.endpoints.OneShotFactory#info] Stopping factory <twisted.internet.endpoints.connectProtocol.<locals>.OneShotFactory object at 0x7f37b2787710>
2020-05-18T20:58:05-0300 [twisted.internet.endpoints.OneShotFactory#info] Stopping factory <twisted.internet.endpoints.connectProtocol.<locals>.OneShotFactory object at 0x7f37b3e50780>
2020-05-18T20:58:05-0300 [twisted.internet.endpoints.OneShotFactory#info] Stopping factory <twisted.internet.endpoints.connectProtocol.<locals>.OneShotFactory object at 0x7f37b3df07b8>
2020-05-18T20:58:05-0300 [twisted.internet.endpoints.OneShotFactory#info] Stopping factory <twisted.internet.endpoints.connectProtocol.<locals>.OneShotFactory object at 0x7f37b3dfd7f0>
2020-05-18T20:58:05-0300 [twisted.internet.endpoints.OneShotFactory#info] Stopping factory <twisted.internet.endpoints.connectProtocol.<locals>.OneShotFactory object at 0x7f37b3dd0898>
2020-05-18T20:58:05-0300 [applications.mqttapp.BrokerFactory] (TCP Port 5100 Closed)
2020-05-18T20:58:05-0300 [twisted.internet.endpoints.OneShotFactory#info] Stopping factory <twisted.internet.endpoints.connectProtocol.<locals>.OneShotFactory object at 0x7f37b3e0f8d0>
2020-05-18T20:58:05-0300 [twisted.internet.endpoints.OneShotFactory#info] Stopping factory <twisted.internet.endpoints.connectProtocol.<locals>.OneShotFactory object at 0x7f37b2798908>
2020-05-18T20:58:05-0300 [twisted.internet.endpoints.OneShotFactory#info] Stopping factory <twisted.internet.endpoints.connectProtocol.<locals>.OneShotFactory object at 0x7f37b3e37940>
2020-05-18T20:58:05-0300 [twisted.internet.endpoints.OneShotFactory#info] Stopping factory <twisted.internet.endpoints.connectProtocol.<locals>.OneShotFactory object at 0x7f37b27359b0>
2020-05-18T20:58:05-0300 [twisted.internet.endpoints.OneShotFactory#info] Stopping factory <twisted.internet.endpoints.connectProtocol.<locals>.OneShotFactory object at 0x7f37b3de2a58>
2020-05-18T20:58:05-0300 [twisted.internet.endpoints.OneShotFactory#info] Stopping factory <twisted.internet.endpoints.connectProtocol.<locals>.OneShotFactory object at 0x7f37b3df09e8>
2020-05-18T20:58:05-0300 [twisted.internet.endpoints.OneShotFactory#info] Stopping factory <twisted.internet.endpoints.connectProtocol.<locals>.OneShotFactory object at 0x7f37b3e50b38>
2020-05-18T20:58:05-0300 [twisted.internet.endpoints.OneShotFactory#info] Stopping factory <twisted.internet.endpoints.connectProtocol.<locals>.OneShotFactory object at 0x7f37b3e27b38>
2020-05-18T20:58:05-0300 [twisted.internet.endpoints.OneShotFactory#info] Stopping factory <twisted.internet.endpoints.connectProtocol.<locals>.OneShotFactory object at 0x7f37b3dc5b38>
2020-05-18T20:58:05-0300 [twisted.internet.endpoints.OneShotFactory#info] Stopping factory <twisted.internet.endpoints.connectProtocol.<locals>.OneShotFactory object at 0x7f37b2746b70>
2020-05-18T20:58:05-0300 [twisted.internet.endpoints.OneShotFactory#info] Stopping factory <twisted.internet.endpoints.connectProtocol.<locals>.OneShotFactory object at 0x7f37b3dfdc50>
2020-05-18T20:58:05-0300 [twisted.internet.endpoints.OneShotFactory#info] Stopping factory <twisted.internet.endpoints.connectProtocol.<locals>.OneShotFactory object at 0x7f37b2746cf8>
2020-05-18T20:58:05-0300 [twisted.internet.endpoints.OneShotFactory#info] Stopping factory <twisted.internet.endpoints.connectProtocol.<locals>.OneShotFactory object at 0x7f37b3dd0cf8>
2020-05-18T20:58:05-0300 [applications.routerapp.RouterFactory] (TCP Port 8081 Closed)
2020-05-18T20:58:05-0300 [twisted.internet.endpoints.OneShotFactory#info] Stopping factory <twisted.internet.endpoints.connectProtocol.<locals>.OneShotFactory object at 0x7f37b3e0fd68>
2020-05-18T20:58:05-0300 [twisted.internet.endpoints.OneShotFactory#info] Stopping factory <twisted.internet.endpoints.connectProtocol.<locals>.OneShotFactory object at 0x7f37b2798da0>
2020-05-18T20:58:05-0300 [applications.accesspointapp.AccessPointFactory] (TCP Port 8082 Closed)
2020-05-18T20:58:05-0300 [PublisherApp,client] connection lost: Connection to the other side was lost in a non-clean fashion: Connection lost.
2020-05-18T20:58:05-0300 [PublisherApp,client] connection lost - Number of events: 67
2020-05-18T20:58:05-0300 [twisted.internet.endpoints.OneShotFactory#info] Stopping factory <twisted.internet.endpoints.connectProtocol.<locals>.OneShotFactory object at 0x7f37b3e37e10>
2020-05-18T20:58:05-0300 [twisted.internet.endpoints.OneShotFactory#info] Stopping factory <twisted.internet.endpoints.connectProtocol.<locals>.OneShotFactory object at 0x7f37b2735e10>
2020-05-18T20:58:05-0300 [twisted.internet.endpoints.OneShotFactory#info] Stopping factory <twisted.internet.endpoints.connectProtocol.<locals>.OneShotFactory object at 0x7f37b3de2eb8>
2020-05-18T20:58:05-0300 [-] Main loop terminated.
