2020-05-24T18:07:03-0300 [-] Creating router ...
2020-05-24T18:07:03-0300 [-] Initializing Router - Number of events: 1
2020-05-24T18:07:03-0300 [-] RouterFactory starting on 8081
2020-05-24T18:07:03-0300 [-] Creating AccessPoint station ...
2020-05-24T18:07:03-0300 [-] Initializing Access Point - Number of events: 2
2020-05-24T18:07:04-0300 [-] AccessPointFactory starting on 8082
2020-05-24T18:07:04-0300 [-] Creating fog node ...
2020-05-24T18:07:04-0300 [-] Initializing Client - Number of events: 3
2020-05-24T18:07:04-0300 [-] Creating fog node ...
2020-05-24T18:07:04-0300 [-] Initializing Client - Number of events: 4
2020-05-24T18:07:05-0300 [-] Creating fog node ...
2020-05-24T18:07:05-0300 [-] Initializing Server - Number of events: 5
2020-05-24T18:07:05-0300 [-] BrokerFactory starting on 5100
2020-05-24T18:07:05-0300 [-] Creating iot node ...
2020-05-24T18:07:05-0300 [-] Initializing Client - Number of events: 6
2020-05-24T18:07:06-0300 [-] Initializing sink node - Number of events: 7
2020-05-24T18:07:07-0300 [-] Initializing sensor node - Number of events: 8
2020-05-24T18:07:07-0300 [-] Initializing sensor node - Number of events: 9
2020-05-24T18:07:08-0300 [-] Initializing sensor node - Number of events: 10
2020-05-24T18:07:08-0300 [-] Initializing sensor node - Number of events: 11
2020-05-24T18:07:09-0300 [-] Initializing sensor node - Number of events: 12
2020-05-24T18:07:09-0300 [-] Initializing sensor node - Number of events: 13
2020-05-24T18:07:10-0300 [-] Initializing sensor node - Number of events: 14
2020-05-24T18:07:10-0300 [-] Initializing sensor node - Number of events: 15
2020-05-24T18:07:11-0300 [-] Initializing sensor node - Number of events: 16
2020-05-24T18:07:11-0300 [stdout#info] ========= sensor_6 ==========
2020-05-24T18:07:11-0300 [stdout#info] sensor_6  <------->  sensor_5
2020-05-24T18:07:11-0300 [stdout#info] =============================
2020-05-24T18:07:11-0300 [stdout#info] sensor_6 |17.58 Kwh
2020-05-24T18:07:11-0300 [stdout#info] ========= sensor_9 ==========
2020-05-24T18:07:11-0300 [stdout#info] =============================
2020-05-24T18:07:11-0300 [stdout#info] sensor_9 |3.59 Kwh
2020-05-24T18:07:11-0300 [stdout#info] ========= sensor_3 ==========
2020-05-24T18:07:11-0300 [stdout#info] sensor_3  <------->  sensor_4
2020-05-24T18:07:11-0300 [stdout#info] sensor_3  <------->  sensor_1
2020-05-24T18:07:11-0300 [stdout#info] =============================
2020-05-24T18:07:11-0300 [stdout#info] sensor_3 |18.74 Kwh
2020-05-24T18:07:11-0300 [stdout#info] ========= sensor_1 ==========
2020-05-24T18:07:11-0300 [stdout#info] sensor_1  <------->  sensor_3
2020-05-24T18:07:11-0300 [stdout#info] sensor_1  <------->  wsn_sink
2020-05-24T18:07:11-0300 [stdout#info] =============================
2020-05-24T18:07:11-0300 [stdout#info] sensor_1 |8.26 Kwh|18.74 Kwh
2020-05-24T18:07:11-0300 [stdout#info] ========= sensor_2 ==========
2020-05-24T18:07:11-0300 [stdout#info] =============================
2020-05-24T18:07:11-0300 [stdout#info] sensor_2 |21.13 Kwh
2020-05-24T18:07:11-0300 [stdout#info] ========= sensor_5 ==========
2020-05-24T18:07:11-0300 [stdout#info] sensor_5  <------->  sensor_6
2020-05-24T18:07:11-0300 [stdout#info] =============================
2020-05-24T18:07:11-0300 [stdout#info] sensor_5 |17.58 Kwh|16.06 Kwh
2020-05-24T18:07:11-0300 [stdout#info] ========= sensor_8 ==========
2020-05-24T18:07:11-0300 [stdout#info] sensor_8  <------->  sensor_7
2020-05-24T18:07:11-0300 [stdout#info] =============================
2020-05-24T18:07:11-0300 [stdout#info] sensor_8 |22.16 Kwh
2020-05-24T18:07:11-0300 [stdout#info] ========= sensor_7 ==========
2020-05-24T18:07:11-0300 [stdout#info] sensor_7  <------->  sensor_8
2020-05-24T18:07:11-0300 [stdout#info] =============================
2020-05-24T18:07:11-0300 [stdout#info] sensor_7 |22.16 Kwh|8.85 Kwh
2020-05-24T18:07:11-0300 [stdout#info] ========= sensor_4 ==========
2020-05-24T18:07:11-0300 [stdout#info] sensor_4  <------->  sensor_3
2020-05-24T18:07:11-0300 [stdout#info] =============================
2020-05-24T18:07:11-0300 [stdout#info] sensor_4 |4.54 Kwh|18.74 Kwh
2020-05-24T18:07:11-0300 [stdout#info] This divice have no simulation core instance
2020-05-24T18:07:11-0300 [stdout#info] This divice have no simulation core instance
2020-05-24T18:07:11-0300 [stdout#info] This divice have no simulation core instance
2020-05-24T18:07:11-0300 [stdout#info] This divice have no simulation core instance
2020-05-24T18:07:11-0300 [stdout#info] This divice have no simulation core instance
2020-05-24T18:07:11-0300 [Uninitialized] 127.0.0.1:34568 - Connected to mqtt broker - Number of events: 17
2020-05-24T18:07:11-0300 [Uninitialized] 127.0.0.1:34568 - sending MQTT SUBSCRIBE REQUEST - Number of events: 18
2020-05-24T18:07:11-0300 [Uninitialized] 127.0.0.1:34570 - Connected to mqtt broker - Number of events: 19
2020-05-24T18:07:11-0300 [Uninitialized] 127.0.0.1:34570 - sending MQTT SUBSCRIBE REQUEST - Number of events: 20
2020-05-24T18:07:11-0300 [Uninitialized] 127.0.0.1:57548 - Connected to mqtt broker - Number of events: 21
2020-05-24T18:07:11-0300 [Uninitialized] 127.0.0.1:57548 - sending MQTT PUBLISH REQUEST - Number of events: 22
2020-05-24T18:07:11-0300 [twisted.internet.endpoints.OneShotFactory#info] Starting factory <twisted.internet.endpoints.connectProtocol.<locals>.OneShotFactory object at 0x7f1b4035bbe0>
2020-05-24T18:07:11-0300 [twisted.internet.endpoints.OneShotFactory#info] Starting factory <twisted.internet.endpoints.connectProtocol.<locals>.OneShotFactory object at 0x7f1b403710f0>
2020-05-24T18:07:11-0300 [twisted.internet.endpoints.OneShotFactory#info] Starting factory <twisted.internet.endpoints.connectProtocol.<locals>.OneShotFactory object at 0x7f1b403712e8>
2020-05-24T18:07:11-0300 [stdout#info] This divice have no simulation core instance
2020-05-24T18:07:11-0300 [stderr#error] Exception in Tkinter callback
2020-05-24T18:07:11-0300 [stderr#error] Traceback (most recent call last):
2020-05-24T18:07:11-0300 [stderr#error]   File "/usr/lib/python3.6/tkinter/__init__.py", line 1708, in __call__
2020-05-24T18:07:11-0300 [stderr#error]     return self.func(*args)
2020-05-24T18:07:11-0300 [stderr#error]   File "/usr/lib/python3.6/tkinter/__init__.py", line 752, in callit
2020-05-24T18:07:11-0300 [stderr#error]     func(*args)
2020-05-24T18:07:11-0300 [stderr#error] TypeError: delete_connection_arrow() missing 1 required positional argument: 'id'
2020-05-24T18:07:11-0300 [stderr#error] Exception in Tkinter callback
2020-05-24T18:07:11-0300 [stderr#error] Traceback (most recent call last):
2020-05-24T18:07:11-0300 [stderr#error]   File "/usr/lib/python3.6/tkinter/__init__.py", line 1708, in __call__
2020-05-24T18:07:11-0300 [stderr#error]     return self.func(*args)
2020-05-24T18:07:11-0300 [stderr#error]   File "/usr/lib/python3.6/tkinter/__init__.py", line 752, in callit
2020-05-24T18:07:11-0300 [stderr#error]     func(*args)
2020-05-24T18:07:11-0300 [stderr#error] TypeError: delete_connection_arrow() missing 1 required positional argument: 'id'
2020-05-24T18:07:11-0300 [stderr#error] Exception in Tkinter callback
2020-05-24T18:07:11-0300 [stderr#error] Traceback (most recent call last):
2020-05-24T18:07:11-0300 [stderr#error]   File "/usr/lib/python3.6/tkinter/__init__.py", line 1708, in __call__
2020-05-24T18:07:11-0300 [stderr#error]     return self.func(*args)
2020-05-24T18:07:11-0300 [stderr#error]   File "/usr/lib/python3.6/tkinter/__init__.py", line 752, in callit
2020-05-24T18:07:11-0300 [stderr#error]     func(*args)
2020-05-24T18:07:11-0300 [stderr#error] TypeError: delete_connection_arrow() missing 1 required positional argument: 'id'
2020-05-24T18:07:11-0300 [stderr#error] Exception in Tkinter callback
2020-05-24T18:07:11-0300 [stderr#error] Traceback (most recent call last):
2020-05-24T18:07:11-0300 [stderr#error]   File "/usr/lib/python3.6/tkinter/__init__.py", line 1708, in __call__
2020-05-24T18:07:11-0300 [stderr#error]     return self.func(*args)
2020-05-24T18:07:11-0300 [stderr#error]   File "/usr/lib/python3.6/tkinter/__init__.py", line 752, in callit
2020-05-24T18:07:11-0300 [stderr#error]     func(*args)
2020-05-24T18:07:11-0300 [stderr#error] TypeError: delete_connection_arrow() missing 1 required positional argument: 'id'
2020-05-24T18:07:11-0300 [stderr#error] Exception in Tkinter callback
2020-05-24T18:07:11-0300 [stderr#error] Traceback (most recent call last):
2020-05-24T18:07:11-0300 [stderr#error]   File "/usr/lib/python3.6/tkinter/__init__.py", line 1708, in __call__
2020-05-24T18:07:11-0300 [stderr#error]     return self.func(*args)
2020-05-24T18:07:11-0300 [stderr#error]   File "/usr/lib/python3.6/tkinter/__init__.py", line 752, in callit
2020-05-24T18:07:11-0300 [stderr#error]     func(*args)
2020-05-24T18:07:11-0300 [stderr#error] TypeError: delete_connection_arrow() missing 1 required positional argument: 'id'
2020-05-24T18:07:11-0300 [stderr#error] Exception in Tkinter callback
2020-05-24T18:07:11-0300 [stderr#error] Traceback (most recent call last):
2020-05-24T18:07:11-0300 [stderr#error]   File "/usr/lib/python3.6/tkinter/__init__.py", line 1708, in __call__
2020-05-24T18:07:11-0300 [stderr#error]     return self.func(*args)
2020-05-24T18:07:11-0300 [stderr#error]   File "/usr/lib/python3.6/tkinter/__init__.py", line 752, in callit
2020-05-24T18:07:11-0300 [stderr#error]     func(*args)
2020-05-24T18:07:11-0300 [stderr#error] TypeError: delete_connection_arrow() missing 1 required positional argument: 'id'
2020-05-24T18:07:11-0300 [stderr#error] Exception in Tkinter callback
2020-05-24T18:07:11-0300 [stderr#error] Traceback (most recent call last):
2020-05-24T18:07:11-0300 [stderr#error]   File "/usr/lib/python3.6/tkinter/__init__.py", line 1708, in __call__
2020-05-24T18:07:11-0300 [stderr#error]     return self.func(*args)
2020-05-24T18:07:11-0300 [stderr#error]   File "/usr/lib/python3.6/tkinter/__init__.py", line 752, in callit
2020-05-24T18:07:11-0300 [stderr#error]     func(*args)
2020-05-24T18:07:11-0300 [stderr#error] TypeError: delete_connection_arrow() missing 1 required positional argument: 'id'
2020-05-24T18:07:11-0300 [stderr#error] Exception in Tkinter callback
2020-05-24T18:07:11-0300 [stderr#error] Traceback (most recent call last):
2020-05-24T18:07:11-0300 [stderr#error]   File "/usr/lib/python3.6/tkinter/__init__.py", line 1708, in __call__
2020-05-24T18:07:11-0300 [stderr#error]     return self.func(*args)
2020-05-24T18:07:11-0300 [stderr#error]   File "/usr/lib/python3.6/tkinter/__init__.py", line 752, in callit
2020-05-24T18:07:11-0300 [stderr#error]     func(*args)
2020-05-24T18:07:11-0300 [stderr#error] TypeError: delete_connection_arrow() missing 1 required positional argument: 'id'
2020-05-24T18:07:11-0300 [stderr#error] Exception in Tkinter callback
2020-05-24T18:07:11-0300 [stderr#error] Traceback (most recent call last):
2020-05-24T18:07:11-0300 [stderr#error]   File "/usr/lib/python3.6/tkinter/__init__.py", line 1708, in __call__
2020-05-24T18:07:11-0300 [stderr#error]     return self.func(*args)
2020-05-24T18:07:11-0300 [stderr#error]   File "/usr/lib/python3.6/tkinter/__init__.py", line 752, in callit
2020-05-24T18:07:11-0300 [stderr#error]     func(*args)
2020-05-24T18:07:11-0300 [stderr#error] TypeError: delete_connection_arrow() missing 1 required positional argument: 'id'
2020-05-24T18:07:11-0300 [twisted.internet.endpoints.OneShotFactory#info] Starting factory <twisted.internet.endpoints.connectProtocol.<locals>.OneShotFactory object at 0x7f1b40371908>
2020-05-24T18:07:14-0300 [stdout#info] sensor_6 |22.16 Kwh|16.06 Kwh
2020-05-24T18:07:14-0300 [stdout#info] sensor_9 |7.17 Kwh
2020-05-24T18:07:14-0300 [stdout#info] sensor_3 |4.54 Kwh|13.78 Kwh|8.26 Kwh
2020-05-24T18:07:14-0300 [stdout#info] sensor_1 |15.14 Kwh|13.78 Kwh
2020-05-24T18:07:14-0300 [stdout#info] sensor_2 |19.39 Kwh
2020-05-24T18:07:14-0300 [stdout#info] sensor_5 |22.16 Kwh|8.76 Kwh
2020-05-24T18:07:14-0300 [stdout#info] sensor_8 |8.85 Kwh|21.75 Kwh
2020-05-24T18:07:14-0300 [stdout#info] sensor_7 |7.92 Kwh|21.75 Kwh
2020-05-24T18:07:14-0300 [stdout#info] sensor_4 |13.57 Kwh|13.78 Kwh
2020-05-24T18:07:14-0300 [stderr#error] Exception in Tkinter callback
2020-05-24T18:07:14-0300 [stderr#error] Traceback (most recent call last):
2020-05-24T18:07:14-0300 [stderr#error]   File "/usr/lib/python3.6/tkinter/__init__.py", line 1708, in __call__
2020-05-24T18:07:14-0300 [stderr#error]     return self.func(*args)
2020-05-24T18:07:14-0300 [stderr#error]   File "/usr/lib/python3.6/tkinter/__init__.py", line 752, in callit
2020-05-24T18:07:14-0300 [stderr#error]     func(*args)
2020-05-24T18:07:14-0300 [stderr#error] TypeError: delete_connection_arrow() missing 1 required positional argument: 'id'
2020-05-24T18:07:14-0300 [stderr#error] Exception in Tkinter callback
2020-05-24T18:07:14-0300 [stderr#error] Traceback (most recent call last):
2020-05-24T18:07:14-0300 [stderr#error]   File "/usr/lib/python3.6/tkinter/__init__.py", line 1708, in __call__
2020-05-24T18:07:14-0300 [stderr#error]     return self.func(*args)
2020-05-24T18:07:14-0300 [stderr#error]   File "/usr/lib/python3.6/tkinter/__init__.py", line 752, in callit
2020-05-24T18:07:14-0300 [stderr#error]     func(*args)
2020-05-24T18:07:14-0300 [stderr#error] TypeError: delete_connection_arrow() missing 1 required positional argument: 'id'
2020-05-24T18:07:14-0300 [stderr#error] Exception in Tkinter callback
2020-05-24T18:07:14-0300 [stderr#error] Traceback (most recent call last):
2020-05-24T18:07:14-0300 [stderr#error]   File "/usr/lib/python3.6/tkinter/__init__.py", line 1708, in __call__
2020-05-24T18:07:14-0300 [stderr#error]     return self.func(*args)
2020-05-24T18:07:14-0300 [stderr#error]   File "/usr/lib/python3.6/tkinter/__init__.py", line 752, in callit
2020-05-24T18:07:14-0300 [stderr#error]     func(*args)
2020-05-24T18:07:14-0300 [stderr#error] TypeError: delete_connection_arrow() missing 1 required positional argument: 'id'
2020-05-24T18:07:14-0300 [stderr#error] Exception in Tkinter callback
2020-05-24T18:07:14-0300 [stderr#error] Traceback (most recent call last):
2020-05-24T18:07:14-0300 [stderr#error]   File "/usr/lib/python3.6/tkinter/__init__.py", line 1708, in __call__
2020-05-24T18:07:14-0300 [stderr#error]     return self.func(*args)
2020-05-24T18:07:14-0300 [stderr#error]   File "/usr/lib/python3.6/tkinter/__init__.py", line 752, in callit
2020-05-24T18:07:14-0300 [stderr#error]     func(*args)
2020-05-24T18:07:14-0300 [stderr#error] TypeError: delete_connection_arrow() missing 1 required positional argument: 'id'
2020-05-24T18:07:14-0300 [stderr#error] Exception in Tkinter callback
2020-05-24T18:07:14-0300 [stderr#error] Traceback (most recent call last):
2020-05-24T18:07:14-0300 [stderr#error]   File "/usr/lib/python3.6/tkinter/__init__.py", line 1708, in __call__
2020-05-24T18:07:14-0300 [stderr#error]     return self.func(*args)
2020-05-24T18:07:14-0300 [stderr#error]   File "/usr/lib/python3.6/tkinter/__init__.py", line 752, in callit
2020-05-24T18:07:14-0300 [stderr#error]     func(*args)
2020-05-24T18:07:14-0300 [stderr#error] TypeError: delete_connection_arrow() missing 1 required positional argument: 'id'
2020-05-24T18:07:14-0300 [stderr#error] Exception in Tkinter callback
2020-05-24T18:07:14-0300 [stderr#error] Traceback (most recent call last):
2020-05-24T18:07:14-0300 [stderr#error]   File "/usr/lib/python3.6/tkinter/__init__.py", line 1708, in __call__
2020-05-24T18:07:14-0300 [stderr#error]     return self.func(*args)
2020-05-24T18:07:14-0300 [stderr#error]   File "/usr/lib/python3.6/tkinter/__init__.py", line 752, in callit
2020-05-24T18:07:14-0300 [stderr#error]     func(*args)
2020-05-24T18:07:14-0300 [stderr#error] TypeError: delete_connection_arrow() missing 1 required positional argument: 'id'
2020-05-24T18:07:14-0300 [stderr#error] Exception in Tkinter callback
2020-05-24T18:07:14-0300 [stderr#error] Traceback (most recent call last):
2020-05-24T18:07:14-0300 [stderr#error]   File "/usr/lib/python3.6/tkinter/__init__.py", line 1708, in __call__
2020-05-24T18:07:14-0300 [stderr#error]     return self.func(*args)
2020-05-24T18:07:14-0300 [stderr#error]   File "/usr/lib/python3.6/tkinter/__init__.py", line 752, in callit
2020-05-24T18:07:14-0300 [stderr#error]     func(*args)
2020-05-24T18:07:14-0300 [stderr#error] TypeError: delete_connection_arrow() missing 1 required positional argument: 'id'
2020-05-24T18:07:14-0300 [stderr#error] Exception in Tkinter callback
2020-05-24T18:07:14-0300 [stderr#error] Traceback (most recent call last):
2020-05-24T18:07:14-0300 [stderr#error]   File "/usr/lib/python3.6/tkinter/__init__.py", line 1708, in __call__
2020-05-24T18:07:14-0300 [stderr#error]     return self.func(*args)
2020-05-24T18:07:14-0300 [stderr#error]   File "/usr/lib/python3.6/tkinter/__init__.py", line 752, in callit
2020-05-24T18:07:14-0300 [stderr#error]     func(*args)
2020-05-24T18:07:14-0300 [stderr#error] TypeError: delete_connection_arrow() missing 1 required positional argument: 'id'
2020-05-24T18:07:14-0300 [stderr#error] Exception in Tkinter callback
2020-05-24T18:07:14-0300 [stderr#error] Traceback (most recent call last):
2020-05-24T18:07:14-0300 [stderr#error]   File "/usr/lib/python3.6/tkinter/__init__.py", line 1708, in __call__
2020-05-24T18:07:14-0300 [stderr#error]     return self.func(*args)
2020-05-24T18:07:14-0300 [stderr#error]   File "/usr/lib/python3.6/tkinter/__init__.py", line 752, in callit
2020-05-24T18:07:14-0300 [stderr#error]     func(*args)
2020-05-24T18:07:14-0300 [stderr#error] TypeError: delete_connection_arrow() missing 1 required positional argument: 'id'
2020-05-24T18:07:16-0300 [-] 127.0.0.1:57548 - sending MQTT PUBLISH REQUEST - Number of events: 23
2020-05-24T18:07:16-0300 [twisted.internet.endpoints.OneShotFactory#info] Starting factory <twisted.internet.endpoints.connectProtocol.<locals>.OneShotFactory object at 0x7f1b4035bf28>
2020-05-24T18:07:16-0300 [twisted.internet.endpoints.OneShotFactory#info] Stopping factory <twisted.internet.endpoints.connectProtocol.<locals>.OneShotFactory object at 0x7f1b403712e8>
2020-05-24T18:07:16-0300 [stdout#info] This divice have no simulation core instance
2020-05-24T18:07:16-0300 [twisted.internet.endpoints.OneShotFactory#info] Starting factory <twisted.internet.endpoints.connectProtocol.<locals>.OneShotFactory object at 0x7f1b41a02390>
2020-05-24T18:07:16-0300 [twisted.internet.endpoints.OneShotFactory#info] Stopping factory <twisted.internet.endpoints.connectProtocol.<locals>.OneShotFactory object at 0x7f1b40371908>
2020-05-24T18:07:17-0300 [stdout#info] sensor_6 |8.76 Kwh|4.62 Kwh
2020-05-24T18:07:17-0300 [stdout#info] sensor_9 |17.42 Kwh
2020-05-24T18:07:17-0300 [stdout#info] sensor_3 |15.14 Kwh|13.57 Kwh|21.34 Kwh
2020-05-24T18:07:17-0300 [stdout#info] sensor_1 |21.34 Kwh|14.86 Kwh
2020-05-24T18:07:17-0300 [stdout#info] sensor_2 |7.93 Kwh
2020-05-24T18:07:17-0300 [stdout#info] sensor_5 |9.34 Kwh|4.62 Kwh
2020-05-24T18:07:17-0300 [stdout#info] sensor_8 |7.92 Kwh|4.43 Kwh
2020-05-24T18:07:17-0300 [stdout#info] sensor_7 |4.43 Kwh|18.14 Kwh
2020-05-24T18:07:17-0300 [stdout#info] sensor_4 |21.34 Kwh|14.58 Kwh
2020-05-24T18:07:17-0300 [stderr#error] Exception in Tkinter callback
2020-05-24T18:07:17-0300 [stderr#error] Traceback (most recent call last):
2020-05-24T18:07:17-0300 [stderr#error]   File "/usr/lib/python3.6/tkinter/__init__.py", line 1708, in __call__
2020-05-24T18:07:17-0300 [stderr#error]     return self.func(*args)
2020-05-24T18:07:17-0300 [stderr#error]   File "/usr/lib/python3.6/tkinter/__init__.py", line 752, in callit
2020-05-24T18:07:17-0300 [stderr#error]     func(*args)
2020-05-24T18:07:17-0300 [stderr#error] TypeError: delete_connection_arrow() missing 1 required positional argument: 'id'
2020-05-24T18:07:17-0300 [stderr#error] Exception in Tkinter callback
2020-05-24T18:07:17-0300 [stderr#error] Traceback (most recent call last):
2020-05-24T18:07:17-0300 [stderr#error]   File "/usr/lib/python3.6/tkinter/__init__.py", line 1708, in __call__
2020-05-24T18:07:17-0300 [stderr#error]     return self.func(*args)
2020-05-24T18:07:17-0300 [stderr#error]   File "/usr/lib/python3.6/tkinter/__init__.py", line 752, in callit
2020-05-24T18:07:17-0300 [stderr#error]     func(*args)
2020-05-24T18:07:17-0300 [stderr#error] TypeError: delete_connection_arrow() missing 1 required positional argument: 'id'
2020-05-24T18:07:17-0300 [stderr#error] Exception in Tkinter callback
2020-05-24T18:07:17-0300 [stderr#error] Traceback (most recent call last):
2020-05-24T18:07:17-0300 [stderr#error]   File "/usr/lib/python3.6/tkinter/__init__.py", line 1708, in __call__
2020-05-24T18:07:17-0300 [stderr#error]     return self.func(*args)
2020-05-24T18:07:17-0300 [stderr#error]   File "/usr/lib/python3.6/tkinter/__init__.py", line 752, in callit
2020-05-24T18:07:17-0300 [stderr#error]     func(*args)
2020-05-24T18:07:17-0300 [stderr#error] TypeError: delete_connection_arrow() missing 1 required positional argument: 'id'
2020-05-24T18:07:17-0300 [stderr#error] Exception in Tkinter callback
2020-05-24T18:07:17-0300 [stderr#error] Traceback (most recent call last):
2020-05-24T18:07:17-0300 [stderr#error]   File "/usr/lib/python3.6/tkinter/__init__.py", line 1708, in __call__
2020-05-24T18:07:17-0300 [stderr#error]     return self.func(*args)
2020-05-24T18:07:17-0300 [stderr#error]   File "/usr/lib/python3.6/tkinter/__init__.py", line 752, in callit
2020-05-24T18:07:17-0300 [stderr#error]     func(*args)
2020-05-24T18:07:17-0300 [stderr#error] TypeError: delete_connection_arrow() missing 1 required positional argument: 'id'
2020-05-24T18:07:17-0300 [stderr#error] Exception in Tkinter callback
2020-05-24T18:07:17-0300 [stderr#error] Traceback (most recent call last):
2020-05-24T18:07:17-0300 [stderr#error]   File "/usr/lib/python3.6/tkinter/__init__.py", line 1708, in __call__
2020-05-24T18:07:17-0300 [stderr#error]     return self.func(*args)
2020-05-24T18:07:17-0300 [stderr#error]   File "/usr/lib/python3.6/tkinter/__init__.py", line 752, in callit
2020-05-24T18:07:17-0300 [stderr#error]     func(*args)
2020-05-24T18:07:17-0300 [stderr#error] TypeError: delete_connection_arrow() missing 1 required positional argument: 'id'
2020-05-24T18:07:17-0300 [stderr#error] Exception in Tkinter callback
2020-05-24T18:07:17-0300 [stderr#error] Traceback (most recent call last):
2020-05-24T18:07:17-0300 [stderr#error]   File "/usr/lib/python3.6/tkinter/__init__.py", line 1708, in __call__
2020-05-24T18:07:17-0300 [stderr#error]     return self.func(*args)
2020-05-24T18:07:17-0300 [stderr#error]   File "/usr/lib/python3.6/tkinter/__init__.py", line 752, in callit
2020-05-24T18:07:17-0300 [stderr#error]     func(*args)
2020-05-24T18:07:17-0300 [stderr#error] TypeError: delete_connection_arrow() missing 1 required positional argument: 'id'
2020-05-24T18:07:17-0300 [stderr#error] Exception in Tkinter callback
2020-05-24T18:07:17-0300 [stderr#error] Traceback (most recent call last):
2020-05-24T18:07:17-0300 [stderr#error]   File "/usr/lib/python3.6/tkinter/__init__.py", line 1708, in __call__
2020-05-24T18:07:17-0300 [stderr#error]     return self.func(*args)
2020-05-24T18:07:17-0300 [stderr#error]   File "/usr/lib/python3.6/tkinter/__init__.py", line 752, in callit
2020-05-24T18:07:17-0300 [stderr#error]     func(*args)
2020-05-24T18:07:17-0300 [stderr#error] TypeError: delete_connection_arrow() missing 1 required positional argument: 'id'
2020-05-24T18:07:17-0300 [stderr#error] Exception in Tkinter callback
2020-05-24T18:07:17-0300 [stderr#error] Traceback (most recent call last):
2020-05-24T18:07:17-0300 [stderr#error]   File "/usr/lib/python3.6/tkinter/__init__.py", line 1708, in __call__
2020-05-24T18:07:17-0300 [stderr#error]     return self.func(*args)
2020-05-24T18:07:17-0300 [stderr#error]   File "/usr/lib/python3.6/tkinter/__init__.py", line 752, in callit
2020-05-24T18:07:17-0300 [stderr#error]     func(*args)
2020-05-24T18:07:17-0300 [stderr#error] TypeError: delete_connection_arrow() missing 1 required positional argument: 'id'
2020-05-24T18:07:17-0300 [stderr#error] Exception in Tkinter callback
2020-05-24T18:07:17-0300 [stderr#error] Traceback (most recent call last):
2020-05-24T18:07:17-0300 [stderr#error]   File "/usr/lib/python3.6/tkinter/__init__.py", line 1708, in __call__
2020-05-24T18:07:17-0300 [stderr#error]     return self.func(*args)
2020-05-24T18:07:17-0300 [stderr#error]   File "/usr/lib/python3.6/tkinter/__init__.py", line 752, in callit
2020-05-24T18:07:17-0300 [stderr#error]     func(*args)
2020-05-24T18:07:17-0300 [stderr#error] TypeError: delete_connection_arrow() missing 1 required positional argument: 'id'
2020-05-24T18:07:20-0300 [stdout#info] sensor_6 |9.34 Kwh|21.5 Kwh
2020-05-24T18:07:20-0300 [stdout#info] sensor_9 |10.71 Kwh
2020-05-24T18:07:20-0300 [stdout#info] sensor_3 |14.58 Kwh|2.6 Kwh|14.86 Kwh
2020-05-24T18:07:20-0300 [stdout#info] sensor_1 |3.9 Kwh|2.6 Kwh
2020-05-24T18:07:20-0300 [stdout#info] sensor_2 |17.15 Kwh
2020-05-24T18:07:20-0300 [stdout#info] sensor_5 |21.5 Kwh|16.96 Kwh
2020-05-24T18:07:20-0300 [stdout#info] sensor_8 |7.76 Kwh|18.14 Kwh
2020-05-24T18:07:20-0300 [stdout#info] sensor_7 |14.26 Kwh|7.76 Kwh
2020-05-24T18:07:20-0300 [stdout#info] sensor_4 |2.6 Kwh|11.12 Kwh
2020-05-24T18:07:20-0300 [stderr#error] Exception in Tkinter callback
2020-05-24T18:07:20-0300 [stderr#error] Traceback (most recent call last):
2020-05-24T18:07:20-0300 [stderr#error]   File "/usr/lib/python3.6/tkinter/__init__.py", line 1708, in __call__
2020-05-24T18:07:20-0300 [stderr#error]     return self.func(*args)
2020-05-24T18:07:20-0300 [stderr#error]   File "/usr/lib/python3.6/tkinter/__init__.py", line 752, in callit
2020-05-24T18:07:20-0300 [stderr#error]     func(*args)
2020-05-24T18:07:20-0300 [stderr#error] TypeError: delete_connection_arrow() missing 1 required positional argument: 'id'
2020-05-24T18:07:20-0300 [stderr#error] Exception in Tkinter callback
2020-05-24T18:07:20-0300 [stderr#error] Traceback (most recent call last):
2020-05-24T18:07:20-0300 [stderr#error]   File "/usr/lib/python3.6/tkinter/__init__.py", line 1708, in __call__
2020-05-24T18:07:20-0300 [stderr#error]     return self.func(*args)
2020-05-24T18:07:20-0300 [stderr#error]   File "/usr/lib/python3.6/tkinter/__init__.py", line 752, in callit
2020-05-24T18:07:20-0300 [stderr#error]     func(*args)
2020-05-24T18:07:20-0300 [stderr#error] TypeError: delete_connection_arrow() missing 1 required positional argument: 'id'
2020-05-24T18:07:20-0300 [stderr#error] Exception in Tkinter callback
2020-05-24T18:07:20-0300 [stderr#error] Traceback (most recent call last):
2020-05-24T18:07:20-0300 [stderr#error]   File "/usr/lib/python3.6/tkinter/__init__.py", line 1708, in __call__
2020-05-24T18:07:20-0300 [stderr#error]     return self.func(*args)
2020-05-24T18:07:20-0300 [stderr#error]   File "/usr/lib/python3.6/tkinter/__init__.py", line 752, in callit
2020-05-24T18:07:20-0300 [stderr#error]     func(*args)
2020-05-24T18:07:20-0300 [stderr#error] TypeError: delete_connection_arrow() missing 1 required positional argument: 'id'
2020-05-24T18:07:20-0300 [stderr#error] Exception in Tkinter callback
2020-05-24T18:07:20-0300 [stderr#error] Traceback (most recent call last):
2020-05-24T18:07:20-0300 [stderr#error]   File "/usr/lib/python3.6/tkinter/__init__.py", line 1708, in __call__
2020-05-24T18:07:20-0300 [stderr#error]     return self.func(*args)
2020-05-24T18:07:20-0300 [stderr#error]   File "/usr/lib/python3.6/tkinter/__init__.py", line 752, in callit
2020-05-24T18:07:20-0300 [stderr#error]     func(*args)
2020-05-24T18:07:20-0300 [stderr#error] TypeError: delete_connection_arrow() missing 1 required positional argument: 'id'
2020-05-24T18:07:20-0300 [stderr#error] Exception in Tkinter callback
2020-05-24T18:07:20-0300 [stderr#error] Traceback (most recent call last):
2020-05-24T18:07:20-0300 [stderr#error]   File "/usr/lib/python3.6/tkinter/__init__.py", line 1708, in __call__
2020-05-24T18:07:20-0300 [stderr#error]     return self.func(*args)
2020-05-24T18:07:20-0300 [stderr#error]   File "/usr/lib/python3.6/tkinter/__init__.py", line 752, in callit
2020-05-24T18:07:20-0300 [stderr#error]     func(*args)
2020-05-24T18:07:20-0300 [stderr#error] TypeError: delete_connection_arrow() missing 1 required positional argument: 'id'
2020-05-24T18:07:20-0300 [stderr#error] Exception in Tkinter callback
2020-05-24T18:07:20-0300 [stderr#error] Traceback (most recent call last):
2020-05-24T18:07:20-0300 [stderr#error]   File "/usr/lib/python3.6/tkinter/__init__.py", line 1708, in __call__
2020-05-24T18:07:20-0300 [stderr#error]     return self.func(*args)
2020-05-24T18:07:20-0300 [stderr#error]   File "/usr/lib/python3.6/tkinter/__init__.py", line 752, in callit
2020-05-24T18:07:20-0300 [stderr#error]     func(*args)
2020-05-24T18:07:20-0300 [stderr#error] TypeError: delete_connection_arrow() missing 1 required positional argument: 'id'
2020-05-24T18:07:20-0300 [stderr#error] Exception in Tkinter callback
2020-05-24T18:07:20-0300 [stderr#error] Traceback (most recent call last):
2020-05-24T18:07:20-0300 [stderr#error]   File "/usr/lib/python3.6/tkinter/__init__.py", line 1708, in __call__
2020-05-24T18:07:20-0300 [stderr#error]     return self.func(*args)
2020-05-24T18:07:20-0300 [stderr#error]   File "/usr/lib/python3.6/tkinter/__init__.py", line 752, in callit
2020-05-24T18:07:20-0300 [stderr#error]     func(*args)
2020-05-24T18:07:20-0300 [stderr#error] TypeError: delete_connection_arrow() missing 1 required positional argument: 'id'
2020-05-24T18:07:20-0300 [stderr#error] Exception in Tkinter callback
2020-05-24T18:07:20-0300 [stderr#error] Traceback (most recent call last):
2020-05-24T18:07:20-0300 [stderr#error]   File "/usr/lib/python3.6/tkinter/__init__.py", line 1708, in __call__
2020-05-24T18:07:20-0300 [stderr#error]     return self.func(*args)
2020-05-24T18:07:20-0300 [stderr#error]   File "/usr/lib/python3.6/tkinter/__init__.py", line 752, in callit
2020-05-24T18:07:20-0300 [stderr#error]     func(*args)
2020-05-24T18:07:20-0300 [stderr#error] TypeError: delete_connection_arrow() missing 1 required positional argument: 'id'
2020-05-24T18:07:20-0300 [stderr#error] Exception in Tkinter callback
2020-05-24T18:07:20-0300 [stderr#error] Traceback (most recent call last):
2020-05-24T18:07:20-0300 [stderr#error]   File "/usr/lib/python3.6/tkinter/__init__.py", line 1708, in __call__
2020-05-24T18:07:20-0300 [stderr#error]     return self.func(*args)
2020-05-24T18:07:20-0300 [stderr#error]   File "/usr/lib/python3.6/tkinter/__init__.py", line 752, in callit
2020-05-24T18:07:20-0300 [stderr#error]     func(*args)
2020-05-24T18:07:20-0300 [stderr#error] TypeError: delete_connection_arrow() missing 1 required positional argument: 'id'
2020-05-24T18:07:21-0300 [-] 127.0.0.1:57548 - sending MQTT PUBLISH REQUEST - Number of events: 24
2020-05-24T18:07:21-0300 [twisted.internet.endpoints.OneShotFactory#info] Starting factory <twisted.internet.endpoints.connectProtocol.<locals>.OneShotFactory object at 0x7f1b41a02550>
2020-05-24T18:07:21-0300 [twisted.internet.endpoints.OneShotFactory#info] Stopping factory <twisted.internet.endpoints.connectProtocol.<locals>.OneShotFactory object at 0x7f1b4035bf28>
2020-05-24T18:07:21-0300 [stdout#info] This divice have no simulation core instance
2020-05-24T18:07:21-0300 [twisted.internet.endpoints.OneShotFactory#info] Starting factory <twisted.internet.endpoints.connectProtocol.<locals>.OneShotFactory object at 0x7f1b41a02908>
2020-05-24T18:07:23-0300 [stdout#info] sensor_6 |5.25 Kwh|16.96 Kwh
2020-05-24T18:07:23-0300 [stdout#info] sensor_9 |14.84 Kwh
2020-05-24T18:07:23-0300 [stdout#info] sensor_3 |8.03 Kwh|3.9 Kwh|11.12 Kwh
2020-05-24T18:07:23-0300 [stdout#info] sensor_1 |8.03 Kwh|16.9 Kwh
2020-05-24T18:07:23-0300 [stdout#info] sensor_2 |12.08 Kwh
2020-05-24T18:07:23-0300 [stdout#info] sensor_5 |13.82 Kwh|5.25 Kwh
2020-05-24T18:07:23-0300 [stdout#info] sensor_8 |14.26 Kwh|11.95 Kwh
2020-05-24T18:07:23-0300 [stdout#info] sensor_7 |11.95 Kwh|10.7 Kwh
2020-05-24T18:07:23-0300 [stdout#info] sensor_4 |8.03 Kwh|11.56 Kwh
2020-05-24T18:07:23-0300 [stderr#error] Exception in Tkinter callback
2020-05-24T18:07:23-0300 [stderr#error] Traceback (most recent call last):
2020-05-24T18:07:23-0300 [stderr#error]   File "/usr/lib/python3.6/tkinter/__init__.py", line 1708, in __call__
2020-05-24T18:07:23-0300 [stderr#error]     return self.func(*args)
2020-05-24T18:07:23-0300 [stderr#error]   File "/usr/lib/python3.6/tkinter/__init__.py", line 752, in callit
2020-05-24T18:07:23-0300 [stderr#error]     func(*args)
2020-05-24T18:07:23-0300 [stderr#error] TypeError: delete_connection_arrow() missing 1 required positional argument: 'id'
2020-05-24T18:07:23-0300 [stderr#error] Exception in Tkinter callback
2020-05-24T18:07:23-0300 [stderr#error] Traceback (most recent call last):
2020-05-24T18:07:23-0300 [stderr#error]   File "/usr/lib/python3.6/tkinter/__init__.py", line 1708, in __call__
2020-05-24T18:07:23-0300 [stderr#error]     return self.func(*args)
2020-05-24T18:07:23-0300 [stderr#error]   File "/usr/lib/python3.6/tkinter/__init__.py", line 752, in callit
2020-05-24T18:07:23-0300 [stderr#error]     func(*args)
2020-05-24T18:07:23-0300 [stderr#error] TypeError: delete_connection_arrow() missing 1 required positional argument: 'id'
2020-05-24T18:07:23-0300 [stderr#error] Exception in Tkinter callback
2020-05-24T18:07:23-0300 [stderr#error] Traceback (most recent call last):
2020-05-24T18:07:23-0300 [stderr#error]   File "/usr/lib/python3.6/tkinter/__init__.py", line 1708, in __call__
2020-05-24T18:07:23-0300 [stderr#error]     return self.func(*args)
2020-05-24T18:07:23-0300 [stderr#error]   File "/usr/lib/python3.6/tkinter/__init__.py", line 752, in callit
2020-05-24T18:07:23-0300 [stderr#error]     func(*args)
2020-05-24T18:07:23-0300 [stderr#error] TypeError: delete_connection_arrow() missing 1 required positional argument: 'id'
2020-05-24T18:07:23-0300 [stderr#error] Exception in Tkinter callback
2020-05-24T18:07:23-0300 [stderr#error] Traceback (most recent call last):
2020-05-24T18:07:23-0300 [stderr#error]   File "/usr/lib/python3.6/tkinter/__init__.py", line 1708, in __call__
2020-05-24T18:07:23-0300 [stderr#error]     return self.func(*args)
2020-05-24T18:07:23-0300 [stderr#error]   File "/usr/lib/python3.6/tkinter/__init__.py", line 752, in callit
2020-05-24T18:07:23-0300 [stderr#error]     func(*args)
2020-05-24T18:07:23-0300 [stderr#error] TypeError: delete_connection_arrow() missing 1 required positional argument: 'id'
2020-05-24T18:07:23-0300 [stderr#error] Exception in Tkinter callback
2020-05-24T18:07:23-0300 [stderr#error] Traceback (most recent call last):
2020-05-24T18:07:23-0300 [stderr#error]   File "/usr/lib/python3.6/tkinter/__init__.py", line 1708, in __call__
2020-05-24T18:07:23-0300 [stderr#error]     return self.func(*args)
2020-05-24T18:07:23-0300 [stderr#error]   File "/usr/lib/python3.6/tkinter/__init__.py", line 752, in callit
2020-05-24T18:07:23-0300 [stderr#error]     func(*args)
2020-05-24T18:07:23-0300 [stderr#error] TypeError: delete_connection_arrow() missing 1 required positional argument: 'id'
2020-05-24T18:07:23-0300 [stderr#error] Exception in Tkinter callback
2020-05-24T18:07:23-0300 [stderr#error] Traceback (most recent call last):
2020-05-24T18:07:23-0300 [stderr#error]   File "/usr/lib/python3.6/tkinter/__init__.py", line 1708, in __call__
2020-05-24T18:07:23-0300 [stderr#error]     return self.func(*args)
2020-05-24T18:07:23-0300 [stderr#error]   File "/usr/lib/python3.6/tkinter/__init__.py", line 752, in callit
2020-05-24T18:07:23-0300 [stderr#error]     func(*args)
2020-05-24T18:07:23-0300 [stderr#error] TypeError: delete_connection_arrow() missing 1 required positional argument: 'id'
2020-05-24T18:07:23-0300 [stderr#error] Exception in Tkinter callback
2020-05-24T18:07:23-0300 [stderr#error] Traceback (most recent call last):
2020-05-24T18:07:23-0300 [stderr#error]   File "/usr/lib/python3.6/tkinter/__init__.py", line 1708, in __call__
2020-05-24T18:07:23-0300 [stderr#error]     return self.func(*args)
2020-05-24T18:07:23-0300 [stderr#error]   File "/usr/lib/python3.6/tkinter/__init__.py", line 752, in callit
2020-05-24T18:07:23-0300 [stderr#error]     func(*args)
2020-05-24T18:07:23-0300 [stderr#error] TypeError: delete_connection_arrow() missing 1 required positional argument: 'id'
2020-05-24T18:07:23-0300 [stderr#error] Exception in Tkinter callback
2020-05-24T18:07:23-0300 [stderr#error] Traceback (most recent call last):
2020-05-24T18:07:23-0300 [stderr#error]   File "/usr/lib/python3.6/tkinter/__init__.py", line 1708, in __call__
2020-05-24T18:07:23-0300 [stderr#error]     return self.func(*args)
2020-05-24T18:07:23-0300 [stderr#error]   File "/usr/lib/python3.6/tkinter/__init__.py", line 752, in callit
2020-05-24T18:07:23-0300 [stderr#error]     func(*args)
2020-05-24T18:07:23-0300 [stderr#error] TypeError: delete_connection_arrow() missing 1 required positional argument: 'id'
2020-05-24T18:07:23-0300 [stderr#error] Exception in Tkinter callback
2020-05-24T18:07:23-0300 [stderr#error] Traceback (most recent call last):
2020-05-24T18:07:23-0300 [stderr#error]   File "/usr/lib/python3.6/tkinter/__init__.py", line 1708, in __call__
2020-05-24T18:07:23-0300 [stderr#error]     return self.func(*args)
2020-05-24T18:07:23-0300 [stderr#error]   File "/usr/lib/python3.6/tkinter/__init__.py", line 752, in callit
2020-05-24T18:07:23-0300 [stderr#error]     func(*args)
2020-05-24T18:07:23-0300 [stderr#error] TypeError: delete_connection_arrow() missing 1 required positional argument: 'id'
2020-05-24T18:07:26-0300 [stdout#info] sensor_6 |13.82 Kwh|8.31 Kwh
2020-05-24T18:07:26-0300 [stdout#info] sensor_9 |4.06 Kwh
2020-05-24T18:07:26-0300 [stdout#info] sensor_3 |19.08 Kwh|11.56 Kwh|16.9 Kwh
2020-05-24T18:07:26-0300 [stdout#info] sensor_1 |19.08 Kwh|12.54 Kwh
2020-05-24T18:07:26-0300 [stdout#info] sensor_2 |8.91 Kwh
2020-05-24T18:07:26-0300 [stdout#info] sensor_5 |17.68 Kwh|8.31 Kwh
2020-05-24T18:07:26-0300 [stdout#info] sensor_8 |18.4 Kwh|10.7 Kwh
2020-05-24T18:07:26-0300 [stdout#info] sensor_7 |4.81 Kwh|18.4 Kwh
2020-05-24T18:07:26-0300 [stdout#info] sensor_4 |19.08 Kwh|18.97 Kwh
2020-05-24T18:07:26-0300 [stderr#error] Exception in Tkinter callback
2020-05-24T18:07:26-0300 [stderr#error] Traceback (most recent call last):
2020-05-24T18:07:26-0300 [stderr#error]   File "/usr/lib/python3.6/tkinter/__init__.py", line 1708, in __call__
2020-05-24T18:07:26-0300 [stderr#error]     return self.func(*args)
2020-05-24T18:07:26-0300 [stderr#error]   File "/usr/lib/python3.6/tkinter/__init__.py", line 752, in callit
2020-05-24T18:07:26-0300 [stderr#error]     func(*args)
2020-05-24T18:07:26-0300 [stderr#error] TypeError: delete_connection_arrow() missing 1 required positional argument: 'id'
2020-05-24T18:07:26-0300 [stderr#error] Exception in Tkinter callback
2020-05-24T18:07:26-0300 [stderr#error] Traceback (most recent call last):
2020-05-24T18:07:26-0300 [stderr#error]   File "/usr/lib/python3.6/tkinter/__init__.py", line 1708, in __call__
2020-05-24T18:07:26-0300 [stderr#error]     return self.func(*args)
2020-05-24T18:07:26-0300 [stderr#error]   File "/usr/lib/python3.6/tkinter/__init__.py", line 752, in callit
2020-05-24T18:07:26-0300 [stderr#error]     func(*args)
2020-05-24T18:07:26-0300 [stderr#error] TypeError: delete_connection_arrow() missing 1 required positional argument: 'id'
2020-05-24T18:07:26-0300 [stderr#error] Exception in Tkinter callback
2020-05-24T18:07:26-0300 [stderr#error] Traceback (most recent call last):
2020-05-24T18:07:26-0300 [stderr#error]   File "/usr/lib/python3.6/tkinter/__init__.py", line 1708, in __call__
2020-05-24T18:07:26-0300 [stderr#error]     return self.func(*args)
2020-05-24T18:07:26-0300 [stderr#error]   File "/usr/lib/python3.6/tkinter/__init__.py", line 752, in callit
2020-05-24T18:07:26-0300 [stderr#error]     func(*args)
2020-05-24T18:07:26-0300 [stderr#error] TypeError: delete_connection_arrow() missing 1 required positional argument: 'id'
2020-05-24T18:07:26-0300 [stderr#error] Exception in Tkinter callback
2020-05-24T18:07:26-0300 [stderr#error] Traceback (most recent call last):
2020-05-24T18:07:26-0300 [stderr#error]   File "/usr/lib/python3.6/tkinter/__init__.py", line 1708, in __call__
2020-05-24T18:07:26-0300 [stderr#error]     return self.func(*args)
2020-05-24T18:07:26-0300 [stderr#error]   File "/usr/lib/python3.6/tkinter/__init__.py", line 752, in callit
2020-05-24T18:07:26-0300 [stderr#error]     func(*args)
2020-05-24T18:07:26-0300 [stderr#error] TypeError: delete_connection_arrow() missing 1 required positional argument: 'id'
2020-05-24T18:07:26-0300 [stderr#error] Exception in Tkinter callback
2020-05-24T18:07:26-0300 [stderr#error] Traceback (most recent call last):
2020-05-24T18:07:26-0300 [stderr#error]   File "/usr/lib/python3.6/tkinter/__init__.py", line 1708, in __call__
2020-05-24T18:07:26-0300 [stderr#error]     return self.func(*args)
2020-05-24T18:07:26-0300 [stderr#error]   File "/usr/lib/python3.6/tkinter/__init__.py", line 752, in callit
2020-05-24T18:07:26-0300 [stderr#error]     func(*args)
2020-05-24T18:07:26-0300 [stderr#error] TypeError: delete_connection_arrow() missing 1 required positional argument: 'id'
2020-05-24T18:07:26-0300 [-] 127.0.0.1:57548 - sending MQTT PUBLISH REQUEST - Number of events: 25
2020-05-24T18:07:26-0300 [stderr#error] Exception in Tkinter callback
2020-05-24T18:07:26-0300 [stderr#error] Traceback (most recent call last):
2020-05-24T18:07:26-0300 [stderr#error]   File "/usr/lib/python3.6/tkinter/__init__.py", line 1708, in __call__
2020-05-24T18:07:26-0300 [stderr#error]     return self.func(*args)
2020-05-24T18:07:26-0300 [stderr#error]   File "/usr/lib/python3.6/tkinter/__init__.py", line 752, in callit
2020-05-24T18:07:26-0300 [stderr#error]     func(*args)
2020-05-24T18:07:26-0300 [stderr#error] TypeError: delete_connection_arrow() missing 1 required positional argument: 'id'
2020-05-24T18:07:26-0300 [stderr#error] Exception in Tkinter callback
2020-05-24T18:07:26-0300 [stderr#error] Traceback (most recent call last):
2020-05-24T18:07:26-0300 [stderr#error]   File "/usr/lib/python3.6/tkinter/__init__.py", line 1708, in __call__
2020-05-24T18:07:26-0300 [stderr#error]     return self.func(*args)
2020-05-24T18:07:26-0300 [stderr#error]   File "/usr/lib/python3.6/tkinter/__init__.py", line 752, in callit
2020-05-24T18:07:26-0300 [stderr#error]     func(*args)
2020-05-24T18:07:26-0300 [stderr#error] TypeError: delete_connection_arrow() missing 1 required positional argument: 'id'
2020-05-24T18:07:26-0300 [stderr#error] Exception in Tkinter callback
2020-05-24T18:07:26-0300 [stderr#error] Traceback (most recent call last):
2020-05-24T18:07:26-0300 [stderr#error]   File "/usr/lib/python3.6/tkinter/__init__.py", line 1708, in __call__
2020-05-24T18:07:26-0300 [stderr#error]     return self.func(*args)
2020-05-24T18:07:26-0300 [stderr#error]   File "/usr/lib/python3.6/tkinter/__init__.py", line 752, in callit
2020-05-24T18:07:26-0300 [stderr#error]     func(*args)
2020-05-24T18:07:26-0300 [stderr#error] TypeError: delete_connection_arrow() missing 1 required positional argument: 'id'
2020-05-24T18:07:26-0300 [stderr#error] Exception in Tkinter callback
2020-05-24T18:07:26-0300 [stderr#error] Traceback (most recent call last):
2020-05-24T18:07:26-0300 [stderr#error]   File "/usr/lib/python3.6/tkinter/__init__.py", line 1708, in __call__
2020-05-24T18:07:26-0300 [stderr#error]     return self.func(*args)
2020-05-24T18:07:26-0300 [stderr#error]   File "/usr/lib/python3.6/tkinter/__init__.py", line 752, in callit
2020-05-24T18:07:26-0300 [stderr#error]     func(*args)
2020-05-24T18:07:26-0300 [stderr#error] TypeError: delete_connection_arrow() missing 1 required positional argument: 'id'
2020-05-24T18:07:26-0300 [twisted.internet.endpoints.OneShotFactory#info] Starting factory <twisted.internet.endpoints.connectProtocol.<locals>.OneShotFactory object at 0x7f1b41a02860>
2020-05-24T18:07:26-0300 [twisted.internet.endpoints.OneShotFactory#info] Stopping factory <twisted.internet.endpoints.connectProtocol.<locals>.OneShotFactory object at 0x7f1b41a02550>
2020-05-24T18:07:26-0300 [stdout#info] This divice have no simulation core instance
2020-05-24T18:07:26-0300 [twisted.internet.endpoints.OneShotFactory#info] Starting factory <twisted.internet.endpoints.connectProtocol.<locals>.OneShotFactory object at 0x7f1b41a02588>
2020-05-24T18:07:27-0300 [-] Received SIGINT, shutting down.
2020-05-24T18:07:27-0300 [applications.accesspointapp.AccessPointFactory] (TCP Port 8082 Closed)
2020-05-24T18:07:27-0300 [twisted.internet.endpoints.OneShotFactory#info] Stopping factory <twisted.internet.endpoints.connectProtocol.<locals>.OneShotFactory object at 0x7f1b41a02390>
2020-05-24T18:07:27-0300 [twisted.internet.endpoints.OneShotFactory#info] Stopping factory <twisted.internet.endpoints.connectProtocol.<locals>.OneShotFactory object at 0x7f1b41a02860>
2020-05-24T18:07:27-0300 [twisted.internet.endpoints.OneShotFactory#info] Stopping factory <twisted.internet.endpoints.connectProtocol.<locals>.OneShotFactory object at 0x7f1b403710f0>
2020-05-24T18:07:27-0300 [twisted.internet.endpoints.OneShotFactory#info] Stopping factory <twisted.internet.endpoints.connectProtocol.<locals>.OneShotFactory object at 0x7f1b41a02908>
2020-05-24T18:07:27-0300 [applications.mqttapp.BrokerFactory] (TCP Port 5100 Closed)
2020-05-24T18:07:27-0300 [applications.routerapp.RouterFactory] (TCP Port 8081 Closed)
2020-05-24T18:07:27-0300 [twisted.internet.endpoints.OneShotFactory#info] Stopping factory <twisted.internet.endpoints.connectProtocol.<locals>.OneShotFactory object at 0x7f1b41a02588>
2020-05-24T18:07:27-0300 [SubscriberApp,client] connection lost: Connection to the other side was lost in a non-clean fashion: Connection lost.
2020-05-24T18:07:27-0300 [SubscriberApp,client] connection lost - Number of events: 26
2020-05-24T18:07:27-0300 [SubscriberApp,client] connection lost: Connection to the other side was lost in a non-clean fashion: Connection lost.
2020-05-24T18:07:27-0300 [SubscriberApp,client] connection lost - Number of events: 27
2020-05-24T18:07:27-0300 [PublisherApp,client] connection lost: Connection to the other side was lost in a non-clean fashion: Connection lost.
2020-05-24T18:07:27-0300 [PublisherApp,client] connection lost - Number of events: 28
2020-05-24T18:07:27-0300 [twisted.internet.endpoints.OneShotFactory#info] Stopping factory <twisted.internet.endpoints.connectProtocol.<locals>.OneShotFactory object at 0x7f1b4035bbe0>
2020-05-24T18:07:27-0300 [-] Main loop terminated.
