2020-05-15T12:34:29-0300 [-] Creating router ...
2020-05-15T12:34:29-0300 [-] Initializing Router - Number of events: 1
2020-05-15T12:34:30-0300 [-] RouterFactory starting on 8081
2020-05-15T12:34:30-0300 [-] Creating AccessPoint station ...
2020-05-15T12:34:30-0300 [-] Initializing Access Point - Number of events: 2
2020-05-15T12:34:30-0300 [-] AccessPointFactory starting on 8082
2020-05-15T12:34:30-0300 [-] Creating fog node ...
2020-05-15T12:34:30-0300 [-] Initializing Client - Number of events: 3
2020-05-15T12:34:31-0300 [-] Creating fog node ...
2020-05-15T12:34:31-0300 [-] Initializing Client - Number of events: 4
2020-05-15T12:34:31-0300 [-] Creating fog node ...
2020-05-15T12:34:31-0300 [-] Initializing Server - Number of events: 5
2020-05-15T12:34:32-0300 [-] BrokerFactory starting on 5100
2020-05-15T12:34:32-0300 [-] Creating iot node ...
2020-05-15T12:34:32-0300 [-] Initializing Client - Number of events: 6
2020-05-15T12:34:32-0300 [-] Initializing sensor node - Number of events: 7
2020-05-15T12:34:33-0300 [-] Initializing sensor node - Number of events: 8
2020-05-15T12:34:33-0300 [stdout#info] {None}
2020-05-15T12:34:33-0300 [stdout#info] {'8.83 Kwh'}
2020-05-15T12:34:33-0300 [-] Initializing sensor node - Number of events: 9
2020-05-15T12:34:34-0300 [stdout#info] {None}
2020-05-15T12:34:34-0300 [stdout#info] {'21.63 Kwh'}
2020-05-15T12:34:34-0300 [-] Initializing sensor node - Number of events: 10
2020-05-15T12:34:34-0300 [stdout#info] {None}
2020-05-15T12:34:34-0300 [stdout#info] {'3.7 Kwh'}
2020-05-15T12:34:35-0300 [-] Initializing sensor node - Number of events: 11
2020-05-15T12:34:35-0300 [stdout#info] {None}
2020-05-15T12:34:35-0300 [stdout#info] {'3.57 Kwh'}
2020-05-15T12:34:35-0300 [-] Initializing sensor node - Number of events: 12
2020-05-15T12:34:36-0300 [stdout#info] {None}
2020-05-15T12:34:36-0300 [stdout#info] {'14.61 Kwh'}
2020-05-15T12:34:36-0300 [-] Initializing sensor node - Number of events: 13
2020-05-15T12:34:36-0300 [stdout#info] {None}
2020-05-15T12:34:36-0300 [stdout#info] {'17.14 Kwh'}
2020-05-15T12:34:36-0300 [-] Initializing sensor node - Number of events: 14
2020-05-15T12:34:37-0300 [stdout#info] {None}
2020-05-15T12:34:37-0300 [stdout#info] {'14.21 Kwh'}
2020-05-15T12:34:37-0300 [-] Initializing sensor node - Number of events: 15
2020-05-15T12:34:37-0300 [stdout#info] {None}
2020-05-15T12:34:37-0300 [stdout#info] {'12.21 Kwh'}
2020-05-15T12:34:37-0300 [-] Initializing sensor node - Number of events: 16
2020-05-15T12:34:38-0300 [stdout#info] {None}
2020-05-15T12:34:38-0300 [stdout#info] {'3.12 Kwh'}
2020-05-15T12:34:38-0300 [stdout#info] {'18.0 Kwh'}
2020-05-15T12:34:38-0300 [stdout#info] {'17.06 Kwh'}
2020-05-15T12:34:38-0300 [stdout#info] {'17.13 Kwh'}
2020-05-15T12:34:38-0300 [stdout#info] This divice have no simulation core instance
2020-05-15T12:34:38-0300 [stdout#info] This divice have no simulation core instance
2020-05-15T12:34:38-0300 [stdout#info] This divice have no simulation core instance
2020-05-15T12:34:38-0300 [stdout#info] This divice have no simulation core instance
2020-05-15T12:34:38-0300 [stdout#info] This divice have no simulation core instance
2020-05-15T12:34:38-0300 [Uninitialized] 127.0.0.1:32862 - Connected to mqtt broker - Number of events: 17
2020-05-15T12:34:38-0300 [Uninitialized] 127.0.0.1:32862 - sending MQTT SUBSCRIBE REQUEST - Number of events: 18
2020-05-15T12:34:38-0300 [Uninitialized] 127.0.0.1:32864 - Connected to mqtt broker - Number of events: 19
2020-05-15T12:34:38-0300 [Uninitialized] 127.0.0.1:32864 - sending MQTT SUBSCRIBE REQUEST - Number of events: 20
2020-05-15T12:34:38-0300 [Uninitialized] 127.0.0.1:49188 - Connected to mqtt broker - Number of events: 21
2020-05-15T12:34:38-0300 [Uninitialized] 127.0.0.1:49188 - sending MQTT PUBLISH REQUEST - Number of events: 22
2020-05-15T12:34:38-0300 [twisted.internet.endpoints.OneShotFactory#info] Starting factory <twisted.internet.endpoints.connectProtocol.<locals>.OneShotFactory object at 0x7fb6bc71a6a0>
2020-05-15T12:34:38-0300 [twisted.internet.endpoints.OneShotFactory#info] Starting factory <twisted.internet.endpoints.connectProtocol.<locals>.OneShotFactory object at 0x7fb6bc71a898>
2020-05-15T12:34:38-0300 [twisted.internet.endpoints.OneShotFactory#info] Starting factory <twisted.internet.endpoints.connectProtocol.<locals>.OneShotFactory object at 0x7fb6bc71aac8>
2020-05-15T12:34:38-0300 [stdout#info] This divice have no simulation core instance
2020-05-15T12:34:38-0300 [twisted.internet.endpoints.OneShotFactory#info] Starting factory <twisted.internet.endpoints.connectProtocol.<locals>.OneShotFactory object at 0x7fb6bc72b470>
2020-05-15T12:34:38-0300 [stdout#info] {'11.41 Kwh'}
2020-05-15T12:34:39-0300 [stdout#info] {'13.59 Kwh'}
2020-05-15T12:34:39-0300 [stdout#info] {'10.31 Kwh'}
2020-05-15T12:34:40-0300 [stdout#info] {'13.28 Kwh'}
2020-05-15T12:34:40-0300 [stdout#info] {'18.79 Kwh'}
2020-05-15T12:34:41-0300 [stdout#info] {'19.64 Kwh'}
2020-05-15T12:34:41-0300 [stdout#info] {'10.94 Kwh'}
2020-05-15T12:34:41-0300 [stdout#info] {'21.63 Kwh'}
2020-05-15T12:34:41-0300 [stdout#info] {'8.45 Kwh'}
2020-05-15T12:34:41-0300 [stdout#info] {'15.41 Kwh'}
2020-05-15T12:34:42-0300 [stdout#info] {'7.6 Kwh'}
2020-05-15T12:34:42-0300 [stdout#info] {'4.26 Kwh'}
2020-05-15T12:34:43-0300 [stdout#info] {'15.03 Kwh'}
2020-05-15T12:34:43-0300 [-] 127.0.0.1:49188 - sending MQTT PUBLISH REQUEST - Number of events: 23
2020-05-15T12:34:43-0300 [twisted.internet.endpoints.OneShotFactory#info] Starting factory <twisted.internet.endpoints.connectProtocol.<locals>.OneShotFactory object at 0x7fb6bc72b860>
2020-05-15T12:34:43-0300 [twisted.internet.endpoints.OneShotFactory#info] Stopping factory <twisted.internet.endpoints.connectProtocol.<locals>.OneShotFactory object at 0x7fb6bc71aac8>
2020-05-15T12:34:43-0300 [stdout#info] This divice have no simulation core instance
2020-05-15T12:34:43-0300 [twisted.internet.endpoints.OneShotFactory#info] Starting factory <twisted.internet.endpoints.connectProtocol.<locals>.OneShotFactory object at 0x7fb6bc72bac8>
2020-05-15T12:34:43-0300 [twisted.internet.endpoints.OneShotFactory#info] Stopping factory <twisted.internet.endpoints.connectProtocol.<locals>.OneShotFactory object at 0x7fb6bc72b470>
2020-05-15T12:34:43-0300 [stdout#info] {'11.62 Kwh'}
2020-05-15T12:34:44-0300 [stdout#info] {'6.41 Kwh'}
2020-05-15T12:34:44-0300 [stdout#info] {'6.31 Kwh'}
2020-05-15T12:34:44-0300 [stdout#info] {'20.19 Kwh'}
2020-05-15T12:34:44-0300 [stdout#info] {'8.45 Kwh'}
2020-05-15T12:34:44-0300 [stdout#info] {'17.94 Kwh'}
2020-05-15T12:34:45-0300 [stdout#info] {'10.37 Kwh'}
2020-05-15T12:34:45-0300 [stdout#info] {'14.64 Kwh'}
2020-05-15T12:34:46-0300 [stdout#info] {'19.49 Kwh'}
2020-05-15T12:34:46-0300 [stdout#info] {'7.42 Kwh'}
2020-05-15T12:34:47-0300 [stdout#info] {'19.93 Kwh'}
2020-05-15T12:34:47-0300 [stdout#info] {'15.91 Kwh'}
2020-05-15T12:34:47-0300 [stdout#info] {'9.45 Kwh'}
2020-05-15T12:34:47-0300 [stdout#info] {'22.38 Kwh'}
2020-05-15T12:34:47-0300 [stdout#info] {'9.04 Kwh'}
2020-05-15T12:34:48-0300 [stdout#info] {'6.38 Kwh'}
2020-05-15T12:34:48-0300 [-] 127.0.0.1:49188 - sending MQTT PUBLISH REQUEST - Number of events: 24
2020-05-15T12:34:48-0300 [twisted.internet.endpoints.OneShotFactory#info] Starting factory <twisted.internet.endpoints.connectProtocol.<locals>.OneShotFactory object at 0x7fb6bc72bd68>
2020-05-15T12:34:48-0300 [twisted.internet.endpoints.OneShotFactory#info] Stopping factory <twisted.internet.endpoints.connectProtocol.<locals>.OneShotFactory object at 0x7fb6bc72b860>
2020-05-15T12:34:48-0300 [stdout#info] This divice have no simulation core instance
2020-05-15T12:34:48-0300 [twisted.internet.endpoints.OneShotFactory#info] Starting factory <twisted.internet.endpoints.connectProtocol.<locals>.OneShotFactory object at 0x7fb6bc72bf98>
2020-05-15T12:34:48-0300 [stdout#info] {'6.08 Kwh'}
2020-05-15T12:34:49-0300 [stdout#info] {'20.4 Kwh'}
2020-05-15T12:34:49-0300 [stdout#info] {'3.85 Kwh'}
2020-05-15T12:34:50-0300 [stdout#info] {'15.8 Kwh'}
2020-05-15T12:34:50-0300 [stdout#info] {'3.51 Kwh'}
2020-05-15T12:34:50-0300 [stdout#info] {'21.14 Kwh'}
2020-05-15T12:34:50-0300 [stdout#info] {'2.71 Kwh'}
2020-05-15T12:34:50-0300 [stdout#info] {'20.57 Kwh'}
2020-05-15T12:34:51-0300 [stdout#info] {'18.01 Kwh'}
2020-05-15T12:34:51-0300 [stdout#info] {'21.72 Kwh'}
2020-05-15T12:34:52-0300 [stdout#info] {'19.55 Kwh'}
2020-05-15T12:34:52-0300 [stdout#info] {'7.31 Kwh'}
2020-05-15T12:34:53-0300 [stdout#info] {'12.99 Kwh'}
2020-05-15T12:34:53-0300 [stdout#info] {'15.56 Kwh'}
2020-05-15T12:34:53-0300 [stdout#info] {'16.96 Kwh'}
2020-05-15T12:34:53-0300 [stdout#info] {'6.72 Kwh'}
2020-05-15T12:34:53-0300 [-] 127.0.0.1:49188 - sending MQTT PUBLISH REQUEST - Number of events: 25
2020-05-15T12:34:53-0300 [twisted.internet.endpoints.OneShotFactory#info] Starting factory <twisted.internet.endpoints.connectProtocol.<locals>.OneShotFactory object at 0x7fb6bdddc0f0>
2020-05-15T12:34:53-0300 [twisted.internet.endpoints.OneShotFactory#info] Stopping factory <twisted.internet.endpoints.connectProtocol.<locals>.OneShotFactory object at 0x7fb6bc72bd68>
2020-05-15T12:34:53-0300 [stdout#info] This divice have no simulation core instance
2020-05-15T12:34:53-0300 [twisted.internet.endpoints.OneShotFactory#info] Starting factory <twisted.internet.endpoints.connectProtocol.<locals>.OneShotFactory object at 0x7fb6bdddc470>
2020-05-15T12:34:53-0300 [stdout#info] {'5.74 Kwh'}
2020-05-15T12:34:54-0300 [stdout#info] {'17.1 Kwh'}
2020-05-15T12:34:54-0300 [stdout#info] {'3.68 Kwh'}
2020-05-15T12:34:55-0300 [stdout#info] {'8.7 Kwh'}
2020-05-15T12:34:55-0300 [stdout#info] {'5.6 Kwh'}
2020-05-15T12:34:56-0300 [stdout#info] {'14.18 Kwh'}
2020-05-15T12:34:56-0300 [stdout#info] {'3.55 Kwh'}
2020-05-15T12:34:56-0300 [stdout#info] {'8.18 Kwh'}
2020-05-15T12:34:56-0300 [stdout#info] {'4.9 Kwh'}
2020-05-15T12:34:56-0300 [stdout#info] {'6.9 Kwh'}
2020-05-15T12:34:57-0300 [stdout#info] {'16.08 Kwh'}
2020-05-15T12:34:57-0300 [stdout#info] {'5.96 Kwh'}
2020-05-15T12:34:58-0300 [stdout#info] {'12.8 Kwh'}
2020-05-15T12:34:58-0300 [-] 127.0.0.1:49188 - sending MQTT PUBLISH REQUEST - Number of events: 26
2020-05-15T12:34:58-0300 [twisted.internet.endpoints.OneShotFactory#info] Starting factory <twisted.internet.endpoints.connectProtocol.<locals>.OneShotFactory object at 0x7fb6bdddc710>
2020-05-15T12:34:58-0300 [twisted.internet.endpoints.OneShotFactory#info] Stopping factory <twisted.internet.endpoints.connectProtocol.<locals>.OneShotFactory object at 0x7fb6bdddc0f0>
2020-05-15T12:34:58-0300 [stdout#info] This divice have no simulation core instance
2020-05-15T12:34:58-0300 [twisted.internet.endpoints.OneShotFactory#info] Starting factory <twisted.internet.endpoints.connectProtocol.<locals>.OneShotFactory object at 0x7fb6bdddc940>
2020-05-15T12:34:58-0300 [stdout#info] {'19.6 Kwh'}
2020-05-15T12:34:59-0300 [stdout#info] {'4.78 Kwh'}
2020-05-15T12:34:59-0300 [stdout#info] {'7.91 Kwh'}
2020-05-15T12:34:59-0300 [stdout#info] {'13.43 Kwh'}
2020-05-15T12:34:59-0300 [stdout#info] {'12.86 Kwh'}
2020-05-15T12:34:59-0300 [stdout#info] {'21.96 Kwh'}
2020-05-15T12:35:00-0300 [stdout#info] {'21.22 Kwh'}
2020-05-15T12:35:00-0300 [stdout#info] {'11.95 Kwh'}
2020-05-15T12:35:01-0300 [stdout#info] {'22.24 Kwh'}
2020-05-15T12:35:01-0300 [stdout#info] {'13.06 Kwh'}
2020-05-15T12:35:02-0300 [stdout#info] {'14.06 Kwh'}
2020-05-15T12:35:02-0300 [stdout#info] {'16.38 Kwh'}
2020-05-15T12:35:02-0300 [stdout#info] {'18.88 Kwh'}
2020-05-15T12:35:02-0300 [stdout#info] {'8.88 Kwh'}
2020-05-15T12:35:02-0300 [stdout#info] {'16.38 Kwh'}
2020-05-15T12:35:03-0300 [stdout#info] {'10.32 Kwh'}
2020-05-15T12:35:03-0300 [-] 127.0.0.1:49188 - sending MQTT PUBLISH REQUEST - Number of events: 27
2020-05-15T12:35:03-0300 [twisted.internet.endpoints.OneShotFactory#info] Starting factory <twisted.internet.endpoints.connectProtocol.<locals>.OneShotFactory object at 0x7fb6bdddcb38>
2020-05-15T12:35:03-0300 [twisted.internet.endpoints.OneShotFactory#info] Stopping factory <twisted.internet.endpoints.connectProtocol.<locals>.OneShotFactory object at 0x7fb6bdddc710>
2020-05-15T12:35:03-0300 [stdout#info] This divice have no simulation core instance
2020-05-15T12:35:03-0300 [twisted.internet.endpoints.OneShotFactory#info] Starting factory <twisted.internet.endpoints.connectProtocol.<locals>.OneShotFactory object at 0x7fb6bdddccf8>
2020-05-15T12:35:03-0300 [stdout#info] {'8.49 Kwh'}
2020-05-15T12:35:04-0300 [stdout#info] {'20.83 Kwh'}
2020-05-15T12:35:04-0300 [stdout#info] {'8.66 Kwh'}
2020-05-15T12:35:05-0300 [stdout#info] {'20.03 Kwh'}
2020-05-15T12:35:05-0300 [stdout#info] {'12.2 Kwh'}
2020-05-15T12:35:05-0300 [stdout#info] {'11.29 Kwh'}
2020-05-15T12:35:05-0300 [stdout#info] {'4.35 Kwh'}
2020-05-15T12:35:05-0300 [stdout#info] {'20.35 Kwh'}
2020-05-15T12:35:06-0300 [stdout#info] {'12.89 Kwh'}
2020-05-15T12:35:06-0300 [stdout#info] {'11.02 Kwh'}
2020-05-15T12:35:07-0300 [stdout#info] {'3.05 Kwh'}
2020-05-15T12:35:07-0300 [stdout#info] {'10.38 Kwh'}
2020-05-15T12:35:08-0300 [stdout#info] {'17.37 Kwh'}
2020-05-15T12:35:08-0300 [stdout#info] {'22.38 Kwh'}
2020-05-15T12:35:08-0300 [stdout#info] {'7.34 Kwh'}
2020-05-15T12:35:08-0300 [stdout#info] {'12.42 Kwh'}
2020-05-15T12:35:08-0300 [-] 127.0.0.1:49188 - sending MQTT PUBLISH REQUEST - Number of events: 28
2020-05-15T12:35:08-0300 [twisted.internet.endpoints.OneShotFactory#info] Starting factory <twisted.internet.endpoints.connectProtocol.<locals>.OneShotFactory object at 0x7fb6bdddc668>
2020-05-15T12:35:08-0300 [twisted.internet.endpoints.OneShotFactory#info] Stopping factory <twisted.internet.endpoints.connectProtocol.<locals>.OneShotFactory object at 0x7fb6bdddcb38>
2020-05-15T12:35:08-0300 [stdout#info] This divice have no simulation core instance
2020-05-15T12:35:08-0300 [twisted.internet.endpoints.OneShotFactory#info] Starting factory <twisted.internet.endpoints.connectProtocol.<locals>.OneShotFactory object at 0x7fb6bde07160>
2020-05-15T12:35:08-0300 [stdout#info] {'18.82 Kwh'}
2020-05-15T12:35:09-0300 [stdout#info] {'7.75 Kwh'}
2020-05-15T12:35:09-0300 [stdout#info] {'18.9 Kwh'}
2020-05-15T12:35:10-0300 [stdout#info] {'22.22 Kwh'}
2020-05-15T12:35:10-0300 [stdout#info] {'11.59 Kwh'}
2020-05-15T12:35:11-0300 [stdout#info] {'20.41 Kwh'}
2020-05-15T12:35:11-0300 [stdout#info] {'8.19 Kwh'}
2020-05-15T12:35:11-0300 [stdout#info] {'2.71 Kwh'}
2020-05-15T12:35:11-0300 [stdout#info] {'19.67 Kwh'}
2020-05-15T12:35:11-0300 [stdout#info] {'4.26 Kwh'}
2020-05-15T12:35:12-0300 [stdout#info] {'22.25 Kwh'}
2020-05-15T12:35:12-0300 [stdout#info] {'9.16 Kwh'}
2020-05-15T12:35:13-0300 [stdout#info] {'17.03 Kwh'}
2020-05-15T12:35:13-0300 [-] 127.0.0.1:49188 - sending MQTT PUBLISH REQUEST - Number of events: 29
2020-05-15T12:35:13-0300 [twisted.internet.endpoints.OneShotFactory#info] Starting factory <twisted.internet.endpoints.connectProtocol.<locals>.OneShotFactory object at 0x7fb6bde073c8>
2020-05-15T12:35:13-0300 [twisted.internet.endpoints.OneShotFactory#info] Stopping factory <twisted.internet.endpoints.connectProtocol.<locals>.OneShotFactory object at 0x7fb6bdddc668>
2020-05-15T12:35:13-0300 [stdout#info] This divice have no simulation core instance
2020-05-15T12:35:13-0300 [twisted.internet.endpoints.OneShotFactory#info] Starting factory <twisted.internet.endpoints.connectProtocol.<locals>.OneShotFactory object at 0x7fb6bde07630>
2020-05-15T12:35:13-0300 [stdout#info] {'9.37 Kwh'}
2020-05-15T12:35:14-0300 [stdout#info] {'12.01 Kwh'}
2020-05-15T12:35:14-0300 [stdout#info] {'9.36 Kwh'}
2020-05-15T12:35:14-0300 [stdout#info] {'15.37 Kwh'}
2020-05-15T12:35:14-0300 [stdout#info] {'15.7 Kwh'}
2020-05-15T12:35:14-0300 [stdout#info] {'3.98 Kwh'}
2020-05-15T12:35:15-0300 [stdout#info] {'14.25 Kwh'}
2020-05-15T12:35:15-0300 [stdout#info] {'3.45 Kwh'}
2020-05-15T12:35:16-0300 [stdout#info] {'3.0 Kwh'}
2020-05-15T12:35:16-0300 [stdout#info] {'7.26 Kwh'}
2020-05-15T12:35:17-0300 [stdout#info] {'15.47 Kwh'}
2020-05-15T12:35:17-0300 [stdout#info] {'7.48 Kwh'}
2020-05-15T12:35:17-0300 [stdout#info] {'9.43 Kwh'}
2020-05-15T12:35:17-0300 [stdout#info] {'11.23 Kwh'}
2020-05-15T12:35:17-0300 [stdout#info] {'8.98 Kwh'}
2020-05-15T12:35:18-0300 [stdout#info] {'9.65 Kwh'}
2020-05-15T12:35:18-0300 [-] 127.0.0.1:49188 - sending MQTT PUBLISH REQUEST - Number of events: 30
2020-05-15T12:35:18-0300 [twisted.internet.endpoints.OneShotFactory#info] Starting factory <twisted.internet.endpoints.connectProtocol.<locals>.OneShotFactory object at 0x7fb6bde07898>
2020-05-15T12:35:18-0300 [twisted.internet.endpoints.OneShotFactory#info] Stopping factory <twisted.internet.endpoints.connectProtocol.<locals>.OneShotFactory object at 0x7fb6bde073c8>
2020-05-15T12:35:18-0300 [stdout#info] This divice have no simulation core instance
2020-05-15T12:35:18-0300 [twisted.internet.endpoints.OneShotFactory#info] Starting factory <twisted.internet.endpoints.connectProtocol.<locals>.OneShotFactory object at 0x7fb6bde07a90>
2020-05-15T12:35:18-0300 [stdout#info] {'15.11 Kwh'}
2020-05-15T12:35:19-0300 [stdout#info] {'7.29 Kwh'}
2020-05-15T12:35:19-0300 [stdout#info] {'17.27 Kwh'}
2020-05-15T12:35:20-0300 [stdout#info] {'16.63 Kwh'}
2020-05-15T12:35:20-0300 [stdout#info] {'13.27 Kwh'}
2020-05-15T12:35:20-0300 [stdout#info] {'5.27 Kwh'}
2020-05-15T12:35:20-0300 [stdout#info] {'15.1 Kwh'}
2020-05-15T12:35:20-0300 [stdout#info] {'6.09 Kwh'}
2020-05-15T12:35:21-0300 [stdout#info] {'9.93 Kwh'}
2020-05-15T12:35:21-0300 [stdout#info] {'12.42 Kwh'}
2020-05-15T12:35:22-0300 [stdout#info] {'5.0 Kwh'}
2020-05-15T12:35:22-0300 [stdout#info] {'11.75 Kwh'}
2020-05-15T12:35:23-0300 [stdout#info] {'17.09 Kwh'}
2020-05-15T12:35:23-0300 [stdout#info] {'10.07 Kwh'}
2020-05-15T12:35:23-0300 [stdout#info] {'9.93 Kwh'}
2020-05-15T12:35:23-0300 [-] 127.0.0.1:49188 - sending MQTT PUBLISH REQUEST - Number of events: 31
2020-05-15T12:35:23-0300 [twisted.internet.endpoints.OneShotFactory#info] Starting factory <twisted.internet.endpoints.connectProtocol.<locals>.OneShotFactory object at 0x7fb6bde07c18>
2020-05-15T12:35:23-0300 [twisted.internet.endpoints.OneShotFactory#info] Stopping factory <twisted.internet.endpoints.connectProtocol.<locals>.OneShotFactory object at 0x7fb6bde07898>
2020-05-15T12:35:23-0300 [stdout#info] This divice have no simulation core instance
2020-05-15T12:35:23-0300 [twisted.internet.endpoints.OneShotFactory#info] Starting factory <twisted.internet.endpoints.connectProtocol.<locals>.OneShotFactory object at 0x7fb6bde07f28>
2020-05-15T12:35:23-0300 [stdout#info] {'17.28 Kwh'}
2020-05-15T12:35:23-0300 [stdout#info] {'13.32 Kwh'}
2020-05-15T12:35:24-0300 [stdout#info] {'20.02 Kwh'}
2020-05-15T12:35:24-0300 [stdout#info] {'7.47 Kwh'}
2020-05-15T12:35:25-0300 [stdout#info] {'7.04 Kwh'}
2020-05-15T12:35:25-0300 [stdout#info] {'14.37 Kwh'}
2020-05-15T12:35:26-0300 [stdout#info] {'7.56 Kwh'}
2020-05-15T12:35:26-0300 [stdout#info] {'21.3 Kwh'}
2020-05-15T12:35:26-0300 [stdout#info] {'9.97 Kwh'}
2020-05-15T12:35:26-0300 [stdout#info] {'15.71 Kwh'}
2020-05-15T12:35:26-0300 [stdout#info] {'3.39 Kwh'}
2020-05-15T12:35:27-0300 [stdout#info] {'11.1 Kwh'}
2020-05-15T12:35:27-0300 [stdout#info] {'5.55 Kwh'}
2020-05-15T12:35:28-0300 [stdout#info] {'5.23 Kwh'}
2020-05-15T12:35:28-0300 [-] 127.0.0.1:49188 - sending MQTT PUBLISH REQUEST - Number of events: 32
2020-05-15T12:35:28-0300 [twisted.internet.endpoints.OneShotFactory#info] Starting factory <twisted.internet.endpoints.connectProtocol.<locals>.OneShotFactory object at 0x7fb6bdda5080>
2020-05-15T12:35:28-0300 [twisted.internet.endpoints.OneShotFactory#info] Stopping factory <twisted.internet.endpoints.connectProtocol.<locals>.OneShotFactory object at 0x7fb6bde07c18>
2020-05-15T12:35:28-0300 [stdout#info] This divice have no simulation core instance
2020-05-15T12:35:28-0300 [twisted.internet.endpoints.OneShotFactory#info] Starting factory <twisted.internet.endpoints.connectProtocol.<locals>.OneShotFactory object at 0x7fb6bdda5400>
2020-05-15T12:35:28-0300 [stdout#info] {'10.62 Kwh'}
2020-05-15T12:35:29-0300 [stdout#info] {'12.51 Kwh'}
2020-05-15T12:35:29-0300 [stdout#info] {'2.59 Kwh'}
2020-05-15T12:35:29-0300 [stdout#info] {'18.67 Kwh'}
2020-05-15T12:35:29-0300 [stdout#info] {'4.25 Kwh'}
2020-05-15T12:35:29-0300 [stdout#info] {'3.85 Kwh'}
2020-05-15T12:35:30-0300 [stdout#info] {'18.99 Kwh'}
2020-05-15T12:35:30-0300 [stdout#info] {'17.66 Kwh'}
2020-05-15T12:35:31-0300 [stdout#info] {'11.05 Kwh'}
2020-05-15T12:35:31-0300 [stdout#info] {'11.04 Kwh'}
2020-05-15T12:35:32-0300 [stdout#info] {'7.36 Kwh'}
2020-05-15T12:35:32-0300 [stdout#info] {'18.55 Kwh'}
2020-05-15T12:35:32-0300 [stdout#info] {'21.33 Kwh'}
2020-05-15T12:35:32-0300 [stdout#info] {'16.78 Kwh'}
2020-05-15T12:35:32-0300 [stdout#info] {'9.31 Kwh'}
2020-05-15T12:35:33-0300 [stdout#info] {'17.59 Kwh'}
2020-05-15T12:35:33-0300 [-] 127.0.0.1:49188 - sending MQTT PUBLISH REQUEST - Number of events: 33
2020-05-15T12:35:33-0300 [twisted.internet.endpoints.OneShotFactory#info] Starting factory <twisted.internet.endpoints.connectProtocol.<locals>.OneShotFactory object at 0x7fb6bdda5588>
2020-05-15T12:35:33-0300 [twisted.internet.endpoints.OneShotFactory#info] Stopping factory <twisted.internet.endpoints.connectProtocol.<locals>.OneShotFactory object at 0x7fb6bdda5080>
2020-05-15T12:35:33-0300 [stdout#info] This divice have no simulation core instance
2020-05-15T12:35:33-0300 [twisted.internet.endpoints.OneShotFactory#info] Starting factory <twisted.internet.endpoints.connectProtocol.<locals>.OneShotFactory object at 0x7fb6bdda5898>
2020-05-15T12:35:33-0300 [stdout#info] {'20.68 Kwh'}
2020-05-15T12:35:34-0300 [stdout#info] {'18.56 Kwh'}
2020-05-15T12:35:34-0300 [stdout#info] {'6.29 Kwh'}
2020-05-15T12:35:35-0300 [stdout#info] {'7.57 Kwh'}
2020-05-15T12:35:35-0300 [stdout#info] {'6.53 Kwh'}
2020-05-15T12:35:35-0300 [stdout#info] {'22.26 Kwh'}
2020-05-15T12:35:35-0300 [stdout#info] {'10.58 Kwh'}
2020-05-15T12:35:35-0300 [stdout#info] {'18.03 Kwh'}
2020-05-15T12:35:36-0300 [stdout#info] {'19.54 Kwh'}
2020-05-15T12:35:36-0300 [stdout#info] {'5.93 Kwh'}
2020-05-15T12:35:37-0300 [stdout#info] {'13.16 Kwh'}
2020-05-15T12:35:37-0300 [stdout#info] {'8.64 Kwh'}
2020-05-15T12:35:38-0300 [stdout#info] {'4.26 Kwh'}
2020-05-15T12:35:38-0300 [stdout#info] {'16.56 Kwh'}
2020-05-15T12:35:38-0300 [stdout#info] {'6.47 Kwh'}
2020-05-15T12:35:38-0300 [-] 127.0.0.1:49188 - sending MQTT PUBLISH REQUEST - Number of events: 34
2020-05-15T12:35:38-0300 [twisted.internet.endpoints.OneShotFactory#info] Starting factory <twisted.internet.endpoints.connectProtocol.<locals>.OneShotFactory object at 0x7fb6bdda5a20>
2020-05-15T12:35:38-0300 [twisted.internet.endpoints.OneShotFactory#info] Stopping factory <twisted.internet.endpoints.connectProtocol.<locals>.OneShotFactory object at 0x7fb6bdda5588>
2020-05-15T12:35:38-0300 [stdout#info] This divice have no simulation core instance
2020-05-15T12:35:38-0300 [twisted.internet.endpoints.OneShotFactory#info] Starting factory <twisted.internet.endpoints.connectProtocol.<locals>.OneShotFactory object at 0x7fb6bdda5d30>
2020-05-15T12:35:38-0300 [stdout#info] {'6.78 Kwh'}
2020-05-15T12:35:38-0300 [stdout#info] {'22.31 Kwh'}
2020-05-15T12:35:39-0300 [stdout#info] {'15.85 Kwh'}
2020-05-15T12:35:39-0300 [stdout#info] {'16.79 Kwh'}
2020-05-15T12:35:40-0300 [stdout#info] {'8.55 Kwh'}
2020-05-15T12:35:40-0300 [stdout#info] {'4.97 Kwh'}
2020-05-15T12:35:41-0300 [stdout#info] {'11.96 Kwh'}
2020-05-15T12:35:41-0300 [stdout#info] {'5.83 Kwh'}
2020-05-15T12:35:41-0300 [stdout#info] {'12.86 Kwh'}
2020-05-15T12:35:41-0300 [stdout#info] {'13.68 Kwh'}
2020-05-15T12:35:41-0300 [stdout#info] {'4.4 Kwh'}
2020-05-15T12:35:42-0300 [stdout#info] {'19.43 Kwh'}
2020-05-15T12:35:42-0300 [stdout#info] {'2.59 Kwh'}
2020-05-15T12:35:43-0300 [stdout#info] {'17.38 Kwh'}
2020-05-15T12:35:43-0300 [-] 127.0.0.1:49188 - sending MQTT PUBLISH REQUEST - Number of events: 35
2020-05-15T12:35:43-0300 [twisted.internet.endpoints.OneShotFactory#info] Starting factory <twisted.internet.endpoints.connectProtocol.<locals>.OneShotFactory object at 0x7fb6bdda5eb8>
2020-05-15T12:35:43-0300 [twisted.internet.endpoints.OneShotFactory#info] Stopping factory <twisted.internet.endpoints.connectProtocol.<locals>.OneShotFactory object at 0x7fb6bdda5a20>
2020-05-15T12:35:43-0300 [stdout#info] This divice have no simulation core instance
2020-05-15T12:35:43-0300 [twisted.internet.endpoints.OneShotFactory#info] Starting factory <twisted.internet.endpoints.connectProtocol.<locals>.OneShotFactory object at 0x7fb6bddc8208>
2020-05-15T12:35:43-0300 [stdout#info] {'2.8 Kwh'}
2020-05-15T12:35:44-0300 [stdout#info] {'22.11 Kwh'}
2020-05-15T12:35:44-0300 [stdout#info] {'8.09 Kwh'}
2020-05-15T12:35:44-0300 [stdout#info] {'13.91 Kwh'}
2020-05-15T12:35:44-0300 [stdout#info] {'14.04 Kwh'}
2020-05-15T12:35:44-0300 [stdout#info] {'20.53 Kwh'}
2020-05-15T12:35:45-0300 [stdout#info] {'8.94 Kwh'}
2020-05-15T12:35:45-0300 [stdout#info] {'13.64 Kwh'}
2020-05-15T12:35:46-0300 [stdout#info] {'19.67 Kwh'}
2020-05-15T12:35:46-0300 [stdout#info] {'15.72 Kwh'}
2020-05-15T12:35:47-0300 [stdout#info] {'7.81 Kwh'}
2020-05-15T12:35:47-0300 [stdout#info] {'14.88 Kwh'}
2020-05-15T12:35:47-0300 [stdout#info] {'18.39 Kwh'}
2020-05-15T12:35:47-0300 [stdout#info] {'7.69 Kwh'}
2020-05-15T12:35:47-0300 [stdout#info] {'5.11 Kwh'}
2020-05-15T12:35:48-0300 [-] 127.0.0.1:49188 - sending MQTT PUBLISH REQUEST - Number of events: 36
2020-05-15T12:35:48-0300 [twisted.internet.endpoints.OneShotFactory#info] Starting factory <twisted.internet.endpoints.connectProtocol.<locals>.OneShotFactory object at 0x7fb6bddc8390>
2020-05-15T12:35:48-0300 [twisted.internet.endpoints.OneShotFactory#info] Stopping factory <twisted.internet.endpoints.connectProtocol.<locals>.OneShotFactory object at 0x7fb6bdda5eb8>
2020-05-15T12:35:48-0300 [stdout#info] This divice have no simulation core instance
2020-05-15T12:35:48-0300 [twisted.internet.endpoints.OneShotFactory#info] Starting factory <twisted.internet.endpoints.connectProtocol.<locals>.OneShotFactory object at 0x7fb6bddc86a0>
2020-05-15T12:35:48-0300 [stdout#info] {'9.56 Kwh'}
2020-05-15T12:35:48-0300 [stdout#info] {'15.24 Kwh'}
2020-05-15T12:35:49-0300 [stdout#info] {'6.75 Kwh'}
2020-05-15T12:35:49-0300 [stdout#info] {'18.26 Kwh'}
2020-05-15T12:35:50-0300 [stdout#info] {'4.33 Kwh'}
2020-05-15T12:35:50-0300 [stdout#info] {'7.41 Kwh'}
2020-05-15T12:35:50-0300 [stdout#info] {'16.47 Kwh'}
2020-05-15T12:35:50-0300 [stdout#info] {'18.06 Kwh'}
2020-05-15T12:35:50-0300 [stdout#info] {'9.66 Kwh'}
2020-05-15T12:35:51-0300 [stdout#info] {'15.23 Kwh'}
2020-05-15T12:35:51-0300 [stdout#info] {'3.6 Kwh'}
2020-05-15T12:35:52-0300 [stdout#info] {'18.88 Kwh'}
2020-05-15T12:35:52-0300 [stdout#info] {'2.67 Kwh'}
2020-05-15T12:35:53-0300 [stdout#info] {'7.09 Kwh'}
2020-05-15T12:35:53-0300 [stdout#info] {'15.5 Kwh'}
2020-05-15T12:35:53-0300 [stdout#info] {'9.1 Kwh'}
2020-05-15T12:35:53-0300 [-] 127.0.0.1:49188 - sending MQTT PUBLISH REQUEST - Number of events: 37
2020-05-15T12:35:53-0300 [twisted.internet.endpoints.OneShotFactory#info] Starting factory <twisted.internet.endpoints.connectProtocol.<locals>.OneShotFactory object at 0x7fb6bc6ffe48>
2020-05-15T12:35:53-0300 [twisted.internet.endpoints.OneShotFactory#info] Stopping factory <twisted.internet.endpoints.connectProtocol.<locals>.OneShotFactory object at 0x7fb6bddc8390>
2020-05-15T12:35:53-0300 [stdout#info] This divice have no simulation core instance
2020-05-15T12:35:53-0300 [twisted.internet.endpoints.OneShotFactory#info] Starting factory <twisted.internet.endpoints.connectProtocol.<locals>.OneShotFactory object at 0x7fb6bddc8b00>
2020-05-15T12:35:53-0300 [stdout#info] {'21.5 Kwh'}
2020-05-15T12:35:53-0300 [stdout#info] {'11.05 Kwh'}
2020-05-15T12:35:54-0300 [stdout#info] {'21.17 Kwh'}
2020-05-15T12:35:54-0300 [stdout#info] {'6.95 Kwh'}
2020-05-15T12:35:55-0300 [stdout#info] {'10.68 Kwh'}
2020-05-15T12:35:55-0300 [stdout#info] {'4.14 Kwh'}
2020-05-15T12:35:56-0300 [stdout#info] {'14.31 Kwh'}
2020-05-15T12:35:56-0300 [stdout#info] {'2.66 Kwh'}
2020-05-15T12:35:56-0300 [stdout#info] {'3.39 Kwh'}
2020-05-15T12:35:56-0300 [stdout#info] {'5.23 Kwh'}
2020-05-15T12:35:56-0300 [stdout#info] {'2.79 Kwh'}
2020-05-15T12:35:57-0300 [stdout#info] {'7.29 Kwh'}
2020-05-15T12:35:57-0300 [stdout#info] {'11.68 Kwh'}
2020-05-15T12:35:58-0300 [stdout#info] {'12.71 Kwh'}
2020-05-15T12:35:58-0300 [-] 127.0.0.1:49188 - sending MQTT PUBLISH REQUEST - Number of events: 38
2020-05-15T12:35:58-0300 [twisted.internet.endpoints.OneShotFactory#info] Starting factory <twisted.internet.endpoints.connectProtocol.<locals>.OneShotFactory object at 0x7fb6bddc8c88>
2020-05-15T12:35:58-0300 [twisted.internet.endpoints.OneShotFactory#info] Stopping factory <twisted.internet.endpoints.connectProtocol.<locals>.OneShotFactory object at 0x7fb6bc6ffe48>
2020-05-15T12:35:58-0300 [stdout#info] This divice have no simulation core instance
2020-05-15T12:35:58-0300 [twisted.internet.endpoints.OneShotFactory#info] Starting factory <twisted.internet.endpoints.connectProtocol.<locals>.OneShotFactory object at 0x7fb6bddc8f98>
2020-05-15T12:35:58-0300 [stdout#info] {'15.72 Kwh'}
2020-05-15T12:35:59-0300 [stdout#info] {'4.57 Kwh'}
2020-05-15T12:35:59-0300 [stdout#info] {'20.96 Kwh'}
2020-05-15T12:35:59-0300 [stdout#info] {'12.29 Kwh'}
2020-05-15T12:35:59-0300 [stdout#info] {'11.79 Kwh'}
2020-05-15T12:35:59-0300 [stdout#info] {'15.09 Kwh'}
2020-05-15T12:36:00-0300 [stdout#info] {'9.1 Kwh'}
2020-05-15T12:36:00-0300 [stdout#info] {'9.5 Kwh'}
2020-05-15T12:36:01-0300 [stdout#info] {'9.49 Kwh'}
2020-05-15T12:36:01-0300 [stdout#info] {'21.21 Kwh'}
2020-05-15T12:36:02-0300 [stdout#info] {'11.47 Kwh'}
2020-05-15T12:36:02-0300 [stdout#info] {'18.12 Kwh'}
2020-05-15T12:36:02-0300 [stdout#info] {'7.82 Kwh'}
2020-05-15T12:36:02-0300 [stdout#info] {'12.3 Kwh'}
2020-05-15T12:36:02-0300 [stdout#info] {'16.6 Kwh'}
2020-05-15T12:36:03-0300 [-] 127.0.0.1:49188 - sending MQTT PUBLISH REQUEST - Number of events: 39
2020-05-15T12:36:03-0300 [twisted.internet.endpoints.OneShotFactory#info] Starting factory <twisted.internet.endpoints.connectProtocol.<locals>.OneShotFactory object at 0x7fb6bdd530f0>
2020-05-15T12:36:03-0300 [twisted.internet.endpoints.OneShotFactory#info] Stopping factory <twisted.internet.endpoints.connectProtocol.<locals>.OneShotFactory object at 0x7fb6bddc8c88>
2020-05-15T12:36:03-0300 [stdout#info] This divice have no simulation core instance
2020-05-15T12:36:03-0300 [twisted.internet.endpoints.OneShotFactory#info] Starting factory <twisted.internet.endpoints.connectProtocol.<locals>.OneShotFactory object at 0x7fb6bdd53470>
2020-05-15T12:36:03-0300 [stdout#info] {'3.44 Kwh'}
2020-05-15T12:36:03-0300 [stdout#info] {'18.06 Kwh'}
2020-05-15T12:36:04-0300 [stdout#info] {'19.6 Kwh'}
2020-05-15T12:36:04-0300 [stdout#info] {'7.59 Kwh'}
2020-05-15T12:36:05-0300 [stdout#info] {'15.43 Kwh'}
2020-05-15T12:36:05-0300 [stdout#info] {'13.89 Kwh'}
2020-05-15T12:36:05-0300 [stdout#info] {'17.96 Kwh'}
2020-05-15T12:36:05-0300 [stdout#info] {'8.0 Kwh'}
2020-05-15T12:36:05-0300 [stdout#info] {'11.97 Kwh'}
2020-05-15T12:36:06-0300 [stdout#info] {'14.27 Kwh'}
2020-05-15T12:36:06-0300 [stdout#info] {'4.86 Kwh'}
2020-05-15T12:36:10-0300 [-] Received SIGINT, shutting down.
2020-05-15T12:36:10-0300 [twisted.logger._observer#critical] Temporarily disabling observer <twisted.logger._file.FileLogObserver object at 0x7fb6be6c9ba8> due to exception: [Failure instance: Traceback: <class 'RuntimeError'>: reentrant call inside <_io.BufferedWriter name='<stdout>'>
	/home/rafael/iotfogsim/vm/lib/python3.6/site-packages/twisted/internet/base.py:672:sigInt
	/home/rafael/iotfogsim/vm/lib/python3.6/site-packages/twisted/python/threadable.py:53:sync
	/home/rafael/iotfogsim/vm/lib/python3.6/site-packages/twisted/python/log.py:286:msg
	/home/rafael/iotfogsim/vm/lib/python3.6/site-packages/twisted/logger/_legacy.py:154:publishToNewObserver
	--- <exception caught here> ---
	/home/rafael/iotfogsim/vm/lib/python3.6/site-packages/twisted/logger/_observer.py:131:__call__
	/home/rafael/iotfogsim/vm/lib/python3.6/site-packages/twisted/logger/_file.py:59:__call__
	]
	Traceback (most recent call last):
	  File "/home/rafael/iotfogsim/vm/lib/python3.6/site-packages/twisted/internet/base.py", line 672, in sigInt
	    log.msg("Received SIGINT, shutting down.")
	  File "/home/rafael/iotfogsim/vm/lib/python3.6/site-packages/twisted/python/threadable.py", line 53, in sync
	    return function(self, *args, **kwargs)
	  File "/home/rafael/iotfogsim/vm/lib/python3.6/site-packages/twisted/python/log.py", line 286, in msg
	    _publishNew(self._publishPublisher, actualEventDict, textFromEventDict)
	  File "/home/rafael/iotfogsim/vm/lib/python3.6/site-packages/twisted/logger/_legacy.py", line 154, in publishToNewObserver
	    observer(eventDict)
	--- <exception caught here> ---
	  File "/home/rafael/iotfogsim/vm/lib/python3.6/site-packages/twisted/logger/_observer.py", line 131, in __call__
	    observer(event)
	  File "/home/rafael/iotfogsim/vm/lib/python3.6/site-packages/twisted/logger/_file.py", line 59, in __call__
	    self._outFile.write(text)
	builtins.RuntimeError: reentrant call inside <_io.BufferedWriter name='<stdout>'>
	
2020-05-15T12:36:07-0300 [stdout#info] {'11.26 Kwh'}
2020-05-15T12:36:10-0300 [stdout#info] {'4.2 Kwh'}
2020-05-15T12:36:10-0300 [-] 127.0.0.1:49188 - sending MQTT PUBLISH REQUEST - Number of events: 40
2020-05-15T12:36:10-0300 [stdout#info] {'13.48 Kwh'}
2020-05-15T12:36:10-0300 [stdout#info] {'14.59 Kwh'}
2020-05-15T12:36:10-0300 [stdout#info] {'15.37 Kwh'}
2020-05-15T12:36:10-0300 [stdout#info] {'5.57 Kwh'}
2020-05-15T12:36:10-0300 [stdout#info] {'5.95 Kwh'}
2020-05-15T12:36:10-0300 [stdout#info] {'17.65 Kwh'}
2020-05-15T12:36:10-0300 [stdout#info] {'15.61 Kwh'}
2020-05-15T12:36:10-0300 [twisted.internet.endpoints.OneShotFactory#info] Stopping factory <twisted.internet.endpoints.connectProtocol.<locals>.OneShotFactory object at 0x7fb6bde07f28>
2020-05-15T12:36:10-0300 [SubscriberApp,client] connection lost: Connection to the other side was lost in a non-clean fashion: Connection lost.
2020-05-15T12:36:10-0300 [SubscriberApp,client] connection lost - Number of events: 41
2020-05-15T12:36:10-0300 [twisted.internet.endpoints.OneShotFactory#info] Stopping factory <twisted.internet.endpoints.connectProtocol.<locals>.OneShotFactory object at 0x7fb6bc72bf98>
2020-05-15T12:36:10-0300 [twisted.internet.endpoints.OneShotFactory#info] Stopping factory <twisted.internet.endpoints.connectProtocol.<locals>.OneShotFactory object at 0x7fb6bddc8f98>
2020-05-15T12:36:10-0300 [twisted.internet.endpoints.OneShotFactory#info] Stopping factory <twisted.internet.endpoints.connectProtocol.<locals>.OneShotFactory object at 0x7fb6bc71a898>
2020-05-15T12:36:10-0300 [twisted.internet.endpoints.OneShotFactory#info] Stopping factory <twisted.internet.endpoints.connectProtocol.<locals>.OneShotFactory object at 0x7fb6bdda5898>
2020-05-15T12:36:10-0300 [twisted.internet.endpoints.OneShotFactory#info] Stopping factory <twisted.internet.endpoints.connectProtocol.<locals>.OneShotFactory object at 0x7fb6bdddc940>
2020-05-15T12:36:10-0300 [twisted.internet.endpoints.OneShotFactory#info] Stopping factory <twisted.internet.endpoints.connectProtocol.<locals>.OneShotFactory object at 0x7fb6bde07160>
2020-05-15T12:36:10-0300 [twisted.internet.endpoints.OneShotFactory#info] Stopping factory <twisted.internet.endpoints.connectProtocol.<locals>.OneShotFactory object at 0x7fb6bdd530f0>
2020-05-15T12:36:10-0300 [twisted.internet.endpoints.OneShotFactory#info] Stopping factory <twisted.internet.endpoints.connectProtocol.<locals>.OneShotFactory object at 0x7fb6bc71a6a0>
2020-05-15T12:36:10-0300 [twisted.internet.endpoints.OneShotFactory#info] Stopping factory <twisted.internet.endpoints.connectProtocol.<locals>.OneShotFactory object at 0x7fb6bddc8208>
2020-05-15T12:36:10-0300 [twisted.internet.endpoints.OneShotFactory#info] Stopping factory <twisted.internet.endpoints.connectProtocol.<locals>.OneShotFactory object at 0x7fb6bde07a90>
2020-05-15T12:36:10-0300 [twisted.internet.endpoints.OneShotFactory#info] Stopping factory <twisted.internet.endpoints.connectProtocol.<locals>.OneShotFactory object at 0x7fb6bc72bac8>
2020-05-15T12:36:10-0300 [applications.routerapp.RouterFactory] (TCP Port 8081 Closed)
2020-05-15T12:36:10-0300 [twisted.internet.endpoints.OneShotFactory#info] Stopping factory <twisted.internet.endpoints.connectProtocol.<locals>.OneShotFactory object at 0x7fb6bddc8b00>
2020-05-15T12:36:10-0300 [SubscriberApp,client] connection lost: Connection to the other side was lost in a non-clean fashion: Connection lost.
2020-05-15T12:36:10-0300 [SubscriberApp,client] connection lost - Number of events: 42
2020-05-15T12:36:10-0300 [twisted.internet.endpoints.OneShotFactory#info] Stopping factory <twisted.internet.endpoints.connectProtocol.<locals>.OneShotFactory object at 0x7fb6bdda5400>
2020-05-15T12:36:10-0300 [applications.accesspointapp.AccessPointFactory] (TCP Port 8082 Closed)
2020-05-15T12:36:10-0300 [PublisherApp,client] connection lost: Connection to the other side was lost in a non-clean fashion: Connection lost.
2020-05-15T12:36:10-0300 [PublisherApp,client] connection lost - Number of events: 43
2020-05-15T12:36:10-0300 [twisted.internet.endpoints.OneShotFactory#info] Stopping factory <twisted.internet.endpoints.connectProtocol.<locals>.OneShotFactory object at 0x7fb6bdddc470>
2020-05-15T12:36:10-0300 [twisted.internet.endpoints.OneShotFactory#info] Stopping factory <twisted.internet.endpoints.connectProtocol.<locals>.OneShotFactory object at 0x7fb6bdd53470>
2020-05-15T12:36:10-0300 [twisted.internet.endpoints.OneShotFactory#info] Stopping factory <twisted.internet.endpoints.connectProtocol.<locals>.OneShotFactory object at 0x7fb6bdddccf8>
2020-05-15T12:36:10-0300 [twisted.internet.endpoints.OneShotFactory#info] Stopping factory <twisted.internet.endpoints.connectProtocol.<locals>.OneShotFactory object at 0x7fb6bdda5d30>
2020-05-15T12:36:10-0300 [twisted.internet.endpoints.OneShotFactory#info] Stopping factory <twisted.internet.endpoints.connectProtocol.<locals>.OneShotFactory object at 0x7fb6bde07630>
2020-05-15T12:36:10-0300 [twisted.internet.endpoints.OneShotFactory#info] Stopping factory <twisted.internet.endpoints.connectProtocol.<locals>.OneShotFactory object at 0x7fb6bddc86a0>
2020-05-15T12:36:10-0300 [applications.mqttapp.BrokerFactory] (TCP Port 5100 Closed)
2020-05-15T12:36:10-0300 [-] Main loop terminated.
