2020-05-24T22:49:47-0300 [-] Creating router ...
2020-05-24T22:49:47-0300 [-] Initializing Router - Number of events: 1
2020-05-24T22:49:48-0300 [-] RouterFactory starting on 8081
2020-05-24T22:49:48-0300 [-] Creating AccessPoint station ...
2020-05-24T22:49:48-0300 [-] Initializing Access Point - Number of events: 2
2020-05-24T22:49:48-0300 [-] AccessPointFactory starting on 8082
2020-05-24T22:49:48-0300 [-] Creating fog node ...
2020-05-24T22:49:48-0300 [-] Initializing Client - Number of events: 3
2020-05-24T22:49:49-0300 [-] Creating fog node ...
2020-05-24T22:49:49-0300 [-] Initializing Client - Number of events: 4
2020-05-24T22:49:49-0300 [-] Creating fog node ...
2020-05-24T22:49:49-0300 [-] Initializing Server - Number of events: 5
2020-05-24T22:49:50-0300 [-] BrokerFactory starting on 5100
2020-05-24T22:49:50-0300 [-] Creating iot node ...
2020-05-24T22:49:50-0300 [-] Initializing Client - Number of events: 6
2020-05-24T22:49:50-0300 [-] Initializing sink node - Number of events: 7
2020-05-24T22:49:51-0300 [-] Initializing sensor node - Number of events: 8
2020-05-24T22:49:51-0300 [-] Initializing sensor node - Number of events: 9
2020-05-24T22:49:52-0300 [-] Initializing sensor node - Number of events: 10
2020-05-24T22:49:52-0300 [-] Initializing sensor node - Number of events: 11
2020-05-24T22:49:53-0300 [-] Initializing sensor node - Number of events: 12
2020-05-24T22:49:53-0300 [-] Initializing sensor node - Number of events: 13
2020-05-24T22:49:54-0300 [-] Initializing sensor node - Number of events: 14
2020-05-24T22:49:54-0300 [-] Initializing sensor node - Number of events: 15
2020-05-24T22:49:55-0300 [-] Initializing sensor node - Number of events: 16
2020-05-24T22:49:55-0300 [stdout#info] ========= sensor_4 ==========
2020-05-24T22:49:55-0300 [stdout#info] sensor_4  <------->  sensor_3
2020-05-24T22:49:55-0300 [stdout#info] =============================
2020-05-24T22:49:55-0300 [stderr#error] Exception in Tkinter callback
2020-05-24T22:49:55-0300 [stderr#error] Traceback (most recent call last):
2020-05-24T22:49:55-0300 [stderr#error]   File "/usr/lib/python3.6/tkinter/__init__.py", line 1708, in __call__
2020-05-24T22:49:55-0300 [stderr#error]     return self.func(*args)
2020-05-24T22:49:55-0300 [stderr#error]   File "/home/rafael/iotfogsim/scinetsim/scinetsim/configurations.py", line 106, in <lambda>
2020-05-24T22:49:55-0300 [stderr#error]     btn_open = ttk.Button(window, text="Open Project",command=lambda:open_project(window,simulation_core))
2020-05-24T22:49:55-0300 [stderr#error]   File "/home/rafael/iotfogsim/scinetsim/scinetsim/configurations.py", line 60, in open_project
2020-05-24T22:49:55-0300 [stderr#error]     load_nodes(selected_project_name, simulation_core)
2020-05-24T22:49:55-0300 [stderr#error]   File "/home/rafael/iotfogsim/scinetsim/scinetsim/configurations.py", line 237, in load_nodes
2020-05-24T22:49:55-0300 [stderr#error]     deivce.run()
2020-05-24T22:49:55-0300 [stderr#error]   File "/home/rafael/iotfogsim/scinetsim/scinetsim/standarddevice.py", line 337, in run
2020-05-24T22:49:55-0300 [stderr#error]     self.application.start(nearby_devices_list)
2020-05-24T22:49:55-0300 [stderr#error]   File "/home/rafael/iotfogsim/scinetsim/applications/wsnapp.py", line 59, in start
2020-05-24T22:49:55-0300 [stderr#error]     self.collect_and_send_data()
2020-05-24T22:49:55-0300 [stderr#error]   File "/home/rafael/iotfogsim/scinetsim/applications/wsnapp.py", line 86, in collect_and_send_data
2020-05-24T22:49:55-0300 [stderr#error]     self.forward_package(_package)
2020-05-24T22:49:55-0300 [stderr#error]   File "/home/rafael/iotfogsim/scinetsim/applications/wsnapp.py", line 124, in forward_package
2020-05-24T22:49:55-0300 [stderr#error]     package.print_trace()
2020-05-24T22:49:55-0300 [stderr#error]   File "/home/rafael/iotfogsim/scinetsim/applications/wsnapp.py", line 196, in print_trace
2020-05-24T22:49:55-0300 [stderr#error]     trace_string = str(self.id)+":"+self.source
2020-05-24T22:49:55-0300 [stderr#error] TypeError: must be str, not SensorApp
2020-05-24T22:49:55-0300 [stdout#info] This divice have no simulation core instance
2020-05-24T22:49:55-0300 [stdout#info] This divice have no simulation core instance
2020-05-24T22:49:55-0300 [stdout#info] This divice have no simulation core instance
2020-05-24T22:49:55-0300 [stdout#info] This divice have no simulation core instance
2020-05-24T22:49:55-0300 [stdout#info] This divice have no simulation core instance
2020-05-24T22:49:55-0300 [Uninitialized] 127.0.0.1:38858 - Connected to mqtt broker - Number of events: 17
2020-05-24T22:49:55-0300 [Uninitialized] 127.0.0.1:38858 - sending MQTT SUBSCRIBE REQUEST - Number of events: 18
2020-05-24T22:49:55-0300 [Uninitialized] 127.0.0.1:38860 - Connected to mqtt broker - Number of events: 19
2020-05-24T22:49:55-0300 [Uninitialized] 127.0.0.1:38860 - sending MQTT SUBSCRIBE REQUEST - Number of events: 20
2020-05-24T22:49:55-0300 [Uninitialized] 127.0.0.1:33606 - Connected to mqtt broker - Number of events: 21
2020-05-24T22:49:55-0300 [Uninitialized] 127.0.0.1:33606 - sending MQTT PUBLISH REQUEST - Number of events: 22
2020-05-24T22:49:55-0300 [twisted.internet.endpoints.OneShotFactory#info] Starting factory <twisted.internet.endpoints.connectProtocol.<locals>.OneShotFactory object at 0x7fe2bcdfacf8>
2020-05-24T22:49:55-0300 [twisted.internet.endpoints.OneShotFactory#info] Starting factory <twisted.internet.endpoints.connectProtocol.<locals>.OneShotFactory object at 0x7fe2bcdfaef0>
2020-05-24T22:49:55-0300 [twisted.internet.endpoints.OneShotFactory#info] Starting factory <twisted.internet.endpoints.connectProtocol.<locals>.OneShotFactory object at 0x7fe2bce17160>
2020-05-24T22:49:55-0300 [stdout#info] This divice have no simulation core instance
2020-05-24T22:49:55-0300 [twisted.internet.endpoints.OneShotFactory#info] Starting factory <twisted.internet.endpoints.connectProtocol.<locals>.OneShotFactory object at 0x7fe2bce17ba8>
2020-05-24T22:50:00-0300 [-] 127.0.0.1:33606 - sending MQTT PUBLISH REQUEST - Number of events: 23
2020-05-24T22:50:00-0300 [twisted.internet.endpoints.OneShotFactory#info] Starting factory <twisted.internet.endpoints.connectProtocol.<locals>.OneShotFactory object at 0x7fe2bce17e48>
2020-05-24T22:50:00-0300 [twisted.internet.endpoints.OneShotFactory#info] Stopping factory <twisted.internet.endpoints.connectProtocol.<locals>.OneShotFactory object at 0x7fe2bce17160>
2020-05-24T22:50:00-0300 [stdout#info] This divice have no simulation core instance
2020-05-24T22:50:00-0300 [twisted.internet.endpoints.OneShotFactory#info] Starting factory <twisted.internet.endpoints.connectProtocol.<locals>.OneShotFactory object at 0x7fe2bce2f128>
2020-05-24T22:50:00-0300 [twisted.internet.endpoints.OneShotFactory#info] Stopping factory <twisted.internet.endpoints.connectProtocol.<locals>.OneShotFactory object at 0x7fe2bce17ba8>
2020-05-24T22:50:05-0300 [-] 127.0.0.1:33606 - sending MQTT PUBLISH REQUEST - Number of events: 24
2020-05-24T22:50:05-0300 [twisted.internet.endpoints.OneShotFactory#info] Starting factory <twisted.internet.endpoints.connectProtocol.<locals>.OneShotFactory object at 0x7fe2bce2f320>
2020-05-24T22:50:05-0300 [twisted.internet.endpoints.OneShotFactory#info] Stopping factory <twisted.internet.endpoints.connectProtocol.<locals>.OneShotFactory object at 0x7fe2bce17e48>
2020-05-24T22:50:05-0300 [stdout#info] This divice have no simulation core instance
2020-05-24T22:50:05-0300 [twisted.internet.endpoints.OneShotFactory#info] Starting factory <twisted.internet.endpoints.connectProtocol.<locals>.OneShotFactory object at 0x7fe2bce2f5c0>
2020-05-24T22:50:10-0300 [-] 127.0.0.1:33606 - sending MQTT PUBLISH REQUEST - Number of events: 25
2020-05-24T22:50:10-0300 [twisted.internet.endpoints.OneShotFactory#info] Starting factory <twisted.internet.endpoints.connectProtocol.<locals>.OneShotFactory object at 0x7fe2bce2f860>
2020-05-24T22:50:10-0300 [twisted.internet.endpoints.OneShotFactory#info] Stopping factory <twisted.internet.endpoints.connectProtocol.<locals>.OneShotFactory object at 0x7fe2bce2f320>
2020-05-24T22:50:10-0300 [stdout#info] This divice have no simulation core instance
2020-05-24T22:50:10-0300 [twisted.internet.endpoints.OneShotFactory#info] Starting factory <twisted.internet.endpoints.connectProtocol.<locals>.OneShotFactory object at 0x7fe2bce2fa90>
2020-05-24T22:50:15-0300 [-] 127.0.0.1:33606 - sending MQTT PUBLISH REQUEST - Number of events: 26
2020-05-24T22:50:15-0300 [twisted.internet.endpoints.OneShotFactory#info] Starting factory <twisted.internet.endpoints.connectProtocol.<locals>.OneShotFactory object at 0x7fe2bce80390>
2020-05-24T22:50:15-0300 [twisted.internet.endpoints.OneShotFactory#info] Stopping factory <twisted.internet.endpoints.connectProtocol.<locals>.OneShotFactory object at 0x7fe2bce2f860>
2020-05-24T22:50:15-0300 [stdout#info] This divice have no simulation core instance
2020-05-24T22:50:15-0300 [twisted.internet.endpoints.OneShotFactory#info] Starting factory <twisted.internet.endpoints.connectProtocol.<locals>.OneShotFactory object at 0x7fe2bce2ff28>
2020-05-24T22:50:20-0300 [-] 127.0.0.1:33606 - sending MQTT PUBLISH REQUEST - Number of events: 27
2020-05-24T22:50:20-0300 [twisted.internet.endpoints.OneShotFactory#info] Starting factory <twisted.internet.endpoints.connectProtocol.<locals>.OneShotFactory object at 0x7fe2bcddb160>
2020-05-24T22:50:20-0300 [twisted.internet.endpoints.OneShotFactory#info] Stopping factory <twisted.internet.endpoints.connectProtocol.<locals>.OneShotFactory object at 0x7fe2bce80390>
2020-05-24T22:50:20-0300 [stdout#info] This divice have no simulation core instance
2020-05-24T22:50:20-0300 [twisted.internet.endpoints.OneShotFactory#info] Starting factory <twisted.internet.endpoints.connectProtocol.<locals>.OneShotFactory object at 0x7fe2bcddb358>
2020-05-24T22:50:25-0300 [-] 127.0.0.1:33606 - sending MQTT PUBLISH REQUEST - Number of events: 28
2020-05-24T22:50:25-0300 [twisted.internet.endpoints.OneShotFactory#info] Starting factory <twisted.internet.endpoints.connectProtocol.<locals>.OneShotFactory object at 0x7fe2bcddb5f8>
2020-05-24T22:50:25-0300 [twisted.internet.endpoints.OneShotFactory#info] Stopping factory <twisted.internet.endpoints.connectProtocol.<locals>.OneShotFactory object at 0x7fe2bcddb160>
2020-05-24T22:50:25-0300 [stdout#info] This divice have no simulation core instance
2020-05-24T22:50:25-0300 [twisted.internet.endpoints.OneShotFactory#info] Starting factory <twisted.internet.endpoints.connectProtocol.<locals>.OneShotFactory object at 0x7fe2bcddb710>
2020-05-24T22:50:30-0300 [-] 127.0.0.1:33606 - sending MQTT PUBLISH REQUEST - Number of events: 29
2020-05-24T22:50:30-0300 [twisted.internet.endpoints.OneShotFactory#info] Starting factory <twisted.internet.endpoints.connectProtocol.<locals>.OneShotFactory object at 0x7fe2bcddb978>
2020-05-24T22:50:30-0300 [twisted.internet.endpoints.OneShotFactory#info] Stopping factory <twisted.internet.endpoints.connectProtocol.<locals>.OneShotFactory object at 0x7fe2bcddb5f8>
2020-05-24T22:50:30-0300 [stdout#info] This divice have no simulation core instance
2020-05-24T22:50:30-0300 [twisted.internet.endpoints.OneShotFactory#info] Starting factory <twisted.internet.endpoints.connectProtocol.<locals>.OneShotFactory object at 0x7fe2bcddbba8>
2020-05-24T22:50:35-0300 [-] 127.0.0.1:33606 - sending MQTT PUBLISH REQUEST - Number of events: 30
2020-05-24T22:50:35-0300 [twisted.internet.endpoints.OneShotFactory#info] Starting factory <twisted.internet.endpoints.connectProtocol.<locals>.OneShotFactory object at 0x7fe2bcddbb70>
2020-05-24T22:50:35-0300 [twisted.internet.endpoints.OneShotFactory#info] Stopping factory <twisted.internet.endpoints.connectProtocol.<locals>.OneShotFactory object at 0x7fe2bcddb978>
2020-05-24T22:50:35-0300 [stdout#info] This divice have no simulation core instance
2020-05-24T22:50:35-0300 [twisted.internet.endpoints.OneShotFactory#info] Starting factory <twisted.internet.endpoints.connectProtocol.<locals>.OneShotFactory object at 0x7fe2bcddbfd0>
2020-05-24T22:50:40-0300 [-] 127.0.0.1:33606 - sending MQTT PUBLISH REQUEST - Number of events: 31
2020-05-24T22:50:40-0300 [twisted.internet.endpoints.OneShotFactory#info] Starting factory <twisted.internet.endpoints.connectProtocol.<locals>.OneShotFactory object at 0x7fe2bcd87128>
2020-05-24T22:50:40-0300 [twisted.internet.endpoints.OneShotFactory#info] Stopping factory <twisted.internet.endpoints.connectProtocol.<locals>.OneShotFactory object at 0x7fe2bcddbb70>
2020-05-24T22:50:40-0300 [stdout#info] This divice have no simulation core instance
2020-05-24T22:50:40-0300 [twisted.internet.endpoints.OneShotFactory#info] Starting factory <twisted.internet.endpoints.connectProtocol.<locals>.OneShotFactory object at 0x7fe2bcd87470>
2020-05-24T22:50:45-0300 [-] 127.0.0.1:33606 - sending MQTT PUBLISH REQUEST - Number of events: 32
2020-05-24T22:50:45-0300 [twisted.internet.endpoints.OneShotFactory#info] Starting factory <twisted.internet.endpoints.connectProtocol.<locals>.OneShotFactory object at 0x7fe2bcd875f8>
2020-05-24T22:50:45-0300 [twisted.internet.endpoints.OneShotFactory#info] Stopping factory <twisted.internet.endpoints.connectProtocol.<locals>.OneShotFactory object at 0x7fe2bcd87128>
2020-05-24T22:50:45-0300 [stdout#info] This divice have no simulation core instance
2020-05-24T22:50:45-0300 [twisted.internet.endpoints.OneShotFactory#info] Starting factory <twisted.internet.endpoints.connectProtocol.<locals>.OneShotFactory object at 0x7fe2bcd878d0>
2020-05-24T22:50:50-0300 [-] 127.0.0.1:33606 - sending MQTT PUBLISH REQUEST - Number of events: 33
2020-05-24T22:50:50-0300 [twisted.internet.endpoints.OneShotFactory#info] Starting factory <twisted.internet.endpoints.connectProtocol.<locals>.OneShotFactory object at 0x7fe2bcd87b38>
2020-05-24T22:50:50-0300 [twisted.internet.endpoints.OneShotFactory#info] Stopping factory <twisted.internet.endpoints.connectProtocol.<locals>.OneShotFactory object at 0x7fe2bcd875f8>
2020-05-24T22:50:50-0300 [stdout#info] This divice have no simulation core instance
2020-05-24T22:50:50-0300 [twisted.internet.endpoints.OneShotFactory#info] Starting factory <twisted.internet.endpoints.connectProtocol.<locals>.OneShotFactory object at 0x7fe2bcd87d30>
2020-05-24T22:50:55-0300 [-] 127.0.0.1:33606 - sending MQTT PUBLISH REQUEST - Number of events: 34
2020-05-24T22:50:55-0300 [twisted.internet.endpoints.OneShotFactory#info] Starting factory <twisted.internet.endpoints.connectProtocol.<locals>.OneShotFactory object at 0x7fe2bce2f978>
2020-05-24T22:50:55-0300 [twisted.internet.endpoints.OneShotFactory#info] Stopping factory <twisted.internet.endpoints.connectProtocol.<locals>.OneShotFactory object at 0x7fe2bcd87b38>
2020-05-24T22:50:55-0300 [stdout#info] This divice have no simulation core instance
2020-05-24T22:50:55-0300 [twisted.internet.endpoints.OneShotFactory#info] Starting factory <twisted.internet.endpoints.connectProtocol.<locals>.OneShotFactory object at 0x7fe2bcd9a208>
2020-05-24T22:51:00-0300 [-] 127.0.0.1:33606 - sending MQTT PUBLISH REQUEST - Number of events: 35
2020-05-24T22:51:00-0300 [twisted.internet.endpoints.OneShotFactory#info] Starting factory <twisted.internet.endpoints.connectProtocol.<locals>.OneShotFactory object at 0x7fe2bcd9a128>
2020-05-24T22:51:00-0300 [twisted.internet.endpoints.OneShotFactory#info] Stopping factory <twisted.internet.endpoints.connectProtocol.<locals>.OneShotFactory object at 0x7fe2bce2f978>
2020-05-24T22:51:00-0300 [stdout#info] This divice have no simulation core instance
2020-05-24T22:51:00-0300 [twisted.internet.endpoints.OneShotFactory#info] Starting factory <twisted.internet.endpoints.connectProtocol.<locals>.OneShotFactory object at 0x7fe2bcd9a630>
2020-05-24T22:51:05-0300 [-] 127.0.0.1:33606 - sending MQTT PUBLISH REQUEST - Number of events: 36
2020-05-24T22:51:05-0300 [twisted.internet.endpoints.OneShotFactory#info] Starting factory <twisted.internet.endpoints.connectProtocol.<locals>.OneShotFactory object at 0x7fe2bcd9a898>
2020-05-24T22:51:05-0300 [twisted.internet.endpoints.OneShotFactory#info] Stopping factory <twisted.internet.endpoints.connectProtocol.<locals>.OneShotFactory object at 0x7fe2bcd9a128>
2020-05-24T22:51:05-0300 [stdout#info] This divice have no simulation core instance
2020-05-24T22:51:05-0300 [twisted.internet.endpoints.OneShotFactory#info] Starting factory <twisted.internet.endpoints.connectProtocol.<locals>.OneShotFactory object at 0x7fe2bcd9aac8>
2020-05-24T22:51:10-0300 [-] 127.0.0.1:33606 - sending MQTT PUBLISH REQUEST - Number of events: 37
2020-05-24T22:51:10-0300 [twisted.internet.endpoints.OneShotFactory#info] Starting factory <twisted.internet.endpoints.connectProtocol.<locals>.OneShotFactory object at 0x7fe2bcd9aa90>
2020-05-24T22:51:10-0300 [twisted.internet.endpoints.OneShotFactory#info] Stopping factory <twisted.internet.endpoints.connectProtocol.<locals>.OneShotFactory object at 0x7fe2bcd9a898>
2020-05-24T22:51:10-0300 [stdout#info] This divice have no simulation core instance
2020-05-24T22:51:10-0300 [twisted.internet.endpoints.OneShotFactory#info] Starting factory <twisted.internet.endpoints.connectProtocol.<locals>.OneShotFactory object at 0x7fe2bcd9aef0>
2020-05-24T22:51:15-0300 [-] 127.0.0.1:33606 - sending MQTT PUBLISH REQUEST - Number of events: 38
2020-05-24T22:51:15-0300 [twisted.internet.endpoints.OneShotFactory#info] Starting factory <twisted.internet.endpoints.connectProtocol.<locals>.OneShotFactory object at 0x7fe2bcda8048>
2020-05-24T22:51:15-0300 [twisted.internet.endpoints.OneShotFactory#info] Stopping factory <twisted.internet.endpoints.connectProtocol.<locals>.OneShotFactory object at 0x7fe2bcd9aa90>
2020-05-24T22:51:15-0300 [stdout#info] This divice have no simulation core instance
2020-05-24T22:51:15-0300 [twisted.internet.endpoints.OneShotFactory#info] Starting factory <twisted.internet.endpoints.connectProtocol.<locals>.OneShotFactory object at 0x7fe2bcda8390>
2020-05-24T22:51:20-0300 [-] 127.0.0.1:33606 - sending MQTT PUBLISH REQUEST - Number of events: 39
2020-05-24T22:51:20-0300 [twisted.internet.endpoints.OneShotFactory#info] Starting factory <twisted.internet.endpoints.connectProtocol.<locals>.OneShotFactory object at 0x7fe2bcda8518>
2020-05-24T22:51:20-0300 [twisted.internet.endpoints.OneShotFactory#info] Stopping factory <twisted.internet.endpoints.connectProtocol.<locals>.OneShotFactory object at 0x7fe2bcda8048>
2020-05-24T22:51:20-0300 [stdout#info] This divice have no simulation core instance
2020-05-24T22:51:20-0300 [twisted.internet.endpoints.OneShotFactory#info] Starting factory <twisted.internet.endpoints.connectProtocol.<locals>.OneShotFactory object at 0x7fe2bcda87f0>
2020-05-24T22:51:25-0300 [-] 127.0.0.1:33606 - sending MQTT PUBLISH REQUEST - Number of events: 40
2020-05-24T22:51:25-0300 [twisted.internet.endpoints.OneShotFactory#info] Starting factory <twisted.internet.endpoints.connectProtocol.<locals>.OneShotFactory object at 0x7fe2bcda8978>
2020-05-24T22:51:25-0300 [twisted.internet.endpoints.OneShotFactory#info] Stopping factory <twisted.internet.endpoints.connectProtocol.<locals>.OneShotFactory object at 0x7fe2bcda8518>
2020-05-24T22:51:25-0300 [stdout#info] This divice have no simulation core instance
2020-05-24T22:51:25-0300 [twisted.internet.endpoints.OneShotFactory#info] Starting factory <twisted.internet.endpoints.connectProtocol.<locals>.OneShotFactory object at 0x7fe2bcda8c50>
2020-05-24T22:51:30-0300 [-] 127.0.0.1:33606 - sending MQTT PUBLISH REQUEST - Number of events: 41
2020-05-24T22:51:30-0300 [twisted.internet.endpoints.OneShotFactory#info] Starting factory <twisted.internet.endpoints.connectProtocol.<locals>.OneShotFactory object at 0x7fe2bcda8eb8>
2020-05-24T22:51:30-0300 [twisted.internet.endpoints.OneShotFactory#info] Stopping factory <twisted.internet.endpoints.connectProtocol.<locals>.OneShotFactory object at 0x7fe2bcda8978>
2020-05-24T22:51:30-0300 [stdout#info] This divice have no simulation core instance
2020-05-24T22:51:30-0300 [twisted.internet.endpoints.OneShotFactory#info] Starting factory <twisted.internet.endpoints.connectProtocol.<locals>.OneShotFactory object at 0x7fe2bcd38128>
2020-05-24T22:51:35-0300 [-] 127.0.0.1:33606 - sending MQTT PUBLISH REQUEST - Number of events: 42
2020-05-24T22:51:35-0300 [twisted.internet.endpoints.OneShotFactory#info] Starting factory <twisted.internet.endpoints.connectProtocol.<locals>.OneShotFactory object at 0x7fe2bcd38048>
2020-05-24T22:51:35-0300 [twisted.internet.endpoints.OneShotFactory#info] Stopping factory <twisted.internet.endpoints.connectProtocol.<locals>.OneShotFactory object at 0x7fe2bcda8eb8>
2020-05-24T22:51:35-0300 [stdout#info] This divice have no simulation core instance
2020-05-24T22:51:35-0300 [twisted.internet.endpoints.OneShotFactory#info] Starting factory <twisted.internet.endpoints.connectProtocol.<locals>.OneShotFactory object at 0x7fe2bcd38550>
2020-05-24T22:51:37-0300 [-] Received SIGINT, shutting down.
2020-05-24T22:51:37-0300 [twisted.internet.endpoints.OneShotFactory#info] Stopping factory <twisted.internet.endpoints.connectProtocol.<locals>.OneShotFactory object at 0x7fe2bce2ff28>
2020-05-24T22:51:37-0300 [twisted.internet.endpoints.OneShotFactory#info] Stopping factory <twisted.internet.endpoints.connectProtocol.<locals>.OneShotFactory object at 0x7fe2bcda87f0>
2020-05-24T22:51:37-0300 [twisted.internet.endpoints.OneShotFactory#info] Stopping factory <twisted.internet.endpoints.connectProtocol.<locals>.OneShotFactory object at 0x7fe2bcddbfd0>
2020-05-24T22:51:37-0300 [SubscriberApp,client] connection lost: Connection to the other side was lost in a non-clean fashion: Connection lost.
2020-05-24T22:51:37-0300 [SubscriberApp,client] connection lost - Number of events: 43
2020-05-24T22:51:37-0300 [twisted.internet.endpoints.OneShotFactory#info] Stopping factory <twisted.internet.endpoints.connectProtocol.<locals>.OneShotFactory object at 0x7fe2bcd878d0>
2020-05-24T22:51:37-0300 [twisted.internet.endpoints.OneShotFactory#info] Stopping factory <twisted.internet.endpoints.connectProtocol.<locals>.OneShotFactory object at 0x7fe2bce2f128>
2020-05-24T22:51:37-0300 [twisted.internet.endpoints.OneShotFactory#info] Stopping factory <twisted.internet.endpoints.connectProtocol.<locals>.OneShotFactory object at 0x7fe2bcd38128>
2020-05-24T22:51:37-0300 [PublisherApp,client] connection lost: Connection to the other side was lost in a non-clean fashion: Connection lost.
2020-05-24T22:51:37-0300 [PublisherApp,client] connection lost - Number of events: 44
2020-05-24T22:51:37-0300 [applications.accesspointapp.AccessPointFactory] (TCP Port 8082 Closed)
2020-05-24T22:51:37-0300 [twisted.internet.endpoints.OneShotFactory#info] Stopping factory <twisted.internet.endpoints.connectProtocol.<locals>.OneShotFactory object at 0x7fe2bcd9a208>
2020-05-24T22:51:37-0300 [twisted.internet.endpoints.OneShotFactory#info] Stopping factory <twisted.internet.endpoints.connectProtocol.<locals>.OneShotFactory object at 0x7fe2bce2fa90>
2020-05-24T22:51:37-0300 [twisted.internet.endpoints.OneShotFactory#info] Stopping factory <twisted.internet.endpoints.connectProtocol.<locals>.OneShotFactory object at 0x7fe2bcd38048>
2020-05-24T22:51:37-0300 [twisted.internet.endpoints.OneShotFactory#info] Stopping factory <twisted.internet.endpoints.connectProtocol.<locals>.OneShotFactory object at 0x7fe2bcd9aac8>
2020-05-24T22:51:37-0300 [twisted.internet.endpoints.OneShotFactory#info] Stopping factory <twisted.internet.endpoints.connectProtocol.<locals>.OneShotFactory object at 0x7fe2bcddb358>
2020-05-24T22:51:37-0300 [twisted.internet.endpoints.OneShotFactory#info] Stopping factory <twisted.internet.endpoints.connectProtocol.<locals>.OneShotFactory object at 0x7fe2bcda8390>
2020-05-24T22:51:37-0300 [twisted.internet.endpoints.OneShotFactory#info] Stopping factory <twisted.internet.endpoints.connectProtocol.<locals>.OneShotFactory object at 0x7fe2bcddbba8>
2020-05-24T22:51:37-0300 [twisted.internet.endpoints.OneShotFactory#info] Stopping factory <twisted.internet.endpoints.connectProtocol.<locals>.OneShotFactory object at 0x7fe2bcdfaef0>
2020-05-24T22:51:37-0300 [applications.mqttapp.BrokerFactory] (TCP Port 5100 Closed)
2020-05-24T22:51:37-0300 [twisted.internet.endpoints.OneShotFactory#info] Stopping factory <twisted.internet.endpoints.connectProtocol.<locals>.OneShotFactory object at 0x7fe2bcda8c50>
2020-05-24T22:51:37-0300 [SubscriberApp,client] connection lost: Connection to the other side was lost in a non-clean fashion: Connection lost.
2020-05-24T22:51:37-0300 [SubscriberApp,client] connection lost - Number of events: 45
2020-05-24T22:51:37-0300 [twisted.internet.endpoints.OneShotFactory#info] Stopping factory <twisted.internet.endpoints.connectProtocol.<locals>.OneShotFactory object at 0x7fe2bcd87470>
2020-05-24T22:51:37-0300 [twisted.internet.endpoints.OneShotFactory#info] Stopping factory <twisted.internet.endpoints.connectProtocol.<locals>.OneShotFactory object at 0x7fe2bcdfacf8>
2020-05-24T22:51:37-0300 [twisted.internet.endpoints.OneShotFactory#info] Stopping factory <twisted.internet.endpoints.connectProtocol.<locals>.OneShotFactory object at 0x7fe2bcd87d30>
2020-05-24T22:51:37-0300 [twisted.internet.endpoints.OneShotFactory#info] Stopping factory <twisted.internet.endpoints.connectProtocol.<locals>.OneShotFactory object at 0x7fe2bcd38550>
2020-05-24T22:51:37-0300 [applications.routerapp.RouterFactory] (TCP Port 8081 Closed)
2020-05-24T22:51:37-0300 [twisted.internet.endpoints.OneShotFactory#info] Stopping factory <twisted.internet.endpoints.connectProtocol.<locals>.OneShotFactory object at 0x7fe2bce2f5c0>
2020-05-24T22:51:37-0300 [twisted.internet.endpoints.OneShotFactory#info] Stopping factory <twisted.internet.endpoints.connectProtocol.<locals>.OneShotFactory object at 0x7fe2bcd9a630>
2020-05-24T22:51:37-0300 [twisted.internet.endpoints.OneShotFactory#info] Stopping factory <twisted.internet.endpoints.connectProtocol.<locals>.OneShotFactory object at 0x7fe2bcd9aef0>
2020-05-24T22:51:37-0300 [twisted.internet.endpoints.OneShotFactory#info] Stopping factory <twisted.internet.endpoints.connectProtocol.<locals>.OneShotFactory object at 0x7fe2bcddb710>
2020-05-24T22:51:37-0300 [-] Main loop terminated.
