2020-04-14T23:21:51-0300 [-] Creating router ...
2020-04-14T23:21:51-0300 [-] Initializing Router - Number of events: 1
2020-04-14T23:21:51-0300 [-] RouterFactory starting on 8081
2020-04-14T23:21:51-0300 [-] Creating AccessPoint station ...
2020-04-14T23:21:51-0300 [-] Initializing Access Point - Number of events: 2
2020-04-14T23:21:52-0300 [-] AccessPointFactory starting on 8082
2020-04-14T23:21:52-0300 [-] Creating fog node ...
2020-04-14T23:21:52-0300 [-] Initializing Client - Number of events: 3
2020-04-14T23:21:52-0300 [-] Creating fog node ...
2020-04-14T23:21:52-0300 [-] Initializing Client - Number of events: 4
2020-04-14T23:21:53-0300 [-] Creating fog node ...
2020-04-14T23:21:53-0300 [-] Initializing Server - Number of events: 5
2020-04-14T23:21:53-0300 [-] BrokerFactory starting on 5100
2020-04-14T23:21:53-0300 [-] Creating iot node ...
2020-04-14T23:21:53-0300 [-] Initializing Client - Number of events: 6
2020-04-14T23:21:54-0300 [-] Initializing sensor node - Number of events: 7
2020-04-14T23:21:54-0300 [-] Initializing sensor node - Number of events: 8
2020-04-14T23:21:55-0300 [stdout#info] {'11.42 Kwh'}
2020-04-14T23:21:55-0300 [stdout#info] 11.42 Kwh
2020-04-14T23:21:55-0300 [-] Initializing sensor node - Number of events: 9
2020-04-14T23:21:56-0300 [stdout#info] {'4.7 Kwh'}
2020-04-14T23:21:56-0300 [stdout#info] 4.7 Kwh
2020-04-14T23:21:56-0300 [-] Initializing sensor node - Number of events: 10
2020-04-14T23:21:57-0300 [stdout#info] {'7.01 Kwh'}
2020-04-14T23:21:57-0300 [stdout#info] 7.01 Kwh
2020-04-14T23:21:57-0300 [-] Initializing sensor node - Number of events: 11
2020-04-14T23:21:57-0300 [stdout#info] {'14.26 Kwh'}
2020-04-14T23:21:57-0300 [stdout#info] 14.26 Kwh
2020-04-14T23:21:57-0300 [-] Initializing sensor node - Number of events: 12
2020-04-14T23:21:58-0300 [stdout#info] {'10.28 Kwh'}
2020-04-14T23:21:58-0300 [stdout#info] 10.28 Kwh
2020-04-14T23:21:58-0300 [-] Initializing sensor node - Number of events: 13
2020-04-14T23:21:59-0300 [stdout#info] {'7.38 Kwh'}
2020-04-14T23:21:59-0300 [stdout#info] 7.38 Kwh
2020-04-14T23:21:59-0300 [stdout#info] {'18.23 Kwh'}
2020-04-14T23:21:59-0300 [stdout#info] 18.23 Kwh
2020-04-14T23:21:59-0300 [stdout#info] {'20.98 Kwh'}
2020-04-14T23:21:59-0300 [stdout#info] 20.98 Kwh
2020-04-14T23:21:59-0300 [stdout#info] This divice have no simulation core instance
2020-04-14T23:21:59-0300 [stdout#info] This divice have no simulation core instance
2020-04-14T23:21:59-0300 [stdout#info] This divice have no simulation core instance
2020-04-14T23:21:59-0300 [stdout#info] This divice have no simulation core instance
2020-04-14T23:21:59-0300 [stdout#info] This divice have no simulation core instance
2020-04-14T23:21:59-0300 [Uninitialized] 127.0.0.1:46540 - Connected to mqtt broker - Number of events: 14
2020-04-14T23:21:59-0300 [Uninitialized] 127.0.0.1:46540 - sending MQTT SUBSCRIBE REQUEST - Number of events: 15
2020-04-14T23:21:59-0300 [Uninitialized] 127.0.0.1:46542 - Connected to mqtt broker - Number of events: 16
2020-04-14T23:21:59-0300 [Uninitialized] 127.0.0.1:46542 - sending MQTT SUBSCRIBE REQUEST - Number of events: 17
2020-04-14T23:21:59-0300 [Uninitialized] 127.0.0.1:40984 - Connected to mqtt broker - Number of events: 18
2020-04-14T23:21:59-0300 [Uninitialized] 127.0.0.1:40984 - sending MQTT PUBLISH REQUEST - Number of events: 19
2020-04-14T23:21:59-0300 [twisted.internet.endpoints.OneShotFactory#info] Starting factory <twisted.internet.endpoints.connectProtocol.<locals>.OneShotFactory object at 0x7ff446393588>
2020-04-14T23:21:59-0300 [twisted.internet.endpoints.OneShotFactory#info] Starting factory <twisted.internet.endpoints.connectProtocol.<locals>.OneShotFactory object at 0x7ff43ef36ac8>
2020-04-14T23:21:59-0300 [twisted.internet.endpoints.OneShotFactory#info] Starting factory <twisted.internet.endpoints.connectProtocol.<locals>.OneShotFactory object at 0x7ff43ef36dd8>
2020-04-14T23:21:59-0300 [stdout#info] This divice have no simulation core instance
2020-04-14T23:21:59-0300 [twisted.internet.endpoints.OneShotFactory#info] Starting factory <twisted.internet.endpoints.connectProtocol.<locals>.OneShotFactory object at 0x7ff43ef49860>
2020-04-14T23:22:00-0300 [stdout#info] {'20.77 Kwh'}
2020-04-14T23:22:00-0300 [stdout#info] 20.77 Kwh
2020-04-14T23:22:00-0300 [stdout#info] {'5.26 Kwh'}
2020-04-14T23:22:00-0300 [stdout#info] 5.26 Kwh
2020-04-14T23:22:01-0300 [stdout#info] {'14.91 Kwh'}
2020-04-14T23:22:01-0300 [stdout#info] 14.91 Kwh
2020-04-14T23:22:02-0300 [stdout#info] {'5.36 Kwh'}
2020-04-14T23:22:02-0300 [stdout#info] 5.36 Kwh
2020-04-14T23:22:02-0300 [stdout#info] {'4.36 Kwh'}
2020-04-14T23:22:02-0300 [stdout#info] 4.36 Kwh
2020-04-14T23:22:02-0300 [stdout#info] {'13.98 Kwh'}
2020-04-14T23:22:02-0300 [stdout#info] 13.98 Kwh
2020-04-14T23:22:03-0300 [stdout#info] {'9.26 Kwh'}
2020-04-14T23:22:03-0300 [stdout#info] 9.26 Kwh
2020-04-14T23:22:03-0300 [stdout#info] {'17.72 Kwh'}
2020-04-14T23:22:03-0300 [stdout#info] 17.72 Kwh
2020-04-14T23:22:04-0300 [-] 127.0.0.1:40984 - sending MQTT PUBLISH REQUEST - Number of events: 20
2020-04-14T23:22:04-0300 [twisted.internet.endpoints.OneShotFactory#info] Starting factory <twisted.internet.endpoints.connectProtocol.<locals>.OneShotFactory object at 0x7ff43ef49b70>
2020-04-14T23:22:04-0300 [twisted.internet.endpoints.OneShotFactory#info] Stopping factory <twisted.internet.endpoints.connectProtocol.<locals>.OneShotFactory object at 0x7ff43ef36dd8>
2020-04-14T23:22:04-0300 [stdout#info] This divice have no simulation core instance
2020-04-14T23:22:04-0300 [twisted.internet.endpoints.OneShotFactory#info] Starting factory <twisted.internet.endpoints.connectProtocol.<locals>.OneShotFactory object at 0x7ff43ef49dd8>
2020-04-14T23:22:04-0300 [twisted.internet.endpoints.OneShotFactory#info] Stopping factory <twisted.internet.endpoints.connectProtocol.<locals>.OneShotFactory object at 0x7ff43ef49860>
2020-04-14T23:22:04-0300 [stdout#info] {'3.21 Kwh'}
2020-04-14T23:22:04-0300 [stdout#info] 3.21 Kwh
2020-04-14T23:22:05-0300 [stdout#info] {'10.57 Kwh'}
2020-04-14T23:22:05-0300 [stdout#info] 10.57 Kwh
2020-04-14T23:22:05-0300 [stdout#info] {'10.66 Kwh'}
2020-04-14T23:22:05-0300 [stdout#info] 10.66 Kwh
2020-04-14T23:22:05-0300 [stdout#info] {'2.58 Kwh'}
2020-04-14T23:22:05-0300 [stdout#info] 2.58 Kwh
2020-04-14T23:22:06-0300 [stdout#info] {'19.56 Kwh'}
2020-04-14T23:22:06-0300 [stdout#info] 19.56 Kwh
2020-04-14T23:22:06-0300 [stdout#info] {'11.8 Kwh'}
2020-04-14T23:22:06-0300 [stdout#info] 11.8 Kwh
2020-04-14T23:22:07-0300 [stdout#info] {'8.52 Kwh'}
2020-04-14T23:22:07-0300 [stdout#info] 8.52 Kwh
2020-04-14T23:22:08-0300 [stdout#info] {'8.01 Kwh'}
2020-04-14T23:22:08-0300 [stdout#info] 8.01 Kwh
2020-04-14T23:22:08-0300 [stdout#info] {'10.83 Kwh'}
2020-04-14T23:22:08-0300 [stdout#info] 10.83 Kwh
2020-04-14T23:22:08-0300 [stdout#info] {'3.96 Kwh'}
2020-04-14T23:22:08-0300 [stdout#info] 3.96 Kwh
2020-04-14T23:22:09-0300 [stdout#info] {'6.55 Kwh'}
2020-04-14T23:22:09-0300 [stdout#info] 6.55 Kwh
2020-04-14T23:22:09-0300 [-] 127.0.0.1:40984 - sending MQTT PUBLISH REQUEST - Number of events: 21
2020-04-14T23:22:09-0300 [twisted.internet.endpoints.OneShotFactory#info] Starting factory <twisted.internet.endpoints.connectProtocol.<locals>.OneShotFactory object at 0x7ff4405ff080>
2020-04-14T23:22:09-0300 [twisted.internet.endpoints.OneShotFactory#info] Stopping factory <twisted.internet.endpoints.connectProtocol.<locals>.OneShotFactory object at 0x7ff43ef49b70>
2020-04-14T23:22:09-0300 [stdout#info] This divice have no simulation core instance
2020-04-14T23:22:09-0300 [twisted.internet.endpoints.OneShotFactory#info] Starting factory <twisted.internet.endpoints.connectProtocol.<locals>.OneShotFactory object at 0x7ff4405ff2e8>
2020-04-14T23:22:09-0300 [stdout#info] {'16.85 Kwh'}
2020-04-14T23:22:09-0300 [stdout#info] 16.85 Kwh
2020-04-14T23:22:10-0300 [stdout#info] {'21.11 Kwh'}
2020-04-14T23:22:10-0300 [stdout#info] 21.11 Kwh
2020-04-14T23:22:11-0300 [stdout#info] {'7.69 Kwh'}
2020-04-14T23:22:11-0300 [stdout#info] 7.69 Kwh
2020-04-14T23:22:11-0300 [stdout#info] {'5.65 Kwh'}
2020-04-14T23:22:11-0300 [stdout#info] 5.65 Kwh
2020-04-14T23:22:11-0300 [stdout#info] {'18.0 Kwh'}
2020-04-14T23:22:11-0300 [stdout#info] 18.0 Kwh
