2020-05-18T20:36:42-0300 [-] Creating router ...
2020-05-18T20:36:42-0300 [-] Initializing Router - Number of events: 1
2020-05-18T20:36:43-0300 [-] RouterFactory starting on 8081
2020-05-18T20:36:43-0300 [-] Creating AccessPoint station ...
2020-05-18T20:36:43-0300 [-] Initializing Access Point - Number of events: 2
2020-05-18T20:36:43-0300 [-] AccessPointFactory starting on 8082
2020-05-18T20:36:43-0300 [-] Creating fog node ...
2020-05-18T20:36:43-0300 [-] Initializing Client - Number of events: 3
2020-05-18T20:36:44-0300 [-] Creating fog node ...
2020-05-18T20:36:44-0300 [-] Initializing Client - Number of events: 4
2020-05-18T20:36:44-0300 [-] Creating fog node ...
2020-05-18T20:36:44-0300 [-] Initializing Server - Number of events: 5
2020-05-18T20:36:45-0300 [-] BrokerFactory starting on 5100
2020-05-18T20:36:45-0300 [-] Creating iot node ...
2020-05-18T20:36:45-0300 [-] Initializing Client - Number of events: 6
2020-05-18T20:36:45-0300 [-] Initializing sensor node - Number of events: 7
2020-05-18T20:36:46-0300 [-] Initializing sensor node - Number of events: 8
2020-05-18T20:36:46-0300 [stdout#info] 34
2020-05-18T20:36:46-0300 [-] Initializing sensor node - Number of events: 9
2020-05-18T20:36:47-0300 [stdout#info] 39
2020-05-18T20:36:47-0300 [-] Initializing sensor node - Number of events: 10
2020-05-18T20:36:47-0300 [stdout#info] 44
2020-05-18T20:36:47-0300 [-] Initializing sensor node - Number of events: 11
2020-05-18T20:36:48-0300 [stdout#info] 49
2020-05-18T20:36:48-0300 [-] Initializing sensor node - Number of events: 12
2020-05-18T20:36:48-0300 [stdout#info] 54
2020-05-18T20:36:48-0300 [-] Initializing sensor node - Number of events: 13
2020-05-18T20:36:49-0300 [stdout#info] 59
2020-05-18T20:36:49-0300 [-] Initializing sensor node - Number of events: 14
2020-05-18T20:36:49-0300 [stdout#info] 64
2020-05-18T20:36:49-0300 [-] Initializing sensor node - Number of events: 15
2020-05-18T20:36:50-0300 [stdout#info] 69
2020-05-18T20:36:50-0300 [-] Initializing sensor node - Number of events: 16
2020-05-18T20:36:50-0300 [stdout#info] 74
2020-05-18T20:36:50-0300 [stdout#info] This divice have no simulation core instance
2020-05-18T20:36:50-0300 [stdout#info] This divice have no simulation core instance
2020-05-18T20:36:50-0300 [stdout#info] This divice have no simulation core instance
2020-05-18T20:36:50-0300 [stdout#info] This divice have no simulation core instance
2020-05-18T20:36:50-0300 [stdout#info] This divice have no simulation core instance
2020-05-18T20:36:50-0300 [Uninitialized] 127.0.0.1:51126 - Connected to mqtt broker - Number of events: 17
2020-05-18T20:36:50-0300 [Uninitialized] 127.0.0.1:51126 - sending MQTT SUBSCRIBE REQUEST - Number of events: 18
2020-05-18T20:36:50-0300 [Uninitialized] 127.0.0.1:51128 - Connected to mqtt broker - Number of events: 19
2020-05-18T20:36:50-0300 [Uninitialized] 127.0.0.1:51128 - sending MQTT SUBSCRIBE REQUEST - Number of events: 20
2020-05-18T20:36:50-0300 [Uninitialized] 127.0.0.1:60008 - Connected to mqtt broker - Number of events: 21
2020-05-18T20:36:50-0300 [Uninitialized] 127.0.0.1:60008 - sending MQTT PUBLISH REQUEST - Number of events: 22
2020-05-18T20:36:50-0300 [twisted.internet.endpoints.OneShotFactory#info] Starting factory <twisted.internet.endpoints.connectProtocol.<locals>.OneShotFactory object at 0x7f93b9a5e470>
2020-05-18T20:36:50-0300 [twisted.internet.endpoints.OneShotFactory#info] Starting factory <twisted.internet.endpoints.connectProtocol.<locals>.OneShotFactory object at 0x7f93b9a5e668>
2020-05-18T20:36:50-0300 [twisted.internet.endpoints.OneShotFactory#info] Starting factory <twisted.internet.endpoints.connectProtocol.<locals>.OneShotFactory object at 0x7f93b9a5e898>
2020-05-18T20:36:50-0300 [stdout#info] This divice have no simulation core instance
2020-05-18T20:36:50-0300 [twisted.internet.endpoints.OneShotFactory#info] Starting factory <twisted.internet.endpoints.connectProtocol.<locals>.OneShotFactory object at 0x7f93b9a6f320>
2020-05-18T20:36:55-0300 [-] 127.0.0.1:60008 - sending MQTT PUBLISH REQUEST - Number of events: 23
2020-05-18T20:36:55-0300 [twisted.internet.endpoints.OneShotFactory#info] Starting factory <twisted.internet.endpoints.connectProtocol.<locals>.OneShotFactory object at 0x7f93b9a6f5c0>
2020-05-18T20:36:55-0300 [twisted.internet.endpoints.OneShotFactory#info] Stopping factory <twisted.internet.endpoints.connectProtocol.<locals>.OneShotFactory object at 0x7f93b9a5e898>
2020-05-18T20:36:55-0300 [stdout#info] This divice have no simulation core instance
2020-05-18T20:36:55-0300 [twisted.internet.endpoints.OneShotFactory#info] Starting factory <twisted.internet.endpoints.connectProtocol.<locals>.OneShotFactory object at 0x7f93b9a6f860>
2020-05-18T20:36:55-0300 [twisted.internet.endpoints.OneShotFactory#info] Stopping factory <twisted.internet.endpoints.connectProtocol.<locals>.OneShotFactory object at 0x7f93b9a6f320>
2020-05-18T20:37:00-0300 [-] 127.0.0.1:60008 - sending MQTT PUBLISH REQUEST - Number of events: 24
2020-05-18T20:37:00-0300 [twisted.internet.endpoints.OneShotFactory#info] Starting factory <twisted.internet.endpoints.connectProtocol.<locals>.OneShotFactory object at 0x7f93b9a6fac8>
2020-05-18T20:37:00-0300 [twisted.internet.endpoints.OneShotFactory#info] Stopping factory <twisted.internet.endpoints.connectProtocol.<locals>.OneShotFactory object at 0x7f93b9a6f5c0>
2020-05-18T20:37:00-0300 [stdout#info] This divice have no simulation core instance
2020-05-18T20:37:00-0300 [twisted.internet.endpoints.OneShotFactory#info] Starting factory <twisted.internet.endpoints.connectProtocol.<locals>.OneShotFactory object at 0x7f93b9a6fcf8>
2020-05-18T20:37:05-0300 [-] 127.0.0.1:60008 - sending MQTT PUBLISH REQUEST - Number of events: 25
2020-05-18T20:37:05-0300 [twisted.internet.endpoints.OneShotFactory#info] Starting factory <twisted.internet.endpoints.connectProtocol.<locals>.OneShotFactory object at 0x7f93b9a6ff98>
2020-05-18T20:37:05-0300 [twisted.internet.endpoints.OneShotFactory#info] Stopping factory <twisted.internet.endpoints.connectProtocol.<locals>.OneShotFactory object at 0x7f93b9a6fac8>
2020-05-18T20:37:05-0300 [stdout#info] This divice have no simulation core instance
2020-05-18T20:37:05-0300 [twisted.internet.endpoints.OneShotFactory#info] Starting factory <twisted.internet.endpoints.connectProtocol.<locals>.OneShotFactory object at 0x7f93bb12c208>
2020-05-18T20:37:10-0300 [-] 127.0.0.1:60008 - sending MQTT PUBLISH REQUEST - Number of events: 26
2020-05-18T20:37:10-0300 [twisted.internet.endpoints.OneShotFactory#info] Starting factory <twisted.internet.endpoints.connectProtocol.<locals>.OneShotFactory object at 0x7f93bb12c438>
2020-05-18T20:37:10-0300 [twisted.internet.endpoints.OneShotFactory#info] Stopping factory <twisted.internet.endpoints.connectProtocol.<locals>.OneShotFactory object at 0x7f93b9a6ff98>
2020-05-18T20:37:10-0300 [stdout#info] This divice have no simulation core instance
2020-05-18T20:37:10-0300 [twisted.internet.endpoints.OneShotFactory#info] Starting factory <twisted.internet.endpoints.connectProtocol.<locals>.OneShotFactory object at 0x7f93bb12c6d8>
2020-05-18T20:37:15-0300 [-] 127.0.0.1:60008 - sending MQTT PUBLISH REQUEST - Number of events: 27
2020-05-18T20:37:15-0300 [twisted.internet.endpoints.OneShotFactory#info] Starting factory <twisted.internet.endpoints.connectProtocol.<locals>.OneShotFactory object at 0x7f93bb12c160>
2020-05-18T20:37:15-0300 [twisted.internet.endpoints.OneShotFactory#info] Stopping factory <twisted.internet.endpoints.connectProtocol.<locals>.OneShotFactory object at 0x7f93bb12c438>
2020-05-18T20:37:15-0300 [stdout#info] This divice have no simulation core instance
2020-05-18T20:37:15-0300 [twisted.internet.endpoints.OneShotFactory#info] Starting factory <twisted.internet.endpoints.connectProtocol.<locals>.OneShotFactory object at 0x7f93bb12ca90>
2020-05-18T20:37:20-0300 [-] 127.0.0.1:60008 - sending MQTT PUBLISH REQUEST - Number of events: 28
2020-05-18T20:37:20-0300 [twisted.internet.endpoints.OneShotFactory#info] Starting factory <twisted.internet.endpoints.connectProtocol.<locals>.OneShotFactory object at 0x7f93bb12c908>
2020-05-18T20:37:21-0300 [twisted.internet.endpoints.OneShotFactory#info] Stopping factory <twisted.internet.endpoints.connectProtocol.<locals>.OneShotFactory object at 0x7f93bb12c160>
2020-05-18T20:37:21-0300 [stdout#info] This divice have no simulation core instance
2020-05-18T20:37:21-0300 [twisted.internet.endpoints.OneShotFactory#info] Starting factory <twisted.internet.endpoints.connectProtocol.<locals>.OneShotFactory object at 0x7f93bb12ceb8>
2020-05-18T20:37:25-0300 [-] 127.0.0.1:60008 - sending MQTT PUBLISH REQUEST - Number of events: 29
2020-05-18T20:37:25-0300 [twisted.internet.endpoints.OneShotFactory#info] Starting factory <twisted.internet.endpoints.connectProtocol.<locals>.OneShotFactory object at 0x7f93bb14e080>
2020-05-18T20:37:26-0300 [twisted.internet.endpoints.OneShotFactory#info] Stopping factory <twisted.internet.endpoints.connectProtocol.<locals>.OneShotFactory object at 0x7f93bb12c908>
2020-05-18T20:37:26-0300 [stdout#info] This divice have no simulation core instance
2020-05-18T20:37:26-0300 [twisted.internet.endpoints.OneShotFactory#info] Starting factory <twisted.internet.endpoints.connectProtocol.<locals>.OneShotFactory object at 0x7f93bb14e390>
2020-05-18T20:37:30-0300 [-] 127.0.0.1:60008 - sending MQTT PUBLISH REQUEST - Number of events: 30
2020-05-18T20:37:30-0300 [twisted.internet.endpoints.OneShotFactory#info] Starting factory <twisted.internet.endpoints.connectProtocol.<locals>.OneShotFactory object at 0x7f93bb14e518>
2020-05-18T20:37:30-0300 [twisted.internet.endpoints.OneShotFactory#info] Stopping factory <twisted.internet.endpoints.connectProtocol.<locals>.OneShotFactory object at 0x7f93bb14e080>
2020-05-18T20:37:30-0300 [stdout#info] This divice have no simulation core instance
2020-05-18T20:37:30-0300 [twisted.internet.endpoints.OneShotFactory#info] Starting factory <twisted.internet.endpoints.connectProtocol.<locals>.OneShotFactory object at 0x7f93bb14e828>
2020-05-18T20:37:35-0300 [-] 127.0.0.1:60008 - sending MQTT PUBLISH REQUEST - Number of events: 31
2020-05-18T20:37:36-0300 [twisted.internet.endpoints.OneShotFactory#info] Starting factory <twisted.internet.endpoints.connectProtocol.<locals>.OneShotFactory object at 0x7f93bb14ea90>
2020-05-18T20:37:36-0300 [twisted.internet.endpoints.OneShotFactory#info] Stopping factory <twisted.internet.endpoints.connectProtocol.<locals>.OneShotFactory object at 0x7f93bb14e518>
2020-05-18T20:37:36-0300 [stdout#info] This divice have no simulation core instance
2020-05-18T20:37:36-0300 [twisted.internet.endpoints.OneShotFactory#info] Starting factory <twisted.internet.endpoints.connectProtocol.<locals>.OneShotFactory object at 0x7f93bb14ecc0>
2020-05-18T20:37:40-0300 [-] 127.0.0.1:60008 - sending MQTT PUBLISH REQUEST - Number of events: 32
2020-05-18T20:37:40-0300 [twisted.internet.endpoints.OneShotFactory#info] Starting factory <twisted.internet.endpoints.connectProtocol.<locals>.OneShotFactory object at 0x7f93bb14ee48>
2020-05-18T20:37:40-0300 [twisted.internet.endpoints.OneShotFactory#info] Stopping factory <twisted.internet.endpoints.connectProtocol.<locals>.OneShotFactory object at 0x7f93bb14ea90>
2020-05-18T20:37:40-0300 [stdout#info] This divice have no simulation core instance
2020-05-18T20:37:40-0300 [twisted.internet.endpoints.OneShotFactory#info] Starting factory <twisted.internet.endpoints.connectProtocol.<locals>.OneShotFactory object at 0x7f93bb0f6198>
2020-05-18T20:37:45-0300 [-] 127.0.0.1:60008 - sending MQTT PUBLISH REQUEST - Number of events: 33
2020-05-18T20:37:45-0300 [twisted.internet.endpoints.OneShotFactory#info] Starting factory <twisted.internet.endpoints.connectProtocol.<locals>.OneShotFactory object at 0x7f93bb0f6320>
2020-05-18T20:37:45-0300 [twisted.internet.endpoints.OneShotFactory#info] Stopping factory <twisted.internet.endpoints.connectProtocol.<locals>.OneShotFactory object at 0x7f93bb14ee48>
2020-05-18T20:37:45-0300 [stdout#info] This divice have no simulation core instance
2020-05-18T20:37:46-0300 [twisted.internet.endpoints.OneShotFactory#info] Starting factory <twisted.internet.endpoints.connectProtocol.<locals>.OneShotFactory object at 0x7f93bb0f6630>
2020-05-18T20:37:50-0300 [-] 127.0.0.1:60008 - sending MQTT PUBLISH REQUEST - Number of events: 34
2020-05-18T20:37:50-0300 [twisted.internet.endpoints.OneShotFactory#info] Starting factory <twisted.internet.endpoints.connectProtocol.<locals>.OneShotFactory object at 0x7f93bb0f6898>
2020-05-18T20:37:50-0300 [twisted.internet.endpoints.OneShotFactory#info] Stopping factory <twisted.internet.endpoints.connectProtocol.<locals>.OneShotFactory object at 0x7f93bb0f6320>
2020-05-18T20:37:50-0300 [stdout#info] This divice have no simulation core instance
2020-05-18T20:37:51-0300 [twisted.internet.endpoints.OneShotFactory#info] Starting factory <twisted.internet.endpoints.connectProtocol.<locals>.OneShotFactory object at 0x7f93b9a3ff98>
2020-05-18T20:37:55-0300 [-] 127.0.0.1:60008 - sending MQTT PUBLISH REQUEST - Number of events: 35
2020-05-18T20:37:55-0300 [twisted.internet.endpoints.OneShotFactory#info] Starting factory <twisted.internet.endpoints.connectProtocol.<locals>.OneShotFactory object at 0x7f93bb0f60f0>
2020-05-18T20:37:55-0300 [twisted.internet.endpoints.OneShotFactory#info] Stopping factory <twisted.internet.endpoints.connectProtocol.<locals>.OneShotFactory object at 0x7f93bb0f6898>
2020-05-18T20:37:55-0300 [stdout#info] This divice have no simulation core instance
2020-05-18T20:37:55-0300 [twisted.internet.endpoints.OneShotFactory#info] Starting factory <twisted.internet.endpoints.connectProtocol.<locals>.OneShotFactory object at 0x7f93bb0f6f60>
2020-05-18T20:38:00-0300 [-] 127.0.0.1:60008 - sending MQTT PUBLISH REQUEST - Number of events: 36
2020-05-18T20:38:00-0300 [twisted.internet.endpoints.OneShotFactory#info] Starting factory <twisted.internet.endpoints.connectProtocol.<locals>.OneShotFactory object at 0x7f93bb10d128>
2020-05-18T20:38:01-0300 [twisted.internet.endpoints.OneShotFactory#info] Stopping factory <twisted.internet.endpoints.connectProtocol.<locals>.OneShotFactory object at 0x7f93bb0f60f0>
2020-05-18T20:38:01-0300 [stdout#info] This divice have no simulation core instance
2020-05-18T20:38:01-0300 [twisted.internet.endpoints.OneShotFactory#info] Starting factory <twisted.internet.endpoints.connectProtocol.<locals>.OneShotFactory object at 0x7f93bb10d400>
2020-05-18T20:38:05-0300 [-] 127.0.0.1:60008 - sending MQTT PUBLISH REQUEST - Number of events: 37
2020-05-18T20:38:06-0300 [twisted.internet.endpoints.OneShotFactory#info] Starting factory <twisted.internet.endpoints.connectProtocol.<locals>.OneShotFactory object at 0x7f93bb10d630>
2020-05-18T20:38:06-0300 [twisted.internet.endpoints.OneShotFactory#info] Stopping factory <twisted.internet.endpoints.connectProtocol.<locals>.OneShotFactory object at 0x7f93bb10d128>
2020-05-18T20:38:06-0300 [stdout#info] This divice have no simulation core instance
2020-05-18T20:38:06-0300 [twisted.internet.endpoints.OneShotFactory#info] Starting factory <twisted.internet.endpoints.connectProtocol.<locals>.OneShotFactory object at 0x7f93bb10d8d0>
2020-05-18T20:38:11-0300 [-] 127.0.0.1:60008 - sending MQTT PUBLISH REQUEST - Number of events: 38
2020-05-18T20:38:11-0300 [twisted.internet.endpoints.OneShotFactory#info] Starting factory <twisted.internet.endpoints.connectProtocol.<locals>.OneShotFactory object at 0x7f93bb10da58>
2020-05-18T20:38:11-0300 [twisted.internet.endpoints.OneShotFactory#info] Stopping factory <twisted.internet.endpoints.connectProtocol.<locals>.OneShotFactory object at 0x7f93bb10d630>
2020-05-18T20:38:11-0300 [stdout#info] This divice have no simulation core instance
2020-05-18T20:38:11-0300 [twisted.internet.endpoints.OneShotFactory#info] Starting factory <twisted.internet.endpoints.connectProtocol.<locals>.OneShotFactory object at 0x7f93bb10dd30>
2020-05-18T20:38:16-0300 [-] 127.0.0.1:60008 - sending MQTT PUBLISH REQUEST - Number of events: 39
2020-05-18T20:38:16-0300 [twisted.internet.endpoints.OneShotFactory#info] Starting factory <twisted.internet.endpoints.connectProtocol.<locals>.OneShotFactory object at 0x7f93bb10dc50>
2020-05-18T20:38:16-0300 [twisted.internet.endpoints.OneShotFactory#info] Stopping factory <twisted.internet.endpoints.connectProtocol.<locals>.OneShotFactory object at 0x7f93bb10da58>
2020-05-18T20:38:16-0300 [stdout#info] This divice have no simulation core instance
2020-05-18T20:38:16-0300 [twisted.internet.endpoints.OneShotFactory#info] Starting factory <twisted.internet.endpoints.connectProtocol.<locals>.OneShotFactory object at 0x7f93bb09d208>
2020-05-18T20:38:21-0300 [-] 127.0.0.1:60008 - sending MQTT PUBLISH REQUEST - Number of events: 40
2020-05-18T20:38:21-0300 [twisted.internet.endpoints.OneShotFactory#info] Starting factory <twisted.internet.endpoints.connectProtocol.<locals>.OneShotFactory object at 0x7f93bb09d390>
2020-05-18T20:38:21-0300 [twisted.internet.endpoints.OneShotFactory#info] Stopping factory <twisted.internet.endpoints.connectProtocol.<locals>.OneShotFactory object at 0x7f93bb10dc50>
2020-05-18T20:38:21-0300 [stdout#info] This divice have no simulation core instance
2020-05-18T20:38:21-0300 [twisted.internet.endpoints.OneShotFactory#info] Starting factory <twisted.internet.endpoints.connectProtocol.<locals>.OneShotFactory object at 0x7f93bb09d6a0>
2020-05-18T20:38:26-0300 [-] 127.0.0.1:60008 - sending MQTT PUBLISH REQUEST - Number of events: 41
2020-05-18T20:38:26-0300 [twisted.internet.endpoints.OneShotFactory#info] Starting factory <twisted.internet.endpoints.connectProtocol.<locals>.OneShotFactory object at 0x7f93bb09d828>
2020-05-18T20:38:26-0300 [twisted.internet.endpoints.OneShotFactory#info] Stopping factory <twisted.internet.endpoints.connectProtocol.<locals>.OneShotFactory object at 0x7f93bb09d390>
2020-05-18T20:38:26-0300 [stdout#info] This divice have no simulation core instance
2020-05-18T20:38:26-0300 [twisted.internet.endpoints.OneShotFactory#info] Starting factory <twisted.internet.endpoints.connectProtocol.<locals>.OneShotFactory object at 0x7f93bb09db38>
2020-05-18T20:38:31-0300 [-] 127.0.0.1:60008 - sending MQTT PUBLISH REQUEST - Number of events: 42
2020-05-18T20:38:31-0300 [twisted.internet.endpoints.OneShotFactory#info] Starting factory <twisted.internet.endpoints.connectProtocol.<locals>.OneShotFactory object at 0x7f93bb09dcc0>
2020-05-18T20:38:31-0300 [twisted.internet.endpoints.OneShotFactory#info] Stopping factory <twisted.internet.endpoints.connectProtocol.<locals>.OneShotFactory object at 0x7f93bb09d828>
2020-05-18T20:38:31-0300 [stdout#info] This divice have no simulation core instance
2020-05-18T20:38:31-0300 [twisted.internet.endpoints.OneShotFactory#info] Starting factory <twisted.internet.endpoints.connectProtocol.<locals>.OneShotFactory object at 0x7f93bb09df98>
2020-05-18T20:38:36-0300 [-] 127.0.0.1:60008 - sending MQTT PUBLISH REQUEST - Number of events: 43
2020-05-18T20:38:36-0300 [twisted.internet.endpoints.OneShotFactory#info] Starting factory <twisted.internet.endpoints.connectProtocol.<locals>.OneShotFactory object at 0x7f93bb0a90f0>
2020-05-18T20:38:36-0300 [twisted.internet.endpoints.OneShotFactory#info] Stopping factory <twisted.internet.endpoints.connectProtocol.<locals>.OneShotFactory object at 0x7f93bb09dcc0>
2020-05-18T20:38:36-0300 [stdout#info] This divice have no simulation core instance
2020-05-18T20:38:36-0300 [twisted.internet.endpoints.OneShotFactory#info] Starting factory <twisted.internet.endpoints.connectProtocol.<locals>.OneShotFactory object at 0x7f93bb0a9438>
2020-05-18T20:38:41-0300 [-] 127.0.0.1:60008 - sending MQTT PUBLISH REQUEST - Number of events: 44
2020-05-18T20:38:41-0300 [twisted.internet.endpoints.OneShotFactory#info] Starting factory <twisted.internet.endpoints.connectProtocol.<locals>.OneShotFactory object at 0x7f93bb0a96a0>
2020-05-18T20:38:41-0300 [twisted.internet.endpoints.OneShotFactory#info] Stopping factory <twisted.internet.endpoints.connectProtocol.<locals>.OneShotFactory object at 0x7f93bb0a90f0>
2020-05-18T20:38:41-0300 [stdout#info] This divice have no simulation core instance
2020-05-18T20:38:41-0300 [twisted.internet.endpoints.OneShotFactory#info] Starting factory <twisted.internet.endpoints.connectProtocol.<locals>.OneShotFactory object at 0x7f93bb0a98d0>
2020-05-18T20:38:46-0300 [-] 127.0.0.1:60008 - sending MQTT PUBLISH REQUEST - Number of events: 45
2020-05-18T20:38:46-0300 [twisted.internet.endpoints.OneShotFactory#info] Starting factory <twisted.internet.endpoints.connectProtocol.<locals>.OneShotFactory object at 0x7f93bb0a9b38>
2020-05-18T20:38:46-0300 [twisted.internet.endpoints.OneShotFactory#info] Stopping factory <twisted.internet.endpoints.connectProtocol.<locals>.OneShotFactory object at 0x7f93bb0a96a0>
2020-05-18T20:38:46-0300 [stdout#info] This divice have no simulation core instance
2020-05-18T20:38:46-0300 [twisted.internet.endpoints.OneShotFactory#info] Starting factory <twisted.internet.endpoints.connectProtocol.<locals>.OneShotFactory object at 0x7f93bb0a9cf8>
2020-05-18T20:38:51-0300 [-] 127.0.0.1:60008 - sending MQTT PUBLISH REQUEST - Number of events: 46
2020-05-18T20:38:51-0300 [twisted.internet.endpoints.OneShotFactory#info] Starting factory <twisted.internet.endpoints.connectProtocol.<locals>.OneShotFactory object at 0x7f93bb0a9f60>
2020-05-18T20:38:51-0300 [twisted.internet.endpoints.OneShotFactory#info] Stopping factory <twisted.internet.endpoints.connectProtocol.<locals>.OneShotFactory object at 0x7f93bb0a9b38>
2020-05-18T20:38:51-0300 [stdout#info] This divice have no simulation core instance
2020-05-18T20:38:51-0300 [twisted.internet.endpoints.OneShotFactory#info] Starting factory <twisted.internet.endpoints.connectProtocol.<locals>.OneShotFactory object at 0x7f93bb0b61d0>
2020-05-18T20:38:56-0300 [-] 127.0.0.1:60008 - sending MQTT PUBLISH REQUEST - Number of events: 47
2020-05-18T20:38:56-0300 [twisted.internet.endpoints.OneShotFactory#info] Starting factory <twisted.internet.endpoints.connectProtocol.<locals>.OneShotFactory object at 0x7f93bb0b6400>
2020-05-18T20:38:56-0300 [twisted.internet.endpoints.OneShotFactory#info] Stopping factory <twisted.internet.endpoints.connectProtocol.<locals>.OneShotFactory object at 0x7f93bb0a9f60>
2020-05-18T20:38:56-0300 [stdout#info] This divice have no simulation core instance
2020-05-18T20:38:56-0300 [twisted.internet.endpoints.OneShotFactory#info] Starting factory <twisted.internet.endpoints.connectProtocol.<locals>.OneShotFactory object at 0x7f93bb0b65f8>
2020-05-18T20:39:01-0300 [-] 127.0.0.1:60008 - sending MQTT PUBLISH REQUEST - Number of events: 48
2020-05-18T20:39:01-0300 [twisted.internet.endpoints.OneShotFactory#info] Starting factory <twisted.internet.endpoints.connectProtocol.<locals>.OneShotFactory object at 0x7f93bb0b6780>
2020-05-18T20:39:01-0300 [twisted.internet.endpoints.OneShotFactory#info] Stopping factory <twisted.internet.endpoints.connectProtocol.<locals>.OneShotFactory object at 0x7f93bb0b6400>
2020-05-18T20:39:01-0300 [stdout#info] This divice have no simulation core instance
2020-05-18T20:39:01-0300 [twisted.internet.endpoints.OneShotFactory#info] Starting factory <twisted.internet.endpoints.connectProtocol.<locals>.OneShotFactory object at 0x7f93bb0b6a58>
2020-05-18T20:39:06-0300 [-] 127.0.0.1:60008 - sending MQTT PUBLISH REQUEST - Number of events: 49
2020-05-18T20:39:06-0300 [twisted.internet.endpoints.OneShotFactory#info] Starting factory <twisted.internet.endpoints.connectProtocol.<locals>.OneShotFactory object at 0x7f93bb0b6be0>
2020-05-18T20:39:06-0300 [twisted.internet.endpoints.OneShotFactory#info] Stopping factory <twisted.internet.endpoints.connectProtocol.<locals>.OneShotFactory object at 0x7f93bb0b6780>
2020-05-18T20:39:06-0300 [stdout#info] This divice have no simulation core instance
2020-05-18T20:39:06-0300 [twisted.internet.endpoints.OneShotFactory#info] Starting factory <twisted.internet.endpoints.connectProtocol.<locals>.OneShotFactory object at 0x7f93bb0b6eb8>
2020-05-18T20:39:11-0300 [-] 127.0.0.1:60008 - sending MQTT PUBLISH REQUEST - Number of events: 50
2020-05-18T20:39:11-0300 [twisted.internet.endpoints.OneShotFactory#info] Starting factory <twisted.internet.endpoints.connectProtocol.<locals>.OneShotFactory object at 0x7f93bb0c2080>
2020-05-18T20:39:11-0300 [twisted.internet.endpoints.OneShotFactory#info] Stopping factory <twisted.internet.endpoints.connectProtocol.<locals>.OneShotFactory object at 0x7f93bb0b6be0>
2020-05-18T20:39:11-0300 [stdout#info] This divice have no simulation core instance
2020-05-18T20:39:11-0300 [twisted.internet.endpoints.OneShotFactory#info] Starting factory <twisted.internet.endpoints.connectProtocol.<locals>.OneShotFactory object at 0x7f93bb0c2358>
2020-05-18T20:39:16-0300 [-] 127.0.0.1:60008 - sending MQTT PUBLISH REQUEST - Number of events: 51
2020-05-18T20:39:16-0300 [twisted.internet.endpoints.OneShotFactory#info] Starting factory <twisted.internet.endpoints.connectProtocol.<locals>.OneShotFactory object at 0x7f93bb0c20f0>
2020-05-18T20:39:16-0300 [twisted.internet.endpoints.OneShotFactory#info] Stopping factory <twisted.internet.endpoints.connectProtocol.<locals>.OneShotFactory object at 0x7f93bb0c2080>
2020-05-18T20:39:16-0300 [stdout#info] This divice have no simulation core instance
2020-05-18T20:39:16-0300 [twisted.internet.endpoints.OneShotFactory#info] Starting factory <twisted.internet.endpoints.connectProtocol.<locals>.OneShotFactory object at 0x7f93bb0c27b8>
2020-05-18T20:39:21-0300 [-] 127.0.0.1:60008 - sending MQTT PUBLISH REQUEST - Number of events: 52
2020-05-18T20:39:21-0300 [twisted.internet.endpoints.OneShotFactory#info] Starting factory <twisted.internet.endpoints.connectProtocol.<locals>.OneShotFactory object at 0x7f93bb0c2940>
2020-05-18T20:39:21-0300 [twisted.internet.endpoints.OneShotFactory#info] Stopping factory <twisted.internet.endpoints.connectProtocol.<locals>.OneShotFactory object at 0x7f93bb0c20f0>
2020-05-18T20:39:21-0300 [stdout#info] This divice have no simulation core instance
2020-05-18T20:39:21-0300 [twisted.internet.endpoints.OneShotFactory#info] Starting factory <twisted.internet.endpoints.connectProtocol.<locals>.OneShotFactory object at 0x7f93bb0c2550>
2020-05-18T20:39:26-0300 [-] 127.0.0.1:60008 - sending MQTT PUBLISH REQUEST - Number of events: 53
2020-05-18T20:39:26-0300 [twisted.internet.endpoints.OneShotFactory#info] Starting factory <twisted.internet.endpoints.connectProtocol.<locals>.OneShotFactory object at 0x7f93bb0c2c18>
2020-05-18T20:39:26-0300 [twisted.internet.endpoints.OneShotFactory#info] Stopping factory <twisted.internet.endpoints.connectProtocol.<locals>.OneShotFactory object at 0x7f93bb0c2940>
2020-05-18T20:39:26-0300 [stdout#info] This divice have no simulation core instance
2020-05-18T20:39:26-0300 [twisted.internet.endpoints.OneShotFactory#info] Starting factory <twisted.internet.endpoints.connectProtocol.<locals>.OneShotFactory object at 0x7f93bb0c2ef0>
2020-05-18T20:39:31-0300 [-] 127.0.0.1:60008 - sending MQTT PUBLISH REQUEST - Number of events: 54
2020-05-18T20:39:31-0300 [twisted.internet.endpoints.OneShotFactory#info] Starting factory <twisted.internet.endpoints.connectProtocol.<locals>.OneShotFactory object at 0x7f93bb0ce048>
2020-05-18T20:39:31-0300 [twisted.internet.endpoints.OneShotFactory#info] Stopping factory <twisted.internet.endpoints.connectProtocol.<locals>.OneShotFactory object at 0x7f93bb0c2c18>
2020-05-18T20:39:31-0300 [stdout#info] This divice have no simulation core instance
2020-05-18T20:39:31-0300 [twisted.internet.endpoints.OneShotFactory#info] Starting factory <twisted.internet.endpoints.connectProtocol.<locals>.OneShotFactory object at 0x7f93bb0ce390>
2020-05-18T20:39:36-0300 [-] 127.0.0.1:60008 - sending MQTT PUBLISH REQUEST - Number of events: 55
2020-05-18T20:39:36-0300 [twisted.internet.endpoints.OneShotFactory#info] Starting factory <twisted.internet.endpoints.connectProtocol.<locals>.OneShotFactory object at 0x7f93bb0ce550>
2020-05-18T20:39:36-0300 [twisted.internet.endpoints.OneShotFactory#info] Stopping factory <twisted.internet.endpoints.connectProtocol.<locals>.OneShotFactory object at 0x7f93bb0ce048>
2020-05-18T20:39:36-0300 [stdout#info] This divice have no simulation core instance
2020-05-18T20:39:36-0300 [twisted.internet.endpoints.OneShotFactory#info] Starting factory <twisted.internet.endpoints.connectProtocol.<locals>.OneShotFactory object at 0x7f93bb0ce7f0>
2020-05-18T20:39:41-0300 [-] 127.0.0.1:60008 - sending MQTT PUBLISH REQUEST - Number of events: 56
2020-05-18T20:39:41-0300 [twisted.internet.endpoints.OneShotFactory#info] Starting factory <twisted.internet.endpoints.connectProtocol.<locals>.OneShotFactory object at 0x7f93bb0cea58>
2020-05-18T20:39:41-0300 [twisted.internet.endpoints.OneShotFactory#info] Stopping factory <twisted.internet.endpoints.connectProtocol.<locals>.OneShotFactory object at 0x7f93bb0ce550>
2020-05-18T20:39:41-0300 [stdout#info] This divice have no simulation core instance
2020-05-18T20:39:41-0300 [twisted.internet.endpoints.OneShotFactory#info] Starting factory <twisted.internet.endpoints.connectProtocol.<locals>.OneShotFactory object at 0x7f93bb0cec88>
2020-05-18T20:39:46-0300 [-] 127.0.0.1:60008 - sending MQTT PUBLISH REQUEST - Number of events: 57
2020-05-18T20:39:46-0300 [twisted.internet.endpoints.OneShotFactory#info] Starting factory <twisted.internet.endpoints.connectProtocol.<locals>.OneShotFactory object at 0x7f93bb0ceef0>
2020-05-18T20:39:46-0300 [twisted.internet.endpoints.OneShotFactory#info] Stopping factory <twisted.internet.endpoints.connectProtocol.<locals>.OneShotFactory object at 0x7f93bb0cea58>
2020-05-18T20:39:46-0300 [stdout#info] This divice have no simulation core instance
2020-05-18T20:39:46-0300 [twisted.internet.endpoints.OneShotFactory#info] Starting factory <twisted.internet.endpoints.connectProtocol.<locals>.OneShotFactory object at 0x7f93b9a060f0>
2020-05-18T20:39:51-0300 [-] 127.0.0.1:60008 - sending MQTT PUBLISH REQUEST - Number of events: 58
2020-05-18T20:39:51-0300 [twisted.internet.endpoints.OneShotFactory#info] Starting factory <twisted.internet.endpoints.connectProtocol.<locals>.OneShotFactory object at 0x7f93b9a06278>
2020-05-18T20:39:51-0300 [twisted.internet.endpoints.OneShotFactory#info] Stopping factory <twisted.internet.endpoints.connectProtocol.<locals>.OneShotFactory object at 0x7f93bb0ceef0>
2020-05-18T20:39:51-0300 [stdout#info] This divice have no simulation core instance
2020-05-18T20:39:51-0300 [twisted.internet.endpoints.OneShotFactory#info] Starting factory <twisted.internet.endpoints.connectProtocol.<locals>.OneShotFactory object at 0x7f93b9a06550>
2020-05-18T20:39:56-0300 [-] 127.0.0.1:60008 - sending MQTT PUBLISH REQUEST - Number of events: 59
2020-05-18T20:39:56-0300 [twisted.internet.endpoints.OneShotFactory#info] Starting factory <twisted.internet.endpoints.connectProtocol.<locals>.OneShotFactory object at 0x7f93b9a062e8>
2020-05-18T20:39:56-0300 [twisted.internet.endpoints.OneShotFactory#info] Stopping factory <twisted.internet.endpoints.connectProtocol.<locals>.OneShotFactory object at 0x7f93b9a06278>
2020-05-18T20:39:56-0300 [stdout#info] This divice have no simulation core instance
2020-05-18T20:39:56-0300 [twisted.internet.endpoints.OneShotFactory#info] Starting factory <twisted.internet.endpoints.connectProtocol.<locals>.OneShotFactory object at 0x7f93b9a069b0>
2020-05-18T20:40:01-0300 [-] 127.0.0.1:60008 - sending MQTT PUBLISH REQUEST - Number of events: 60
2020-05-18T20:40:01-0300 [twisted.internet.endpoints.OneShotFactory#info] Starting factory <twisted.internet.endpoints.connectProtocol.<locals>.OneShotFactory object at 0x7f93b9a06b38>
2020-05-18T20:40:01-0300 [twisted.internet.endpoints.OneShotFactory#info] Stopping factory <twisted.internet.endpoints.connectProtocol.<locals>.OneShotFactory object at 0x7f93b9a062e8>
2020-05-18T20:40:01-0300 [stdout#info] This divice have no simulation core instance
2020-05-18T20:40:01-0300 [twisted.internet.endpoints.OneShotFactory#info] Starting factory <twisted.internet.endpoints.connectProtocol.<locals>.OneShotFactory object at 0x7f93b9a06e10>
2020-05-18T20:40:06-0300 [-] 127.0.0.1:60008 - sending MQTT PUBLISH REQUEST - Number of events: 61
2020-05-18T20:40:06-0300 [twisted.internet.endpoints.OneShotFactory#info] Starting factory <twisted.internet.endpoints.connectProtocol.<locals>.OneShotFactory object at 0x7f93b9a12048>
2020-05-18T20:40:06-0300 [twisted.internet.endpoints.OneShotFactory#info] Stopping factory <twisted.internet.endpoints.connectProtocol.<locals>.OneShotFactory object at 0x7f93b9a06b38>
2020-05-18T20:40:06-0300 [stdout#info] This divice have no simulation core instance
2020-05-18T20:40:06-0300 [twisted.internet.endpoints.OneShotFactory#info] Starting factory <twisted.internet.endpoints.connectProtocol.<locals>.OneShotFactory object at 0x7f93b9a122b0>
2020-05-18T20:40:11-0300 [-] 127.0.0.1:60008 - sending MQTT PUBLISH REQUEST - Number of events: 62
2020-05-18T20:40:11-0300 [twisted.internet.endpoints.OneShotFactory#info] Starting factory <twisted.internet.endpoints.connectProtocol.<locals>.OneShotFactory object at 0x7f93b9a12438>
2020-05-18T20:40:11-0300 [twisted.internet.endpoints.OneShotFactory#info] Stopping factory <twisted.internet.endpoints.connectProtocol.<locals>.OneShotFactory object at 0x7f93b9a12048>
2020-05-18T20:40:11-0300 [stdout#info] This divice have no simulation core instance
2020-05-18T20:40:11-0300 [twisted.internet.endpoints.OneShotFactory#info] Starting factory <twisted.internet.endpoints.connectProtocol.<locals>.OneShotFactory object at 0x7f93b9a12710>
2020-05-18T20:40:16-0300 [-] 127.0.0.1:60008 - sending MQTT PUBLISH REQUEST - Number of events: 63
2020-05-18T20:40:16-0300 [twisted.internet.endpoints.OneShotFactory#info] Starting factory <twisted.internet.endpoints.connectProtocol.<locals>.OneShotFactory object at 0x7f93b9a12898>
2020-05-18T20:40:16-0300 [twisted.internet.endpoints.OneShotFactory#info] Stopping factory <twisted.internet.endpoints.connectProtocol.<locals>.OneShotFactory object at 0x7f93b9a12438>
2020-05-18T20:40:16-0300 [stdout#info] This divice have no simulation core instance
2020-05-18T20:40:16-0300 [twisted.internet.endpoints.OneShotFactory#info] Starting factory <twisted.internet.endpoints.connectProtocol.<locals>.OneShotFactory object at 0x7f93b9a12b70>
2020-05-18T20:40:21-0300 [-] 127.0.0.1:60008 - sending MQTT PUBLISH REQUEST - Number of events: 64
2020-05-18T20:40:21-0300 [twisted.internet.endpoints.OneShotFactory#info] Starting factory <twisted.internet.endpoints.connectProtocol.<locals>.OneShotFactory object at 0x7f93b9a12cf8>
2020-05-18T20:40:21-0300 [twisted.internet.endpoints.OneShotFactory#info] Stopping factory <twisted.internet.endpoints.connectProtocol.<locals>.OneShotFactory object at 0x7f93b9a12898>
2020-05-18T20:40:21-0300 [stdout#info] This divice have no simulation core instance
2020-05-18T20:40:21-0300 [twisted.internet.endpoints.OneShotFactory#info] Starting factory <twisted.internet.endpoints.connectProtocol.<locals>.OneShotFactory object at 0x7f93b9a12fd0>
2020-05-18T20:40:26-0300 [-] 127.0.0.1:60008 - sending MQTT PUBLISH REQUEST - Number of events: 65
2020-05-18T20:40:26-0300 [twisted.internet.endpoints.OneShotFactory#info] Starting factory <twisted.internet.endpoints.connectProtocol.<locals>.OneShotFactory object at 0x7f93b9a1c128>
2020-05-18T20:40:26-0300 [twisted.internet.endpoints.OneShotFactory#info] Stopping factory <twisted.internet.endpoints.connectProtocol.<locals>.OneShotFactory object at 0x7f93b9a12cf8>
2020-05-18T20:40:26-0300 [stdout#info] This divice have no simulation core instance
2020-05-18T20:40:26-0300 [twisted.internet.endpoints.OneShotFactory#info] Starting factory <twisted.internet.endpoints.connectProtocol.<locals>.OneShotFactory object at 0x7f93b9a1c470>
2020-05-18T20:40:31-0300 [-] 127.0.0.1:60008 - sending MQTT PUBLISH REQUEST - Number of events: 66
2020-05-18T20:40:31-0300 [twisted.internet.endpoints.OneShotFactory#info] Starting factory <twisted.internet.endpoints.connectProtocol.<locals>.OneShotFactory object at 0x7f93b9a1c5f8>
2020-05-18T20:40:31-0300 [twisted.internet.endpoints.OneShotFactory#info] Stopping factory <twisted.internet.endpoints.connectProtocol.<locals>.OneShotFactory object at 0x7f93b9a1c128>
2020-05-18T20:40:31-0300 [stdout#info] This divice have no simulation core instance
2020-05-18T20:40:31-0300 [twisted.internet.endpoints.OneShotFactory#info] Starting factory <twisted.internet.endpoints.connectProtocol.<locals>.OneShotFactory object at 0x7f93b9a1c8d0>
2020-05-18T20:40:36-0300 [-] 127.0.0.1:60008 - sending MQTT PUBLISH REQUEST - Number of events: 67
2020-05-18T20:40:36-0300 [twisted.internet.endpoints.OneShotFactory#info] Starting factory <twisted.internet.endpoints.connectProtocol.<locals>.OneShotFactory object at 0x7f93b9a1ca58>
2020-05-18T20:40:36-0300 [twisted.internet.endpoints.OneShotFactory#info] Stopping factory <twisted.internet.endpoints.connectProtocol.<locals>.OneShotFactory object at 0x7f93b9a1c5f8>
2020-05-18T20:40:36-0300 [stdout#info] This divice have no simulation core instance
2020-05-18T20:40:36-0300 [twisted.internet.endpoints.OneShotFactory#info] Starting factory <twisted.internet.endpoints.connectProtocol.<locals>.OneShotFactory object at 0x7f93b9a1cd30>
2020-05-18T20:40:41-0300 [-] 127.0.0.1:60008 - sending MQTT PUBLISH REQUEST - Number of events: 68
2020-05-18T20:40:41-0300 [twisted.internet.endpoints.OneShotFactory#info] Starting factory <twisted.internet.endpoints.connectProtocol.<locals>.OneShotFactory object at 0x7f93b9a1ceb8>
2020-05-18T20:40:41-0300 [twisted.internet.endpoints.OneShotFactory#info] Stopping factory <twisted.internet.endpoints.connectProtocol.<locals>.OneShotFactory object at 0x7f93b9a1ca58>
2020-05-18T20:40:41-0300 [stdout#info] This divice have no simulation core instance
2020-05-18T20:40:41-0300 [twisted.internet.endpoints.OneShotFactory#info] Starting factory <twisted.internet.endpoints.connectProtocol.<locals>.OneShotFactory object at 0x7f93b9a291d0>
2020-05-18T20:40:46-0300 [-] 127.0.0.1:60008 - sending MQTT PUBLISH REQUEST - Number of events: 69
2020-05-18T20:40:46-0300 [twisted.internet.endpoints.OneShotFactory#info] Starting factory <twisted.internet.endpoints.connectProtocol.<locals>.OneShotFactory object at 0x7f93b9a29358>
2020-05-18T20:40:46-0300 [twisted.internet.endpoints.OneShotFactory#info] Stopping factory <twisted.internet.endpoints.connectProtocol.<locals>.OneShotFactory object at 0x7f93b9a1ceb8>
2020-05-18T20:40:46-0300 [stdout#info] This divice have no simulation core instance
2020-05-18T20:40:46-0300 [twisted.internet.endpoints.OneShotFactory#info] Starting factory <twisted.internet.endpoints.connectProtocol.<locals>.OneShotFactory object at 0x7f93b9a29630>
2020-05-18T20:40:51-0300 [-] 127.0.0.1:60008 - sending MQTT PUBLISH REQUEST - Number of events: 70
2020-05-18T20:40:51-0300 [twisted.internet.endpoints.OneShotFactory#info] Starting factory <twisted.internet.endpoints.connectProtocol.<locals>.OneShotFactory object at 0x7f93b9a297f0>
2020-05-18T20:40:51-0300 [twisted.internet.endpoints.OneShotFactory#info] Stopping factory <twisted.internet.endpoints.connectProtocol.<locals>.OneShotFactory object at 0x7f93b9a29358>
2020-05-18T20:40:51-0300 [stdout#info] This divice have no simulation core instance
2020-05-18T20:40:51-0300 [twisted.internet.endpoints.OneShotFactory#info] Starting factory <twisted.internet.endpoints.connectProtocol.<locals>.OneShotFactory object at 0x7f93b9a29a90>
2020-05-18T20:40:56-0300 [-] 127.0.0.1:60008 - sending MQTT PUBLISH REQUEST - Number of events: 71
2020-05-18T20:40:56-0300 [twisted.internet.endpoints.OneShotFactory#info] Starting factory <twisted.internet.endpoints.connectProtocol.<locals>.OneShotFactory object at 0x7f93b9a29c18>
2020-05-18T20:40:56-0300 [twisted.internet.endpoints.OneShotFactory#info] Stopping factory <twisted.internet.endpoints.connectProtocol.<locals>.OneShotFactory object at 0x7f93b9a297f0>
2020-05-18T20:40:56-0300 [stdout#info] This divice have no simulation core instance
2020-05-18T20:40:56-0300 [twisted.internet.endpoints.OneShotFactory#info] Starting factory <twisted.internet.endpoints.connectProtocol.<locals>.OneShotFactory object at 0x7f93b9a29ef0>
2020-05-18T20:41:01-0300 [-] 127.0.0.1:60008 - sending MQTT PUBLISH REQUEST - Number of events: 72
2020-05-18T20:41:01-0300 [twisted.internet.endpoints.OneShotFactory#info] Starting factory <twisted.internet.endpoints.connectProtocol.<locals>.OneShotFactory object at 0x7f93b9a34048>
2020-05-18T20:41:01-0300 [twisted.internet.endpoints.OneShotFactory#info] Stopping factory <twisted.internet.endpoints.connectProtocol.<locals>.OneShotFactory object at 0x7f93b9a29c18>
2020-05-18T20:41:01-0300 [stdout#info] This divice have no simulation core instance
2020-05-18T20:41:01-0300 [twisted.internet.endpoints.OneShotFactory#info] Starting factory <twisted.internet.endpoints.connectProtocol.<locals>.OneShotFactory object at 0x7f93b9a34390>
2020-05-18T20:41:06-0300 [-] 127.0.0.1:60008 - sending MQTT PUBLISH REQUEST - Number of events: 73
2020-05-18T20:41:06-0300 [twisted.internet.endpoints.OneShotFactory#info] Starting factory <twisted.internet.endpoints.connectProtocol.<locals>.OneShotFactory object at 0x7f93b9a34518>
2020-05-18T20:41:06-0300 [twisted.internet.endpoints.OneShotFactory#info] Stopping factory <twisted.internet.endpoints.connectProtocol.<locals>.OneShotFactory object at 0x7f93b9a34048>
2020-05-18T20:41:06-0300 [stdout#info] This divice have no simulation core instance
2020-05-18T20:41:06-0300 [twisted.internet.endpoints.OneShotFactory#info] Starting factory <twisted.internet.endpoints.connectProtocol.<locals>.OneShotFactory object at 0x7f93b9a347f0>
2020-05-18T20:41:11-0300 [-] 127.0.0.1:60008 - sending MQTT PUBLISH REQUEST - Number of events: 74
2020-05-18T20:41:11-0300 [twisted.internet.endpoints.OneShotFactory#info] Starting factory <twisted.internet.endpoints.connectProtocol.<locals>.OneShotFactory object at 0x7f93b9a349b0>
2020-05-18T20:41:11-0300 [twisted.internet.endpoints.OneShotFactory#info] Stopping factory <twisted.internet.endpoints.connectProtocol.<locals>.OneShotFactory object at 0x7f93b9a34518>
2020-05-18T20:41:11-0300 [stdout#info] This divice have no simulation core instance
2020-05-18T20:41:11-0300 [twisted.internet.endpoints.OneShotFactory#info] Starting factory <twisted.internet.endpoints.connectProtocol.<locals>.OneShotFactory object at 0x7f93b9a34c50>
2020-05-18T20:41:16-0300 [-] 127.0.0.1:60008 - sending MQTT PUBLISH REQUEST - Number of events: 75
2020-05-18T20:41:16-0300 [twisted.internet.endpoints.OneShotFactory#info] Starting factory <twisted.internet.endpoints.connectProtocol.<locals>.OneShotFactory object at 0x7f93b9a34dd8>
2020-05-18T20:41:16-0300 [twisted.internet.endpoints.OneShotFactory#info] Stopping factory <twisted.internet.endpoints.connectProtocol.<locals>.OneShotFactory object at 0x7f93b9a349b0>
2020-05-18T20:41:16-0300 [stdout#info] This divice have no simulation core instance
2020-05-18T20:41:16-0300 [twisted.internet.endpoints.OneShotFactory#info] Starting factory <twisted.internet.endpoints.connectProtocol.<locals>.OneShotFactory object at 0x7f93b99c30f0>
2020-05-18T20:41:21-0300 [-] 127.0.0.1:60008 - sending MQTT PUBLISH REQUEST - Number of events: 76
2020-05-18T20:41:21-0300 [twisted.internet.endpoints.OneShotFactory#info] Starting factory <twisted.internet.endpoints.connectProtocol.<locals>.OneShotFactory object at 0x7f93b99c3278>
2020-05-18T20:41:21-0300 [twisted.internet.endpoints.OneShotFactory#info] Stopping factory <twisted.internet.endpoints.connectProtocol.<locals>.OneShotFactory object at 0x7f93b9a34dd8>
2020-05-18T20:41:21-0300 [stdout#info] This divice have no simulation core instance
2020-05-18T20:41:21-0300 [twisted.internet.endpoints.OneShotFactory#info] Starting factory <twisted.internet.endpoints.connectProtocol.<locals>.OneShotFactory object at 0x7f93b99c3550>
2020-05-18T20:41:26-0300 [-] 127.0.0.1:60008 - sending MQTT PUBLISH REQUEST - Number of events: 77
2020-05-18T20:41:26-0300 [twisted.internet.endpoints.OneShotFactory#info] Starting factory <twisted.internet.endpoints.connectProtocol.<locals>.OneShotFactory object at 0x7f93b99c36d8>
2020-05-18T20:41:26-0300 [twisted.internet.endpoints.OneShotFactory#info] Stopping factory <twisted.internet.endpoints.connectProtocol.<locals>.OneShotFactory object at 0x7f93b99c3278>
2020-05-18T20:41:26-0300 [stdout#info] This divice have no simulation core instance
2020-05-18T20:41:26-0300 [twisted.internet.endpoints.OneShotFactory#info] Starting factory <twisted.internet.endpoints.connectProtocol.<locals>.OneShotFactory object at 0x7f93b99c39b0>
2020-05-18T20:41:31-0300 [-] 127.0.0.1:60008 - sending MQTT PUBLISH REQUEST - Number of events: 78
2020-05-18T20:41:31-0300 [twisted.internet.endpoints.OneShotFactory#info] Starting factory <twisted.internet.endpoints.connectProtocol.<locals>.OneShotFactory object at 0x7f93b99c3b38>
2020-05-18T20:41:31-0300 [twisted.internet.endpoints.OneShotFactory#info] Stopping factory <twisted.internet.endpoints.connectProtocol.<locals>.OneShotFactory object at 0x7f93b99c36d8>
2020-05-18T20:41:31-0300 [stdout#info] This divice have no simulation core instance
2020-05-18T20:41:31-0300 [twisted.internet.endpoints.OneShotFactory#info] Starting factory <twisted.internet.endpoints.connectProtocol.<locals>.OneShotFactory object at 0x7f93b99c3e10>
2020-05-18T20:41:36-0300 [-] 127.0.0.1:60008 - sending MQTT PUBLISH REQUEST - Number of events: 79
2020-05-18T20:41:36-0300 [twisted.internet.endpoints.OneShotFactory#info] Starting factory <twisted.internet.endpoints.connectProtocol.<locals>.OneShotFactory object at 0x7f93b99c9048>
2020-05-18T20:41:36-0300 [twisted.internet.endpoints.OneShotFactory#info] Stopping factory <twisted.internet.endpoints.connectProtocol.<locals>.OneShotFactory object at 0x7f93b99c3b38>
2020-05-18T20:41:36-0300 [stdout#info] This divice have no simulation core instance
2020-05-18T20:41:36-0300 [twisted.internet.endpoints.OneShotFactory#info] Starting factory <twisted.internet.endpoints.connectProtocol.<locals>.OneShotFactory object at 0x7f93b99c92b0>
2020-05-18T20:41:41-0300 [-] 127.0.0.1:60008 - sending MQTT PUBLISH REQUEST - Number of events: 80
2020-05-18T20:41:41-0300 [twisted.internet.endpoints.OneShotFactory#info] Starting factory <twisted.internet.endpoints.connectProtocol.<locals>.OneShotFactory object at 0x7f93b99c9438>
2020-05-18T20:41:41-0300 [twisted.internet.endpoints.OneShotFactory#info] Stopping factory <twisted.internet.endpoints.connectProtocol.<locals>.OneShotFactory object at 0x7f93b99c9048>
2020-05-18T20:41:41-0300 [stdout#info] This divice have no simulation core instance
2020-05-18T20:41:41-0300 [twisted.internet.endpoints.OneShotFactory#info] Starting factory <twisted.internet.endpoints.connectProtocol.<locals>.OneShotFactory object at 0x7f93b99c9710>
2020-05-18T20:41:46-0300 [-] 127.0.0.1:60008 - sending MQTT PUBLISH REQUEST - Number of events: 81
2020-05-18T20:41:46-0300 [twisted.internet.endpoints.OneShotFactory#info] Starting factory <twisted.internet.endpoints.connectProtocol.<locals>.OneShotFactory object at 0x7f93b99c94a8>
2020-05-18T20:41:46-0300 [twisted.internet.endpoints.OneShotFactory#info] Stopping factory <twisted.internet.endpoints.connectProtocol.<locals>.OneShotFactory object at 0x7f93b99c9438>
2020-05-18T20:41:46-0300 [stdout#info] This divice have no simulation core instance
2020-05-18T20:41:46-0300 [twisted.internet.endpoints.OneShotFactory#info] Starting factory <twisted.internet.endpoints.connectProtocol.<locals>.OneShotFactory object at 0x7f93b99c9b70>
2020-05-18T20:41:51-0300 [-] 127.0.0.1:60008 - sending MQTT PUBLISH REQUEST - Number of events: 82
2020-05-18T20:41:51-0300 [twisted.internet.endpoints.OneShotFactory#info] Starting factory <twisted.internet.endpoints.connectProtocol.<locals>.OneShotFactory object at 0x7f93b99c9d30>
2020-05-18T20:41:51-0300 [twisted.internet.endpoints.OneShotFactory#info] Stopping factory <twisted.internet.endpoints.connectProtocol.<locals>.OneShotFactory object at 0x7f93b99c94a8>
2020-05-18T20:41:51-0300 [stdout#info] This divice have no simulation core instance
2020-05-18T20:41:51-0300 [twisted.internet.endpoints.OneShotFactory#info] Starting factory <twisted.internet.endpoints.connectProtocol.<locals>.OneShotFactory object at 0x7f93b99c9fd0>
2020-05-18T20:41:56-0300 [-] 127.0.0.1:60008 - sending MQTT PUBLISH REQUEST - Number of events: 83
2020-05-18T20:41:56-0300 [twisted.internet.endpoints.OneShotFactory#info] Starting factory <twisted.internet.endpoints.connectProtocol.<locals>.OneShotFactory object at 0x7f93b99d2128>
2020-05-18T20:41:56-0300 [twisted.internet.endpoints.OneShotFactory#info] Stopping factory <twisted.internet.endpoints.connectProtocol.<locals>.OneShotFactory object at 0x7f93b99c9d30>
2020-05-18T20:41:56-0300 [stdout#info] This divice have no simulation core instance
2020-05-18T20:41:56-0300 [twisted.internet.endpoints.OneShotFactory#info] Starting factory <twisted.internet.endpoints.connectProtocol.<locals>.OneShotFactory object at 0x7f93b99d2470>
2020-05-18T20:42:01-0300 [-] 127.0.0.1:60008 - sending MQTT PUBLISH REQUEST - Number of events: 84
2020-05-18T20:42:01-0300 [twisted.internet.endpoints.OneShotFactory#info] Starting factory <twisted.internet.endpoints.connectProtocol.<locals>.OneShotFactory object at 0x7f93b99d25f8>
2020-05-18T20:42:01-0300 [twisted.internet.endpoints.OneShotFactory#info] Stopping factory <twisted.internet.endpoints.connectProtocol.<locals>.OneShotFactory object at 0x7f93b99d2128>
2020-05-18T20:42:01-0300 [stdout#info] This divice have no simulation core instance
2020-05-18T20:42:01-0300 [twisted.internet.endpoints.OneShotFactory#info] Starting factory <twisted.internet.endpoints.connectProtocol.<locals>.OneShotFactory object at 0x7f93b99d28d0>
2020-05-18T20:42:06-0300 [-] 127.0.0.1:60008 - sending MQTT PUBLISH REQUEST - Number of events: 85
2020-05-18T20:42:06-0300 [twisted.internet.endpoints.OneShotFactory#info] Starting factory <twisted.internet.endpoints.connectProtocol.<locals>.OneShotFactory object at 0x7f93b99d2a58>
2020-05-18T20:42:06-0300 [twisted.internet.endpoints.OneShotFactory#info] Stopping factory <twisted.internet.endpoints.connectProtocol.<locals>.OneShotFactory object at 0x7f93b99d25f8>
2020-05-18T20:42:06-0300 [stdout#info] This divice have no simulation core instance
2020-05-18T20:42:06-0300 [twisted.internet.endpoints.OneShotFactory#info] Starting factory <twisted.internet.endpoints.connectProtocol.<locals>.OneShotFactory object at 0x7f93b99d2d30>
2020-05-18T20:42:07-0300 [-] Received SIGINT, shutting down.
2020-05-18T20:42:07-0300 [twisted.internet.endpoints.OneShotFactory#info] Stopping factory <twisted.internet.endpoints.connectProtocol.<locals>.OneShotFactory object at 0x7f93b9a12fd0>
2020-05-18T20:42:07-0300 [twisted.internet.endpoints.OneShotFactory#info] Stopping factory <twisted.internet.endpoints.connectProtocol.<locals>.OneShotFactory object at 0x7f93b99c9fd0>
2020-05-18T20:42:07-0300 [twisted.internet.endpoints.OneShotFactory#info] Stopping factory <twisted.internet.endpoints.connectProtocol.<locals>.OneShotFactory object at 0x7f93b9a060f0>
2020-05-18T20:42:07-0300 [twisted.internet.endpoints.OneShotFactory#info] Stopping factory <twisted.internet.endpoints.connectProtocol.<locals>.OneShotFactory object at 0x7f93bb0f6198>
2020-05-18T20:42:07-0300 [twisted.internet.endpoints.OneShotFactory#info] Stopping factory <twisted.internet.endpoints.connectProtocol.<locals>.OneShotFactory object at 0x7f93bb0b61d0>
2020-05-18T20:42:07-0300 [twisted.internet.endpoints.OneShotFactory#info] Stopping factory <twisted.internet.endpoints.connectProtocol.<locals>.OneShotFactory object at 0x7f93bb12c208>
2020-05-18T20:42:07-0300 [twisted.internet.endpoints.OneShotFactory#info] Stopping factory <twisted.internet.endpoints.connectProtocol.<locals>.OneShotFactory object at 0x7f93b9a122b0>
2020-05-18T20:42:07-0300 [twisted.internet.endpoints.OneShotFactory#info] Stopping factory <twisted.internet.endpoints.connectProtocol.<locals>.OneShotFactory object at 0x7f93bb0c2358>
2020-05-18T20:42:07-0300 [twisted.internet.endpoints.OneShotFactory#info] Stopping factory <twisted.internet.endpoints.connectProtocol.<locals>.OneShotFactory object at 0x7f93bb14e390>
2020-05-18T20:42:07-0300 [twisted.internet.endpoints.OneShotFactory#info] Stopping factory <twisted.internet.endpoints.connectProtocol.<locals>.OneShotFactory object at 0x7f93bb0ce390>
2020-05-18T20:42:07-0300 [twisted.internet.endpoints.OneShotFactory#info] Stopping factory <twisted.internet.endpoints.connectProtocol.<locals>.OneShotFactory object at 0x7f93b9a34390>
2020-05-18T20:42:07-0300 [twisted.internet.endpoints.OneShotFactory#info] Stopping factory <twisted.internet.endpoints.connectProtocol.<locals>.OneShotFactory object at 0x7f93b9a5e470>
2020-05-18T20:42:07-0300 [twisted.internet.endpoints.OneShotFactory#info] Stopping factory <twisted.internet.endpoints.connectProtocol.<locals>.OneShotFactory object at 0x7f93b9a1c470>
2020-05-18T20:42:07-0300 [twisted.internet.endpoints.OneShotFactory#info] Stopping factory <twisted.internet.endpoints.connectProtocol.<locals>.OneShotFactory object at 0x7f93b99d2470>
2020-05-18T20:42:07-0300 [twisted.internet.endpoints.OneShotFactory#info] Stopping factory <twisted.internet.endpoints.connectProtocol.<locals>.OneShotFactory object at 0x7f93b9a06550>
2020-05-18T20:42:07-0300 [twisted.internet.endpoints.OneShotFactory#info] Stopping factory <twisted.internet.endpoints.connectProtocol.<locals>.OneShotFactory object at 0x7f93bb0b65f8>
2020-05-18T20:42:07-0300 [twisted.internet.endpoints.OneShotFactory#info] Stopping factory <twisted.internet.endpoints.connectProtocol.<locals>.OneShotFactory object at 0x7f93bb0f6630>
2020-05-18T20:42:07-0300 [twisted.internet.endpoints.OneShotFactory#info] Stopping factory <twisted.internet.endpoints.connectProtocol.<locals>.OneShotFactory object at 0x7f93b9a5e668>
2020-05-18T20:42:07-0300 [twisted.internet.endpoints.OneShotFactory#info] Stopping factory <twisted.internet.endpoints.connectProtocol.<locals>.OneShotFactory object at 0x7f93bb12c6d8>
2020-05-18T20:42:07-0300 [twisted.internet.endpoints.OneShotFactory#info] Stopping factory <twisted.internet.endpoints.connectProtocol.<locals>.OneShotFactory object at 0x7f93b9a12710>
2020-05-18T20:42:07-0300 [twisted.internet.endpoints.OneShotFactory#info] Stopping factory <twisted.internet.endpoints.connectProtocol.<locals>.OneShotFactory object at 0x7f93bb0c27b8>
2020-05-18T20:42:07-0300 [twisted.internet.endpoints.OneShotFactory#info] Stopping factory <twisted.internet.endpoints.connectProtocol.<locals>.OneShotFactory object at 0x7f93bb0ce7f0>
2020-05-18T20:42:07-0300 [twisted.internet.endpoints.OneShotFactory#info] Stopping factory <twisted.internet.endpoints.connectProtocol.<locals>.OneShotFactory object at 0x7f93b9a347f0>
2020-05-18T20:42:07-0300 [twisted.internet.endpoints.OneShotFactory#info] Stopping factory <twisted.internet.endpoints.connectProtocol.<locals>.OneShotFactory object at 0x7f93bb14e828>
2020-05-18T20:42:07-0300 [twisted.internet.endpoints.OneShotFactory#info] Stopping factory <twisted.internet.endpoints.connectProtocol.<locals>.OneShotFactory object at 0x7f93b9a1c8d0>
2020-05-18T20:42:07-0300 [twisted.internet.endpoints.OneShotFactory#info] Stopping factory <twisted.internet.endpoints.connectProtocol.<locals>.OneShotFactory object at 0x7f93b99d28d0>
2020-05-18T20:42:07-0300 [twisted.internet.endpoints.OneShotFactory#info] Stopping factory <twisted.internet.endpoints.connectProtocol.<locals>.OneShotFactory object at 0x7f93b9a069b0>
2020-05-18T20:42:07-0300 [twisted.internet.endpoints.OneShotFactory#info] Stopping factory <twisted.internet.endpoints.connectProtocol.<locals>.OneShotFactory object at 0x7f93b99d2a58>
2020-05-18T20:42:07-0300 [twisted.internet.endpoints.OneShotFactory#info] Stopping factory <twisted.internet.endpoints.connectProtocol.<locals>.OneShotFactory object at 0x7f93bb0b6a58>
2020-05-18T20:42:07-0300 [twisted.internet.endpoints.OneShotFactory#info] Stopping factory <twisted.internet.endpoints.connectProtocol.<locals>.OneShotFactory object at 0x7f93bb12ca90>
2020-05-18T20:42:07-0300 [twisted.internet.endpoints.OneShotFactory#info] Stopping factory <twisted.internet.endpoints.connectProtocol.<locals>.OneShotFactory object at 0x7f93bb0c2550>
2020-05-18T20:42:07-0300 [twisted.internet.endpoints.OneShotFactory#info] Stopping factory <twisted.internet.endpoints.connectProtocol.<locals>.OneShotFactory object at 0x7f93b9a3ff98>
2020-05-18T20:42:07-0300 [twisted.internet.endpoints.OneShotFactory#info] Stopping factory <twisted.internet.endpoints.connectProtocol.<locals>.OneShotFactory object at 0x7f93b9a12b70>
2020-05-18T20:42:07-0300 [twisted.internet.endpoints.OneShotFactory#info] Stopping factory <twisted.internet.endpoints.connectProtocol.<locals>.OneShotFactory object at 0x7f93b9a34c50>
2020-05-18T20:42:07-0300 [twisted.internet.endpoints.OneShotFactory#info] Stopping factory <twisted.internet.endpoints.connectProtocol.<locals>.OneShotFactory object at 0x7f93bb0cec88>
2020-05-18T20:42:07-0300 [twisted.internet.endpoints.OneShotFactory#info] Stopping factory <twisted.internet.endpoints.connectProtocol.<locals>.OneShotFactory object at 0x7f93bb14ecc0>
2020-05-18T20:42:07-0300 [twisted.internet.endpoints.OneShotFactory#info] Stopping factory <twisted.internet.endpoints.connectProtocol.<locals>.OneShotFactory object at 0x7f93b9a1cd30>
2020-05-18T20:42:07-0300 [twisted.internet.endpoints.OneShotFactory#info] Stopping factory <twisted.internet.endpoints.connectProtocol.<locals>.OneShotFactory object at 0x7f93b99d2d30>
2020-05-18T20:42:07-0300 [applications.accesspointapp.AccessPointFactory] (TCP Port 8082 Closed)
2020-05-18T20:42:07-0300 [twisted.internet.endpoints.OneShotFactory#info] Stopping factory <twisted.internet.endpoints.connectProtocol.<locals>.OneShotFactory object at 0x7f93b9a06e10>
2020-05-18T20:42:07-0300 [twisted.internet.endpoints.OneShotFactory#info] Stopping factory <twisted.internet.endpoints.connectProtocol.<locals>.OneShotFactory object at 0x7f93bb0b6eb8>
2020-05-18T20:42:07-0300 [twisted.internet.endpoints.OneShotFactory#info] Stopping factory <twisted.internet.endpoints.connectProtocol.<locals>.OneShotFactory object at 0x7f93bb12ceb8>
2020-05-18T20:42:07-0300 [twisted.internet.endpoints.OneShotFactory#info] Stopping factory <twisted.internet.endpoints.connectProtocol.<locals>.OneShotFactory object at 0x7f93bb0c2ef0>
2020-05-18T20:42:07-0300 [twisted.internet.endpoints.OneShotFactory#info] Stopping factory <twisted.internet.endpoints.connectProtocol.<locals>.OneShotFactory object at 0x7f93bb0f6f60>
2020-05-18T20:42:07-0300 [twisted.internet.endpoints.OneShotFactory#info] Stopping factory <twisted.internet.endpoints.connectProtocol.<locals>.OneShotFactory object at 0x7f93bb09df98>
2020-05-18T20:42:07-0300 [SubscriberApp,client] connection lost: Connection to the other side was lost in a non-clean fashion: Connection lost.
2020-05-18T20:42:07-0300 [SubscriberApp,client] connection lost - Number of events: 86
2020-05-18T20:42:07-0300 [twisted.internet.endpoints.OneShotFactory#info] Stopping factory <twisted.internet.endpoints.connectProtocol.<locals>.OneShotFactory object at 0x7f93b99c30f0>
2020-05-18T20:42:07-0300 [twisted.internet.endpoints.OneShotFactory#info] Stopping factory <twisted.internet.endpoints.connectProtocol.<locals>.OneShotFactory object at 0x7f93b9a291d0>
2020-05-18T20:42:07-0300 [twisted.internet.endpoints.OneShotFactory#info] Stopping factory <twisted.internet.endpoints.connectProtocol.<locals>.OneShotFactory object at 0x7f93bb09d208>
2020-05-18T20:42:07-0300 [twisted.internet.endpoints.OneShotFactory#info] Stopping factory <twisted.internet.endpoints.connectProtocol.<locals>.OneShotFactory object at 0x7f93b99c92b0>
2020-05-18T20:42:07-0300 [twisted.internet.endpoints.OneShotFactory#info] Stopping factory <twisted.internet.endpoints.connectProtocol.<locals>.OneShotFactory object at 0x7f93bb10d400>
2020-05-18T20:42:07-0300 [twisted.internet.endpoints.OneShotFactory#info] Stopping factory <twisted.internet.endpoints.connectProtocol.<locals>.OneShotFactory object at 0x7f93bb0a9438>
2020-05-18T20:42:07-0300 [SubscriberApp,client] connection lost: Connection to the other side was lost in a non-clean fashion: Connection lost.
2020-05-18T20:42:07-0300 [SubscriberApp,client] connection lost - Number of events: 87
2020-05-18T20:42:07-0300 [twisted.internet.endpoints.OneShotFactory#info] Stopping factory <twisted.internet.endpoints.connectProtocol.<locals>.OneShotFactory object at 0x7f93b99c3550>
2020-05-18T20:42:07-0300 [twisted.internet.endpoints.OneShotFactory#info] Stopping factory <twisted.internet.endpoints.connectProtocol.<locals>.OneShotFactory object at 0x7f93b9a29630>
2020-05-18T20:42:07-0300 [twisted.internet.endpoints.OneShotFactory#info] Stopping factory <twisted.internet.endpoints.connectProtocol.<locals>.OneShotFactory object at 0x7f93bb09d6a0>
2020-05-18T20:42:07-0300 [twisted.internet.endpoints.OneShotFactory#info] Stopping factory <twisted.internet.endpoints.connectProtocol.<locals>.OneShotFactory object at 0x7f93b99c9710>
2020-05-18T20:42:07-0300 [applications.mqttapp.BrokerFactory] (TCP Port 5100 Closed)
2020-05-18T20:42:07-0300 [twisted.internet.endpoints.OneShotFactory#info] Stopping factory <twisted.internet.endpoints.connectProtocol.<locals>.OneShotFactory object at 0x7f93b9a6f860>
2020-05-18T20:42:07-0300 [twisted.internet.endpoints.OneShotFactory#info] Stopping factory <twisted.internet.endpoints.connectProtocol.<locals>.OneShotFactory object at 0x7f93bb10d8d0>
2020-05-18T20:42:07-0300 [twisted.internet.endpoints.OneShotFactory#info] Stopping factory <twisted.internet.endpoints.connectProtocol.<locals>.OneShotFactory object at 0x7f93bb0a98d0>
2020-05-18T20:42:07-0300 [twisted.internet.endpoints.OneShotFactory#info] Stopping factory <twisted.internet.endpoints.connectProtocol.<locals>.OneShotFactory object at 0x7f93b99c39b0>
2020-05-18T20:42:07-0300 [twisted.internet.endpoints.OneShotFactory#info] Stopping factory <twisted.internet.endpoints.connectProtocol.<locals>.OneShotFactory object at 0x7f93b9a29a90>
2020-05-18T20:42:07-0300 [twisted.internet.endpoints.OneShotFactory#info] Stopping factory <twisted.internet.endpoints.connectProtocol.<locals>.OneShotFactory object at 0x7f93bb09db38>
2020-05-18T20:42:07-0300 [twisted.internet.endpoints.OneShotFactory#info] Stopping factory <twisted.internet.endpoints.connectProtocol.<locals>.OneShotFactory object at 0x7f93b99c9b70>
2020-05-18T20:42:07-0300 [applications.routerapp.RouterFactory] (TCP Port 8081 Closed)
2020-05-18T20:42:07-0300 [twisted.internet.endpoints.OneShotFactory#info] Stopping factory <twisted.internet.endpoints.connectProtocol.<locals>.OneShotFactory object at 0x7f93b9a6fcf8>
2020-05-18T20:42:07-0300 [twisted.internet.endpoints.OneShotFactory#info] Stopping factory <twisted.internet.endpoints.connectProtocol.<locals>.OneShotFactory object at 0x7f93bb0a9cf8>
2020-05-18T20:42:07-0300 [twisted.internet.endpoints.OneShotFactory#info] Stopping factory <twisted.internet.endpoints.connectProtocol.<locals>.OneShotFactory object at 0x7f93bb10dd30>
2020-05-18T20:42:07-0300 [PublisherApp,client] connection lost: Connection to the other side was lost in a non-clean fashion: Connection lost.
2020-05-18T20:42:07-0300 [PublisherApp,client] connection lost - Number of events: 88
2020-05-18T20:42:07-0300 [twisted.internet.endpoints.OneShotFactory#info] Stopping factory <twisted.internet.endpoints.connectProtocol.<locals>.OneShotFactory object at 0x7f93b99c3e10>
2020-05-18T20:42:07-0300 [twisted.internet.endpoints.OneShotFactory#info] Stopping factory <twisted.internet.endpoints.connectProtocol.<locals>.OneShotFactory object at 0x7f93b9a29ef0>
2020-05-18T20:42:07-0300 [-] Main loop terminated.
