2020-05-18T21:12:29-0300 [-] Creating router ...
2020-05-18T21:12:30-0300 [-] Initializing Router - Number of events: 1
2020-05-18T21:12:30-0300 [-] RouterFactory starting on 8081
2020-05-18T21:12:30-0300 [-] Creating AccessPoint station ...
2020-05-18T21:12:30-0300 [-] Initializing Access Point - Number of events: 2
2020-05-18T21:12:31-0300 [-] AccessPointFactory starting on 8082
2020-05-18T21:12:31-0300 [-] Creating fog node ...
2020-05-18T21:12:31-0300 [-] Initializing Client - Number of events: 3
2020-05-18T21:12:31-0300 [-] Creating fog node ...
2020-05-18T21:12:31-0300 [-] Initializing Client - Number of events: 4
2020-05-18T21:12:32-0300 [-] Creating fog node ...
2020-05-18T21:12:32-0300 [-] Initializing Server - Number of events: 5
2020-05-18T21:12:32-0300 [-] BrokerFactory starting on 5100
2020-05-18T21:12:32-0300 [-] Creating iot node ...
2020-05-18T21:12:32-0300 [-] Initializing Client - Number of events: 6
2020-05-18T21:12:33-0300 [-] Initializing sensor node - Number of events: 7
2020-05-18T21:12:33-0300 [-] Initializing sensor node - Number of events: 8
2020-05-18T21:12:34-0300 [stdout#info] =========================================
2020-05-18T21:12:34-0300 [stdout#info] sensor_2  -  sensor_2
2020-05-18T21:12:34-0300 [stdout#info] sensor_2  -  wsn_sink
2020-05-18T21:12:34-0300 [-] Initializing sensor node - Number of events: 9
2020-05-18T21:12:34-0300 [stdout#info] =========================================
2020-05-18T21:12:34-0300 [stdout#info] sensor_3  -  sensor_2
2020-05-18T21:12:34-0300 [stdout#info] sensor_3  -  sensor_3
2020-05-18T21:12:34-0300 [-] Initializing sensor node - Number of events: 10
2020-05-18T21:12:35-0300 [stdout#info] =========================================
2020-05-18T21:12:35-0300 [stdout#info] sensor_4  -  sensor_4
2020-05-18T21:12:35-0300 [-] Initializing sensor node - Number of events: 11
2020-05-18T21:12:35-0300 [stdout#info] =========================================
2020-05-18T21:12:35-0300 [stdout#info] sensor_5  -  sensor_5
2020-05-18T21:12:35-0300 [stdout#info] sensor_5  -  sensor_4
2020-05-18T21:12:35-0300 [-] Initializing sensor node - Number of events: 12
2020-05-18T21:12:36-0300 [stdout#info] =========================================
2020-05-18T21:12:36-0300 [stdout#info] sensor_6  -  sensor_6
2020-05-18T21:12:36-0300 [stdout#info] sensor_6  -  sensor_5
2020-05-18T21:12:36-0300 [stdout#info] sensor_6  -  sensor_4
2020-05-18T21:12:36-0300 [-] Initializing sensor node - Number of events: 13
2020-05-18T21:12:36-0300 [stdout#info] =========================================
2020-05-18T21:12:36-0300 [stdout#info] sensor_7  -  sensor_7
2020-05-18T21:12:36-0300 [stdout#info] sensor_7  -  sensor_5
2020-05-18T21:12:36-0300 [-] Initializing sensor node - Number of events: 14
2020-05-18T21:12:37-0300 [stdout#info] =========================================
2020-05-18T21:12:37-0300 [stdout#info] sensor_8  -  sensor_8
2020-05-18T21:12:37-0300 [stdout#info] sensor_8  -  sensor_5
2020-05-18T21:12:37-0300 [-] Initializing sensor node - Number of events: 15
2020-05-18T21:12:37-0300 [stdout#info] =========================================
2020-05-18T21:12:37-0300 [stdout#info] sensor_9  -  sensor_9
2020-05-18T21:12:37-0300 [stdout#info] sensor_9  -  sensor_6
2020-05-18T21:12:37-0300 [stdout#info] sensor_9  -  sensor_7
2020-05-18T21:12:37-0300 [-] Initializing sensor node - Number of events: 16
2020-05-18T21:12:38-0300 [stdout#info] =========================================
2020-05-18T21:12:38-0300 [stdout#info] sensor_10  -  sensor_8
2020-05-18T21:12:38-0300 [stdout#info] sensor_10  -  sensor_7
2020-05-18T21:12:38-0300 [stdout#info] sensor_10  -  sensor_10
2020-05-18T21:12:38-0300 [stdout#info] This divice have no simulation core instance
2020-05-18T21:12:38-0300 [stdout#info] This divice have no simulation core instance
2020-05-18T21:12:38-0300 [stdout#info] This divice have no simulation core instance
2020-05-18T21:12:38-0300 [stdout#info] This divice have no simulation core instance
2020-05-18T21:12:38-0300 [stdout#info] This divice have no simulation core instance
2020-05-18T21:12:38-0300 [Uninitialized] 127.0.0.1:53804 - Connected to mqtt broker - Number of events: 17
2020-05-18T21:12:38-0300 [Uninitialized] 127.0.0.1:53804 - sending MQTT SUBSCRIBE REQUEST - Number of events: 18
2020-05-18T21:12:38-0300 [Uninitialized] 127.0.0.1:53806 - Connected to mqtt broker - Number of events: 19
2020-05-18T21:12:38-0300 [Uninitialized] 127.0.0.1:53806 - sending MQTT SUBSCRIBE REQUEST - Number of events: 20
2020-05-18T21:12:38-0300 [Uninitialized] 127.0.0.1:34454 - Connected to mqtt broker - Number of events: 21
2020-05-18T21:12:38-0300 [Uninitialized] 127.0.0.1:34454 - sending MQTT PUBLISH REQUEST - Number of events: 22
2020-05-18T21:12:38-0300 [twisted.internet.endpoints.OneShotFactory#info] Starting factory <twisted.internet.endpoints.connectProtocol.<locals>.OneShotFactory object at 0x7f018a4c3550>
2020-05-18T21:12:38-0300 [twisted.internet.endpoints.OneShotFactory#info] Starting factory <twisted.internet.endpoints.connectProtocol.<locals>.OneShotFactory object at 0x7f018a4c3748>
2020-05-18T21:12:38-0300 [twisted.internet.endpoints.OneShotFactory#info] Starting factory <twisted.internet.endpoints.connectProtocol.<locals>.OneShotFactory object at 0x7f018a4c3978>
2020-05-18T21:12:38-0300 [stdout#info] This divice have no simulation core instance
2020-05-18T21:12:38-0300 [twisted.internet.endpoints.OneShotFactory#info] Starting factory <twisted.internet.endpoints.connectProtocol.<locals>.OneShotFactory object at 0x7f018a4d4358>
2020-05-18T21:12:43-0300 [-] 127.0.0.1:34454 - sending MQTT PUBLISH REQUEST - Number of events: 23
2020-05-18T21:12:43-0300 [twisted.internet.endpoints.OneShotFactory#info] Starting factory <twisted.internet.endpoints.connectProtocol.<locals>.OneShotFactory object at 0x7f018a4d46a0>
2020-05-18T21:12:43-0300 [twisted.internet.endpoints.OneShotFactory#info] Stopping factory <twisted.internet.endpoints.connectProtocol.<locals>.OneShotFactory object at 0x7f018a4c3978>
2020-05-18T21:12:43-0300 [stdout#info] This divice have no simulation core instance
2020-05-18T21:12:43-0300 [twisted.internet.endpoints.OneShotFactory#info] Starting factory <twisted.internet.endpoints.connectProtocol.<locals>.OneShotFactory object at 0x7f018a4d4940>
2020-05-18T21:12:43-0300 [twisted.internet.endpoints.OneShotFactory#info] Stopping factory <twisted.internet.endpoints.connectProtocol.<locals>.OneShotFactory object at 0x7f018a4d4358>
2020-05-18T21:12:48-0300 [-] 127.0.0.1:34454 - sending MQTT PUBLISH REQUEST - Number of events: 24
2020-05-18T21:12:48-0300 [twisted.internet.endpoints.OneShotFactory#info] Starting factory <twisted.internet.endpoints.connectProtocol.<locals>.OneShotFactory object at 0x7f018a4d4ba8>
2020-05-18T21:12:48-0300 [twisted.internet.endpoints.OneShotFactory#info] Stopping factory <twisted.internet.endpoints.connectProtocol.<locals>.OneShotFactory object at 0x7f018a4d46a0>
2020-05-18T21:12:48-0300 [stdout#info] This divice have no simulation core instance
2020-05-18T21:12:48-0300 [twisted.internet.endpoints.OneShotFactory#info] Starting factory <twisted.internet.endpoints.connectProtocol.<locals>.OneShotFactory object at 0x7f018a4d4dd8>
2020-05-18T21:12:53-0300 [-] 127.0.0.1:34454 - sending MQTT PUBLISH REQUEST - Number of events: 25
2020-05-18T21:12:53-0300 [twisted.internet.endpoints.OneShotFactory#info] Starting factory <twisted.internet.endpoints.connectProtocol.<locals>.OneShotFactory object at 0x7f018bb93080>
2020-05-18T21:12:53-0300 [twisted.internet.endpoints.OneShotFactory#info] Stopping factory <twisted.internet.endpoints.connectProtocol.<locals>.OneShotFactory object at 0x7f018a4d4ba8>
2020-05-18T21:12:53-0300 [stdout#info] This divice have no simulation core instance
2020-05-18T21:12:53-0300 [twisted.internet.endpoints.OneShotFactory#info] Starting factory <twisted.internet.endpoints.connectProtocol.<locals>.OneShotFactory object at 0x7f018bb932e8>
2020-05-18T21:12:58-0300 [-] 127.0.0.1:34454 - sending MQTT PUBLISH REQUEST - Number of events: 26
2020-05-18T21:12:58-0300 [twisted.internet.endpoints.OneShotFactory#info] Starting factory <twisted.internet.endpoints.connectProtocol.<locals>.OneShotFactory object at 0x7f018bb93588>
2020-05-18T21:12:58-0300 [twisted.internet.endpoints.OneShotFactory#info] Stopping factory <twisted.internet.endpoints.connectProtocol.<locals>.OneShotFactory object at 0x7f018bb93080>
2020-05-18T21:12:58-0300 [stdout#info] This divice have no simulation core instance
2020-05-18T21:12:58-0300 [twisted.internet.endpoints.OneShotFactory#info] Starting factory <twisted.internet.endpoints.connectProtocol.<locals>.OneShotFactory object at 0x7f018bb937f0>
2020-05-18T21:13:03-0300 [-] 127.0.0.1:34454 - sending MQTT PUBLISH REQUEST - Number of events: 27
2020-05-18T21:13:03-0300 [twisted.internet.endpoints.OneShotFactory#info] Starting factory <twisted.internet.endpoints.connectProtocol.<locals>.OneShotFactory object at 0x7f018bb939e8>
2020-05-18T21:13:03-0300 [twisted.internet.endpoints.OneShotFactory#info] Stopping factory <twisted.internet.endpoints.connectProtocol.<locals>.OneShotFactory object at 0x7f018bb93588>
2020-05-18T21:13:03-0300 [stdout#info] This divice have no simulation core instance
2020-05-18T21:13:03-0300 [twisted.internet.endpoints.OneShotFactory#info] Starting factory <twisted.internet.endpoints.connectProtocol.<locals>.OneShotFactory object at 0x7f018bb93b70>
2020-05-18T21:13:08-0300 [-] 127.0.0.1:34454 - sending MQTT PUBLISH REQUEST - Number of events: 28
2020-05-18T21:13:08-0300 [twisted.internet.endpoints.OneShotFactory#info] Starting factory <twisted.internet.endpoints.connectProtocol.<locals>.OneShotFactory object at 0x7f018bb93470>
2020-05-18T21:13:08-0300 [twisted.internet.endpoints.OneShotFactory#info] Stopping factory <twisted.internet.endpoints.connectProtocol.<locals>.OneShotFactory object at 0x7f018bb939e8>
2020-05-18T21:13:08-0300 [stdout#info] This divice have no simulation core instance
2020-05-18T21:13:08-0300 [twisted.internet.endpoints.OneShotFactory#info] Starting factory <twisted.internet.endpoints.connectProtocol.<locals>.OneShotFactory object at 0x7f018bb93f98>
2020-05-18T21:13:13-0300 [-] 127.0.0.1:34454 - sending MQTT PUBLISH REQUEST - Number of events: 29
2020-05-18T21:13:13-0300 [twisted.internet.endpoints.OneShotFactory#info] Starting factory <twisted.internet.endpoints.connectProtocol.<locals>.OneShotFactory object at 0x7f018bb48160>
2020-05-18T21:13:13-0300 [twisted.internet.endpoints.OneShotFactory#info] Stopping factory <twisted.internet.endpoints.connectProtocol.<locals>.OneShotFactory object at 0x7f018bb93470>
2020-05-18T21:13:13-0300 [stdout#info] This divice have no simulation core instance
2020-05-18T21:13:13-0300 [twisted.internet.endpoints.OneShotFactory#info] Starting factory <twisted.internet.endpoints.connectProtocol.<locals>.OneShotFactory object at 0x7f018bb48438>
2020-05-18T21:13:18-0300 [-] 127.0.0.1:34454 - sending MQTT PUBLISH REQUEST - Number of events: 30
2020-05-18T21:13:18-0300 [twisted.internet.endpoints.OneShotFactory#info] Starting factory <twisted.internet.endpoints.connectProtocol.<locals>.OneShotFactory object at 0x7f018bb480f0>
2020-05-18T21:13:18-0300 [twisted.internet.endpoints.OneShotFactory#info] Stopping factory <twisted.internet.endpoints.connectProtocol.<locals>.OneShotFactory object at 0x7f018bb48160>
2020-05-18T21:13:18-0300 [stdout#info] This divice have no simulation core instance
2020-05-18T21:13:18-0300 [twisted.internet.endpoints.OneShotFactory#info] Starting factory <twisted.internet.endpoints.connectProtocol.<locals>.OneShotFactory object at 0x7f018bb48860>
2020-05-18T21:13:23-0300 [-] 127.0.0.1:34454 - sending MQTT PUBLISH REQUEST - Number of events: 31
2020-05-18T21:13:23-0300 [twisted.internet.endpoints.OneShotFactory#info] Starting factory <twisted.internet.endpoints.connectProtocol.<locals>.OneShotFactory object at 0x7f018bb489e8>
2020-05-18T21:13:23-0300 [twisted.internet.endpoints.OneShotFactory#info] Stopping factory <twisted.internet.endpoints.connectProtocol.<locals>.OneShotFactory object at 0x7f018bb480f0>
2020-05-18T21:13:23-0300 [stdout#info] This divice have no simulation core instance
2020-05-18T21:13:23-0300 [twisted.internet.endpoints.OneShotFactory#info] Starting factory <twisted.internet.endpoints.connectProtocol.<locals>.OneShotFactory object at 0x7f018bb48cc0>
2020-05-18T21:13:28-0300 [-] 127.0.0.1:34454 - sending MQTT PUBLISH REQUEST - Number of events: 32
2020-05-18T21:13:28-0300 [twisted.internet.endpoints.OneShotFactory#info] Starting factory <twisted.internet.endpoints.connectProtocol.<locals>.OneShotFactory object at 0x7f018bb48f28>
2020-05-18T21:13:28-0300 [twisted.internet.endpoints.OneShotFactory#info] Stopping factory <twisted.internet.endpoints.connectProtocol.<locals>.OneShotFactory object at 0x7f018bb489e8>
2020-05-18T21:13:28-0300 [stdout#info] This divice have no simulation core instance
2020-05-18T21:13:28-0300 [twisted.internet.endpoints.OneShotFactory#info] Starting factory <twisted.internet.endpoints.connectProtocol.<locals>.OneShotFactory object at 0x7f018bb67198>
2020-05-18T21:13:33-0300 [-] 127.0.0.1:34454 - sending MQTT PUBLISH REQUEST - Number of events: 33
2020-05-18T21:13:33-0300 [twisted.internet.endpoints.OneShotFactory#info] Starting factory <twisted.internet.endpoints.connectProtocol.<locals>.OneShotFactory object at 0x7f018bb670b8>
2020-05-18T21:13:33-0300 [twisted.internet.endpoints.OneShotFactory#info] Stopping factory <twisted.internet.endpoints.connectProtocol.<locals>.OneShotFactory object at 0x7f018bb48f28>
2020-05-18T21:13:33-0300 [stdout#info] This divice have no simulation core instance
2020-05-18T21:13:33-0300 [twisted.internet.endpoints.OneShotFactory#info] Starting factory <twisted.internet.endpoints.connectProtocol.<locals>.OneShotFactory object at 0x7f018bb675c0>
2020-05-18T21:13:38-0300 [-] 127.0.0.1:34454 - sending MQTT PUBLISH REQUEST - Number of events: 34
2020-05-18T21:13:38-0300 [twisted.internet.endpoints.OneShotFactory#info] Starting factory <twisted.internet.endpoints.connectProtocol.<locals>.OneShotFactory object at 0x7f018bb67748>
2020-05-18T21:13:38-0300 [twisted.internet.endpoints.OneShotFactory#info] Stopping factory <twisted.internet.endpoints.connectProtocol.<locals>.OneShotFactory object at 0x7f018bb670b8>
2020-05-18T21:13:38-0300 [stdout#info] This divice have no simulation core instance
2020-05-18T21:13:38-0300 [twisted.internet.endpoints.OneShotFactory#info] Starting factory <twisted.internet.endpoints.connectProtocol.<locals>.OneShotFactory object at 0x7f018bb67a20>
2020-05-18T21:13:43-0300 [-] 127.0.0.1:34454 - sending MQTT PUBLISH REQUEST - Number of events: 35
2020-05-18T21:13:43-0300 [twisted.internet.endpoints.OneShotFactory#info] Starting factory <twisted.internet.endpoints.connectProtocol.<locals>.OneShotFactory object at 0x7f018bb67ba8>
2020-05-18T21:13:43-0300 [twisted.internet.endpoints.OneShotFactory#info] Stopping factory <twisted.internet.endpoints.connectProtocol.<locals>.OneShotFactory object at 0x7f018bb67748>
2020-05-18T21:13:43-0300 [stdout#info] This divice have no simulation core instance
2020-05-18T21:13:43-0300 [twisted.internet.endpoints.OneShotFactory#info] Starting factory <twisted.internet.endpoints.connectProtocol.<locals>.OneShotFactory object at 0x7f018bb67e80>
2020-05-18T21:13:48-0300 [-] 127.0.0.1:34454 - sending MQTT PUBLISH REQUEST - Number of events: 36
2020-05-18T21:13:48-0300 [twisted.internet.endpoints.OneShotFactory#info] Starting factory <twisted.internet.endpoints.connectProtocol.<locals>.OneShotFactory object at 0x7f018bb780f0>
2020-05-18T21:13:48-0300 [twisted.internet.endpoints.OneShotFactory#info] Stopping factory <twisted.internet.endpoints.connectProtocol.<locals>.OneShotFactory object at 0x7f018bb67ba8>
2020-05-18T21:13:48-0300 [stdout#info] This divice have no simulation core instance
2020-05-18T21:13:48-0300 [twisted.internet.endpoints.OneShotFactory#info] Starting factory <twisted.internet.endpoints.connectProtocol.<locals>.OneShotFactory object at 0x7f018bb78320>
2020-05-18T21:13:53-0300 [-] 127.0.0.1:34454 - sending MQTT PUBLISH REQUEST - Number of events: 37
2020-05-18T21:13:53-0300 [twisted.internet.endpoints.OneShotFactory#info] Starting factory <twisted.internet.endpoints.connectProtocol.<locals>.OneShotFactory object at 0x7f018bb78208>
2020-05-18T21:13:53-0300 [twisted.internet.endpoints.OneShotFactory#info] Stopping factory <twisted.internet.endpoints.connectProtocol.<locals>.OneShotFactory object at 0x7f018bb780f0>
2020-05-18T21:13:53-0300 [stdout#info] This divice have no simulation core instance
2020-05-18T21:13:53-0300 [twisted.internet.endpoints.OneShotFactory#info] Starting factory <twisted.internet.endpoints.connectProtocol.<locals>.OneShotFactory object at 0x7f018bb78780>
2020-05-18T21:13:58-0300 [-] 127.0.0.1:34454 - sending MQTT PUBLISH REQUEST - Number of events: 38
2020-05-18T21:13:58-0300 [twisted.internet.endpoints.OneShotFactory#info] Starting factory <twisted.internet.endpoints.connectProtocol.<locals>.OneShotFactory object at 0x7f018bb784a8>
2020-05-18T21:13:58-0300 [twisted.internet.endpoints.OneShotFactory#info] Stopping factory <twisted.internet.endpoints.connectProtocol.<locals>.OneShotFactory object at 0x7f018bb78208>
2020-05-18T21:13:58-0300 [stdout#info] This divice have no simulation core instance
2020-05-18T21:13:58-0300 [twisted.internet.endpoints.OneShotFactory#info] Starting factory <twisted.internet.endpoints.connectProtocol.<locals>.OneShotFactory object at 0x7f018bb78be0>
2020-05-18T21:14:03-0300 [-] 127.0.0.1:34454 - sending MQTT PUBLISH REQUEST - Number of events: 39
2020-05-18T21:14:03-0300 [twisted.internet.endpoints.OneShotFactory#info] Starting factory <twisted.internet.endpoints.connectProtocol.<locals>.OneShotFactory object at 0x7f018bb78d68>
2020-05-18T21:14:03-0300 [twisted.internet.endpoints.OneShotFactory#info] Stopping factory <twisted.internet.endpoints.connectProtocol.<locals>.OneShotFactory object at 0x7f018bb784a8>
2020-05-18T21:14:03-0300 [stdout#info] This divice have no simulation core instance
2020-05-18T21:14:03-0300 [twisted.internet.endpoints.OneShotFactory#info] Starting factory <twisted.internet.endpoints.connectProtocol.<locals>.OneShotFactory object at 0x7f018bb04080>
2020-05-18T21:14:08-0300 [-] 127.0.0.1:34454 - sending MQTT PUBLISH REQUEST - Number of events: 40
2020-05-18T21:14:08-0300 [twisted.internet.endpoints.OneShotFactory#info] Starting factory <twisted.internet.endpoints.connectProtocol.<locals>.OneShotFactory object at 0x7f018bb042e8>
2020-05-18T21:14:08-0300 [twisted.internet.endpoints.OneShotFactory#info] Stopping factory <twisted.internet.endpoints.connectProtocol.<locals>.OneShotFactory object at 0x7f018bb78d68>
2020-05-18T21:14:08-0300 [stdout#info] This divice have no simulation core instance
2020-05-18T21:14:08-0300 [twisted.internet.endpoints.OneShotFactory#info] Starting factory <twisted.internet.endpoints.connectProtocol.<locals>.OneShotFactory object at 0x7f018bb044e0>
2020-05-18T21:14:10-0300 [-] Closing IoTFogSim Application...
2020-05-18T21:14:10-0300 [twisted.internet.endpoints.OneShotFactory#info] Stopping factory <twisted.internet.endpoints.connectProtocol.<locals>.OneShotFactory object at 0x7f018a4c3748>
2020-05-18T21:14:10-0300 [twisted.internet.endpoints.OneShotFactory#info] Stopping factory <twisted.internet.endpoints.connectProtocol.<locals>.OneShotFactory object at 0x7f018bb78780>
2020-05-18T21:14:10-0300 [twisted.internet.endpoints.OneShotFactory#info] Stopping factory <twisted.internet.endpoints.connectProtocol.<locals>.OneShotFactory object at 0x7f018bb93f98>
2020-05-18T21:14:10-0300 [twisted.internet.endpoints.OneShotFactory#info] Stopping factory <twisted.internet.endpoints.connectProtocol.<locals>.OneShotFactory object at 0x7f018bb937f0>
2020-05-18T21:14:10-0300 [twisted.internet.endpoints.OneShotFactory#info] Stopping factory <twisted.internet.endpoints.connectProtocol.<locals>.OneShotFactory object at 0x7f018bb48860>
2020-05-18T21:14:10-0300 [applications.mqttapp.BrokerFactory] (TCP Port 5100 Closed)
2020-05-18T21:14:10-0300 [twisted.internet.endpoints.OneShotFactory#info] Stopping factory <twisted.internet.endpoints.connectProtocol.<locals>.OneShotFactory object at 0x7f018bb04080>
2020-05-18T21:14:10-0300 [twisted.internet.endpoints.OneShotFactory#info] Stopping factory <twisted.internet.endpoints.connectProtocol.<locals>.OneShotFactory object at 0x7f018a4d4940>
2020-05-18T21:14:10-0300 [SubscriberApp,client] connection lost: Connection to the other side was lost in a non-clean fashion: Connection lost.
2020-05-18T21:14:10-0300 [SubscriberApp,client] connection lost - Number of events: 41
2020-05-18T21:14:10-0300 [twisted.internet.endpoints.OneShotFactory#info] Stopping factory <twisted.internet.endpoints.connectProtocol.<locals>.OneShotFactory object at 0x7f018bb67198>
2020-05-18T21:14:10-0300 [twisted.internet.endpoints.OneShotFactory#info] Stopping factory <twisted.internet.endpoints.connectProtocol.<locals>.OneShotFactory object at 0x7f018bb67a20>
2020-05-18T21:14:10-0300 [twisted.internet.endpoints.OneShotFactory#info] Stopping factory <twisted.internet.endpoints.connectProtocol.<locals>.OneShotFactory object at 0x7f018bb042e8>
2020-05-18T21:14:10-0300 [twisted.internet.endpoints.OneShotFactory#info] Stopping factory <twisted.internet.endpoints.connectProtocol.<locals>.OneShotFactory object at 0x7f018bb932e8>
2020-05-18T21:14:10-0300 [twisted.internet.endpoints.OneShotFactory#info] Stopping factory <twisted.internet.endpoints.connectProtocol.<locals>.OneShotFactory object at 0x7f018bb78320>
2020-05-18T21:14:10-0300 [twisted.internet.endpoints.OneShotFactory#info] Stopping factory <twisted.internet.endpoints.connectProtocol.<locals>.OneShotFactory object at 0x7f018bb93b70>
2020-05-18T21:14:10-0300 [twisted.internet.endpoints.OneShotFactory#info] Stopping factory <twisted.internet.endpoints.connectProtocol.<locals>.OneShotFactory object at 0x7f018bb78be0>
2020-05-18T21:14:10-0300 [twisted.internet.endpoints.OneShotFactory#info] Stopping factory <twisted.internet.endpoints.connectProtocol.<locals>.OneShotFactory object at 0x7f018bb48438>
2020-05-18T21:14:10-0300 [applications.routerapp.RouterFactory] (TCP Port 8081 Closed)
2020-05-18T21:14:10-0300 [twisted.internet.endpoints.OneShotFactory#info] Stopping factory <twisted.internet.endpoints.connectProtocol.<locals>.OneShotFactory object at 0x7f018bb48cc0>
2020-05-18T21:14:10-0300 [twisted.internet.endpoints.OneShotFactory#info] Stopping factory <twisted.internet.endpoints.connectProtocol.<locals>.OneShotFactory object at 0x7f018bb044e0>
2020-05-18T21:14:10-0300 [SubscriberApp,client] connection lost: Connection to the other side was lost in a non-clean fashion: Connection lost.
2020-05-18T21:14:10-0300 [SubscriberApp,client] connection lost - Number of events: 42
2020-05-18T21:14:10-0300 [twisted.internet.endpoints.OneShotFactory#info] Stopping factory <twisted.internet.endpoints.connectProtocol.<locals>.OneShotFactory object at 0x7f018a4c3550>
2020-05-18T21:14:10-0300 [twisted.internet.endpoints.OneShotFactory#info] Stopping factory <twisted.internet.endpoints.connectProtocol.<locals>.OneShotFactory object at 0x7f018bb675c0>
2020-05-18T21:14:10-0300 [applications.accesspointapp.AccessPointFactory] (TCP Port 8082 Closed)
2020-05-18T21:14:10-0300 [PublisherApp,client] connection lost: Connection to the other side was lost in a non-clean fashion: Connection lost.
2020-05-18T21:14:10-0300 [PublisherApp,client] connection lost - Number of events: 43
2020-05-18T21:14:10-0300 [twisted.internet.endpoints.OneShotFactory#info] Stopping factory <twisted.internet.endpoints.connectProtocol.<locals>.OneShotFactory object at 0x7f018a4d4dd8>
2020-05-18T21:14:10-0300 [twisted.internet.endpoints.OneShotFactory#info] Stopping factory <twisted.internet.endpoints.connectProtocol.<locals>.OneShotFactory object at 0x7f018bb67e80>
2020-05-18T21:14:10-0300 [-] Main loop terminated.
