2020-06-07T21:48:45-0300 [-] Creating router ...
2020-06-07T21:48:45-0300 [-] Initializing Router - Number of events: 1
2020-06-07T21:48:46-0300 [-] RouterFactory starting on 8081
2020-06-07T21:48:46-0300 [-] Creating AccessPoint station ...
2020-06-07T21:48:46-0300 [-] Initializing Access Point - Number of events: 2
2020-06-07T21:48:46-0300 [-] There is no wifi devices in this simulation or it is not in this wifi signal coverage area.
2020-06-07T21:48:46-0300 [-] Initializing Server - Number of events: 3
2020-06-07T21:48:47-0300 [-] BrokerFactory starting on 5100
2020-06-07T21:48:47-0300 [-] Initializing Client - Number of events: 4
2020-06-07T21:48:47-0300 [-] Initializing Client - Number of events: 5
2020-06-07T21:48:48-0300 [-] Initializing sink node - Number of events: 6
2020-06-07T21:48:48-0300 [-] Initializing sensor node - Number of events: 7
2020-06-07T21:48:49-0300 [-] Initializing sensor node - Number of events: 8
2020-06-07T21:48:49-0300 [-] Initializing sensor node - Number of events: 9
2020-06-07T21:48:50-0300 [-] Initializing sensor node - Number of events: 10
2020-06-07T21:48:50-0300 [-] Initializing sensor node - Number of events: 11
2020-06-07T21:48:51-0300 [-] Initializing sensor node - Number of events: 12
2020-06-07T21:48:51-0300 [-] Initializing sensor node - Number of events: 13
2020-06-07T21:48:52-0300 [-] Initializing sensor node - Number of events: 14
2020-06-07T21:48:52-0300 [-] Initializing sensor node - Number of events: 15
2020-06-07T21:48:53-0300 [stdout#info] ========= sensor_4 ==========
2020-06-07T21:48:53-0300 [stdout#info] sensor_4  <------->  sensor_3
2020-06-07T21:48:53-0300 [stdout#info] =============================
2020-06-07T21:48:53-0300 [-] wsn node send data - Number of events: 16
2020-06-07T21:48:53-0300 [-] wsn node send data - Number of events: 17
2020-06-07T21:48:53-0300 [stdout#info] ========= sensor_7 ==========
2020-06-07T21:48:53-0300 [stdout#info] sensor_7  <------->  sensor_8
2020-06-07T21:48:53-0300 [stdout#info] =============================
2020-06-07T21:48:53-0300 [-] wsn node send data - Number of events: 18
2020-06-07T21:48:53-0300 [-] wsn node send data - Number of events: 19
2020-06-07T21:48:53-0300 [stdout#info] ========= sensor_6 ==========
2020-06-07T21:48:53-0300 [stdout#info] sensor_6  <------->  sensor_5
2020-06-07T21:48:53-0300 [stdout#info] =============================
2020-06-07T21:48:53-0300 [-] wsn node send data - Number of events: 20
2020-06-07T21:48:53-0300 [-] wsn node send data - Number of events: 21
2020-06-07T21:48:53-0300 [stdout#info] ========= sensor_9 ==========
2020-06-07T21:48:53-0300 [stdout#info] =============================
2020-06-07T21:48:53-0300 [stdout#info] ========= sensor_3 ==========
2020-06-07T21:48:53-0300 [stdout#info] sensor_3  <------->  sensor_4
2020-06-07T21:48:53-0300 [stdout#info] sensor_3  <------->  sensor_1
2020-06-07T21:48:53-0300 [stdout#info] =============================
2020-06-07T21:48:53-0300 [-] wsn node send data - Number of events: 22
2020-06-07T21:48:53-0300 [-] wsn node send data - Number of events: 23
2020-06-07T21:48:53-0300 [-] wsn node send data - Number of events: 24
2020-06-07T21:48:53-0300 [-] wsn node send data - Number of events: 25
2020-06-07T21:48:53-0300 [-] wsn node send data - Number of events: 26
2020-06-07T21:48:53-0300 [-] wsn node send data - Number of events: 27
2020-06-07T21:48:53-0300 [-] wsn node send data - Number of events: 28
2020-06-07T21:48:53-0300 [-] wsn node send data - Number of events: 29
2020-06-07T21:48:53-0300 [stdout#info] ========= sensor_1 ==========
2020-06-07T21:48:53-0300 [stdout#info] sensor_1  <------->  wsn_sink
2020-06-07T21:48:53-0300 [stdout#info] sensor_1  <------->  sensor_3
2020-06-07T21:48:53-0300 [stdout#info] =============================
2020-06-07T21:48:53-0300 [-] wsn node send data - Number of events: 30
2020-06-07T21:48:53-0300 [-] wsn node send data - Number of events: 31
2020-06-07T21:48:53-0300 [-] wsn node send data - Number of events: 32
2020-06-07T21:48:53-0300 [-] wsn node send data - Number of events: 33
2020-06-07T21:48:53-0300 [-] wsn node send data - Number of events: 34
2020-06-07T21:48:53-0300 [-] wsn node send data - Number of events: 35
2020-06-07T21:48:53-0300 [-] wsn node send data - Number of events: 36
2020-06-07T21:48:53-0300 [-] wsn node send data - Number of events: 37
2020-06-07T21:48:53-0300 [-] wsn node send data - Number of events: 38
2020-06-07T21:48:53-0300 [-] wsn node send data - Number of events: 39
2020-06-07T21:48:53-0300 [-] wsn node send data - Number of events: 40
2020-06-07T21:48:53-0300 [stdout#info] ========= sensor_5 ==========
2020-06-07T21:48:53-0300 [stdout#info] sensor_5  <------->  sensor_6
2020-06-07T21:48:53-0300 [stdout#info] =============================
2020-06-07T21:48:53-0300 [-] wsn node send data - Number of events: 41
2020-06-07T21:48:53-0300 [-] wsn node send data - Number of events: 42
2020-06-07T21:48:53-0300 [stdout#info] ========= sensor_8 ==========
2020-06-07T21:48:53-0300 [stdout#info] sensor_8  <------->  sensor_7
2020-06-07T21:48:53-0300 [stdout#info] =============================
2020-06-07T21:48:53-0300 [-] wsn node send data - Number of events: 43
2020-06-07T21:48:53-0300 [-] wsn node send data - Number of events: 44
2020-06-07T21:48:53-0300 [stdout#info] ========= sensor_2 ==========
2020-06-07T21:48:53-0300 [stdout#info] =============================
2020-06-07T21:48:53-0300 [stdout#info] This divice have no simulation core instance
2020-06-07T21:48:53-0300 [stdout#info] This divice have no simulation core instance
2020-06-07T21:48:53-0300 [stdout#info] This divice have no simulation core instance
2020-06-07T21:48:53-0300 [stdout#info] This divice have no simulation core instance
2020-06-07T21:48:53-0300 [Uninitialized] 127.0.0.1:43184 - Connected to mqtt broker - Number of events: 45
2020-06-07T21:48:53-0300 [Uninitialized] 127.0.0.1:43184 - sending MQTT SUBSCRIBE REQUEST - Number of events: 46
2020-06-07T21:48:53-0300 [Uninitialized] 127.0.0.1:43186 - Connected to mqtt broker - Number of events: 47
2020-06-07T21:48:53-0300 [Uninitialized] 127.0.0.1:43186 - sending MQTT SUBSCRIBE REQUEST - Number of events: 48
2020-06-07T21:48:53-0300 [twisted.internet.endpoints.OneShotFactory#info] Starting factory <twisted.internet.endpoints.connectProtocol.<locals>.OneShotFactory object at 0x7f22292b7e48>
2020-06-07T21:48:53-0300 [twisted.internet.endpoints.OneShotFactory#info] Starting factory <twisted.internet.endpoints.connectProtocol.<locals>.OneShotFactory object at 0x7f222b2707b8>
2020-06-07T21:48:54-0300 [-] Unhandled Error
	Traceback (most recent call last):
	  File "run_iotfogsim.py", line 23, in <module>
	    reactor.run()
	  File "/home/rafael/iotfogsim/vm/lib/python3.6/site-packages/twisted/internet/base.py", line 1283, in run
	    self.mainLoop()
	  File "/home/rafael/iotfogsim/vm/lib/python3.6/site-packages/twisted/internet/base.py", line 1292, in mainLoop
	    self.runUntilCurrent()
	--- <exception caught here> ---
	  File "/home/rafael/iotfogsim/vm/lib/python3.6/site-packages/twisted/internet/base.py", line 913, in runUntilCurrent
	    call.func(*call.args, **call.kw)
	  File "/home/rafael/iotfogsim/scinetsim/applications/accesspointapp.py", line 115, in passive_scanning
	    self.associate(device)
	  File "/home/rafael/iotfogsim/scinetsim/applications/accesspointapp.py", line 146, in associate
	    if not (device in self.associated_devices) and device.application.is_connected == False:
	builtins.AttributeError: 'NoneType' object has no attribute 'application'
	
2020-06-07T21:48:56-0300 [-] wsn node send data - Number of events: 49
2020-06-07T21:48:56-0300 [-] wsn node send data - Number of events: 50
2020-06-07T21:48:56-0300 [-] wsn node send data - Number of events: 51
2020-06-07T21:48:56-0300 [-] wsn node send data - Number of events: 52
2020-06-07T21:48:56-0300 [-] wsn node send data - Number of events: 53
2020-06-07T21:48:56-0300 [-] wsn node send data - Number of events: 54
2020-06-07T21:48:56-0300 [-] wsn node send data - Number of events: 55
2020-06-07T21:48:56-0300 [-] wsn node send data - Number of events: 56
2020-06-07T21:48:56-0300 [-] wsn node send data - Number of events: 57
2020-06-07T21:48:56-0300 [-] wsn node send data - Number of events: 58
2020-06-07T21:48:56-0300 [-] wsn node send data - Number of events: 59
2020-06-07T21:48:56-0300 [-] wsn node send data - Number of events: 60
2020-06-07T21:48:56-0300 [-] wsn node send data - Number of events: 61
2020-06-07T21:48:56-0300 [-] wsn node send data - Number of events: 62
2020-06-07T21:48:56-0300 [-] wsn node send data - Number of events: 63
2020-06-07T21:48:56-0300 [-] wsn node send data - Number of events: 64
2020-06-07T21:48:56-0300 [-] wsn node send data - Number of events: 65
2020-06-07T21:48:56-0300 [-] wsn node send data - Number of events: 66
2020-06-07T21:48:56-0300 [-] wsn node send data - Number of events: 67
2020-06-07T21:48:56-0300 [-] wsn node send data - Number of events: 68
2020-06-07T21:48:56-0300 [-] wsn node send data - Number of events: 69
2020-06-07T21:48:56-0300 [-] wsn node send data - Number of events: 70
2020-06-07T21:48:56-0300 [-] wsn node send data - Number of events: 71
2020-06-07T21:48:56-0300 [-] wsn node send data - Number of events: 72
2020-06-07T21:48:56-0300 [-] wsn node send data - Number of events: 73
2020-06-07T21:48:56-0300 [-] wsn node send data - Number of events: 74
2020-06-07T21:48:56-0300 [-] wsn node send data - Number of events: 75
2020-06-07T21:48:56-0300 [-] wsn node send data - Number of events: 76
2020-06-07T21:48:56-0300 [-] wsn node send data - Number of events: 77
2020-06-07T21:48:56-0300 [-] wsn node send data - Number of events: 78
2020-06-07T21:48:56-0300 [-] wsn node send data - Number of events: 79
2020-06-07T21:48:56-0300 [-] wsn node send data - Number of events: 80
2020-06-07T21:48:58-0300 [-] Received SIGINT, shutting down.
2020-06-07T21:48:58-0300 [SubscriberApp,client] connection lost: Connection to the other side was lost in a non-clean fashion: Connection lost.
2020-06-07T21:48:58-0300 [SubscriberApp,client] connection lost - Number of events: 81
2020-06-07T21:48:58-0300 [SubscriberApp,client] connection lost: Connection to the other side was lost in a non-clean fashion: Connection lost.
2020-06-07T21:48:58-0300 [SubscriberApp,client] connection lost - Number of events: 82
2020-06-07T21:48:58-0300 [applications.mqttapp.BrokerFactory] (TCP Port 5100 Closed)
2020-06-07T21:48:58-0300 [applications.routerapp.RouterFactory] (TCP Port 8081 Closed)
2020-06-07T21:48:58-0300 [twisted.internet.endpoints.OneShotFactory#info] Stopping factory <twisted.internet.endpoints.connectProtocol.<locals>.OneShotFactory object at 0x7f222b2707b8>
2020-06-07T21:48:58-0300 [twisted.internet.endpoints.OneShotFactory#info] Stopping factory <twisted.internet.endpoints.connectProtocol.<locals>.OneShotFactory object at 0x7f22292b7e48>
2020-06-07T21:48:58-0300 [-] Main loop terminated.
