2020-05-16T10:28:29-0300 [-] Creating router ...
2020-05-16T10:28:29-0300 [-] Initializing Router - Number of events: 1
2020-05-16T10:28:30-0300 [-] RouterFactory starting on 8081
2020-05-16T10:28:30-0300 [-] Creating AccessPoint station ...
2020-05-16T10:28:30-0300 [-] Initializing Access Point - Number of events: 2
2020-05-16T10:28:30-0300 [-] AccessPointFactory starting on 8082
2020-05-16T10:28:30-0300 [-] Creating fog node ...
2020-05-16T10:28:30-0300 [-] Initializing Client - Number of events: 3
2020-05-16T10:28:31-0300 [-] Creating fog node ...
2020-05-16T10:28:31-0300 [-] Initializing Client - Number of events: 4
2020-05-16T10:28:31-0300 [-] Creating fog node ...
2020-05-16T10:28:31-0300 [-] Initializing Server - Number of events: 5
2020-05-16T10:28:32-0300 [-] BrokerFactory starting on 5100
2020-05-16T10:28:32-0300 [-] Creating iot node ...
2020-05-16T10:28:32-0300 [-] Initializing Client - Number of events: 6
2020-05-16T10:28:32-0300 [-] Initializing sensor node - Number of events: 7
2020-05-16T10:28:33-0300 [-] Initializing sensor node - Number of events: 8
2020-05-16T10:28:33-0300 [stdout#info] {'22.07 Kwh'}
2020-05-16T10:28:33-0300 [-] Initializing sensor node - Number of events: 9
2020-05-16T10:28:34-0300 [stdout#info] {'14.75 Kwh'}
2020-05-16T10:28:34-0300 [-] Initializing sensor node - Number of events: 10
2020-05-16T10:28:34-0300 [stdout#info] {'11.97 Kwh'}
2020-05-16T10:28:34-0300 [-] Initializing sensor node - Number of events: 11
2020-05-16T10:28:35-0300 [stdout#info] {'19.08 Kwh'}
2020-05-16T10:28:35-0300 [-] Initializing sensor node - Number of events: 12
2020-05-16T10:28:35-0300 [stdout#info] {'21.51 Kwh'}
2020-05-16T10:28:35-0300 [-] Initializing sensor node - Number of events: 13
2020-05-16T10:28:36-0300 [stdout#info] {'14.58 Kwh'}
2020-05-16T10:28:36-0300 [-] Initializing sensor node - Number of events: 14
2020-05-16T10:28:36-0300 [stdout#info] {'8.23 Kwh'}
2020-05-16T10:28:36-0300 [-] Initializing sensor node - Number of events: 15
2020-05-16T10:28:37-0300 [stdout#info] {'10.56 Kwh'}
2020-05-16T10:28:37-0300 [-] Initializing sensor node - Number of events: 16
2020-05-16T10:28:37-0300 [stdout#info] {'17.05 Kwh'}
2020-05-16T10:28:37-0300 [stdout#info] <scinetsim.standarddevice.WSNSensorNode object at 0x7fbe4b08ca20>
2020-05-16T10:28:37-0300 [stdout#info] <scinetsim.standarddevice.WSNSensorNode object at 0x7fbe4b086860>
2020-05-16T10:28:37-0300 [stdout#info] <scinetsim.standarddevice.WSNSensorNode object at 0x7fbe4b08c6a0>
2020-05-16T10:28:37-0300 [stdout#info] <scinetsim.standarddevice.WSNSensorNode object at 0x7fbe4b0864e0>
2020-05-16T10:28:37-0300 [stdout#info] <scinetsim.standarddevice.WSNSensorNode object at 0x7fbe4b08c320>
2020-05-16T10:28:37-0300 [stdout#info] <scinetsim.standarddevice.WSNSensorNode object at 0x7fbe4b086f60>
2020-05-16T10:28:37-0300 [stdout#info] <scinetsim.standarddevice.WSNSensorNode object at 0x7fbe4b086198>
2020-05-16T10:28:37-0300 [stdout#info] <scinetsim.standarddevice.WSNSensorNode object at 0x7fbe4b08cda0>
2020-05-16T10:28:37-0300 [stdout#info] <scinetsim.standarddevice.WSNSensorNode object at 0x7fbe4b086be0>
2020-05-16T10:28:37-0300 [stdout#info] {'20.3 Kwh'}
2020-05-16T10:28:37-0300 [stdout#info] {'9.61 Kwh'}
2020-05-16T10:28:37-0300 [stdout#info] {'15.48 Kwh'}
2020-05-16T10:28:37-0300 [stdout#info] This divice have no simulation core instance
2020-05-16T10:28:37-0300 [stdout#info] This divice have no simulation core instance
2020-05-16T10:28:37-0300 [stdout#info] This divice have no simulation core instance
2020-05-16T10:28:37-0300 [stdout#info] This divice have no simulation core instance
2020-05-16T10:28:37-0300 [stdout#info] This divice have no simulation core instance
2020-05-16T10:28:37-0300 [Uninitialized] 127.0.0.1:44650 - Connected to mqtt broker - Number of events: 17
2020-05-16T10:28:37-0300 [Uninitialized] 127.0.0.1:44650 - sending MQTT SUBSCRIBE REQUEST - Number of events: 18
2020-05-16T10:28:37-0300 [Uninitialized] 127.0.0.1:44652 - Connected to mqtt broker - Number of events: 19
2020-05-16T10:28:37-0300 [Uninitialized] 127.0.0.1:44652 - sending MQTT SUBSCRIBE REQUEST - Number of events: 20
2020-05-16T10:28:37-0300 [Uninitialized] 127.0.0.1:60976 - Connected to mqtt broker - Number of events: 21
2020-05-16T10:28:37-0300 [Uninitialized] 127.0.0.1:60976 - sending MQTT PUBLISH REQUEST - Number of events: 22
2020-05-16T10:28:37-0300 [twisted.internet.endpoints.OneShotFactory#info] Starting factory <twisted.internet.endpoints.connectProtocol.<locals>.OneShotFactory object at 0x7fbe4b09e358>
2020-05-16T10:28:37-0300 [twisted.internet.endpoints.OneShotFactory#info] Starting factory <twisted.internet.endpoints.connectProtocol.<locals>.OneShotFactory object at 0x7fbe4b09e550>
2020-05-16T10:28:37-0300 [twisted.internet.endpoints.OneShotFactory#info] Starting factory <twisted.internet.endpoints.connectProtocol.<locals>.OneShotFactory object at 0x7fbe4b09e780>
2020-05-16T10:28:37-0300 [stdout#info] This divice have no simulation core instance
2020-05-16T10:28:37-0300 [twisted.internet.endpoints.OneShotFactory#info] Starting factory <twisted.internet.endpoints.connectProtocol.<locals>.OneShotFactory object at 0x7fbe4b0a8198>
2020-05-16T10:28:38-0300 [stdout#info] {'15.5 Kwh'}
2020-05-16T10:28:38-0300 [stdout#info] {'4.7 Kwh'}
2020-05-16T10:28:39-0300 [stdout#info] {'11.88 Kwh'}
2020-05-16T10:28:39-0300 [stdout#info] {'18.02 Kwh'}
2020-05-16T10:28:40-0300 [stdout#info] {'14.36 Kwh'}
2020-05-16T10:28:40-0300 [stdout#info] {'9.57 Kwh'}
2020-05-16T10:28:40-0300 [stdout#info] {'21.17 Kwh'}
2020-05-16T10:28:40-0300 [stdout#info] {'15.24 Kwh'}
2020-05-16T10:28:40-0300 [stdout#info] {'5.63 Kwh'}
2020-05-16T10:28:41-0300 [stdout#info] {'11.73 Kwh'}
2020-05-16T10:28:41-0300 [stdout#info] {'11.63 Kwh'}
2020-05-16T10:28:42-0300 [stdout#info] {'9.45 Kwh'}
2020-05-16T10:28:42-0300 [stdout#info] {'19.18 Kwh'}
2020-05-16T10:28:42-0300 [-] 127.0.0.1:60976 - sending MQTT PUBLISH REQUEST - Number of events: 23
2020-05-16T10:28:42-0300 [twisted.internet.endpoints.OneShotFactory#info] Starting factory <twisted.internet.endpoints.connectProtocol.<locals>.OneShotFactory object at 0x7fbe4b0a84a8>
2020-05-16T10:28:42-0300 [twisted.internet.endpoints.OneShotFactory#info] Stopping factory <twisted.internet.endpoints.connectProtocol.<locals>.OneShotFactory object at 0x7fbe4b09e780>
2020-05-16T10:28:42-0300 [stdout#info] This divice have no simulation core instance
2020-05-16T10:28:42-0300 [twisted.internet.endpoints.OneShotFactory#info] Starting factory <twisted.internet.endpoints.connectProtocol.<locals>.OneShotFactory object at 0x7fbe4b0a8780>
2020-05-16T10:28:42-0300 [twisted.internet.endpoints.OneShotFactory#info] Stopping factory <twisted.internet.endpoints.connectProtocol.<locals>.OneShotFactory object at 0x7fbe4b0a8198>
2020-05-16T10:28:43-0300 [stdout#info] {'3.02 Kwh'}
2020-05-16T10:28:43-0300 [stdout#info] {'12.41 Kwh'}
2020-05-16T10:28:43-0300 [stdout#info] {'18.92 Kwh'}
2020-05-16T10:28:43-0300 [stdout#info] {'4.48 Kwh'}
2020-05-16T10:28:43-0300 [stdout#info] {'20.06 Kwh'}
2020-05-16T10:28:44-0300 [stdout#info] {'14.76 Kwh'}
2020-05-16T10:28:44-0300 [stdout#info] {'19.65 Kwh'}
2020-05-16T10:28:45-0300 [stdout#info] {'15.54 Kwh'}
2020-05-16T10:28:45-0300 [stdout#info] {'3.39 Kwh'}
2020-05-16T10:28:46-0300 [stdout#info] {'11.96 Kwh'}
2020-05-16T10:28:46-0300 [stdout#info] {'13.03 Kwh'}
2020-05-16T10:28:46-0300 [stdout#info] {'10.42 Kwh'}
2020-05-16T10:28:46-0300 [stdout#info] {'20.44 Kwh'}
2020-05-16T10:28:46-0300 [stdout#info] {'15.34 Kwh'}
2020-05-16T10:28:47-0300 [stdout#info] {'21.78 Kwh'}
2020-05-16T10:28:47-0300 [stdout#info] {'22.26 Kwh'}
2020-05-16T10:28:47-0300 [-] 127.0.0.1:60976 - sending MQTT PUBLISH REQUEST - Number of events: 24
2020-05-16T10:28:47-0300 [twisted.internet.endpoints.OneShotFactory#info] Starting factory <twisted.internet.endpoints.connectProtocol.<locals>.OneShotFactory object at 0x7fbe4b0a89e8>
2020-05-16T10:28:47-0300 [twisted.internet.endpoints.OneShotFactory#info] Stopping factory <twisted.internet.endpoints.connectProtocol.<locals>.OneShotFactory object at 0x7fbe4b0a84a8>
2020-05-16T10:28:47-0300 [stdout#info] This divice have no simulation core instance
2020-05-16T10:28:47-0300 [twisted.internet.endpoints.OneShotFactory#info] Starting factory <twisted.internet.endpoints.connectProtocol.<locals>.OneShotFactory object at 0x7fbe4b0a8c50>
2020-05-16T10:28:48-0300 [stdout#info] {'16.95 Kwh'}
2020-05-16T10:28:48-0300 [stdout#info] {'14.29 Kwh'}
2020-05-16T10:28:49-0300 [stdout#info] {'3.92 Kwh'}
2020-05-16T10:28:49-0300 [stdout#info] {'9.97 Kwh'}
2020-05-16T10:28:49-0300 [stdout#info] {'5.32 Kwh'}
2020-05-16T10:28:49-0300 [stdout#info] {'2.68 Kwh'}
2020-05-16T10:28:49-0300 [stdout#info] {'7.11 Kwh'}
2020-05-16T10:28:50-0300 [stdout#info] {'17.87 Kwh'}
2020-05-16T10:28:50-0300 [stdout#info] {'16.11 Kwh'}
2020-05-16T10:28:51-0300 [stdout#info] {'16.8 Kwh'}
2020-05-16T10:28:51-0300 [stdout#info] {'14.28 Kwh'}
2020-05-16T10:28:52-0300 [stdout#info] {'6.22 Kwh'}
2020-05-16T10:28:52-0300 [stdout#info] {'6.61 Kwh'}
2020-05-16T10:28:52-0300 [-] 127.0.0.1:60976 - sending MQTT PUBLISH REQUEST - Number of events: 25
2020-05-16T10:28:52-0300 [twisted.internet.endpoints.OneShotFactory#info] Starting factory <twisted.internet.endpoints.connectProtocol.<locals>.OneShotFactory object at 0x7fbe4b0a8ef0>
2020-05-16T10:28:52-0300 [twisted.internet.endpoints.OneShotFactory#info] Stopping factory <twisted.internet.endpoints.connectProtocol.<locals>.OneShotFactory object at 0x7fbe4b0a89e8>
2020-05-16T10:28:52-0300 [stdout#info] This divice have no simulation core instance
2020-05-16T10:28:52-0300 [twisted.internet.endpoints.OneShotFactory#info] Starting factory <twisted.internet.endpoints.connectProtocol.<locals>.OneShotFactory object at 0x7fbe4c766198>
2020-05-16T10:28:52-0300 [stdout#info] {'16.89 Kwh'}
2020-05-16T10:28:52-0300 [stdout#info] {'18.18 Kwh'}
2020-05-16T10:28:52-0300 [stdout#info] {'10.45 Kwh'}
2020-05-16T10:28:53-0300 [stdout#info] {'16.25 Kwh'}
2020-05-16T10:28:53-0300 [stdout#info] {'21.66 Kwh'}
2020-05-16T10:28:54-0300 [stdout#info] {'9.31 Kwh'}
2020-05-16T10:28:54-0300 [stdout#info] {'22.48 Kwh'}
2020-05-16T10:28:55-0300 [stdout#info] {'17.97 Kwh'}
2020-05-16T10:28:55-0300 [stdout#info] {'3.99 Kwh'}
2020-05-16T10:28:55-0300 [stdout#info] {'13.96 Kwh'}
2020-05-16T10:28:55-0300 [stdout#info] {'6.31 Kwh'}
2020-05-16T10:28:55-0300 [stdout#info] {'5.96 Kwh'}
2020-05-16T10:28:56-0300 [stdout#info] {'3.94 Kwh'}
2020-05-16T10:28:56-0300 [stdout#info] {'3.54 Kwh'}
2020-05-16T10:28:57-0300 [stdout#info] {'16.24 Kwh'}
2020-05-16T10:28:57-0300 [stdout#info] {'11.27 Kwh'}
2020-05-16T10:28:57-0300 [-] 127.0.0.1:60976 - sending MQTT PUBLISH REQUEST - Number of events: 26
2020-05-16T10:28:57-0300 [twisted.internet.endpoints.OneShotFactory#info] Starting factory <twisted.internet.endpoints.connectProtocol.<locals>.OneShotFactory object at 0x7fbe4c7663c8>
2020-05-16T10:28:57-0300 [twisted.internet.endpoints.OneShotFactory#info] Stopping factory <twisted.internet.endpoints.connectProtocol.<locals>.OneShotFactory object at 0x7fbe4b0a8ef0>
2020-05-16T10:28:57-0300 [stdout#info] This divice have no simulation core instance
2020-05-16T10:28:57-0300 [twisted.internet.endpoints.OneShotFactory#info] Starting factory <twisted.internet.endpoints.connectProtocol.<locals>.OneShotFactory object at 0x7fbe4c7666a0>
2020-05-16T10:28:58-0300 [stdout#info] {'3.01 Kwh'}
2020-05-16T10:28:58-0300 [stdout#info] {'10.85 Kwh'}
2020-05-16T10:28:58-0300 [stdout#info] {'3.09 Kwh'}
2020-05-16T10:28:58-0300 [stdout#info] {'13.02 Kwh'}
2020-05-16T10:28:58-0300 [stdout#info] {'16.83 Kwh'}
2020-05-16T10:28:59-0300 [stdout#info] {'7.16 Kwh'}
2020-05-16T10:28:59-0300 [stdout#info] {'19.64 Kwh'}
2020-05-16T10:29:00-0300 [stdout#info] {'14.46 Kwh'}
2020-05-16T10:29:00-0300 [stdout#info] {'17.7 Kwh'}
2020-05-16T10:29:01-0300 [stdout#info] {'19.63 Kwh'}
2020-05-16T10:29:01-0300 [stdout#info] {'20.58 Kwh'}
2020-05-16T10:29:01-0300 [stdout#info] {'14.82 Kwh'}
2020-05-16T10:29:01-0300 [stdout#info] {'5.5 Kwh'}
2020-05-16T10:29:01-0300 [stdout#info] {'12.18 Kwh'}
2020-05-16T10:29:02-0300 [stdout#info] {'15.84 Kwh'}
2020-05-16T10:29:02-0300 [stdout#info] {'15.14 Kwh'}
2020-05-16T10:29:02-0300 [-] 127.0.0.1:60976 - sending MQTT PUBLISH REQUEST - Number of events: 27
2020-05-16T10:29:02-0300 [twisted.internet.endpoints.OneShotFactory#info] Starting factory <twisted.internet.endpoints.connectProtocol.<locals>.OneShotFactory object at 0x7fbe4c766828>
2020-05-16T10:29:02-0300 [twisted.internet.endpoints.OneShotFactory#info] Stopping factory <twisted.internet.endpoints.connectProtocol.<locals>.OneShotFactory object at 0x7fbe4c7663c8>
2020-05-16T10:29:02-0300 [stdout#info] This divice have no simulation core instance
2020-05-16T10:29:02-0300 [twisted.internet.endpoints.OneShotFactory#info] Starting factory <twisted.internet.endpoints.connectProtocol.<locals>.OneShotFactory object at 0x7fbe4c766a90>
2020-05-16T10:29:03-0300 [stdout#info] {'14.72 Kwh'}
2020-05-16T10:29:03-0300 [stdout#info] {'13.65 Kwh'}
2020-05-16T10:29:04-0300 [stdout#info] {'12.94 Kwh'}
2020-05-16T10:29:04-0300 [stdout#info] {'22.22 Kwh'}
2020-05-16T10:29:04-0300 [stdout#info] {'2.83 Kwh'}
2020-05-16T10:29:04-0300 [stdout#info] {'11.07 Kwh'}
2020-05-16T10:29:04-0300 [stdout#info] {'11.94 Kwh'}
2020-05-16T10:29:05-0300 [stdout#info] {'10.32 Kwh'}
2020-05-16T10:29:05-0300 [stdout#info] {'12.43 Kwh'}
2020-05-16T10:29:06-0300 [stdout#info] {'20.75 Kwh'}
2020-05-16T10:29:06-0300 [stdout#info] {'11.63 Kwh'}
2020-05-16T10:29:07-0300 [stdout#info] {'3.66 Kwh'}
2020-05-16T10:29:07-0300 [stdout#info] {'13.09 Kwh'}
2020-05-16T10:29:07-0300 [-] 127.0.0.1:60976 - sending MQTT PUBLISH REQUEST - Number of events: 28
2020-05-16T10:29:07-0300 [twisted.internet.endpoints.OneShotFactory#info] Starting factory <twisted.internet.endpoints.connectProtocol.<locals>.OneShotFactory object at 0x7fbe4c766668>
2020-05-16T10:29:07-0300 [twisted.internet.endpoints.OneShotFactory#info] Stopping factory <twisted.internet.endpoints.connectProtocol.<locals>.OneShotFactory object at 0x7fbe4c766828>
2020-05-16T10:29:07-0300 [stdout#info] This divice have no simulation core instance
2020-05-16T10:29:07-0300 [twisted.internet.endpoints.OneShotFactory#info] Starting factory <twisted.internet.endpoints.connectProtocol.<locals>.OneShotFactory object at 0x7fbe4c766eb8>
2020-05-16T10:29:07-0300 [stdout#info] {'3.33 Kwh'}
2020-05-16T10:29:07-0300 [stdout#info] {'15.23 Kwh'}
2020-05-16T10:29:07-0300 [stdout#info] {'18.99 Kwh'}
2020-05-16T10:29:08-0300 [stdout#info] {'17.91 Kwh'}
2020-05-16T10:29:08-0300 [stdout#info] {'3.29 Kwh'}
2020-05-16T10:29:09-0300 [stdout#info] {'20.75 Kwh'}
2020-05-16T10:29:09-0300 [stdout#info] {'3.59 Kwh'}
2020-05-16T10:29:10-0300 [stdout#info] {'21.74 Kwh'}
2020-05-16T10:29:10-0300 [stdout#info] {'9.3 Kwh'}
2020-05-16T10:29:10-0300 [stdout#info] {'4.27 Kwh'}
2020-05-16T10:29:10-0300 [stdout#info] {'11.19 Kwh'}
2020-05-16T10:29:10-0300 [stdout#info] {'3.28 Kwh'}
2020-05-16T10:29:11-0300 [stdout#info] {'13.04 Kwh'}
2020-05-16T10:29:11-0300 [stdout#info] {'12.72 Kwh'}
2020-05-16T10:29:12-0300 [stdout#info] {'16.01 Kwh'}
2020-05-16T10:29:12-0300 [stdout#info] {'11.71 Kwh'}
2020-05-16T10:29:12-0300 [-] 127.0.0.1:60976 - sending MQTT PUBLISH REQUEST - Number of events: 29
2020-05-16T10:29:12-0300 [twisted.internet.endpoints.OneShotFactory#info] Starting factory <twisted.internet.endpoints.connectProtocol.<locals>.OneShotFactory object at 0x7fbe4c784080>
2020-05-16T10:29:12-0300 [twisted.internet.endpoints.OneShotFactory#info] Stopping factory <twisted.internet.endpoints.connectProtocol.<locals>.OneShotFactory object at 0x7fbe4c766668>
2020-05-16T10:29:12-0300 [stdout#info] This divice have no simulation core instance
2020-05-16T10:29:12-0300 [twisted.internet.endpoints.OneShotFactory#info] Starting factory <twisted.internet.endpoints.connectProtocol.<locals>.OneShotFactory object at 0x7fbe4c784390>
2020-05-16T10:29:13-0300 [stdout#info] {'20.32 Kwh'}
2020-05-16T10:29:13-0300 [stdout#info] {'14.71 Kwh'}
2020-05-16T10:29:13-0300 [stdout#info] {'21.45 Kwh'}
2020-05-16T10:29:13-0300 [stdout#info] {'20.26 Kwh'}
2020-05-16T10:29:13-0300 [stdout#info] {'7.33 Kwh'}
2020-05-16T10:29:14-0300 [stdout#info] {'10.64 Kwh'}
2020-05-16T10:29:14-0300 [stdout#info] {'18.67 Kwh'}
2020-05-16T10:29:15-0300 [stdout#info] {'3.27 Kwh'}
2020-05-16T10:29:15-0300 [stdout#info] {'2.98 Kwh'}
2020-05-16T10:29:16-0300 [stdout#info] {'17.83 Kwh'}
2020-05-16T10:29:16-0300 [stdout#info] {'3.05 Kwh'}
2020-05-16T10:29:16-0300 [stdout#info] {'22.01 Kwh'}
2020-05-16T10:29:16-0300 [stdout#info] {'4.06 Kwh'}
2020-05-16T10:29:16-0300 [stdout#info] {'11.1 Kwh'}
2020-05-16T10:29:17-0300 [stdout#info] {'16.07 Kwh'}
2020-05-16T10:29:17-0300 [stdout#info] {'9.66 Kwh'}
2020-05-16T10:29:17-0300 [-] 127.0.0.1:60976 - sending MQTT PUBLISH REQUEST - Number of events: 30
2020-05-16T10:29:17-0300 [twisted.internet.endpoints.OneShotFactory#info] Starting factory <twisted.internet.endpoints.connectProtocol.<locals>.OneShotFactory object at 0x7fbe4c7840b8>
2020-05-16T10:29:17-0300 [twisted.internet.endpoints.OneShotFactory#info] Stopping factory <twisted.internet.endpoints.connectProtocol.<locals>.OneShotFactory object at 0x7fbe4c784080>
2020-05-16T10:29:17-0300 [stdout#info] This divice have no simulation core instance
2020-05-16T10:29:17-0300 [twisted.internet.endpoints.OneShotFactory#info] Starting factory <twisted.internet.endpoints.connectProtocol.<locals>.OneShotFactory object at 0x7fbe4c784828>
2020-05-16T10:29:18-0300 [stdout#info] {'12.76 Kwh'}
2020-05-16T10:29:18-0300 [stdout#info] {'9.37 Kwh'}
2020-05-16T10:29:19-0300 [stdout#info] {'3.58 Kwh'}
2020-05-16T10:29:19-0300 [stdout#info] {'3.14 Kwh'}
2020-05-16T10:29:19-0300 [stdout#info] {'12.11 Kwh'}
2020-05-16T10:29:19-0300 [stdout#info] {'5.23 Kwh'}
2020-05-16T10:29:19-0300 [stdout#info] {'12.81 Kwh'}
2020-05-16T10:29:20-0300 [stdout#info] {'18.33 Kwh'}
2020-05-16T10:29:20-0300 [stdout#info] {'11.42 Kwh'}
2020-05-16T10:29:21-0300 [stdout#info] {'19.18 Kwh'}
2020-05-16T10:29:21-0300 [stdout#info] {'21.76 Kwh'}
2020-05-16T10:29:22-0300 [stdout#info] {'12.31 Kwh'}
2020-05-16T10:29:22-0300 [stdout#info] {'15.58 Kwh'}
2020-05-16T10:29:23-0300 [-] 127.0.0.1:60976 - sending MQTT PUBLISH REQUEST - Number of events: 31
2020-05-16T10:29:23-0300 [stdout#info] {'7.2 Kwh'}
2020-05-16T10:29:23-0300 [stdout#info] {'16.61 Kwh'}
2020-05-16T10:29:23-0300 [stdout#info] {'21.09 Kwh'}
2020-05-16T10:29:23-0300 [twisted.internet.endpoints.OneShotFactory#info] Starting factory <twisted.internet.endpoints.connectProtocol.<locals>.OneShotFactory object at 0x7fbe4c7849b0>
2020-05-16T10:29:23-0300 [twisted.internet.endpoints.OneShotFactory#info] Stopping factory <twisted.internet.endpoints.connectProtocol.<locals>.OneShotFactory object at 0x7fbe4c7840b8>
2020-05-16T10:29:23-0300 [stdout#info] This divice have no simulation core instance
2020-05-16T10:29:23-0300 [twisted.internet.endpoints.OneShotFactory#info] Starting factory <twisted.internet.endpoints.connectProtocol.<locals>.OneShotFactory object at 0x7fbe4c784cc0>
2020-05-16T10:29:23-0300 [stdout#info] {'18.94 Kwh'}
2020-05-16T10:29:23-0300 [stdout#info] {'5.63 Kwh'}
2020-05-16T10:29:24-0300 [stdout#info] {'14.37 Kwh'}
2020-05-16T10:29:24-0300 [stdout#info] {'12.03 Kwh'}
2020-05-16T10:29:25-0300 [stdout#info] {'14.17 Kwh'}
2020-05-16T10:29:25-0300 [stdout#info] {'19.69 Kwh'}
2020-05-16T10:29:26-0300 [stdout#info] {'21.65 Kwh'}
2020-05-16T10:29:26-0300 [stdout#info] {'12.0 Kwh'}
2020-05-16T10:29:26-0300 [stdout#info] {'19.86 Kwh'}
2020-05-16T10:29:26-0300 [stdout#info] {'13.64 Kwh'}
2020-05-16T10:29:26-0300 [stdout#info] {'4.86 Kwh'}
2020-05-16T10:29:27-0300 [stdout#info] {'2.88 Kwh'}
2020-05-16T10:29:27-0300 [stdout#info] {'7.44 Kwh'}
2020-05-16T10:29:28-0300 [-] 127.0.0.1:60976 - sending MQTT PUBLISH REQUEST - Number of events: 32
2020-05-16T10:29:28-0300 [twisted.internet.endpoints.OneShotFactory#info] Starting factory <twisted.internet.endpoints.connectProtocol.<locals>.OneShotFactory object at 0x7fbe4c784e48>
2020-05-16T10:29:28-0300 [twisted.internet.endpoints.OneShotFactory#info] Stopping factory <twisted.internet.endpoints.connectProtocol.<locals>.OneShotFactory object at 0x7fbe4c7849b0>
2020-05-16T10:29:28-0300 [stdout#info] This divice have no simulation core instance
2020-05-16T10:29:28-0300 [twisted.internet.endpoints.OneShotFactory#info] Starting factory <twisted.internet.endpoints.connectProtocol.<locals>.OneShotFactory object at 0x7fbe4c72b198>
2020-05-16T10:29:28-0300 [stdout#info] {'20.45 Kwh'}
2020-05-16T10:29:28-0300 [stdout#info] {'13.12 Kwh'}
2020-05-16T10:29:29-0300 [stdout#info] {'7.22 Kwh'}
2020-05-16T10:29:29-0300 [stdout#info] {'17.72 Kwh'}
2020-05-16T10:29:29-0300 [stdout#info] {'8.49 Kwh'}
2020-05-16T10:29:29-0300 [stdout#info] {'15.45 Kwh'}
2020-05-16T10:29:29-0300 [stdout#info] {'11.25 Kwh'}
2020-05-16T10:29:30-0300 [stdout#info] {'19.18 Kwh'}
2020-05-16T10:29:30-0300 [stdout#info] {'8.55 Kwh'}
2020-05-16T10:29:31-0300 [stdout#info] {'4.59 Kwh'}
2020-05-16T10:29:31-0300 [stdout#info] {'10.16 Kwh'}
2020-05-16T10:29:32-0300 [stdout#info] {'5.42 Kwh'}
2020-05-16T10:29:32-0300 [stdout#info] {'15.89 Kwh'}
2020-05-16T10:29:32-0300 [stdout#info] {'6.95 Kwh'}
2020-05-16T10:29:32-0300 [stdout#info] {'5.49 Kwh'}
2020-05-16T10:29:32-0300 [stdout#info] {'12.1 Kwh'}
2020-05-16T10:29:33-0300 [-] 127.0.0.1:60976 - sending MQTT PUBLISH REQUEST - Number of events: 33
2020-05-16T10:29:33-0300 [twisted.internet.endpoints.OneShotFactory#info] Starting factory <twisted.internet.endpoints.connectProtocol.<locals>.OneShotFactory object at 0x7fbe4c72b320>
2020-05-16T10:29:33-0300 [twisted.internet.endpoints.OneShotFactory#info] Stopping factory <twisted.internet.endpoints.connectProtocol.<locals>.OneShotFactory object at 0x7fbe4c784e48>
2020-05-16T10:29:33-0300 [stdout#info] This divice have no simulation core instance
2020-05-16T10:29:33-0300 [twisted.internet.endpoints.OneShotFactory#info] Starting factory <twisted.internet.endpoints.connectProtocol.<locals>.OneShotFactory object at 0x7fbe4c72b630>
2020-05-16T10:29:33-0300 [stdout#info] {'18.35 Kwh'}
2020-05-16T10:29:33-0300 [stdout#info] {'3.29 Kwh'}
2020-05-16T10:29:34-0300 [stdout#info] {'10.51 Kwh'}
2020-05-16T10:29:34-0300 [stdout#info] {'10.38 Kwh'}
2020-05-16T10:29:35-0300 [stdout#info] {'20.69 Kwh'}
2020-05-16T10:29:35-0300 [stdout#info] {'14.5 Kwh'}
2020-05-16T10:29:35-0300 [stdout#info] {'16.34 Kwh'}
2020-05-16T10:29:35-0300 [stdout#info] {'8.97 Kwh'}
2020-05-16T10:29:35-0300 [stdout#info] {'16.25 Kwh'}
2020-05-16T10:29:36-0300 [stdout#info] {'12.13 Kwh'}
2020-05-16T10:29:36-0300 [stdout#info] {'5.09 Kwh'}
2020-05-16T10:29:37-0300 [stdout#info] {'13.69 Kwh'}
2020-05-16T10:29:37-0300 [stdout#info] {'17.52 Kwh'}
2020-05-16T10:29:38-0300 [-] 127.0.0.1:60976 - sending MQTT PUBLISH REQUEST - Number of events: 34
2020-05-16T10:29:38-0300 [stdout#info] {'22.33 Kwh'}
2020-05-16T10:29:38-0300 [stdout#info] {'13.84 Kwh'}
2020-05-16T10:29:38-0300 [stdout#info] {'21.86 Kwh'}
2020-05-16T10:29:38-0300 [twisted.internet.endpoints.OneShotFactory#info] Starting factory <twisted.internet.endpoints.connectProtocol.<locals>.OneShotFactory object at 0x7fbe4c72b7f0>
2020-05-16T10:29:38-0300 [twisted.internet.endpoints.OneShotFactory#info] Stopping factory <twisted.internet.endpoints.connectProtocol.<locals>.OneShotFactory object at 0x7fbe4c72b320>
2020-05-16T10:29:38-0300 [stdout#info] This divice have no simulation core instance
2020-05-16T10:29:38-0300 [twisted.internet.endpoints.OneShotFactory#info] Starting factory <twisted.internet.endpoints.connectProtocol.<locals>.OneShotFactory object at 0x7fbe4c72bac8>
2020-05-16T10:29:38-0300 [stdout#info] {'3.72 Kwh'}
2020-05-16T10:29:38-0300 [stdout#info] {'11.46 Kwh'}
2020-05-16T10:29:39-0300 [stdout#info] {'16.16 Kwh'}
2020-05-16T10:29:39-0300 [stdout#info] {'6.27 Kwh'}
2020-05-16T10:29:40-0300 [stdout#info] {'21.8 Kwh'}
2020-05-16T10:29:40-0300 [stdout#info] {'18.29 Kwh'}
2020-05-16T10:29:41-0300 [stdout#info] {'3.85 Kwh'}
2020-05-16T10:29:41-0300 [stdout#info] {'17.09 Kwh'}
2020-05-16T10:29:41-0300 [stdout#info] {'11.78 Kwh'}
2020-05-16T10:29:41-0300 [stdout#info] {'7.8 Kwh'}
2020-05-16T10:29:41-0300 [stdout#info] {'19.22 Kwh'}
2020-05-16T10:29:42-0300 [stdout#info] {'12.66 Kwh'}
2020-05-16T10:29:42-0300 [stdout#info] {'15.5 Kwh'}
2020-05-16T10:29:43-0300 [-] 127.0.0.1:60976 - sending MQTT PUBLISH REQUEST - Number of events: 35
2020-05-16T10:29:43-0300 [twisted.internet.endpoints.OneShotFactory#info] Starting factory <twisted.internet.endpoints.connectProtocol.<locals>.OneShotFactory object at 0x7fbe4c72bc50>
2020-05-16T10:29:43-0300 [twisted.internet.endpoints.OneShotFactory#info] Stopping factory <twisted.internet.endpoints.connectProtocol.<locals>.OneShotFactory object at 0x7fbe4c72b7f0>
2020-05-16T10:29:43-0300 [stdout#info] This divice have no simulation core instance
2020-05-16T10:29:43-0300 [twisted.internet.endpoints.OneShotFactory#info] Starting factory <twisted.internet.endpoints.connectProtocol.<locals>.OneShotFactory object at 0x7fbe4c72bf60>
2020-05-16T10:29:43-0300 [stdout#info] {'6.3 Kwh'}
2020-05-16T10:29:43-0300 [stdout#info] {'8.38 Kwh'}
2020-05-16T10:29:44-0300 [stdout#info] {'15.7 Kwh'}
2020-05-16T10:29:44-0300 [stdout#info] {'18.34 Kwh'}
2020-05-16T10:29:44-0300 [stdout#info] {'18.54 Kwh'}
2020-05-16T10:29:44-0300 [stdout#info] {'19.34 Kwh'}
2020-05-16T10:29:44-0300 [stdout#info] {'11.86 Kwh'}
2020-05-16T10:29:45-0300 [stdout#info] {'8.16 Kwh'}
2020-05-16T10:29:45-0300 [stdout#info] {'18.22 Kwh'}
2020-05-16T10:29:46-0300 [stdout#info] {'21.31 Kwh'}
2020-05-16T10:29:46-0300 [stdout#info] {'21.07 Kwh'}
2020-05-16T10:29:47-0300 [stdout#info] {'15.15 Kwh'}
2020-05-16T10:29:47-0300 [stdout#info] {'6.42 Kwh'}
2020-05-16T10:29:47-0300 [stdout#info] {'15.46 Kwh'}
2020-05-16T10:29:47-0300 [stdout#info] {'12.13 Kwh'}
2020-05-16T10:29:47-0300 [stdout#info] {'15.1 Kwh'}
2020-05-16T10:29:48-0300 [-] 127.0.0.1:60976 - sending MQTT PUBLISH REQUEST - Number of events: 36
2020-05-16T10:29:48-0300 [twisted.internet.endpoints.OneShotFactory#info] Starting factory <twisted.internet.endpoints.connectProtocol.<locals>.OneShotFactory object at 0x7fbe4c7450b8>
2020-05-16T10:29:48-0300 [twisted.internet.endpoints.OneShotFactory#info] Stopping factory <twisted.internet.endpoints.connectProtocol.<locals>.OneShotFactory object at 0x7fbe4c72bc50>
2020-05-16T10:29:48-0300 [stdout#info] This divice have no simulation core instance
2020-05-16T10:29:48-0300 [twisted.internet.endpoints.OneShotFactory#info] Starting factory <twisted.internet.endpoints.connectProtocol.<locals>.OneShotFactory object at 0x7fbe4c745438>
2020-05-16T10:29:48-0300 [stdout#info] {'3.82 Kwh'}
2020-05-16T10:29:48-0300 [stdout#info] {'10.31 Kwh'}
2020-05-16T10:29:49-0300 [stdout#info] {'16.85 Kwh'}
2020-05-16T10:29:49-0300 [stdout#info] {'8.43 Kwh'}
2020-05-16T10:29:50-0300 [stdout#info] {'8.45 Kwh'}
2020-05-16T10:29:50-0300 [stdout#info] {'6.61 Kwh'}
2020-05-16T10:29:50-0300 [stdout#info] {'6.43 Kwh'}
2020-05-16T10:29:50-0300 [stdout#info] {'21.22 Kwh'}
2020-05-16T10:29:50-0300 [stdout#info] {'9.3 Kwh'}
2020-05-16T10:29:51-0300 [stdout#info] {'14.89 Kwh'}
2020-05-16T10:29:51-0300 [stdout#info] {'13.57 Kwh'}
2020-05-16T10:29:52-0300 [stdout#info] {'22.07 Kwh'}
2020-05-16T10:29:52-0300 [stdout#info] {'16.49 Kwh'}
2020-05-16T10:29:53-0300 [-] 127.0.0.1:60976 - sending MQTT PUBLISH REQUEST - Number of events: 37
2020-05-16T10:29:53-0300 [stdout#info] {'21.3 Kwh'}
2020-05-16T10:29:53-0300 [stdout#info] {'8.68 Kwh'}
2020-05-16T10:29:53-0300 [stdout#info] {'13.08 Kwh'}
2020-05-16T10:29:53-0300 [twisted.internet.endpoints.OneShotFactory#info] Starting factory <twisted.internet.endpoints.connectProtocol.<locals>.OneShotFactory object at 0x7fbe4c745160>
2020-05-16T10:29:53-0300 [twisted.internet.endpoints.OneShotFactory#info] Stopping factory <twisted.internet.endpoints.connectProtocol.<locals>.OneShotFactory object at 0x7fbe4c7450b8>
2020-05-16T10:29:53-0300 [stdout#info] This divice have no simulation core instance
2020-05-16T10:29:53-0300 [twisted.internet.endpoints.OneShotFactory#info] Starting factory <twisted.internet.endpoints.connectProtocol.<locals>.OneShotFactory object at 0x7fbe4c7458d0>
2020-05-16T10:29:53-0300 [stdout#info] {'17.83 Kwh'}
2020-05-16T10:29:53-0300 [stdout#info] {'7.24 Kwh'}
2020-05-16T10:29:54-0300 [stdout#info] {'17.9 Kwh'}
2020-05-16T10:29:54-0300 [stdout#info] {'8.83 Kwh'}
2020-05-16T10:29:55-0300 [stdout#info] {'20.43 Kwh'}
2020-05-16T10:29:55-0300 [stdout#info] {'8.76 Kwh'}
2020-05-16T10:29:56-0300 [stdout#info] {'12.15 Kwh'}
2020-05-16T10:29:56-0300 [stdout#info] {'8.98 Kwh'}
2020-05-16T10:29:56-0300 [stdout#info] {'17.9 Kwh'}
2020-05-16T10:29:56-0300 [stdout#info] {'10.31 Kwh'}
2020-05-16T10:29:56-0300 [stdout#info] {'7.89 Kwh'}
2020-05-16T10:29:57-0300 [stdout#info] {'21.81 Kwh'}
2020-05-16T10:29:57-0300 [stdout#info] {'9.52 Kwh'}
2020-05-16T10:29:58-0300 [-] 127.0.0.1:60976 - sending MQTT PUBLISH REQUEST - Number of events: 38
2020-05-16T10:29:58-0300 [twisted.internet.endpoints.OneShotFactory#info] Starting factory <twisted.internet.endpoints.connectProtocol.<locals>.OneShotFactory object at 0x7fbe4c745a58>
2020-05-16T10:29:58-0300 [twisted.internet.endpoints.OneShotFactory#info] Stopping factory <twisted.internet.endpoints.connectProtocol.<locals>.OneShotFactory object at 0x7fbe4c745160>
2020-05-16T10:29:58-0300 [stdout#info] This divice have no simulation core instance
2020-05-16T10:29:58-0300 [twisted.internet.endpoints.OneShotFactory#info] Starting factory <twisted.internet.endpoints.connectProtocol.<locals>.OneShotFactory object at 0x7fbe4c745d68>
2020-05-16T10:29:58-0300 [stdout#info] {'8.04 Kwh'}
2020-05-16T10:29:59-0300 [stdout#info] {'17.51 Kwh'}
2020-05-16T10:29:59-0300 [stdout#info] {'3.08 Kwh'}
2020-05-16T10:29:59-0300 [stdout#info] {'6.4 Kwh'}
2020-05-16T10:29:59-0300 [stdout#info] {'9.94 Kwh'}
2020-05-16T10:29:59-0300 [stdout#info] {'9.35 Kwh'}
2020-05-16T10:29:59-0300 [stdout#info] {'16.42 Kwh'}
2020-05-16T10:30:00-0300 [stdout#info] {'10.99 Kwh'}
2020-05-16T10:30:00-0300 [stdout#info] {'10.69 Kwh'}
2020-05-16T10:30:01-0300 [stdout#info] {'10.93 Kwh'}
2020-05-16T10:30:02-0300 [stdout#info] {'19.21 Kwh'}
2020-05-16T10:30:02-0300 [stdout#info] {'18.09 Kwh'}
2020-05-16T10:30:02-0300 [stdout#info] {'21.33 Kwh'}
2020-05-16T10:30:02-0300 [stdout#info] {'15.28 Kwh'}
2020-05-16T10:30:02-0300 [stdout#info] {'6.64 Kwh'}
2020-05-16T10:30:02-0300 [stdout#info] {'22.26 Kwh'}
2020-05-16T10:30:03-0300 [-] 127.0.0.1:60976 - sending MQTT PUBLISH REQUEST - Number of events: 39
2020-05-16T10:30:03-0300 [twisted.internet.endpoints.OneShotFactory#info] Starting factory <twisted.internet.endpoints.connectProtocol.<locals>.OneShotFactory object at 0x7fbe4c745ef0>
2020-05-16T10:30:03-0300 [twisted.internet.endpoints.OneShotFactory#info] Stopping factory <twisted.internet.endpoints.connectProtocol.<locals>.OneShotFactory object at 0x7fbe4c745a58>
2020-05-16T10:30:03-0300 [stdout#info] This divice have no simulation core instance
2020-05-16T10:30:03-0300 [twisted.internet.endpoints.OneShotFactory#info] Starting factory <twisted.internet.endpoints.connectProtocol.<locals>.OneShotFactory object at 0x7fbe4c6d4240>
2020-05-16T10:30:03-0300 [stdout#info] {'8.24 Kwh'}
2020-05-16T10:30:03-0300 [stdout#info] {'10.97 Kwh'}
2020-05-16T10:30:04-0300 [stdout#info] {'8.7 Kwh'}
2020-05-16T10:30:05-0300 [stdout#info] {'14.39 Kwh'}
2020-05-16T10:30:05-0300 [stdout#info] {'18.34 Kwh'}
2020-05-16T10:30:05-0300 [stdout#info] {'17.94 Kwh'}
2020-05-16T10:30:05-0300 [stdout#info] {'3.44 Kwh'}
2020-05-16T10:30:05-0300 [stdout#info] {'3.97 Kwh'}
2020-05-16T10:30:05-0300 [stdout#info] {'13.37 Kwh'}
2020-05-16T10:30:06-0300 [stdout#info] {'10.2 Kwh'}
2020-05-16T10:30:06-0300 [stdout#info] {'13.9 Kwh'}
2020-05-16T10:30:07-0300 [stdout#info] {'8.32 Kwh'}
2020-05-16T10:30:08-0300 [stdout#info] {'7.97 Kwh'}
2020-05-16T10:30:08-0300 [-] 127.0.0.1:60976 - sending MQTT PUBLISH REQUEST - Number of events: 40
2020-05-16T10:30:08-0300 [twisted.internet.endpoints.OneShotFactory#info] Starting factory <twisted.internet.endpoints.connectProtocol.<locals>.OneShotFactory object at 0x7fbe4c6d43c8>
2020-05-16T10:30:08-0300 [twisted.internet.endpoints.OneShotFactory#info] Stopping factory <twisted.internet.endpoints.connectProtocol.<locals>.OneShotFactory object at 0x7fbe4c745ef0>
2020-05-16T10:30:08-0300 [stdout#info] This divice have no simulation core instance
2020-05-16T10:30:08-0300 [twisted.internet.endpoints.OneShotFactory#info] Starting factory <twisted.internet.endpoints.connectProtocol.<locals>.OneShotFactory object at 0x7fbe4c6d46d8>
2020-05-16T10:30:08-0300 [stdout#info] {'18.19 Kwh'}
2020-05-16T10:30:08-0300 [stdout#info] {'15.02 Kwh'}
2020-05-16T10:30:08-0300 [stdout#info] {'17.69 Kwh'}
2020-05-16T10:30:08-0300 [stdout#info] {'22.19 Kwh'}
2020-05-16T10:30:08-0300 [stdout#info] {'17.65 Kwh'}
2020-05-16T10:30:09-0300 [stdout#info] {'11.22 Kwh'}
2020-05-16T10:30:10-0300 [stdout#info] {'10.82 Kwh'}
2020-05-16T10:30:10-0300 [stdout#info] {'16.15 Kwh'}
2020-05-16T10:30:11-0300 [stdout#info] {'18.72 Kwh'}
2020-05-16T10:30:11-0300 [stdout#info] {'5.55 Kwh'}
2020-05-16T10:30:11-0300 [stdout#info] {'18.62 Kwh'}
2020-05-16T10:30:11-0300 [stdout#info] {'11.71 Kwh'}
2020-05-16T10:30:11-0300 [stdout#info] {'21.57 Kwh'}
2020-05-16T10:30:11-0300 [stdout#info] {'12.54 Kwh'}
2020-05-16T10:30:12-0300 [stdout#info] {'13.16 Kwh'}
2020-05-16T10:30:13-0300 [stdout#info] {'7.28 Kwh'}
2020-05-16T10:30:13-0300 [-] 127.0.0.1:60976 - sending MQTT PUBLISH REQUEST - Number of events: 41
2020-05-16T10:30:13-0300 [twisted.internet.endpoints.OneShotFactory#info] Starting factory <twisted.internet.endpoints.connectProtocol.<locals>.OneShotFactory object at 0x7fbe4c6d4860>
2020-05-16T10:30:13-0300 [twisted.internet.endpoints.OneShotFactory#info] Stopping factory <twisted.internet.endpoints.connectProtocol.<locals>.OneShotFactory object at 0x7fbe4c6d43c8>
2020-05-16T10:30:13-0300 [stdout#info] This divice have no simulation core instance
2020-05-16T10:30:13-0300 [twisted.internet.endpoints.OneShotFactory#info] Starting factory <twisted.internet.endpoints.connectProtocol.<locals>.OneShotFactory object at 0x7fbe4c6d4b70>
2020-05-16T10:30:13-0300 [stdout#info] {'2.76 Kwh'}
2020-05-16T10:30:14-0300 [stdout#info] {'13.75 Kwh'}
2020-05-16T10:30:14-0300 [stdout#info] {'11.57 Kwh'}
2020-05-16T10:30:14-0300 [stdout#info] {'12.6 Kwh'}
2020-05-16T10:30:14-0300 [stdout#info] {'4.26 Kwh'}
2020-05-16T10:30:14-0300 [stdout#info] {'20.71 Kwh'}
2020-05-16T10:30:15-0300 [stdout#info] {'10.75 Kwh'}
2020-05-16T10:30:15-0300 [stdout#info] {'13.97 Kwh'}
2020-05-16T10:30:16-0300 [stdout#info] {'3.91 Kwh'}
2020-05-16T10:30:16-0300 [stdout#info] {'13.14 Kwh'}
2020-05-16T10:30:17-0300 [stdout#info] {'17.08 Kwh'}
2020-05-16T10:30:17-0300 [stdout#info] {'15.38 Kwh'}
2020-05-16T10:30:17-0300 [stdout#info] {'20.2 Kwh'}
2020-05-16T10:30:17-0300 [stdout#info] {'10.7 Kwh'}
2020-05-16T10:30:17-0300 [stdout#info] {'16.96 Kwh'}
2020-05-16T10:30:18-0300 [stdout#info] {'11.7 Kwh'}
2020-05-16T10:30:18-0300 [-] 127.0.0.1:60976 - sending MQTT PUBLISH REQUEST - Number of events: 42
2020-05-16T10:30:18-0300 [twisted.internet.endpoints.OneShotFactory#info] Starting factory <twisted.internet.endpoints.connectProtocol.<locals>.OneShotFactory object at 0x7fbe4c6d4cf8>
2020-05-16T10:30:18-0300 [twisted.internet.endpoints.OneShotFactory#info] Stopping factory <twisted.internet.endpoints.connectProtocol.<locals>.OneShotFactory object at 0x7fbe4c6d4860>
2020-05-16T10:30:18-0300 [stdout#info] This divice have no simulation core instance
2020-05-16T10:30:18-0300 [twisted.internet.endpoints.OneShotFactory#info] Starting factory <twisted.internet.endpoints.connectProtocol.<locals>.OneShotFactory object at 0x7fbe4c6e0048>
2020-05-16T10:30:18-0300 [stdout#info] {'18.2 Kwh'}
2020-05-16T10:30:19-0300 [stdout#info] {'19.97 Kwh'}
2020-05-16T10:30:19-0300 [stdout#info] {'21.56 Kwh'}
2020-05-16T10:30:20-0300 [stdout#info] {'3.56 Kwh'}
2020-05-16T10:30:20-0300 [stdout#info] {'10.39 Kwh'}
2020-05-16T10:30:20-0300 [stdout#info] {'18.83 Kwh'}
2020-05-16T10:30:20-0300 [stdout#info] {'3.25 Kwh'}
2020-05-16T10:30:20-0300 [stdout#info] {'15.79 Kwh'}
2020-05-16T10:30:21-0300 [stdout#info] {'5.67 Kwh'}
2020-05-16T10:30:21-0300 [stdout#info] {'7.21 Kwh'}
2020-05-16T10:30:22-0300 [stdout#info] {'22.44 Kwh'}
2020-05-16T10:30:22-0300 [stdout#info] {'5.07 Kwh'}
2020-05-16T10:30:23-0300 [stdout#info] {'9.6 Kwh'}
2020-05-16T10:30:23-0300 [-] 127.0.0.1:60976 - sending MQTT PUBLISH REQUEST - Number of events: 43
2020-05-16T10:30:23-0300 [twisted.internet.endpoints.OneShotFactory#info] Starting factory <twisted.internet.endpoints.connectProtocol.<locals>.OneShotFactory object at 0x7fbe4c6e01d0>
2020-05-16T10:30:23-0300 [twisted.internet.endpoints.OneShotFactory#info] Stopping factory <twisted.internet.endpoints.connectProtocol.<locals>.OneShotFactory object at 0x7fbe4c6d4cf8>
2020-05-16T10:30:23-0300 [stdout#info] This divice have no simulation core instance
2020-05-16T10:30:23-0300 [twisted.internet.endpoints.OneShotFactory#info] Starting factory <twisted.internet.endpoints.connectProtocol.<locals>.OneShotFactory object at 0x7fbe4c6e04e0>
2020-05-16T10:30:23-0300 [stdout#info] {'6.81 Kwh'}
2020-05-16T10:30:23-0300 [stdout#info] {'4.05 Kwh'}
2020-05-16T10:30:23-0300 [stdout#info] {'21.72 Kwh'}
2020-05-16T10:30:23-0300 [stdout#info] {'13.72 Kwh'}
2020-05-16T10:30:24-0300 [stdout#info] {'10.7 Kwh'}
2020-05-16T10:30:24-0300 [stdout#info] {'4.25 Kwh'}
2020-05-16T10:30:25-0300 [stdout#info] {'7.78 Kwh'}
2020-05-16T10:30:25-0300 [stdout#info] {'11.73 Kwh'}
2020-05-16T10:30:26-0300 [stdout#info] {'2.65 Kwh'}
2020-05-16T10:30:26-0300 [stdout#info] {'11.27 Kwh'}
2020-05-16T10:30:26-0300 [stdout#info] {'14.83 Kwh'}
2020-05-16T10:30:26-0300 [stdout#info] {'21.17 Kwh'}
2020-05-16T10:30:26-0300 [stdout#info] {'18.17 Kwh'}
2020-05-16T10:30:27-0300 [stdout#info] {'8.99 Kwh'}
2020-05-16T10:30:27-0300 [stdout#info] {'3.55 Kwh'}
2020-05-16T10:30:28-0300 [stdout#info] {'21.61 Kwh'}
2020-05-16T10:30:28-0300 [-] 127.0.0.1:60976 - sending MQTT PUBLISH REQUEST - Number of events: 44
2020-05-16T10:30:28-0300 [twisted.internet.endpoints.OneShotFactory#info] Starting factory <twisted.internet.endpoints.connectProtocol.<locals>.OneShotFactory object at 0x7fbe4c6e0668>
2020-05-16T10:30:28-0300 [twisted.internet.endpoints.OneShotFactory#info] Stopping factory <twisted.internet.endpoints.connectProtocol.<locals>.OneShotFactory object at 0x7fbe4c6e01d0>
2020-05-16T10:30:28-0300 [stdout#info] This divice have no simulation core instance
2020-05-16T10:30:28-0300 [twisted.internet.endpoints.OneShotFactory#info] Starting factory <twisted.internet.endpoints.connectProtocol.<locals>.OneShotFactory object at 0x7fbe4c6e0978>
2020-05-16T10:30:28-0300 [stdout#info] {'20.95 Kwh'}
2020-05-16T10:30:29-0300 [stdout#info] {'3.21 Kwh'}
2020-05-16T10:30:29-0300 [stdout#info] {'17.38 Kwh'}
2020-05-16T10:30:29-0300 [stdout#info] {'15.03 Kwh'}
2020-05-16T10:30:29-0300 [stdout#info] {'18.65 Kwh'}
2020-05-16T10:30:29-0300 [stdout#info] {'7.05 Kwh'}
2020-05-16T10:30:30-0300 [stdout#info] {'18.35 Kwh'}
2020-05-16T10:30:30-0300 [stdout#info] {'21.21 Kwh'}
2020-05-16T10:30:31-0300 [stdout#info] {'9.19 Kwh'}
2020-05-16T10:30:31-0300 [stdout#info] {'10.31 Kwh'}
2020-05-16T10:30:32-0300 [stdout#info] {'12.09 Kwh'}
2020-05-16T10:30:32-0300 [stdout#info] {'18.78 Kwh'}
2020-05-16T10:30:32-0300 [stdout#info] {'10.63 Kwh'}
2020-05-16T10:30:32-0300 [stdout#info] {'16.65 Kwh'}
2020-05-16T10:30:32-0300 [stdout#info] {'11.38 Kwh'}
2020-05-16T10:30:33-0300 [stdout#info] {'3.24 Kwh'}
2020-05-16T10:30:33-0300 [-] 127.0.0.1:60976 - sending MQTT PUBLISH REQUEST - Number of events: 45
2020-05-16T10:30:33-0300 [twisted.internet.endpoints.OneShotFactory#info] Starting factory <twisted.internet.endpoints.connectProtocol.<locals>.OneShotFactory object at 0x7fbe4c6e0b00>
2020-05-16T10:30:33-0300 [twisted.internet.endpoints.OneShotFactory#info] Stopping factory <twisted.internet.endpoints.connectProtocol.<locals>.OneShotFactory object at 0x7fbe4c6e0668>
2020-05-16T10:30:33-0300 [stdout#info] This divice have no simulation core instance
2020-05-16T10:30:33-0300 [twisted.internet.endpoints.OneShotFactory#info] Starting factory <twisted.internet.endpoints.connectProtocol.<locals>.OneShotFactory object at 0x7fbe4c6e0e10>
2020-05-16T10:30:33-0300 [stdout#info] {'4.33 Kwh'}
2020-05-16T10:30:34-0300 [stdout#info] {'20.52 Kwh'}
2020-05-16T10:30:34-0300 [stdout#info] {'10.71 Kwh'}
2020-05-16T10:30:35-0300 [stdout#info] {'5.65 Kwh'}
2020-05-16T10:30:35-0300 [stdout#info] {'9.19 Kwh'}
2020-05-16T10:30:35-0300 [stdout#info] {'16.5 Kwh'}
2020-05-16T10:30:35-0300 [stdout#info] {'14.79 Kwh'}
2020-05-16T10:30:35-0300 [stdout#info] {'4.87 Kwh'}
2020-05-16T10:30:36-0300 [stdout#info] {'9.26 Kwh'}
2020-05-16T10:30:36-0300 [stdout#info] {'9.11 Kwh'}
2020-05-16T10:30:37-0300 [stdout#info] {'4.53 Kwh'}
2020-05-16T10:30:37-0300 [stdout#info] {'6.48 Kwh'}
2020-05-16T10:30:38-0300 [stdout#info] {'15.05 Kwh'}
2020-05-16T10:30:38-0300 [-] 127.0.0.1:60976 - sending MQTT PUBLISH REQUEST - Number of events: 46
2020-05-16T10:30:38-0300 [stdout#info] {'7.5 Kwh'}
2020-05-16T10:30:38-0300 [stdout#info] {'10.14 Kwh'}
2020-05-16T10:30:38-0300 [stdout#info] {'17.25 Kwh'}
2020-05-16T10:30:38-0300 [twisted.internet.endpoints.OneShotFactory#info] Starting factory <twisted.internet.endpoints.connectProtocol.<locals>.OneShotFactory object at 0x7fbe4c6eb048>
2020-05-16T10:30:38-0300 [twisted.internet.endpoints.OneShotFactory#info] Stopping factory <twisted.internet.endpoints.connectProtocol.<locals>.OneShotFactory object at 0x7fbe4c6e0b00>
2020-05-16T10:30:38-0300 [stdout#info] This divice have no simulation core instance
2020-05-16T10:30:38-0300 [twisted.internet.endpoints.OneShotFactory#info] Starting factory <twisted.internet.endpoints.connectProtocol.<locals>.OneShotFactory object at 0x7fbe4c6eb2e8>
2020-05-16T10:30:38-0300 [stdout#info] {'12.66 Kwh'}
2020-05-16T10:30:39-0300 [stdout#info] {'11.78 Kwh'}
2020-05-16T10:30:39-0300 [stdout#info] {'8.65 Kwh'}
2020-05-16T10:30:40-0300 [stdout#info] {'9.6 Kwh'}
2020-05-16T10:30:40-0300 [stdout#info] {'19.13 Kwh'}
2020-05-16T10:30:41-0300 [stdout#info] {'20.04 Kwh'}
2020-05-16T10:30:41-0300 [stdout#info] {'19.42 Kwh'}
2020-05-16T10:30:41-0300 [stdout#info] {'21.02 Kwh'}
2020-05-16T10:30:41-0300 [stdout#info] {'13.0 Kwh'}
2020-05-16T10:30:41-0300 [stdout#info] {'7.06 Kwh'}
2020-05-16T10:30:42-0300 [stdout#info] {'17.7 Kwh'}
2020-05-16T10:30:42-0300 [stdout#info] {'3.34 Kwh'}
2020-05-16T10:30:43-0300 [stdout#info] {'10.78 Kwh'}
2020-05-16T10:30:43-0300 [-] 127.0.0.1:60976 - sending MQTT PUBLISH REQUEST - Number of events: 47
2020-05-16T10:30:43-0300 [twisted.internet.endpoints.OneShotFactory#info] Starting factory <twisted.internet.endpoints.connectProtocol.<locals>.OneShotFactory object at 0x7fbe4c6eb160>
2020-05-16T10:30:43-0300 [twisted.internet.endpoints.OneShotFactory#info] Stopping factory <twisted.internet.endpoints.connectProtocol.<locals>.OneShotFactory object at 0x7fbe4c6eb048>
2020-05-16T10:30:43-0300 [stdout#info] This divice have no simulation core instance
2020-05-16T10:30:43-0300 [twisted.internet.endpoints.OneShotFactory#info] Starting factory <twisted.internet.endpoints.connectProtocol.<locals>.OneShotFactory object at 0x7fbe4c6eb780>
2020-05-16T10:30:43-0300 [stdout#info] {'15.18 Kwh'}
2020-05-16T10:30:44-0300 [stdout#info] {'5.95 Kwh'}
2020-05-16T10:30:44-0300 [stdout#info] {'7.52 Kwh'}
2020-05-16T10:30:44-0300 [stdout#info] {'8.89 Kwh'}
2020-05-16T10:30:44-0300 [stdout#info] {'4.44 Kwh'}
2020-05-16T10:30:44-0300 [stdout#info] {'21.98 Kwh'}
2020-05-16T10:30:45-0300 [stdout#info] {'4.45 Kwh'}
2020-05-16T10:30:45-0300 [stdout#info] {'12.1 Kwh'}
2020-05-16T10:30:46-0300 [stdout#info] {'10.51 Kwh'}
2020-05-16T10:30:46-0300 [stdout#info] {'15.85 Kwh'}
2020-05-16T10:30:47-0300 [stdout#info] {'20.02 Kwh'}
2020-05-16T10:30:47-0300 [stdout#info] {'16.22 Kwh'}
2020-05-16T10:30:47-0300 [stdout#info] {'8.81 Kwh'}
2020-05-16T10:30:47-0300 [stdout#info] {'22.43 Kwh'}
2020-05-16T10:30:47-0300 [stdout#info] {'20.52 Kwh'}
2020-05-16T10:30:48-0300 [stdout#info] {'12.52 Kwh'}
2020-05-16T10:30:48-0300 [-] 127.0.0.1:60976 - sending MQTT PUBLISH REQUEST - Number of events: 48
2020-05-16T10:30:48-0300 [twisted.internet.endpoints.OneShotFactory#info] Starting factory <twisted.internet.endpoints.connectProtocol.<locals>.OneShotFactory object at 0x7fbe4c6eb9e8>
2020-05-16T10:30:48-0300 [twisted.internet.endpoints.OneShotFactory#info] Stopping factory <twisted.internet.endpoints.connectProtocol.<locals>.OneShotFactory object at 0x7fbe4c6eb160>
2020-05-16T10:30:48-0300 [stdout#info] This divice have no simulation core instance
2020-05-16T10:30:48-0300 [twisted.internet.endpoints.OneShotFactory#info] Starting factory <twisted.internet.endpoints.connectProtocol.<locals>.OneShotFactory object at 0x7fbe4c6ebc50>
2020-05-16T10:30:48-0300 [stdout#info] {'8.72 Kwh'}
2020-05-16T10:30:49-0300 [stdout#info] {'12.66 Kwh'}
2020-05-16T10:30:49-0300 [stdout#info] {'10.96 Kwh'}
2020-05-16T10:30:50-0300 [stdout#info] {'14.72 Kwh'}
2020-05-16T10:30:50-0300 [stdout#info] {'3.13 Kwh'}
2020-05-16T10:30:50-0300 [stdout#info] {'3.68 Kwh'}
2020-05-16T10:30:50-0300 [stdout#info] {'12.71 Kwh'}
2020-05-16T10:30:50-0300 [stdout#info] {'11.93 Kwh'}
2020-05-16T10:30:51-0300 [stdout#info] {'22.16 Kwh'}
2020-05-16T10:30:51-0300 [stdout#info] {'22.25 Kwh'}
2020-05-16T10:30:52-0300 [stdout#info] {'20.24 Kwh'}
2020-05-16T10:30:52-0300 [stdout#info] {'16.12 Kwh'}
2020-05-16T10:30:53-0300 [stdout#info] {'12.24 Kwh'}
2020-05-16T10:30:53-0300 [stdout#info] {'22.21 Kwh'}
2020-05-16T10:30:53-0300 [stdout#info] {'15.05 Kwh'}
2020-05-16T10:30:53-0300 [stdout#info] {'12.78 Kwh'}
2020-05-16T10:30:53-0300 [-] 127.0.0.1:60976 - sending MQTT PUBLISH REQUEST - Number of events: 49
2020-05-16T10:30:53-0300 [twisted.internet.endpoints.OneShotFactory#info] Starting factory <twisted.internet.endpoints.connectProtocol.<locals>.OneShotFactory object at 0x7fbe4c6ebeb8>
2020-05-16T10:30:53-0300 [twisted.internet.endpoints.OneShotFactory#info] Stopping factory <twisted.internet.endpoints.connectProtocol.<locals>.OneShotFactory object at 0x7fbe4c6eb9e8>
2020-05-16T10:30:53-0300 [stdout#info] This divice have no simulation core instance
2020-05-16T10:30:53-0300 [twisted.internet.endpoints.OneShotFactory#info] Starting factory <twisted.internet.endpoints.connectProtocol.<locals>.OneShotFactory object at 0x7fbe4c6f70f0>
2020-05-16T10:30:53-0300 [stdout#info] {'14.5 Kwh'}
2020-05-16T10:30:54-0300 [stdout#info] {'5.04 Kwh'}
2020-05-16T10:30:54-0300 [stdout#info] {'6.48 Kwh'}
2020-05-16T10:30:55-0300 [stdout#info] {'7.28 Kwh'}
2020-05-16T10:30:55-0300 [stdout#info] {'18.48 Kwh'}
2020-05-16T10:30:56-0300 [stdout#info] {'11.44 Kwh'}
2020-05-16T10:30:56-0300 [stdout#info] {'16.52 Kwh'}
2020-05-16T10:30:56-0300 [stdout#info] {'14.67 Kwh'}
2020-05-16T10:30:56-0300 [stdout#info] {'17.14 Kwh'}
2020-05-16T10:30:56-0300 [stdout#info] {'20.4 Kwh'}
2020-05-16T10:30:57-0300 [stdout#info] {'8.08 Kwh'}
2020-05-16T10:30:57-0300 [stdout#info] {'7.97 Kwh'}
2020-05-16T10:30:58-0300 [stdout#info] {'21.82 Kwh'}
2020-05-16T10:30:58-0300 [-] 127.0.0.1:60976 - sending MQTT PUBLISH REQUEST - Number of events: 50
2020-05-16T10:30:58-0300 [twisted.internet.endpoints.OneShotFactory#info] Starting factory <twisted.internet.endpoints.connectProtocol.<locals>.OneShotFactory object at 0x7fbe4c6f7278>
2020-05-16T10:30:58-0300 [twisted.internet.endpoints.OneShotFactory#info] Stopping factory <twisted.internet.endpoints.connectProtocol.<locals>.OneShotFactory object at 0x7fbe4c6ebeb8>
2020-05-16T10:30:58-0300 [stdout#info] This divice have no simulation core instance
2020-05-16T10:30:58-0300 [twisted.internet.endpoints.OneShotFactory#info] Starting factory <twisted.internet.endpoints.connectProtocol.<locals>.OneShotFactory object at 0x7fbe4c6f7588>
2020-05-16T10:30:58-0300 [stdout#info] {'20.19 Kwh'}
2020-05-16T10:30:59-0300 [stdout#info] {'17.67 Kwh'}
2020-05-16T10:30:59-0300 [stdout#info] {'19.16 Kwh'}
2020-05-16T10:30:59-0300 [stdout#info] {'2.83 Kwh'}
2020-05-16T10:30:59-0300 [stdout#info] {'16.36 Kwh'}
2020-05-16T10:30:59-0300 [stdout#info] {'11.77 Kwh'}
2020-05-16T10:31:00-0300 [stdout#info] {'2.57 Kwh'}
2020-05-16T10:31:00-0300 [stdout#info] {'16.14 Kwh'}
2020-05-16T10:31:01-0300 [stdout#info] {'11.46 Kwh'}
2020-05-16T10:31:01-0300 [stdout#info] {'3.73 Kwh'}
2020-05-16T10:31:02-0300 [stdout#info] {'16.19 Kwh'}
2020-05-16T10:31:02-0300 [stdout#info] {'8.31 Kwh'}
2020-05-16T10:31:02-0300 [stdout#info] {'18.75 Kwh'}
2020-05-16T10:31:02-0300 [stdout#info] {'13.69 Kwh'}
2020-05-16T10:31:02-0300 [stdout#info] {'3.06 Kwh'}
2020-05-16T10:31:03-0300 [stdout#info] {'17.65 Kwh'}
2020-05-16T10:31:03-0300 [-] 127.0.0.1:60976 - sending MQTT PUBLISH REQUEST - Number of events: 51
2020-05-16T10:31:03-0300 [twisted.internet.endpoints.OneShotFactory#info] Starting factory <twisted.internet.endpoints.connectProtocol.<locals>.OneShotFactory object at 0x7fbe4c6f74a8>
2020-05-16T10:31:03-0300 [twisted.internet.endpoints.OneShotFactory#info] Stopping factory <twisted.internet.endpoints.connectProtocol.<locals>.OneShotFactory object at 0x7fbe4c6f7278>
2020-05-16T10:31:03-0300 [stdout#info] This divice have no simulation core instance
2020-05-16T10:31:03-0300 [twisted.internet.endpoints.OneShotFactory#info] Starting factory <twisted.internet.endpoints.connectProtocol.<locals>.OneShotFactory object at 0x7fbe4c6f7a20>
2020-05-16T10:31:03-0300 [stdout#info] {'16.16 Kwh'}
2020-05-16T10:31:04-0300 [stdout#info] {'12.44 Kwh'}
2020-05-16T10:31:04-0300 [stdout#info] {'3.48 Kwh'}
2020-05-16T10:31:05-0300 [stdout#info] {'4.16 Kwh'}
2020-05-16T10:31:05-0300 [stdout#info] {'20.37 Kwh'}
2020-05-16T10:31:05-0300 [stdout#info] {'19.08 Kwh'}
2020-05-16T10:31:05-0300 [stdout#info] {'8.19 Kwh'}
2020-05-16T10:31:05-0300 [stdout#info] {'12.32 Kwh'}
2020-05-16T10:31:06-0300 [stdout#info] {'20.0 Kwh'}
2020-05-16T10:31:06-0300 [stdout#info] {'10.1 Kwh'}
2020-05-16T10:31:07-0300 [stdout#info] {'14.85 Kwh'}
2020-05-16T10:31:07-0300 [stdout#info] {'15.04 Kwh'}
2020-05-16T10:31:08-0300 [stdout#info] {'8.74 Kwh'}
2020-05-16T10:31:08-0300 [stdout#info] {'17.48 Kwh'}
2020-05-16T10:31:08-0300 [stdout#info] {'7.54 Kwh'}
2020-05-16T10:31:08-0300 [stdout#info] {'17.88 Kwh'}
2020-05-16T10:31:08-0300 [-] 127.0.0.1:60976 - sending MQTT PUBLISH REQUEST - Number of events: 52
2020-05-16T10:31:08-0300 [twisted.internet.endpoints.OneShotFactory#info] Starting factory <twisted.internet.endpoints.connectProtocol.<locals>.OneShotFactory object at 0x7fbe4c6f79e8>
2020-05-16T10:31:08-0300 [twisted.internet.endpoints.OneShotFactory#info] Stopping factory <twisted.internet.endpoints.connectProtocol.<locals>.OneShotFactory object at 0x7fbe4c6f74a8>
2020-05-16T10:31:08-0300 [stdout#info] This divice have no simulation core instance
2020-05-16T10:31:08-0300 [twisted.internet.endpoints.OneShotFactory#info] Starting factory <twisted.internet.endpoints.connectProtocol.<locals>.OneShotFactory object at 0x7fbe4c6f7d30>
2020-05-16T10:31:08-0300 [stdout#info] {'10.83 Kwh'}
2020-05-16T10:31:09-0300 [stdout#info] {'12.26 Kwh'}
2020-05-16T10:31:09-0300 [stdout#info] {'21.08 Kwh'}
2020-05-16T10:31:10-0300 [stdout#info] {'21.44 Kwh'}
2020-05-16T10:31:10-0300 [stdout#info] {'11.17 Kwh'}
2020-05-16T10:31:11-0300 [stdout#info] {'6.37 Kwh'}
2020-05-16T10:31:11-0300 [stdout#info] {'21.6 Kwh'}
2020-05-16T10:31:11-0300 [stdout#info] {'6.46 Kwh'}
2020-05-16T10:31:11-0300 [stdout#info] {'12.89 Kwh'}
2020-05-16T10:31:11-0300 [stdout#info] {'9.81 Kwh'}
2020-05-16T10:31:12-0300 [stdout#info] {'6.52 Kwh'}
2020-05-16T10:31:12-0300 [stdout#info] {'18.44 Kwh'}
2020-05-16T10:31:13-0300 [stdout#info] {'20.54 Kwh'}
2020-05-16T10:31:13-0300 [-] 127.0.0.1:60976 - sending MQTT PUBLISH REQUEST - Number of events: 53
2020-05-16T10:31:13-0300 [twisted.internet.endpoints.OneShotFactory#info] Starting factory <twisted.internet.endpoints.connectProtocol.<locals>.OneShotFactory object at 0x7fbe4c6f7eb8>
2020-05-16T10:31:13-0300 [twisted.internet.endpoints.OneShotFactory#info] Stopping factory <twisted.internet.endpoints.connectProtocol.<locals>.OneShotFactory object at 0x7fbe4c6f79e8>
2020-05-16T10:31:13-0300 [stdout#info] This divice have no simulation core instance
2020-05-16T10:31:13-0300 [twisted.internet.endpoints.OneShotFactory#info] Starting factory <twisted.internet.endpoints.connectProtocol.<locals>.OneShotFactory object at 0x7fbe4c702208>
2020-05-16T10:31:13-0300 [stdout#info] {'4.28 Kwh'}
2020-05-16T10:31:14-0300 [stdout#info] {'9.33 Kwh'}
2020-05-16T10:31:14-0300 [stdout#info] {'16.94 Kwh'}
2020-05-16T10:31:14-0300 [stdout#info] {'18.62 Kwh'}
2020-05-16T10:31:14-0300 [stdout#info] {'17.34 Kwh'}
2020-05-16T10:31:14-0300 [stdout#info] {'15.64 Kwh'}
2020-05-16T10:31:15-0300 [stdout#info] {'11.98 Kwh'}
2020-05-16T10:31:15-0300 [stdout#info] {'10.83 Kwh'}
2020-05-16T10:31:16-0300 [stdout#info] {'9.76 Kwh'}
2020-05-16T10:31:17-0300 [stdout#info] {'20.13 Kwh'}
2020-05-16T10:31:18-0300 [stdout#info] {'8.14 Kwh'}
2020-05-16T10:31:18-0300 [stdout#info] {'12.42 Kwh'}
2020-05-16T10:31:18-0300 [stdout#info] {'13.79 Kwh'}
2020-05-16T10:31:18-0300 [stdout#info] {'7.18 Kwh'}
2020-05-16T10:31:18-0300 [stdout#info] {'5.7 Kwh'}
2020-05-16T10:31:18-0300 [stdout#info] {'16.4 Kwh'}
2020-05-16T10:31:18-0300 [-] 127.0.0.1:60976 - sending MQTT PUBLISH REQUEST - Number of events: 54
2020-05-16T10:31:18-0300 [stdout#info] {'6.49 Kwh'}
2020-05-16T10:31:18-0300 [twisted.internet.endpoints.OneShotFactory#info] Starting factory <twisted.internet.endpoints.connectProtocol.<locals>.OneShotFactory object at 0x7fbe4c702390>
2020-05-16T10:31:18-0300 [twisted.internet.endpoints.OneShotFactory#info] Stopping factory <twisted.internet.endpoints.connectProtocol.<locals>.OneShotFactory object at 0x7fbe4c6f7eb8>
2020-05-16T10:31:18-0300 [stdout#info] This divice have no simulation core instance
2020-05-16T10:31:18-0300 [twisted.internet.endpoints.OneShotFactory#info] Starting factory <twisted.internet.endpoints.connectProtocol.<locals>.OneShotFactory object at 0x7fbe4c7026a0>
2020-05-16T10:31:22-0300 [stdout#info] {'18.38 Kwh'}
2020-05-16T10:31:22-0300 [stdout#info] {'12.3 Kwh'}
2020-05-16T10:31:22-0300 [stdout#info] {'7.13 Kwh'}
2020-05-16T10:31:22-0300 [stdout#info] {'16.04 Kwh'}
2020-05-16T10:31:22-0300 [stdout#info] {'4.79 Kwh'}
2020-05-16T10:31:22-0300 [stdout#info] {'16.19 Kwh'}
2020-05-16T10:31:22-0300 [stdout#info] {'18.04 Kwh'}
2020-05-16T10:31:22-0300 [stdout#info] {'21.89 Kwh'}
2020-05-16T10:31:22-0300 [stdout#info] {'13.82 Kwh'}
2020-05-16T10:31:23-0300 [-] 127.0.0.1:60976 - sending MQTT PUBLISH REQUEST - Number of events: 55
2020-05-16T10:31:23-0300 [twisted.internet.endpoints.OneShotFactory#info] Starting factory <twisted.internet.endpoints.connectProtocol.<locals>.OneShotFactory object at 0x7fbe4c702828>
2020-05-16T10:31:23-0300 [twisted.internet.endpoints.OneShotFactory#info] Stopping factory <twisted.internet.endpoints.connectProtocol.<locals>.OneShotFactory object at 0x7fbe4c702390>
2020-05-16T10:31:23-0300 [stdout#info] This divice have no simulation core instance
2020-05-16T10:31:23-0300 [twisted.internet.endpoints.OneShotFactory#info] Starting factory <twisted.internet.endpoints.connectProtocol.<locals>.OneShotFactory object at 0x7fbe4c702b38>
2020-05-16T10:31:25-0300 [stdout#info] {'8.43 Kwh'}
2020-05-16T10:31:25-0300 [stdout#info] {'18.02 Kwh'}
2020-05-16T10:31:25-0300 [stdout#info] {'15.22 Kwh'}
2020-05-16T10:31:25-0300 [stdout#info] {'6.41 Kwh'}
2020-05-16T10:31:25-0300 [stdout#info] {'18.45 Kwh'}
2020-05-16T10:31:25-0300 [stdout#info] {'15.73 Kwh'}
2020-05-16T10:31:25-0300 [stdout#info] {'12.55 Kwh'}
2020-05-16T10:31:25-0300 [stdout#info] {'13.81 Kwh'}
2020-05-16T10:31:25-0300 [stdout#info] {'4.98 Kwh'}
2020-05-16T10:31:28-0300 [stdout#info] {'20.44 Kwh'}
2020-05-16T10:31:28-0300 [stdout#info] {'13.02 Kwh'}
2020-05-16T10:31:28-0300 [stdout#info] {'21.52 Kwh'}
2020-05-16T10:31:28-0300 [stdout#info] {'14.09 Kwh'}
2020-05-16T10:31:28-0300 [stdout#info] {'4.45 Kwh'}
2020-05-16T10:31:28-0300 [stdout#info] {'15.57 Kwh'}
2020-05-16T10:31:28-0300 [stdout#info] {'16.37 Kwh'}
2020-05-16T10:31:28-0300 [stdout#info] {'8.21 Kwh'}
2020-05-16T10:31:28-0300 [stdout#info] {'4.61 Kwh'}
2020-05-16T10:31:28-0300 [-] 127.0.0.1:60976 - sending MQTT PUBLISH REQUEST - Number of events: 56
2020-05-16T10:31:28-0300 [twisted.internet.endpoints.OneShotFactory#info] Starting factory <twisted.internet.endpoints.connectProtocol.<locals>.OneShotFactory object at 0x7fbe4c702cc0>
2020-05-16T10:31:28-0300 [twisted.internet.endpoints.OneShotFactory#info] Stopping factory <twisted.internet.endpoints.connectProtocol.<locals>.OneShotFactory object at 0x7fbe4c702828>
2020-05-16T10:31:28-0300 [stdout#info] This divice have no simulation core instance
2020-05-16T10:31:28-0300 [twisted.internet.endpoints.OneShotFactory#info] Starting factory <twisted.internet.endpoints.connectProtocol.<locals>.OneShotFactory object at 0x7fbe4c702fd0>
2020-05-16T10:31:31-0300 [stdout#info] {'16.59 Kwh'}
2020-05-16T10:31:31-0300 [stdout#info] {'17.13 Kwh'}
2020-05-16T10:31:31-0300 [stdout#info] {'15.91 Kwh'}
2020-05-16T10:31:31-0300 [stdout#info] {'17.0 Kwh'}
2020-05-16T10:31:31-0300 [stdout#info] {'14.76 Kwh'}
2020-05-16T10:31:31-0300 [stdout#info] {'10.43 Kwh'}
2020-05-16T10:31:31-0300 [stdout#info] {'21.22 Kwh'}
2020-05-16T10:31:31-0300 [stdout#info] {'16.39 Kwh'}
2020-05-16T10:31:31-0300 [stdout#info] {'17.04 Kwh'}
2020-05-16T10:31:33-0300 [-] 127.0.0.1:60976 - sending MQTT PUBLISH REQUEST - Number of events: 57
2020-05-16T10:31:33-0300 [twisted.internet.endpoints.OneShotFactory#info] Starting factory <twisted.internet.endpoints.connectProtocol.<locals>.OneShotFactory object at 0x7fbe4b037198>
2020-05-16T10:31:33-0300 [twisted.internet.endpoints.OneShotFactory#info] Stopping factory <twisted.internet.endpoints.connectProtocol.<locals>.OneShotFactory object at 0x7fbe4c702cc0>
2020-05-16T10:31:33-0300 [stdout#info] This divice have no simulation core instance
2020-05-16T10:31:34-0300 [twisted.internet.endpoints.OneShotFactory#info] Starting factory <twisted.internet.endpoints.connectProtocol.<locals>.OneShotFactory object at 0x7fbe4b0374a8>
2020-05-16T10:31:34-0300 [stdout#info] {'19.7 Kwh'}
2020-05-16T10:31:34-0300 [stdout#info] {'21.31 Kwh'}
2020-05-16T10:31:34-0300 [stdout#info] {'16.14 Kwh'}
2020-05-16T10:31:34-0300 [stdout#info] {'21.42 Kwh'}
2020-05-16T10:31:34-0300 [stdout#info] {'6.98 Kwh'}
2020-05-16T10:31:34-0300 [stdout#info] {'18.43 Kwh'}
2020-05-16T10:31:34-0300 [stdout#info] {'5.13 Kwh'}
2020-05-16T10:31:34-0300 [stdout#info] {'14.24 Kwh'}
2020-05-16T10:31:34-0300 [stdout#info] {'11.91 Kwh'}
2020-05-16T10:31:37-0300 [stdout#info] {'22.14 Kwh'}
2020-05-16T10:31:37-0300 [stdout#info] {'11.93 Kwh'}
2020-05-16T10:31:37-0300 [stdout#info] {'12.26 Kwh'}
2020-05-16T10:31:37-0300 [stdout#info] {'18.87 Kwh'}
2020-05-16T10:31:37-0300 [stdout#info] {'14.09 Kwh'}
2020-05-16T10:31:37-0300 [stdout#info] {'20.08 Kwh'}
2020-05-16T10:31:37-0300 [stdout#info] {'6.82 Kwh'}
2020-05-16T10:31:37-0300 [stdout#info] {'13.09 Kwh'}
2020-05-16T10:31:37-0300 [stdout#info] {'16.87 Kwh'}
2020-05-16T10:31:39-0300 [-] 127.0.0.1:60976 - sending MQTT PUBLISH REQUEST - Number of events: 58
2020-05-16T10:31:39-0300 [twisted.internet.endpoints.OneShotFactory#info] Starting factory <twisted.internet.endpoints.connectProtocol.<locals>.OneShotFactory object at 0x7fbe4b037630>
2020-05-16T10:31:39-0300 [twisted.internet.endpoints.OneShotFactory#info] Stopping factory <twisted.internet.endpoints.connectProtocol.<locals>.OneShotFactory object at 0x7fbe4b037198>
2020-05-16T10:31:39-0300 [stdout#info] This divice have no simulation core instance
2020-05-16T10:31:39-0300 [twisted.internet.endpoints.OneShotFactory#info] Starting factory <twisted.internet.endpoints.connectProtocol.<locals>.OneShotFactory object at 0x7fbe4b037940>
2020-05-16T10:31:41-0300 [stdout#info] {'16.89 Kwh'}
2020-05-16T10:31:41-0300 [stdout#info] {'13.9 Kwh'}
2020-05-16T10:31:41-0300 [stdout#info] {'3.46 Kwh'}
2020-05-16T10:31:41-0300 [stdout#info] {'10.3 Kwh'}
2020-05-16T10:31:41-0300 [stdout#info] {'21.82 Kwh'}
2020-05-16T10:31:41-0300 [stdout#info] {'4.05 Kwh'}
2020-05-16T10:31:41-0300 [stdout#info] {'14.85 Kwh'}
2020-05-16T10:31:41-0300 [stdout#info] {'19.07 Kwh'}
2020-05-16T10:31:41-0300 [stdout#info] {'5.84 Kwh'}
2020-05-16T10:31:44-0300 [-] 127.0.0.1:60976 - sending MQTT PUBLISH REQUEST - Number of events: 59
2020-05-16T10:31:44-0300 [twisted.internet.endpoints.OneShotFactory#info] Starting factory <twisted.internet.endpoints.connectProtocol.<locals>.OneShotFactory object at 0x7fbe4b037ac8>
2020-05-16T10:31:44-0300 [twisted.internet.endpoints.OneShotFactory#info] Stopping factory <twisted.internet.endpoints.connectProtocol.<locals>.OneShotFactory object at 0x7fbe4b037630>
2020-05-16T10:31:44-0300 [stdout#info] This divice have no simulation core instance
2020-05-16T10:31:44-0300 [twisted.internet.endpoints.OneShotFactory#info] Starting factory <twisted.internet.endpoints.connectProtocol.<locals>.OneShotFactory object at 0x7fbe4b037dd8>
2020-05-16T10:31:44-0300 [stdout#info] {'18.7 Kwh'}
2020-05-16T10:31:44-0300 [stdout#info] {'21.02 Kwh'}
2020-05-16T10:31:44-0300 [stdout#info] {'7.39 Kwh'}
2020-05-16T10:31:44-0300 [stdout#info] {'11.11 Kwh'}
2020-05-16T10:31:44-0300 [stdout#info] {'13.08 Kwh'}
2020-05-16T10:31:44-0300 [stdout#info] {'3.89 Kwh'}
2020-05-16T10:31:44-0300 [stdout#info] {'3.95 Kwh'}
2020-05-16T10:31:44-0300 [stdout#info] {'21.73 Kwh'}
2020-05-16T10:31:44-0300 [stdout#info] {'4.74 Kwh'}
2020-05-16T10:31:51-0300 [stdout#info] {'4.4 Kwh'}
2020-05-16T10:31:51-0300 [stdout#info] {'15.28 Kwh'}
2020-05-16T10:31:51-0300 [stdout#info] {'10.45 Kwh'}
2020-05-16T10:31:51-0300 [stdout#info] {'10.96 Kwh'}
2020-05-16T10:31:51-0300 [stdout#info] {'14.72 Kwh'}
2020-05-16T10:31:51-0300 [stdout#info] {'12.77 Kwh'}
2020-05-16T10:31:51-0300 [stdout#info] {'16.86 Kwh'}
2020-05-16T10:31:51-0300 [stdout#info] {'13.49 Kwh'}
2020-05-16T10:31:51-0300 [stdout#info] {'15.07 Kwh'}
2020-05-16T10:31:51-0300 [-] 127.0.0.1:60976 - sending MQTT PUBLISH REQUEST - Number of events: 60
2020-05-16T10:31:51-0300 [twisted.internet.endpoints.OneShotFactory#info] Starting factory <twisted.internet.endpoints.connectProtocol.<locals>.OneShotFactory object at 0x7fbe4b037b38>
2020-05-16T10:31:51-0300 [twisted.internet.endpoints.OneShotFactory#info] Stopping factory <twisted.internet.endpoints.connectProtocol.<locals>.OneShotFactory object at 0x7fbe4b037ac8>
2020-05-16T10:31:51-0300 [stdout#info] This divice have no simulation core instance
2020-05-16T10:31:51-0300 [twisted.internet.endpoints.OneShotFactory#info] Starting factory <twisted.internet.endpoints.connectProtocol.<locals>.OneShotFactory object at 0x7fbe4b043278>
2020-05-16T10:31:54-0300 [stdout#info] {'7.96 Kwh'}
2020-05-16T10:31:54-0300 [stdout#info] {'15.88 Kwh'}
2020-05-16T10:31:54-0300 [stdout#info] {'6.84 Kwh'}
2020-05-16T10:31:54-0300 [stdout#info] {'4.06 Kwh'}
2020-05-16T10:31:54-0300 [stdout#info] {'13.89 Kwh'}
2020-05-16T10:31:54-0300 [stdout#info] {'16.42 Kwh'}
2020-05-16T10:31:54-0300 [stdout#info] {'16.18 Kwh'}
2020-05-16T10:31:54-0300 [stdout#info] {'17.18 Kwh'}
2020-05-16T10:31:54-0300 [stdout#info] {'22.45 Kwh'}
2020-05-16T10:31:57-0300 [-] 127.0.0.1:60976 - sending MQTT PUBLISH REQUEST - Number of events: 61
2020-05-16T10:31:57-0300 [twisted.internet.endpoints.OneShotFactory#info] Starting factory <twisted.internet.endpoints.connectProtocol.<locals>.OneShotFactory object at 0x7fbe4b043400>
2020-05-16T10:31:57-0300 [twisted.internet.endpoints.OneShotFactory#info] Stopping factory <twisted.internet.endpoints.connectProtocol.<locals>.OneShotFactory object at 0x7fbe4b037b38>
2020-05-16T10:31:57-0300 [stdout#info] This divice have no simulation core instance
2020-05-16T10:31:57-0300 [twisted.internet.endpoints.OneShotFactory#info] Starting factory <twisted.internet.endpoints.connectProtocol.<locals>.OneShotFactory object at 0x7fbe4b0436d8>
2020-05-16T10:31:57-0300 [stdout#info] {'8.22 Kwh'}
2020-05-16T10:31:57-0300 [stdout#info] {'9.02 Kwh'}
2020-05-16T10:31:57-0300 [stdout#info] {'12.52 Kwh'}
2020-05-16T10:31:57-0300 [stdout#info] {'11.77 Kwh'}
2020-05-16T10:31:57-0300 [stdout#info] {'22.18 Kwh'}
2020-05-16T10:31:57-0300 [stdout#info] {'14.8 Kwh'}
2020-05-16T10:31:57-0300 [stdout#info] {'4.22 Kwh'}
2020-05-16T10:31:57-0300 [stdout#info] {'13.87 Kwh'}
2020-05-16T10:31:57-0300 [stdout#info] {'19.31 Kwh'}
2020-05-16T10:32:00-0300 [stdout#info] {'5.72 Kwh'}
2020-05-16T10:32:00-0300 [stdout#info] {'17.62 Kwh'}
2020-05-16T10:32:00-0300 [stdout#info] {'20.74 Kwh'}
2020-05-16T10:32:00-0300 [stdout#info] {'7.71 Kwh'}
2020-05-16T10:32:00-0300 [stdout#info] {'22.06 Kwh'}
2020-05-16T10:32:00-0300 [stdout#info] {'9.83 Kwh'}
2020-05-16T10:32:00-0300 [stdout#info] {'7.35 Kwh'}
2020-05-16T10:32:00-0300 [stdout#info] {'15.67 Kwh'}
2020-05-16T10:32:00-0300 [stdout#info] {'8.45 Kwh'}
2020-05-16T10:32:02-0300 [-] 127.0.0.1:60976 - sending MQTT PUBLISH REQUEST - Number of events: 62
2020-05-16T10:32:02-0300 [twisted.internet.endpoints.OneShotFactory#info] Starting factory <twisted.internet.endpoints.connectProtocol.<locals>.OneShotFactory object at 0x7fbe4b043940>
2020-05-16T10:32:02-0300 [twisted.internet.endpoints.OneShotFactory#info] Stopping factory <twisted.internet.endpoints.connectProtocol.<locals>.OneShotFactory object at 0x7fbe4b043400>
2020-05-16T10:32:02-0300 [stdout#info] This divice have no simulation core instance
2020-05-16T10:32:02-0300 [twisted.internet.endpoints.OneShotFactory#info] Starting factory <twisted.internet.endpoints.connectProtocol.<locals>.OneShotFactory object at 0x7fbe4b043b70>
2020-05-16T10:32:04-0300 [stdout#info] {'20.77 Kwh'}
2020-05-16T10:32:04-0300 [stdout#info] {'18.02 Kwh'}
2020-05-16T10:32:04-0300 [stdout#info] {'11.45 Kwh'}
2020-05-16T10:32:04-0300 [stdout#info] {'14.13 Kwh'}
2020-05-16T10:32:04-0300 [stdout#info] {'9.12 Kwh'}
2020-05-16T10:32:04-0300 [stdout#info] {'13.76 Kwh'}
2020-05-16T10:32:04-0300 [stdout#info] {'5.25 Kwh'}
2020-05-16T10:32:04-0300 [stdout#info] {'18.96 Kwh'}
2020-05-16T10:32:04-0300 [stdout#info] {'20.91 Kwh'}
2020-05-16T10:32:07-0300 [stdout#info] {'10.56 Kwh'}
2020-05-16T10:32:07-0300 [stdout#info] {'14.34 Kwh'}
2020-05-16T10:32:07-0300 [stdout#info] {'10.51 Kwh'}
2020-05-16T10:32:07-0300 [stdout#info] {'12.08 Kwh'}
2020-05-16T10:32:07-0300 [stdout#info] {'5.89 Kwh'}
2020-05-16T10:32:07-0300 [stdout#info] {'10.07 Kwh'}
2020-05-16T10:32:07-0300 [stdout#info] {'14.41 Kwh'}
2020-05-16T10:32:07-0300 [stdout#info] {'18.1 Kwh'}
2020-05-16T10:32:07-0300 [stdout#info] {'7.25 Kwh'}
2020-05-16T10:32:07-0300 [-] 127.0.0.1:60976 - sending MQTT PUBLISH REQUEST - Number of events: 63
2020-05-16T10:32:07-0300 [twisted.internet.endpoints.OneShotFactory#info] Starting factory <twisted.internet.endpoints.connectProtocol.<locals>.OneShotFactory object at 0x7fbe4b043dd8>
2020-05-16T10:32:07-0300 [twisted.internet.endpoints.OneShotFactory#info] Stopping factory <twisted.internet.endpoints.connectProtocol.<locals>.OneShotFactory object at 0x7fbe4b043940>
2020-05-16T10:32:07-0300 [stdout#info] This divice have no simulation core instance
2020-05-16T10:32:07-0300 [twisted.internet.endpoints.OneShotFactory#info] Starting factory <twisted.internet.endpoints.connectProtocol.<locals>.OneShotFactory object at 0x7fbe4b043f98>
2020-05-16T10:32:10-0300 [stdout#info] {'6.48 Kwh'}
2020-05-16T10:32:10-0300 [stdout#info] {'7.32 Kwh'}
2020-05-16T10:32:10-0300 [stdout#info] {'16.24 Kwh'}
2020-05-16T10:32:10-0300 [stdout#info] {'5.89 Kwh'}
2020-05-16T10:32:10-0300 [stdout#info] {'12.17 Kwh'}
2020-05-16T10:32:10-0300 [stdout#info] {'8.43 Kwh'}
2020-05-16T10:32:10-0300 [stdout#info] {'3.93 Kwh'}
2020-05-16T10:32:10-0300 [stdout#info] {'17.65 Kwh'}
2020-05-16T10:32:10-0300 [stdout#info] {'13.51 Kwh'}
2020-05-16T10:32:14-0300 [-] 127.0.0.1:60976 - sending MQTT PUBLISH REQUEST - Number of events: 64
2020-05-16T10:32:14-0300 [stdout#info] {'6.85 Kwh'}
2020-05-16T10:32:14-0300 [stdout#info] {'5.27 Kwh'}
2020-05-16T10:32:14-0300 [stdout#info] {'9.45 Kwh'}
2020-05-16T10:32:14-0300 [stdout#info] {'13.51 Kwh'}
2020-05-16T10:32:14-0300 [stdout#info] {'14.06 Kwh'}
2020-05-16T10:32:14-0300 [stdout#info] {'18.81 Kwh'}
2020-05-16T10:32:14-0300 [stdout#info] {'4.26 Kwh'}
2020-05-16T10:32:14-0300 [stdout#info] {'17.01 Kwh'}
2020-05-16T10:32:14-0300 [stdout#info] {'15.59 Kwh'}
2020-05-16T10:32:14-0300 [twisted.internet.endpoints.OneShotFactory#info] Starting factory <twisted.internet.endpoints.connectProtocol.<locals>.OneShotFactory object at 0x7fbe4b04a1d0>
2020-05-16T10:32:14-0300 [twisted.internet.endpoints.OneShotFactory#info] Stopping factory <twisted.internet.endpoints.connectProtocol.<locals>.OneShotFactory object at 0x7fbe4b043dd8>
2020-05-16T10:32:14-0300 [stdout#info] This divice have no simulation core instance
2020-05-16T10:32:14-0300 [twisted.internet.endpoints.OneShotFactory#info] Starting factory <twisted.internet.endpoints.connectProtocol.<locals>.OneShotFactory object at 0x7fbe4b04a3c8>
2020-05-16T10:32:17-0300 [stdout#info] {'9.16 Kwh'}
2020-05-16T10:32:17-0300 [stdout#info] {'12.25 Kwh'}
2020-05-16T10:32:17-0300 [stdout#info] {'6.83 Kwh'}
2020-05-16T10:32:17-0300 [stdout#info] {'16.8 Kwh'}
2020-05-16T10:32:17-0300 [stdout#info] {'16.91 Kwh'}
2020-05-16T10:32:17-0300 [stdout#info] {'13.07 Kwh'}
2020-05-16T10:32:17-0300 [stdout#info] {'16.4 Kwh'}
2020-05-16T10:32:17-0300 [stdout#info] {'20.91 Kwh'}
2020-05-16T10:32:17-0300 [stdout#info] {'3.05 Kwh'}
2020-05-16T10:32:19-0300 [-] 127.0.0.1:60976 - sending MQTT PUBLISH REQUEST - Number of events: 65
2020-05-16T10:32:19-0300 [twisted.internet.endpoints.OneShotFactory#info] Starting factory <twisted.internet.endpoints.connectProtocol.<locals>.OneShotFactory object at 0x7fbe4b04a5f8>
2020-05-16T10:32:19-0300 [twisted.internet.endpoints.OneShotFactory#info] Stopping factory <twisted.internet.endpoints.connectProtocol.<locals>.OneShotFactory object at 0x7fbe4b04a1d0>
2020-05-16T10:32:19-0300 [stdout#info] This divice have no simulation core instance
2020-05-16T10:32:19-0300 [twisted.internet.endpoints.OneShotFactory#info] Starting factory <twisted.internet.endpoints.connectProtocol.<locals>.OneShotFactory object at 0x7fbe4b04a898>
2020-05-16T10:32:20-0300 [stdout#info] {'8.73 Kwh'}
2020-05-16T10:32:20-0300 [stdout#info] {'7.21 Kwh'}
2020-05-16T10:32:20-0300 [stdout#info] {'3.91 Kwh'}
2020-05-16T10:32:20-0300 [stdout#info] {'11.87 Kwh'}
2020-05-16T10:32:20-0300 [stdout#info] {'3.89 Kwh'}
2020-05-16T10:32:20-0300 [stdout#info] {'7.62 Kwh'}
2020-05-16T10:32:20-0300 [stdout#info] {'22.44 Kwh'}
2020-05-16T10:32:20-0300 [stdout#info] {'15.57 Kwh'}
2020-05-16T10:32:20-0300 [stdout#info] {'10.15 Kwh'}
2020-05-16T10:32:23-0300 [stdout#info] {'15.61 Kwh'}
2020-05-16T10:32:23-0300 [stdout#info] {'2.82 Kwh'}
2020-05-16T10:32:23-0300 [stdout#info] {'16.16 Kwh'}
2020-05-16T10:32:23-0300 [stdout#info] {'14.46 Kwh'}
2020-05-16T10:32:23-0300 [stdout#info] {'15.74 Kwh'}
2020-05-16T10:32:23-0300 [stdout#info] {'3.3 Kwh'}
2020-05-16T10:32:23-0300 [stdout#info] {'10.91 Kwh'}
2020-05-16T10:32:23-0300 [stdout#info] {'17.78 Kwh'}
2020-05-16T10:32:23-0300 [stdout#info] {'15.02 Kwh'}
2020-05-16T10:32:24-0300 [-] 127.0.0.1:60976 - sending MQTT PUBLISH REQUEST - Number of events: 66
2020-05-16T10:32:24-0300 [twisted.internet.endpoints.OneShotFactory#info] Starting factory <twisted.internet.endpoints.connectProtocol.<locals>.OneShotFactory object at 0x7fbe4b04aa20>
2020-05-16T10:32:24-0300 [twisted.internet.endpoints.OneShotFactory#info] Stopping factory <twisted.internet.endpoints.connectProtocol.<locals>.OneShotFactory object at 0x7fbe4b04a5f8>
2020-05-16T10:32:24-0300 [stdout#info] This divice have no simulation core instance
2020-05-16T10:32:24-0300 [twisted.internet.endpoints.OneShotFactory#info] Starting factory <twisted.internet.endpoints.connectProtocol.<locals>.OneShotFactory object at 0x7fbe4b04acf8>
2020-05-16T10:32:26-0300 [stdout#info] {'22.37 Kwh'}
2020-05-16T10:32:26-0300 [stdout#info] {'4.87 Kwh'}
2020-05-16T10:32:26-0300 [stdout#info] {'8.81 Kwh'}
2020-05-16T10:32:26-0300 [stdout#info] {'9.29 Kwh'}
2020-05-16T10:32:26-0300 [stdout#info] {'6.88 Kwh'}
2020-05-16T10:32:26-0300 [stdout#info] {'8.03 Kwh'}
2020-05-16T10:32:26-0300 [stdout#info] {'14.87 Kwh'}
2020-05-16T10:32:26-0300 [stdout#info] {'8.54 Kwh'}
2020-05-16T10:32:26-0300 [stdout#info] {'15.0 Kwh'}
2020-05-16T10:32:31-0300 [-] 127.0.0.1:60976 - sending MQTT PUBLISH REQUEST - Number of events: 67
2020-05-16T10:32:31-0300 [stdout#info] {'15.29 Kwh'}
2020-05-16T10:32:31-0300 [stdout#info] {'18.95 Kwh'}
2020-05-16T10:32:31-0300 [stdout#info] {'18.94 Kwh'}
2020-05-16T10:32:31-0300 [stdout#info] {'19.84 Kwh'}
2020-05-16T10:32:31-0300 [stdout#info] {'7.53 Kwh'}
2020-05-16T10:32:31-0300 [stdout#info] {'12.0 Kwh'}
2020-05-16T10:32:31-0300 [stdout#info] {'10.76 Kwh'}
2020-05-16T10:32:31-0300 [stdout#info] {'16.4 Kwh'}
2020-05-16T10:32:31-0300 [stdout#info] {'12.17 Kwh'}
2020-05-16T10:32:31-0300 [twisted.internet.endpoints.OneShotFactory#info] Starting factory <twisted.internet.endpoints.connectProtocol.<locals>.OneShotFactory object at 0x7fbe4b04ae80>
2020-05-16T10:32:31-0300 [twisted.internet.endpoints.OneShotFactory#info] Stopping factory <twisted.internet.endpoints.connectProtocol.<locals>.OneShotFactory object at 0x7fbe4b04aa20>
2020-05-16T10:32:31-0300 [stdout#info] This divice have no simulation core instance
2020-05-16T10:32:31-0300 [twisted.internet.endpoints.OneShotFactory#info] Starting factory <twisted.internet.endpoints.connectProtocol.<locals>.OneShotFactory object at 0x7fbe4b057198>
2020-05-16T10:32:34-0300 [stdout#info] {'13.79 Kwh'}
2020-05-16T10:32:34-0300 [stdout#info] {'20.92 Kwh'}
2020-05-16T10:32:34-0300 [stdout#info] {'2.59 Kwh'}
2020-05-16T10:32:34-0300 [stdout#info] {'3.25 Kwh'}
2020-05-16T10:32:34-0300 [stdout#info] {'20.94 Kwh'}
2020-05-16T10:32:34-0300 [stdout#info] {'12.12 Kwh'}
2020-05-16T10:32:34-0300 [stdout#info] {'15.75 Kwh'}
2020-05-16T10:32:34-0300 [stdout#info] {'21.83 Kwh'}
2020-05-16T10:32:34-0300 [stdout#info] {'11.62 Kwh'}
2020-05-16T10:32:36-0300 [-] 127.0.0.1:60976 - sending MQTT PUBLISH REQUEST - Number of events: 68
2020-05-16T10:32:36-0300 [twisted.internet.endpoints.OneShotFactory#info] Starting factory <twisted.internet.endpoints.connectProtocol.<locals>.OneShotFactory object at 0x7fbe4b057320>
2020-05-16T10:32:36-0300 [twisted.internet.endpoints.OneShotFactory#info] Stopping factory <twisted.internet.endpoints.connectProtocol.<locals>.OneShotFactory object at 0x7fbe4b04ae80>
2020-05-16T10:32:36-0300 [stdout#info] This divice have no simulation core instance
2020-05-16T10:32:36-0300 [twisted.internet.endpoints.OneShotFactory#info] Starting factory <twisted.internet.endpoints.connectProtocol.<locals>.OneShotFactory object at 0x7fbe4b0575f8>
2020-05-16T10:32:37-0300 [stdout#info] {'13.78 Kwh'}
2020-05-16T10:32:37-0300 [stdout#info] {'12.45 Kwh'}
2020-05-16T10:32:37-0300 [stdout#info] {'22.11 Kwh'}
2020-05-16T10:32:37-0300 [stdout#info] {'3.59 Kwh'}
2020-05-16T10:32:37-0300 [stdout#info] {'20.11 Kwh'}
2020-05-16T10:32:37-0300 [stdout#info] {'16.03 Kwh'}
2020-05-16T10:32:37-0300 [stdout#info] {'17.99 Kwh'}
2020-05-16T10:32:37-0300 [stdout#info] {'22.25 Kwh'}
2020-05-16T10:32:37-0300 [stdout#info] {'16.74 Kwh'}
2020-05-16T10:32:40-0300 [stdout#info] {'18.49 Kwh'}
2020-05-16T10:32:40-0300 [stdout#info] {'21.25 Kwh'}
2020-05-16T10:32:40-0300 [stdout#info] {'8.59 Kwh'}
2020-05-16T10:32:40-0300 [stdout#info] {'15.27 Kwh'}
2020-05-16T10:32:40-0300 [stdout#info] {'10.2 Kwh'}
2020-05-16T10:32:40-0300 [stdout#info] {'21.38 Kwh'}
2020-05-16T10:32:40-0300 [stdout#info] {'6.64 Kwh'}
2020-05-16T10:32:40-0300 [stdout#info] {'16.27 Kwh'}
2020-05-16T10:32:40-0300 [stdout#info] {'17.98 Kwh'}
2020-05-16T10:32:41-0300 [-] 127.0.0.1:60976 - sending MQTT PUBLISH REQUEST - Number of events: 69
2020-05-16T10:32:41-0300 [twisted.internet.endpoints.OneShotFactory#info] Starting factory <twisted.internet.endpoints.connectProtocol.<locals>.OneShotFactory object at 0x7fbe4b057780>
2020-05-16T10:32:41-0300 [twisted.internet.endpoints.OneShotFactory#info] Stopping factory <twisted.internet.endpoints.connectProtocol.<locals>.OneShotFactory object at 0x7fbe4b057320>
2020-05-16T10:32:41-0300 [stdout#info] This divice have no simulation core instance
2020-05-16T10:32:41-0300 [twisted.internet.endpoints.OneShotFactory#info] Starting factory <twisted.internet.endpoints.connectProtocol.<locals>.OneShotFactory object at 0x7fbe4b057a58>
2020-05-16T10:32:45-0300 [stdout#info] {'17.17 Kwh'}
2020-05-16T10:32:45-0300 [stdout#info] {'6.28 Kwh'}
2020-05-16T10:32:45-0300 [stdout#info] {'13.61 Kwh'}
2020-05-16T10:32:45-0300 [stdout#info] {'11.17 Kwh'}
2020-05-16T10:32:45-0300 [stdout#info] {'7.21 Kwh'}
2020-05-16T10:32:45-0300 [stdout#info] {'6.55 Kwh'}
2020-05-16T10:32:45-0300 [stdout#info] {'6.92 Kwh'}
2020-05-16T10:32:45-0300 [stdout#info] {'4.08 Kwh'}
2020-05-16T10:32:45-0300 [stdout#info] {'2.57 Kwh'}
2020-05-16T10:32:46-0300 [-] 127.0.0.1:60976 - sending MQTT PUBLISH REQUEST - Number of events: 70
2020-05-16T10:32:46-0300 [twisted.internet.endpoints.OneShotFactory#info] Starting factory <twisted.internet.endpoints.connectProtocol.<locals>.OneShotFactory object at 0x7fbe4b057be0>
2020-05-16T10:32:46-0300 [twisted.internet.endpoints.OneShotFactory#info] Stopping factory <twisted.internet.endpoints.connectProtocol.<locals>.OneShotFactory object at 0x7fbe4b057780>
2020-05-16T10:32:46-0300 [stdout#info] This divice have no simulation core instance
2020-05-16T10:32:46-0300 [twisted.internet.endpoints.OneShotFactory#info] Starting factory <twisted.internet.endpoints.connectProtocol.<locals>.OneShotFactory object at 0x7fbe4b057eb8>
2020-05-16T10:32:50-0300 [stdout#info] {'19.57 Kwh'}
2020-05-16T10:32:50-0300 [stdout#info] {'10.39 Kwh'}
2020-05-16T10:32:50-0300 [stdout#info] {'12.91 Kwh'}
2020-05-16T10:32:50-0300 [stdout#info] {'3.32 Kwh'}
2020-05-16T10:32:50-0300 [stdout#info] {'18.22 Kwh'}
2020-05-16T10:32:50-0300 [stdout#info] {'16.18 Kwh'}
2020-05-16T10:32:50-0300 [stdout#info] {'11.47 Kwh'}
2020-05-16T10:32:50-0300 [stdout#info] {'5.48 Kwh'}
2020-05-16T10:32:50-0300 [stdout#info] {'11.49 Kwh'}
2020-05-16T10:32:51-0300 [-] 127.0.0.1:60976 - sending MQTT PUBLISH REQUEST - Number of events: 71
2020-05-16T10:32:51-0300 [twisted.internet.endpoints.OneShotFactory#info] Starting factory <twisted.internet.endpoints.connectProtocol.<locals>.OneShotFactory object at 0x7fbe4b063080>
2020-05-16T10:32:51-0300 [twisted.internet.endpoints.OneShotFactory#info] Stopping factory <twisted.internet.endpoints.connectProtocol.<locals>.OneShotFactory object at 0x7fbe4b057be0>
2020-05-16T10:32:51-0300 [stdout#info] This divice have no simulation core instance
2020-05-16T10:32:51-0300 [twisted.internet.endpoints.OneShotFactory#info] Starting factory <twisted.internet.endpoints.connectProtocol.<locals>.OneShotFactory object at 0x7fbe4b063358>
2020-05-16T10:32:53-0300 [stdout#info] {'5.44 Kwh'}
2020-05-16T10:32:53-0300 [stdout#info] {'18.04 Kwh'}
2020-05-16T10:32:53-0300 [stdout#info] {'8.27 Kwh'}
2020-05-16T10:32:53-0300 [stdout#info] {'5.03 Kwh'}
2020-05-16T10:32:53-0300 [stdout#info] {'8.95 Kwh'}
2020-05-16T10:32:53-0300 [stdout#info] {'18.16 Kwh'}
2020-05-16T10:32:53-0300 [stdout#info] {'19.26 Kwh'}
2020-05-16T10:32:53-0300 [stdout#info] {'16.18 Kwh'}
2020-05-16T10:32:53-0300 [stdout#info] {'6.45 Kwh'}
2020-05-16T10:32:58-0300 [-] 127.0.0.1:60976 - sending MQTT PUBLISH REQUEST - Number of events: 72
2020-05-16T10:32:58-0300 [stdout#info] {'13.81 Kwh'}
2020-05-16T10:32:58-0300 [stdout#info] {'12.92 Kwh'}
2020-05-16T10:32:58-0300 [stdout#info] {'17.49 Kwh'}
2020-05-16T10:32:58-0300 [stdout#info] {'10.6 Kwh'}
2020-05-16T10:32:58-0300 [stdout#info] {'21.64 Kwh'}
2020-05-16T10:32:58-0300 [stdout#info] {'14.62 Kwh'}
2020-05-16T10:32:58-0300 [stdout#info] {'13.11 Kwh'}
2020-05-16T10:32:58-0300 [stdout#info] {'21.67 Kwh'}
2020-05-16T10:32:58-0300 [stdout#info] {'20.12 Kwh'}
2020-05-16T10:32:58-0300 [twisted.internet.endpoints.OneShotFactory#info] Starting factory <twisted.internet.endpoints.connectProtocol.<locals>.OneShotFactory object at 0x7fbe4b0634e0>
2020-05-16T10:32:58-0300 [twisted.internet.endpoints.OneShotFactory#info] Stopping factory <twisted.internet.endpoints.connectProtocol.<locals>.OneShotFactory object at 0x7fbe4b063080>
2020-05-16T10:32:58-0300 [stdout#info] This divice have no simulation core instance
2020-05-16T10:32:58-0300 [twisted.internet.endpoints.OneShotFactory#info] Starting factory <twisted.internet.endpoints.connectProtocol.<locals>.OneShotFactory object at 0x7fbe4b0637b8>
2020-05-16T10:33:01-0300 [stdout#info] {'15.4 Kwh'}
2020-05-16T10:33:01-0300 [stdout#info] {'11.15 Kwh'}
2020-05-16T10:33:01-0300 [stdout#info] {'14.14 Kwh'}
2020-05-16T10:33:01-0300 [stdout#info] {'5.02 Kwh'}
2020-05-16T10:33:01-0300 [stdout#info] {'5.2 Kwh'}
2020-05-16T10:33:01-0300 [stdout#info] {'20.02 Kwh'}
2020-05-16T10:33:01-0300 [stdout#info] {'21.55 Kwh'}
2020-05-16T10:33:01-0300 [stdout#info] {'18.73 Kwh'}
2020-05-16T10:33:01-0300 [stdout#info] {'15.19 Kwh'}
2020-05-16T10:33:03-0300 [-] 127.0.0.1:60976 - sending MQTT PUBLISH REQUEST - Number of events: 73
2020-05-16T10:33:03-0300 [twisted.internet.endpoints.OneShotFactory#info] Starting factory <twisted.internet.endpoints.connectProtocol.<locals>.OneShotFactory object at 0x7fbe4b063978>
2020-05-16T10:33:03-0300 [twisted.internet.endpoints.OneShotFactory#info] Stopping factory <twisted.internet.endpoints.connectProtocol.<locals>.OneShotFactory object at 0x7fbe4b0634e0>
2020-05-16T10:33:03-0300 [stdout#info] This divice have no simulation core instance
2020-05-16T10:33:03-0300 [twisted.internet.endpoints.OneShotFactory#info] Starting factory <twisted.internet.endpoints.connectProtocol.<locals>.OneShotFactory object at 0x7fbe4b063c18>
2020-05-16T10:33:05-0300 [stdout#info] {'5.32 Kwh'}
2020-05-16T10:33:05-0300 [stdout#info] {'10.36 Kwh'}
2020-05-16T10:33:05-0300 [stdout#info] {'20.51 Kwh'}
2020-05-16T10:33:05-0300 [stdout#info] {'2.86 Kwh'}
2020-05-16T10:33:05-0300 [stdout#info] {'18.73 Kwh'}
2020-05-16T10:33:05-0300 [stdout#info] {'15.22 Kwh'}
2020-05-16T10:33:05-0300 [stdout#info] {'19.83 Kwh'}
2020-05-16T10:33:05-0300 [stdout#info] {'9.28 Kwh'}
2020-05-16T10:33:05-0300 [stdout#info] {'15.54 Kwh'}
2020-05-16T10:33:06-0300 [-] Received SIGINT, shutting down.
2020-05-16T10:33:06-0300 [twisted.internet.endpoints.OneShotFactory#info] Stopping factory <twisted.internet.endpoints.connectProtocol.<locals>.OneShotFactory object at 0x7fbe4c72bf60>
2020-05-16T10:33:06-0300 [twisted.internet.endpoints.OneShotFactory#info] Stopping factory <twisted.internet.endpoints.connectProtocol.<locals>.OneShotFactory object at 0x7fbe4b043f98>
2020-05-16T10:33:06-0300 [twisted.internet.endpoints.OneShotFactory#info] Stopping factory <twisted.internet.endpoints.connectProtocol.<locals>.OneShotFactory object at 0x7fbe4c702fd0>
2020-05-16T10:33:06-0300 [twisted.internet.endpoints.OneShotFactory#info] Stopping factory <twisted.internet.endpoints.connectProtocol.<locals>.OneShotFactory object at 0x7fbe4c6e0048>
2020-05-16T10:33:06-0300 [twisted.internet.endpoints.OneShotFactory#info] Stopping factory <twisted.internet.endpoints.connectProtocol.<locals>.OneShotFactory object at 0x7fbe4c766eb8>
2020-05-16T10:33:06-0300 [twisted.internet.endpoints.OneShotFactory#info] Stopping factory <twisted.internet.endpoints.connectProtocol.<locals>.OneShotFactory object at 0x7fbe4c6f70f0>
2020-05-16T10:33:06-0300 [twisted.internet.endpoints.OneShotFactory#info] Stopping factory <twisted.internet.endpoints.connectProtocol.<locals>.OneShotFactory object at 0x7fbe4c766198>
2020-05-16T10:33:06-0300 [twisted.internet.endpoints.OneShotFactory#info] Stopping factory <twisted.internet.endpoints.connectProtocol.<locals>.OneShotFactory object at 0x7fbe4c72b198>
2020-05-16T10:33:06-0300 [twisted.internet.endpoints.OneShotFactory#info] Stopping factory <twisted.internet.endpoints.connectProtocol.<locals>.OneShotFactory object at 0x7fbe4b057198>
2020-05-16T10:33:06-0300 [twisted.internet.endpoints.OneShotFactory#info] Stopping factory <twisted.internet.endpoints.connectProtocol.<locals>.OneShotFactory object at 0x7fbe4c702208>
2020-05-16T10:33:06-0300 [twisted.internet.endpoints.OneShotFactory#info] Stopping factory <twisted.internet.endpoints.connectProtocol.<locals>.OneShotFactory object at 0x7fbe4c6d4240>
2020-05-16T10:33:06-0300 [SubscriberApp,client] connection lost: Connection to the other side was lost in a non-clean fashion: Connection lost.
2020-05-16T10:33:06-0300 [SubscriberApp,client] connection lost - Number of events: 74
2020-05-16T10:33:06-0300 [twisted.internet.endpoints.OneShotFactory#info] Stopping factory <twisted.internet.endpoints.connectProtocol.<locals>.OneShotFactory object at 0x7fbe4b043278>
2020-05-16T10:33:06-0300 [twisted.internet.endpoints.OneShotFactory#info] Stopping factory <twisted.internet.endpoints.connectProtocol.<locals>.OneShotFactory object at 0x7fbe4c6eb2e8>
2020-05-16T10:33:06-0300 [twisted.internet.endpoints.OneShotFactory#info] Stopping factory <twisted.internet.endpoints.connectProtocol.<locals>.OneShotFactory object at 0x7fbe4b09e358>
2020-05-16T10:33:06-0300 [twisted.internet.endpoints.OneShotFactory#info] Stopping factory <twisted.internet.endpoints.connectProtocol.<locals>.OneShotFactory object at 0x7fbe4b063358>
2020-05-16T10:33:06-0300 [twisted.internet.endpoints.OneShotFactory#info] Stopping factory <twisted.internet.endpoints.connectProtocol.<locals>.OneShotFactory object at 0x7fbe4c784390>
2020-05-16T10:33:06-0300 [twisted.internet.endpoints.OneShotFactory#info] Stopping factory <twisted.internet.endpoints.connectProtocol.<locals>.OneShotFactory object at 0x7fbe4b04a3c8>
2020-05-16T10:33:06-0300 [twisted.internet.endpoints.OneShotFactory#info] Stopping factory <twisted.internet.endpoints.connectProtocol.<locals>.OneShotFactory object at 0x7fbe4c745438>
2020-05-16T10:33:06-0300 [twisted.internet.endpoints.OneShotFactory#info] Stopping factory <twisted.internet.endpoints.connectProtocol.<locals>.OneShotFactory object at 0x7fbe4b0374a8>
2020-05-16T10:33:06-0300 [twisted.internet.endpoints.OneShotFactory#info] Stopping factory <twisted.internet.endpoints.connectProtocol.<locals>.OneShotFactory object at 0x7fbe4c6e04e0>
2020-05-16T10:33:06-0300 [twisted.internet.endpoints.OneShotFactory#info] Stopping factory <twisted.internet.endpoints.connectProtocol.<locals>.OneShotFactory object at 0x7fbe4b09e550>
2020-05-16T10:33:06-0300 [twisted.internet.endpoints.OneShotFactory#info] Stopping factory <twisted.internet.endpoints.connectProtocol.<locals>.OneShotFactory object at 0x7fbe4c6f7588>
2020-05-16T10:33:06-0300 [applications.mqttapp.BrokerFactory] (TCP Port 5100 Closed)
2020-05-16T10:33:06-0300 [twisted.internet.endpoints.OneShotFactory#info] Stopping factory <twisted.internet.endpoints.connectProtocol.<locals>.OneShotFactory object at 0x7fbe4b0575f8>
2020-05-16T10:33:06-0300 [twisted.internet.endpoints.OneShotFactory#info] Stopping factory <twisted.internet.endpoints.connectProtocol.<locals>.OneShotFactory object at 0x7fbe4c72b630>
2020-05-16T10:33:06-0300 [twisted.internet.endpoints.OneShotFactory#info] Stopping factory <twisted.internet.endpoints.connectProtocol.<locals>.OneShotFactory object at 0x7fbe4c7666a0>
2020-05-16T10:33:06-0300 [twisted.internet.endpoints.OneShotFactory#info] Stopping factory <twisted.internet.endpoints.connectProtocol.<locals>.OneShotFactory object at 0x7fbe4c7026a0>
2020-05-16T10:33:06-0300 [twisted.internet.endpoints.OneShotFactory#info] Stopping factory <twisted.internet.endpoints.connectProtocol.<locals>.OneShotFactory object at 0x7fbe4c6d46d8>
2020-05-16T10:33:06-0300 [twisted.internet.endpoints.OneShotFactory#info] Stopping factory <twisted.internet.endpoints.connectProtocol.<locals>.OneShotFactory object at 0x7fbe4b0436d8>
2020-05-16T10:33:06-0300 [twisted.internet.endpoints.OneShotFactory#info] Stopping factory <twisted.internet.endpoints.connectProtocol.<locals>.OneShotFactory object at 0x7fbe4b0a8780>
2020-05-16T10:33:06-0300 [twisted.internet.endpoints.OneShotFactory#info] Stopping factory <twisted.internet.endpoints.connectProtocol.<locals>.OneShotFactory object at 0x7fbe4c6eb780>
2020-05-16T10:33:06-0300 [twisted.internet.endpoints.OneShotFactory#info] Stopping factory <twisted.internet.endpoints.connectProtocol.<locals>.OneShotFactory object at 0x7fbe4b0637b8>
2020-05-16T10:33:06-0300 [twisted.internet.endpoints.OneShotFactory#info] Stopping factory <twisted.internet.endpoints.connectProtocol.<locals>.OneShotFactory object at 0x7fbe4c784828>
2020-05-16T10:33:06-0300 [twisted.internet.endpoints.OneShotFactory#info] Stopping factory <twisted.internet.endpoints.connectProtocol.<locals>.OneShotFactory object at 0x7fbe4b04a898>
2020-05-16T10:33:06-0300 [twisted.internet.endpoints.OneShotFactory#info] Stopping factory <twisted.internet.endpoints.connectProtocol.<locals>.OneShotFactory object at 0x7fbe4c7458d0>
2020-05-16T10:33:06-0300 [twisted.internet.endpoints.OneShotFactory#info] Stopping factory <twisted.internet.endpoints.connectProtocol.<locals>.OneShotFactory object at 0x7fbe4b037940>
2020-05-16T10:33:06-0300 [twisted.internet.endpoints.OneShotFactory#info] Stopping factory <twisted.internet.endpoints.connectProtocol.<locals>.OneShotFactory object at 0x7fbe4c6e0978>
2020-05-16T10:33:06-0300 [twisted.internet.endpoints.OneShotFactory#info] Stopping factory <twisted.internet.endpoints.connectProtocol.<locals>.OneShotFactory object at 0x7fbe4b063978>
2020-05-16T10:33:06-0300 [applications.routerapp.RouterFactory] (TCP Port 8081 Closed)
2020-05-16T10:33:06-0300 [twisted.internet.endpoints.OneShotFactory#info] Stopping factory <twisted.internet.endpoints.connectProtocol.<locals>.OneShotFactory object at 0x7fbe4c6f7a20>
2020-05-16T10:33:06-0300 [twisted.internet.endpoints.OneShotFactory#info] Stopping factory <twisted.internet.endpoints.connectProtocol.<locals>.OneShotFactory object at 0x7fbe4b057a58>
2020-05-16T10:33:06-0300 [twisted.internet.endpoints.OneShotFactory#info] Stopping factory <twisted.internet.endpoints.connectProtocol.<locals>.OneShotFactory object at 0x7fbe4c766a90>
2020-05-16T10:33:06-0300 [twisted.internet.endpoints.OneShotFactory#info] Stopping factory <twisted.internet.endpoints.connectProtocol.<locals>.OneShotFactory object at 0x7fbe4c72bac8>
2020-05-16T10:33:06-0300 [PublisherApp,client] connection lost: Connection to the other side was lost in a non-clean fashion: Connection lost.
2020-05-16T10:33:06-0300 [PublisherApp,client] connection lost - Number of events: 75
2020-05-16T10:33:06-0300 [applications.accesspointapp.AccessPointFactory] (TCP Port 8082 Closed)
2020-05-16T10:33:06-0300 [twisted.internet.endpoints.OneShotFactory#info] Stopping factory <twisted.internet.endpoints.connectProtocol.<locals>.OneShotFactory object at 0x7fbe4c702b38>
2020-05-16T10:33:06-0300 [twisted.internet.endpoints.OneShotFactory#info] Stopping factory <twisted.internet.endpoints.connectProtocol.<locals>.OneShotFactory object at 0x7fbe4c6d4b70>
2020-05-16T10:33:06-0300 [twisted.internet.endpoints.OneShotFactory#info] Stopping factory <twisted.internet.endpoints.connectProtocol.<locals>.OneShotFactory object at 0x7fbe4b043b70>
2020-05-16T10:33:06-0300 [twisted.internet.endpoints.OneShotFactory#info] Stopping factory <twisted.internet.endpoints.connectProtocol.<locals>.OneShotFactory object at 0x7fbe4b063c18>
2020-05-16T10:33:06-0300 [twisted.internet.endpoints.OneShotFactory#info] Stopping factory <twisted.internet.endpoints.connectProtocol.<locals>.OneShotFactory object at 0x7fbe4b0a8c50>
2020-05-16T10:33:06-0300 [twisted.internet.endpoints.OneShotFactory#info] Stopping factory <twisted.internet.endpoints.connectProtocol.<locals>.OneShotFactory object at 0x7fbe4c6ebc50>
2020-05-16T10:33:06-0300 [twisted.internet.endpoints.OneShotFactory#info] Stopping factory <twisted.internet.endpoints.connectProtocol.<locals>.OneShotFactory object at 0x7fbe4c784cc0>
2020-05-16T10:33:06-0300 [twisted.internet.endpoints.OneShotFactory#info] Stopping factory <twisted.internet.endpoints.connectProtocol.<locals>.OneShotFactory object at 0x7fbe4b04acf8>
2020-05-16T10:33:06-0300 [twisted.internet.endpoints.OneShotFactory#info] Stopping factory <twisted.internet.endpoints.connectProtocol.<locals>.OneShotFactory object at 0x7fbe4c6f7d30>
2020-05-16T10:33:06-0300 [twisted.internet.endpoints.OneShotFactory#info] Stopping factory <twisted.internet.endpoints.connectProtocol.<locals>.OneShotFactory object at 0x7fbe4c745d68>
2020-05-16T10:33:06-0300 [twisted.internet.endpoints.OneShotFactory#info] Stopping factory <twisted.internet.endpoints.connectProtocol.<locals>.OneShotFactory object at 0x7fbe4b037dd8>
2020-05-16T10:33:06-0300 [twisted.internet.endpoints.OneShotFactory#info] Stopping factory <twisted.internet.endpoints.connectProtocol.<locals>.OneShotFactory object at 0x7fbe4c6e0e10>
2020-05-16T10:33:06-0300 [SubscriberApp,client] connection lost: Connection to the other side was lost in a non-clean fashion: Connection lost.
2020-05-16T10:33:06-0300 [SubscriberApp,client] connection lost - Number of events: 76
2020-05-16T10:33:06-0300 [twisted.internet.endpoints.OneShotFactory#info] Stopping factory <twisted.internet.endpoints.connectProtocol.<locals>.OneShotFactory object at 0x7fbe4b057eb8>
2020-05-16T10:33:06-0300 [-] Main loop terminated.
