2020-05-24T22:49:11-0300 [-] Creating router ...
2020-05-24T22:49:11-0300 [-] Initializing Router - Number of events: 1
2020-05-24T22:49:11-0300 [-] RouterFactory starting on 8081
2020-05-24T22:49:11-0300 [-] Creating AccessPoint station ...
2020-05-24T22:49:11-0300 [-] Initializing Access Point - Number of events: 2
2020-05-24T22:49:12-0300 [-] AccessPointFactory starting on 8082
2020-05-24T22:49:12-0300 [-] Creating fog node ...
2020-05-24T22:49:12-0300 [-] Initializing Client - Number of events: 3
2020-05-24T22:49:12-0300 [-] Creating fog node ...
2020-05-24T22:49:12-0300 [-] Initializing Client - Number of events: 4
2020-05-24T22:49:13-0300 [-] Creating fog node ...
2020-05-24T22:49:13-0300 [-] Initializing Server - Number of events: 5
2020-05-24T22:49:13-0300 [-] BrokerFactory starting on 5100
2020-05-24T22:49:13-0300 [-] Creating iot node ...
2020-05-24T22:49:13-0300 [-] Initializing Client - Number of events: 6
2020-05-24T22:49:14-0300 [-] Initializing sink node - Number of events: 7
2020-05-24T22:49:14-0300 [-] Initializing sensor node - Number of events: 8
2020-05-24T22:49:15-0300 [-] Initializing sensor node - Number of events: 9
2020-05-24T22:49:15-0300 [-] Initializing sensor node - Number of events: 10
2020-05-24T22:49:16-0300 [-] Initializing sensor node - Number of events: 11
2020-05-24T22:49:16-0300 [-] Initializing sensor node - Number of events: 12
2020-05-24T22:49:17-0300 [-] Initializing sensor node - Number of events: 13
2020-05-24T22:49:17-0300 [-] Initializing sensor node - Number of events: 14
2020-05-24T22:49:18-0300 [-] Initializing sensor node - Number of events: 15
2020-05-24T22:49:18-0300 [-] Initializing sensor node - Number of events: 16
2020-05-24T22:49:19-0300 [stdout#info] ========= sensor_8 ==========
2020-05-24T22:49:19-0300 [stdout#info] sensor_8  <------->  sensor_7
2020-05-24T22:49:19-0300 [stdout#info] =============================
2020-05-24T22:49:19-0300 [stderr#error] Exception in Tkinter callback
2020-05-24T22:49:19-0300 [stderr#error] Traceback (most recent call last):
2020-05-24T22:49:19-0300 [stderr#error]   File "/usr/lib/python3.6/tkinter/__init__.py", line 1708, in __call__
2020-05-24T22:49:19-0300 [stderr#error]     return self.func(*args)
2020-05-24T22:49:19-0300 [stderr#error]   File "/home/rafael/iotfogsim/scinetsim/scinetsim/configurations.py", line 106, in <lambda>
2020-05-24T22:49:19-0300 [stderr#error]     btn_open = ttk.Button(window, text="Open Project",command=lambda:open_project(window,simulation_core))
2020-05-24T22:49:19-0300 [stderr#error]   File "/home/rafael/iotfogsim/scinetsim/scinetsim/configurations.py", line 60, in open_project
2020-05-24T22:49:19-0300 [stderr#error]     load_nodes(selected_project_name, simulation_core)
2020-05-24T22:49:19-0300 [stderr#error]   File "/home/rafael/iotfogsim/scinetsim/scinetsim/configurations.py", line 237, in load_nodes
2020-05-24T22:49:19-0300 [stderr#error]     deivce.run()
2020-05-24T22:49:19-0300 [stderr#error]   File "/home/rafael/iotfogsim/scinetsim/scinetsim/standarddevice.py", line 337, in run
2020-05-24T22:49:19-0300 [stderr#error]     self.application.start(nearby_devices_list)
2020-05-24T22:49:19-0300 [stderr#error]   File "/home/rafael/iotfogsim/scinetsim/applications/wsnapp.py", line 59, in start
2020-05-24T22:49:19-0300 [stderr#error]     self.collect_and_send_data()
2020-05-24T22:49:19-0300 [stderr#error]   File "/home/rafael/iotfogsim/scinetsim/applications/wsnapp.py", line 86, in collect_and_send_data
2020-05-24T22:49:19-0300 [stderr#error]     self.forward_package(_package)
2020-05-24T22:49:19-0300 [stderr#error]   File "/home/rafael/iotfogsim/scinetsim/applications/wsnapp.py", line 124, in forward_package
2020-05-24T22:49:19-0300 [stderr#error]     package.print_trace()
2020-05-24T22:49:19-0300 [stderr#error]   File "/home/rafael/iotfogsim/scinetsim/applications/wsnapp.py", line 196, in print_trace
2020-05-24T22:49:19-0300 [stderr#error]     trace_string = self.id+":"+self.source
2020-05-24T22:49:19-0300 [stderr#error] TypeError: unsupported operand type(s) for +: 'int' and 'str'
2020-05-24T22:49:19-0300 [stdout#info] This divice have no simulation core instance
2020-05-24T22:49:19-0300 [stdout#info] This divice have no simulation core instance
2020-05-24T22:49:19-0300 [stdout#info] This divice have no simulation core instance
2020-05-24T22:49:19-0300 [stdout#info] This divice have no simulation core instance
2020-05-24T22:49:19-0300 [stdout#info] This divice have no simulation core instance
2020-05-24T22:49:19-0300 [Uninitialized] 127.0.0.1:38822 - Connected to mqtt broker - Number of events: 17
2020-05-24T22:49:19-0300 [Uninitialized] 127.0.0.1:38822 - sending MQTT SUBSCRIBE REQUEST - Number of events: 18
2020-05-24T22:49:19-0300 [Uninitialized] 127.0.0.1:38824 - Connected to mqtt broker - Number of events: 19
2020-05-24T22:49:19-0300 [Uninitialized] 127.0.0.1:38824 - sending MQTT SUBSCRIBE REQUEST - Number of events: 20
2020-05-24T22:49:19-0300 [Uninitialized] 127.0.0.1:33570 - Connected to mqtt broker - Number of events: 21
2020-05-24T22:49:19-0300 [Uninitialized] 127.0.0.1:33570 - sending MQTT PUBLISH REQUEST - Number of events: 22
2020-05-24T22:49:19-0300 [twisted.internet.endpoints.OneShotFactory#info] Starting factory <twisted.internet.endpoints.connectProtocol.<locals>.OneShotFactory object at 0x7f1d78327e80>
2020-05-24T22:49:19-0300 [twisted.internet.endpoints.OneShotFactory#info] Starting factory <twisted.internet.endpoints.connectProtocol.<locals>.OneShotFactory object at 0x7f1d783440b8>
2020-05-24T22:49:19-0300 [twisted.internet.endpoints.OneShotFactory#info] Starting factory <twisted.internet.endpoints.connectProtocol.<locals>.OneShotFactory object at 0x7f1d783442e8>
2020-05-24T22:49:19-0300 [stdout#info] This divice have no simulation core instance
2020-05-24T22:49:19-0300 [twisted.internet.endpoints.OneShotFactory#info] Starting factory <twisted.internet.endpoints.connectProtocol.<locals>.OneShotFactory object at 0x7f1d78344d30>
2020-05-24T22:49:24-0300 [-] 127.0.0.1:33570 - sending MQTT PUBLISH REQUEST - Number of events: 23
2020-05-24T22:49:24-0300 [twisted.internet.endpoints.OneShotFactory#info] Starting factory <twisted.internet.endpoints.connectProtocol.<locals>.OneShotFactory object at 0x7f1d78358048>
2020-05-24T22:49:24-0300 [twisted.internet.endpoints.OneShotFactory#info] Stopping factory <twisted.internet.endpoints.connectProtocol.<locals>.OneShotFactory object at 0x7f1d783442e8>
2020-05-24T22:49:24-0300 [stdout#info] This divice have no simulation core instance
2020-05-24T22:49:24-0300 [twisted.internet.endpoints.OneShotFactory#info] Starting factory <twisted.internet.endpoints.connectProtocol.<locals>.OneShotFactory object at 0x7f1d783582e8>
2020-05-24T22:49:24-0300 [twisted.internet.endpoints.OneShotFactory#info] Stopping factory <twisted.internet.endpoints.connectProtocol.<locals>.OneShotFactory object at 0x7f1d78344d30>
2020-05-24T22:49:29-0300 [-] 127.0.0.1:33570 - sending MQTT PUBLISH REQUEST - Number of events: 24
2020-05-24T22:49:29-0300 [twisted.internet.endpoints.OneShotFactory#info] Starting factory <twisted.internet.endpoints.connectProtocol.<locals>.OneShotFactory object at 0x7f1d783584e0>
2020-05-24T22:49:29-0300 [twisted.internet.endpoints.OneShotFactory#info] Stopping factory <twisted.internet.endpoints.connectProtocol.<locals>.OneShotFactory object at 0x7f1d78358048>
2020-05-24T22:49:29-0300 [stdout#info] This divice have no simulation core instance
2020-05-24T22:49:29-0300 [twisted.internet.endpoints.OneShotFactory#info] Starting factory <twisted.internet.endpoints.connectProtocol.<locals>.OneShotFactory object at 0x7f1d783587b8>
2020-05-24T22:49:34-0300 [-] 127.0.0.1:33570 - sending MQTT PUBLISH REQUEST - Number of events: 25
2020-05-24T22:49:34-0300 [twisted.internet.endpoints.OneShotFactory#info] Starting factory <twisted.internet.endpoints.connectProtocol.<locals>.OneShotFactory object at 0x7f1d78358a58>
2020-05-24T22:49:34-0300 [twisted.internet.endpoints.OneShotFactory#info] Stopping factory <twisted.internet.endpoints.connectProtocol.<locals>.OneShotFactory object at 0x7f1d783584e0>
2020-05-24T22:49:34-0300 [stdout#info] This divice have no simulation core instance
2020-05-24T22:49:34-0300 [twisted.internet.endpoints.OneShotFactory#info] Starting factory <twisted.internet.endpoints.connectProtocol.<locals>.OneShotFactory object at 0x7f1d78358cc0>
2020-05-24T22:49:39-0300 [-] 127.0.0.1:33570 - sending MQTT PUBLISH REQUEST - Number of events: 26
2020-05-24T22:49:39-0300 [twisted.internet.endpoints.OneShotFactory#info] Starting factory <twisted.internet.endpoints.connectProtocol.<locals>.OneShotFactory object at 0x7f1d78358f60>
2020-05-24T22:49:39-0300 [twisted.internet.endpoints.OneShotFactory#info] Stopping factory <twisted.internet.endpoints.connectProtocol.<locals>.OneShotFactory object at 0x7f1d78358a58>
2020-05-24T22:49:39-0300 [stdout#info] This divice have no simulation core instance
2020-05-24T22:49:39-0300 [twisted.internet.endpoints.OneShotFactory#info] Starting factory <twisted.internet.endpoints.connectProtocol.<locals>.OneShotFactory object at 0x7f1d78306208>
2020-05-24T22:49:41-0300 [-] Received SIGINT, shutting down.
2020-05-24T22:49:41-0300 [twisted.internet.endpoints.OneShotFactory#info] Stopping factory <twisted.internet.endpoints.connectProtocol.<locals>.OneShotFactory object at 0x7f1d78358f60>
2020-05-24T22:49:41-0300 [twisted.internet.endpoints.OneShotFactory#info] Stopping factory <twisted.internet.endpoints.connectProtocol.<locals>.OneShotFactory object at 0x7f1d783587b8>
2020-05-24T22:49:41-0300 [applications.mqttapp.BrokerFactory] (TCP Port 5100 Closed)
2020-05-24T22:49:41-0300 [twisted.internet.endpoints.OneShotFactory#info] Stopping factory <twisted.internet.endpoints.connectProtocol.<locals>.OneShotFactory object at 0x7f1d783440b8>
2020-05-24T22:49:41-0300 [twisted.internet.endpoints.OneShotFactory#info] Stopping factory <twisted.internet.endpoints.connectProtocol.<locals>.OneShotFactory object at 0x7f1d78358cc0>
2020-05-24T22:49:41-0300 [SubscriberApp,client] connection lost: Connection to the other side was lost in a non-clean fashion: Connection lost.
2020-05-24T22:49:41-0300 [SubscriberApp,client] connection lost - Number of events: 27
2020-05-24T22:49:41-0300 [SubscriberApp,client] connection lost: Connection to the other side was lost in a non-clean fashion: Connection lost.
2020-05-24T22:49:41-0300 [SubscriberApp,client] connection lost - Number of events: 28
2020-05-24T22:49:41-0300 [applications.routerapp.RouterFactory] (TCP Port 8081 Closed)
2020-05-24T22:49:41-0300 [applications.accesspointapp.AccessPointFactory] (TCP Port 8082 Closed)
2020-05-24T22:49:41-0300 [PublisherApp,client] connection lost: Connection to the other side was lost in a non-clean fashion: Connection lost.
2020-05-24T22:49:41-0300 [PublisherApp,client] connection lost - Number of events: 29
2020-05-24T22:49:41-0300 [twisted.internet.endpoints.OneShotFactory#info] Stopping factory <twisted.internet.endpoints.connectProtocol.<locals>.OneShotFactory object at 0x7f1d78306208>
2020-05-24T22:49:41-0300 [twisted.internet.endpoints.OneShotFactory#info] Stopping factory <twisted.internet.endpoints.connectProtocol.<locals>.OneShotFactory object at 0x7f1d78327e80>
2020-05-24T22:49:41-0300 [twisted.internet.endpoints.OneShotFactory#info] Stopping factory <twisted.internet.endpoints.connectProtocol.<locals>.OneShotFactory object at 0x7f1d783582e8>
2020-05-24T22:49:41-0300 [-] Main loop terminated.
