2020-05-24T22:54:23-0300 [-] Creating router ...
2020-05-24T22:54:23-0300 [-] Initializing Router - Number of events: 1
2020-05-24T22:54:24-0300 [-] RouterFactory starting on 8081
2020-05-24T22:54:24-0300 [-] Creating AccessPoint station ...
2020-05-24T22:54:24-0300 [-] Initializing Access Point - Number of events: 2
2020-05-24T22:54:24-0300 [-] AccessPointFactory starting on 8082
2020-05-24T22:54:24-0300 [-] Creating fog node ...
2020-05-24T22:54:24-0300 [-] Initializing Client - Number of events: 3
2020-05-24T22:54:25-0300 [-] Creating fog node ...
2020-05-24T22:54:25-0300 [-] Initializing Client - Number of events: 4
2020-05-24T22:54:25-0300 [-] Creating fog node ...
2020-05-24T22:54:25-0300 [-] Initializing Server - Number of events: 5
2020-05-24T22:54:26-0300 [-] BrokerFactory starting on 5100
2020-05-24T22:54:26-0300 [-] Creating iot node ...
2020-05-24T22:54:26-0300 [-] Initializing Client - Number of events: 6
2020-05-24T22:54:26-0300 [-] Initializing sink node - Number of events: 7
2020-05-24T22:54:27-0300 [-] Initializing sensor node - Number of events: 8
2020-05-24T22:54:27-0300 [-] Initializing sensor node - Number of events: 9
2020-05-24T22:54:28-0300 [-] Initializing sensor node - Number of events: 10
2020-05-24T22:54:28-0300 [-] Initializing sensor node - Number of events: 11
2020-05-24T22:54:29-0300 [-] Initializing sensor node - Number of events: 12
2020-05-24T22:54:30-0300 [-] Initializing sensor node - Number of events: 13
2020-05-24T22:54:30-0300 [-] Initializing sensor node - Number of events: 14
2020-05-24T22:54:31-0300 [-] Initializing sensor node - Number of events: 15
2020-05-24T22:54:31-0300 [-] Initializing sensor node - Number of events: 16
2020-05-24T22:54:32-0300 [stdout#info] ========= sensor_5 ==========
2020-05-24T22:54:32-0300 [stdout#info] sensor_5  <------->  sensor_6
2020-05-24T22:54:32-0300 [stdout#info] =============================
2020-05-24T22:54:32-0300 [stdout#info] 276948093086741:sensor_5 - sensor_6
2020-05-24T22:54:32-0300 [stdout#info] ========= sensor_8 ==========
2020-05-24T22:54:32-0300 [stdout#info] sensor_8  <------->  sensor_7
2020-05-24T22:54:32-0300 [stdout#info] =============================
2020-05-24T22:54:32-0300 [stdout#info] 211730697199516:sensor_8 - sensor_7
2020-05-24T22:54:32-0300 [stdout#info] ========= sensor_9 ==========
2020-05-24T22:54:32-0300 [stdout#info] =============================
2020-05-24T22:54:32-0300 [stdout#info] ========= sensor_4 ==========
2020-05-24T22:54:32-0300 [stdout#info] sensor_4  <------->  sensor_3
2020-05-24T22:54:32-0300 [stdout#info] =============================
2020-05-24T22:54:32-0300 [stdout#info] 116903865304010:sensor_4 - sensor_3
2020-05-24T22:54:32-0300 [stdout#info] ========= sensor_7 ==========
2020-05-24T22:54:32-0300 [stdout#info] sensor_7  <------->  sensor_8
2020-05-24T22:54:32-0300 [stdout#info] =============================
2020-05-24T22:54:32-0300 [stdout#info] 244211322353763:sensor_7 - sensor_8
2020-05-24T22:54:32-0300 [stdout#info] ========= sensor_6 ==========
2020-05-24T22:54:32-0300 [stdout#info] sensor_6  <------->  sensor_5
2020-05-24T22:54:32-0300 [stdout#info] =============================
2020-05-24T22:54:32-0300 [stdout#info] 271615558634769:sensor_6 - sensor_5
2020-05-24T22:54:32-0300 [stdout#info] ========= sensor_3 ==========
2020-05-24T22:54:32-0300 [stdout#info] sensor_3  <------->  sensor_4
2020-05-24T22:54:32-0300 [stdout#info] sensor_3  <------->  sensor_1
2020-05-24T22:54:32-0300 [stdout#info] =============================
2020-05-24T22:54:32-0300 [stdout#info] 62171151530780:sensor_3 - sensor_4
2020-05-24T22:54:32-0300 [stdout#info] 62171151530780:sensor_3 - sensor_4 - sensor_1
2020-05-24T22:54:32-0300 [stdout#info] ========= sensor_2 ==========
2020-05-24T22:54:32-0300 [stdout#info] =============================
2020-05-24T22:54:32-0300 [stdout#info] ========= sensor_1 ==========
2020-05-24T22:54:32-0300 [stdout#info] sensor_1  <------->  wsn_sink
2020-05-24T22:54:32-0300 [stdout#info] sensor_1  <------->  sensor_3
2020-05-24T22:54:32-0300 [stdout#info] =============================
2020-05-24T22:54:32-0300 [stdout#info] 237205013356954:sensor_1 - wsn_sink
2020-05-24T22:54:32-0300 [stdout#info] 237205013356954:sensor_1 - wsn_sink - sensor_3
2020-05-24T22:54:32-0300 [stdout#info] This divice have no simulation core instance
2020-05-24T22:54:32-0300 [stdout#info] This divice have no simulation core instance
2020-05-24T22:54:32-0300 [stdout#info] This divice have no simulation core instance
2020-05-24T22:54:32-0300 [stdout#info] This divice have no simulation core instance
2020-05-24T22:54:32-0300 [stdout#info] This divice have no simulation core instance
2020-05-24T22:54:32-0300 [Uninitialized] 127.0.0.1:39064 - Connected to mqtt broker - Number of events: 17
2020-05-24T22:54:32-0300 [Uninitialized] 127.0.0.1:39064 - sending MQTT SUBSCRIBE REQUEST - Number of events: 18
2020-05-24T22:54:32-0300 [Uninitialized] 127.0.0.1:39066 - Connected to mqtt broker - Number of events: 19
2020-05-24T22:54:32-0300 [Uninitialized] 127.0.0.1:39066 - sending MQTT SUBSCRIBE REQUEST - Number of events: 20
2020-05-24T22:54:32-0300 [Uninitialized] 127.0.0.1:33812 - Connected to mqtt broker - Number of events: 21
2020-05-24T22:54:32-0300 [Uninitialized] 127.0.0.1:33812 - sending MQTT PUBLISH REQUEST - Number of events: 22
2020-05-24T22:54:32-0300 [twisted.internet.endpoints.OneShotFactory#info] Starting factory <twisted.internet.endpoints.connectProtocol.<locals>.OneShotFactory object at 0x7f08ee79f780>
2020-05-24T22:54:32-0300 [twisted.internet.endpoints.OneShotFactory#info] Starting factory <twisted.internet.endpoints.connectProtocol.<locals>.OneShotFactory object at 0x7f08ec863668>
2020-05-24T22:54:32-0300 [twisted.internet.endpoints.OneShotFactory#info] Starting factory <twisted.internet.endpoints.connectProtocol.<locals>.OneShotFactory object at 0x7f08ec8636d8>
2020-05-24T22:54:32-0300 [stdout#info] This divice have no simulation core instance
2020-05-24T22:54:32-0300 [twisted.internet.endpoints.OneShotFactory#info] Starting factory <twisted.internet.endpoints.connectProtocol.<locals>.OneShotFactory object at 0x7f08ec863e48>
2020-05-24T22:54:35-0300 [stdout#info] 187514854196827:sensor_5 - sensor_6
2020-05-24T22:54:35-0300 [stdout#info] 250063230555757:sensor_8 - sensor_7
2020-05-24T22:54:35-0300 [stdout#info] 206413384776111:sensor_4 - sensor_3
2020-05-24T22:54:35-0300 [stdout#info] 146409597424487:sensor_7 - sensor_8
2020-05-24T22:54:35-0300 [stdout#info] 104586507488311:sensor_6 - sensor_5
2020-05-24T22:54:35-0300 [stdout#info] 176624377907958:sensor_3 - sensor_4
2020-05-24T22:54:35-0300 [stdout#info] 176624377907958:sensor_3 - sensor_4 - sensor_1
2020-05-24T22:54:35-0300 [stdout#info] 266928073432037:sensor_1 - wsn_sink
2020-05-24T22:54:35-0300 [stdout#info] 266928073432037:sensor_1 - wsn_sink - sensor_3
2020-05-24T22:54:37-0300 [-] 127.0.0.1:33812 - sending MQTT PUBLISH REQUEST - Number of events: 23
2020-05-24T22:54:37-0300 [twisted.internet.endpoints.OneShotFactory#info] Starting factory <twisted.internet.endpoints.connectProtocol.<locals>.OneShotFactory object at 0x7f08ec8635c0>
2020-05-24T22:54:37-0300 [twisted.internet.endpoints.OneShotFactory#info] Stopping factory <twisted.internet.endpoints.connectProtocol.<locals>.OneShotFactory object at 0x7f08ec8636d8>
2020-05-24T22:54:37-0300 [stdout#info] This divice have no simulation core instance
2020-05-24T22:54:37-0300 [twisted.internet.endpoints.OneShotFactory#info] Starting factory <twisted.internet.endpoints.connectProtocol.<locals>.OneShotFactory object at 0x7f08edf26400>
2020-05-24T22:54:37-0300 [twisted.internet.endpoints.OneShotFactory#info] Stopping factory <twisted.internet.endpoints.connectProtocol.<locals>.OneShotFactory object at 0x7f08ec863e48>
2020-05-24T22:54:38-0300 [stdout#info] 266808950033705:sensor_5 - sensor_6
2020-05-24T22:54:38-0300 [stdout#info] 215554650898200:sensor_8 - sensor_7
2020-05-24T22:54:38-0300 [stdout#info] 220796491471841:sensor_4 - sensor_3
2020-05-24T22:54:38-0300 [stdout#info] 15424435868068:sensor_7 - sensor_8
2020-05-24T22:54:38-0300 [stdout#info] 203262334962505:sensor_6 - sensor_5
2020-05-24T22:54:38-0300 [stdout#info] 115329321994219:sensor_3 - sensor_4
2020-05-24T22:54:38-0300 [stdout#info] 115329321994219:sensor_3 - sensor_4 - sensor_1
2020-05-24T22:54:38-0300 [stdout#info] 27852801421056:sensor_1 - wsn_sink
2020-05-24T22:54:38-0300 [stdout#info] 27852801421056:sensor_1 - wsn_sink - sensor_3
2020-05-24T22:54:41-0300 [stdout#info] 135447646985042:sensor_5 - sensor_6
2020-05-24T22:54:41-0300 [stdout#info] 33152109484906:sensor_8 - sensor_7
2020-05-24T22:54:41-0300 [stdout#info] 38913867445423:sensor_4 - sensor_3
2020-05-24T22:54:41-0300 [stdout#info] 234089228501566:sensor_7 - sensor_8
2020-05-24T22:54:41-0300 [stdout#info] 10776628368617:sensor_6 - sensor_5
2020-05-24T22:54:41-0300 [stdout#info] 244092277998127:sensor_3 - sensor_4
2020-05-24T22:54:41-0300 [stdout#info] 244092277998127:sensor_3 - sensor_4 - sensor_1
2020-05-24T22:54:41-0300 [stdout#info] 88279772373306:sensor_1 - wsn_sink
2020-05-24T22:54:41-0300 [stdout#info] 88279772373306:sensor_1 - wsn_sink - sensor_3
2020-05-24T22:54:42-0300 [-] Received SIGINT, shutting down.
2020-05-24T22:54:42-0300 [twisted.internet.endpoints.OneShotFactory#info] Stopping factory <twisted.internet.endpoints.connectProtocol.<locals>.OneShotFactory object at 0x7f08ee79f780>
2020-05-24T22:54:42-0300 [twisted.internet.endpoints.OneShotFactory#info] Stopping factory <twisted.internet.endpoints.connectProtocol.<locals>.OneShotFactory object at 0x7f08edf26400>
2020-05-24T22:54:42-0300 [twisted.internet.endpoints.OneShotFactory#info] Stopping factory <twisted.internet.endpoints.connectProtocol.<locals>.OneShotFactory object at 0x7f08ec863668>
2020-05-24T22:54:42-0300 [applications.mqttapp.BrokerFactory] (TCP Port 5100 Closed)
2020-05-24T22:54:42-0300 [SubscriberApp,client] connection lost: Connection to the other side was lost in a non-clean fashion: Connection lost.
2020-05-24T22:54:42-0300 [SubscriberApp,client] connection lost - Number of events: 24
2020-05-24T22:54:42-0300 [SubscriberApp,client] connection lost: Connection to the other side was lost in a non-clean fashion: Connection lost.
2020-05-24T22:54:42-0300 [SubscriberApp,client] connection lost - Number of events: 25
2020-05-24T22:54:42-0300 [applications.routerapp.RouterFactory] (TCP Port 8081 Closed)
2020-05-24T22:54:42-0300 [applications.accesspointapp.AccessPointFactory] (TCP Port 8082 Closed)
2020-05-24T22:54:42-0300 [PublisherApp,client] connection lost: Connection to the other side was lost in a non-clean fashion: Connection lost.
2020-05-24T22:54:42-0300 [PublisherApp,client] connection lost - Number of events: 26
2020-05-24T22:54:42-0300 [twisted.internet.endpoints.OneShotFactory#info] Stopping factory <twisted.internet.endpoints.connectProtocol.<locals>.OneShotFactory object at 0x7f08ec8635c0>
2020-05-24T22:54:42-0300 [-] Main loop terminated.
