2020-05-21T22:57:40-0300 [-] Creating router ...
2020-05-21T22:57:40-0300 [-] Initializing Router - Number of events: 1
2020-05-21T22:57:41-0300 [-] RouterFactory starting on 8081
2020-05-21T22:57:41-0300 [-] Creating AccessPoint station ...
2020-05-21T22:57:41-0300 [-] Initializing Access Point - Number of events: 2
2020-05-21T22:57:41-0300 [-] AccessPointFactory starting on 8082
2020-05-21T22:57:41-0300 [-] Creating fog node ...
2020-05-21T22:57:41-0300 [-] Initializing Client - Number of events: 3
2020-05-21T22:57:42-0300 [-] Creating fog node ...
2020-05-21T22:57:42-0300 [-] Initializing Client - Number of events: 4
2020-05-21T22:57:42-0300 [-] Creating fog node ...
2020-05-21T22:57:42-0300 [-] Initializing Server - Number of events: 5
2020-05-21T22:57:43-0300 [-] BrokerFactory starting on 5100
2020-05-21T22:57:43-0300 [-] Creating iot node ...
2020-05-21T22:57:43-0300 [-] Initializing Client - Number of events: 6
2020-05-21T22:57:43-0300 [-] Initializing sensor node - Number of events: 7
2020-05-21T22:57:44-0300 [-] Initializing sensor node - Number of events: 8
2020-05-21T22:57:44-0300 [-] Initializing sensor node - Number of events: 9
2020-05-21T22:57:45-0300 [-] Initializing sensor node - Number of events: 10
2020-05-21T22:57:46-0300 [-] Initializing sensor node - Number of events: 11
2020-05-21T22:57:46-0300 [-] Initializing sensor node - Number of events: 12
2020-05-21T22:57:47-0300 [-] Initializing sensor node - Number of events: 13
2020-05-21T22:57:47-0300 [-] Initializing sensor node - Number of events: 14
2020-05-21T22:57:48-0300 [-] Initializing sensor node - Number of events: 15
2020-05-21T22:57:48-0300 [-] Initializing sensor node - Number of events: 16
2020-05-21T22:57:49-0300 [stdout#info] ========= sensor_9 ==========
2020-05-21T22:57:49-0300 [stdout#info] =============================
2020-05-21T22:57:49-0300 [stdout#info] sensor_9 |15.29 Kwh
2020-05-21T22:57:49-0300 [stdout#info] ========= sensor_3 ==========
2020-05-21T22:57:49-0300 [stdout#info] sensor_3  <------->  sensor_1
2020-05-21T22:57:49-0300 [stdout#info] sensor_3  <------->  sensor_4
2020-05-21T22:57:49-0300 [stdout#info] =============================
2020-05-21T22:57:49-0300 [stdout#info] sensor_3 |20.98 Kwh
2020-05-21T22:57:49-0300 [stdout#info] ========= sensor_6 ==========
2020-05-21T22:57:49-0300 [stdout#info] sensor_6  <------->  sensor_5
2020-05-21T22:57:49-0300 [stdout#info] =============================
2020-05-21T22:57:49-0300 [stdout#info] sensor_6 |10.32 Kwh
2020-05-21T22:57:49-0300 [stdout#info] ========= sensor_5 ==========
2020-05-21T22:57:49-0300 [stdout#info] sensor_5  <------->  sensor_6
2020-05-21T22:57:49-0300 [stdout#info] =============================
2020-05-21T22:57:49-0300 [stdout#info] sensor_5 |10.32 Kwh|22.15 Kwh
2020-05-21T22:57:49-0300 [stdout#info] ========= sensor_8 ==========
2020-05-21T22:57:49-0300 [stdout#info] sensor_8  <------->  sensor_7
2020-05-21T22:57:49-0300 [stdout#info] =============================
2020-05-21T22:57:49-0300 [stdout#info] sensor_8 |16.54 Kwh
2020-05-21T22:57:49-0300 [stdout#info] ========= sensor_2 ==========
2020-05-21T22:57:49-0300 [stdout#info] =============================
2020-05-21T22:57:49-0300 [stdout#info] sensor_2 |4.7 Kwh
2020-05-21T22:57:49-0300 [stdout#info] ========= sensor_1 ==========
2020-05-21T22:57:49-0300 [stdout#info] sensor_1  <------->  wsn_sink
2020-05-21T22:57:49-0300 [stdout#info] sensor_1  <------->  sensor_3
2020-05-21T22:57:49-0300 [stdout#info] =============================
2020-05-21T22:57:49-0300 [stdout#info] sensor_1 |20.98 Kwh|6.23 Kwh
2020-05-21T22:57:49-0300 [stdout#info] ========= sensor_4 ==========
2020-05-21T22:57:49-0300 [stdout#info] sensor_4  <------->  sensor_3
2020-05-21T22:57:49-0300 [stdout#info] =============================
2020-05-21T22:57:49-0300 [stdout#info] sensor_4 |3.68 Kwh|20.98 Kwh
2020-05-21T22:57:49-0300 [stdout#info] ========= sensor_7 ==========
2020-05-21T22:57:49-0300 [stdout#info] sensor_7  <------->  sensor_8
2020-05-21T22:57:49-0300 [stdout#info] =============================
2020-05-21T22:57:49-0300 [stdout#info] sensor_7 |16.54 Kwh|13.74 Kwh
2020-05-21T22:57:49-0300 [stdout#info] This divice have no simulation core instance
2020-05-21T22:57:49-0300 [stdout#info] This divice have no simulation core instance
2020-05-21T22:57:49-0300 [stdout#info] This divice have no simulation core instance
2020-05-21T22:57:49-0300 [stdout#info] This divice have no simulation core instance
2020-05-21T22:57:49-0300 [stdout#info] This divice have no simulation core instance
2020-05-21T22:57:49-0300 [Uninitialized] 127.0.0.1:35344 - Connected to mqtt broker - Number of events: 17
2020-05-21T22:57:49-0300 [Uninitialized] 127.0.0.1:35344 - sending MQTT SUBSCRIBE REQUEST - Number of events: 18
2020-05-21T22:57:49-0300 [Uninitialized] 127.0.0.1:35346 - Connected to mqtt broker - Number of events: 19
2020-05-21T22:57:49-0300 [Uninitialized] 127.0.0.1:35346 - sending MQTT SUBSCRIBE REQUEST - Number of events: 20
2020-05-21T22:57:49-0300 [Uninitialized] 127.0.0.1:44672 - Connected to mqtt broker - Number of events: 21
2020-05-21T22:57:49-0300 [Uninitialized] 127.0.0.1:44672 - sending MQTT PUBLISH REQUEST - Number of events: 22
2020-05-21T22:57:49-0300 [twisted.internet.endpoints.OneShotFactory#info] Starting factory <twisted.internet.endpoints.connectProtocol.<locals>.OneShotFactory object at 0x7f9f46dc8518>
2020-05-21T22:57:49-0300 [twisted.internet.endpoints.OneShotFactory#info] Starting factory <twisted.internet.endpoints.connectProtocol.<locals>.OneShotFactory object at 0x7f9f46dc8940>
2020-05-21T22:57:49-0300 [twisted.internet.endpoints.OneShotFactory#info] Starting factory <twisted.internet.endpoints.connectProtocol.<locals>.OneShotFactory object at 0x7f9f46dc8ba8>
2020-05-21T22:57:49-0300 [stdout#info] This divice have no simulation core instance
2020-05-21T22:57:49-0300 [twisted.internet.endpoints.OneShotFactory#info] Starting factory <twisted.internet.endpoints.connectProtocol.<locals>.OneShotFactory object at 0x7f9f46ddc2e8>
2020-05-21T22:57:52-0300 [stdout#info] sensor_9 |14.26 Kwh
2020-05-21T22:57:52-0300 [stdout#info] sensor_3 |3.68 Kwh|12.48 Kwh|6.23 Kwh
2020-05-21T22:57:52-0300 [stdout#info] sensor_6 |22.15 Kwh|13.28 Kwh
2020-05-21T22:57:52-0300 [stdout#info] sensor_5 |19.31 Kwh|13.28 Kwh
2020-05-21T22:57:52-0300 [stdout#info] sensor_8 |13.97 Kwh|13.74 Kwh
2020-05-21T22:57:52-0300 [stdout#info] sensor_2 |9.25 Kwh
2020-05-21T22:57:52-0300 [stdout#info] sensor_1 |18.89 Kwh|12.48 Kwh
2020-05-21T22:57:52-0300 [stdout#info] sensor_4 |18.8 Kwh|12.48 Kwh
2020-05-21T22:57:52-0300 [stdout#info] sensor_7 |8.18 Kwh|13.97 Kwh
2020-05-21T22:57:54-0300 [-] 127.0.0.1:44672 - sending MQTT PUBLISH REQUEST - Number of events: 23
2020-05-21T22:57:54-0300 [twisted.internet.endpoints.OneShotFactory#info] Starting factory <twisted.internet.endpoints.connectProtocol.<locals>.OneShotFactory object at 0x7f9f46ddc550>
2020-05-21T22:57:54-0300 [twisted.internet.endpoints.OneShotFactory#info] Stopping factory <twisted.internet.endpoints.connectProtocol.<locals>.OneShotFactory object at 0x7f9f46dc8ba8>
2020-05-21T22:57:54-0300 [stdout#info] This divice have no simulation core instance
2020-05-21T22:57:54-0300 [twisted.internet.endpoints.OneShotFactory#info] Starting factory <twisted.internet.endpoints.connectProtocol.<locals>.OneShotFactory object at 0x7f9f46ddc5f8>
2020-05-21T22:57:54-0300 [twisted.internet.endpoints.OneShotFactory#info] Stopping factory <twisted.internet.endpoints.connectProtocol.<locals>.OneShotFactory object at 0x7f9f46ddc2e8>
2020-05-21T22:57:55-0300 [stdout#info] sensor_9 |15.57 Kwh
2020-05-21T22:57:55-0300 [stdout#info] sensor_3 |18.89 Kwh|22.46 Kwh|18.8 Kwh
2020-05-21T22:57:55-0300 [stdout#info] sensor_6 |19.31 Kwh|6.19 Kwh
2020-05-21T22:57:55-0300 [stdout#info] sensor_5 |6.19 Kwh|12.03 Kwh
2020-05-21T22:57:55-0300 [stdout#info] sensor_8 |8.18 Kwh|15.03 Kwh
2020-05-21T22:57:55-0300 [stdout#info] sensor_2 |7.92 Kwh
2020-05-21T22:57:55-0300 [stdout#info] sensor_1 |22.46 Kwh|13.68 Kwh
2020-05-21T22:57:55-0300 [stdout#info] sensor_4 |22.46 Kwh|12.75 Kwh
2020-05-21T22:57:55-0300 [stdout#info] sensor_7 |20.24 Kwh|15.03 Kwh
2020-05-21T22:57:58-0300 [stdout#info] sensor_9 |2.8 Kwh
2020-05-21T22:57:58-0300 [stdout#info] sensor_3 |12.75 Kwh|6.61 Kwh|13.68 Kwh
2020-05-21T22:57:58-0300 [stdout#info] sensor_6 |12.03 Kwh|21.83 Kwh
2020-05-21T22:57:58-0300 [stdout#info] sensor_5 |20.4 Kwh|21.83 Kwh
2020-05-21T22:57:58-0300 [stdout#info] sensor_8 |20.24 Kwh|21.62 Kwh
2020-05-21T22:57:58-0300 [stdout#info] sensor_2 |13.49 Kwh
2020-05-21T22:57:58-0300 [stdout#info] sensor_1 |16.09 Kwh|6.61 Kwh
2020-05-21T22:57:58-0300 [stdout#info] sensor_4 |13.19 Kwh|6.61 Kwh
2020-05-21T22:57:58-0300 [stdout#info] sensor_7 |16.83 Kwh|21.62 Kwh
2020-05-21T22:57:59-0300 [-] 127.0.0.1:44672 - sending MQTT PUBLISH REQUEST - Number of events: 24
2020-05-21T22:57:59-0300 [twisted.internet.endpoints.OneShotFactory#info] Starting factory <twisted.internet.endpoints.connectProtocol.<locals>.OneShotFactory object at 0x7f9f46ddcac8>
2020-05-21T22:57:59-0300 [twisted.internet.endpoints.OneShotFactory#info] Stopping factory <twisted.internet.endpoints.connectProtocol.<locals>.OneShotFactory object at 0x7f9f46ddc550>
2020-05-21T22:57:59-0300 [stdout#info] This divice have no simulation core instance
2020-05-21T22:57:59-0300 [twisted.internet.endpoints.OneShotFactory#info] Starting factory <twisted.internet.endpoints.connectProtocol.<locals>.OneShotFactory object at 0x7f9f46ddca58>
2020-05-21T22:58:01-0300 [stdout#info] sensor_9 |20.37 Kwh
2020-05-21T22:58:01-0300 [stdout#info] sensor_3 |16.09 Kwh|13.19 Kwh|13.08 Kwh
2020-05-21T22:58:01-0300 [stdout#info] sensor_6 |20.4 Kwh|3.74 Kwh
2020-05-21T22:58:01-0300 [stdout#info] sensor_5 |2.9 Kwh|3.74 Kwh
2020-05-21T22:58:01-0300 [stdout#info] sensor_8 |22.03 Kwh|16.83 Kwh
2020-05-21T22:58:01-0300 [stdout#info] sensor_2 |6.89 Kwh
2020-05-21T22:58:01-0300 [stdout#info] sensor_1 |14.6 Kwh|13.08 Kwh
2020-05-21T22:58:01-0300 [stdout#info] sensor_4 |17.93 Kwh|13.08 Kwh
2020-05-21T22:58:01-0300 [stdout#info] sensor_7 |6.18 Kwh|22.03 Kwh
2020-05-21T22:58:04-0300 [stdout#info] sensor_9 |14.63 Kwh
2020-05-21T22:58:04-0300 [stdout#info] sensor_3 |17.93 Kwh|3.45 Kwh|14.6 Kwh
2020-05-21T22:58:04-0300 [stdout#info] sensor_6 |9.38 Kwh|2.9 Kwh
2020-05-21T22:58:04-0300 [stdout#info] sensor_5 |9.38 Kwh|10.51 Kwh
2020-05-21T22:58:04-0300 [stdout#info] sensor_8 |6.18 Kwh|13.9 Kwh
2020-05-21T22:58:04-0300 [stdout#info] sensor_2 |7.43 Kwh
2020-05-21T22:58:04-0300 [-] 127.0.0.1:44672 - sending MQTT PUBLISH REQUEST - Number of events: 25
2020-05-21T22:58:04-0300 [stdout#info] sensor_1 |3.45 Kwh|14.53 Kwh
2020-05-21T22:58:04-0300 [stdout#info] sensor_4 |3.45 Kwh|6.49 Kwh
2020-05-21T22:58:04-0300 [twisted.internet.endpoints.OneShotFactory#info] Starting factory <twisted.internet.endpoints.connectProtocol.<locals>.OneShotFactory object at 0x7f9f46ddcda0>
2020-05-21T22:58:04-0300 [twisted.internet.endpoints.OneShotFactory#info] Stopping factory <twisted.internet.endpoints.connectProtocol.<locals>.OneShotFactory object at 0x7f9f46ddcac8>
2020-05-21T22:58:04-0300 [stdout#info] This divice have no simulation core instance
2020-05-21T22:58:04-0300 [twisted.internet.endpoints.OneShotFactory#info] Starting factory <twisted.internet.endpoints.connectProtocol.<locals>.OneShotFactory object at 0x7f9f46def278>
2020-05-21T22:58:04-0300 [stdout#info] sensor_7 |13.9 Kwh|6.85 Kwh
2020-05-21T22:58:07-0300 [stdout#info] sensor_9 |8.36 Kwh
2020-05-21T22:58:07-0300 [stdout#info] sensor_3 |6.49 Kwh|8.44 Kwh|14.53 Kwh
2020-05-21T22:58:07-0300 [stdout#info] sensor_6 |5.12 Kwh|10.51 Kwh
2020-05-21T22:58:07-0300 [stdout#info] sensor_5 |5.39 Kwh|5.12 Kwh
2020-05-21T22:58:07-0300 [stdout#info] sensor_8 |5.37 Kwh|6.85 Kwh
2020-05-21T22:58:07-0300 [stdout#info] sensor_2 |17.72 Kwh
2020-05-21T22:58:07-0300 [stdout#info] sensor_1 |16.63 Kwh|8.44 Kwh
2020-05-21T22:58:07-0300 [stdout#info] sensor_4 |8.44 Kwh|11.11 Kwh
2020-05-21T22:58:07-0300 [stdout#info] sensor_7 |5.37 Kwh|2.81 Kwh
2020-05-21T22:58:09-0300 [-] 127.0.0.1:44672 - sending MQTT PUBLISH REQUEST - Number of events: 26
2020-05-21T22:58:09-0300 [twisted.internet.endpoints.OneShotFactory#info] Starting factory <twisted.internet.endpoints.connectProtocol.<locals>.OneShotFactory object at 0x7f9f46dc82b0>
2020-05-21T22:58:09-0300 [twisted.internet.endpoints.OneShotFactory#info] Stopping factory <twisted.internet.endpoints.connectProtocol.<locals>.OneShotFactory object at 0x7f9f46ddcda0>
2020-05-21T22:58:09-0300 [stdout#info] This divice have no simulation core instance
2020-05-21T22:58:09-0300 [twisted.internet.endpoints.OneShotFactory#info] Starting factory <twisted.internet.endpoints.connectProtocol.<locals>.OneShotFactory object at 0x7f9f46def630>
2020-05-21T22:58:10-0300 [stdout#info] sensor_9 |10.75 Kwh
2020-05-21T22:58:10-0300 [stdout#info] sensor_3 |17.34 Kwh|16.63 Kwh|11.11 Kwh
2020-05-21T22:58:10-0300 [stdout#info] sensor_6 |5.39 Kwh|20.23 Kwh
2020-05-21T22:58:10-0300 [stdout#info] sensor_5 |19.25 Kwh|20.23 Kwh
2020-05-21T22:58:10-0300 [stdout#info] sensor_8 |2.81 Kwh|10.8 Kwh
2020-05-21T22:58:10-0300 [stdout#info] sensor_2 |21.42 Kwh
2020-05-21T22:58:10-0300 [stdout#info] sensor_1 |17.34 Kwh|14.64 Kwh
2020-05-21T22:58:10-0300 [stdout#info] sensor_4 |17.34 Kwh|5.98 Kwh
2020-05-21T22:58:10-0300 [stdout#info] sensor_7 |16.78 Kwh|10.8 Kwh
2020-05-21T22:58:13-0300 [stdout#info] sensor_9 |9.66 Kwh
2020-05-21T22:58:13-0300 [stdout#info] sensor_3 |13.47 Kwh|14.64 Kwh|5.98 Kwh
2020-05-21T22:58:13-0300 [stdout#info] sensor_6 |19.25 Kwh|15.23 Kwh
2020-05-21T22:58:13-0300 [stdout#info] sensor_5 |15.7 Kwh|15.23 Kwh
2020-05-21T22:58:13-0300 [stdout#info] sensor_8 |20.23 Kwh|16.78 Kwh
2020-05-21T22:58:13-0300 [stdout#info] sensor_2 |18.15 Kwh
2020-05-21T22:58:13-0300 [stdout#info] sensor_1 |13.47 Kwh|21.11 Kwh
2020-05-21T22:58:13-0300 [stdout#info] sensor_4 |13.47 Kwh|15.13 Kwh
2020-05-21T22:58:13-0300 [stdout#info] sensor_7 |20.23 Kwh|18.63 Kwh
2020-05-21T22:58:14-0300 [-] 127.0.0.1:44672 - sending MQTT PUBLISH REQUEST - Number of events: 27
2020-05-21T22:58:14-0300 [twisted.internet.endpoints.OneShotFactory#info] Starting factory <twisted.internet.endpoints.connectProtocol.<locals>.OneShotFactory object at 0x7f9f46def908>
2020-05-21T22:58:14-0300 [twisted.internet.endpoints.OneShotFactory#info] Stopping factory <twisted.internet.endpoints.connectProtocol.<locals>.OneShotFactory object at 0x7f9f46dc82b0>
2020-05-21T22:58:14-0300 [stdout#info] This divice have no simulation core instance
2020-05-21T22:58:14-0300 [twisted.internet.endpoints.OneShotFactory#info] Starting factory <twisted.internet.endpoints.connectProtocol.<locals>.OneShotFactory object at 0x7f9f46defa58>
2020-05-21T22:58:16-0300 [stdout#info] sensor_9 |17.09 Kwh
2020-05-21T22:58:16-0300 [stdout#info] sensor_3 |21.11 Kwh|7.45 Kwh|15.13 Kwh
2020-05-21T22:58:16-0300 [stdout#info] sensor_6 |12.13 Kwh|15.7 Kwh
2020-05-21T22:58:16-0300 [stdout#info] sensor_5 |12.13 Kwh|14.25 Kwh
2020-05-21T22:58:16-0300 [stdout#info] sensor_8 |6.71 Kwh|18.63 Kwh
2020-05-21T22:58:16-0300 [stdout#info] sensor_2 |10.62 Kwh
2020-05-21T22:58:16-0300 [stdout#info] sensor_1 |12.29 Kwh|7.45 Kwh
2020-05-21T22:58:16-0300 [stdout#info] sensor_4 |7.45 Kwh|14.98 Kwh
2020-05-21T22:58:16-0300 [stdout#info] sensor_7 |6.71 Kwh|21.84 Kwh
2020-05-21T22:58:19-0300 [stdout#info] sensor_9 |11.91 Kwh
2020-05-21T22:58:19-0300 [stdout#info] sensor_3 |12.29 Kwh|14.98 Kwh|7.88 Kwh
2020-05-21T22:58:19-0300 [stdout#info] sensor_6 |8.54 Kwh|14.25 Kwh
2020-05-21T22:58:19-0300 [stdout#info] sensor_5 |9.9 Kwh|8.54 Kwh
2020-05-21T22:58:19-0300 [stdout#info] sensor_8 |8.47 Kwh|21.84 Kwh
2020-05-21T22:58:19-0300 [stdout#info] sensor_2 |7.15 Kwh
2020-05-21T22:58:19-0300 [-] 127.0.0.1:44672 - sending MQTT PUBLISH REQUEST - Number of events: 28
2020-05-21T22:58:19-0300 [stdout#info] sensor_1 |19.58 Kwh|7.88 Kwh
2020-05-21T22:58:19-0300 [stdout#info] sensor_4 |18.47 Kwh|7.88 Kwh
2020-05-21T22:58:19-0300 [twisted.internet.endpoints.OneShotFactory#info] Starting factory <twisted.internet.endpoints.connectProtocol.<locals>.OneShotFactory object at 0x7f9f46defc18>
2020-05-21T22:58:19-0300 [twisted.internet.endpoints.OneShotFactory#info] Stopping factory <twisted.internet.endpoints.connectProtocol.<locals>.OneShotFactory object at 0x7f9f46def908>
2020-05-21T22:58:19-0300 [stdout#info] This divice have no simulation core instance
2020-05-21T22:58:19-0300 [twisted.internet.endpoints.OneShotFactory#info] Starting factory <twisted.internet.endpoints.connectProtocol.<locals>.OneShotFactory object at 0x7f9f48489048>
2020-05-21T22:58:19-0300 [stdout#info] sensor_7 |19.63 Kwh|8.47 Kwh
2020-05-21T22:58:22-0300 [stdout#info] sensor_9 |5.67 Kwh
2020-05-21T22:58:22-0300 [stdout#info] sensor_3 |19.58 Kwh|18.47 Kwh|8.28 Kwh
2020-05-21T22:58:22-0300 [stdout#info] sensor_6 |9.9 Kwh|20.31 Kwh
2020-05-21T22:58:22-0300 [stdout#info] sensor_5 |20.31 Kwh|20.46 Kwh
2020-05-21T22:58:22-0300 [stdout#info] sensor_8 |19.63 Kwh|12.85 Kwh
2020-05-21T22:58:22-0300 [stdout#info] sensor_2 |5.35 Kwh
2020-05-21T22:58:22-0300 [stdout#info] sensor_1 |8.28 Kwh|12.18 Kwh
2020-05-21T22:58:22-0300 [stdout#info] sensor_4 |8.28 Kwh|17.58 Kwh
2020-05-21T22:58:22-0300 [stdout#info] sensor_7 |12.28 Kwh|12.85 Kwh
2020-05-21T22:58:24-0300 [-] 127.0.0.1:44672 - sending MQTT PUBLISH REQUEST - Number of events: 29
2020-05-21T22:58:24-0300 [twisted.internet.endpoints.OneShotFactory#info] Starting factory <twisted.internet.endpoints.connectProtocol.<locals>.OneShotFactory object at 0x7f9f46ddc278>
2020-05-21T22:58:24-0300 [twisted.internet.endpoints.OneShotFactory#info] Stopping factory <twisted.internet.endpoints.connectProtocol.<locals>.OneShotFactory object at 0x7f9f46defc18>
2020-05-21T22:58:24-0300 [stdout#info] This divice have no simulation core instance
2020-05-21T22:58:24-0300 [twisted.internet.endpoints.OneShotFactory#info] Starting factory <twisted.internet.endpoints.connectProtocol.<locals>.OneShotFactory object at 0x7f9f484893c8>
2020-05-21T22:58:25-0300 [stdout#info] sensor_9 |12.51 Kwh
2020-05-21T22:58:25-0300 [stdout#info] sensor_3 |12.18 Kwh|12.97 Kwh|17.58 Kwh
2020-05-21T22:58:25-0300 [stdout#info] sensor_6 |7.06 Kwh|20.46 Kwh
2020-05-21T22:58:25-0300 [stdout#info] sensor_5 |7.06 Kwh|5.16 Kwh
2020-05-21T22:58:25-0300 [stdout#info] sensor_8 |8.96 Kwh|12.28 Kwh
2020-05-21T22:58:25-0300 [stdout#info] sensor_2 |9.38 Kwh
2020-05-21T22:58:25-0300 [stdout#info] sensor_1 |12.97 Kwh|7.34 Kwh
2020-05-21T22:58:25-0300 [stdout#info] sensor_4 |12.97 Kwh|18.69 Kwh
2020-05-21T22:58:25-0300 [stdout#info] sensor_7 |8.96 Kwh|12.29 Kwh
2020-05-21T22:58:28-0300 [stdout#info] sensor_9 |18.2 Kwh
2020-05-21T22:58:28-0300 [stdout#info] sensor_3 |5.45 Kwh|18.69 Kwh|7.34 Kwh
2020-05-21T22:58:28-0300 [stdout#info] sensor_6 |3.41 Kwh|5.16 Kwh
2020-05-21T22:58:28-0300 [stdout#info] sensor_5 |3.41 Kwh|9.47 Kwh
2020-05-21T22:58:28-0300 [stdout#info] sensor_8 |12.29 Kwh|11.99 Kwh
2020-05-21T22:58:28-0300 [stdout#info] sensor_2 |12.01 Kwh
2020-05-21T22:58:28-0300 [stdout#info] sensor_1 |22.12 Kwh|5.45 Kwh
2020-05-21T22:58:28-0300 [stdout#info] sensor_4 |15.46 Kwh|5.45 Kwh
2020-05-21T22:58:28-0300 [stdout#info] sensor_7 |2.95 Kwh|11.99 Kwh
2020-05-21T22:58:29-0300 [-] 127.0.0.1:44672 - sending MQTT PUBLISH REQUEST - Number of events: 30
2020-05-21T22:58:29-0300 [twisted.internet.endpoints.OneShotFactory#info] Starting factory <twisted.internet.endpoints.connectProtocol.<locals>.OneShotFactory object at 0x7f9f48489630>
2020-05-21T22:58:29-0300 [twisted.internet.endpoints.OneShotFactory#info] Stopping factory <twisted.internet.endpoints.connectProtocol.<locals>.OneShotFactory object at 0x7f9f46ddc278>
2020-05-21T22:58:29-0300 [stdout#info] This divice have no simulation core instance
2020-05-21T22:58:29-0300 [twisted.internet.endpoints.OneShotFactory#info] Starting factory <twisted.internet.endpoints.connectProtocol.<locals>.OneShotFactory object at 0x7f9f48489898>
2020-05-21T22:58:31-0300 [stdout#info] sensor_9 |8.25 Kwh
2020-05-21T22:58:31-0300 [stdout#info] sensor_3 |22.12 Kwh|15.46 Kwh|6.7 Kwh
2020-05-21T22:58:31-0300 [stdout#info] sensor_6 |12.43 Kwh|9.47 Kwh
2020-05-21T22:58:31-0300 [stdout#info] sensor_5 |12.43 Kwh|15.26 Kwh
2020-05-21T22:58:31-0300 [stdout#info] sensor_8 |11.15 Kwh|2.95 Kwh
2020-05-21T22:58:31-0300 [stdout#info] sensor_2 |16.92 Kwh
2020-05-21T22:58:31-0300 [stdout#info] sensor_1 |15.73 Kwh|6.7 Kwh
2020-05-21T22:58:31-0300 [stdout#info] sensor_4 |7.28 Kwh|6.7 Kwh
2020-05-21T22:58:31-0300 [stdout#info] sensor_7 |11.15 Kwh|13.18 Kwh
2020-05-21T22:58:34-0300 [stdout#info] sensor_9 |12.38 Kwh
2020-05-21T22:58:34-0300 [stdout#info] sensor_3 |7.28 Kwh|15.73 Kwh|11.65 Kwh
2020-05-21T22:58:34-0300 [stdout#info] sensor_6 |8.81 Kwh|15.26 Kwh
2020-05-21T22:58:34-0300 [stdout#info] sensor_5 |10.99 Kwh|8.81 Kwh
2020-05-21T22:58:34-0300 [stdout#info] sensor_8 |7.08 Kwh|13.18 Kwh
2020-05-21T22:58:34-0300 [stdout#info] sensor_2 |19.18 Kwh
2020-05-21T22:58:34-0300 [-] 127.0.0.1:44672 - sending MQTT PUBLISH REQUEST - Number of events: 31
2020-05-21T22:58:34-0300 [twisted.internet.endpoints.OneShotFactory#info] Starting factory <twisted.internet.endpoints.connectProtocol.<locals>.OneShotFactory object at 0x7f9f48489c50>
2020-05-21T22:58:34-0300 [twisted.internet.endpoints.OneShotFactory#info] Stopping factory <twisted.internet.endpoints.connectProtocol.<locals>.OneShotFactory object at 0x7f9f48489630>
2020-05-21T22:58:34-0300 [stdout#info] This divice have no simulation core instance
2020-05-21T22:58:34-0300 [twisted.internet.endpoints.OneShotFactory#info] Starting factory <twisted.internet.endpoints.connectProtocol.<locals>.OneShotFactory object at 0x7f9f48489eb8>
2020-05-21T22:58:34-0300 [stdout#info] sensor_1 |11.65 Kwh|4.06 Kwh
2020-05-21T22:58:34-0300 [stdout#info] sensor_4 |5.4 Kwh|11.65 Kwh
2020-05-21T22:58:34-0300 [stdout#info] sensor_7 |7.08 Kwh|16.47 Kwh
2020-05-21T22:58:37-0300 [stdout#info] sensor_9 |10.14 Kwh
2020-05-21T22:58:37-0300 [stdout#info] sensor_3 |21.46 Kwh|5.4 Kwh|4.06 Kwh
2020-05-21T22:58:37-0300 [stdout#info] sensor_6 |10.99 Kwh|11.29 Kwh
2020-05-21T22:58:37-0300 [stdout#info] sensor_5 |5.6 Kwh|11.29 Kwh
2020-05-21T22:58:37-0300 [stdout#info] sensor_8 |18.11 Kwh|16.47 Kwh
2020-05-21T22:58:37-0300 [stdout#info] sensor_2 |19.4 Kwh
2020-05-21T22:58:37-0300 [stdout#info] sensor_1 |9.75 Kwh|21.46 Kwh
2020-05-21T22:58:37-0300 [stdout#info] sensor_4 |5.93 Kwh|21.46 Kwh
2020-05-21T22:58:37-0300 [stdout#info] sensor_7 |10.25 Kwh|18.11 Kwh
2020-05-21T22:58:39-0300 [-] 127.0.0.1:44672 - sending MQTT PUBLISH REQUEST - Number of events: 32
2020-05-21T22:58:39-0300 [twisted.internet.endpoints.OneShotFactory#info] Starting factory <twisted.internet.endpoints.connectProtocol.<locals>.OneShotFactory object at 0x7f9f48489668>
2020-05-21T22:58:39-0300 [twisted.internet.endpoints.OneShotFactory#info] Stopping factory <twisted.internet.endpoints.connectProtocol.<locals>.OneShotFactory object at 0x7f9f48489c50>
2020-05-21T22:58:39-0300 [stdout#info] This divice have no simulation core instance
2020-05-21T22:58:39-0300 [twisted.internet.endpoints.OneShotFactory#info] Starting factory <twisted.internet.endpoints.connectProtocol.<locals>.OneShotFactory object at 0x7f9f48432278>
2020-05-21T22:58:40-0300 [stdout#info] sensor_9 |13.01 Kwh
2020-05-21T22:58:40-0300 [stdout#info] sensor_3 |9.75 Kwh|21.73 Kwh|5.93 Kwh
2020-05-21T22:58:40-0300 [stdout#info] sensor_6 |5.6 Kwh|7.03 Kwh
2020-05-21T22:58:40-0300 [stdout#info] sensor_5 |7.03 Kwh|4.37 Kwh
2020-05-21T22:58:40-0300 [stdout#info] sensor_8 |10.25 Kwh|21.9 Kwh
2020-05-21T22:58:40-0300 [stdout#info] sensor_2 |8.5 Kwh
2020-05-21T22:58:40-0300 [stdout#info] sensor_1 |21.73 Kwh|8.59 Kwh
2020-05-21T22:58:40-0300 [stdout#info] sensor_4 |22.05 Kwh|21.73 Kwh
2020-05-21T22:58:40-0300 [stdout#info] sensor_7 |21.9 Kwh|17.7 Kwh
2020-05-21T22:58:43-0300 [stdout#info] sensor_9 |14.32 Kwh
2020-05-21T22:58:43-0300 [stdout#info] sensor_3 |6.5 Kwh|22.05 Kwh|8.59 Kwh
2020-05-21T22:58:43-0300 [stdout#info] sensor_6 |19.66 Kwh|4.37 Kwh
2020-05-21T22:58:43-0300 [stdout#info] sensor_5 |19.66 Kwh|4.87 Kwh
2020-05-21T22:58:43-0300 [stdout#info] sensor_8 |17.7 Kwh|21.8 Kwh
2020-05-21T22:58:43-0300 [stdout#info] sensor_2 |18.43 Kwh
2020-05-21T22:58:43-0300 [stdout#info] sensor_1 |6.5 Kwh|8.97 Kwh
2020-05-21T22:58:43-0300 [stdout#info] sensor_4 |6.5 Kwh|17.02 Kwh
2020-05-21T22:58:43-0300 [stdout#info] sensor_7 |19.67 Kwh|21.8 Kwh
2020-05-21T22:58:44-0300 [-] 127.0.0.1:44672 - sending MQTT PUBLISH REQUEST - Number of events: 33
2020-05-21T22:58:44-0300 [twisted.internet.endpoints.OneShotFactory#info] Starting factory <twisted.internet.endpoints.connectProtocol.<locals>.OneShotFactory object at 0x7f9f48432470>
2020-05-21T22:58:44-0300 [twisted.internet.endpoints.OneShotFactory#info] Stopping factory <twisted.internet.endpoints.connectProtocol.<locals>.OneShotFactory object at 0x7f9f48489668>
2020-05-21T22:58:44-0300 [stdout#info] This divice have no simulation core instance
2020-05-21T22:58:44-0300 [twisted.internet.endpoints.OneShotFactory#info] Starting factory <twisted.internet.endpoints.connectProtocol.<locals>.OneShotFactory object at 0x7f9f484327b8>
2020-05-21T22:58:46-0300 [stdout#info] sensor_9 |16.84 Kwh
2020-05-21T22:58:46-0300 [stdout#info] sensor_3 |8.97 Kwh|17.02 Kwh|13.7 Kwh
2020-05-21T22:58:46-0300 [stdout#info] sensor_6 |5.44 Kwh|4.87 Kwh
2020-05-21T22:58:46-0300 [stdout#info] sensor_5 |5.44 Kwh|13.55 Kwh
2020-05-21T22:58:46-0300 [stdout#info] sensor_8 |19.67 Kwh|16.6 Kwh
2020-05-21T22:58:46-0300 [stdout#info] sensor_2 |4.27 Kwh
2020-05-21T22:58:46-0300 [stdout#info] sensor_1 |14.76 Kwh|13.7 Kwh
2020-05-21T22:58:46-0300 [stdout#info] sensor_4 |11.07 Kwh|13.7 Kwh
2020-05-21T22:58:46-0300 [stdout#info] sensor_7 |20.4 Kwh|16.6 Kwh
2020-05-21T22:58:49-0300 [stdout#info] sensor_9 |2.97 Kwh
2020-05-21T22:58:49-0300 [stdout#info] sensor_3 |11.07 Kwh|14.76 Kwh|5.52 Kwh
2020-05-21T22:58:49-0300 [-] 127.0.0.1:44672 - sending MQTT PUBLISH REQUEST - Number of events: 34
2020-05-21T22:58:49-0300 [stdout#info] sensor_6 |2.9 Kwh|13.55 Kwh
2020-05-21T22:58:49-0300 [stdout#info] sensor_5 |2.83 Kwh|2.9 Kwh
2020-05-21T22:58:49-0300 [stdout#info] sensor_8 |6.16 Kwh|20.4 Kwh
2020-05-21T22:58:49-0300 [stdout#info] sensor_2 |7.99 Kwh
2020-05-21T22:58:49-0300 [twisted.internet.endpoints.OneShotFactory#info] Starting factory <twisted.internet.endpoints.connectProtocol.<locals>.OneShotFactory object at 0x7f9f48432ac8>
2020-05-21T22:58:49-0300 [twisted.internet.endpoints.OneShotFactory#info] Stopping factory <twisted.internet.endpoints.connectProtocol.<locals>.OneShotFactory object at 0x7f9f48432470>
2020-05-21T22:58:49-0300 [stdout#info] This divice have no simulation core instance
2020-05-21T22:58:49-0300 [twisted.internet.endpoints.OneShotFactory#info] Starting factory <twisted.internet.endpoints.connectProtocol.<locals>.OneShotFactory object at 0x7f9f48432d30>
2020-05-21T22:58:49-0300 [stdout#info] sensor_1 |5.52 Kwh|9.99 Kwh
2020-05-21T22:58:49-0300 [stdout#info] sensor_4 |14.77 Kwh|5.52 Kwh
2020-05-21T22:58:49-0300 [stdout#info] sensor_7 |6.16 Kwh|21.18 Kwh
2020-05-21T22:58:52-0300 [stdout#info] sensor_9 |2.54 Kwh
2020-05-21T22:58:52-0300 [stdout#info] sensor_3 |14.77 Kwh|9.99 Kwh|12.58 Kwh
2020-05-21T22:58:52-0300 [stdout#info] sensor_6 |2.83 Kwh|20.68 Kwh
2020-05-21T22:58:52-0300 [stdout#info] sensor_5 |9.76 Kwh|20.68 Kwh
2020-05-21T22:58:52-0300 [stdout#info] sensor_8 |21.18 Kwh|10.84 Kwh
2020-05-21T22:58:52-0300 [stdout#info] sensor_2 |20.46 Kwh
2020-05-21T22:58:52-0300 [stdout#info] sensor_1 |16.11 Kwh|12.58 Kwh
2020-05-21T22:58:52-0300 [stdout#info] sensor_4 |7.58 Kwh|12.58 Kwh
2020-05-21T22:58:52-0300 [stdout#info] sensor_7 |15.12 Kwh|10.84 Kwh
2020-05-21T22:58:54-0300 [-] 127.0.0.1:44672 - sending MQTT PUBLISH REQUEST - Number of events: 35
2020-05-21T22:58:54-0300 [twisted.internet.endpoints.OneShotFactory#info] Starting factory <twisted.internet.endpoints.connectProtocol.<locals>.OneShotFactory object at 0x7f9f48432400>
2020-05-21T22:58:54-0300 [twisted.internet.endpoints.OneShotFactory#info] Stopping factory <twisted.internet.endpoints.connectProtocol.<locals>.OneShotFactory object at 0x7f9f48432ac8>
2020-05-21T22:58:54-0300 [stdout#info] This divice have no simulation core instance
2020-05-21T22:58:54-0300 [twisted.internet.endpoints.OneShotFactory#info] Starting factory <twisted.internet.endpoints.connectProtocol.<locals>.OneShotFactory object at 0x7f9f484430f0>
2020-05-21T22:58:55-0300 [stdout#info] sensor_9 |7.22 Kwh
2020-05-21T22:58:55-0300 [stdout#info] sensor_3 |7.58 Kwh|16.11 Kwh|5.78 Kwh
2020-05-21T22:58:55-0300 [stdout#info] sensor_6 |9.76 Kwh|4.88 Kwh
2020-05-21T22:58:55-0300 [stdout#info] sensor_5 |14.73 Kwh|4.88 Kwh
2020-05-21T22:58:55-0300 [stdout#info] sensor_8 |15.12 Kwh|18.41 Kwh
2020-05-21T22:58:55-0300 [stdout#info] sensor_2 |12.41 Kwh
2020-05-21T22:58:55-0300 [stdout#info] sensor_1 |19.45 Kwh|5.78 Kwh
2020-05-21T22:58:55-0300 [stdout#info] sensor_4 |5.78 Kwh|10.48 Kwh
2020-05-21T22:58:55-0300 [stdout#info] sensor_7 |11.96 Kwh|18.41 Kwh
2020-05-21T22:58:58-0300 [stdout#info] sensor_9 |9.3 Kwh
2020-05-21T22:58:58-0300 [stdout#info] sensor_3 |19.45 Kwh|10.48 Kwh|7.11 Kwh
2020-05-21T22:58:58-0300 [stdout#info] sensor_6 |14.73 Kwh|4.32 Kwh
2020-05-21T22:58:58-0300 [stdout#info] sensor_5 |18.61 Kwh|4.32 Kwh
2020-05-21T22:58:58-0300 [stdout#info] sensor_8 |3.64 Kwh|11.96 Kwh
2020-05-21T22:58:58-0300 [stdout#info] sensor_2 |18.53 Kwh
2020-05-21T22:58:58-0300 [stdout#info] sensor_1 |11.12 Kwh|7.11 Kwh
2020-05-21T22:58:58-0300 [stdout#info] sensor_4 |8.71 Kwh|7.11 Kwh
2020-05-21T22:58:58-0300 [stdout#info] sensor_7 |4.25 Kwh|3.64 Kwh
2020-05-21T22:58:59-0300 [-] 127.0.0.1:44672 - sending MQTT PUBLISH REQUEST - Number of events: 36
2020-05-21T22:58:59-0300 [twisted.internet.endpoints.OneShotFactory#info] Starting factory <twisted.internet.endpoints.connectProtocol.<locals>.OneShotFactory object at 0x7f9f46ddcd68>
2020-05-21T22:58:59-0300 [twisted.internet.endpoints.OneShotFactory#info] Stopping factory <twisted.internet.endpoints.connectProtocol.<locals>.OneShotFactory object at 0x7f9f48432400>
2020-05-21T22:58:59-0300 [stdout#info] This divice have no simulation core instance
2020-05-21T22:58:59-0300 [twisted.internet.endpoints.OneShotFactory#info] Starting factory <twisted.internet.endpoints.connectProtocol.<locals>.OneShotFactory object at 0x7f9f48443588>
2020-05-21T22:58:59-0300 [-] Received SIGINT, shutting down.
2020-05-21T22:58:59-0300 [twisted.internet.endpoints.OneShotFactory#info] Stopping factory <twisted.internet.endpoints.connectProtocol.<locals>.OneShotFactory object at 0x7f9f484327b8>
2020-05-21T22:58:59-0300 [twisted.internet.endpoints.OneShotFactory#info] Stopping factory <twisted.internet.endpoints.connectProtocol.<locals>.OneShotFactory object at 0x7f9f46ddc5f8>
2020-05-21T22:58:59-0300 [SubscriberApp,client] connection lost: Connection to the other side was lost in a non-clean fashion: Connection lost.
2020-05-21T22:58:59-0300 [SubscriberApp,client] connection lost - Number of events: 37
2020-05-21T22:58:59-0300 [twisted.internet.endpoints.OneShotFactory#info] Stopping factory <twisted.internet.endpoints.connectProtocol.<locals>.OneShotFactory object at 0x7f9f48489048>
2020-05-21T22:58:59-0300 [twisted.internet.endpoints.OneShotFactory#info] Stopping factory <twisted.internet.endpoints.connectProtocol.<locals>.OneShotFactory object at 0x7f9f48489898>
2020-05-21T22:58:59-0300 [PublisherApp,client] connection lost: Connection to the other side was lost in a non-clean fashion: Connection lost.
2020-05-21T22:58:59-0300 [PublisherApp,client] connection lost - Number of events: 38
2020-05-21T22:58:59-0300 [twisted.internet.endpoints.OneShotFactory#info] Stopping factory <twisted.internet.endpoints.connectProtocol.<locals>.OneShotFactory object at 0x7f9f484430f0>
2020-05-21T22:58:59-0300 [applications.accesspointapp.AccessPointFactory] (TCP Port 8082 Closed)
2020-05-21T22:58:59-0300 [twisted.internet.endpoints.OneShotFactory#info] Stopping factory <twisted.internet.endpoints.connectProtocol.<locals>.OneShotFactory object at 0x7f9f46dc8940>
2020-05-21T22:58:59-0300 [twisted.internet.endpoints.OneShotFactory#info] Stopping factory <twisted.internet.endpoints.connectProtocol.<locals>.OneShotFactory object at 0x7f9f46dc8518>
2020-05-21T22:58:59-0300 [twisted.internet.endpoints.OneShotFactory#info] Stopping factory <twisted.internet.endpoints.connectProtocol.<locals>.OneShotFactory object at 0x7f9f46defa58>
2020-05-21T22:58:59-0300 [twisted.internet.endpoints.OneShotFactory#info] Stopping factory <twisted.internet.endpoints.connectProtocol.<locals>.OneShotFactory object at 0x7f9f46def278>
2020-05-21T22:58:59-0300 [twisted.internet.endpoints.OneShotFactory#info] Stopping factory <twisted.internet.endpoints.connectProtocol.<locals>.OneShotFactory object at 0x7f9f48432278>
2020-05-21T22:58:59-0300 [applications.routerapp.RouterFactory] (TCP Port 8081 Closed)
2020-05-21T22:58:59-0300 [twisted.internet.endpoints.OneShotFactory#info] Stopping factory <twisted.internet.endpoints.connectProtocol.<locals>.OneShotFactory object at 0x7f9f46ddcd68>
2020-05-21T22:58:59-0300 [applications.mqttapp.BrokerFactory] (TCP Port 5100 Closed)
2020-05-21T22:58:59-0300 [twisted.internet.endpoints.OneShotFactory#info] Stopping factory <twisted.internet.endpoints.connectProtocol.<locals>.OneShotFactory object at 0x7f9f484893c8>
2020-05-21T22:58:59-0300 [twisted.internet.endpoints.OneShotFactory#info] Stopping factory <twisted.internet.endpoints.connectProtocol.<locals>.OneShotFactory object at 0x7f9f46ddca58>
2020-05-21T22:58:59-0300 [SubscriberApp,client] connection lost: Connection to the other side was lost in a non-clean fashion: Connection lost.
2020-05-21T22:58:59-0300 [SubscriberApp,client] connection lost - Number of events: 39
2020-05-21T22:58:59-0300 [twisted.internet.endpoints.OneShotFactory#info] Stopping factory <twisted.internet.endpoints.connectProtocol.<locals>.OneShotFactory object at 0x7f9f48432d30>
2020-05-21T22:58:59-0300 [twisted.internet.endpoints.OneShotFactory#info] Stopping factory <twisted.internet.endpoints.connectProtocol.<locals>.OneShotFactory object at 0x7f9f48443588>
2020-05-21T22:58:59-0300 [twisted.internet.endpoints.OneShotFactory#info] Stopping factory <twisted.internet.endpoints.connectProtocol.<locals>.OneShotFactory object at 0x7f9f46def630>
2020-05-21T22:58:59-0300 [twisted.internet.endpoints.OneShotFactory#info] Stopping factory <twisted.internet.endpoints.connectProtocol.<locals>.OneShotFactory object at 0x7f9f48489eb8>
2020-05-21T22:58:59-0300 [-] Main loop terminated.
