2020-05-18T21:43:49-0300 [-] Creating router ...
2020-05-18T21:43:49-0300 [-] Initializing Router - Number of events: 1
2020-05-18T21:43:49-0300 [-] RouterFactory starting on 8081
2020-05-18T21:43:49-0300 [-] Creating AccessPoint station ...
2020-05-18T21:43:49-0300 [-] Initializing Access Point - Number of events: 2
2020-05-18T21:43:50-0300 [-] AccessPointFactory starting on 8082
2020-05-18T21:43:50-0300 [-] Creating fog node ...
2020-05-18T21:43:50-0300 [-] Initializing Client - Number of events: 3
2020-05-18T21:43:50-0300 [-] Creating fog node ...
2020-05-18T21:43:50-0300 [-] Initializing Client - Number of events: 4
2020-05-18T21:43:51-0300 [-] Creating fog node ...
2020-05-18T21:43:51-0300 [-] Initializing Server - Number of events: 5
2020-05-18T21:43:51-0300 [-] BrokerFactory starting on 5100
2020-05-18T21:43:51-0300 [-] Creating iot node ...
2020-05-18T21:43:51-0300 [-] Initializing Client - Number of events: 6
2020-05-18T21:43:52-0300 [-] Initializing sensor node - Number of events: 7
2020-05-18T21:43:52-0300 [-] Initializing sensor node - Number of events: 8
2020-05-18T21:43:53-0300 [-] Initializing sensor node - Number of events: 9
2020-05-18T21:43:53-0300 [-] Initializing sensor node - Number of events: 10
2020-05-18T21:43:54-0300 [-] Initializing sensor node - Number of events: 11
2020-05-18T21:43:54-0300 [-] Initializing sensor node - Number of events: 12
2020-05-18T21:43:55-0300 [-] Initializing sensor node - Number of events: 13
2020-05-18T21:43:55-0300 [-] Initializing sensor node - Number of events: 14
2020-05-18T21:43:56-0300 [-] Initializing sensor node - Number of events: 15
2020-05-18T21:43:56-0300 [-] Initializing sensor node - Number of events: 16
2020-05-18T21:43:57-0300 [stdout#info] ========= sensor_9 ============
2020-05-18T21:43:57-0300 [stdout#info] sensor_9  <------->  sensor_7
2020-05-18T21:43:57-0300 [stdout#info] sensor_9  <------->  sensor_6
2020-05-18T21:43:57-0300 [stdout#info] ===============================
2020-05-18T21:43:57-0300 [stdout#info] ========= sensor_3 ============
2020-05-18T21:43:57-0300 [stdout#info] sensor_3  <------->  sensor_6
2020-05-18T21:43:57-0300 [stdout#info] sensor_3  <------->  sensor_5
2020-05-18T21:43:57-0300 [stdout#info] ===============================
2020-05-18T21:43:57-0300 [stdout#info] ========= sensor_6 ============
2020-05-18T21:43:57-0300 [stdout#info] sensor_6  <------->  sensor_9
2020-05-18T21:43:57-0300 [stdout#info] sensor_6  <------->  sensor_3
2020-05-18T21:43:57-0300 [stdout#info] sensor_6  <------->  sensor_5
2020-05-18T21:43:57-0300 [stdout#info] ===============================
2020-05-18T21:43:57-0300 [stdout#info] ========= sensor_5 ============
2020-05-18T21:43:57-0300 [stdout#info] sensor_5  <------->  sensor_3
2020-05-18T21:43:57-0300 [stdout#info] sensor_5  <------->  sensor_6
2020-05-18T21:43:57-0300 [stdout#info] sensor_5  <------->  sensor_8
2020-05-18T21:43:57-0300 [stdout#info] sensor_5  <------->  sensor_7
2020-05-18T21:43:57-0300 [stdout#info] ===============================
2020-05-18T21:43:57-0300 [stdout#info] ========= sensor_8 ============
2020-05-18T21:43:57-0300 [stdout#info] sensor_8  <------->  sensor_10
2020-05-18T21:43:57-0300 [stdout#info] sensor_8  <------->  sensor_5
2020-05-18T21:43:57-0300 [stdout#info] ===============================
2020-05-18T21:43:57-0300 [stdout#info] ========= sensor_2 ============
2020-05-18T21:43:57-0300 [stdout#info] sensor_2  <------->  sensor_4
2020-05-18T21:43:57-0300 [stdout#info] sensor_2  <------->  wsn_sink
2020-05-18T21:43:57-0300 [stdout#info] ===============================
2020-05-18T21:43:57-0300 [stdout#info] ========= sensor_10 ============
2020-05-18T21:43:57-0300 [stdout#info] sensor_10  <------->  sensor_8
2020-05-18T21:43:57-0300 [stdout#info] sensor_10  <------->  sensor_7
2020-05-18T21:43:57-0300 [stdout#info] ===============================
2020-05-18T21:43:57-0300 [stdout#info] ========= sensor_4 ============
2020-05-18T21:43:57-0300 [stdout#info] sensor_4  <------->  sensor_2
2020-05-18T21:43:57-0300 [stdout#info] ===============================
2020-05-18T21:43:57-0300 [stdout#info] ========= sensor_7 ============
2020-05-18T21:43:57-0300 [stdout#info] sensor_7  <------->  sensor_10
2020-05-18T21:43:57-0300 [stdout#info] sensor_7  <------->  sensor_9
2020-05-18T21:43:57-0300 [stdout#info] sensor_7  <------->  sensor_5
2020-05-18T21:43:57-0300 [stdout#info] ===============================
2020-05-18T21:43:57-0300 [stdout#info] This divice have no simulation core instance
2020-05-18T21:43:57-0300 [stdout#info] This divice have no simulation core instance
2020-05-18T21:43:57-0300 [stdout#info] This divice have no simulation core instance
2020-05-18T21:43:57-0300 [stdout#info] This divice have no simulation core instance
2020-05-18T21:43:57-0300 [stdout#info] This divice have no simulation core instance
2020-05-18T21:43:57-0300 [Uninitialized] 127.0.0.1:55464 - Connected to mqtt broker - Number of events: 17
2020-05-18T21:43:57-0300 [Uninitialized] 127.0.0.1:55464 - sending MQTT SUBSCRIBE REQUEST - Number of events: 18
2020-05-18T21:43:57-0300 [Uninitialized] 127.0.0.1:55466 - Connected to mqtt broker - Number of events: 19
2020-05-18T21:43:57-0300 [Uninitialized] 127.0.0.1:55466 - sending MQTT SUBSCRIBE REQUEST - Number of events: 20
2020-05-18T21:43:57-0300 [Uninitialized] 127.0.0.1:36114 - Connected to mqtt broker - Number of events: 21
2020-05-18T21:43:57-0300 [Uninitialized] 127.0.0.1:36114 - sending MQTT PUBLISH REQUEST - Number of events: 22
2020-05-18T21:43:57-0300 [twisted.internet.endpoints.OneShotFactory#info] Starting factory <twisted.internet.endpoints.connectProtocol.<locals>.OneShotFactory object at 0x7fe42e64c4a8>
2020-05-18T21:43:57-0300 [twisted.internet.endpoints.OneShotFactory#info] Starting factory <twisted.internet.endpoints.connectProtocol.<locals>.OneShotFactory object at 0x7fe42e64c6a0>
2020-05-18T21:43:57-0300 [twisted.internet.endpoints.OneShotFactory#info] Starting factory <twisted.internet.endpoints.connectProtocol.<locals>.OneShotFactory object at 0x7fe42e64c8d0>
2020-05-18T21:43:57-0300 [stdout#info] This divice have no simulation core instance
2020-05-18T21:43:57-0300 [twisted.internet.endpoints.OneShotFactory#info] Starting factory <twisted.internet.endpoints.connectProtocol.<locals>.OneShotFactory object at 0x7fe42e660358>
2020-05-18T21:44:02-0300 [-] 127.0.0.1:36114 - sending MQTT PUBLISH REQUEST - Number of events: 23
2020-05-18T21:44:02-0300 [twisted.internet.endpoints.OneShotFactory#info] Starting factory <twisted.internet.endpoints.connectProtocol.<locals>.OneShotFactory object at 0x7fe42e6605f8>
2020-05-18T21:44:02-0300 [twisted.internet.endpoints.OneShotFactory#info] Stopping factory <twisted.internet.endpoints.connectProtocol.<locals>.OneShotFactory object at 0x7fe42e64c8d0>
2020-05-18T21:44:02-0300 [stdout#info] This divice have no simulation core instance
2020-05-18T21:44:02-0300 [twisted.internet.endpoints.OneShotFactory#info] Starting factory <twisted.internet.endpoints.connectProtocol.<locals>.OneShotFactory object at 0x7fe42e660898>
2020-05-18T21:44:02-0300 [twisted.internet.endpoints.OneShotFactory#info] Stopping factory <twisted.internet.endpoints.connectProtocol.<locals>.OneShotFactory object at 0x7fe42e660358>
2020-05-18T21:44:07-0300 [-] 127.0.0.1:36114 - sending MQTT PUBLISH REQUEST - Number of events: 24
2020-05-18T21:44:07-0300 [twisted.internet.endpoints.OneShotFactory#info] Starting factory <twisted.internet.endpoints.connectProtocol.<locals>.OneShotFactory object at 0x7fe42e660b00>
2020-05-18T21:44:07-0300 [twisted.internet.endpoints.OneShotFactory#info] Stopping factory <twisted.internet.endpoints.connectProtocol.<locals>.OneShotFactory object at 0x7fe42e6605f8>
2020-05-18T21:44:07-0300 [stdout#info] This divice have no simulation core instance
2020-05-18T21:44:07-0300 [twisted.internet.endpoints.OneShotFactory#info] Starting factory <twisted.internet.endpoints.connectProtocol.<locals>.OneShotFactory object at 0x7fe42e660d30>
2020-05-18T21:44:12-0300 [-] 127.0.0.1:36114 - sending MQTT PUBLISH REQUEST - Number of events: 25
2020-05-18T21:44:12-0300 [twisted.internet.endpoints.OneShotFactory#info] Starting factory <twisted.internet.endpoints.connectProtocol.<locals>.OneShotFactory object at 0x7fe42e64c2e8>
2020-05-18T21:44:12-0300 [twisted.internet.endpoints.OneShotFactory#info] Stopping factory <twisted.internet.endpoints.connectProtocol.<locals>.OneShotFactory object at 0x7fe42e660b00>
2020-05-18T21:44:12-0300 [stdout#info] This divice have no simulation core instance
2020-05-18T21:44:12-0300 [twisted.internet.endpoints.OneShotFactory#info] Starting factory <twisted.internet.endpoints.connectProtocol.<locals>.OneShotFactory object at 0x7fe42fd21240>
2020-05-18T21:44:17-0300 [-] 127.0.0.1:36114 - sending MQTT PUBLISH REQUEST - Number of events: 26
2020-05-18T21:44:17-0300 [twisted.internet.endpoints.OneShotFactory#info] Starting factory <twisted.internet.endpoints.connectProtocol.<locals>.OneShotFactory object at 0x7fe42fd21470>
2020-05-18T21:44:17-0300 [twisted.internet.endpoints.OneShotFactory#info] Stopping factory <twisted.internet.endpoints.connectProtocol.<locals>.OneShotFactory object at 0x7fe42e64c2e8>
2020-05-18T21:44:17-0300 [stdout#info] This divice have no simulation core instance
2020-05-18T21:44:17-0300 [twisted.internet.endpoints.OneShotFactory#info] Starting factory <twisted.internet.endpoints.connectProtocol.<locals>.OneShotFactory object at 0x7fe42fd21710>
2020-05-18T21:44:19-0300 [-] Received SIGINT, shutting down.
2020-05-18T21:44:19-0300 [twisted.internet.endpoints.OneShotFactory#info] Stopping factory <twisted.internet.endpoints.connectProtocol.<locals>.OneShotFactory object at 0x7fe42e660898>
2020-05-18T21:44:19-0300 [twisted.internet.endpoints.OneShotFactory#info] Stopping factory <twisted.internet.endpoints.connectProtocol.<locals>.OneShotFactory object at 0x7fe42e64c4a8>
2020-05-18T21:44:19-0300 [twisted.internet.endpoints.OneShotFactory#info] Stopping factory <twisted.internet.endpoints.connectProtocol.<locals>.OneShotFactory object at 0x7fe42fd21470>
2020-05-18T21:44:19-0300 [applications.mqttapp.BrokerFactory] (TCP Port 5100 Closed)
2020-05-18T21:44:19-0300 [applications.routerapp.RouterFactory] (TCP Port 8081 Closed)
2020-05-18T21:44:19-0300 [twisted.internet.endpoints.OneShotFactory#info] Stopping factory <twisted.internet.endpoints.connectProtocol.<locals>.OneShotFactory object at 0x7fe42e660d30>
2020-05-18T21:44:19-0300 [SubscriberApp,client] connection lost: Connection to the other side was lost in a non-clean fashion: Connection lost.
2020-05-18T21:44:19-0300 [SubscriberApp,client] connection lost - Number of events: 27
2020-05-18T21:44:19-0300 [SubscriberApp,client] connection lost: Connection to the other side was lost in a non-clean fashion: Connection lost.
2020-05-18T21:44:19-0300 [SubscriberApp,client] connection lost - Number of events: 28
2020-05-18T21:44:19-0300 [applications.accesspointapp.AccessPointFactory] (TCP Port 8082 Closed)
2020-05-18T21:44:19-0300 [PublisherApp,client] connection lost: Connection to the other side was lost in a non-clean fashion: Connection lost.
2020-05-18T21:44:19-0300 [PublisherApp,client] connection lost - Number of events: 29
2020-05-18T21:44:19-0300 [twisted.internet.endpoints.OneShotFactory#info] Stopping factory <twisted.internet.endpoints.connectProtocol.<locals>.OneShotFactory object at 0x7fe42fd21240>
2020-05-18T21:44:19-0300 [twisted.internet.endpoints.OneShotFactory#info] Stopping factory <twisted.internet.endpoints.connectProtocol.<locals>.OneShotFactory object at 0x7fe42e64c6a0>
2020-05-18T21:44:19-0300 [twisted.internet.endpoints.OneShotFactory#info] Stopping factory <twisted.internet.endpoints.connectProtocol.<locals>.OneShotFactory object at 0x7fe42fd21710>
2020-05-18T21:44:19-0300 [-] Main loop terminated.
