2020-05-21T00:27:41-0300 [-] Creating router ...
2020-05-21T00:27:41-0300 [-] Initializing Router - Number of events: 1
2020-05-21T00:27:42-0300 [-] RouterFactory starting on 8081
2020-05-21T00:27:42-0300 [-] Creating AccessPoint station ...
2020-05-21T00:27:42-0300 [-] Initializing Access Point - Number of events: 2
2020-05-21T00:27:42-0300 [-] AccessPointFactory starting on 8082
2020-05-21T00:27:42-0300 [-] Creating fog node ...
2020-05-21T00:27:42-0300 [-] Initializing Client - Number of events: 3
2020-05-21T00:27:43-0300 [-] Creating fog node ...
2020-05-21T00:27:43-0300 [-] Initializing Client - Number of events: 4
2020-05-21T00:27:43-0300 [-] Creating fog node ...
2020-05-21T00:27:43-0300 [-] Initializing Server - Number of events: 5
2020-05-21T00:27:44-0300 [-] BrokerFactory starting on 5100
2020-05-21T00:27:44-0300 [-] Creating iot node ...
2020-05-21T00:27:44-0300 [-] Initializing Client - Number of events: 6
2020-05-21T00:27:44-0300 [-] Initializing sensor node - Number of events: 7
2020-05-21T00:27:45-0300 [-] Initializing sensor node - Number of events: 8
2020-05-21T00:27:45-0300 [-] Initializing sensor node - Number of events: 9
2020-05-21T00:27:46-0300 [-] Initializing sensor node - Number of events: 10
2020-05-21T00:27:46-0300 [-] Initializing sensor node - Number of events: 11
2020-05-21T00:27:47-0300 [-] Initializing sensor node - Number of events: 12
2020-05-21T00:27:47-0300 [-] Initializing sensor node - Number of events: 13
2020-05-21T00:27:48-0300 [-] Initializing sensor node - Number of events: 14
2020-05-21T00:27:48-0300 [-] Initializing sensor node - Number of events: 15
2020-05-21T00:27:49-0300 [-] Initializing sensor node - Number of events: 16
2020-05-21T00:27:49-0300 [stdout#info] ========= sensor_5 ==========
2020-05-21T00:27:49-0300 [stdout#info] sensor_5  <------->  sensor_4
2020-05-21T00:27:49-0300 [stdout#info] sensor_5  <------->  sensor_8
2020-05-21T00:27:49-0300 [stdout#info] sensor_5  <------->  sensor_2
2020-05-21T00:27:49-0300 [stdout#info] =============================
2020-05-21T00:27:49-0300 [stdout#info] sensor_5 |9.47 Kwh
2020-05-21T00:27:49-0300 [stderr#error] Exception in Tkinter callback
2020-05-21T00:27:49-0300 [stderr#error] Traceback (most recent call last):
2020-05-21T00:27:49-0300 [stderr#error]   File "/usr/lib/python3.6/tkinter/__init__.py", line 1708, in __call__
2020-05-21T00:27:49-0300 [stderr#error]     return self.func(*args)
2020-05-21T00:27:49-0300 [stderr#error]   File "/home/rafael/iotfogsim/scinetsim/scinetsim/configurations.py", line 106, in <lambda>
2020-05-21T00:27:49-0300 [stderr#error]     btn_open = ttk.Button(window, text="Open Project",command=lambda:open_project(window,simulation_core))
2020-05-21T00:27:49-0300 [stderr#error]   File "/home/rafael/iotfogsim/scinetsim/scinetsim/configurations.py", line 60, in open_project
2020-05-21T00:27:49-0300 [stderr#error]     load_nodes(selected_project_name, simulation_core)
2020-05-21T00:27:49-0300 [stderr#error]   File "/home/rafael/iotfogsim/scinetsim/scinetsim/configurations.py", line 237, in load_nodes
2020-05-21T00:27:49-0300 [stderr#error]     deivce.run()
2020-05-21T00:27:49-0300 [stderr#error]   File "/home/rafael/iotfogsim/scinetsim/scinetsim/standarddevice.py", line 283, in run
2020-05-21T00:27:49-0300 [stderr#error]     self.application.start(nearby_devices_list)
2020-05-21T00:27:49-0300 [stderr#error]   File "/home/rafael/iotfogsim/scinetsim/applications/wsnapp.py", line 25, in start
2020-05-21T00:27:49-0300 [stderr#error]     self.collect_and_send_data()
2020-05-21T00:27:49-0300 [stderr#error]   File "/home/rafael/iotfogsim/scinetsim/applications/wsnapp.py", line 45, in collect_and_send_data
2020-05-21T00:27:49-0300 [stderr#error]     self._buffer = self.buffer - temp_buffer
2020-05-21T00:27:49-0300 [stderr#error] AttributeError: 'SensorApp' object has no attribute 'buffer'
2020-05-21T00:27:49-0300 [stdout#info] This divice have no simulation core instance
2020-05-21T00:27:49-0300 [stdout#info] This divice have no simulation core instance
2020-05-21T00:27:49-0300 [stdout#info] This divice have no simulation core instance
2020-05-21T00:27:49-0300 [stdout#info] This divice have no simulation core instance
2020-05-21T00:27:49-0300 [stdout#info] This divice have no simulation core instance
2020-05-21T00:27:49-0300 [Uninitialized] 127.0.0.1:58854 - Connected to mqtt broker - Number of events: 17
2020-05-21T00:27:49-0300 [Uninitialized] 127.0.0.1:58854 - sending MQTT SUBSCRIBE REQUEST - Number of events: 18
2020-05-21T00:27:49-0300 [Uninitialized] 127.0.0.1:58856 - Connected to mqtt broker - Number of events: 19
2020-05-21T00:27:49-0300 [Uninitialized] 127.0.0.1:58856 - sending MQTT SUBSCRIBE REQUEST - Number of events: 20
2020-05-21T00:27:49-0300 [Uninitialized] 127.0.0.1:49468 - Connected to mqtt broker - Number of events: 21
2020-05-21T00:27:49-0300 [Uninitialized] 127.0.0.1:49468 - sending MQTT PUBLISH REQUEST - Number of events: 22
2020-05-21T00:27:49-0300 [twisted.internet.endpoints.OneShotFactory#info] Starting factory <twisted.internet.endpoints.connectProtocol.<locals>.OneShotFactory object at 0x7f4ae8c4d898>
2020-05-21T00:27:49-0300 [twisted.internet.endpoints.OneShotFactory#info] Starting factory <twisted.internet.endpoints.connectProtocol.<locals>.OneShotFactory object at 0x7f4ae8c4da90>
2020-05-21T00:27:49-0300 [twisted.internet.endpoints.OneShotFactory#info] Starting factory <twisted.internet.endpoints.connectProtocol.<locals>.OneShotFactory object at 0x7f4ae8c4dcc0>
2020-05-21T00:27:49-0300 [stdout#info] This divice have no simulation core instance
2020-05-21T00:27:49-0300 [twisted.internet.endpoints.OneShotFactory#info] Starting factory <twisted.internet.endpoints.connectProtocol.<locals>.OneShotFactory object at 0x7f4ae8c5c748>
2020-05-21T00:27:54-0300 [-] 127.0.0.1:49468 - sending MQTT PUBLISH REQUEST - Number of events: 23
2020-05-21T00:27:54-0300 [twisted.internet.endpoints.OneShotFactory#info] Starting factory <twisted.internet.endpoints.connectProtocol.<locals>.OneShotFactory object at 0x7f4ae8c5ca58>
2020-05-21T00:27:54-0300 [twisted.internet.endpoints.OneShotFactory#info] Stopping factory <twisted.internet.endpoints.connectProtocol.<locals>.OneShotFactory object at 0x7f4ae8c4dcc0>
2020-05-21T00:27:54-0300 [stdout#info] This divice have no simulation core instance
2020-05-21T00:27:54-0300 [twisted.internet.endpoints.OneShotFactory#info] Starting factory <twisted.internet.endpoints.connectProtocol.<locals>.OneShotFactory object at 0x7f4ae8c5cc88>
2020-05-21T00:27:54-0300 [twisted.internet.endpoints.OneShotFactory#info] Stopping factory <twisted.internet.endpoints.connectProtocol.<locals>.OneShotFactory object at 0x7f4ae8c5c748>
2020-05-21T00:27:59-0300 [-] 127.0.0.1:49468 - sending MQTT PUBLISH REQUEST - Number of events: 24
2020-05-21T00:27:59-0300 [twisted.internet.endpoints.OneShotFactory#info] Starting factory <twisted.internet.endpoints.connectProtocol.<locals>.OneShotFactory object at 0x7f4ae8c5cbe0>
2020-05-21T00:27:59-0300 [twisted.internet.endpoints.OneShotFactory#info] Stopping factory <twisted.internet.endpoints.connectProtocol.<locals>.OneShotFactory object at 0x7f4ae8c5ca58>
2020-05-21T00:27:59-0300 [stdout#info] This divice have no simulation core instance
2020-05-21T00:27:59-0300 [twisted.internet.endpoints.OneShotFactory#info] Starting factory <twisted.internet.endpoints.connectProtocol.<locals>.OneShotFactory object at 0x7f4ae8c5cf98>
2020-05-21T00:28:04-0300 [-] 127.0.0.1:49468 - sending MQTT PUBLISH REQUEST - Number of events: 25
2020-05-21T00:28:04-0300 [twisted.internet.endpoints.OneShotFactory#info] Starting factory <twisted.internet.endpoints.connectProtocol.<locals>.OneShotFactory object at 0x7f4ae8c77208>
2020-05-21T00:28:04-0300 [twisted.internet.endpoints.OneShotFactory#info] Stopping factory <twisted.internet.endpoints.connectProtocol.<locals>.OneShotFactory object at 0x7f4ae8c5cbe0>
2020-05-21T00:28:04-0300 [stdout#info] This divice have no simulation core instance
2020-05-21T00:28:04-0300 [twisted.internet.endpoints.OneShotFactory#info] Starting factory <twisted.internet.endpoints.connectProtocol.<locals>.OneShotFactory object at 0x7f4ae8c774a8>
2020-05-21T00:28:05-0300 [-] Received SIGINT, shutting down.
2020-05-21T00:28:05-0300 [twisted.internet.endpoints.OneShotFactory#info] Stopping factory <twisted.internet.endpoints.connectProtocol.<locals>.OneShotFactory object at 0x7f4ae8c5cf98>
2020-05-21T00:28:05-0300 [twisted.internet.endpoints.OneShotFactory#info] Stopping factory <twisted.internet.endpoints.connectProtocol.<locals>.OneShotFactory object at 0x7f4ae8c4d898>
2020-05-21T00:28:05-0300 [twisted.internet.endpoints.OneShotFactory#info] Stopping factory <twisted.internet.endpoints.connectProtocol.<locals>.OneShotFactory object at 0x7f4ae8c5cc88>
2020-05-21T00:28:05-0300 [twisted.internet.endpoints.OneShotFactory#info] Stopping factory <twisted.internet.endpoints.connectProtocol.<locals>.OneShotFactory object at 0x7f4ae8c774a8>
2020-05-21T00:28:05-0300 [applications.mqttapp.BrokerFactory] (TCP Port 5100 Closed)
2020-05-21T00:28:05-0300 [applications.routerapp.RouterFactory] (TCP Port 8081 Closed)
2020-05-21T00:28:05-0300 [SubscriberApp,client] connection lost: Connection to the other side was lost in a non-clean fashion: Connection lost.
2020-05-21T00:28:05-0300 [SubscriberApp,client] connection lost - Number of events: 26
2020-05-21T00:28:05-0300 [SubscriberApp,client] connection lost: Connection to the other side was lost in a non-clean fashion: Connection lost.
2020-05-21T00:28:05-0300 [SubscriberApp,client] connection lost - Number of events: 27
2020-05-21T00:28:05-0300 [twisted.internet.endpoints.OneShotFactory#info] Stopping factory <twisted.internet.endpoints.connectProtocol.<locals>.OneShotFactory object at 0x7f4ae8c77208>
2020-05-21T00:28:05-0300 [applications.accesspointapp.AccessPointFactory] (TCP Port 8082 Closed)
2020-05-21T00:28:05-0300 [twisted.internet.endpoints.OneShotFactory#info] Stopping factory <twisted.internet.endpoints.connectProtocol.<locals>.OneShotFactory object at 0x7f4ae8c4da90>
2020-05-21T00:28:05-0300 [PublisherApp,client] connection lost: Connection to the other side was lost in a non-clean fashion: Connection lost.
2020-05-21T00:28:05-0300 [PublisherApp,client] connection lost - Number of events: 28
2020-05-21T00:28:05-0300 [-] Main loop terminated.
