2020-05-21T23:00:06-0300 [-] Creating router ...
2020-05-21T23:00:06-0300 [-] Initializing Router - Number of events: 1
2020-05-21T23:00:07-0300 [-] RouterFactory starting on 8081
2020-05-21T23:00:07-0300 [-] Creating AccessPoint station ...
2020-05-21T23:00:07-0300 [-] Initializing Access Point - Number of events: 2
2020-05-21T23:00:07-0300 [-] AccessPointFactory starting on 8082
2020-05-21T23:00:07-0300 [-] Creating fog node ...
2020-05-21T23:00:07-0300 [-] Initializing Client - Number of events: 3
2020-05-21T23:00:08-0300 [-] Creating fog node ...
2020-05-21T23:00:08-0300 [-] Initializing Client - Number of events: 4
2020-05-21T23:00:08-0300 [-] Creating fog node ...
2020-05-21T23:00:08-0300 [-] Initializing Server - Number of events: 5
2020-05-21T23:00:09-0300 [-] BrokerFactory starting on 5100
2020-05-21T23:00:09-0300 [-] Creating iot node ...
2020-05-21T23:00:09-0300 [-] Initializing Client - Number of events: 6
2020-05-21T23:00:09-0300 [-] Initializing sensor node - Number of events: 7
2020-05-21T23:00:10-0300 [-] Initializing sensor node - Number of events: 8
2020-05-21T23:00:10-0300 [-] Initializing sensor node - Number of events: 9
2020-05-21T23:00:11-0300 [-] Initializing sensor node - Number of events: 10
2020-05-21T23:00:11-0300 [-] Initializing sensor node - Number of events: 11
2020-05-21T23:00:12-0300 [-] Initializing sensor node - Number of events: 12
2020-05-21T23:00:12-0300 [-] Initializing sensor node - Number of events: 13
2020-05-21T23:00:13-0300 [-] Initializing sensor node - Number of events: 14
2020-05-21T23:00:13-0300 [-] Initializing sensor node - Number of events: 15
2020-05-21T23:00:14-0300 [-] Initializing sensor node - Number of events: 16
2020-05-21T23:00:14-0300 [stdout#info] ========= sensor_9 ==========
2020-05-21T23:00:14-0300 [stdout#info] =============================
2020-05-21T23:00:14-0300 [stdout#info] sensor_9 |19.32 Kwh
2020-05-21T23:00:14-0300 [stdout#info] ========= sensor_3 ==========
2020-05-21T23:00:14-0300 [stdout#info] sensor_3  <------->  sensor_1
2020-05-21T23:00:14-0300 [stdout#info] sensor_3  <------->  sensor_4
2020-05-21T23:00:14-0300 [stdout#info] =============================
2020-05-21T23:00:14-0300 [stdout#info] sensor_3 |19.12 Kwh
2020-05-21T23:00:14-0300 [stdout#info] ========= sensor_6 ==========
2020-05-21T23:00:14-0300 [stdout#info] sensor_6  <------->  sensor_5
2020-05-21T23:00:14-0300 [stdout#info] =============================
2020-05-21T23:00:14-0300 [stdout#info] sensor_6 |3.25 Kwh
2020-05-21T23:00:14-0300 [stdout#info] ========= sensor_5 ==========
2020-05-21T23:00:14-0300 [stdout#info] sensor_5  <------->  sensor_6
2020-05-21T23:00:14-0300 [stdout#info] =============================
2020-05-21T23:00:14-0300 [stdout#info] sensor_5 |3.25 Kwh|21.24 Kwh
2020-05-21T23:00:14-0300 [stdout#info] ========= sensor_8 ==========
2020-05-21T23:00:14-0300 [stdout#info] sensor_8  <------->  sensor_7
2020-05-21T23:00:14-0300 [stdout#info] =============================
2020-05-21T23:00:14-0300 [stdout#info] sensor_8 |10.39 Kwh
2020-05-21T23:00:14-0300 [stdout#info] ========= sensor_2 ==========
2020-05-21T23:00:14-0300 [stdout#info] =============================
2020-05-21T23:00:14-0300 [stdout#info] sensor_2 |6.48 Kwh
2020-05-21T23:00:14-0300 [stdout#info] ========= sensor_1 ==========
2020-05-21T23:00:14-0300 [stdout#info] sensor_1  <------->  wsn_sink
2020-05-21T23:00:14-0300 [stdout#info] sensor_1  <------->  sensor_3
2020-05-21T23:00:14-0300 [stdout#info] =============================
2020-05-21T23:00:14-0300 [stdout#info] sensor_1 |19.12 Kwh|6.62 Kwh
2020-05-21T23:00:14-0300 [stdout#info] ========= sensor_4 ==========
2020-05-21T23:00:14-0300 [stdout#info] sensor_4  <------->  sensor_3
2020-05-21T23:00:14-0300 [stdout#info] =============================
2020-05-21T23:00:14-0300 [stdout#info] sensor_4 |20.08 Kwh|19.12 Kwh
2020-05-21T23:00:14-0300 [stdout#info] ========= sensor_7 ==========
2020-05-21T23:00:14-0300 [stdout#info] sensor_7  <------->  sensor_8
2020-05-21T23:00:14-0300 [stdout#info] =============================
2020-05-21T23:00:14-0300 [stdout#info] sensor_7 |10.39 Kwh|19.18 Kwh
2020-05-21T23:00:14-0300 [stdout#info] This divice have no simulation core instance
2020-05-21T23:00:14-0300 [stdout#info] This divice have no simulation core instance
2020-05-21T23:00:14-0300 [stdout#info] This divice have no simulation core instance
2020-05-21T23:00:14-0300 [stdout#info] This divice have no simulation core instance
2020-05-21T23:00:14-0300 [stdout#info] This divice have no simulation core instance
2020-05-21T23:00:14-0300 [Uninitialized] 127.0.0.1:35482 - Connected to mqtt broker - Number of events: 17
2020-05-21T23:00:14-0300 [Uninitialized] 127.0.0.1:35482 - sending MQTT SUBSCRIBE REQUEST - Number of events: 18
2020-05-21T23:00:14-0300 [Uninitialized] 127.0.0.1:35484 - Connected to mqtt broker - Number of events: 19
2020-05-21T23:00:14-0300 [Uninitialized] 127.0.0.1:35484 - sending MQTT SUBSCRIBE REQUEST - Number of events: 20
2020-05-21T23:00:14-0300 [Uninitialized] 127.0.0.1:44810 - Connected to mqtt broker - Number of events: 21
2020-05-21T23:00:14-0300 [Uninitialized] 127.0.0.1:44810 - sending MQTT PUBLISH REQUEST - Number of events: 22
2020-05-21T23:00:15-0300 [twisted.internet.endpoints.OneShotFactory#info] Starting factory <twisted.internet.endpoints.connectProtocol.<locals>.OneShotFactory object at 0x7f76a2723588>
2020-05-21T23:00:15-0300 [twisted.internet.endpoints.OneShotFactory#info] Starting factory <twisted.internet.endpoints.connectProtocol.<locals>.OneShotFactory object at 0x7f76a2723908>
2020-05-21T23:00:15-0300 [twisted.internet.endpoints.OneShotFactory#info] Starting factory <twisted.internet.endpoints.connectProtocol.<locals>.OneShotFactory object at 0x7f76a2723b38>
2020-05-21T23:00:15-0300 [stdout#info] This divice have no simulation core instance
2020-05-21T23:00:15-0300 [twisted.internet.endpoints.OneShotFactory#info] Starting factory <twisted.internet.endpoints.connectProtocol.<locals>.OneShotFactory object at 0x7f76a27392b0>
2020-05-21T23:00:17-0300 [stdout#info] sensor_9 |6.98 Kwh
2020-05-21T23:00:17-0300 [stdout#info] sensor_3 |20.08 Kwh|6.62 Kwh|20.04 Kwh
2020-05-21T23:00:17-0300 [stdout#info] sensor_6 |13.02 Kwh|21.24 Kwh
2020-05-21T23:00:17-0300 [stdout#info] sensor_5 |13.02 Kwh|2.86 Kwh
2020-05-21T23:00:17-0300 [stdout#info] sensor_8 |19.07 Kwh|19.18 Kwh
2020-05-21T23:00:17-0300 [stdout#info] sensor_2 |4.42 Kwh
2020-05-21T23:00:17-0300 [stdout#info] sensor_1 |9.02 Kwh|20.04 Kwh
2020-05-21T23:00:17-0300 [stdout#info] sensor_4 |10.09 Kwh|20.04 Kwh
2020-05-21T23:00:17-0300 [stdout#info] sensor_7 |4.79 Kwh|19.07 Kwh
2020-05-21T23:00:20-0300 [-] 127.0.0.1:44810 - sending MQTT PUBLISH REQUEST - Number of events: 23
2020-05-21T23:00:20-0300 [twisted.internet.endpoints.OneShotFactory#info] Starting factory <twisted.internet.endpoints.connectProtocol.<locals>.OneShotFactory object at 0x7f76a27393c8>
2020-05-21T23:00:20-0300 [twisted.internet.endpoints.OneShotFactory#info] Stopping factory <twisted.internet.endpoints.connectProtocol.<locals>.OneShotFactory object at 0x7f76a2723b38>
2020-05-21T23:00:20-0300 [stdout#info] This divice have no simulation core instance
2020-05-21T23:00:20-0300 [twisted.internet.endpoints.OneShotFactory#info] Starting factory <twisted.internet.endpoints.connectProtocol.<locals>.OneShotFactory object at 0x7f76a2739828>
2020-05-21T23:00:20-0300 [twisted.internet.endpoints.OneShotFactory#info] Stopping factory <twisted.internet.endpoints.connectProtocol.<locals>.OneShotFactory object at 0x7f76a27392b0>
2020-05-21T23:00:20-0300 [stdout#info] sensor_9 |19.56 Kwh
2020-05-21T23:00:20-0300 [stdout#info] sensor_3 |10.09 Kwh|9.02 Kwh|6.8 Kwh
2020-05-21T23:00:20-0300 [stdout#info] sensor_6 |2.86 Kwh|21.98 Kwh
2020-05-21T23:00:20-0300 [stdout#info] sensor_5 |18.6 Kwh|21.98 Kwh
2020-05-21T23:00:20-0300 [stdout#info] sensor_8 |4.79 Kwh|18.19 Kwh
2020-05-21T23:00:20-0300 [stdout#info] sensor_2 |10.74 Kwh
2020-05-21T23:00:20-0300 [stdout#info] sensor_1 |5.09 Kwh|6.8 Kwh
2020-05-21T23:00:20-0300 [stdout#info] sensor_4 |11.82 Kwh|6.8 Kwh
2020-05-21T23:00:20-0300 [stdout#info] sensor_7 |18.19 Kwh|3.69 Kwh
2020-05-21T23:00:23-0300 [stdout#info] sensor_9 |8.03 Kwh
2020-05-21T23:00:23-0300 [stdout#info] sensor_3 |11.82 Kwh|7.1 Kwh|5.09 Kwh
2020-05-21T23:00:23-0300 [stdout#info] sensor_6 |18.6 Kwh|15.42 Kwh
2020-05-21T23:00:23-0300 [stdout#info] sensor_5 |3.25 Kwh|15.42 Kwh
2020-05-21T23:00:24-0300 [stdout#info] sensor_8 |14.23 Kwh|3.69 Kwh
2020-05-21T23:00:24-0300 [stdout#info] sensor_2 |12.57 Kwh
2020-05-21T23:00:24-0300 [stdout#info] sensor_1 |7.1 Kwh|5.04 Kwh
2020-05-21T23:00:24-0300 [stdout#info] sensor_4 |7.1 Kwh|9.24 Kwh
2020-05-21T23:00:24-0300 [stdout#info] sensor_7 |7.3 Kwh|14.23 Kwh
2020-05-21T23:00:25-0300 [-] 127.0.0.1:44810 - sending MQTT PUBLISH REQUEST - Number of events: 24
2020-05-21T23:00:25-0300 [twisted.internet.endpoints.OneShotFactory#info] Starting factory <twisted.internet.endpoints.connectProtocol.<locals>.OneShotFactory object at 0x7f76a27399b0>
2020-05-21T23:00:25-0300 [twisted.internet.endpoints.OneShotFactory#info] Stopping factory <twisted.internet.endpoints.connectProtocol.<locals>.OneShotFactory object at 0x7f76a27393c8>
2020-05-21T23:00:25-0300 [stdout#info] This divice have no simulation core instance
2020-05-21T23:00:25-0300 [twisted.internet.endpoints.OneShotFactory#info] Starting factory <twisted.internet.endpoints.connectProtocol.<locals>.OneShotFactory object at 0x7f76a2739c50>
2020-05-21T23:00:26-0300 [stdout#info] sensor_9 |21.16 Kwh
2020-05-21T23:00:26-0300 [stdout#info] sensor_3 |18.54 Kwh|5.04 Kwh|9.24 Kwh
2020-05-21T23:00:26-0300 [stdout#info] sensor_6 |3.25 Kwh|12.85 Kwh
2020-05-21T23:00:26-0300 [stdout#info] sensor_5 |12.85 Kwh|19.79 Kwh
2020-05-21T23:00:27-0300 [stdout#info] sensor_8 |7.3 Kwh|8.06 Kwh
2020-05-21T23:00:27-0300 [stdout#info] sensor_2 |2.99 Kwh
2020-05-21T23:00:27-0300 [stdout#info] sensor_1 |18.54 Kwh|17.87 Kwh
2020-05-21T23:00:27-0300 [stdout#info] sensor_4 |18.54 Kwh|21.58 Kwh
2020-05-21T23:00:27-0300 [stdout#info] sensor_7 |8.06 Kwh|12.53 Kwh
2020-05-21T23:00:29-0300 [stdout#info] sensor_9 |10.58 Kwh
2020-05-21T23:00:29-0300 [stdout#info] sensor_3 |17.87 Kwh|5.01 Kwh|21.58 Kwh
2020-05-21T23:00:29-0300 [stdout#info] sensor_6 |19.79 Kwh|10.83 Kwh
2020-05-21T23:00:29-0300 [stdout#info] sensor_5 |10.83 Kwh|15.47 Kwh
2020-05-21T23:00:30-0300 [-] 127.0.0.1:44810 - sending MQTT PUBLISH REQUEST - Number of events: 25
2020-05-21T23:00:30-0300 [twisted.internet.endpoints.OneShotFactory#info] Starting factory <twisted.internet.endpoints.connectProtocol.<locals>.OneShotFactory object at 0x7f76a2739ac8>
2020-05-21T23:00:30-0300 [twisted.internet.endpoints.OneShotFactory#info] Stopping factory <twisted.internet.endpoints.connectProtocol.<locals>.OneShotFactory object at 0x7f76a27399b0>
2020-05-21T23:00:30-0300 [stdout#info] This divice have no simulation core instance
2020-05-21T23:00:30-0300 [twisted.internet.endpoints.OneShotFactory#info] Starting factory <twisted.internet.endpoints.connectProtocol.<locals>.OneShotFactory object at 0x7f76a2743198>
2020-05-21T23:00:30-0300 [stdout#info] sensor_8 |12.8 Kwh|12.53 Kwh
2020-05-21T23:00:30-0300 [stdout#info] sensor_2 |11.75 Kwh
2020-05-21T23:00:30-0300 [stdout#info] sensor_1 |5.01 Kwh|2.61 Kwh
2020-05-21T23:00:30-0300 [stdout#info] sensor_4 |5.01 Kwh|14.26 Kwh
2020-05-21T23:00:30-0300 [stdout#info] sensor_7 |12.8 Kwh|4.2 Kwh
2020-05-21T23:00:32-0300 [stdout#info] sensor_9 |7.17 Kwh
2020-05-21T23:00:33-0300 [stdout#info] sensor_3 |14.26 Kwh|17.21 Kwh|2.61 Kwh
2020-05-21T23:00:33-0300 [stdout#info] sensor_6 |3.55 Kwh|15.47 Kwh
2020-05-21T23:00:33-0300 [stdout#info] sensor_5 |7.56 Kwh|3.55 Kwh
2020-05-21T23:00:33-0300 [stdout#info] sensor_8 |7.01 Kwh|4.2 Kwh
2020-05-21T23:00:33-0300 [stdout#info] sensor_2 |14.63 Kwh
2020-05-21T23:00:33-0300 [stdout#info] sensor_1 |3.86 Kwh|17.21 Kwh
2020-05-21T23:00:33-0300 [stdout#info] sensor_4 |13.0 Kwh|17.21 Kwh
2020-05-21T23:00:33-0300 [stdout#info] sensor_7 |7.01 Kwh|13.36 Kwh
2020-05-21T23:00:35-0300 [-] 127.0.0.1:44810 - sending MQTT PUBLISH REQUEST - Number of events: 26
2020-05-21T23:00:35-0300 [twisted.internet.endpoints.OneShotFactory#info] Starting factory <twisted.internet.endpoints.connectProtocol.<locals>.OneShotFactory object at 0x7f76a2743400>
2020-05-21T23:00:35-0300 [twisted.internet.endpoints.OneShotFactory#info] Stopping factory <twisted.internet.endpoints.connectProtocol.<locals>.OneShotFactory object at 0x7f76a2739ac8>
2020-05-21T23:00:35-0300 [stdout#info] This divice have no simulation core instance
2020-05-21T23:00:35-0300 [twisted.internet.endpoints.OneShotFactory#info] Starting factory <twisted.internet.endpoints.connectProtocol.<locals>.OneShotFactory object at 0x7f76a2743710>
2020-05-21T23:00:35-0300 [stdout#info] sensor_9 |8.15 Kwh
2020-05-21T23:00:36-0300 [stdout#info] sensor_3 |13.0 Kwh|17.69 Kwh|3.86 Kwh
2020-05-21T23:00:36-0300 [stdout#info] sensor_6 |7.56 Kwh|3.21 Kwh
2020-05-21T23:00:36-0300 [stdout#info] sensor_5 |3.21 Kwh|20.02 Kwh
2020-05-21T23:00:36-0300 [stdout#info] sensor_8 |13.36 Kwh|2.8 Kwh
2020-05-21T23:00:36-0300 [stdout#info] sensor_2 |20.78 Kwh
2020-05-21T23:00:36-0300 [stdout#info] sensor_1 |3.95 Kwh|17.69 Kwh
2020-05-21T23:00:36-0300 [stdout#info] sensor_4 |17.69 Kwh|3.61 Kwh
2020-05-21T23:00:36-0300 [stdout#info] sensor_7 |19.71 Kwh|2.8 Kwh
2020-05-21T23:00:38-0300 [stdout#info] sensor_9 |10.85 Kwh
2020-05-21T23:00:39-0300 [stdout#info] sensor_3 |3.95 Kwh|3.61 Kwh|5.04 Kwh
2020-05-21T23:00:39-0300 [stdout#info] sensor_6 |16.67 Kwh|20.02 Kwh
2020-05-21T23:00:39-0300 [stdout#info] sensor_5 |18.95 Kwh|16.67 Kwh
2020-05-21T23:00:39-0300 [stdout#info] sensor_8 |5.7 Kwh|19.71 Kwh
2020-05-21T23:00:39-0300 [stdout#info] sensor_2 |4.07 Kwh
2020-05-21T23:00:39-0300 [stdout#info] sensor_1 |5.04 Kwh|14.8 Kwh
2020-05-21T23:00:39-0300 [stdout#info] sensor_4 |11.55 Kwh|5.04 Kwh
2020-05-21T23:00:39-0300 [stdout#info] sensor_7 |5.84 Kwh|5.7 Kwh
2020-05-21T23:00:40-0300 [-] 127.0.0.1:44810 - sending MQTT PUBLISH REQUEST - Number of events: 27
2020-05-21T23:00:40-0300 [twisted.internet.endpoints.OneShotFactory#info] Starting factory <twisted.internet.endpoints.connectProtocol.<locals>.OneShotFactory object at 0x7f76a27436d8>
2020-05-21T23:00:40-0300 [twisted.internet.endpoints.OneShotFactory#info] Stopping factory <twisted.internet.endpoints.connectProtocol.<locals>.OneShotFactory object at 0x7f76a2743400>
2020-05-21T23:00:40-0300 [stdout#info] This divice have no simulation core instance
2020-05-21T23:00:40-0300 [twisted.internet.endpoints.OneShotFactory#info] Starting factory <twisted.internet.endpoints.connectProtocol.<locals>.OneShotFactory object at 0x7f76a2743b70>
2020-05-21T23:00:41-0300 [stdout#info] sensor_9 |11.61 Kwh
2020-05-21T23:00:42-0300 [stdout#info] sensor_3 |7.12 Kwh|11.55 Kwh|14.8 Kwh
2020-05-21T23:00:42-0300 [stdout#info] sensor_6 |18.95 Kwh|20.53 Kwh
2020-05-21T23:00:42-0300 [stdout#info] sensor_5 |9.69 Kwh|20.53 Kwh
2020-05-21T23:00:42-0300 [stdout#info] sensor_8 |14.72 Kwh|5.84 Kwh
2020-05-21T23:00:42-0300 [stdout#info] sensor_2 |19.58 Kwh
2020-05-21T23:00:42-0300 [stdout#info] sensor_1 |7.12 Kwh|22.0 Kwh
2020-05-21T23:00:42-0300 [stdout#info] sensor_4 |7.12 Kwh|3.33 Kwh
2020-05-21T23:00:42-0300 [stdout#info] sensor_7 |14.72 Kwh|5.08 Kwh
2020-05-21T23:00:44-0300 [stdout#info] sensor_9 |6.62 Kwh
2020-05-21T23:00:45-0300 [stdout#info] sensor_3 |5.45 Kwh|22.0 Kwh|3.33 Kwh
2020-05-21T23:00:45-0300 [stdout#info] sensor_6 |21.45 Kwh|9.69 Kwh
2020-05-21T23:00:45-0300 [stdout#info] sensor_5 |21.45 Kwh|8.38 Kwh
2020-05-21T23:00:45-0300 [-] 127.0.0.1:44810 - sending MQTT PUBLISH REQUEST - Number of events: 28
2020-05-21T23:00:45-0300 [twisted.internet.endpoints.OneShotFactory#info] Starting factory <twisted.internet.endpoints.connectProtocol.<locals>.OneShotFactory object at 0x7f76a2743a90>
2020-05-21T23:00:45-0300 [twisted.internet.endpoints.OneShotFactory#info] Stopping factory <twisted.internet.endpoints.connectProtocol.<locals>.OneShotFactory object at 0x7f76a27436d8>
2020-05-21T23:00:45-0300 [stdout#info] This divice have no simulation core instance
2020-05-21T23:00:45-0300 [twisted.internet.endpoints.OneShotFactory#info] Starting factory <twisted.internet.endpoints.connectProtocol.<locals>.OneShotFactory object at 0x7f76a2743f98>
2020-05-21T23:00:45-0300 [stdout#info] sensor_8 |7.8 Kwh|5.08 Kwh
2020-05-21T23:00:45-0300 [stdout#info] sensor_2 |6.28 Kwh
2020-05-21T23:00:45-0300 [stdout#info] sensor_1 |5.45 Kwh|17.99 Kwh
2020-05-21T23:00:45-0300 [stdout#info] sensor_4 |5.45 Kwh|8.19 Kwh
2020-05-21T23:00:45-0300 [stdout#info] sensor_7 |7.8 Kwh|6.46 Kwh
2020-05-21T23:00:47-0300 [stdout#info] sensor_9 |9.88 Kwh
2020-05-21T23:00:48-0300 [stdout#info] sensor_3 |8.19 Kwh|17.99 Kwh|10.66 Kwh
2020-05-21T23:00:48-0300 [stdout#info] sensor_6 |11.02 Kwh|8.38 Kwh
2020-05-21T23:00:48-0300 [stdout#info] sensor_5 |11.02 Kwh|17.82 Kwh
2020-05-21T23:00:48-0300 [stdout#info] sensor_8 |6.46 Kwh|15.51 Kwh
2020-05-21T23:00:48-0300 [stdout#info] sensor_2 |9.0 Kwh
2020-05-21T23:00:48-0300 [stdout#info] sensor_1 |12.96 Kwh|10.66 Kwh
2020-05-21T23:00:48-0300 [stdout#info] sensor_4 |9.44 Kwh|10.66 Kwh
2020-05-21T23:00:48-0300 [stdout#info] sensor_7 |3.63 Kwh|15.51 Kwh
2020-05-21T23:00:50-0300 [-] 127.0.0.1:44810 - sending MQTT PUBLISH REQUEST - Number of events: 29
2020-05-21T23:00:50-0300 [twisted.internet.endpoints.OneShotFactory#info] Starting factory <twisted.internet.endpoints.connectProtocol.<locals>.OneShotFactory object at 0x7f76a3e01358>
2020-05-21T23:00:50-0300 [twisted.internet.endpoints.OneShotFactory#info] Stopping factory <twisted.internet.endpoints.connectProtocol.<locals>.OneShotFactory object at 0x7f76a2743a90>
2020-05-21T23:00:50-0300 [stdout#info] This divice have no simulation core instance
2020-05-21T23:00:50-0300 [twisted.internet.endpoints.OneShotFactory#info] Starting factory <twisted.internet.endpoints.connectProtocol.<locals>.OneShotFactory object at 0x7f76a3e01518>
2020-05-21T23:00:50-0300 [stdout#info] sensor_9 |7.64 Kwh
2020-05-21T23:00:51-0300 [stdout#info] sensor_3 |21.81 Kwh|9.44 Kwh|12.96 Kwh
2020-05-21T23:00:51-0300 [stdout#info] sensor_6 |17.82 Kwh|3.45 Kwh
2020-05-21T23:00:51-0300 [stdout#info] sensor_5 |13.03 Kwh|3.45 Kwh
2020-05-21T23:00:51-0300 [stdout#info] sensor_8 |17.99 Kwh|3.63 Kwh
2020-05-21T23:00:51-0300 [stdout#info] sensor_2 |18.75 Kwh
2020-05-21T23:00:51-0300 [stdout#info] sensor_1 |21.81 Kwh|15.04 Kwh
2020-05-21T23:00:51-0300 [stdout#info] sensor_4 |21.81 Kwh|16.98 Kwh
2020-05-21T23:00:51-0300 [stdout#info] sensor_7 |17.99 Kwh|8.08 Kwh
2020-05-21T23:00:53-0300 [stdout#info] sensor_9 |11.65 Kwh
2020-05-21T23:00:54-0300 [stdout#info] sensor_3 |15.04 Kwh|16.98 Kwh|21.78 Kwh
2020-05-21T23:00:54-0300 [stdout#info] sensor_6 |13.03 Kwh|2.62 Kwh
2020-05-21T23:00:54-0300 [stdout#info] sensor_5 |18.85 Kwh|2.62 Kwh
2020-05-21T23:00:54-0300 [stdout#info] sensor_8 |17.06 Kwh|8.08 Kwh
2020-05-21T23:00:54-0300 [stdout#info] sensor_2 |12.18 Kwh
2020-05-21T23:00:54-0300 [stdout#info] sensor_1 |2.73 Kwh|21.78 Kwh
2020-05-21T23:00:54-0300 [stdout#info] sensor_4 |22.35 Kwh|21.78 Kwh
2020-05-21T23:00:54-0300 [stdout#info] sensor_7 |7.88 Kwh|17.06 Kwh
2020-05-21T23:00:55-0300 [-] 127.0.0.1:44810 - sending MQTT PUBLISH REQUEST - Number of events: 30
2020-05-21T23:00:55-0300 [twisted.internet.endpoints.OneShotFactory#info] Starting factory <twisted.internet.endpoints.connectProtocol.<locals>.OneShotFactory object at 0x7f76a3e010f0>
2020-05-21T23:00:55-0300 [twisted.internet.endpoints.OneShotFactory#info] Stopping factory <twisted.internet.endpoints.connectProtocol.<locals>.OneShotFactory object at 0x7f76a3e01358>
2020-05-21T23:00:55-0300 [stdout#info] This divice have no simulation core instance
2020-05-21T23:00:55-0300 [twisted.internet.endpoints.OneShotFactory#info] Starting factory <twisted.internet.endpoints.connectProtocol.<locals>.OneShotFactory object at 0x7f76a3e019e8>
2020-05-21T23:00:56-0300 [stdout#info] sensor_9 |16.23 Kwh
2020-05-21T23:00:57-0300 [stdout#info] sensor_3 |15.99 Kwh|22.35 Kwh|2.73 Kwh
2020-05-21T23:00:57-0300 [stdout#info] sensor_6 |18.85 Kwh|16.28 Kwh
2020-05-21T23:00:57-0300 [stdout#info] sensor_5 |19.3 Kwh|16.28 Kwh
2020-05-21T23:00:57-0300 [stdout#info] sensor_8 |7.88 Kwh|9.94 Kwh
2020-05-21T23:00:57-0300 [stdout#info] sensor_2 |10.09 Kwh
2020-05-21T23:00:57-0300 [stdout#info] sensor_1 |15.99 Kwh|10.31 Kwh
2020-05-21T23:00:57-0300 [stdout#info] sensor_4 |15.99 Kwh|2.97 Kwh
2020-05-21T23:00:57-0300 [stdout#info] sensor_7 |3.58 Kwh|9.94 Kwh
2020-05-21T23:01:00-0300 [stdout#info] sensor_9 |4.44 Kwh
2020-05-21T23:01:00-0300 [stdout#info] sensor_3 |2.97 Kwh|21.88 Kwh|10.31 Kwh
2020-05-21T23:01:00-0300 [stdout#info] sensor_6 |19.3 Kwh|10.8 Kwh
2020-05-21T23:01:00-0300 [stdout#info] sensor_5 |3.52 Kwh|10.8 Kwh
2020-05-21T23:01:00-0300 [-] 127.0.0.1:44810 - sending MQTT PUBLISH REQUEST - Number of events: 31
2020-05-21T23:01:00-0300 [twisted.internet.endpoints.OneShotFactory#info] Starting factory <twisted.internet.endpoints.connectProtocol.<locals>.OneShotFactory object at 0x7f76a3e019b0>
2020-05-21T23:01:00-0300 [twisted.internet.endpoints.OneShotFactory#info] Stopping factory <twisted.internet.endpoints.connectProtocol.<locals>.OneShotFactory object at 0x7f76a3e010f0>
2020-05-21T23:01:00-0300 [stdout#info] This divice have no simulation core instance
2020-05-21T23:01:00-0300 [twisted.internet.endpoints.OneShotFactory#info] Starting factory <twisted.internet.endpoints.connectProtocol.<locals>.OneShotFactory object at 0x7f76a3e01eb8>
2020-05-21T23:01:00-0300 [stdout#info] sensor_8 |3.58 Kwh|15.09 Kwh
2020-05-21T23:01:00-0300 [stdout#info] sensor_2 |14.55 Kwh
2020-05-21T23:01:00-0300 [stdout#info] sensor_1 |18.22 Kwh|21.88 Kwh
2020-05-21T23:01:00-0300 [stdout#info] sensor_4 |21.88 Kwh|19.87 Kwh
2020-05-21T23:01:00-0300 [stdout#info] sensor_7 |16.82 Kwh|15.09 Kwh
2020-05-21T23:01:03-0300 [stdout#info] sensor_9 |11.53 Kwh
2020-05-21T23:01:03-0300 [stdout#info] sensor_3 |18.22 Kwh|19.87 Kwh|18.33 Kwh
2020-05-21T23:01:03-0300 [stdout#info] sensor_6 |3.52 Kwh|3.28 Kwh
2020-05-21T23:01:03-0300 [stdout#info] sensor_5 |10.16 Kwh|3.28 Kwh
2020-05-21T23:01:03-0300 [stdout#info] sensor_8 |7.53 Kwh|16.82 Kwh
2020-05-21T23:01:03-0300 [stdout#info] sensor_2 |5.37 Kwh
2020-05-21T23:01:03-0300 [stdout#info] sensor_1 |9.02 Kwh|18.33 Kwh
2020-05-21T23:01:03-0300 [stdout#info] sensor_4 |15.33 Kwh|18.33 Kwh
2020-05-21T23:01:03-0300 [stdout#info] sensor_7 |7.53 Kwh|13.62 Kwh
2020-05-21T23:01:05-0300 [-] 127.0.0.1:44810 - sending MQTT PUBLISH REQUEST - Number of events: 32
2020-05-21T23:01:05-0300 [twisted.internet.endpoints.OneShotFactory#info] Starting factory <twisted.internet.endpoints.connectProtocol.<locals>.OneShotFactory object at 0x7f76a3d8f080>
2020-05-21T23:01:05-0300 [twisted.internet.endpoints.OneShotFactory#info] Stopping factory <twisted.internet.endpoints.connectProtocol.<locals>.OneShotFactory object at 0x7f76a3e019b0>
2020-05-21T23:01:05-0300 [stdout#info] This divice have no simulation core instance
2020-05-21T23:01:05-0300 [twisted.internet.endpoints.OneShotFactory#info] Starting factory <twisted.internet.endpoints.connectProtocol.<locals>.OneShotFactory object at 0x7f76a3d8f400>
2020-05-21T23:01:06-0300 [stdout#info] sensor_9 |18.53 Kwh
2020-05-21T23:01:06-0300 [stdout#info] sensor_3 |4.83 Kwh|15.33 Kwh|9.02 Kwh
2020-05-21T23:01:06-0300 [stdout#info] sensor_6 |10.16 Kwh|8.94 Kwh
2020-05-21T23:01:06-0300 [stdout#info] sensor_5 |8.94 Kwh|9.73 Kwh
2020-05-21T23:01:06-0300 [stdout#info] sensor_8 |10.45 Kwh|13.62 Kwh
2020-05-21T23:01:06-0300 [stdout#info] sensor_2 |21.84 Kwh
2020-05-21T23:01:06-0300 [stdout#info] sensor_1 |4.83 Kwh|4.42 Kwh
2020-05-21T23:01:06-0300 [stdout#info] sensor_4 |4.83 Kwh|21.01 Kwh
2020-05-21T23:01:06-0300 [stdout#info] sensor_7 |5.55 Kwh|10.45 Kwh
2020-05-21T23:01:09-0300 [stdout#info] sensor_9 |10.69 Kwh
2020-05-21T23:01:09-0300 [stdout#info] sensor_3 |4.42 Kwh|5.13 Kwh|21.01 Kwh
2020-05-21T23:01:09-0300 [stdout#info] sensor_6 |9.73 Kwh|21.3 Kwh
2020-05-21T23:01:09-0300 [stdout#info] sensor_5 |21.3 Kwh|14.18 Kwh
2020-05-21T23:01:09-0300 [stdout#info] sensor_8 |5.55 Kwh|16.03 Kwh
2020-05-21T23:01:09-0300 [stdout#info] sensor_2 |12.44 Kwh
2020-05-21T23:01:09-0300 [stdout#info] sensor_1 |14.51 Kwh|5.13 Kwh
2020-05-21T23:01:09-0300 [stdout#info] sensor_4 |5.86 Kwh|5.13 Kwh
2020-05-21T23:01:09-0300 [stdout#info] sensor_7 |6.01 Kwh|16.03 Kwh
2020-05-21T23:01:10-0300 [-] 127.0.0.1:44810 - sending MQTT PUBLISH REQUEST - Number of events: 33
2020-05-21T23:01:10-0300 [twisted.internet.endpoints.OneShotFactory#info] Starting factory <twisted.internet.endpoints.connectProtocol.<locals>.OneShotFactory object at 0x7f76a3d8f6a0>
2020-05-21T23:01:10-0300 [twisted.internet.endpoints.OneShotFactory#info] Stopping factory <twisted.internet.endpoints.connectProtocol.<locals>.OneShotFactory object at 0x7f76a3d8f080>
2020-05-21T23:01:10-0300 [stdout#info] This divice have no simulation core instance
2020-05-21T23:01:10-0300 [twisted.internet.endpoints.OneShotFactory#info] Starting factory <twisted.internet.endpoints.connectProtocol.<locals>.OneShotFactory object at 0x7f76a3d8f908>
2020-05-21T23:01:12-0300 [stdout#info] sensor_9 |15.39 Kwh
2020-05-21T23:01:12-0300 [stdout#info] sensor_3 |14.51 Kwh|9.44 Kwh|5.86 Kwh
2020-05-21T23:01:12-0300 [stdout#info] sensor_6 |14.18 Kwh|15.44 Kwh
2020-05-21T23:01:12-0300 [stdout#info] sensor_5 |12.99 Kwh|15.44 Kwh
2020-05-21T23:01:12-0300 [stdout#info] sensor_8 |6.01 Kwh|17.32 Kwh
2020-05-21T23:01:12-0300 [stdout#info] sensor_2 |17.91 Kwh
2020-05-21T23:01:12-0300 [stdout#info] sensor_1 |15.74 Kwh|9.44 Kwh
2020-05-21T23:01:12-0300 [stdout#info] sensor_4 |7.91 Kwh|9.44 Kwh
2020-05-21T23:01:12-0300 [stdout#info] sensor_7 |9.44 Kwh|17.32 Kwh
2020-05-21T23:01:15-0300 [stdout#info] sensor_9 |13.36 Kwh
2020-05-21T23:01:15-0300 [stdout#info] sensor_3 |15.74 Kwh|7.91 Kwh|3.16 Kwh
2020-05-21T23:01:15-0300 [stdout#info] sensor_6 |21.01 Kwh|12.99 Kwh
2020-05-21T23:01:15-0300 [stdout#info] sensor_5 |21.01 Kwh|6.61 Kwh
2020-05-21T23:01:15-0300 [-] 127.0.0.1:44810 - sending MQTT PUBLISH REQUEST - Number of events: 34
2020-05-21T23:01:15-0300 [twisted.internet.endpoints.OneShotFactory#info] Starting factory <twisted.internet.endpoints.connectProtocol.<locals>.OneShotFactory object at 0x7f76a3d8f1d0>
2020-05-21T23:01:15-0300 [twisted.internet.endpoints.OneShotFactory#info] Stopping factory <twisted.internet.endpoints.connectProtocol.<locals>.OneShotFactory object at 0x7f76a3d8f6a0>
2020-05-21T23:01:15-0300 [stdout#info] This divice have no simulation core instance
2020-05-21T23:01:15-0300 [twisted.internet.endpoints.OneShotFactory#info] Starting factory <twisted.internet.endpoints.connectProtocol.<locals>.OneShotFactory object at 0x7f76a3d8fdd8>
2020-05-21T23:01:15-0300 [stdout#info] sensor_8 |21.32 Kwh|9.44 Kwh
2020-05-21T23:01:15-0300 [stdout#info] sensor_2 |9.32 Kwh
2020-05-21T23:01:15-0300 [stdout#info] sensor_1 |16.79 Kwh|3.16 Kwh
2020-05-21T23:01:15-0300 [stdout#info] sensor_4 |7.62 Kwh|3.16 Kwh
2020-05-21T23:01:15-0300 [stdout#info] sensor_7 |21.32 Kwh|16.89 Kwh
2020-05-21T23:01:18-0300 [stdout#info] sensor_9 |4.42 Kwh
2020-05-21T23:01:18-0300 [stdout#info] sensor_3 |16.79 Kwh|7.62 Kwh|12.45 Kwh
2020-05-21T23:01:18-0300 [stdout#info] sensor_6 |18.33 Kwh|6.61 Kwh
2020-05-21T23:01:18-0300 [stdout#info] sensor_5 |4.88 Kwh|18.33 Kwh
2020-05-21T23:01:18-0300 [stdout#info] sensor_8 |10.29 Kwh|16.89 Kwh
2020-05-21T23:01:18-0300 [stdout#info] sensor_2 |5.08 Kwh
2020-05-21T23:01:18-0300 [stdout#info] sensor_1 |10.6 Kwh|12.45 Kwh
2020-05-21T23:01:18-0300 [stdout#info] sensor_4 |2.65 Kwh|12.45 Kwh
2020-05-21T23:01:18-0300 [stdout#info] sensor_7 |10.29 Kwh|13.11 Kwh
2020-05-21T23:01:20-0300 [-] 127.0.0.1:44810 - sending MQTT PUBLISH REQUEST - Number of events: 35
2020-05-21T23:01:20-0300 [twisted.internet.endpoints.OneShotFactory#info] Starting factory <twisted.internet.endpoints.connectProtocol.<locals>.OneShotFactory object at 0x7f76a3d9c128>
2020-05-21T23:01:20-0300 [twisted.internet.endpoints.OneShotFactory#info] Stopping factory <twisted.internet.endpoints.connectProtocol.<locals>.OneShotFactory object at 0x7f76a3d8f1d0>
2020-05-21T23:01:20-0300 [stdout#info] This divice have no simulation core instance
2020-05-21T23:01:20-0300 [twisted.internet.endpoints.OneShotFactory#info] Starting factory <twisted.internet.endpoints.connectProtocol.<locals>.OneShotFactory object at 0x7f76a3d9c320>
2020-05-21T23:01:21-0300 [stdout#info] sensor_9 |20.86 Kwh
2020-05-21T23:01:21-0300 [stdout#info] sensor_3 |20.22 Kwh|2.65 Kwh|10.6 Kwh
2020-05-21T23:01:21-0300 [stdout#info] sensor_6 |4.88 Kwh|14.38 Kwh
2020-05-21T23:01:21-0300 [stdout#info] sensor_5 |14.38 Kwh|14.62 Kwh
2020-05-21T23:01:21-0300 [stdout#info] sensor_8 |13.11 Kwh|17.6 Kwh
2020-05-21T23:01:21-0300 [stdout#info] sensor_2 |15.29 Kwh
2020-05-21T23:01:21-0300 [stdout#info] sensor_1 |10.34 Kwh|20.22 Kwh
2020-05-21T23:01:21-0300 [stdout#info] sensor_4 |10.0 Kwh|20.22 Kwh
2020-05-21T23:01:21-0300 [stdout#info] sensor_7 |5.01 Kwh|17.6 Kwh
2020-05-21T23:01:24-0300 [stdout#info] sensor_9 |4.26 Kwh
2020-05-21T23:01:24-0300 [stdout#info] sensor_3 |9.69 Kwh|10.34 Kwh|10.0 Kwh
2020-05-21T23:01:24-0300 [stdout#info] sensor_6 |14.62 Kwh|18.74 Kwh
2020-05-21T23:01:24-0300 [stdout#info] sensor_5 |18.74 Kwh|9.7 Kwh
2020-05-21T23:01:24-0300 [stdout#info] sensor_8 |5.01 Kwh|19.82 Kwh
2020-05-21T23:01:24-0300 [stdout#info] sensor_2 |14.68 Kwh
2020-05-21T23:01:24-0300 [stdout#info] sensor_1 |9.69 Kwh|10.05 Kwh
2020-05-21T23:01:24-0300 [stdout#info] sensor_4 |9.69 Kwh|5.8 Kwh
2020-05-21T23:01:24-0300 [stdout#info] sensor_7 |9.12 Kwh|19.82 Kwh
2020-05-21T23:01:25-0300 [-] 127.0.0.1:44810 - sending MQTT PUBLISH REQUEST - Number of events: 36
2020-05-21T23:01:25-0300 [twisted.internet.endpoints.OneShotFactory#info] Starting factory <twisted.internet.endpoints.connectProtocol.<locals>.OneShotFactory object at 0x7f76a3d9c2b0>
2020-05-21T23:01:25-0300 [twisted.internet.endpoints.OneShotFactory#info] Stopping factory <twisted.internet.endpoints.connectProtocol.<locals>.OneShotFactory object at 0x7f76a3d9c128>
2020-05-21T23:01:25-0300 [stdout#info] This divice have no simulation core instance
2020-05-21T23:01:25-0300 [twisted.internet.endpoints.OneShotFactory#info] Starting factory <twisted.internet.endpoints.connectProtocol.<locals>.OneShotFactory object at 0x7f76a3d9c898>
2020-05-21T23:01:27-0300 [stdout#info] sensor_9 |19.02 Kwh
2020-05-21T23:01:27-0300 [stdout#info] sensor_3 |10.66 Kwh|5.8 Kwh|10.05 Kwh
2020-05-21T23:01:27-0300 [stdout#info] sensor_6 |13.93 Kwh|9.7 Kwh
2020-05-21T23:01:27-0300 [stdout#info] sensor_5 |13.93 Kwh|5.84 Kwh
2020-05-21T23:01:27-0300 [stdout#info] sensor_8 |9.12 Kwh|20.1 Kwh
2020-05-21T23:01:27-0300 [stdout#info] sensor_2 |13.47 Kwh
2020-05-21T23:01:27-0300 [stdout#info] sensor_1 |16.7 Kwh|10.66 Kwh
2020-05-21T23:01:27-0300 [stdout#info] sensor_4 |10.66 Kwh|8.21 Kwh
2020-05-21T23:01:27-0300 [stdout#info] sensor_7 |20.1 Kwh|21.52 Kwh
2020-05-21T23:01:30-0300 [stdout#info] sensor_9 |9.8 Kwh
2020-05-21T23:01:30-0300 [stdout#info] sensor_3 |16.7 Kwh|8.21 Kwh|13.33 Kwh
2020-05-21T23:01:30-0300 [stdout#info] sensor_6 |5.84 Kwh|8.23 Kwh
2020-05-21T23:01:30-0300 [stdout#info] sensor_5 |14.53 Kwh|8.23 Kwh
2020-05-21T23:01:30-0300 [-] 127.0.0.1:44810 - sending MQTT PUBLISH REQUEST - Number of events: 37
2020-05-21T23:01:30-0300 [twisted.internet.endpoints.OneShotFactory#info] Starting factory <twisted.internet.endpoints.connectProtocol.<locals>.OneShotFactory object at 0x7f76a3d9c828>
2020-05-21T23:01:30-0300 [twisted.internet.endpoints.OneShotFactory#info] Stopping factory <twisted.internet.endpoints.connectProtocol.<locals>.OneShotFactory object at 0x7f76a3d9c2b0>
2020-05-21T23:01:30-0300 [stdout#info] This divice have no simulation core instance
2020-05-21T23:01:30-0300 [twisted.internet.endpoints.OneShotFactory#info] Starting factory <twisted.internet.endpoints.connectProtocol.<locals>.OneShotFactory object at 0x7f76a3d9cd30>
2020-05-21T23:01:30-0300 [stdout#info] sensor_8 |11.21 Kwh|21.52 Kwh
2020-05-21T23:01:30-0300 [stdout#info] sensor_2 |10.7 Kwh
2020-05-21T23:01:30-0300 [stdout#info] sensor_1 |13.33 Kwh|15.39 Kwh
2020-05-21T23:01:30-0300 [stdout#info] sensor_4 |13.33 Kwh|19.33 Kwh
2020-05-21T23:01:30-0300 [stdout#info] sensor_7 |11.21 Kwh|13.23 Kwh
2020-05-21T23:01:33-0300 [stdout#info] sensor_9 |6.14 Kwh
2020-05-21T23:01:33-0300 [stdout#info] sensor_3 |21.05 Kwh|15.39 Kwh|19.33 Kwh
2020-05-21T23:01:33-0300 [stdout#info] sensor_6 |14.53 Kwh|16.69 Kwh
2020-05-21T23:01:33-0300 [stdout#info] sensor_5 |21.35 Kwh|16.69 Kwh
2020-05-21T23:01:33-0300 [stdout#info] sensor_8 |13.23 Kwh|4.5 Kwh
2020-05-21T23:01:33-0300 [stdout#info] sensor_2 |14.8 Kwh
2020-05-21T23:01:33-0300 [stdout#info] sensor_1 |21.05 Kwh|7.61 Kwh
2020-05-21T23:01:33-0300 [stdout#info] sensor_4 |21.05 Kwh|6.52 Kwh
2020-05-21T23:01:33-0300 [stdout#info] sensor_7 |17.9 Kwh|4.5 Kwh
2020-05-21T23:01:35-0300 [-] 127.0.0.1:44810 - sending MQTT PUBLISH REQUEST - Number of events: 38
2020-05-21T23:01:35-0300 [twisted.internet.endpoints.OneShotFactory#info] Starting factory <twisted.internet.endpoints.connectProtocol.<locals>.OneShotFactory object at 0x7f76a3e01390>
2020-05-21T23:01:35-0300 [twisted.internet.endpoints.OneShotFactory#info] Stopping factory <twisted.internet.endpoints.connectProtocol.<locals>.OneShotFactory object at 0x7f76a3d9c828>
2020-05-21T23:01:35-0300 [stdout#info] This divice have no simulation core instance
2020-05-21T23:01:35-0300 [twisted.internet.endpoints.OneShotFactory#info] Starting factory <twisted.internet.endpoints.connectProtocol.<locals>.OneShotFactory object at 0x7f76a3da5278>
2020-05-21T23:01:36-0300 [stdout#info] sensor_9 |20.78 Kwh
2020-05-21T23:01:36-0300 [stdout#info] sensor_3 |7.61 Kwh|6.52 Kwh|17.76 Kwh
2020-05-21T23:01:36-0300 [stdout#info] sensor_6 |21.35 Kwh|16.59 Kwh
2020-05-21T23:01:36-0300 [stdout#info] sensor_5 |8.28 Kwh|16.59 Kwh
2020-05-21T23:01:36-0300 [stdout#info] sensor_8 |12.26 Kwh|17.9 Kwh
2020-05-21T23:01:36-0300 [stdout#info] sensor_2 |11.46 Kwh
2020-05-21T23:01:36-0300 [stdout#info] sensor_1 |6.2 Kwh|17.76 Kwh
2020-05-21T23:01:36-0300 [stdout#info] sensor_4 |18.8 Kwh|17.76 Kwh
2020-05-21T23:01:36-0300 [stdout#info] sensor_7 |12.26 Kwh|10.43 Kwh
2020-05-21T23:01:39-0300 [stdout#info] sensor_9 |10.43 Kwh
2020-05-21T23:01:39-0300 [stdout#info] sensor_3 |6.2 Kwh|18.8 Kwh|7.79 Kwh
2020-05-21T23:01:39-0300 [stdout#info] sensor_6 |8.28 Kwh|17.05 Kwh
2020-05-21T23:01:39-0300 [stdout#info] sensor_5 |18.43 Kwh|17.05 Kwh
2020-05-21T23:01:39-0300 [stdout#info] sensor_8 |6.43 Kwh|10.43 Kwh
2020-05-21T23:01:39-0300 [stdout#info] sensor_2 |3.24 Kwh
2020-05-21T23:01:39-0300 [stdout#info] sensor_1 |17.05 Kwh|7.79 Kwh
2020-05-21T23:01:39-0300 [stdout#info] sensor_4 |4.68 Kwh|7.79 Kwh
2020-05-21T23:01:39-0300 [stdout#info] sensor_7 |4.54 Kwh|6.43 Kwh
2020-05-21T23:01:40-0300 [-] 127.0.0.1:44810 - sending MQTT PUBLISH REQUEST - Number of events: 39
2020-05-21T23:01:40-0300 [twisted.internet.endpoints.OneShotFactory#info] Starting factory <twisted.internet.endpoints.connectProtocol.<locals>.OneShotFactory object at 0x7f76a3da5470>
2020-05-21T23:01:40-0300 [twisted.internet.endpoints.OneShotFactory#info] Stopping factory <twisted.internet.endpoints.connectProtocol.<locals>.OneShotFactory object at 0x7f76a3e01390>
2020-05-21T23:01:40-0300 [stdout#info] This divice have no simulation core instance
2020-05-21T23:01:40-0300 [twisted.internet.endpoints.OneShotFactory#info] Starting factory <twisted.internet.endpoints.connectProtocol.<locals>.OneShotFactory object at 0x7f76a3da5780>
2020-05-21T23:01:42-0300 [stdout#info] sensor_9 |12.06 Kwh
2020-05-21T23:01:42-0300 [stdout#info] sensor_3 |4.68 Kwh|5.14 Kwh|17.05 Kwh
2020-05-21T23:01:42-0300 [stdout#info] sensor_6 |18.43 Kwh|13.37 Kwh
2020-05-21T23:01:42-0300 [stdout#info] sensor_5 |22.1 Kwh|13.37 Kwh
2020-05-21T23:01:42-0300 [stdout#info] sensor_8 |4.54 Kwh|15.79 Kwh
2020-05-21T23:01:42-0300 [stdout#info] sensor_2 |10.89 Kwh
2020-05-21T23:01:42-0300 [stdout#info] sensor_1 |5.14 Kwh|7.83 Kwh
2020-05-21T23:01:42-0300 [stdout#info] sensor_4 |5.14 Kwh|6.78 Kwh
2020-05-21T23:01:42-0300 [stdout#info] sensor_7 |14.08 Kwh|15.79 Kwh
2020-05-21T23:01:45-0300 [stdout#info] sensor_9 |21.35 Kwh
2020-05-21T23:01:45-0300 [stdout#info] sensor_3 |6.78 Kwh|4.52 Kwh|7.83 Kwh
2020-05-21T23:01:45-0300 [stdout#info] sensor_6 |22.1 Kwh|13.93 Kwh
2020-05-21T23:01:45-0300 [-] 127.0.0.1:44810 - sending MQTT PUBLISH REQUEST - Number of events: 40
2020-05-21T23:01:45-0300 [twisted.internet.endpoints.OneShotFactory#info] Starting factory <twisted.internet.endpoints.connectProtocol.<locals>.OneShotFactory object at 0x7f76a3da5748>
2020-05-21T23:01:45-0300 [twisted.internet.endpoints.OneShotFactory#info] Stopping factory <twisted.internet.endpoints.connectProtocol.<locals>.OneShotFactory object at 0x7f76a3da5470>
2020-05-21T23:01:45-0300 [stdout#info] This divice have no simulation core instance
2020-05-21T23:01:45-0300 [stdout#info] sensor_5 |13.93 Kwh|9.34 Kwh
2020-05-21T23:01:45-0300 [twisted.internet.endpoints.OneShotFactory#info] Starting factory <twisted.internet.endpoints.connectProtocol.<locals>.OneShotFactory object at 0x7f76a3da5cc0>
2020-05-21T23:01:45-0300 [stdout#info] sensor_8 |9.13 Kwh|14.08 Kwh
2020-05-21T23:01:45-0300 [stdout#info] sensor_2 |4.82 Kwh
2020-05-21T23:01:45-0300 [stdout#info] sensor_1 |16.97 Kwh|4.52 Kwh
2020-05-21T23:01:45-0300 [stdout#info] sensor_4 |14.65 Kwh|4.52 Kwh
2020-05-21T23:01:45-0300 [stdout#info] sensor_7 |9.13 Kwh|10.89 Kwh
2020-05-21T23:01:48-0300 [stdout#info] sensor_9 |13.01 Kwh
2020-05-21T23:01:48-0300 [stdout#info] sensor_3 |14.65 Kwh|16.97 Kwh|3.45 Kwh
2020-05-21T23:01:48-0300 [stdout#info] sensor_6 |9.34 Kwh|7.83 Kwh
2020-05-21T23:01:48-0300 [stdout#info] sensor_5 |22.5 Kwh|7.83 Kwh
2020-05-21T23:01:48-0300 [stdout#info] sensor_8 |10.89 Kwh|21.14 Kwh
2020-05-21T23:01:48-0300 [stdout#info] sensor_2 |18.29 Kwh
2020-05-21T23:01:48-0300 [stdout#info] sensor_1 |10.51 Kwh|3.45 Kwh
2020-05-21T23:01:48-0300 [stdout#info] sensor_4 |3.45 Kwh|20.94 Kwh
2020-05-21T23:01:48-0300 [stdout#info] sensor_7 |15.39 Kwh|21.14 Kwh
2020-05-21T23:01:50-0300 [-] 127.0.0.1:44810 - sending MQTT PUBLISH REQUEST - Number of events: 41
2020-05-21T23:01:50-0300 [twisted.internet.endpoints.OneShotFactory#info] Starting factory <twisted.internet.endpoints.connectProtocol.<locals>.OneShotFactory object at 0x7f76a3da5908>
2020-05-21T23:01:50-0300 [twisted.internet.endpoints.OneShotFactory#info] Stopping factory <twisted.internet.endpoints.connectProtocol.<locals>.OneShotFactory object at 0x7f76a3da5748>
2020-05-21T23:01:50-0300 [stdout#info] This divice have no simulation core instance
2020-05-21T23:01:50-0300 [twisted.internet.endpoints.OneShotFactory#info] Starting factory <twisted.internet.endpoints.connectProtocol.<locals>.OneShotFactory object at 0x7f76a3dac198>
2020-05-21T23:01:51-0300 [stdout#info] sensor_9 |16.34 Kwh
2020-05-21T23:01:51-0300 [stdout#info] sensor_3 |10.51 Kwh|18.08 Kwh|20.94 Kwh
2020-05-21T23:01:51-0300 [stdout#info] sensor_6 |21.37 Kwh|22.5 Kwh
2020-05-21T23:01:51-0300 [stdout#info] sensor_5 |21.37 Kwh|16.32 Kwh
2020-05-21T23:01:51-0300 [stdout#info] sensor_8 |15.39 Kwh|22.03 Kwh
2020-05-21T23:01:51-0300 [stdout#info] sensor_2 |3.45 Kwh
2020-05-21T23:01:51-0300 [stdout#info] sensor_1 |17.81 Kwh|18.08 Kwh
2020-05-21T23:01:51-0300 [stdout#info] sensor_4 |14.8 Kwh|18.08 Kwh
2020-05-21T23:01:51-0300 [stdout#info] sensor_7 |13.26 Kwh|22.03 Kwh
2020-05-21T23:01:51-0300 [-] Received SIGINT, shutting down.
2020-05-21T23:01:51-0300 [twisted.internet.endpoints.OneShotFactory#info] Stopping factory <twisted.internet.endpoints.connectProtocol.<locals>.OneShotFactory object at 0x7f76a3da5780>
2020-05-21T23:01:51-0300 [twisted.internet.endpoints.OneShotFactory#info] Stopping factory <twisted.internet.endpoints.connectProtocol.<locals>.OneShotFactory object at 0x7f76a2743f98>
2020-05-21T23:01:51-0300 [twisted.internet.endpoints.OneShotFactory#info] Stopping factory <twisted.internet.endpoints.connectProtocol.<locals>.OneShotFactory object at 0x7f76a2739828>
2020-05-21T23:01:51-0300 [SubscriberApp,client] connection lost: Connection to the other side was lost in a non-clean fashion: Connection lost.
2020-05-21T23:01:51-0300 [SubscriberApp,client] connection lost - Number of events: 42
2020-05-21T23:01:51-0300 [twisted.internet.endpoints.OneShotFactory#info] Stopping factory <twisted.internet.endpoints.connectProtocol.<locals>.OneShotFactory object at 0x7f76a3d9c898>
2020-05-21T23:01:51-0300 [PublisherApp,client] connection lost: Connection to the other side was lost in a non-clean fashion: Connection lost.
2020-05-21T23:01:51-0300 [PublisherApp,client] connection lost - Number of events: 43
2020-05-21T23:01:51-0300 [twisted.internet.endpoints.OneShotFactory#info] Stopping factory <twisted.internet.endpoints.connectProtocol.<locals>.OneShotFactory object at 0x7f76a3d8f908>
2020-05-21T23:01:51-0300 [twisted.internet.endpoints.OneShotFactory#info] Stopping factory <twisted.internet.endpoints.connectProtocol.<locals>.OneShotFactory object at 0x7f76a2723908>
2020-05-21T23:01:51-0300 [twisted.internet.endpoints.OneShotFactory#info] Stopping factory <twisted.internet.endpoints.connectProtocol.<locals>.OneShotFactory object at 0x7f76a2723588>
2020-05-21T23:01:51-0300 [twisted.internet.endpoints.OneShotFactory#info] Stopping factory <twisted.internet.endpoints.connectProtocol.<locals>.OneShotFactory object at 0x7f76a2743198>
2020-05-21T23:01:51-0300 [twisted.internet.endpoints.OneShotFactory#info] Stopping factory <twisted.internet.endpoints.connectProtocol.<locals>.OneShotFactory object at 0x7f76a3dac198>
2020-05-21T23:01:51-0300 [applications.accesspointapp.AccessPointFactory] (TCP Port 8082 Closed)
2020-05-21T23:01:51-0300 [twisted.internet.endpoints.OneShotFactory#info] Stopping factory <twisted.internet.endpoints.connectProtocol.<locals>.OneShotFactory object at 0x7f76a3e019e8>
2020-05-21T23:01:51-0300 [twisted.internet.endpoints.OneShotFactory#info] Stopping factory <twisted.internet.endpoints.connectProtocol.<locals>.OneShotFactory object at 0x7f76a3da5278>
2020-05-21T23:01:51-0300 [applications.routerapp.RouterFactory] (TCP Port 8081 Closed)
2020-05-21T23:01:51-0300 [twisted.internet.endpoints.OneShotFactory#info] Stopping factory <twisted.internet.endpoints.connectProtocol.<locals>.OneShotFactory object at 0x7f76a3d9c320>
2020-05-21T23:01:51-0300 [twisted.internet.endpoints.OneShotFactory#info] Stopping factory <twisted.internet.endpoints.connectProtocol.<locals>.OneShotFactory object at 0x7f76a2743b70>
2020-05-21T23:01:51-0300 [applications.mqttapp.BrokerFactory] (TCP Port 5100 Closed)
2020-05-21T23:01:51-0300 [SubscriberApp,client] connection lost: Connection to the other side was lost in a non-clean fashion: Connection lost.
2020-05-21T23:01:51-0300 [SubscriberApp,client] connection lost - Number of events: 44
2020-05-21T23:01:51-0300 [twisted.internet.endpoints.OneShotFactory#info] Stopping factory <twisted.internet.endpoints.connectProtocol.<locals>.OneShotFactory object at 0x7f76a3d8f400>
2020-05-21T23:01:51-0300 [twisted.internet.endpoints.OneShotFactory#info] Stopping factory <twisted.internet.endpoints.connectProtocol.<locals>.OneShotFactory object at 0x7f76a2739c50>
2020-05-21T23:01:51-0300 [twisted.internet.endpoints.OneShotFactory#info] Stopping factory <twisted.internet.endpoints.connectProtocol.<locals>.OneShotFactory object at 0x7f76a3da5cc0>
2020-05-21T23:01:51-0300 [twisted.internet.endpoints.OneShotFactory#info] Stopping factory <twisted.internet.endpoints.connectProtocol.<locals>.OneShotFactory object at 0x7f76a3e01518>
2020-05-21T23:01:51-0300 [twisted.internet.endpoints.OneShotFactory#info] Stopping factory <twisted.internet.endpoints.connectProtocol.<locals>.OneShotFactory object at 0x7f76a3d9cd30>
2020-05-21T23:01:51-0300 [twisted.internet.endpoints.OneShotFactory#info] Stopping factory <twisted.internet.endpoints.connectProtocol.<locals>.OneShotFactory object at 0x7f76a3da5908>
2020-05-21T23:01:51-0300 [twisted.internet.endpoints.OneShotFactory#info] Stopping factory <twisted.internet.endpoints.connectProtocol.<locals>.OneShotFactory object at 0x7f76a3d8fdd8>
2020-05-21T23:01:51-0300 [twisted.internet.endpoints.OneShotFactory#info] Stopping factory <twisted.internet.endpoints.connectProtocol.<locals>.OneShotFactory object at 0x7f76a3e01eb8>
2020-05-21T23:01:51-0300 [twisted.internet.endpoints.OneShotFactory#info] Stopping factory <twisted.internet.endpoints.connectProtocol.<locals>.OneShotFactory object at 0x7f76a2743710>
2020-05-21T23:01:51-0300 [-] Main loop terminated.
