2020-05-24T22:18:14-0300 [-] Creating router ...
2020-05-24T22:18:14-0300 [-] Initializing Router - Number of events: 1
2020-05-24T22:18:14-0300 [-] RouterFactory starting on 8081
2020-05-24T22:18:14-0300 [-] Creating AccessPoint station ...
2020-05-24T22:18:14-0300 [-] Initializing Access Point - Number of events: 2
2020-05-24T22:18:15-0300 [-] AccessPointFactory starting on 8082
2020-05-24T22:18:15-0300 [-] Creating fog node ...
2020-05-24T22:18:15-0300 [-] Initializing Client - Number of events: 3
2020-05-24T22:18:15-0300 [-] Creating fog node ...
2020-05-24T22:18:15-0300 [-] Initializing Client - Number of events: 4
2020-05-24T22:18:16-0300 [-] Creating fog node ...
2020-05-24T22:18:16-0300 [-] Initializing Server - Number of events: 5
2020-05-24T22:18:16-0300 [-] BrokerFactory starting on 5100
2020-05-24T22:18:16-0300 [-] Creating iot node ...
2020-05-24T22:18:16-0300 [-] Initializing Client - Number of events: 6
2020-05-24T22:18:17-0300 [-] Initializing sink node - Number of events: 7
2020-05-24T22:18:17-0300 [-] Initializing sensor node - Number of events: 8
2020-05-24T22:18:18-0300 [-] Initializing sensor node - Number of events: 9
2020-05-24T22:18:18-0300 [-] Initializing sensor node - Number of events: 10
2020-05-24T22:18:19-0300 [-] Initializing sensor node - Number of events: 11
2020-05-24T22:18:19-0300 [-] Initializing sensor node - Number of events: 12
2020-05-24T22:18:20-0300 [-] Initializing sensor node - Number of events: 13
2020-05-24T22:18:20-0300 [-] Initializing sensor node - Number of events: 14
2020-05-24T22:18:21-0300 [-] Initializing sensor node - Number of events: 15
2020-05-24T22:18:21-0300 [-] Initializing sensor node - Number of events: 16
2020-05-24T22:18:22-0300 [stdout#info] ========= sensor_4 ==========
2020-05-24T22:18:22-0300 [stdout#info] sensor_4  <------->  sensor_3
2020-05-24T22:18:22-0300 [stdout#info] =============================
2020-05-24T22:18:22-0300 [stdout#info] sensor_4 |20.48 Kwh
2020-05-24T22:18:22-0300 [stdout#info] ========= sensor_9 ==========
2020-05-24T22:18:22-0300 [stdout#info] =============================
2020-05-24T22:18:22-0300 [stdout#info] sensor_9 |13.43 Kwh
2020-05-24T22:18:22-0300 [stdout#info] ========= sensor_7 ==========
2020-05-24T22:18:22-0300 [stdout#info] sensor_7  <------->  sensor_8
2020-05-24T22:18:22-0300 [stdout#info] =============================
2020-05-24T22:18:22-0300 [stdout#info] sensor_7 |21.63 Kwh
2020-05-24T22:18:22-0300 [stdout#info] ========= sensor_6 ==========
2020-05-24T22:18:22-0300 [stdout#info] sensor_6  <------->  sensor_5
2020-05-24T22:18:22-0300 [stdout#info] =============================
2020-05-24T22:18:22-0300 [stdout#info] sensor_6 |4.44 Kwh
2020-05-24T22:18:22-0300 [stdout#info] ========= sensor_3 ==========
2020-05-24T22:18:22-0300 [stdout#info] sensor_3  <------->  sensor_4
2020-05-24T22:18:22-0300 [stdout#info] sensor_3  <------->  sensor_1
2020-05-24T22:18:22-0300 [stdout#info] =============================
2020-05-24T22:18:22-0300 [stdout#info] sensor_3 |19.35 Kwh|20.48 Kwh
2020-05-24T22:18:22-0300 [stdout#info] ========= sensor_1 ==========
2020-05-24T22:18:22-0300 [stdout#info] sensor_1  <------->  wsn_sink
2020-05-24T22:18:22-0300 [stdout#info] sensor_1  <------->  sensor_3
2020-05-24T22:18:22-0300 [stdout#info] =============================
2020-05-24T22:18:22-0300 [stdout#info] sensor_1 |19.35 Kwh|12.91 Kwh
2020-05-24T22:18:22-0300 [stdout#info] ========= sensor_2 ==========
2020-05-24T22:18:22-0300 [stdout#info] =============================
2020-05-24T22:18:22-0300 [stdout#info] sensor_2 |11.06 Kwh
2020-05-24T22:18:22-0300 [stdout#info] ========= sensor_5 ==========
2020-05-24T22:18:22-0300 [stdout#info] sensor_5  <------->  sensor_6
2020-05-24T22:18:22-0300 [stdout#info] =============================
2020-05-24T22:18:22-0300 [stdout#info] sensor_5 |22.27 Kwh|4.44 Kwh
2020-05-24T22:18:22-0300 [stdout#info] ========= sensor_8 ==========
2020-05-24T22:18:22-0300 [stdout#info] sensor_8  <------->  sensor_7
2020-05-24T22:18:22-0300 [stdout#info] =============================
2020-05-24T22:18:22-0300 [stdout#info] sensor_8 |21.63 Kwh|11.11 Kwh
2020-05-24T22:18:22-0300 [stdout#info] This divice have no simulation core instance
2020-05-24T22:18:22-0300 [stdout#info] This divice have no simulation core instance
2020-05-24T22:18:22-0300 [stdout#info] This divice have no simulation core instance
2020-05-24T22:18:22-0300 [stdout#info] This divice have no simulation core instance
2020-05-24T22:18:22-0300 [stdout#info] This divice have no simulation core instance
2020-05-24T22:18:22-0300 [Uninitialized] 127.0.0.1:38462 - Connected to mqtt broker - Number of events: 17
2020-05-24T22:18:22-0300 [Uninitialized] 127.0.0.1:38462 - sending MQTT SUBSCRIBE REQUEST - Number of events: 18
2020-05-24T22:18:22-0300 [Uninitialized] 127.0.0.1:38464 - Connected to mqtt broker - Number of events: 19
2020-05-24T22:18:22-0300 [Uninitialized] 127.0.0.1:38464 - sending MQTT SUBSCRIBE REQUEST - Number of events: 20
2020-05-24T22:18:22-0300 [Uninitialized] 127.0.0.1:33210 - Connected to mqtt broker - Number of events: 21
2020-05-24T22:18:22-0300 [Uninitialized] 127.0.0.1:33210 - sending MQTT PUBLISH REQUEST - Number of events: 22
2020-05-24T22:18:22-0300 [twisted.internet.endpoints.OneShotFactory#info] Starting factory <twisted.internet.endpoints.connectProtocol.<locals>.OneShotFactory object at 0x7f55fd7a16d8>
2020-05-24T22:18:22-0300 [twisted.internet.endpoints.OneShotFactory#info] Starting factory <twisted.internet.endpoints.connectProtocol.<locals>.OneShotFactory object at 0x7f55fd7a1a58>
2020-05-24T22:18:22-0300 [twisted.internet.endpoints.OneShotFactory#info] Starting factory <twisted.internet.endpoints.connectProtocol.<locals>.OneShotFactory object at 0x7f55fb865400>
2020-05-24T22:18:22-0300 [stdout#info] This divice have no simulation core instance
2020-05-24T22:18:22-0300 [twisted.internet.endpoints.OneShotFactory#info] Starting factory <twisted.internet.endpoints.connectProtocol.<locals>.OneShotFactory object at 0x7f55fb865be0>
2020-05-24T22:18:25-0300 [stdout#info] sensor_4 |19.35 Kwh|11.23 Kwh
2020-05-24T22:18:25-0300 [stdout#info] sensor_9 |8.59 Kwh
2020-05-24T22:18:25-0300 [stdout#info] sensor_7 |2.78 Kwh|11.11 Kwh
2020-05-24T22:18:25-0300 [stdout#info] sensor_6 |22.27 Kwh|12.95 Kwh
2020-05-24T22:18:25-0300 [stdout#info] sensor_3 |12.69 Kwh|12.91 Kwh|11.23 Kwh
2020-05-24T22:18:25-0300 [stdout#info] sensor_1 |12.69 Kwh|8.49 Kwh
2020-05-24T22:18:25-0300 [stdout#info] sensor_2 |10.78 Kwh
2020-05-24T22:18:25-0300 [stdout#info] sensor_5 |12.95 Kwh|11.67 Kwh
2020-05-24T22:18:25-0300 [stdout#info] sensor_8 |19.05 Kwh|2.78 Kwh
2020-05-24T22:18:27-0300 [-] 127.0.0.1:33210 - sending MQTT PUBLISH REQUEST - Number of events: 23
2020-05-24T22:18:27-0300 [twisted.internet.endpoints.OneShotFactory#info] Starting factory <twisted.internet.endpoints.connectProtocol.<locals>.OneShotFactory object at 0x7f55fb865908>
2020-05-24T22:18:27-0300 [twisted.internet.endpoints.OneShotFactory#info] Stopping factory <twisted.internet.endpoints.connectProtocol.<locals>.OneShotFactory object at 0x7f55fb865400>
2020-05-24T22:18:27-0300 [stdout#info] This divice have no simulation core instance
2020-05-24T22:18:27-0300 [twisted.internet.endpoints.OneShotFactory#info] Starting factory <twisted.internet.endpoints.connectProtocol.<locals>.OneShotFactory object at 0x7f55fcf2b358>
2020-05-24T22:18:27-0300 [twisted.internet.endpoints.OneShotFactory#info] Stopping factory <twisted.internet.endpoints.connectProtocol.<locals>.OneShotFactory object at 0x7f55fb865be0>
2020-05-24T22:18:28-0300 [stdout#info] sensor_4 |12.69 Kwh|7.14 Kwh
2020-05-24T22:18:28-0300 [stdout#info] sensor_9 |21.64 Kwh
2020-05-24T22:18:28-0300 [stdout#info] sensor_7 |19.05 Kwh|11.65 Kwh
2020-05-24T22:18:28-0300 [stdout#info] sensor_6 |11.67 Kwh|13.45 Kwh
2020-05-24T22:18:28-0300 [stdout#info] sensor_3 |8.49 Kwh|7.14 Kwh|11.47 Kwh
2020-05-24T22:18:28-0300 [stdout#info] sensor_1 |16.44 Kwh|11.47 Kwh
2020-05-24T22:18:28-0300 [stdout#info] sensor_2 |18.93 Kwh
2020-05-24T22:18:28-0300 [stdout#info] sensor_5 |13.45 Kwh|9.93 Kwh
2020-05-24T22:18:28-0300 [stdout#info] sensor_8 |11.65 Kwh|6.14 Kwh
2020-05-24T22:18:31-0300 [stdout#info] sensor_4 |19.58 Kwh|11.47 Kwh
2020-05-24T22:18:31-0300 [stdout#info] sensor_9 |3.09 Kwh
2020-05-24T22:18:31-0300 [stdout#info] sensor_7 |6.14 Kwh|21.14 Kwh
2020-05-24T22:18:31-0300 [stdout#info] sensor_6 |4.65 Kwh|9.93 Kwh
2020-05-24T22:18:31-0300 [stdout#info] sensor_3 |19.58 Kwh|10.2 Kwh|16.44 Kwh
2020-05-24T22:18:31-0300 [stdout#info] sensor_1 |2.64 Kwh|10.2 Kwh
2020-05-24T22:18:31-0300 [stdout#info] sensor_2 |4.4 Kwh
2020-05-24T22:18:31-0300 [stdout#info] sensor_5 |4.65 Kwh|8.57 Kwh
2020-05-24T22:18:31-0300 [stdout#info] sensor_8 |10.1 Kwh|21.14 Kwh
2020-05-24T22:18:32-0300 [-] 127.0.0.1:33210 - sending MQTT PUBLISH REQUEST - Number of events: 24
2020-05-24T22:18:32-0300 [twisted.internet.endpoints.OneShotFactory#info] Starting factory <twisted.internet.endpoints.connectProtocol.<locals>.OneShotFactory object at 0x7f55fcf2b080>
2020-05-24T22:18:32-0300 [twisted.internet.endpoints.OneShotFactory#info] Stopping factory <twisted.internet.endpoints.connectProtocol.<locals>.OneShotFactory object at 0x7f55fb865908>
2020-05-24T22:18:32-0300 [stdout#info] This divice have no simulation core instance
2020-05-24T22:18:32-0300 [twisted.internet.endpoints.OneShotFactory#info] Starting factory <twisted.internet.endpoints.connectProtocol.<locals>.OneShotFactory object at 0x7f55fcf2b8d0>
2020-05-24T22:18:32-0300 [-] Received SIGINT, shutting down.
2020-05-24T22:18:32-0300 [twisted.internet.endpoints.OneShotFactory#info] Stopping factory <twisted.internet.endpoints.connectProtocol.<locals>.OneShotFactory object at 0x7f55fcf2b358>
2020-05-24T22:18:32-0300 [twisted.internet.endpoints.OneShotFactory#info] Stopping factory <twisted.internet.endpoints.connectProtocol.<locals>.OneShotFactory object at 0x7f55fd7a1a58>
2020-05-24T22:18:32-0300 [applications.mqttapp.BrokerFactory] (TCP Port 5100 Closed)
2020-05-24T22:18:32-0300 [twisted.internet.endpoints.OneShotFactory#info] Stopping factory <twisted.internet.endpoints.connectProtocol.<locals>.OneShotFactory object at 0x7f55fcf2b080>
2020-05-24T22:18:32-0300 [twisted.internet.endpoints.OneShotFactory#info] Stopping factory <twisted.internet.endpoints.connectProtocol.<locals>.OneShotFactory object at 0x7f55fcf2b8d0>
2020-05-24T22:18:32-0300 [SubscriberApp,client] connection lost: Connection to the other side was lost in a non-clean fashion: Connection lost.
2020-05-24T22:18:32-0300 [SubscriberApp,client] connection lost - Number of events: 25
2020-05-24T22:18:32-0300 [twisted.internet.endpoints.OneShotFactory#info] Stopping factory <twisted.internet.endpoints.connectProtocol.<locals>.OneShotFactory object at 0x7f55fd7a16d8>
2020-05-24T22:18:32-0300 [SubscriberApp,client] connection lost: Connection to the other side was lost in a non-clean fashion: Connection lost.
2020-05-24T22:18:32-0300 [SubscriberApp,client] connection lost - Number of events: 26
2020-05-24T22:18:32-0300 [applications.routerapp.RouterFactory] (TCP Port 8081 Closed)
2020-05-24T22:18:32-0300 [applications.accesspointapp.AccessPointFactory] (TCP Port 8082 Closed)
2020-05-24T22:18:32-0300 [PublisherApp,client] connection lost: Connection to the other side was lost in a non-clean fashion: Connection lost.
2020-05-24T22:18:32-0300 [PublisherApp,client] connection lost - Number of events: 27
2020-05-24T22:18:32-0300 [-] Main loop terminated.
