2020-05-18T21:40:12-0300 [-] Creating router ...
2020-05-18T21:40:12-0300 [-] Initializing Router - Number of events: 1
2020-05-18T21:40:13-0300 [-] RouterFactory starting on 8081
2020-05-18T21:40:13-0300 [-] Creating AccessPoint station ...
2020-05-18T21:40:13-0300 [-] Initializing Access Point - Number of events: 2
2020-05-18T21:40:13-0300 [-] AccessPointFactory starting on 8082
2020-05-18T21:40:13-0300 [-] Creating fog node ...
2020-05-18T21:40:13-0300 [-] Initializing Client - Number of events: 3
2020-05-18T21:40:14-0300 [-] Creating fog node ...
2020-05-18T21:40:14-0300 [-] Initializing Client - Number of events: 4
2020-05-18T21:40:14-0300 [-] Creating fog node ...
2020-05-18T21:40:14-0300 [-] Initializing Server - Number of events: 5
2020-05-18T21:40:15-0300 [-] BrokerFactory starting on 5100
2020-05-18T21:40:15-0300 [-] Creating iot node ...
2020-05-18T21:40:15-0300 [-] Initializing Client - Number of events: 6
2020-05-18T21:40:15-0300 [-] Initializing sensor node - Number of events: 7
2020-05-18T21:40:16-0300 [-] Initializing sensor node - Number of events: 8
2020-05-18T21:40:16-0300 [-] Initializing sensor node - Number of events: 9
2020-05-18T21:40:17-0300 [-] Initializing sensor node - Number of events: 10
2020-05-18T21:40:17-0300 [-] Initializing sensor node - Number of events: 11
2020-05-18T21:40:18-0300 [-] Initializing sensor node - Number of events: 12
2020-05-18T21:40:18-0300 [-] Initializing sensor node - Number of events: 13
2020-05-18T21:40:19-0300 [-] Initializing sensor node - Number of events: 14
2020-05-18T21:40:19-0300 [-] Initializing sensor node - Number of events: 15
2020-05-18T21:40:20-0300 [-] Initializing sensor node - Number of events: 16
2020-05-18T21:40:20-0300 [stdout#info] =========================================
2020-05-18T21:40:20-0300 [stdout#info] sensor_9  <------->  sensor_7
2020-05-18T21:40:20-0300 [stdout#info] sensor_9  <------->  sensor_6
2020-05-18T21:40:20-0300 [stdout#info] =========================================
2020-05-18T21:40:20-0300 [stdout#info] sensor_3  <------->  sensor_6
2020-05-18T21:40:20-0300 [stdout#info] sensor_3  <------->  sensor_5
2020-05-18T21:40:20-0300 [stdout#info] =========================================
2020-05-18T21:40:20-0300 [stdout#info] sensor_6  <------->  sensor_9
2020-05-18T21:40:20-0300 [stdout#info] sensor_6  <------->  sensor_3
2020-05-18T21:40:20-0300 [stdout#info] sensor_6  <------->  sensor_5
2020-05-18T21:40:20-0300 [stdout#info] =========================================
2020-05-18T21:40:20-0300 [stdout#info] sensor_5  <------->  sensor_3
2020-05-18T21:40:20-0300 [stdout#info] sensor_5  <------->  sensor_6
2020-05-18T21:40:20-0300 [stdout#info] sensor_5  <------->  sensor_8
2020-05-18T21:40:20-0300 [stdout#info] sensor_5  <------->  sensor_7
2020-05-18T21:40:20-0300 [stdout#info] =========================================
2020-05-18T21:40:20-0300 [stdout#info] sensor_8  <------->  sensor_10
2020-05-18T21:40:20-0300 [stdout#info] sensor_8  <------->  sensor_5
2020-05-18T21:40:20-0300 [stdout#info] =========================================
2020-05-18T21:40:20-0300 [stdout#info] sensor_2  <------->  sensor_4
2020-05-18T21:40:20-0300 [stdout#info] sensor_2  <------->  wsn_sink
2020-05-18T21:40:20-0300 [stdout#info] =========================================
2020-05-18T21:40:20-0300 [stdout#info] sensor_10  <------->  sensor_8
2020-05-18T21:40:20-0300 [stdout#info] sensor_10  <------->  sensor_7
2020-05-18T21:40:20-0300 [stdout#info] =========================================
2020-05-18T21:40:20-0300 [stdout#info] sensor_4  <------->  sensor_2
2020-05-18T21:40:20-0300 [stdout#info] =========================================
2020-05-18T21:40:20-0300 [stdout#info] sensor_7  <------->  sensor_10
2020-05-18T21:40:20-0300 [stdout#info] sensor_7  <------->  sensor_9
2020-05-18T21:40:20-0300 [stdout#info] sensor_7  <------->  sensor_5
2020-05-18T21:40:20-0300 [stdout#info] This divice have no simulation core instance
2020-05-18T21:40:20-0300 [stdout#info] This divice have no simulation core instance
2020-05-18T21:40:20-0300 [stdout#info] This divice have no simulation core instance
2020-05-18T21:40:20-0300 [stdout#info] This divice have no simulation core instance
2020-05-18T21:40:20-0300 [stdout#info] This divice have no simulation core instance
2020-05-18T21:40:20-0300 [Uninitialized] 127.0.0.1:55250 - Connected to mqtt broker - Number of events: 17
2020-05-18T21:40:20-0300 [Uninitialized] 127.0.0.1:55250 - sending MQTT SUBSCRIBE REQUEST - Number of events: 18
2020-05-18T21:40:20-0300 [Uninitialized] 127.0.0.1:55252 - Connected to mqtt broker - Number of events: 19
2020-05-18T21:40:20-0300 [Uninitialized] 127.0.0.1:55252 - sending MQTT SUBSCRIBE REQUEST - Number of events: 20
2020-05-18T21:40:20-0300 [Uninitialized] 127.0.0.1:35900 - Connected to mqtt broker - Number of events: 21
2020-05-18T21:40:20-0300 [Uninitialized] 127.0.0.1:35900 - sending MQTT PUBLISH REQUEST - Number of events: 22
2020-05-18T21:40:20-0300 [twisted.internet.endpoints.OneShotFactory#info] Starting factory <twisted.internet.endpoints.connectProtocol.<locals>.OneShotFactory object at 0x7fd25eb16400>
2020-05-18T21:40:20-0300 [twisted.internet.endpoints.OneShotFactory#info] Starting factory <twisted.internet.endpoints.connectProtocol.<locals>.OneShotFactory object at 0x7fd2576c1518>
2020-05-18T21:40:20-0300 [twisted.internet.endpoints.OneShotFactory#info] Starting factory <twisted.internet.endpoints.connectProtocol.<locals>.OneShotFactory object at 0x7fd2576c1710>
2020-05-18T21:40:20-0300 [stdout#info] This divice have no simulation core instance
2020-05-18T21:40:20-0300 [twisted.internet.endpoints.OneShotFactory#info] Starting factory <twisted.internet.endpoints.connectProtocol.<locals>.OneShotFactory object at 0x7fd2576d9080>
2020-05-18T21:40:25-0300 [-] 127.0.0.1:35900 - sending MQTT PUBLISH REQUEST - Number of events: 23
2020-05-18T21:40:25-0300 [twisted.internet.endpoints.OneShotFactory#info] Starting factory <twisted.internet.endpoints.connectProtocol.<locals>.OneShotFactory object at 0x7fd2576d9400>
2020-05-18T21:40:25-0300 [twisted.internet.endpoints.OneShotFactory#info] Stopping factory <twisted.internet.endpoints.connectProtocol.<locals>.OneShotFactory object at 0x7fd2576c1710>
2020-05-18T21:40:25-0300 [stdout#info] This divice have no simulation core instance
2020-05-18T21:40:25-0300 [twisted.internet.endpoints.OneShotFactory#info] Starting factory <twisted.internet.endpoints.connectProtocol.<locals>.OneShotFactory object at 0x7fd2576d96d8>
2020-05-18T21:40:25-0300 [twisted.internet.endpoints.OneShotFactory#info] Stopping factory <twisted.internet.endpoints.connectProtocol.<locals>.OneShotFactory object at 0x7fd2576d9080>
2020-05-18T21:40:30-0300 [-] 127.0.0.1:35900 - sending MQTT PUBLISH REQUEST - Number of events: 24
2020-05-18T21:40:30-0300 [twisted.internet.endpoints.OneShotFactory#info] Starting factory <twisted.internet.endpoints.connectProtocol.<locals>.OneShotFactory object at 0x7fd2576d98d0>
2020-05-18T21:40:30-0300 [twisted.internet.endpoints.OneShotFactory#info] Stopping factory <twisted.internet.endpoints.connectProtocol.<locals>.OneShotFactory object at 0x7fd2576d9400>
2020-05-18T21:40:30-0300 [stdout#info] This divice have no simulation core instance
2020-05-18T21:40:30-0300 [twisted.internet.endpoints.OneShotFactory#info] Starting factory <twisted.internet.endpoints.connectProtocol.<locals>.OneShotFactory object at 0x7fd2576d9ba8>
2020-05-18T21:40:35-0300 [-] 127.0.0.1:35900 - sending MQTT PUBLISH REQUEST - Number of events: 25
2020-05-18T21:40:35-0300 [twisted.internet.endpoints.OneShotFactory#info] Starting factory <twisted.internet.endpoints.connectProtocol.<locals>.OneShotFactory object at 0x7fd2576d9e48>
2020-05-18T21:40:35-0300 [twisted.internet.endpoints.OneShotFactory#info] Stopping factory <twisted.internet.endpoints.connectProtocol.<locals>.OneShotFactory object at 0x7fd2576d98d0>
2020-05-18T21:40:35-0300 [stdout#info] This divice have no simulation core instance
2020-05-18T21:40:35-0300 [twisted.internet.endpoints.OneShotFactory#info] Starting factory <twisted.internet.endpoints.connectProtocol.<locals>.OneShotFactory object at 0x7fd258d980b8>
2020-05-18T21:40:40-0300 [-] 127.0.0.1:35900 - sending MQTT PUBLISH REQUEST - Number of events: 26
2020-05-18T21:40:40-0300 [twisted.internet.endpoints.OneShotFactory#info] Starting factory <twisted.internet.endpoints.connectProtocol.<locals>.OneShotFactory object at 0x7fd258d982e8>
2020-05-18T21:40:40-0300 [twisted.internet.endpoints.OneShotFactory#info] Stopping factory <twisted.internet.endpoints.connectProtocol.<locals>.OneShotFactory object at 0x7fd2576d9e48>
2020-05-18T21:40:40-0300 [stdout#info] This divice have no simulation core instance
2020-05-18T21:40:40-0300 [twisted.internet.endpoints.OneShotFactory#info] Starting factory <twisted.internet.endpoints.connectProtocol.<locals>.OneShotFactory object at 0x7fd258d98588>
2020-05-18T21:40:45-0300 [-] 127.0.0.1:35900 - sending MQTT PUBLISH REQUEST - Number of events: 27
2020-05-18T21:40:45-0300 [twisted.internet.endpoints.OneShotFactory#info] Starting factory <twisted.internet.endpoints.connectProtocol.<locals>.OneShotFactory object at 0x7fd258d98048>
2020-05-18T21:40:45-0300 [twisted.internet.endpoints.OneShotFactory#info] Stopping factory <twisted.internet.endpoints.connectProtocol.<locals>.OneShotFactory object at 0x7fd258d982e8>
2020-05-18T21:40:45-0300 [stdout#info] This divice have no simulation core instance
2020-05-18T21:40:45-0300 [twisted.internet.endpoints.OneShotFactory#info] Starting factory <twisted.internet.endpoints.connectProtocol.<locals>.OneShotFactory object at 0x7fd258d98940>
2020-05-18T21:40:50-0300 [-] 127.0.0.1:35900 - sending MQTT PUBLISH REQUEST - Number of events: 28
2020-05-18T21:40:50-0300 [twisted.internet.endpoints.OneShotFactory#info] Starting factory <twisted.internet.endpoints.connectProtocol.<locals>.OneShotFactory object at 0x7fd258d984a8>
2020-05-18T21:40:50-0300 [twisted.internet.endpoints.OneShotFactory#info] Stopping factory <twisted.internet.endpoints.connectProtocol.<locals>.OneShotFactory object at 0x7fd258d98048>
2020-05-18T21:40:50-0300 [stdout#info] This divice have no simulation core instance
2020-05-18T21:40:50-0300 [twisted.internet.endpoints.OneShotFactory#info] Starting factory <twisted.internet.endpoints.connectProtocol.<locals>.OneShotFactory object at 0x7fd258d98d68>
2020-05-18T21:40:55-0300 [-] 127.0.0.1:35900 - sending MQTT PUBLISH REQUEST - Number of events: 29
2020-05-18T21:40:55-0300 [twisted.internet.endpoints.OneShotFactory#info] Starting factory <twisted.internet.endpoints.connectProtocol.<locals>.OneShotFactory object at 0x7fd2576b0080>
2020-05-18T21:40:55-0300 [twisted.internet.endpoints.OneShotFactory#info] Stopping factory <twisted.internet.endpoints.connectProtocol.<locals>.OneShotFactory object at 0x7fd258d984a8>
2020-05-18T21:40:55-0300 [stdout#info] This divice have no simulation core instance
2020-05-18T21:40:55-0300 [twisted.internet.endpoints.OneShotFactory#info] Starting factory <twisted.internet.endpoints.connectProtocol.<locals>.OneShotFactory object at 0x7fd258d42208>
2020-05-18T21:41:00-0300 [-] 127.0.0.1:35900 - sending MQTT PUBLISH REQUEST - Number of events: 30
2020-05-18T21:41:01-0300 [twisted.internet.endpoints.OneShotFactory#info] Starting factory <twisted.internet.endpoints.connectProtocol.<locals>.OneShotFactory object at 0x7fd258d42390>
2020-05-18T21:41:01-0300 [twisted.internet.endpoints.OneShotFactory#info] Stopping factory <twisted.internet.endpoints.connectProtocol.<locals>.OneShotFactory object at 0x7fd2576b0080>
2020-05-18T21:41:01-0300 [stdout#info] This divice have no simulation core instance
2020-05-18T21:41:01-0300 [twisted.internet.endpoints.OneShotFactory#info] Starting factory <twisted.internet.endpoints.connectProtocol.<locals>.OneShotFactory object at 0x7fd258d426a0>
2020-05-18T21:41:05-0300 [-] 127.0.0.1:35900 - sending MQTT PUBLISH REQUEST - Number of events: 31
2020-05-18T21:41:06-0300 [twisted.internet.endpoints.OneShotFactory#info] Starting factory <twisted.internet.endpoints.connectProtocol.<locals>.OneShotFactory object at 0x7fd258d42828>
2020-05-18T21:41:06-0300 [twisted.internet.endpoints.OneShotFactory#info] Stopping factory <twisted.internet.endpoints.connectProtocol.<locals>.OneShotFactory object at 0x7fd258d42390>
2020-05-18T21:41:06-0300 [stdout#info] This divice have no simulation core instance
2020-05-18T21:41:06-0300 [twisted.internet.endpoints.OneShotFactory#info] Starting factory <twisted.internet.endpoints.connectProtocol.<locals>.OneShotFactory object at 0x7fd258d42b38>
2020-05-18T21:41:10-0300 [-] 127.0.0.1:35900 - sending MQTT PUBLISH REQUEST - Number of events: 32
2020-05-18T21:41:10-0300 [twisted.internet.endpoints.OneShotFactory#info] Starting factory <twisted.internet.endpoints.connectProtocol.<locals>.OneShotFactory object at 0x7fd258d42cc0>
2020-05-18T21:41:11-0300 [twisted.internet.endpoints.OneShotFactory#info] Stopping factory <twisted.internet.endpoints.connectProtocol.<locals>.OneShotFactory object at 0x7fd258d42828>
2020-05-18T21:41:11-0300 [stdout#info] This divice have no simulation core instance
2020-05-18T21:41:11-0300 [twisted.internet.endpoints.OneShotFactory#info] Starting factory <twisted.internet.endpoints.connectProtocol.<locals>.OneShotFactory object at 0x7fd258d42fd0>
2020-05-18T21:41:16-0300 [-] 127.0.0.1:35900 - sending MQTT PUBLISH REQUEST - Number of events: 33
2020-05-18T21:41:16-0300 [twisted.internet.endpoints.OneShotFactory#info] Starting factory <twisted.internet.endpoints.connectProtocol.<locals>.OneShotFactory object at 0x7fd258d60128>
2020-05-18T21:41:16-0300 [twisted.internet.endpoints.OneShotFactory#info] Stopping factory <twisted.internet.endpoints.connectProtocol.<locals>.OneShotFactory object at 0x7fd258d42cc0>
2020-05-18T21:41:16-0300 [stdout#info] This divice have no simulation core instance
2020-05-18T21:41:16-0300 [twisted.internet.endpoints.OneShotFactory#info] Starting factory <twisted.internet.endpoints.connectProtocol.<locals>.OneShotFactory object at 0x7fd258d604a8>
2020-05-18T21:41:21-0300 [-] 127.0.0.1:35900 - sending MQTT PUBLISH REQUEST - Number of events: 34
2020-05-18T21:41:21-0300 [twisted.internet.endpoints.OneShotFactory#info] Starting factory <twisted.internet.endpoints.connectProtocol.<locals>.OneShotFactory object at 0x7fd258d60630>
2020-05-18T21:41:21-0300 [twisted.internet.endpoints.OneShotFactory#info] Stopping factory <twisted.internet.endpoints.connectProtocol.<locals>.OneShotFactory object at 0x7fd258d60128>
2020-05-18T21:41:21-0300 [stdout#info] This divice have no simulation core instance
2020-05-18T21:41:21-0300 [twisted.internet.endpoints.OneShotFactory#info] Starting factory <twisted.internet.endpoints.connectProtocol.<locals>.OneShotFactory object at 0x7fd258d60940>
2020-05-18T21:41:26-0300 [-] 127.0.0.1:35900 - sending MQTT PUBLISH REQUEST - Number of events: 35
2020-05-18T21:41:26-0300 [twisted.internet.endpoints.OneShotFactory#info] Starting factory <twisted.internet.endpoints.connectProtocol.<locals>.OneShotFactory object at 0x7fd258d60ba8>
2020-05-18T21:41:26-0300 [twisted.internet.endpoints.OneShotFactory#info] Stopping factory <twisted.internet.endpoints.connectProtocol.<locals>.OneShotFactory object at 0x7fd258d60630>
2020-05-18T21:41:26-0300 [stdout#info] This divice have no simulation core instance
2020-05-18T21:41:26-0300 [twisted.internet.endpoints.OneShotFactory#info] Starting factory <twisted.internet.endpoints.connectProtocol.<locals>.OneShotFactory object at 0x7fd258d60e10>
2020-05-18T21:41:31-0300 [-] 127.0.0.1:35900 - sending MQTT PUBLISH REQUEST - Number of events: 36
2020-05-18T21:41:31-0300 [twisted.internet.endpoints.OneShotFactory#info] Starting factory <twisted.internet.endpoints.connectProtocol.<locals>.OneShotFactory object at 0x7fd258d60208>
2020-05-18T21:41:31-0300 [twisted.internet.endpoints.OneShotFactory#info] Stopping factory <twisted.internet.endpoints.connectProtocol.<locals>.OneShotFactory object at 0x7fd258d60ba8>
2020-05-18T21:41:31-0300 [stdout#info] This divice have no simulation core instance
2020-05-18T21:41:31-0300 [twisted.internet.endpoints.OneShotFactory#info] Starting factory <twisted.internet.endpoints.connectProtocol.<locals>.OneShotFactory object at 0x7fd258d77278>
2020-05-18T21:41:36-0300 [-] 127.0.0.1:35900 - sending MQTT PUBLISH REQUEST - Number of events: 37
2020-05-18T21:41:36-0300 [twisted.internet.endpoints.OneShotFactory#info] Starting factory <twisted.internet.endpoints.connectProtocol.<locals>.OneShotFactory object at 0x7fd258d77400>
2020-05-18T21:41:36-0300 [twisted.internet.endpoints.OneShotFactory#info] Stopping factory <twisted.internet.endpoints.connectProtocol.<locals>.OneShotFactory object at 0x7fd258d60208>
2020-05-18T21:41:36-0300 [stdout#info] This divice have no simulation core instance
2020-05-18T21:41:36-0300 [twisted.internet.endpoints.OneShotFactory#info] Starting factory <twisted.internet.endpoints.connectProtocol.<locals>.OneShotFactory object at 0x7fd258d776d8>
2020-05-18T21:41:40-0300 [-] Received SIGINT, shutting down.
2020-05-18T21:41:40-0300 [twisted.internet.endpoints.OneShotFactory#info] Stopping factory <twisted.internet.endpoints.connectProtocol.<locals>.OneShotFactory object at 0x7fd258d42fd0>
2020-05-18T21:41:40-0300 [twisted.internet.endpoints.OneShotFactory#info] Stopping factory <twisted.internet.endpoints.connectProtocol.<locals>.OneShotFactory object at 0x7fd258d980b8>
2020-05-18T21:41:40-0300 [applications.mqttapp.BrokerFactory] (TCP Port 5100 Closed)
2020-05-18T21:41:40-0300 [twisted.internet.endpoints.OneShotFactory#info] Stopping factory <twisted.internet.endpoints.connectProtocol.<locals>.OneShotFactory object at 0x7fd258d98940>
2020-05-18T21:41:40-0300 [twisted.internet.endpoints.OneShotFactory#info] Stopping factory <twisted.internet.endpoints.connectProtocol.<locals>.OneShotFactory object at 0x7fd258d60940>
2020-05-18T21:41:40-0300 [SubscriberApp,client] connection lost: Connection to the other side was lost in a non-clean fashion: Connection lost.
2020-05-18T21:41:40-0300 [SubscriberApp,client] connection lost - Number of events: 38
2020-05-18T21:41:40-0300 [twisted.internet.endpoints.OneShotFactory#info] Stopping factory <twisted.internet.endpoints.connectProtocol.<locals>.OneShotFactory object at 0x7fd258d42208>
2020-05-18T21:41:40-0300 [twisted.internet.endpoints.OneShotFactory#info] Stopping factory <twisted.internet.endpoints.connectProtocol.<locals>.OneShotFactory object at 0x7fd2576d96d8>
2020-05-18T21:41:40-0300 [twisted.internet.endpoints.OneShotFactory#info] Stopping factory <twisted.internet.endpoints.connectProtocol.<locals>.OneShotFactory object at 0x7fd258d77278>
2020-05-18T21:41:40-0300 [twisted.internet.endpoints.OneShotFactory#info] Stopping factory <twisted.internet.endpoints.connectProtocol.<locals>.OneShotFactory object at 0x7fd25eb16400>
2020-05-18T21:41:40-0300 [twisted.internet.endpoints.OneShotFactory#info] Stopping factory <twisted.internet.endpoints.connectProtocol.<locals>.OneShotFactory object at 0x7fd258d42b38>
2020-05-18T21:41:40-0300 [twisted.internet.endpoints.OneShotFactory#info] Stopping factory <twisted.internet.endpoints.connectProtocol.<locals>.OneShotFactory object at 0x7fd2576d9ba8>
2020-05-18T21:41:40-0300 [twisted.internet.endpoints.OneShotFactory#info] Stopping factory <twisted.internet.endpoints.connectProtocol.<locals>.OneShotFactory object at 0x7fd258d77400>
2020-05-18T21:41:40-0300 [twisted.internet.endpoints.OneShotFactory#info] Stopping factory <twisted.internet.endpoints.connectProtocol.<locals>.OneShotFactory object at 0x7fd258d604a8>
2020-05-18T21:41:40-0300 [applications.routerapp.RouterFactory] (TCP Port 8081 Closed)
2020-05-18T21:41:40-0300 [twisted.internet.endpoints.OneShotFactory#info] Stopping factory <twisted.internet.endpoints.connectProtocol.<locals>.OneShotFactory object at 0x7fd2576c1518>
2020-05-18T21:41:40-0300 [twisted.internet.endpoints.OneShotFactory#info] Stopping factory <twisted.internet.endpoints.connectProtocol.<locals>.OneShotFactory object at 0x7fd258d98d68>
2020-05-18T21:41:40-0300 [SubscriberApp,client] connection lost: Connection to the other side was lost in a non-clean fashion: Connection lost.
2020-05-18T21:41:40-0300 [SubscriberApp,client] connection lost - Number of events: 39
2020-05-18T21:41:40-0300 [twisted.internet.endpoints.OneShotFactory#info] Stopping factory <twisted.internet.endpoints.connectProtocol.<locals>.OneShotFactory object at 0x7fd258d98588>
2020-05-18T21:41:40-0300 [applications.accesspointapp.AccessPointFactory] (TCP Port 8082 Closed)
2020-05-18T21:41:40-0300 [PublisherApp,client] connection lost: Connection to the other side was lost in a non-clean fashion: Connection lost.
2020-05-18T21:41:40-0300 [PublisherApp,client] connection lost - Number of events: 40
2020-05-18T21:41:40-0300 [twisted.internet.endpoints.OneShotFactory#info] Stopping factory <twisted.internet.endpoints.connectProtocol.<locals>.OneShotFactory object at 0x7fd258d60e10>
2020-05-18T21:41:40-0300 [twisted.internet.endpoints.OneShotFactory#info] Stopping factory <twisted.internet.endpoints.connectProtocol.<locals>.OneShotFactory object at 0x7fd258d426a0>
2020-05-18T21:41:40-0300 [twisted.internet.endpoints.OneShotFactory#info] Stopping factory <twisted.internet.endpoints.connectProtocol.<locals>.OneShotFactory object at 0x7fd258d776d8>
2020-05-18T21:41:40-0300 [-] Main loop terminated.
