2020-05-15T12:36:16-0300 [-] Creating router ...
2020-05-15T12:36:16-0300 [-] Initializing Router - Number of events: 1
2020-05-15T12:36:16-0300 [-] RouterFactory starting on 8081
2020-05-15T12:36:16-0300 [-] Creating AccessPoint station ...
2020-05-15T12:36:16-0300 [-] Initializing Access Point - Number of events: 2
2020-05-15T12:36:17-0300 [-] AccessPointFactory starting on 8082
2020-05-15T12:36:17-0300 [-] Creating fog node ...
2020-05-15T12:36:17-0300 [-] Initializing Client - Number of events: 3
2020-05-15T12:36:17-0300 [-] Creating fog node ...
2020-05-15T12:36:17-0300 [-] Initializing Client - Number of events: 4
2020-05-15T12:36:18-0300 [-] Creating fog node ...
2020-05-15T12:36:18-0300 [-] Initializing Server - Number of events: 5
2020-05-15T12:36:18-0300 [-] BrokerFactory starting on 5100
2020-05-15T12:36:18-0300 [-] Creating iot node ...
2020-05-15T12:36:18-0300 [-] Initializing Client - Number of events: 6
2020-05-15T12:36:19-0300 [-] Initializing sensor node - Number of events: 7
2020-05-15T12:36:19-0300 [-] Initializing sensor node - Number of events: 8
2020-05-15T12:36:20-0300 [stdout#info] (25, 26, 27, 28, 30, 31, 32, 33, 34)
2020-05-15T12:36:20-0300 [stdout#info] {None}
2020-05-15T12:36:20-0300 [stdout#info] {'15.2 Kwh'}
2020-05-15T12:36:20-0300 [-] Initializing sensor node - Number of events: 9
2020-05-15T12:36:20-0300 [stdout#info] (30, 31, 32, 33, 35, 36, 37, 38, 39)
2020-05-15T12:36:20-0300 [stdout#info] {None}
2020-05-15T12:36:20-0300 [stdout#info] {'16.84 Kwh'}
2020-05-15T12:36:20-0300 [-] Initializing sensor node - Number of events: 10
2020-05-15T12:36:21-0300 [stdout#info] (25, 26, 27, 28, 30, 31, 32, 33, 34, 35, 36, 37, 39, 40, 41, 42, 43, 44)
2020-05-15T12:36:21-0300 [stdout#info] {None}
2020-05-15T12:36:21-0300 [stdout#info] {'20.87 Kwh'}
2020-05-15T12:36:21-0300 [-] Initializing sensor node - Number of events: 11
2020-05-15T12:36:21-0300 [stdout#info] (25, 30, 31, 32, 33, 35, 36, 37, 38, 39, 40, 41, 42, 43, 45, 46, 47, 48, 49)
2020-05-15T12:36:21-0300 [stdout#info] {None}
2020-05-15T12:36:21-0300 [stdout#info] {'8.74 Kwh'}
2020-05-15T12:36:21-0300 [-] Initializing sensor node - Number of events: 12
2020-05-15T12:36:22-0300 [stdout#info] (25, 30, 31, 32, 33, 34, 35, 36, 37, 38, 39, 40, 41, 42, 43, 44, 45, 46, 47, 48, 49, 50, 51, 52, 53, 54)
2020-05-15T12:36:22-0300 [stdout#info] {None}
2020-05-15T12:36:22-0300 [stdout#info] {'2.56 Kwh'}
2020-05-15T12:36:22-0300 [-] Initializing sensor node - Number of events: 13
2020-05-15T12:36:22-0300 [stdout#info] (30, 35, 36, 37, 38, 39, 40, 45, 46, 47, 48, 49, 50, 53, 55, 56, 57, 58, 59)
2020-05-15T12:36:22-0300 [stdout#info] {None}
2020-05-15T12:36:22-0300 [stdout#info] {'10.69 Kwh'}
2020-05-15T12:36:22-0300 [-] Initializing sensor node - Number of events: 14
2020-05-15T12:36:23-0300 [stdout#info] (30, 35, 40, 45, 46, 47, 48, 49, 50, 55, 60, 61, 62, 63, 64)
2020-05-15T12:36:23-0300 [stdout#info] {None}
2020-05-15T12:36:23-0300 [stdout#info] {'18.91 Kwh'}
2020-05-15T12:36:23-0300 [-] Initializing sensor node - Number of events: 15
2020-05-15T12:36:23-0300 [stdout#info] (25, 30, 31, 32, 33, 35, 36, 37, 38, 39, 40, 43, 45, 48, 50, 51, 52, 53, 54, 55, 56, 57, 59, 60, 65, 66, 67, 68, 69)
2020-05-15T12:36:23-0300 [stdout#info] {None}
2020-05-15T12:36:23-0300 [stdout#info] {'11.2 Kwh'}
2020-05-15T12:36:23-0300 [-] Initializing sensor node - Number of events: 16
2020-05-15T12:36:24-0300 [stdout#info] (35, 38, 45, 48, 50, 55, 56, 57, 58, 59, 60, 61, 62, 63, 64, 65, 68, 70, 71, 72, 73, 74)
2020-05-15T12:36:24-0300 [stdout#info] {None}
2020-05-15T12:36:24-0300 [stdout#info] {'8.64 Kwh'}
2020-05-15T12:36:24-0300 [stdout#info] {'18.18 Kwh'}
2020-05-15T12:36:24-0300 [stdout#info] {'16.64 Kwh'}
2020-05-15T12:36:24-0300 [stdout#info] {'7.08 Kwh'}
2020-05-15T12:36:24-0300 [stdout#info] This divice have no simulation core instance
2020-05-15T12:36:24-0300 [stdout#info] This divice have no simulation core instance
2020-05-15T12:36:24-0300 [stdout#info] This divice have no simulation core instance
2020-05-15T12:36:24-0300 [stdout#info] This divice have no simulation core instance
2020-05-15T12:36:24-0300 [stdout#info] This divice have no simulation core instance
2020-05-15T12:36:24-0300 [Uninitialized] 127.0.0.1:32958 - Connected to mqtt broker - Number of events: 17
2020-05-15T12:36:24-0300 [Uninitialized] 127.0.0.1:32958 - sending MQTT SUBSCRIBE REQUEST - Number of events: 18
2020-05-15T12:36:24-0300 [Uninitialized] 127.0.0.1:32960 - Connected to mqtt broker - Number of events: 19
2020-05-15T12:36:24-0300 [Uninitialized] 127.0.0.1:32960 - sending MQTT SUBSCRIBE REQUEST - Number of events: 20
2020-05-15T12:36:24-0300 [Uninitialized] 127.0.0.1:49284 - Connected to mqtt broker - Number of events: 21
2020-05-15T12:36:24-0300 [Uninitialized] 127.0.0.1:49284 - sending MQTT PUBLISH REQUEST - Number of events: 22
2020-05-15T12:36:24-0300 [twisted.internet.endpoints.OneShotFactory#info] Starting factory <twisted.internet.endpoints.connectProtocol.<locals>.OneShotFactory object at 0x7f7f1cb06668>
2020-05-15T12:36:24-0300 [twisted.internet.endpoints.OneShotFactory#info] Starting factory <twisted.internet.endpoints.connectProtocol.<locals>.OneShotFactory object at 0x7f7f1cb06860>
2020-05-15T12:36:24-0300 [twisted.internet.endpoints.OneShotFactory#info] Starting factory <twisted.internet.endpoints.connectProtocol.<locals>.OneShotFactory object at 0x7f7f1cb06a90>
2020-05-15T12:36:24-0300 [stdout#info] This divice have no simulation core instance
2020-05-15T12:36:24-0300 [twisted.internet.endpoints.OneShotFactory#info] Starting factory <twisted.internet.endpoints.connectProtocol.<locals>.OneShotFactory object at 0x7f7f1cb17518>
2020-05-15T12:36:24-0300 [stdout#info] {'22.04 Kwh'}
2020-05-15T12:36:25-0300 [stdout#info] {'6.98 Kwh'}
2020-05-15T12:36:25-0300 [stdout#info] {'21.2 Kwh'}
2020-05-15T12:36:26-0300 [stdout#info] {'10.28 Kwh'}
2020-05-15T12:36:26-0300 [stdout#info] {'4.26 Kwh'}
2020-05-15T12:36:27-0300 [stdout#info] {'15.85 Kwh'}
2020-05-15T12:36:27-0300 [stdout#info] {'22.06 Kwh'}
2020-05-15T12:36:27-0300 [stdout#info] {'19.3 Kwh'}
2020-05-15T12:36:27-0300 [stdout#info] {'9.54 Kwh'}
2020-05-15T12:36:27-0300 [stdout#info] {'20.62 Kwh'}
2020-05-15T12:36:28-0300 [stdout#info] {'10.47 Kwh'}
2020-05-15T12:36:28-0300 [stdout#info] {'16.58 Kwh'}
2020-05-15T12:36:29-0300 [stdout#info] {'17.18 Kwh'}
2020-05-15T12:36:29-0300 [-] 127.0.0.1:49284 - sending MQTT PUBLISH REQUEST - Number of events: 23
2020-05-15T12:36:29-0300 [twisted.internet.endpoints.OneShotFactory#info] Starting factory <twisted.internet.endpoints.connectProtocol.<locals>.OneShotFactory object at 0x7f7f1cb17828>
2020-05-15T12:36:29-0300 [twisted.internet.endpoints.OneShotFactory#info] Stopping factory <twisted.internet.endpoints.connectProtocol.<locals>.OneShotFactory object at 0x7f7f1cb06a90>
2020-05-15T12:36:29-0300 [stdout#info] This divice have no simulation core instance
2020-05-15T12:36:29-0300 [twisted.internet.endpoints.OneShotFactory#info] Starting factory <twisted.internet.endpoints.connectProtocol.<locals>.OneShotFactory object at 0x7f7f1cb17a58>
2020-05-15T12:36:29-0300 [twisted.internet.endpoints.OneShotFactory#info] Stopping factory <twisted.internet.endpoints.connectProtocol.<locals>.OneShotFactory object at 0x7f7f1cb17518>
2020-05-15T12:36:29-0300 [stdout#info] {'11.55 Kwh'}
2020-05-15T12:36:30-0300 [stdout#info] {'21.12 Kwh'}
2020-05-15T12:36:30-0300 [stdout#info] {'8.53 Kwh'}
2020-05-15T12:36:30-0300 [stdout#info] {'19.3 Kwh'}
2020-05-15T12:36:30-0300 [stdout#info] {'15.27 Kwh'}
2020-05-15T12:36:30-0300 [stdout#info] {'13.96 Kwh'}
2020-05-15T12:36:31-0300 [stdout#info] {'14.07 Kwh'}
2020-05-15T12:36:31-0300 [stdout#info] {'8.75 Kwh'}
2020-05-15T12:36:32-0300 [stdout#info] {'6.77 Kwh'}
2020-05-15T12:36:32-0300 [stdout#info] {'21.32 Kwh'}
2020-05-15T12:36:33-0300 [stdout#info] {'9.38 Kwh'}
2020-05-15T12:36:33-0300 [stdout#info] {'11.6 Kwh'}
2020-05-15T12:36:33-0300 [stdout#info] {'7.8 Kwh'}
2020-05-15T12:36:33-0300 [stdout#info] {'22.31 Kwh'}
2020-05-15T12:36:33-0300 [stdout#info] {'18.1 Kwh'}
2020-05-15T12:36:34-0300 [stdout#info] {'7.08 Kwh'}
2020-05-15T12:36:34-0300 [-] 127.0.0.1:49284 - sending MQTT PUBLISH REQUEST - Number of events: 24
2020-05-15T12:36:34-0300 [twisted.internet.endpoints.OneShotFactory#info] Starting factory <twisted.internet.endpoints.connectProtocol.<locals>.OneShotFactory object at 0x7f7f1cb17cc0>
2020-05-15T12:36:34-0300 [twisted.internet.endpoints.OneShotFactory#info] Stopping factory <twisted.internet.endpoints.connectProtocol.<locals>.OneShotFactory object at 0x7f7f1cb17828>
2020-05-15T12:36:34-0300 [stdout#info] This divice have no simulation core instance
2020-05-15T12:36:34-0300 [twisted.internet.endpoints.OneShotFactory#info] Starting factory <twisted.internet.endpoints.connectProtocol.<locals>.OneShotFactory object at 0x7f7f1cb17ef0>
2020-05-15T12:36:34-0300 [stdout#info] {'7.79 Kwh'}
2020-05-15T12:36:35-0300 [stdout#info] {'3.16 Kwh'}
2020-05-15T12:36:35-0300 [stdout#info] {'14.53 Kwh'}
2020-05-15T12:36:36-0300 [stdout#info] {'7.38 Kwh'}
2020-05-15T12:36:36-0300 [stdout#info] {'19.95 Kwh'}
2020-05-15T12:36:36-0300 [stdout#info] {'21.23 Kwh'}
2020-05-15T12:36:36-0300 [stdout#info] {'10.52 Kwh'}
2020-05-15T12:36:36-0300 [stdout#info] {'5.41 Kwh'}
2020-05-15T12:36:37-0300 [stdout#info] {'22.48 Kwh'}
2020-05-15T12:36:37-0300 [stdout#info] {'6.55 Kwh'}
2020-05-15T12:36:38-0300 [stdout#info] {'4.36 Kwh'}
2020-05-15T12:36:38-0300 [stdout#info] {'5.22 Kwh'}
2020-05-15T12:36:39-0300 [stdout#info] {'2.74 Kwh'}
2020-05-15T12:36:39-0300 [stdout#info] {'12.76 Kwh'}
2020-05-15T12:36:39-0300 [stdout#info] {'2.86 Kwh'}
2020-05-15T12:36:39-0300 [stdout#info] {'10.2 Kwh'}
2020-05-15T12:36:39-0300 [-] 127.0.0.1:49284 - sending MQTT PUBLISH REQUEST - Number of events: 25
2020-05-15T12:36:39-0300 [twisted.internet.endpoints.OneShotFactory#info] Starting factory <twisted.internet.endpoints.connectProtocol.<locals>.OneShotFactory object at 0x7f7f1e1ca160>
2020-05-15T12:36:39-0300 [twisted.internet.endpoints.OneShotFactory#info] Stopping factory <twisted.internet.endpoints.connectProtocol.<locals>.OneShotFactory object at 0x7f7f1cb17cc0>
2020-05-15T12:36:39-0300 [stdout#info] This divice have no simulation core instance
2020-05-15T12:36:39-0300 [twisted.internet.endpoints.OneShotFactory#info] Starting factory <twisted.internet.endpoints.connectProtocol.<locals>.OneShotFactory object at 0x7f7f1e1ca400>
2020-05-15T12:36:39-0300 [stdout#info] {'9.03 Kwh'}
2020-05-15T12:36:40-0300 [stdout#info] {'10.53 Kwh'}
2020-05-15T12:36:40-0300 [stdout#info] {'20.95 Kwh'}
2020-05-15T12:36:41-0300 [stdout#info] {'20.25 Kwh'}
2020-05-15T12:36:41-0300 [stdout#info] {'5.94 Kwh'}
2020-05-15T12:36:42-0300 [stdout#info] {'19.79 Kwh'}
2020-05-15T12:36:42-0300 [stdout#info] {'21.63 Kwh'}
2020-05-15T12:36:42-0300 [stdout#info] {'18.4 Kwh'}
2020-05-15T12:36:42-0300 [stdout#info] {'17.66 Kwh'}
2020-05-15T12:36:42-0300 [stdout#info] {'13.35 Kwh'}
2020-05-15T12:36:43-0300 [stdout#info] {'21.71 Kwh'}
2020-05-15T12:36:43-0300 [stdout#info] {'16.41 Kwh'}
2020-05-15T12:36:44-0300 [stdout#info] {'16.5 Kwh'}
2020-05-15T12:36:44-0300 [-] 127.0.0.1:49284 - sending MQTT PUBLISH REQUEST - Number of events: 26
2020-05-15T12:36:44-0300 [twisted.internet.endpoints.OneShotFactory#info] Starting factory <twisted.internet.endpoints.connectProtocol.<locals>.OneShotFactory object at 0x7f7f1e1ca630>
2020-05-15T12:36:44-0300 [twisted.internet.endpoints.OneShotFactory#info] Stopping factory <twisted.internet.endpoints.connectProtocol.<locals>.OneShotFactory object at 0x7f7f1e1ca160>
2020-05-15T12:36:44-0300 [stdout#info] This divice have no simulation core instance
2020-05-15T12:36:44-0300 [twisted.internet.endpoints.OneShotFactory#info] Starting factory <twisted.internet.endpoints.connectProtocol.<locals>.OneShotFactory object at 0x7f7f1e1ca8d0>
2020-05-15T12:36:44-0300 [stdout#info] {'9.98 Kwh'}
2020-05-15T12:36:45-0300 [stdout#info] {'9.94 Kwh'}
2020-05-15T12:36:45-0300 [stdout#info] {'13.94 Kwh'}
2020-05-15T12:36:45-0300 [stdout#info] {'12.34 Kwh'}
2020-05-15T12:36:45-0300 [stdout#info] {'14.78 Kwh'}
2020-05-15T12:36:45-0300 [stdout#info] {'20.47 Kwh'}
2020-05-15T12:36:46-0300 [stdout#info] {'20.77 Kwh'}
2020-05-15T12:36:46-0300 [stdout#info] {'14.8 Kwh'}
2020-05-15T12:36:47-0300 [stdout#info] {'20.24 Kwh'}
2020-05-15T12:36:47-0300 [stdout#info] {'3.43 Kwh'}
2020-05-15T12:36:48-0300 [stdout#info] {'10.34 Kwh'}
2020-05-15T12:36:48-0300 [stdout#info] {'9.44 Kwh'}
2020-05-15T12:36:48-0300 [stdout#info] {'8.36 Kwh'}
2020-05-15T12:36:48-0300 [stdout#info] {'9.61 Kwh'}
2020-05-15T12:36:48-0300 [stdout#info] {'4.49 Kwh'}
2020-05-15T12:36:49-0300 [stdout#info] {'20.02 Kwh'}
2020-05-15T12:36:49-0300 [-] 127.0.0.1:49284 - sending MQTT PUBLISH REQUEST - Number of events: 27
2020-05-15T12:36:49-0300 [twisted.internet.endpoints.OneShotFactory#info] Starting factory <twisted.internet.endpoints.connectProtocol.<locals>.OneShotFactory object at 0x7f7f1e1caa90>
2020-05-15T12:36:49-0300 [twisted.internet.endpoints.OneShotFactory#info] Stopping factory <twisted.internet.endpoints.connectProtocol.<locals>.OneShotFactory object at 0x7f7f1e1ca630>
2020-05-15T12:36:49-0300 [stdout#info] This divice have no simulation core instance
2020-05-15T12:36:49-0300 [twisted.internet.endpoints.OneShotFactory#info] Starting factory <twisted.internet.endpoints.connectProtocol.<locals>.OneShotFactory object at 0x7f7f1e1cac88>
2020-05-15T12:36:49-0300 [stdout#info] {'10.63 Kwh'}
2020-05-15T12:36:50-0300 [stdout#info] {'5.5 Kwh'}
2020-05-15T12:36:50-0300 [stdout#info] {'19.65 Kwh'}
2020-05-15T12:36:51-0300 [stdout#info] {'12.53 Kwh'}
2020-05-15T12:36:51-0300 [stdout#info] {'19.18 Kwh'}
2020-05-15T12:36:51-0300 [stdout#info] {'18.47 Kwh'}
2020-05-15T12:36:51-0300 [stdout#info] {'8.18 Kwh'}
2020-05-15T12:36:51-0300 [stdout#info] {'15.99 Kwh'}
2020-05-15T12:36:52-0300 [stdout#info] {'21.23 Kwh'}
2020-05-15T12:36:52-0300 [stdout#info] {'11.79 Kwh'}
2020-05-15T12:36:53-0300 [stdout#info] {'20.68 Kwh'}
2020-05-15T12:36:53-0300 [stdout#info] {'18.57 Kwh'}
2020-05-15T12:36:54-0300 [stdout#info] {'4.53 Kwh'}
2020-05-15T12:36:54-0300 [stdout#info] {'4.25 Kwh'}
2020-05-15T12:36:54-0300 [stdout#info] {'11.23 Kwh'}
2020-05-15T12:36:54-0300 [stdout#info] {'15.84 Kwh'}
2020-05-15T12:36:54-0300 [-] 127.0.0.1:49284 - sending MQTT PUBLISH REQUEST - Number of events: 28
2020-05-15T12:36:54-0300 [twisted.internet.endpoints.OneShotFactory#info] Starting factory <twisted.internet.endpoints.connectProtocol.<locals>.OneShotFactory object at 0x7f7f1e1cae80>
2020-05-15T12:36:54-0300 [twisted.internet.endpoints.OneShotFactory#info] Stopping factory <twisted.internet.endpoints.connectProtocol.<locals>.OneShotFactory object at 0x7f7f1e1caa90>
2020-05-15T12:36:54-0300 [stdout#info] This divice have no simulation core instance
2020-05-15T12:36:54-0300 [twisted.internet.endpoints.OneShotFactory#info] Starting factory <twisted.internet.endpoints.connectProtocol.<locals>.OneShotFactory object at 0x7f7f1e1f40b8>
2020-05-15T12:36:54-0300 [stdout#info] {'17.84 Kwh'}
2020-05-15T12:36:55-0300 [stdout#info] {'16.24 Kwh'}
2020-05-15T12:36:55-0300 [stdout#info] {'18.47 Kwh'}
2020-05-15T12:36:56-0300 [stdout#info] {'14.42 Kwh'}
2020-05-15T12:36:56-0300 [stdout#info] {'21.96 Kwh'}
2020-05-15T12:36:57-0300 [stdout#info] {'15.51 Kwh'}
2020-05-15T12:36:57-0300 [stdout#info] {'12.5 Kwh'}
2020-05-15T12:36:57-0300 [stdout#info] {'14.7 Kwh'}
2020-05-15T12:36:57-0300 [stdout#info] {'17.58 Kwh'}
2020-05-15T12:36:57-0300 [stdout#info] {'17.17 Kwh'}
2020-05-15T12:36:58-0300 [stdout#info] {'19.45 Kwh'}
2020-05-15T12:36:58-0300 [stdout#info] {'22.47 Kwh'}
2020-05-15T12:36:59-0300 [stdout#info] {'11.26 Kwh'}
2020-05-15T12:36:59-0300 [-] 127.0.0.1:49284 - sending MQTT PUBLISH REQUEST - Number of events: 29
2020-05-15T12:36:59-0300 [twisted.internet.endpoints.OneShotFactory#info] Starting factory <twisted.internet.endpoints.connectProtocol.<locals>.OneShotFactory object at 0x7f7f1caebe10>
2020-05-15T12:36:59-0300 [twisted.internet.endpoints.OneShotFactory#info] Stopping factory <twisted.internet.endpoints.connectProtocol.<locals>.OneShotFactory object at 0x7f7f1e1cae80>
2020-05-15T12:36:59-0300 [stdout#info] This divice have no simulation core instance
2020-05-15T12:36:59-0300 [twisted.internet.endpoints.OneShotFactory#info] Starting factory <twisted.internet.endpoints.connectProtocol.<locals>.OneShotFactory object at 0x7f7f1e1f44e0>
2020-05-15T12:36:59-0300 [stdout#info] {'5.28 Kwh'}
2020-05-15T12:37:00-0300 [stdout#info] {'11.01 Kwh'}
2020-05-15T12:37:00-0300 [stdout#info] {'22.4 Kwh'}
2020-05-15T12:37:00-0300 [stdout#info] {'14.49 Kwh'}
2020-05-15T12:37:00-0300 [stdout#info] {'17.08 Kwh'}
2020-05-15T12:37:00-0300 [stdout#info] {'7.0 Kwh'}
2020-05-15T12:37:01-0300 [stdout#info] {'21.73 Kwh'}
2020-05-15T12:37:01-0300 [stdout#info] {'15.4 Kwh'}
2020-05-15T12:37:02-0300 [stdout#info] {'13.17 Kwh'}
2020-05-15T12:37:02-0300 [stdout#info] {'7.48 Kwh'}
2020-05-15T12:37:03-0300 [stdout#info] {'17.2 Kwh'}
2020-05-15T12:37:03-0300 [stdout#info] {'12.03 Kwh'}
2020-05-15T12:37:03-0300 [stdout#info] {'13.51 Kwh'}
2020-05-15T12:37:03-0300 [stdout#info] {'5.94 Kwh'}
2020-05-15T12:37:03-0300 [stdout#info] {'17.74 Kwh'}
2020-05-15T12:37:04-0300 [stdout#info] {'14.45 Kwh'}
2020-05-15T12:37:04-0300 [-] 127.0.0.1:49284 - sending MQTT PUBLISH REQUEST - Number of events: 30
2020-05-15T12:37:04-0300 [twisted.internet.endpoints.OneShotFactory#info] Starting factory <twisted.internet.endpoints.connectProtocol.<locals>.OneShotFactory object at 0x7f7f1e1f4668>
2020-05-15T12:37:04-0300 [twisted.internet.endpoints.OneShotFactory#info] Stopping factory <twisted.internet.endpoints.connectProtocol.<locals>.OneShotFactory object at 0x7f7f1caebe10>
2020-05-15T12:37:04-0300 [stdout#info] This divice have no simulation core instance
2020-05-15T12:37:04-0300 [twisted.internet.endpoints.OneShotFactory#info] Starting factory <twisted.internet.endpoints.connectProtocol.<locals>.OneShotFactory object at 0x7f7f1e1f4940>
2020-05-15T12:37:04-0300 [stdout#info] {'20.66 Kwh'}
2020-05-15T12:37:05-0300 [stdout#info] {'11.79 Kwh'}
2020-05-15T12:37:05-0300 [stdout#info] {'11.42 Kwh'}
2020-05-15T12:37:06-0300 [stdout#info] {'21.66 Kwh'}
2020-05-15T12:37:06-0300 [stdout#info] {'8.0 Kwh'}
2020-05-15T12:37:06-0300 [stdout#info] {'9.18 Kwh'}
2020-05-15T12:37:06-0300 [stdout#info] {'3.8 Kwh'}
2020-05-15T12:37:06-0300 [stdout#info] {'14.97 Kwh'}
2020-05-15T12:37:07-0300 [stdout#info] {'14.29 Kwh'}
2020-05-15T12:37:07-0300 [stdout#info] {'5.19 Kwh'}
2020-05-15T12:37:08-0300 [stdout#info] {'6.35 Kwh'}
2020-05-15T12:37:08-0300 [stdout#info] {'21.55 Kwh'}
2020-05-15T12:37:09-0300 [stdout#info] {'7.84 Kwh'}
2020-05-15T12:37:09-0300 [stdout#info] {'13.94 Kwh'}
2020-05-15T12:37:09-0300 [-] 127.0.0.1:49284 - sending MQTT PUBLISH REQUEST - Number of events: 31
2020-05-15T12:37:09-0300 [twisted.internet.endpoints.OneShotFactory#info] Starting factory <twisted.internet.endpoints.connectProtocol.<locals>.OneShotFactory object at 0x7f7f1e1f4ac8>
2020-05-15T12:37:09-0300 [twisted.internet.endpoints.OneShotFactory#info] Stopping factory <twisted.internet.endpoints.connectProtocol.<locals>.OneShotFactory object at 0x7f7f1e1f4668>
2020-05-15T12:37:09-0300 [stdout#info] This divice have no simulation core instance
2020-05-15T12:37:09-0300 [stdout#info] {'9.55 Kwh'}
2020-05-15T12:37:09-0300 [stdout#info] {'8.11 Kwh'}
2020-05-15T12:37:09-0300 [twisted.internet.endpoints.OneShotFactory#info] Starting factory <twisted.internet.endpoints.connectProtocol.<locals>.OneShotFactory object at 0x7f7f1e1f4da0>
2020-05-15T12:37:09-0300 [stdout#info] {'9.66 Kwh'}
2020-05-15T12:37:10-0300 [stdout#info] {'10.5 Kwh'}
2020-05-15T12:37:10-0300 [stdout#info] {'19.74 Kwh'}
2020-05-15T12:37:11-0300 [stdout#info] {'9.56 Kwh'}
2020-05-15T12:37:11-0300 [stdout#info] {'10.33 Kwh'}
2020-05-15T12:37:12-0300 [stdout#info] {'16.01 Kwh'}
2020-05-15T12:37:12-0300 [stdout#info] {'17.77 Kwh'}
2020-05-15T12:37:12-0300 [stdout#info] {'13.45 Kwh'}
2020-05-15T12:37:12-0300 [stdout#info] {'3.92 Kwh'}
2020-05-15T12:37:12-0300 [stdout#info] {'14.76 Kwh'}
2020-05-15T12:37:13-0300 [stdout#info] {'3.72 Kwh'}
2020-05-15T12:37:13-0300 [stdout#info] {'11.41 Kwh'}
2020-05-15T12:37:14-0300 [stdout#info] {'21.92 Kwh'}
2020-05-15T12:37:14-0300 [-] 127.0.0.1:49284 - sending MQTT PUBLISH REQUEST - Number of events: 32
2020-05-15T12:37:14-0300 [twisted.internet.endpoints.OneShotFactory#info] Starting factory <twisted.internet.endpoints.connectProtocol.<locals>.OneShotFactory object at 0x7f7f1e1f4f28>
2020-05-15T12:37:14-0300 [twisted.internet.endpoints.OneShotFactory#info] Stopping factory <twisted.internet.endpoints.connectProtocol.<locals>.OneShotFactory object at 0x7f7f1e1f4ac8>
2020-05-15T12:37:14-0300 [stdout#info] This divice have no simulation core instance
2020-05-15T12:37:14-0300 [twisted.internet.endpoints.OneShotFactory#info] Starting factory <twisted.internet.endpoints.connectProtocol.<locals>.OneShotFactory object at 0x7f7f1e197240>
2020-05-15T12:37:14-0300 [stdout#info] {'6.22 Kwh'}
2020-05-15T12:37:15-0300 [stdout#info] {'4.97 Kwh'}
2020-05-15T12:37:15-0300 [stdout#info] {'15.58 Kwh'}
2020-05-15T12:37:15-0300 [stdout#info] {'11.57 Kwh'}
2020-05-15T12:37:15-0300 [stdout#info] {'5.66 Kwh'}
2020-05-15T12:37:15-0300 [stdout#info] {'4.02 Kwh'}
2020-05-15T12:37:16-0300 [stdout#info] {'21.4 Kwh'}
2020-05-15T12:37:16-0300 [stdout#info] {'9.95 Kwh'}
2020-05-15T12:37:17-0300 [stdout#info] {'18.6 Kwh'}
2020-05-15T12:37:17-0300 [stdout#info] {'3.2 Kwh'}
2020-05-15T12:37:18-0300 [stdout#info] {'7.02 Kwh'}
2020-05-15T12:37:18-0300 [stdout#info] {'20.88 Kwh'}
2020-05-15T12:37:18-0300 [stdout#info] {'7.61 Kwh'}
2020-05-15T12:37:18-0300 [stdout#info] {'7.85 Kwh'}
2020-05-15T12:37:18-0300 [stdout#info] {'21.73 Kwh'}
2020-05-15T12:37:19-0300 [stdout#info] {'8.46 Kwh'}
2020-05-15T12:37:19-0300 [-] 127.0.0.1:49284 - sending MQTT PUBLISH REQUEST - Number of events: 33
2020-05-15T12:37:19-0300 [twisted.internet.endpoints.OneShotFactory#info] Starting factory <twisted.internet.endpoints.connectProtocol.<locals>.OneShotFactory object at 0x7f7f1e1973c8>
2020-05-15T12:37:19-0300 [twisted.internet.endpoints.OneShotFactory#info] Stopping factory <twisted.internet.endpoints.connectProtocol.<locals>.OneShotFactory object at 0x7f7f1e1f4f28>
2020-05-15T12:37:19-0300 [stdout#info] This divice have no simulation core instance
2020-05-15T12:37:19-0300 [twisted.internet.endpoints.OneShotFactory#info] Starting factory <twisted.internet.endpoints.connectProtocol.<locals>.OneShotFactory object at 0x7f7f1e1976a0>
2020-05-15T12:37:19-0300 [stdout#info] {'20.91 Kwh'}
2020-05-15T12:37:20-0300 [stdout#info] {'5.78 Kwh'}
2020-05-15T12:37:20-0300 [stdout#info] {'2.98 Kwh'}
2020-05-15T12:37:21-0300 [stdout#info] {'15.37 Kwh'}
2020-05-15T12:37:21-0300 [stdout#info] {'11.16 Kwh'}
2020-05-15T12:37:21-0300 [stdout#info] {'17.83 Kwh'}
2020-05-15T12:37:21-0300 [stdout#info] {'6.71 Kwh'}
2020-05-15T12:37:21-0300 [stdout#info] {'7.01 Kwh'}
2020-05-15T12:37:22-0300 [stdout#info] {'10.42 Kwh'}
2020-05-15T12:37:22-0300 [stdout#info] {'7.91 Kwh'}
2020-05-15T12:37:23-0300 [stdout#info] {'10.73 Kwh'}
2020-05-15T12:37:23-0300 [stdout#info] {'16.0 Kwh'}
2020-05-15T12:37:24-0300 [stdout#info] {'6.71 Kwh'}
2020-05-15T12:37:24-0300 [stdout#info] {'7.89 Kwh'}
2020-05-15T12:37:24-0300 [-] 127.0.0.1:49284 - sending MQTT PUBLISH REQUEST - Number of events: 34
2020-05-15T12:37:24-0300 [twisted.internet.endpoints.OneShotFactory#info] Starting factory <twisted.internet.endpoints.connectProtocol.<locals>.OneShotFactory object at 0x7f7f1e197828>
2020-05-15T12:37:24-0300 [twisted.internet.endpoints.OneShotFactory#info] Stopping factory <twisted.internet.endpoints.connectProtocol.<locals>.OneShotFactory object at 0x7f7f1e1973c8>
2020-05-15T12:37:24-0300 [stdout#info] This divice have no simulation core instance
2020-05-15T12:37:24-0300 [twisted.internet.endpoints.OneShotFactory#info] Starting factory <twisted.internet.endpoints.connectProtocol.<locals>.OneShotFactory object at 0x7f7f1e197b00>
2020-05-15T12:37:24-0300 [stdout#info] {'15.77 Kwh'}
2020-05-15T12:37:24-0300 [stdout#info] {'17.85 Kwh'}
2020-05-15T12:37:24-0300 [stdout#info] {'13.47 Kwh'}
2020-05-15T12:37:25-0300 [stdout#info] {'5.04 Kwh'}
2020-05-15T12:37:25-0300 [stdout#info] {'4.71 Kwh'}
2020-05-15T12:37:26-0300 [stdout#info] {'17.32 Kwh'}
2020-05-15T12:37:26-0300 [stdout#info] {'20.11 Kwh'}
2020-05-15T12:37:27-0300 [stdout#info] {'21.46 Kwh'}
2020-05-15T12:37:27-0300 [stdout#info] {'3.39 Kwh'}
2020-05-15T12:37:27-0300 [stdout#info] {'15.01 Kwh'}
2020-05-15T12:37:27-0300 [stdout#info] {'21.09 Kwh'}
2020-05-15T12:37:27-0300 [stdout#info] {'9.82 Kwh'}
2020-05-15T12:37:28-0300 [stdout#info] {'12.4 Kwh'}
2020-05-15T12:37:28-0300 [stdout#info] {'14.04 Kwh'}
2020-05-15T12:37:29-0300 [stdout#info] {'18.46 Kwh'}
2020-05-15T12:37:29-0300 [-] 127.0.0.1:49284 - sending MQTT PUBLISH REQUEST - Number of events: 35
2020-05-15T12:37:29-0300 [twisted.internet.endpoints.OneShotFactory#info] Starting factory <twisted.internet.endpoints.connectProtocol.<locals>.OneShotFactory object at 0x7f7f1e197c88>
2020-05-15T12:37:29-0300 [twisted.internet.endpoints.OneShotFactory#info] Stopping factory <twisted.internet.endpoints.connectProtocol.<locals>.OneShotFactory object at 0x7f7f1e197828>
2020-05-15T12:37:29-0300 [stdout#info] This divice have no simulation core instance
2020-05-15T12:37:29-0300 [twisted.internet.endpoints.OneShotFactory#info] Starting factory <twisted.internet.endpoints.connectProtocol.<locals>.OneShotFactory object at 0x7f7f1e197f60>
2020-05-15T12:37:29-0300 [stdout#info] {'15.9 Kwh'}
2020-05-15T12:37:30-0300 [stdout#info] {'13.3 Kwh'}
2020-05-15T12:37:30-0300 [stdout#info] {'19.06 Kwh'}
2020-05-15T12:37:30-0300 [stdout#info] {'13.04 Kwh'}
2020-05-15T12:37:30-0300 [stdout#info] {'15.95 Kwh'}
2020-05-15T12:37:30-0300 [stdout#info] {'14.4 Kwh'}
2020-05-15T12:37:31-0300 [stdout#info] {'18.34 Kwh'}
2020-05-15T12:37:31-0300 [stdout#info] {'16.56 Kwh'}
2020-05-15T12:37:32-0300 [stdout#info] {'6.64 Kwh'}
2020-05-15T12:37:32-0300 [stdout#info] {'15.96 Kwh'}
2020-05-15T12:37:33-0300 [stdout#info] {'17.83 Kwh'}
2020-05-15T12:37:33-0300 [stdout#info] {'9.71 Kwh'}
2020-05-15T12:37:33-0300 [stdout#info] {'10.52 Kwh'}
2020-05-15T12:37:33-0300 [stdout#info] {'15.19 Kwh'}
2020-05-15T12:37:33-0300 [stdout#info] {'7.41 Kwh'}
2020-05-15T12:37:34-0300 [stdout#info] {'16.16 Kwh'}
2020-05-15T12:37:34-0300 [-] 127.0.0.1:49284 - sending MQTT PUBLISH REQUEST - Number of events: 36
2020-05-15T12:37:34-0300 [twisted.internet.endpoints.OneShotFactory#info] Starting factory <twisted.internet.endpoints.connectProtocol.<locals>.OneShotFactory object at 0x7f7f1e1b30b8>
2020-05-15T12:37:34-0300 [twisted.internet.endpoints.OneShotFactory#info] Stopping factory <twisted.internet.endpoints.connectProtocol.<locals>.OneShotFactory object at 0x7f7f1e197c88>
2020-05-15T12:37:34-0300 [stdout#info] This divice have no simulation core instance
2020-05-15T12:37:34-0300 [twisted.internet.endpoints.OneShotFactory#info] Starting factory <twisted.internet.endpoints.connectProtocol.<locals>.OneShotFactory object at 0x7f7f1e1b3400>
2020-05-15T12:37:34-0300 [stdout#info] {'6.62 Kwh'}
2020-05-15T12:37:35-0300 [stdout#info] {'16.65 Kwh'}
2020-05-15T12:37:35-0300 [stdout#info] {'11.72 Kwh'}
2020-05-15T12:37:36-0300 [stdout#info] {'7.26 Kwh'}
2020-05-15T12:37:36-0300 [stdout#info] {'13.71 Kwh'}
2020-05-15T12:37:36-0300 [stdout#info] {'22.05 Kwh'}
2020-05-15T12:37:36-0300 [stdout#info] {'15.16 Kwh'}
2020-05-15T12:37:36-0300 [stdout#info] {'8.11 Kwh'}
2020-05-15T12:37:37-0300 [stdout#info] {'18.19 Kwh'}
2020-05-15T12:37:37-0300 [stdout#info] {'8.54 Kwh'}
2020-05-15T12:37:38-0300 [stdout#info] {'10.88 Kwh'}
2020-05-15T12:37:38-0300 [stdout#info] {'17.62 Kwh'}
2020-05-15T12:37:39-0300 [stdout#info] {'16.35 Kwh'}
2020-05-15T12:37:39-0300 [-] 127.0.0.1:49284 - sending MQTT PUBLISH REQUEST - Number of events: 37
2020-05-15T12:37:39-0300 [stdout#info] {'10.2 Kwh'}
2020-05-15T12:37:39-0300 [stdout#info] {'16.38 Kwh'}
2020-05-15T12:37:39-0300 [stdout#info] {'19.54 Kwh'}
2020-05-15T12:37:39-0300 [twisted.internet.endpoints.OneShotFactory#info] Starting factory <twisted.internet.endpoints.connectProtocol.<locals>.OneShotFactory object at 0x7f7f1e1b3588>
2020-05-15T12:37:39-0300 [twisted.internet.endpoints.OneShotFactory#info] Stopping factory <twisted.internet.endpoints.connectProtocol.<locals>.OneShotFactory object at 0x7f7f1e1b30b8>
2020-05-15T12:37:39-0300 [stdout#info] This divice have no simulation core instance
2020-05-15T12:37:39-0300 [twisted.internet.endpoints.OneShotFactory#info] Starting factory <twisted.internet.endpoints.connectProtocol.<locals>.OneShotFactory object at 0x7f7f1e1b3860>
2020-05-15T12:37:39-0300 [stdout#info] {'16.5 Kwh'}
2020-05-15T12:37:40-0300 [stdout#info] {'3.26 Kwh'}
2020-05-15T12:37:40-0300 [stdout#info] {'4.13 Kwh'}
2020-05-15T12:37:41-0300 [stdout#info] {'3.74 Kwh'}
2020-05-15T12:37:41-0300 [stdout#info] {'5.38 Kwh'}
2020-05-15T12:37:42-0300 [stdout#info] {'14.89 Kwh'}
2020-05-15T12:37:42-0300 [stdout#info] {'13.38 Kwh'}
2020-05-15T12:37:42-0300 [stdout#info] {'18.06 Kwh'}
2020-05-15T12:37:42-0300 [stdout#info] {'13.06 Kwh'}
2020-05-15T12:37:42-0300 [stdout#info] {'17.87 Kwh'}
2020-05-15T12:37:43-0300 [stdout#info] {'3.7 Kwh'}
2020-05-15T12:37:43-0300 [stdout#info] {'16.16 Kwh'}
2020-05-15T12:37:44-0300 [-] 127.0.0.1:49284 - sending MQTT PUBLISH REQUEST - Number of events: 38
2020-05-15T12:37:44-0300 [stdout#info] {'10.88 Kwh'}
2020-05-15T12:37:44-0300 [twisted.internet.endpoints.OneShotFactory#info] Starting factory <twisted.internet.endpoints.connectProtocol.<locals>.OneShotFactory object at 0x7f7f1e1b39e8>
2020-05-15T12:37:44-0300 [twisted.internet.endpoints.OneShotFactory#info] Stopping factory <twisted.internet.endpoints.connectProtocol.<locals>.OneShotFactory object at 0x7f7f1e1b3588>
2020-05-15T12:37:44-0300 [stdout#info] This divice have no simulation core instance
2020-05-15T12:37:44-0300 [twisted.internet.endpoints.OneShotFactory#info] Starting factory <twisted.internet.endpoints.connectProtocol.<locals>.OneShotFactory object at 0x7f7f1e1b3cc0>
2020-05-15T12:37:44-0300 [stdout#info] {'10.24 Kwh'}
2020-05-15T12:37:45-0300 [-] Received SIGINT, shutting down.
2020-05-15T12:37:45-0300 [SubscriberApp,client] connection lost: Connection to the other side was lost in a non-clean fashion: Connection lost.
2020-05-15T12:37:45-0300 [SubscriberApp,client] connection lost - Number of events: 39
2020-05-15T12:37:45-0300 [twisted.internet.endpoints.OneShotFactory#info] Stopping factory <twisted.internet.endpoints.connectProtocol.<locals>.OneShotFactory object at 0x7f7f1e197f60>
2020-05-15T12:37:45-0300 [twisted.internet.endpoints.OneShotFactory#info] Stopping factory <twisted.internet.endpoints.connectProtocol.<locals>.OneShotFactory object at 0x7f7f1cb06860>
2020-05-15T12:37:45-0300 [twisted.internet.endpoints.OneShotFactory#info] Stopping factory <twisted.internet.endpoints.connectProtocol.<locals>.OneShotFactory object at 0x7f7f1e1b3860>
2020-05-15T12:37:45-0300 [twisted.internet.endpoints.OneShotFactory#info] Stopping factory <twisted.internet.endpoints.connectProtocol.<locals>.OneShotFactory object at 0x7f7f1e1f40b8>
2020-05-15T12:37:45-0300 [twisted.internet.endpoints.OneShotFactory#info] Stopping factory <twisted.internet.endpoints.connectProtocol.<locals>.OneShotFactory object at 0x7f7f1e1ca8d0>
2020-05-15T12:37:45-0300 [twisted.internet.endpoints.OneShotFactory#info] Stopping factory <twisted.internet.endpoints.connectProtocol.<locals>.OneShotFactory object at 0x7f7f1e1f4940>
2020-05-15T12:37:45-0300 [twisted.internet.endpoints.OneShotFactory#info] Stopping factory <twisted.internet.endpoints.connectProtocol.<locals>.OneShotFactory object at 0x7f7f1e1b39e8>
2020-05-15T12:37:45-0300 [twisted.internet.endpoints.OneShotFactory#info] Stopping factory <twisted.internet.endpoints.connectProtocol.<locals>.OneShotFactory object at 0x7f7f1e197240>
2020-05-15T12:37:45-0300 [twisted.internet.endpoints.OneShotFactory#info] Stopping factory <twisted.internet.endpoints.connectProtocol.<locals>.OneShotFactory object at 0x7f7f1cb17a58>
2020-05-15T12:37:45-0300 [applications.mqttapp.BrokerFactory] (TCP Port 5100 Closed)
2020-05-15T12:37:45-0300 [applications.routerapp.RouterFactory] (TCP Port 8081 Closed)
2020-05-15T12:37:45-0300 [twisted.internet.endpoints.OneShotFactory#info] Stopping factory <twisted.internet.endpoints.connectProtocol.<locals>.OneShotFactory object at 0x7f7f1e197b00>
2020-05-15T12:37:45-0300 [SubscriberApp,client] connection lost: Connection to the other side was lost in a non-clean fashion: Connection lost.
2020-05-15T12:37:45-0300 [SubscriberApp,client] connection lost - Number of events: 40
2020-05-15T12:37:45-0300 [applications.accesspointapp.AccessPointFactory] (TCP Port 8082 Closed)
2020-05-15T12:37:45-0300 [PublisherApp,client] connection lost: Connection to the other side was lost in a non-clean fashion: Connection lost.
2020-05-15T12:37:45-0300 [PublisherApp,client] connection lost - Number of events: 41
2020-05-15T12:37:45-0300 [twisted.internet.endpoints.OneShotFactory#info] Stopping factory <twisted.internet.endpoints.connectProtocol.<locals>.OneShotFactory object at 0x7f7f1e1ca400>
2020-05-15T12:37:45-0300 [twisted.internet.endpoints.OneShotFactory#info] Stopping factory <twisted.internet.endpoints.connectProtocol.<locals>.OneShotFactory object at 0x7f7f1e1b3400>
2020-05-15T12:37:45-0300 [twisted.internet.endpoints.OneShotFactory#info] Stopping factory <twisted.internet.endpoints.connectProtocol.<locals>.OneShotFactory object at 0x7f7f1e1cac88>
2020-05-15T12:37:45-0300 [twisted.internet.endpoints.OneShotFactory#info] Stopping factory <twisted.internet.endpoints.connectProtocol.<locals>.OneShotFactory object at 0x7f7f1e1b3cc0>
2020-05-15T12:37:45-0300 [twisted.internet.endpoints.OneShotFactory#info] Stopping factory <twisted.internet.endpoints.connectProtocol.<locals>.OneShotFactory object at 0x7f7f1e1f44e0>
2020-05-15T12:37:45-0300 [twisted.internet.endpoints.OneShotFactory#info] Stopping factory <twisted.internet.endpoints.connectProtocol.<locals>.OneShotFactory object at 0x7f7f1e1f4da0>
2020-05-15T12:37:45-0300 [twisted.internet.endpoints.OneShotFactory#info] Stopping factory <twisted.internet.endpoints.connectProtocol.<locals>.OneShotFactory object at 0x7f7f1cb06668>
2020-05-15T12:37:45-0300 [twisted.internet.endpoints.OneShotFactory#info] Stopping factory <twisted.internet.endpoints.connectProtocol.<locals>.OneShotFactory object at 0x7f7f1e1976a0>
2020-05-15T12:37:45-0300 [twisted.internet.endpoints.OneShotFactory#info] Stopping factory <twisted.internet.endpoints.connectProtocol.<locals>.OneShotFactory object at 0x7f7f1cb17ef0>
2020-05-15T12:37:45-0300 [-] Main loop terminated.
