2020-05-16T11:16:15-0300 [-] Creating router ...
2020-05-16T11:16:15-0300 [-] Initializing Router - Number of events: 1
2020-05-16T11:16:16-0300 [-] RouterFactory starting on 8081
2020-05-16T11:16:16-0300 [-] Creating AccessPoint station ...
2020-05-16T11:16:16-0300 [-] Initializing Access Point - Number of events: 2
2020-05-16T11:16:16-0300 [-] AccessPointFactory starting on 8082
2020-05-16T11:16:17-0300 [-] Creating fog node ...
2020-05-16T11:16:17-0300 [-] Initializing Client - Number of events: 3
2020-05-16T11:16:17-0300 [-] Creating fog node ...
2020-05-16T11:16:17-0300 [-] Initializing Client - Number of events: 4
2020-05-16T11:16:18-0300 [-] Creating fog node ...
2020-05-16T11:16:18-0300 [-] Initializing Server - Number of events: 5
2020-05-16T11:16:18-0300 [-] BrokerFactory starting on 5100
2020-05-16T11:16:18-0300 [-] Creating iot node ...
2020-05-16T11:16:18-0300 [-] Initializing Client - Number of events: 6
2020-05-16T11:16:19-0300 [-] Initializing sensor node - Number of events: 7
2020-05-16T11:16:19-0300 [-] Initializing sensor node - Number of events: 8
2020-05-16T11:16:20-0300 [stdout#info] {'12.61 Kwh'}
2020-05-16T11:16:20-0300 [-] Initializing sensor node - Number of events: 9
2020-05-16T11:16:20-0300 [stdout#info] {'16.33 Kwh'}
2020-05-16T11:16:20-0300 [-] Initializing sensor node - Number of events: 10
2020-05-16T11:16:21-0300 [stdout#info] {'5.01 Kwh'}
2020-05-16T11:16:21-0300 [-] Initializing sensor node - Number of events: 11
2020-05-16T11:16:21-0300 [stdout#info] {'17.11 Kwh'}
2020-05-16T11:16:21-0300 [-] Initializing sensor node - Number of events: 12
2020-05-16T11:16:22-0300 [stdout#info] {'16.78 Kwh'}
2020-05-16T11:16:22-0300 [-] Initializing sensor node - Number of events: 13
2020-05-16T11:16:22-0300 [stdout#info] {'20.82 Kwh'}
2020-05-16T11:16:22-0300 [-] Initializing sensor node - Number of events: 14
2020-05-16T11:16:23-0300 [stdout#info] {'15.28 Kwh'}
2020-05-16T11:16:23-0300 [-] Initializing sensor node - Number of events: 15
2020-05-16T11:16:23-0300 [stdout#info] {'16.63 Kwh'}
2020-05-16T11:16:23-0300 [-] Initializing sensor node - Number of events: 16
2020-05-16T11:16:24-0300 [stdout#info] {'10.89 Kwh'}
2020-05-16T11:16:24-0300 [stdout#info] {'19.63 Kwh'}
2020-05-16T11:16:24-0300 [stdout#info] {'17.98 Kwh'}
2020-05-16T11:16:24-0300 [stdout#info] {'3.73 Kwh'}
2020-05-16T11:16:24-0300 [stdout#info] This divice have no simulation core instance
2020-05-16T11:16:24-0300 [stdout#info] This divice have no simulation core instance
2020-05-16T11:16:24-0300 [stdout#info] This divice have no simulation core instance
2020-05-16T11:16:24-0300 [stdout#info] This divice have no simulation core instance
2020-05-16T11:16:24-0300 [stdout#info] This divice have no simulation core instance
2020-05-16T11:16:24-0300 [Uninitialized] 127.0.0.1:47098 - Connected to mqtt broker - Number of events: 17
2020-05-16T11:16:24-0300 [Uninitialized] 127.0.0.1:47098 - sending MQTT SUBSCRIBE REQUEST - Number of events: 18
2020-05-16T11:16:24-0300 [Uninitialized] 127.0.0.1:47100 - Connected to mqtt broker - Number of events: 19
2020-05-16T11:16:24-0300 [Uninitialized] 127.0.0.1:47100 - sending MQTT SUBSCRIBE REQUEST - Number of events: 20
2020-05-16T11:16:24-0300 [Uninitialized] 127.0.0.1:35192 - Connected to mqtt broker - Number of events: 21
2020-05-16T11:16:24-0300 [Uninitialized] 127.0.0.1:35192 - sending MQTT PUBLISH REQUEST - Number of events: 22
2020-05-16T11:16:24-0300 [twisted.internet.endpoints.OneShotFactory#info] Starting factory <twisted.internet.endpoints.connectProtocol.<locals>.OneShotFactory object at 0x7fa5e5b413c8>
2020-05-16T11:16:24-0300 [twisted.internet.endpoints.OneShotFactory#info] Starting factory <twisted.internet.endpoints.connectProtocol.<locals>.OneShotFactory object at 0x7fa5e5b415c0>
2020-05-16T11:16:24-0300 [twisted.internet.endpoints.OneShotFactory#info] Starting factory <twisted.internet.endpoints.connectProtocol.<locals>.OneShotFactory object at 0x7fa5e5b417f0>
2020-05-16T11:16:24-0300 [stdout#info] This divice have no simulation core instance
2020-05-16T11:16:24-0300 [twisted.internet.endpoints.OneShotFactory#info] Starting factory <twisted.internet.endpoints.connectProtocol.<locals>.OneShotFactory object at 0x7fa5e5b4e278>
2020-05-16T11:16:24-0300 [stdout#info] {'4.9 Kwh'}
2020-05-16T11:16:25-0300 [stdout#info] {'21.38 Kwh'}
2020-05-16T11:16:25-0300 [stdout#info] {'21.51 Kwh'}
2020-05-16T11:16:26-0300 [stdout#info] {'6.12 Kwh'}
2020-05-16T11:16:26-0300 [stdout#info] {'12.0 Kwh'}
2020-05-16T11:16:27-0300 [stdout#info] {'4.55 Kwh'}
2020-05-16T11:16:27-0300 [stdout#info] {'17.61 Kwh'}
2020-05-16T11:16:27-0300 [stdout#info] {'18.31 Kwh'}
2020-05-16T11:16:27-0300 [stdout#info] {'8.69 Kwh'}
2020-05-16T11:16:27-0300 [stdout#info] {'3.78 Kwh'}
2020-05-16T11:16:28-0300 [stdout#info] {'21.58 Kwh'}
2020-05-16T11:16:28-0300 [stdout#info] {'8.48 Kwh'}
2020-05-16T11:16:29-0300 [stdout#info] {'16.65 Kwh'}
2020-05-16T11:16:29-0300 [-] 127.0.0.1:35192 - sending MQTT PUBLISH REQUEST - Number of events: 23
2020-05-16T11:16:29-0300 [twisted.internet.endpoints.OneShotFactory#info] Starting factory <twisted.internet.endpoints.connectProtocol.<locals>.OneShotFactory object at 0x7fa5e5b4e588>
2020-05-16T11:16:29-0300 [twisted.internet.endpoints.OneShotFactory#info] Stopping factory <twisted.internet.endpoints.connectProtocol.<locals>.OneShotFactory object at 0x7fa5e5b417f0>
2020-05-16T11:16:29-0300 [stdout#info] This divice have no simulation core instance
2020-05-16T11:16:29-0300 [twisted.internet.endpoints.OneShotFactory#info] Starting factory <twisted.internet.endpoints.connectProtocol.<locals>.OneShotFactory object at 0x7fa5e5b4e7b8>
2020-05-16T11:16:29-0300 [twisted.internet.endpoints.OneShotFactory#info] Stopping factory <twisted.internet.endpoints.connectProtocol.<locals>.OneShotFactory object at 0x7fa5e5b4e278>
2020-05-16T11:16:29-0300 [stdout#info] {'16.53 Kwh'}
2020-05-16T11:16:30-0300 [stdout#info] {'6.84 Kwh'}
2020-05-16T11:16:30-0300 [stdout#info] {'13.94 Kwh'}
2020-05-16T11:16:30-0300 [stdout#info] {'21.39 Kwh'}
2020-05-16T11:16:30-0300 [stdout#info] {'3.49 Kwh'}
2020-05-16T11:16:30-0300 [stdout#info] {'7.57 Kwh'}
2020-05-16T11:16:31-0300 [stdout#info] {'22.01 Kwh'}
2020-05-16T11:16:31-0300 [stdout#info] {'3.41 Kwh'}
2020-05-16T11:16:32-0300 [stdout#info] {'14.77 Kwh'}
2020-05-16T11:16:32-0300 [stdout#info] {'14.84 Kwh'}
2020-05-16T11:16:33-0300 [stdout#info] {'6.98 Kwh'}
2020-05-16T11:16:33-0300 [stdout#info] {'7.32 Kwh'}
2020-05-16T11:16:33-0300 [stdout#info] {'9.03 Kwh'}
2020-05-16T11:16:33-0300 [stdout#info] {'14.69 Kwh'}
2020-05-16T11:16:33-0300 [stdout#info] {'15.86 Kwh'}
2020-05-16T11:16:34-0300 [stdout#info] {'2.61 Kwh'}
2020-05-16T11:16:34-0300 [-] 127.0.0.1:35192 - sending MQTT PUBLISH REQUEST - Number of events: 24
2020-05-16T11:16:34-0300 [twisted.internet.endpoints.OneShotFactory#info] Starting factory <twisted.internet.endpoints.connectProtocol.<locals>.OneShotFactory object at 0x7fa5e5b4e9b0>
2020-05-16T11:16:34-0300 [twisted.internet.endpoints.OneShotFactory#info] Stopping factory <twisted.internet.endpoints.connectProtocol.<locals>.OneShotFactory object at 0x7fa5e5b4e588>
2020-05-16T11:16:34-0300 [stdout#info] This divice have no simulation core instance
2020-05-16T11:16:34-0300 [twisted.internet.endpoints.OneShotFactory#info] Starting factory <twisted.internet.endpoints.connectProtocol.<locals>.OneShotFactory object at 0x7fa5e5b4ec50>
2020-05-16T11:16:34-0300 [stdout#info] {'21.51 Kwh'}
2020-05-16T11:16:35-0300 [stdout#info] {'5.72 Kwh'}
2020-05-16T11:16:35-0300 [stdout#info] {'20.85 Kwh'}
2020-05-16T11:16:36-0300 [stdout#info] {'9.74 Kwh'}
2020-05-16T11:16:36-0300 [stdout#info] {'20.77 Kwh'}
2020-05-16T11:16:36-0300 [stdout#info] {'7.86 Kwh'}
2020-05-16T11:16:36-0300 [stdout#info] {'21.79 Kwh'}
2020-05-16T11:16:36-0300 [stdout#info] {'11.54 Kwh'}
2020-05-16T11:16:37-0300 [stdout#info] {'17.07 Kwh'}
2020-05-16T11:16:37-0300 [stdout#info] {'9.39 Kwh'}
2020-05-16T11:16:38-0300 [stdout#info] {'10.34 Kwh'}
2020-05-16T11:16:38-0300 [stdout#info] {'9.18 Kwh'}
2020-05-16T11:16:39-0300 [stdout#info] {'3.04 Kwh'}
2020-05-16T11:16:39-0300 [stdout#info] {'4.56 Kwh'}
2020-05-16T11:16:39-0300 [-] 127.0.0.1:35192 - sending MQTT PUBLISH REQUEST - Number of events: 25
2020-05-16T11:16:39-0300 [stdout#info] {'9.64 Kwh'}
2020-05-16T11:16:39-0300 [stdout#info] {'16.59 Kwh'}
2020-05-16T11:16:39-0300 [twisted.internet.endpoints.OneShotFactory#info] Starting factory <twisted.internet.endpoints.connectProtocol.<locals>.OneShotFactory object at 0x7fa5e5b4eef0>
2020-05-16T11:16:39-0300 [twisted.internet.endpoints.OneShotFactory#info] Stopping factory <twisted.internet.endpoints.connectProtocol.<locals>.OneShotFactory object at 0x7fa5e5b4e9b0>
2020-05-16T11:16:39-0300 [stdout#info] This divice have no simulation core instance
2020-05-16T11:16:39-0300 [twisted.internet.endpoints.OneShotFactory#info] Starting factory <twisted.internet.endpoints.connectProtocol.<locals>.OneShotFactory object at 0x7fa5e7212160>
2020-05-16T11:16:39-0300 [stdout#info] {'8.82 Kwh'}
2020-05-16T11:16:40-0300 [stdout#info] {'15.12 Kwh'}
2020-05-16T11:16:40-0300 [stdout#info] {'15.8 Kwh'}
2020-05-16T11:16:41-0300 [stdout#info] {'6.12 Kwh'}
2020-05-16T11:16:42-0300 [stdout#info] {'10.03 Kwh'}
2020-05-16T11:16:42-0300 [stdout#info] {'11.6 Kwh'}
2020-05-16T11:16:42-0300 [stdout#info] {'2.69 Kwh'}
2020-05-16T11:16:42-0300 [stdout#info] {'3.49 Kwh'}
2020-05-16T11:16:42-0300 [stdout#info] {'11.56 Kwh'}
2020-05-16T11:16:42-0300 [stdout#info] {'6.52 Kwh'}
2020-05-16T11:16:43-0300 [stdout#info] {'22.35 Kwh'}
2020-05-16T11:16:43-0300 [stdout#info] {'17.59 Kwh'}
2020-05-16T11:16:44-0300 [stdout#info] {'13.11 Kwh'}
2020-05-16T11:16:44-0300 [-] 127.0.0.1:35192 - sending MQTT PUBLISH REQUEST - Number of events: 26
2020-05-16T11:16:44-0300 [twisted.internet.endpoints.OneShotFactory#info] Starting factory <twisted.internet.endpoints.connectProtocol.<locals>.OneShotFactory object at 0x7fa5e7212400>
2020-05-16T11:16:44-0300 [twisted.internet.endpoints.OneShotFactory#info] Stopping factory <twisted.internet.endpoints.connectProtocol.<locals>.OneShotFactory object at 0x7fa5e5b4eef0>
2020-05-16T11:16:44-0300 [stdout#info] This divice have no simulation core instance
2020-05-16T11:16:44-0300 [twisted.internet.endpoints.OneShotFactory#info] Starting factory <twisted.internet.endpoints.connectProtocol.<locals>.OneShotFactory object at 0x7fa5e7212668>
2020-05-16T11:16:45-0300 [stdout#info] {'5.3 Kwh'}
2020-05-16T11:16:45-0300 [stdout#info] {'3.87 Kwh'}
2020-05-16T11:16:45-0300 [stdout#info] {'20.27 Kwh'}
2020-05-16T11:16:45-0300 [stdout#info] {'18.6 Kwh'}
2020-05-16T11:16:45-0300 [stdout#info] {'9.96 Kwh'}
2020-05-16T11:16:45-0300 [stdout#info] {'18.75 Kwh'}
2020-05-16T11:16:46-0300 [stdout#info] {'12.75 Kwh'}
2020-05-16T11:16:46-0300 [stdout#info] {'19.51 Kwh'}
2020-05-16T11:16:47-0300 [stdout#info] {'18.86 Kwh'}
2020-05-16T11:16:48-0300 [stdout#info] {'13.79 Kwh'}
2020-05-16T11:16:48-0300 [stdout#info] {'5.86 Kwh'}
2020-05-16T11:16:48-0300 [stdout#info] {'15.4 Kwh'}
2020-05-16T11:16:48-0300 [stdout#info] {'21.43 Kwh'}
2020-05-16T11:16:48-0300 [stdout#info] {'5.57 Kwh'}
2020-05-16T11:16:48-0300 [stdout#info] {'17.66 Kwh'}
2020-05-16T11:16:49-0300 [stdout#info] {'4.13 Kwh'}
2020-05-16T11:16:49-0300 [-] 127.0.0.1:35192 - sending MQTT PUBLISH REQUEST - Number of events: 27
2020-05-16T11:16:49-0300 [twisted.internet.endpoints.OneShotFactory#info] Starting factory <twisted.internet.endpoints.connectProtocol.<locals>.OneShotFactory object at 0x7fa5e7212550>
2020-05-16T11:16:49-0300 [twisted.internet.endpoints.OneShotFactory#info] Stopping factory <twisted.internet.endpoints.connectProtocol.<locals>.OneShotFactory object at 0x7fa5e7212400>
2020-05-16T11:16:49-0300 [stdout#info] This divice have no simulation core instance
2020-05-16T11:16:49-0300 [twisted.internet.endpoints.OneShotFactory#info] Starting factory <twisted.internet.endpoints.connectProtocol.<locals>.OneShotFactory object at 0x7fa5e72129e8>
2020-05-16T11:16:49-0300 [stdout#info] {'16.11 Kwh'}
2020-05-16T11:16:50-0300 [stdout#info] {'20.43 Kwh'}
2020-05-16T11:16:51-0300 [stdout#info] {'11.47 Kwh'}
2020-05-16T11:16:51-0300 [stdout#info] {'3.65 Kwh'}
2020-05-16T11:16:51-0300 [stdout#info] {'11.05 Kwh'}
2020-05-16T11:16:51-0300 [stdout#info] {'9.58 Kwh'}
2020-05-16T11:16:51-0300 [stdout#info] {'21.55 Kwh'}
2020-05-16T11:16:51-0300 [stdout#info] {'9.56 Kwh'}
2020-05-16T11:16:52-0300 [stdout#info] {'11.04 Kwh'}
2020-05-16T11:16:52-0300 [stdout#info] {'9.03 Kwh'}
2020-05-16T11:16:53-0300 [stdout#info] {'4.36 Kwh'}
2020-05-16T11:16:54-0300 [stdout#info] {'10.07 Kwh'}
2020-05-16T11:16:54-0300 [stdout#info] {'8.56 Kwh'}
2020-05-16T11:16:54-0300 [-] 127.0.0.1:35192 - sending MQTT PUBLISH REQUEST - Number of events: 28
2020-05-16T11:16:54-0300 [twisted.internet.endpoints.OneShotFactory#info] Starting factory <twisted.internet.endpoints.connectProtocol.<locals>.OneShotFactory object at 0x7fa5e7212ba8>
2020-05-16T11:16:54-0300 [twisted.internet.endpoints.OneShotFactory#info] Stopping factory <twisted.internet.endpoints.connectProtocol.<locals>.OneShotFactory object at 0x7fa5e7212550>
2020-05-16T11:16:54-0300 [stdout#info] This divice have no simulation core instance
2020-05-16T11:16:54-0300 [twisted.internet.endpoints.OneShotFactory#info] Starting factory <twisted.internet.endpoints.connectProtocol.<locals>.OneShotFactory object at 0x7fa5e7212e10>
2020-05-16T11:16:54-0300 [stdout#info] {'9.06 Kwh'}
2020-05-16T11:16:54-0300 [stdout#info] {'20.07 Kwh'}
2020-05-16T11:16:54-0300 [stdout#info] {'22.13 Kwh'}
2020-05-16T11:16:54-0300 [stdout#info] {'17.94 Kwh'}
2020-05-16T11:16:55-0300 [stdout#info] {'10.08 Kwh'}
2020-05-16T11:16:55-0300 [stdout#info] {'17.64 Kwh'}
2020-05-16T11:16:56-0300 [stdout#info] {'16.88 Kwh'}
2020-05-16T11:16:57-0300 [stdout#info] {'20.73 Kwh'}
2020-05-16T11:16:57-0300 [stdout#info] {'8.28 Kwh'}
2020-05-16T11:16:57-0300 [stdout#info] {'13.62 Kwh'}
2020-05-16T11:16:57-0300 [stdout#info] {'11.65 Kwh'}
2020-05-16T11:16:57-0300 [stdout#info] {'4.5 Kwh'}
2020-05-16T11:16:57-0300 [stdout#info] {'9.49 Kwh'}
2020-05-16T11:16:58-0300 [stdout#info] {'11.07 Kwh'}
2020-05-16T11:16:58-0300 [stdout#info] {'12.67 Kwh'}
2020-05-16T11:16:59-0300 [stdout#info] {'5.27 Kwh'}
2020-05-16T11:16:59-0300 [-] 127.0.0.1:35192 - sending MQTT PUBLISH REQUEST - Number of events: 29
2020-05-16T11:16:59-0300 [twisted.internet.endpoints.OneShotFactory#info] Starting factory <twisted.internet.endpoints.connectProtocol.<locals>.OneShotFactory object at 0x7fa5e5b41710>
2020-05-16T11:16:59-0300 [twisted.internet.endpoints.OneShotFactory#info] Stopping factory <twisted.internet.endpoints.connectProtocol.<locals>.OneShotFactory object at 0x7fa5e7212ba8>
2020-05-16T11:16:59-0300 [stdout#info] This divice have no simulation core instance
2020-05-16T11:16:59-0300 [twisted.internet.endpoints.OneShotFactory#info] Starting factory <twisted.internet.endpoints.connectProtocol.<locals>.OneShotFactory object at 0x7fa5e71ca278>
2020-05-16T11:17:00-0300 [stdout#info] {'6.89 Kwh'}
2020-05-16T11:17:00-0300 [stdout#info] {'12.47 Kwh'}
2020-05-16T11:17:00-0300 [stdout#info] {'18.04 Kwh'}
2020-05-16T11:17:00-0300 [stdout#info] {'8.52 Kwh'}
2020-05-16T11:17:00-0300 [stdout#info] {'6.87 Kwh'}
2020-05-16T11:17:00-0300 [stdout#info] {'10.89 Kwh'}
2020-05-16T11:17:01-0300 [stdout#info] {'6.05 Kwh'}
2020-05-16T11:17:01-0300 [stdout#info] {'16.6 Kwh'}
2020-05-16T11:17:02-0300 [stdout#info] {'15.29 Kwh'}
2020-05-16T11:17:03-0300 [stdout#info] {'15.96 Kwh'}
2020-05-16T11:17:03-0300 [stdout#info] {'5.99 Kwh'}
2020-05-16T11:17:03-0300 [stdout#info] {'8.45 Kwh'}
2020-05-16T11:17:03-0300 [stdout#info] {'15.92 Kwh'}
2020-05-16T11:17:03-0300 [stdout#info] {'12.3 Kwh'}
2020-05-16T11:17:03-0300 [stdout#info] {'9.67 Kwh'}
2020-05-16T11:17:04-0300 [stdout#info] {'20.85 Kwh'}
2020-05-16T11:17:04-0300 [-] 127.0.0.1:35192 - sending MQTT PUBLISH REQUEST - Number of events: 30
2020-05-16T11:17:04-0300 [twisted.internet.endpoints.OneShotFactory#info] Starting factory <twisted.internet.endpoints.connectProtocol.<locals>.OneShotFactory object at 0x7fa5e71ca4e0>
2020-05-16T11:17:04-0300 [twisted.internet.endpoints.OneShotFactory#info] Stopping factory <twisted.internet.endpoints.connectProtocol.<locals>.OneShotFactory object at 0x7fa5e5b41710>
2020-05-16T11:17:04-0300 [stdout#info] This divice have no simulation core instance
2020-05-16T11:17:04-0300 [twisted.internet.endpoints.OneShotFactory#info] Starting factory <twisted.internet.endpoints.connectProtocol.<locals>.OneShotFactory object at 0x7fa5e71ca6d8>
2020-05-16T11:17:04-0300 [stdout#info] {'5.27 Kwh'}
2020-05-16T11:17:05-0300 [stdout#info] {'16.97 Kwh'}
2020-05-16T11:17:06-0300 [stdout#info] {'17.76 Kwh'}
2020-05-16T11:17:06-0300 [stdout#info] {'19.52 Kwh'}
2020-05-16T11:17:06-0300 [stdout#info] {'12.68 Kwh'}
2020-05-16T11:17:06-0300 [stdout#info] {'3.17 Kwh'}
2020-05-16T11:17:06-0300 [stdout#info] {'12.17 Kwh'}
2020-05-16T11:17:06-0300 [stdout#info] {'8.41 Kwh'}
2020-05-16T11:17:07-0300 [stdout#info] {'12.96 Kwh'}
2020-05-16T11:17:07-0300 [stdout#info] {'15.22 Kwh'}
2020-05-16T11:17:08-0300 [stdout#info] {'12.0 Kwh'}
2020-05-16T11:17:09-0300 [stdout#info] {'3.65 Kwh'}
2020-05-16T11:17:09-0300 [stdout#info] {'9.01 Kwh'}
2020-05-16T11:17:09-0300 [-] 127.0.0.1:35192 - sending MQTT PUBLISH REQUEST - Number of events: 31
2020-05-16T11:17:09-0300 [twisted.internet.endpoints.OneShotFactory#info] Starting factory <twisted.internet.endpoints.connectProtocol.<locals>.OneShotFactory object at 0x7fa5e71ca860>
2020-05-16T11:17:09-0300 [twisted.internet.endpoints.OneShotFactory#info] Stopping factory <twisted.internet.endpoints.connectProtocol.<locals>.OneShotFactory object at 0x7fa5e71ca4e0>
2020-05-16T11:17:09-0300 [stdout#info] This divice have no simulation core instance
2020-05-16T11:17:09-0300 [twisted.internet.endpoints.OneShotFactory#info] Starting factory <twisted.internet.endpoints.connectProtocol.<locals>.OneShotFactory object at 0x7fa5e71cab38>
2020-05-16T11:17:09-0300 [stdout#info] {'21.3 Kwh'}
2020-05-16T11:17:09-0300 [stdout#info] {'10.61 Kwh'}
2020-05-16T11:17:09-0300 [stdout#info] {'17.87 Kwh'}
2020-05-16T11:17:09-0300 [stdout#info] {'18.04 Kwh'}
2020-05-16T11:17:10-0300 [stdout#info] {'11.14 Kwh'}
2020-05-16T11:17:10-0300 [stdout#info] {'7.06 Kwh'}
2020-05-16T11:17:11-0300 [stdout#info] {'17.15 Kwh'}
2020-05-16T11:17:12-0300 [stdout#info] {'8.56 Kwh'}
2020-05-16T11:17:12-0300 [stdout#info] {'13.32 Kwh'}
2020-05-16T11:17:12-0300 [stdout#info] {'6.17 Kwh'}
2020-05-16T11:17:12-0300 [stdout#info] {'7.74 Kwh'}
2020-05-16T11:17:12-0300 [stdout#info] {'11.08 Kwh'}
2020-05-16T11:17:12-0300 [stdout#info] {'17.86 Kwh'}
2020-05-16T11:17:13-0300 [stdout#info] {'16.45 Kwh'}
2020-05-16T11:17:13-0300 [stdout#info] {'18.24 Kwh'}
2020-05-16T11:17:14-0300 [stdout#info] {'18.0 Kwh'}
2020-05-16T11:17:14-0300 [-] 127.0.0.1:35192 - sending MQTT PUBLISH REQUEST - Number of events: 32
2020-05-16T11:17:14-0300 [twisted.internet.endpoints.OneShotFactory#info] Starting factory <twisted.internet.endpoints.connectProtocol.<locals>.OneShotFactory object at 0x7fa5e71cacc0>
2020-05-16T11:17:14-0300 [twisted.internet.endpoints.OneShotFactory#info] Stopping factory <twisted.internet.endpoints.connectProtocol.<locals>.OneShotFactory object at 0x7fa5e71ca860>
2020-05-16T11:17:14-0300 [stdout#info] This divice have no simulation core instance
2020-05-16T11:17:14-0300 [twisted.internet.endpoints.OneShotFactory#info] Starting factory <twisted.internet.endpoints.connectProtocol.<locals>.OneShotFactory object at 0x7fa5e71caf98>
2020-05-16T11:17:15-0300 [stdout#info] {'6.25 Kwh'}
2020-05-16T11:17:15-0300 [stdout#info] {'7.53 Kwh'}
2020-05-16T11:17:15-0300 [stdout#info] {'4.75 Kwh'}
2020-05-16T11:17:15-0300 [stdout#info] {'7.45 Kwh'}
2020-05-16T11:17:15-0300 [stdout#info] {'9.46 Kwh'}
2020-05-16T11:17:15-0300 [stdout#info] {'2.93 Kwh'}
2020-05-16T11:17:16-0300 [stdout#info] {'12.7 Kwh'}
2020-05-16T11:17:16-0300 [stdout#info] {'12.99 Kwh'}
2020-05-16T11:17:17-0300 [stdout#info] {'19.44 Kwh'}
2020-05-16T11:17:18-0300 [stdout#info] {'4.01 Kwh'}
2020-05-16T11:17:18-0300 [stdout#info] {'5.67 Kwh'}
2020-05-16T11:17:18-0300 [stdout#info] {'10.27 Kwh'}
2020-05-16T11:17:18-0300 [stdout#info] {'8.08 Kwh'}
2020-05-16T11:17:18-0300 [stdout#info] {'16.0 Kwh'}
2020-05-16T11:17:18-0300 [stdout#info] {'21.01 Kwh'}
2020-05-16T11:17:19-0300 [stdout#info] {'18.3 Kwh'}
2020-05-16T11:17:19-0300 [-] 127.0.0.1:35192 - sending MQTT PUBLISH REQUEST - Number of events: 33
2020-05-16T11:17:19-0300 [twisted.internet.endpoints.OneShotFactory#info] Starting factory <twisted.internet.endpoints.connectProtocol.<locals>.OneShotFactory object at 0x7fa5e71e30f0>
2020-05-16T11:17:19-0300 [twisted.internet.endpoints.OneShotFactory#info] Stopping factory <twisted.internet.endpoints.connectProtocol.<locals>.OneShotFactory object at 0x7fa5e71cacc0>
2020-05-16T11:17:19-0300 [stdout#info] This divice have no simulation core instance
2020-05-16T11:17:19-0300 [twisted.internet.endpoints.OneShotFactory#info] Starting factory <twisted.internet.endpoints.connectProtocol.<locals>.OneShotFactory object at 0x7fa5e71e3438>
2020-05-16T11:17:19-0300 [stdout#info] {'13.84 Kwh'}
2020-05-16T11:17:20-0300 [stdout#info] {'4.18 Kwh'}
2020-05-16T11:17:21-0300 [stdout#info] {'7.22 Kwh'}
2020-05-16T11:17:21-0300 [stdout#info] {'21.01 Kwh'}
2020-05-16T11:17:21-0300 [stdout#info] {'17.91 Kwh'}
2020-05-16T11:17:21-0300 [stdout#info] {'16.87 Kwh'}
2020-05-16T11:17:21-0300 [stdout#info] {'16.89 Kwh'}
2020-05-16T11:17:21-0300 [stdout#info] {'4.2 Kwh'}
2020-05-16T11:17:22-0300 [stdout#info] {'14.46 Kwh'}
2020-05-16T11:17:22-0300 [stdout#info] {'13.18 Kwh'}
2020-05-16T11:17:23-0300 [stdout#info] {'4.78 Kwh'}
2020-05-16T11:17:24-0300 [stdout#info] {'17.96 Kwh'}
2020-05-16T11:17:24-0300 [-] 127.0.0.1:35192 - sending MQTT PUBLISH REQUEST - Number of events: 34
2020-05-16T11:17:24-0300 [twisted.internet.endpoints.OneShotFactory#info] Starting factory <twisted.internet.endpoints.connectProtocol.<locals>.OneShotFactory object at 0x7fa5e63670f0>
2020-05-16T11:17:24-0300 [twisted.internet.endpoints.OneShotFactory#info] Stopping factory <twisted.internet.endpoints.connectProtocol.<locals>.OneShotFactory object at 0x7fa5e71e30f0>
2020-05-16T11:17:24-0300 [stdout#info] This divice have no simulation core instance
2020-05-16T11:17:24-0300 [stdout#info] {'9.72 Kwh'}
2020-05-16T11:17:24-0300 [twisted.internet.endpoints.OneShotFactory#info] Starting factory <twisted.internet.endpoints.connectProtocol.<locals>.OneShotFactory object at 0x7fa5e71e3860>
2020-05-16T11:17:24-0300 [stdout#info] {'20.93 Kwh'}
2020-05-16T11:17:24-0300 [stdout#info] {'10.62 Kwh'}
2020-05-16T11:17:24-0300 [stdout#info] {'19.82 Kwh'}
2020-05-16T11:17:24-0300 [stdout#info] {'15.09 Kwh'}
2020-05-16T11:17:25-0300 [stdout#info] {'13.88 Kwh'}
2020-05-16T11:17:25-0300 [stdout#info] {'2.64 Kwh'}
2020-05-16T11:17:26-0300 [stdout#info] {'22.16 Kwh'}
2020-05-16T11:17:27-0300 [stdout#info] {'19.97 Kwh'}
2020-05-16T11:17:27-0300 [stdout#info] {'16.96 Kwh'}
2020-05-16T11:17:27-0300 [stdout#info] {'7.55 Kwh'}
2020-05-16T11:17:27-0300 [stdout#info] {'16.83 Kwh'}
2020-05-16T11:17:27-0300 [stdout#info] {'16.75 Kwh'}
2020-05-16T11:17:27-0300 [stdout#info] {'15.38 Kwh'}
2020-05-16T11:17:28-0300 [stdout#info] {'2.6 Kwh'}
2020-05-16T11:17:28-0300 [stdout#info] {'6.39 Kwh'}
2020-05-16T11:17:29-0300 [stdout#info] {'14.81 Kwh'}
2020-05-16T11:17:29-0300 [-] 127.0.0.1:35192 - sending MQTT PUBLISH REQUEST - Number of events: 35
2020-05-16T11:17:29-0300 [twisted.internet.endpoints.OneShotFactory#info] Starting factory <twisted.internet.endpoints.connectProtocol.<locals>.OneShotFactory object at 0x7fa5e71e39e8>
2020-05-16T11:17:29-0300 [twisted.internet.endpoints.OneShotFactory#info] Stopping factory <twisted.internet.endpoints.connectProtocol.<locals>.OneShotFactory object at 0x7fa5e63670f0>
2020-05-16T11:17:29-0300 [stdout#info] This divice have no simulation core instance
2020-05-16T11:17:29-0300 [twisted.internet.endpoints.OneShotFactory#info] Starting factory <twisted.internet.endpoints.connectProtocol.<locals>.OneShotFactory object at 0x7fa5e71e3cc0>
2020-05-16T11:17:30-0300 [stdout#info] {'13.98 Kwh'}
2020-05-16T11:17:30-0300 [stdout#info] {'5.58 Kwh'}
2020-05-16T11:17:30-0300 [stdout#info] {'22.23 Kwh'}
2020-05-16T11:17:30-0300 [stdout#info] {'7.11 Kwh'}
2020-05-16T11:17:30-0300 [stdout#info] {'22.27 Kwh'}
2020-05-16T11:17:30-0300 [stdout#info] {'13.97 Kwh'}
2020-05-16T11:17:31-0300 [stdout#info] {'14.01 Kwh'}
2020-05-16T11:17:31-0300 [stdout#info] {'6.88 Kwh'}
2020-05-16T11:17:32-0300 [stdout#info] {'21.81 Kwh'}
2020-05-16T11:17:33-0300 [stdout#info] {'15.0 Kwh'}
2020-05-16T11:17:33-0300 [stdout#info] {'4.81 Kwh'}
2020-05-16T11:17:33-0300 [stdout#info] {'19.15 Kwh'}
2020-05-16T11:17:33-0300 [stdout#info] {'12.3 Kwh'}
2020-05-16T11:17:33-0300 [stdout#info] {'8.61 Kwh'}
2020-05-16T11:17:33-0300 [stdout#info] {'21.83 Kwh'}
2020-05-16T11:17:34-0300 [-] 127.0.0.1:35192 - sending MQTT PUBLISH REQUEST - Number of events: 36
2020-05-16T11:17:34-0300 [twisted.internet.endpoints.OneShotFactory#info] Starting factory <twisted.internet.endpoints.connectProtocol.<locals>.OneShotFactory object at 0x7fa5e71e3e48>
2020-05-16T11:17:34-0300 [twisted.internet.endpoints.OneShotFactory#info] Stopping factory <twisted.internet.endpoints.connectProtocol.<locals>.OneShotFactory object at 0x7fa5e71e39e8>
2020-05-16T11:17:34-0300 [stdout#info] This divice have no simulation core instance
2020-05-16T11:17:34-0300 [twisted.internet.endpoints.OneShotFactory#info] Starting factory <twisted.internet.endpoints.connectProtocol.<locals>.OneShotFactory object at 0x7fa5e71f3160>
2020-05-16T11:17:34-0300 [stdout#info] {'17.01 Kwh'}
2020-05-16T11:17:34-0300 [stdout#info] {'14.1 Kwh'}
2020-05-16T11:17:35-0300 [stdout#info] {'4.61 Kwh'}
2020-05-16T11:17:36-0300 [stdout#info] {'10.1 Kwh'}
2020-05-16T11:17:36-0300 [stdout#info] {'19.9 Kwh'}
2020-05-16T11:17:36-0300 [stdout#info] {'9.81 Kwh'}
2020-05-16T11:17:36-0300 [stdout#info] {'6.37 Kwh'}
2020-05-16T11:17:36-0300 [stdout#info] {'11.26 Kwh'}
2020-05-16T11:17:36-0300 [stdout#info] {'19.02 Kwh'}
2020-05-16T11:17:37-0300 [stdout#info] {'2.77 Kwh'}
2020-05-16T11:17:37-0300 [stdout#info] {'7.12 Kwh'}
2020-05-16T11:17:38-0300 [stdout#info] {'11.7 Kwh'}
2020-05-16T11:17:39-0300 [stdout#info] {'4.99 Kwh'}
2020-05-16T11:17:39-0300 [-] 127.0.0.1:35192 - sending MQTT PUBLISH REQUEST - Number of events: 37
2020-05-16T11:17:39-0300 [twisted.internet.endpoints.OneShotFactory#info] Starting factory <twisted.internet.endpoints.connectProtocol.<locals>.OneShotFactory object at 0x7fa5e71f32e8>
2020-05-16T11:17:39-0300 [twisted.internet.endpoints.OneShotFactory#info] Stopping factory <twisted.internet.endpoints.connectProtocol.<locals>.OneShotFactory object at 0x7fa5e71e3e48>
2020-05-16T11:17:39-0300 [stdout#info] This divice have no simulation core instance
2020-05-16T11:17:39-0300 [twisted.internet.endpoints.OneShotFactory#info] Starting factory <twisted.internet.endpoints.connectProtocol.<locals>.OneShotFactory object at 0x7fa5e71f35c0>
2020-05-16T11:17:39-0300 [stdout#info] {'18.73 Kwh'}
2020-05-16T11:17:39-0300 [stdout#info] {'11.08 Kwh'}
2020-05-16T11:17:39-0300 [stdout#info] {'21.28 Kwh'}
2020-05-16T11:17:39-0300 [stdout#info] {'18.84 Kwh'}
2020-05-16T11:17:39-0300 [stdout#info] {'5.86 Kwh'}
2020-05-16T11:17:40-0300 [stdout#info] {'10.13 Kwh'}
2020-05-16T11:17:40-0300 [stdout#info] {'2.84 Kwh'}
2020-05-16T11:17:41-0300 [stdout#info] {'15.15 Kwh'}
2020-05-16T11:17:42-0300 [stdout#info] {'4.6 Kwh'}
2020-05-16T11:17:42-0300 [stdout#info] {'15.07 Kwh'}
2020-05-16T11:17:42-0300 [stdout#info] {'19.74 Kwh'}
2020-05-16T11:17:42-0300 [stdout#info] {'2.51 Kwh'}
2020-05-16T11:17:42-0300 [stdout#info] {'18.08 Kwh'}
2020-05-16T11:17:42-0300 [stdout#info] {'16.5 Kwh'}
2020-05-16T11:17:43-0300 [stdout#info] {'3.9 Kwh'}
2020-05-16T11:17:43-0300 [stdout#info] {'20.41 Kwh'}
2020-05-16T11:17:44-0300 [-] 127.0.0.1:35192 - sending MQTT PUBLISH REQUEST - Number of events: 38
2020-05-16T11:17:44-0300 [twisted.internet.endpoints.OneShotFactory#info] Starting factory <twisted.internet.endpoints.connectProtocol.<locals>.OneShotFactory object at 0x7fa5e71f30f0>
2020-05-16T11:17:44-0300 [twisted.internet.endpoints.OneShotFactory#info] Stopping factory <twisted.internet.endpoints.connectProtocol.<locals>.OneShotFactory object at 0x7fa5e71f32e8>
2020-05-16T11:17:44-0300 [stdout#info] This divice have no simulation core instance
2020-05-16T11:17:44-0300 [twisted.internet.endpoints.OneShotFactory#info] Starting factory <twisted.internet.endpoints.connectProtocol.<locals>.OneShotFactory object at 0x7fa5e71f3a20>
2020-05-16T11:17:44-0300 [stdout#info] {'13.64 Kwh'}
2020-05-16T11:17:45-0300 [stdout#info] {'12.47 Kwh'}
2020-05-16T11:17:45-0300 [stdout#info] {'14.55 Kwh'}
2020-05-16T11:17:45-0300 [stdout#info] {'6.83 Kwh'}
2020-05-16T11:17:45-0300 [stdout#info] {'20.97 Kwh'}
2020-05-16T11:17:45-0300 [stdout#info] {'13.59 Kwh'}
2020-05-16T11:17:45-0300 [stdout#info] {'4.22 Kwh'}
2020-05-16T11:17:46-0300 [stdout#info] {'15.07 Kwh'}
2020-05-16T11:17:46-0300 [stdout#info] {'6.42 Kwh'}
2020-05-16T11:17:47-0300 [stdout#info] {'3.24 Kwh'}
2020-05-16T11:17:48-0300 [stdout#info] {'15.01 Kwh'}
2020-05-16T11:17:48-0300 [stdout#info] {'15.72 Kwh'}
2020-05-16T11:17:48-0300 [stdout#info] {'15.41 Kwh'}
2020-05-16T11:17:48-0300 [stdout#info] {'9.18 Kwh'}
2020-05-16T11:17:48-0300 [stdout#info] {'20.08 Kwh'}
2020-05-16T11:17:48-0300 [stdout#info] {'15.23 Kwh'}
2020-05-16T11:17:49-0300 [-] 127.0.0.1:35192 - sending MQTT PUBLISH REQUEST - Number of events: 39
2020-05-16T11:17:49-0300 [twisted.internet.endpoints.OneShotFactory#info] Starting factory <twisted.internet.endpoints.connectProtocol.<locals>.OneShotFactory object at 0x7fa5e71f3ba8>
2020-05-16T11:17:49-0300 [twisted.internet.endpoints.OneShotFactory#info] Stopping factory <twisted.internet.endpoints.connectProtocol.<locals>.OneShotFactory object at 0x7fa5e71f30f0>
2020-05-16T11:17:49-0300 [stdout#info] This divice have no simulation core instance
2020-05-16T11:17:49-0300 [twisted.internet.endpoints.OneShotFactory#info] Starting factory <twisted.internet.endpoints.connectProtocol.<locals>.OneShotFactory object at 0x7fa5e71f3e80>
2020-05-16T11:17:49-0300 [stdout#info] {'4.99 Kwh'}
2020-05-16T11:17:49-0300 [stdout#info] {'3.2 Kwh'}
2020-05-16T11:17:50-0300 [stdout#info] {'5.95 Kwh'}
2020-05-16T11:17:51-0300 [stdout#info] {'8.55 Kwh'}
2020-05-16T11:17:51-0300 [stdout#info] {'3.63 Kwh'}
2020-05-16T11:17:51-0300 [stdout#info] {'8.7 Kwh'}
2020-05-16T11:17:51-0300 [stdout#info] {'7.61 Kwh'}
2020-05-16T11:17:51-0300 [stdout#info] {'19.4 Kwh'}
2020-05-16T11:17:51-0300 [stdout#info] {'3.46 Kwh'}
2020-05-16T11:17:52-0300 [stdout#info] {'15.13 Kwh'}
2020-05-16T11:17:52-0300 [stdout#info] {'20.11 Kwh'}
2020-05-16T11:17:53-0300 [stdout#info] {'16.29 Kwh'}
2020-05-16T11:17:54-0300 [stdout#info] {'15.48 Kwh'}
2020-05-16T11:17:54-0300 [-] 127.0.0.1:35192 - sending MQTT PUBLISH REQUEST - Number of events: 40
2020-05-16T11:17:54-0300 [twisted.internet.endpoints.OneShotFactory#info] Starting factory <twisted.internet.endpoints.connectProtocol.<locals>.OneShotFactory object at 0x7fa5e71840f0>
2020-05-16T11:17:54-0300 [twisted.internet.endpoints.OneShotFactory#info] Stopping factory <twisted.internet.endpoints.connectProtocol.<locals>.OneShotFactory object at 0x7fa5e71f3ba8>
2020-05-16T11:17:54-0300 [stdout#info] This divice have no simulation core instance
2020-05-16T11:17:54-0300 [twisted.internet.endpoints.OneShotFactory#info] Starting factory <twisted.internet.endpoints.connectProtocol.<locals>.OneShotFactory object at 0x7fa5e7184320>
2020-05-16T11:17:54-0300 [stdout#info] {'9.05 Kwh'}
2020-05-16T11:17:54-0300 [stdout#info] {'2.92 Kwh'}
2020-05-16T11:17:54-0300 [stdout#info] {'16.98 Kwh'}
2020-05-16T11:17:54-0300 [stdout#info] {'21.53 Kwh'}
2020-05-16T11:17:54-0300 [stdout#info] {'21.7 Kwh'}
2020-05-16T11:17:55-0300 [stdout#info] {'20.74 Kwh'}
2020-05-16T11:17:55-0300 [stdout#info] {'15.07 Kwh'}
2020-05-16T11:17:56-0300 [stdout#info] {'19.48 Kwh'}
2020-05-16T11:17:57-0300 [stdout#info] {'8.01 Kwh'}
2020-05-16T11:17:57-0300 [stdout#info] {'21.72 Kwh'}
2020-05-16T11:17:57-0300 [stdout#info] {'18.96 Kwh'}
2020-05-16T11:17:57-0300 [stdout#info] {'14.98 Kwh'}
2020-05-16T11:17:57-0300 [stdout#info] {'21.9 Kwh'}
2020-05-16T11:17:57-0300 [stdout#info] {'3.43 Kwh'}
2020-05-16T11:17:58-0300 [stdout#info] {'13.6 Kwh'}
2020-05-16T11:17:58-0300 [stdout#info] {'3.05 Kwh'}
2020-05-16T11:17:59-0300 [-] 127.0.0.1:35192 - sending MQTT PUBLISH REQUEST - Number of events: 41
2020-05-16T11:17:59-0300 [twisted.internet.endpoints.OneShotFactory#info] Starting factory <twisted.internet.endpoints.connectProtocol.<locals>.OneShotFactory object at 0x7fa5e71844a8>
2020-05-16T11:17:59-0300 [twisted.internet.endpoints.OneShotFactory#info] Stopping factory <twisted.internet.endpoints.connectProtocol.<locals>.OneShotFactory object at 0x7fa5e71840f0>
2020-05-16T11:17:59-0300 [stdout#info] This divice have no simulation core instance
2020-05-16T11:17:59-0300 [twisted.internet.endpoints.OneShotFactory#info] Starting factory <twisted.internet.endpoints.connectProtocol.<locals>.OneShotFactory object at 0x7fa5e7184780>
2020-05-16T11:17:59-0300 [stdout#info] {'14.18 Kwh'}
2020-05-16T11:18:00-0300 [stdout#info] {'8.9 Kwh'}
2020-05-16T11:18:00-0300 [stdout#info] {'4.54 Kwh'}
2020-05-16T11:18:00-0300 [stdout#info] {'2.76 Kwh'}
2020-05-16T11:18:00-0300 [stdout#info] {'20.43 Kwh'}
2020-05-16T11:18:00-0300 [stdout#info] {'17.69 Kwh'}
2020-05-16T11:18:00-0300 [stdout#info] {'7.82 Kwh'}
2020-05-16T11:18:01-0300 [stdout#info] {'21.28 Kwh'}
2020-05-16T11:18:01-0300 [stdout#info] {'5.75 Kwh'}
2020-05-16T11:18:02-0300 [stdout#info] {'6.59 Kwh'}
2020-05-16T11:18:03-0300 [stdout#info] {'15.72 Kwh'}
2020-05-16T11:18:03-0300 [stdout#info] {'12.29 Kwh'}
2020-05-16T11:18:03-0300 [stdout#info] {'14.69 Kwh'}
2020-05-16T11:18:03-0300 [stdout#info] {'8.38 Kwh'}
2020-05-16T11:18:03-0300 [stdout#info] {'12.17 Kwh'}
2020-05-16T11:18:03-0300 [stdout#info] {'13.53 Kwh'}
2020-05-16T11:18:04-0300 [-] 127.0.0.1:35192 - sending MQTT PUBLISH REQUEST - Number of events: 42
2020-05-16T11:18:04-0300 [twisted.internet.endpoints.OneShotFactory#info] Starting factory <twisted.internet.endpoints.connectProtocol.<locals>.OneShotFactory object at 0x7fa5e7184a20>
2020-05-16T11:18:04-0300 [twisted.internet.endpoints.OneShotFactory#info] Stopping factory <twisted.internet.endpoints.connectProtocol.<locals>.OneShotFactory object at 0x7fa5e71844a8>
2020-05-16T11:18:04-0300 [stdout#info] This divice have no simulation core instance
2020-05-16T11:18:04-0300 [twisted.internet.endpoints.OneShotFactory#info] Starting factory <twisted.internet.endpoints.connectProtocol.<locals>.OneShotFactory object at 0x7fa5e7184c50>
2020-05-16T11:18:04-0300 [stdout#info] {'3.15 Kwh'}
2020-05-16T11:18:04-0300 [stdout#info] {'11.69 Kwh'}
2020-05-16T11:18:05-0300 [stdout#info] {'9.91 Kwh'}
2020-05-16T11:18:06-0300 [stdout#info] {'17.33 Kwh'}
2020-05-16T11:18:06-0300 [stdout#info] {'3.12 Kwh'}
2020-05-16T11:18:06-0300 [stdout#info] {'16.38 Kwh'}
2020-05-16T11:18:06-0300 [stdout#info] {'7.39 Kwh'}
2020-05-16T11:18:06-0300 [stdout#info] {'14.54 Kwh'}
2020-05-16T11:18:06-0300 [stdout#info] {'10.2 Kwh'}
2020-05-16T11:18:07-0300 [stdout#info] {'20.4 Kwh'}
2020-05-16T11:18:07-0300 [stdout#info] {'20.78 Kwh'}
2020-05-16T11:18:08-0300 [stdout#info] {'10.81 Kwh'}
2020-05-16T11:18:09-0300 [stdout#info] {'10.17 Kwh'}
2020-05-16T11:18:09-0300 [-] 127.0.0.1:35192 - sending MQTT PUBLISH REQUEST - Number of events: 43
2020-05-16T11:18:09-0300 [twisted.internet.endpoints.OneShotFactory#info] Starting factory <twisted.internet.endpoints.connectProtocol.<locals>.OneShotFactory object at 0x7fa5e7184940>
2020-05-16T11:18:09-0300 [twisted.internet.endpoints.OneShotFactory#info] Stopping factory <twisted.internet.endpoints.connectProtocol.<locals>.OneShotFactory object at 0x7fa5e7184a20>
2020-05-16T11:18:09-0300 [stdout#info] This divice have no simulation core instance
2020-05-16T11:18:09-0300 [twisted.internet.endpoints.OneShotFactory#info] Starting factory <twisted.internet.endpoints.connectProtocol.<locals>.OneShotFactory object at 0x7fa5e7192080>
2020-05-16T11:18:09-0300 [stdout#info] {'11.59 Kwh'}
2020-05-16T11:18:09-0300 [stdout#info] {'6.0 Kwh'}
2020-05-16T11:18:09-0300 [stdout#info] {'19.69 Kwh'}
2020-05-16T11:18:09-0300 [stdout#info] {'21.59 Kwh'}
2020-05-16T11:18:09-0300 [stdout#info] {'5.46 Kwh'}
2020-05-16T11:18:10-0300 [stdout#info] {'21.89 Kwh'}
2020-05-16T11:18:10-0300 [stdout#info] {'9.01 Kwh'}
2020-05-16T11:18:11-0300 [stdout#info] {'3.46 Kwh'}
2020-05-16T11:18:12-0300 [stdout#info] {'21.89 Kwh'}
2020-05-16T11:18:12-0300 [stdout#info] {'21.93 Kwh'}
2020-05-16T11:18:12-0300 [stdout#info] {'22.28 Kwh'}
2020-05-16T11:18:12-0300 [stdout#info] {'9.69 Kwh'}
2020-05-16T11:18:12-0300 [stdout#info] {'3.16 Kwh'}
2020-05-16T11:18:12-0300 [stdout#info] {'11.56 Kwh'}
2020-05-16T11:18:13-0300 [stdout#info] {'17.42 Kwh'}
2020-05-16T11:18:13-0300 [stdout#info] {'17.21 Kwh'}
2020-05-16T11:18:14-0300 [-] 127.0.0.1:35192 - sending MQTT PUBLISH REQUEST - Number of events: 44
2020-05-16T11:18:14-0300 [twisted.internet.endpoints.OneShotFactory#info] Starting factory <twisted.internet.endpoints.connectProtocol.<locals>.OneShotFactory object at 0x7fa5e71922e8>
2020-05-16T11:18:14-0300 [twisted.internet.endpoints.OneShotFactory#info] Stopping factory <twisted.internet.endpoints.connectProtocol.<locals>.OneShotFactory object at 0x7fa5e7184940>
2020-05-16T11:18:14-0300 [stdout#info] This divice have no simulation core instance
2020-05-16T11:18:14-0300 [twisted.internet.endpoints.OneShotFactory#info] Starting factory <twisted.internet.endpoints.connectProtocol.<locals>.OneShotFactory object at 0x7fa5e71924e0>
2020-05-16T11:18:14-0300 [stdout#info] {'9.14 Kwh'}
2020-05-16T11:18:15-0300 [stdout#info] {'12.34 Kwh'}
2020-05-16T11:18:15-0300 [stdout#info] {'14.71 Kwh'}
2020-05-16T11:18:15-0300 [stdout#info] {'15.45 Kwh'}
2020-05-16T11:18:15-0300 [stdout#info] {'4.36 Kwh'}
2020-05-16T11:18:15-0300 [stdout#info] {'21.91 Kwh'}
2020-05-16T11:18:15-0300 [stdout#info] {'4.53 Kwh'}
2020-05-16T11:18:16-0300 [stdout#info] {'10.89 Kwh'}
2020-05-16T11:18:16-0300 [stdout#info] {'2.99 Kwh'}
2020-05-16T11:18:17-0300 [stdout#info] {'11.05 Kwh'}
2020-05-16T11:18:18-0300 [stdout#info] {'15.07 Kwh'}
2020-05-16T11:18:18-0300 [stdout#info] {'15.83 Kwh'}
2020-05-16T11:18:18-0300 [stdout#info] {'21.99 Kwh'}
2020-05-16T11:18:18-0300 [stdout#info] {'5.6 Kwh'}
2020-05-16T11:18:18-0300 [stdout#info] {'5.18 Kwh'}
2020-05-16T11:18:18-0300 [stdout#info] {'4.2 Kwh'}
2020-05-16T11:18:19-0300 [-] 127.0.0.1:35192 - sending MQTT PUBLISH REQUEST - Number of events: 45
2020-05-16T11:18:19-0300 [twisted.internet.endpoints.OneShotFactory#info] Starting factory <twisted.internet.endpoints.connectProtocol.<locals>.OneShotFactory object at 0x7fa5e7192668>
2020-05-16T11:18:19-0300 [twisted.internet.endpoints.OneShotFactory#info] Stopping factory <twisted.internet.endpoints.connectProtocol.<locals>.OneShotFactory object at 0x7fa5e71922e8>
2020-05-16T11:18:19-0300 [stdout#info] This divice have no simulation core instance
2020-05-16T11:18:19-0300 [twisted.internet.endpoints.OneShotFactory#info] Starting factory <twisted.internet.endpoints.connectProtocol.<locals>.OneShotFactory object at 0x7fa5e5b30080>
2020-05-16T11:18:19-0300 [stdout#info] {'17.16 Kwh'}
2020-05-16T11:18:19-0300 [stdout#info] {'20.38 Kwh'}
2020-05-16T11:18:20-0300 [stdout#info] {'5.26 Kwh'}
2020-05-16T11:18:21-0300 [stdout#info] {'13.2 Kwh'}
2020-05-16T11:18:21-0300 [stdout#info] {'20.72 Kwh'}
2020-05-16T11:18:21-0300 [stdout#info] {'6.64 Kwh'}
2020-05-16T11:18:21-0300 [stdout#info] {'11.35 Kwh'}
2020-05-16T11:18:21-0300 [stdout#info] {'16.77 Kwh'}
2020-05-16T11:18:21-0300 [stdout#info] {'15.09 Kwh'}
2020-05-16T11:18:22-0300 [stdout#info] {'4.61 Kwh'}
2020-05-16T11:18:22-0300 [stdout#info] {'5.9 Kwh'}
2020-05-16T11:18:23-0300 [stdout#info] {'15.88 Kwh'}
2020-05-16T11:18:24-0300 [stdout#info] {'2.62 Kwh'}
2020-05-16T11:18:24-0300 [-] 127.0.0.1:35192 - sending MQTT PUBLISH REQUEST - Number of events: 46
2020-05-16T11:18:24-0300 [twisted.internet.endpoints.OneShotFactory#info] Starting factory <twisted.internet.endpoints.connectProtocol.<locals>.OneShotFactory object at 0x7fa5e7192b70>
2020-05-16T11:18:24-0300 [twisted.internet.endpoints.OneShotFactory#info] Stopping factory <twisted.internet.endpoints.connectProtocol.<locals>.OneShotFactory object at 0x7fa5e7192668>
2020-05-16T11:18:24-0300 [stdout#info] This divice have no simulation core instance
2020-05-16T11:18:24-0300 [twisted.internet.endpoints.OneShotFactory#info] Starting factory <twisted.internet.endpoints.connectProtocol.<locals>.OneShotFactory object at 0x7fa5e7192d68>
2020-05-16T11:18:24-0300 [stdout#info] {'7.71 Kwh'}
2020-05-16T11:18:24-0300 [stdout#info] {'20.3 Kwh'}
2020-05-16T11:18:24-0300 [stdout#info] {'8.44 Kwh'}
2020-05-16T11:18:24-0300 [stdout#info] {'5.85 Kwh'}
2020-05-16T11:18:24-0300 [stdout#info] {'21.64 Kwh'}
2020-05-16T11:18:25-0300 [stdout#info] {'14.9 Kwh'}
2020-05-16T11:18:25-0300 [stdout#info] {'4.92 Kwh'}
2020-05-16T11:18:26-0300 [stdout#info] {'19.43 Kwh'}
2020-05-16T11:18:27-0300 [stdout#info] {'5.5 Kwh'}
2020-05-16T11:18:27-0300 [stdout#info] {'10.03 Kwh'}
2020-05-16T11:18:27-0300 [stdout#info] {'13.01 Kwh'}
2020-05-16T11:18:27-0300 [stdout#info] {'10.65 Kwh'}
2020-05-16T11:18:27-0300 [stdout#info] {'6.56 Kwh'}
2020-05-16T11:18:27-0300 [stdout#info] {'21.21 Kwh'}
2020-05-16T11:18:28-0300 [stdout#info] {'13.16 Kwh'}
2020-05-16T11:18:28-0300 [stdout#info] {'19.72 Kwh'}
2020-05-16T11:18:29-0300 [-] 127.0.0.1:35192 - sending MQTT PUBLISH REQUEST - Number of events: 47
2020-05-16T11:18:29-0300 [twisted.internet.endpoints.OneShotFactory#info] Starting factory <twisted.internet.endpoints.connectProtocol.<locals>.OneShotFactory object at 0x7fa5e7192ef0>
2020-05-16T11:18:29-0300 [twisted.internet.endpoints.OneShotFactory#info] Stopping factory <twisted.internet.endpoints.connectProtocol.<locals>.OneShotFactory object at 0x7fa5e7192b70>
2020-05-16T11:18:29-0300 [stdout#info] This divice have no simulation core instance
2020-05-16T11:18:29-0300 [twisted.internet.endpoints.OneShotFactory#info] Starting factory <twisted.internet.endpoints.connectProtocol.<locals>.OneShotFactory object at 0x7fa5e71a1208>
2020-05-16T11:18:29-0300 [stdout#info] {'3.65 Kwh'}
2020-05-16T11:18:30-0300 [stdout#info] {'5.42 Kwh'}
2020-05-16T11:18:30-0300 [stdout#info] {'3.5 Kwh'}
2020-05-16T11:18:30-0300 [stdout#info] {'4.18 Kwh'}
2020-05-16T11:18:30-0300 [stdout#info] {'16.63 Kwh'}
2020-05-16T11:18:30-0300 [stdout#info] {'9.53 Kwh'}
2020-05-16T11:18:30-0300 [stdout#info] {'7.43 Kwh'}
2020-05-16T11:18:31-0300 [stdout#info] {'16.51 Kwh'}
2020-05-16T11:18:31-0300 [stdout#info] {'20.35 Kwh'}
2020-05-16T11:18:32-0300 [stdout#info] {'9.93 Kwh'}
2020-05-16T11:18:33-0300 [stdout#info] {'19.52 Kwh'}
2020-05-16T11:18:33-0300 [stdout#info] {'15.72 Kwh'}
2020-05-16T11:18:33-0300 [stdout#info] {'15.17 Kwh'}
2020-05-16T11:18:33-0300 [stdout#info] {'20.82 Kwh'}
2020-05-16T11:18:33-0300 [stdout#info] {'13.35 Kwh'}
2020-05-16T11:18:33-0300 [stdout#info] {'7.06 Kwh'}
2020-05-16T11:18:34-0300 [-] 127.0.0.1:35192 - sending MQTT PUBLISH REQUEST - Number of events: 48
2020-05-16T11:18:34-0300 [twisted.internet.endpoints.OneShotFactory#info] Starting factory <twisted.internet.endpoints.connectProtocol.<locals>.OneShotFactory object at 0x7fa5e71a1390>
2020-05-16T11:18:34-0300 [twisted.internet.endpoints.OneShotFactory#info] Stopping factory <twisted.internet.endpoints.connectProtocol.<locals>.OneShotFactory object at 0x7fa5e7192ef0>
2020-05-16T11:18:34-0300 [stdout#info] This divice have no simulation core instance
2020-05-16T11:18:34-0300 [twisted.internet.endpoints.OneShotFactory#info] Starting factory <twisted.internet.endpoints.connectProtocol.<locals>.OneShotFactory object at 0x7fa5e71a1668>
2020-05-16T11:18:34-0300 [stdout#info] {'13.31 Kwh'}
2020-05-16T11:18:34-0300 [stdout#info] {'16.95 Kwh'}
2020-05-16T11:18:35-0300 [stdout#info] {'15.5 Kwh'}
2020-05-16T11:18:36-0300 [stdout#info] {'19.69 Kwh'}
2020-05-16T11:18:36-0300 [stdout#info] {'19.84 Kwh'}
2020-05-16T11:18:36-0300 [stdout#info] {'6.52 Kwh'}
2020-05-16T11:18:36-0300 [stdout#info] {'20.19 Kwh'}
2020-05-16T11:18:36-0300 [stdout#info] {'8.93 Kwh'}
2020-05-16T11:18:36-0300 [stdout#info] {'21.08 Kwh'}
2020-05-16T11:18:37-0300 [stdout#info] {'10.46 Kwh'}
2020-05-16T11:18:37-0300 [stdout#info] {'13.62 Kwh'}
2020-05-16T11:18:38-0300 [stdout#info] {'20.83 Kwh'}
2020-05-16T11:18:39-0300 [stdout#info] {'9.74 Kwh'}
2020-05-16T11:18:39-0300 [-] 127.0.0.1:35192 - sending MQTT PUBLISH REQUEST - Number of events: 49
2020-05-16T11:18:39-0300 [twisted.internet.endpoints.OneShotFactory#info] Starting factory <twisted.internet.endpoints.connectProtocol.<locals>.OneShotFactory object at 0x7fa5e71a17f0>
2020-05-16T11:18:39-0300 [twisted.internet.endpoints.OneShotFactory#info] Stopping factory <twisted.internet.endpoints.connectProtocol.<locals>.OneShotFactory object at 0x7fa5e71a1390>
2020-05-16T11:18:39-0300 [stdout#info] This divice have no simulation core instance
2020-05-16T11:18:39-0300 [twisted.internet.endpoints.OneShotFactory#info] Starting factory <twisted.internet.endpoints.connectProtocol.<locals>.OneShotFactory object at 0x7fa5e71a1ac8>
2020-05-16T11:18:39-0300 [stdout#info] {'10.9 Kwh'}
2020-05-16T11:18:39-0300 [stdout#info] {'3.28 Kwh'}
2020-05-16T11:18:39-0300 [stdout#info] {'9.4 Kwh'}
2020-05-16T11:18:39-0300 [stdout#info] {'21.47 Kwh'}
2020-05-16T11:18:39-0300 [stdout#info] {'22.05 Kwh'}
2020-05-16T11:18:40-0300 [stdout#info] {'22.34 Kwh'}
2020-05-16T11:18:40-0300 [stdout#info] {'9.92 Kwh'}
2020-05-16T11:18:41-0300 [stdout#info] {'15.24 Kwh'}
2020-05-16T11:18:42-0300 [stdout#info] {'12.36 Kwh'}
2020-05-16T11:18:42-0300 [stdout#info] {'3.95 Kwh'}
2020-05-16T11:18:42-0300 [stdout#info] {'16.77 Kwh'}
2020-05-16T11:18:42-0300 [stdout#info] {'11.91 Kwh'}
2020-05-16T11:18:42-0300 [stdout#info] {'18.87 Kwh'}
2020-05-16T11:18:42-0300 [stdout#info] {'12.51 Kwh'}
2020-05-16T11:18:43-0300 [stdout#info] {'18.81 Kwh'}
2020-05-16T11:18:43-0300 [stdout#info] {'10.76 Kwh'}
2020-05-16T11:18:44-0300 [-] 127.0.0.1:35192 - sending MQTT PUBLISH REQUEST - Number of events: 50
2020-05-16T11:18:44-0300 [twisted.internet.endpoints.OneShotFactory#info] Starting factory <twisted.internet.endpoints.connectProtocol.<locals>.OneShotFactory object at 0x7fa5e71a1c50>
2020-05-16T11:18:44-0300 [twisted.internet.endpoints.OneShotFactory#info] Stopping factory <twisted.internet.endpoints.connectProtocol.<locals>.OneShotFactory object at 0x7fa5e71a17f0>
2020-05-16T11:18:44-0300 [stdout#info] This divice have no simulation core instance
2020-05-16T11:18:44-0300 [twisted.internet.endpoints.OneShotFactory#info] Starting factory <twisted.internet.endpoints.connectProtocol.<locals>.OneShotFactory object at 0x7fa5e71a1f28>
2020-05-16T11:18:44-0300 [stdout#info] {'11.46 Kwh'}
2020-05-16T11:18:45-0300 [stdout#info] {'5.72 Kwh'}
2020-05-16T11:18:45-0300 [stdout#info] {'14.89 Kwh'}
2020-05-16T11:18:45-0300 [stdout#info] {'20.82 Kwh'}
2020-05-16T11:18:45-0300 [stdout#info] {'12.83 Kwh'}
2020-05-16T11:18:45-0300 [stdout#info] {'20.01 Kwh'}
2020-05-16T11:18:45-0300 [stdout#info] {'21.56 Kwh'}
2020-05-16T11:18:46-0300 [stdout#info] {'6.35 Kwh'}
2020-05-16T11:18:46-0300 [stdout#info] {'20.71 Kwh'}
2020-05-16T11:18:47-0300 [stdout#info] {'17.85 Kwh'}
2020-05-16T11:18:48-0300 [stdout#info] {'22.22 Kwh'}
2020-05-16T11:18:48-0300 [stdout#info] {'3.71 Kwh'}
2020-05-16T11:18:48-0300 [stdout#info] {'13.28 Kwh'}
2020-05-16T11:18:48-0300 [stdout#info] {'2.64 Kwh'}
2020-05-16T11:18:48-0300 [stdout#info] {'10.91 Kwh'}
2020-05-16T11:18:48-0300 [stdout#info] {'7.22 Kwh'}
2020-05-16T11:18:49-0300 [-] 127.0.0.1:35192 - sending MQTT PUBLISH REQUEST - Number of events: 51
2020-05-16T11:18:49-0300 [twisted.internet.endpoints.OneShotFactory#info] Starting factory <twisted.internet.endpoints.connectProtocol.<locals>.OneShotFactory object at 0x7fa5e71a1c88>
2020-05-16T11:18:49-0300 [twisted.internet.endpoints.OneShotFactory#info] Stopping factory <twisted.internet.endpoints.connectProtocol.<locals>.OneShotFactory object at 0x7fa5e71a1c50>
2020-05-16T11:18:49-0300 [stdout#info] This divice have no simulation core instance
2020-05-16T11:18:49-0300 [twisted.internet.endpoints.OneShotFactory#info] Starting factory <twisted.internet.endpoints.connectProtocol.<locals>.OneShotFactory object at 0x7fa5e71b0240>
2020-05-16T11:18:49-0300 [stdout#info] {'15.32 Kwh'}
2020-05-16T11:18:49-0300 [stdout#info] {'7.83 Kwh'}
2020-05-16T11:18:50-0300 [stdout#info] {'15.55 Kwh'}
2020-05-16T11:18:51-0300 [stdout#info] {'11.87 Kwh'}
2020-05-16T11:18:51-0300 [stdout#info] {'20.31 Kwh'}
2020-05-16T11:18:51-0300 [stdout#info] {'5.18 Kwh'}
2020-05-16T11:18:51-0300 [stdout#info] {'19.16 Kwh'}
2020-05-16T11:18:51-0300 [stdout#info] {'9.45 Kwh'}
2020-05-16T11:18:51-0300 [stdout#info] {'19.39 Kwh'}
2020-05-16T11:18:52-0300 [stdout#info] {'11.16 Kwh'}
2020-05-16T11:18:52-0300 [stdout#info] {'4.27 Kwh'}
2020-05-16T11:18:53-0300 [stdout#info] {'4.46 Kwh'}
2020-05-16T11:18:54-0300 [stdout#info] {'4.85 Kwh'}
2020-05-16T11:18:54-0300 [-] 127.0.0.1:35192 - sending MQTT PUBLISH REQUEST - Number of events: 52
2020-05-16T11:18:54-0300 [twisted.internet.endpoints.OneShotFactory#info] Starting factory <twisted.internet.endpoints.connectProtocol.<locals>.OneShotFactory object at 0x7fa5e71b03c8>
2020-05-16T11:18:54-0300 [twisted.internet.endpoints.OneShotFactory#info] Stopping factory <twisted.internet.endpoints.connectProtocol.<locals>.OneShotFactory object at 0x7fa5e71a1c88>
2020-05-16T11:18:54-0300 [stdout#info] This divice have no simulation core instance
2020-05-16T11:18:54-0300 [twisted.internet.endpoints.OneShotFactory#info] Starting factory <twisted.internet.endpoints.connectProtocol.<locals>.OneShotFactory object at 0x7fa5e71b06a0>
2020-05-16T11:18:54-0300 [stdout#info] {'7.36 Kwh'}
2020-05-16T11:18:54-0300 [stdout#info] {'20.49 Kwh'}
2020-05-16T11:18:54-0300 [stdout#info] {'11.88 Kwh'}
2020-05-16T11:18:54-0300 [stdout#info] {'12.09 Kwh'}
2020-05-16T11:18:54-0300 [stdout#info] {'8.77 Kwh'}
2020-05-16T11:18:55-0300 [stdout#info] {'3.7 Kwh'}
2020-05-16T11:18:55-0300 [stdout#info] {'13.97 Kwh'}
2020-05-16T11:18:56-0300 [stdout#info] {'10.28 Kwh'}
2020-05-16T11:18:57-0300 [stdout#info] {'13.12 Kwh'}
2020-05-16T11:18:57-0300 [stdout#info] {'3.99 Kwh'}
2020-05-16T11:18:57-0300 [stdout#info] {'12.79 Kwh'}
2020-05-16T11:18:57-0300 [stdout#info] {'19.66 Kwh'}
2020-05-16T11:18:57-0300 [stdout#info] {'14.93 Kwh'}
2020-05-16T11:18:57-0300 [stdout#info] {'12.05 Kwh'}
2020-05-16T11:18:58-0300 [stdout#info] {'3.64 Kwh'}
2020-05-16T11:18:58-0300 [stdout#info] {'20.01 Kwh'}
2020-05-16T11:18:59-0300 [-] 127.0.0.1:35192 - sending MQTT PUBLISH REQUEST - Number of events: 53
2020-05-16T11:18:59-0300 [twisted.internet.endpoints.OneShotFactory#info] Starting factory <twisted.internet.endpoints.connectProtocol.<locals>.OneShotFactory object at 0x7fa5e71b0828>
2020-05-16T11:18:59-0300 [twisted.internet.endpoints.OneShotFactory#info] Stopping factory <twisted.internet.endpoints.connectProtocol.<locals>.OneShotFactory object at 0x7fa5e71b03c8>
2020-05-16T11:18:59-0300 [stdout#info] This divice have no simulation core instance
2020-05-16T11:18:59-0300 [twisted.internet.endpoints.OneShotFactory#info] Starting factory <twisted.internet.endpoints.connectProtocol.<locals>.OneShotFactory object at 0x7fa5e71b0b00>
2020-05-16T11:18:59-0300 [stdout#info] {'19.0 Kwh'}
2020-05-16T11:19:00-0300 [stdout#info] {'22.26 Kwh'}
2020-05-16T11:19:00-0300 [stdout#info] {'11.83 Kwh'}
2020-05-16T11:19:00-0300 [stdout#info] {'22.42 Kwh'}
2020-05-16T11:19:00-0300 [stdout#info] {'11.66 Kwh'}
2020-05-16T11:19:00-0300 [stdout#info] {'10.14 Kwh'}
2020-05-16T11:19:00-0300 [stdout#info] {'15.59 Kwh'}
2020-05-16T11:19:01-0300 [stdout#info] {'6.56 Kwh'}
2020-05-16T11:19:01-0300 [stdout#info] {'7.15 Kwh'}
2020-05-16T11:19:02-0300 [stdout#info] {'22.13 Kwh'}
2020-05-16T11:19:03-0300 [stdout#info] {'11.4 Kwh'}
2020-05-16T11:19:03-0300 [stdout#info] {'7.99 Kwh'}
2020-05-16T11:19:03-0300 [stdout#info] {'2.85 Kwh'}
2020-05-16T11:19:03-0300 [stdout#info] {'6.81 Kwh'}
2020-05-16T11:19:03-0300 [stdout#info] {'9.64 Kwh'}
2020-05-16T11:19:03-0300 [stdout#info] {'20.53 Kwh'}
2020-05-16T11:19:04-0300 [-] 127.0.0.1:35192 - sending MQTT PUBLISH REQUEST - Number of events: 54
2020-05-16T11:19:04-0300 [twisted.internet.endpoints.OneShotFactory#info] Starting factory <twisted.internet.endpoints.connectProtocol.<locals>.OneShotFactory object at 0x7fa5e71b0a20>
2020-05-16T11:19:04-0300 [twisted.internet.endpoints.OneShotFactory#info] Stopping factory <twisted.internet.endpoints.connectProtocol.<locals>.OneShotFactory object at 0x7fa5e71b0828>
2020-05-16T11:19:04-0300 [stdout#info] This divice have no simulation core instance
2020-05-16T11:19:04-0300 [twisted.internet.endpoints.OneShotFactory#info] Starting factory <twisted.internet.endpoints.connectProtocol.<locals>.OneShotFactory object at 0x7fa5e71b0f28>
2020-05-16T11:19:04-0300 [stdout#info] {'18.77 Kwh'}
2020-05-16T11:19:04-0300 [stdout#info] {'9.77 Kwh'}
2020-05-16T11:19:05-0300 [stdout#info] {'16.89 Kwh'}
2020-05-16T11:19:06-0300 [stdout#info] {'14.97 Kwh'}
2020-05-16T11:19:06-0300 [stdout#info] {'8.3 Kwh'}
2020-05-16T11:19:06-0300 [stdout#info] {'15.18 Kwh'}
2020-05-16T11:19:06-0300 [stdout#info] {'3.54 Kwh'}
2020-05-16T11:19:06-0300 [stdout#info] {'12.67 Kwh'}
2020-05-16T11:19:06-0300 [stdout#info] {'17.36 Kwh'}
2020-05-16T11:19:07-0300 [stdout#info] {'21.4 Kwh'}
2020-05-16T11:19:07-0300 [stdout#info] {'12.63 Kwh'}
2020-05-16T11:19:08-0300 [stdout#info] {'4.48 Kwh'}
2020-05-16T11:19:09-0300 [stdout#info] {'21.07 Kwh'}
2020-05-16T11:19:09-0300 [-] 127.0.0.1:35192 - sending MQTT PUBLISH REQUEST - Number of events: 55
2020-05-16T11:19:09-0300 [twisted.internet.endpoints.OneShotFactory#info] Starting factory <twisted.internet.endpoints.connectProtocol.<locals>.OneShotFactory object at 0x7fa5e5ae9128>
2020-05-16T11:19:09-0300 [twisted.internet.endpoints.OneShotFactory#info] Stopping factory <twisted.internet.endpoints.connectProtocol.<locals>.OneShotFactory object at 0x7fa5e71b0a20>
2020-05-16T11:19:09-0300 [stdout#info] This divice have no simulation core instance
2020-05-16T11:19:09-0300 [twisted.internet.endpoints.OneShotFactory#info] Starting factory <twisted.internet.endpoints.connectProtocol.<locals>.OneShotFactory object at 0x7fa5e5ae9390>
2020-05-16T11:19:09-0300 [stdout#info] {'14.71 Kwh'}
2020-05-16T11:19:09-0300 [stdout#info] {'20.51 Kwh'}
2020-05-16T11:19:09-0300 [stdout#info] {'19.37 Kwh'}
2020-05-16T11:19:09-0300 [stdout#info] {'20.36 Kwh'}
2020-05-16T11:19:09-0300 [stdout#info] {'4.65 Kwh'}
2020-05-16T11:19:10-0300 [stdout#info] {'7.66 Kwh'}
2020-05-16T11:19:10-0300 [stdout#info] {'7.08 Kwh'}
2020-05-16T11:19:11-0300 [stdout#info] {'6.78 Kwh'}
2020-05-16T11:19:12-0300 [stdout#info] {'17.0 Kwh'}
2020-05-16T11:19:12-0300 [stdout#info] {'14.8 Kwh'}
2020-05-16T11:19:12-0300 [stdout#info] {'10.59 Kwh'}
2020-05-16T11:19:12-0300 [stdout#info] {'9.75 Kwh'}
2020-05-16T11:19:12-0300 [stdout#info] {'19.63 Kwh'}
2020-05-16T11:19:12-0300 [-] Received SIGINT, shutting down.
2020-05-16T11:19:12-0300 [twisted.internet.endpoints.OneShotFactory#info] Stopping factory <twisted.internet.endpoints.connectProtocol.<locals>.OneShotFactory object at 0x7fa5e71a1f28>
2020-05-16T11:19:12-0300 [twisted.internet.endpoints.OneShotFactory#info] Stopping factory <twisted.internet.endpoints.connectProtocol.<locals>.OneShotFactory object at 0x7fa5e71b0f28>
2020-05-16T11:19:12-0300 [twisted.internet.endpoints.OneShotFactory#info] Stopping factory <twisted.internet.endpoints.connectProtocol.<locals>.OneShotFactory object at 0x7fa5e71caf98>
2020-05-16T11:19:12-0300 [twisted.internet.endpoints.OneShotFactory#info] Stopping factory <twisted.internet.endpoints.connectProtocol.<locals>.OneShotFactory object at 0x7fa5e7192080>
2020-05-16T11:19:12-0300 [twisted.internet.endpoints.OneShotFactory#info] Stopping factory <twisted.internet.endpoints.connectProtocol.<locals>.OneShotFactory object at 0x7fa5e5ae9128>
2020-05-16T11:19:12-0300 [twisted.internet.endpoints.OneShotFactory#info] Stopping factory <twisted.internet.endpoints.connectProtocol.<locals>.OneShotFactory object at 0x7fa5e7212160>
2020-05-16T11:19:12-0300 [twisted.internet.endpoints.OneShotFactory#info] Stopping factory <twisted.internet.endpoints.connectProtocol.<locals>.OneShotFactory object at 0x7fa5e71f3160>
2020-05-16T11:19:12-0300 [SubscriberApp,client] connection lost: Connection to the other side was lost in a non-clean fashion: Connection lost.
2020-05-16T11:19:12-0300 [SubscriberApp,client] connection lost - Number of events: 56
2020-05-16T11:19:12-0300 [twisted.internet.endpoints.OneShotFactory#info] Stopping factory <twisted.internet.endpoints.connectProtocol.<locals>.OneShotFactory object at 0x7fa5e71a1208>
2020-05-16T11:19:12-0300 [twisted.internet.endpoints.OneShotFactory#info] Stopping factory <twisted.internet.endpoints.connectProtocol.<locals>.OneShotFactory object at 0x7fa5e71b0240>
2020-05-16T11:19:12-0300 [twisted.internet.endpoints.OneShotFactory#info] Stopping factory <twisted.internet.endpoints.connectProtocol.<locals>.OneShotFactory object at 0x7fa5e71ca278>
2020-05-16T11:19:12-0300 [twisted.internet.endpoints.OneShotFactory#info] Stopping factory <twisted.internet.endpoints.connectProtocol.<locals>.OneShotFactory object at 0x7fa5e7184320>
2020-05-16T11:19:12-0300 [twisted.internet.endpoints.OneShotFactory#info] Stopping factory <twisted.internet.endpoints.connectProtocol.<locals>.OneShotFactory object at 0x7fa5e5ae9390>
2020-05-16T11:19:12-0300 [twisted.internet.endpoints.OneShotFactory#info] Stopping factory <twisted.internet.endpoints.connectProtocol.<locals>.OneShotFactory object at 0x7fa5e5b413c8>
2020-05-16T11:19:12-0300 [twisted.internet.endpoints.OneShotFactory#info] Stopping factory <twisted.internet.endpoints.connectProtocol.<locals>.OneShotFactory object at 0x7fa5e71e3438>
2020-05-16T11:19:12-0300 [twisted.internet.endpoints.OneShotFactory#info] Stopping factory <twisted.internet.endpoints.connectProtocol.<locals>.OneShotFactory object at 0x7fa5e71924e0>
2020-05-16T11:19:12-0300 [SubscriberApp,client] connection lost: Connection to the other side was lost in a non-clean fashion: Connection lost.
2020-05-16T11:19:12-0300 [SubscriberApp,client] connection lost - Number of events: 57
2020-05-16T11:19:12-0300 [twisted.internet.endpoints.OneShotFactory#info] Stopping factory <twisted.internet.endpoints.connectProtocol.<locals>.OneShotFactory object at 0x7fa5e5b415c0>
2020-05-16T11:19:12-0300 [twisted.internet.endpoints.OneShotFactory#info] Stopping factory <twisted.internet.endpoints.connectProtocol.<locals>.OneShotFactory object at 0x7fa5e71f35c0>
2020-05-16T11:19:12-0300 [twisted.internet.endpoints.OneShotFactory#info] Stopping factory <twisted.internet.endpoints.connectProtocol.<locals>.OneShotFactory object at 0x7fa5e7212668>
2020-05-16T11:19:12-0300 [twisted.internet.endpoints.OneShotFactory#info] Stopping factory <twisted.internet.endpoints.connectProtocol.<locals>.OneShotFactory object at 0x7fa5e71a1668>
2020-05-16T11:19:12-0300 [twisted.internet.endpoints.OneShotFactory#info] Stopping factory <twisted.internet.endpoints.connectProtocol.<locals>.OneShotFactory object at 0x7fa5e71b06a0>
2020-05-16T11:19:12-0300 [twisted.internet.endpoints.OneShotFactory#info] Stopping factory <twisted.internet.endpoints.connectProtocol.<locals>.OneShotFactory object at 0x7fa5e71ca6d8>
2020-05-16T11:19:12-0300 [twisted.internet.endpoints.OneShotFactory#info] Stopping factory <twisted.internet.endpoints.connectProtocol.<locals>.OneShotFactory object at 0x7fa5e7184780>
2020-05-16T11:19:12-0300 [twisted.internet.endpoints.OneShotFactory#info] Stopping factory <twisted.internet.endpoints.connectProtocol.<locals>.OneShotFactory object at 0x7fa5e5b4e7b8>
2020-05-16T11:19:12-0300 [twisted.internet.endpoints.OneShotFactory#info] Stopping factory <twisted.internet.endpoints.connectProtocol.<locals>.OneShotFactory object at 0x7fa5e71e3860>
2020-05-16T11:19:12-0300 [applications.mqttapp.BrokerFactory] (TCP Port 5100 Closed)
2020-05-16T11:19:12-0300 [twisted.internet.endpoints.OneShotFactory#info] Stopping factory <twisted.internet.endpoints.connectProtocol.<locals>.OneShotFactory object at 0x7fa5e5b30080>
2020-05-16T11:19:12-0300 [twisted.internet.endpoints.OneShotFactory#info] Stopping factory <twisted.internet.endpoints.connectProtocol.<locals>.OneShotFactory object at 0x7fa5e72129e8>
2020-05-16T11:19:12-0300 [twisted.internet.endpoints.OneShotFactory#info] Stopping factory <twisted.internet.endpoints.connectProtocol.<locals>.OneShotFactory object at 0x7fa5e71f3a20>
2020-05-16T11:19:12-0300 [twisted.internet.endpoints.OneShotFactory#info] Stopping factory <twisted.internet.endpoints.connectProtocol.<locals>.OneShotFactory object at 0x7fa5e71a1ac8>
2020-05-16T11:19:12-0300 [twisted.internet.endpoints.OneShotFactory#info] Stopping factory <twisted.internet.endpoints.connectProtocol.<locals>.OneShotFactory object at 0x7fa5e71b0b00>
2020-05-16T11:19:12-0300 [twisted.internet.endpoints.OneShotFactory#info] Stopping factory <twisted.internet.endpoints.connectProtocol.<locals>.OneShotFactory object at 0x7fa5e71cab38>
2020-05-16T11:19:12-0300 [twisted.internet.endpoints.OneShotFactory#info] Stopping factory <twisted.internet.endpoints.connectProtocol.<locals>.OneShotFactory object at 0x7fa5e5b4ec50>
2020-05-16T11:19:12-0300 [twisted.internet.endpoints.OneShotFactory#info] Stopping factory <twisted.internet.endpoints.connectProtocol.<locals>.OneShotFactory object at 0x7fa5e7184c50>
2020-05-16T11:19:12-0300 [twisted.internet.endpoints.OneShotFactory#info] Stopping factory <twisted.internet.endpoints.connectProtocol.<locals>.OneShotFactory object at 0x7fa5e71e3cc0>
2020-05-16T11:19:12-0300 [applications.routerapp.RouterFactory] (TCP Port 8081 Closed)
2020-05-16T11:19:12-0300 [twisted.internet.endpoints.OneShotFactory#info] Stopping factory <twisted.internet.endpoints.connectProtocol.<locals>.OneShotFactory object at 0x7fa5e7192d68>
2020-05-16T11:19:12-0300 [twisted.internet.endpoints.OneShotFactory#info] Stopping factory <twisted.internet.endpoints.connectProtocol.<locals>.OneShotFactory object at 0x7fa5e7212e10>
2020-05-16T11:19:12-0300 [applications.accesspointapp.AccessPointFactory] (TCP Port 8082 Closed)
2020-05-16T11:19:12-0300 [PublisherApp,client] connection lost: Connection to the other side was lost in a non-clean fashion: Connection lost.
2020-05-16T11:19:12-0300 [PublisherApp,client] connection lost - Number of events: 58
2020-05-16T11:19:12-0300 [twisted.internet.endpoints.OneShotFactory#info] Stopping factory <twisted.internet.endpoints.connectProtocol.<locals>.OneShotFactory object at 0x7fa5e71f3e80>
2020-05-16T11:19:12-0300 [-] Main loop terminated.
