2020-05-16T10:47:02-0300 [-] Creating router ...
2020-05-16T10:47:02-0300 [-] Initializing Router - Number of events: 1
2020-05-16T10:47:03-0300 [-] RouterFactory starting on 8081
2020-05-16T10:47:03-0300 [-] Creating AccessPoint station ...
2020-05-16T10:47:03-0300 [-] Initializing Access Point - Number of events: 2
2020-05-16T10:47:03-0300 [-] AccessPointFactory starting on 8082
2020-05-16T10:47:03-0300 [-] Creating fog node ...
2020-05-16T10:47:03-0300 [-] Initializing Client - Number of events: 3
2020-05-16T10:47:04-0300 [-] Creating fog node ...
2020-05-16T10:47:04-0300 [-] Initializing Client - Number of events: 4
2020-05-16T10:47:04-0300 [-] Creating fog node ...
2020-05-16T10:47:04-0300 [-] Initializing Server - Number of events: 5
2020-05-16T10:47:05-0300 [-] BrokerFactory starting on 5100
2020-05-16T10:47:05-0300 [-] Creating iot node ...
2020-05-16T10:47:05-0300 [-] Initializing Client - Number of events: 6
2020-05-16T10:47:06-0300 [-] Initializing sensor node - Number of events: 7
2020-05-16T10:47:06-0300 [-] Initializing sensor node - Number of events: 8
2020-05-16T10:47:07-0300 [stdout#info] {'4.39 Kwh'}
2020-05-16T10:47:07-0300 [-] Initializing sensor node - Number of events: 9
2020-05-16T10:47:07-0300 [stdout#info] {'13.56 Kwh'}
2020-05-16T10:47:07-0300 [-] Initializing sensor node - Number of events: 10
2020-05-16T10:47:08-0300 [stdout#info] {'5.61 Kwh'}
2020-05-16T10:47:08-0300 [-] Initializing sensor node - Number of events: 11
2020-05-16T10:47:08-0300 [stdout#info] {'6.17 Kwh'}
2020-05-16T10:47:08-0300 [-] Initializing sensor node - Number of events: 12
2020-05-16T10:47:09-0300 [stdout#info] {'9.03 Kwh'}
2020-05-16T10:47:09-0300 [-] Initializing sensor node - Number of events: 13
2020-05-16T10:47:09-0300 [stdout#info] {'10.67 Kwh'}
2020-05-16T10:47:09-0300 [-] Initializing sensor node - Number of events: 14
2020-05-16T10:47:10-0300 [stdout#info] {'3.28 Kwh'}
2020-05-16T10:47:10-0300 [-] Initializing sensor node - Number of events: 15
2020-05-16T10:47:10-0300 [stdout#info] {'13.14 Kwh'}
2020-05-16T10:47:10-0300 [-] Initializing sensor node - Number of events: 16
2020-05-16T10:47:11-0300 [stdout#info] {'12.82 Kwh'}
2020-05-16T10:47:11-0300 [stdout#info] {'12.67 Kwh'}
2020-05-16T10:47:11-0300 [stdout#info] {'4.69 Kwh'}
2020-05-16T10:47:11-0300 [stdout#info] {'2.73 Kwh'}
2020-05-16T10:47:11-0300 [stdout#info] This divice have no simulation core instance
2020-05-16T10:47:11-0300 [stdout#info] This divice have no simulation core instance
2020-05-16T10:47:11-0300 [stdout#info] This divice have no simulation core instance
2020-05-16T10:47:11-0300 [stdout#info] This divice have no simulation core instance
2020-05-16T10:47:11-0300 [stdout#info] This divice have no simulation core instance
2020-05-16T10:47:11-0300 [Uninitialized] 127.0.0.1:45560 - Connected to mqtt broker - Number of events: 17
2020-05-16T10:47:11-0300 [Uninitialized] 127.0.0.1:45560 - sending MQTT SUBSCRIBE REQUEST - Number of events: 18
2020-05-16T10:47:11-0300 [Uninitialized] 127.0.0.1:45562 - Connected to mqtt broker - Number of events: 19
2020-05-16T10:47:11-0300 [Uninitialized] 127.0.0.1:45562 - sending MQTT SUBSCRIBE REQUEST - Number of events: 20
2020-05-16T10:47:11-0300 [Uninitialized] 127.0.0.1:33654 - Connected to mqtt broker - Number of events: 21
2020-05-16T10:47:11-0300 [Uninitialized] 127.0.0.1:33654 - sending MQTT PUBLISH REQUEST - Number of events: 22
2020-05-16T10:47:11-0300 [twisted.internet.endpoints.OneShotFactory#info] Starting factory <twisted.internet.endpoints.connectProtocol.<locals>.OneShotFactory object at 0x7fdb85c5a470>
2020-05-16T10:47:11-0300 [twisted.internet.endpoints.OneShotFactory#info] Starting factory <twisted.internet.endpoints.connectProtocol.<locals>.OneShotFactory object at 0x7fdb85c5a668>
2020-05-16T10:47:11-0300 [twisted.internet.endpoints.OneShotFactory#info] Starting factory <twisted.internet.endpoints.connectProtocol.<locals>.OneShotFactory object at 0x7fdb8646bfd0>
2020-05-16T10:47:11-0300 [stdout#info] This divice have no simulation core instance
2020-05-16T10:47:11-0300 [twisted.internet.endpoints.OneShotFactory#info] Starting factory <twisted.internet.endpoints.connectProtocol.<locals>.OneShotFactory object at 0x7fdb85c67240>
2020-05-16T10:47:11-0300 [stdout#info] {'2.51 Kwh'}
2020-05-16T10:47:12-0300 [stdout#info] {'8.64 Kwh'}
2020-05-16T10:47:12-0300 [stdout#info] {'6.62 Kwh'}
2020-05-16T10:47:13-0300 [stdout#info] {'19.47 Kwh'}
2020-05-16T10:47:13-0300 [stdout#info] {'3.69 Kwh'}
2020-05-16T10:47:14-0300 [stdout#info] {'16.0 Kwh'}
2020-05-16T10:47:14-0300 [stdout#info] {'21.71 Kwh'}
2020-05-16T10:47:14-0300 [stdout#info] {'12.74 Kwh'}
2020-05-16T10:47:14-0300 [stdout#info] {'2.55 Kwh'}
2020-05-16T10:47:14-0300 [stdout#info] {'14.69 Kwh'}
2020-05-16T10:47:15-0300 [stdout#info] {'3.45 Kwh'}
2020-05-16T10:47:15-0300 [stdout#info] {'7.35 Kwh'}
2020-05-16T10:47:16-0300 [stdout#info] {'11.04 Kwh'}
2020-05-16T10:47:16-0300 [-] 127.0.0.1:33654 - sending MQTT PUBLISH REQUEST - Number of events: 23
2020-05-16T10:47:16-0300 [twisted.internet.endpoints.OneShotFactory#info] Starting factory <twisted.internet.endpoints.connectProtocol.<locals>.OneShotFactory object at 0x7fdb85c675f8>
2020-05-16T10:47:16-0300 [twisted.internet.endpoints.OneShotFactory#info] Stopping factory <twisted.internet.endpoints.connectProtocol.<locals>.OneShotFactory object at 0x7fdb8646bfd0>
2020-05-16T10:47:16-0300 [stdout#info] This divice have no simulation core instance
2020-05-16T10:47:16-0300 [twisted.internet.endpoints.OneShotFactory#info] Starting factory <twisted.internet.endpoints.connectProtocol.<locals>.OneShotFactory object at 0x7fdb85c67860>
2020-05-16T10:47:16-0300 [twisted.internet.endpoints.OneShotFactory#info] Stopping factory <twisted.internet.endpoints.connectProtocol.<locals>.OneShotFactory object at 0x7fdb85c67240>
2020-05-16T10:47:16-0300 [stdout#info] {'13.04 Kwh'}
2020-05-16T10:47:17-0300 [stdout#info] {'21.53 Kwh'}
2020-05-16T10:47:17-0300 [stdout#info] {'6.6 Kwh'}
2020-05-16T10:47:17-0300 [stdout#info] {'20.76 Kwh'}
2020-05-16T10:47:17-0300 [stdout#info] {'16.65 Kwh'}
2020-05-16T10:47:17-0300 [stdout#info] {'16.76 Kwh'}
2020-05-16T10:47:18-0300 [stdout#info] {'17.23 Kwh'}
2020-05-16T10:47:18-0300 [stdout#info] {'18.12 Kwh'}
2020-05-16T10:47:19-0300 [stdout#info] {'10.43 Kwh'}
2020-05-16T10:47:19-0300 [stdout#info] {'6.38 Kwh'}
2020-05-16T10:47:20-0300 [stdout#info] {'18.59 Kwh'}
2020-05-16T10:47:20-0300 [stdout#info] {'9.58 Kwh'}
2020-05-16T10:47:20-0300 [stdout#info] {'4.43 Kwh'}
2020-05-16T10:47:20-0300 [stdout#info] {'21.74 Kwh'}
2020-05-16T10:47:20-0300 [stdout#info] {'17.73 Kwh'}
2020-05-16T10:47:21-0300 [stdout#info] {'11.61 Kwh'}
2020-05-16T10:47:21-0300 [-] 127.0.0.1:33654 - sending MQTT PUBLISH REQUEST - Number of events: 24
2020-05-16T10:47:21-0300 [twisted.internet.endpoints.OneShotFactory#info] Starting factory <twisted.internet.endpoints.connectProtocol.<locals>.OneShotFactory object at 0x7fdb85c67ac8>
2020-05-16T10:47:21-0300 [twisted.internet.endpoints.OneShotFactory#info] Stopping factory <twisted.internet.endpoints.connectProtocol.<locals>.OneShotFactory object at 0x7fdb85c675f8>
2020-05-16T10:47:21-0300 [stdout#info] This divice have no simulation core instance
2020-05-16T10:47:21-0300 [twisted.internet.endpoints.OneShotFactory#info] Starting factory <twisted.internet.endpoints.connectProtocol.<locals>.OneShotFactory object at 0x7fdb85c67cf8>
2020-05-16T10:47:21-0300 [stdout#info] {'5.6 Kwh'}
2020-05-16T10:47:22-0300 [stdout#info] {'18.8 Kwh'}
2020-05-16T10:47:22-0300 [stdout#info] {'5.9 Kwh'}
2020-05-16T10:47:23-0300 [stdout#info] {'14.61 Kwh'}
2020-05-16T10:47:23-0300 [stdout#info] {'20.11 Kwh'}
2020-05-16T10:47:23-0300 [stdout#info] {'21.32 Kwh'}
2020-05-16T10:47:23-0300 [stdout#info] {'22.3 Kwh'}
2020-05-16T10:47:23-0300 [stdout#info] {'7.72 Kwh'}
2020-05-16T10:47:24-0300 [stdout#info] {'13.87 Kwh'}
2020-05-16T10:47:24-0300 [stdout#info] {'18.92 Kwh'}
2020-05-16T10:47:25-0300 [stdout#info] {'21.5 Kwh'}
2020-05-16T10:47:25-0300 [stdout#info] {'7.76 Kwh'}
2020-05-16T10:47:26-0300 [stdout#info] {'9.43 Kwh'}
2020-05-16T10:47:26-0300 [-] 127.0.0.1:33654 - sending MQTT PUBLISH REQUEST - Number of events: 25
2020-05-16T10:47:26-0300 [twisted.internet.endpoints.OneShotFactory#info] Starting factory <twisted.internet.endpoints.connectProtocol.<locals>.OneShotFactory object at 0x7fdb85c67f98>
2020-05-16T10:47:26-0300 [twisted.internet.endpoints.OneShotFactory#info] Stopping factory <twisted.internet.endpoints.connectProtocol.<locals>.OneShotFactory object at 0x7fdb85c67ac8>
2020-05-16T10:47:26-0300 [stdout#info] This divice have no simulation core instance
2020-05-16T10:47:26-0300 [twisted.internet.endpoints.OneShotFactory#info] Starting factory <twisted.internet.endpoints.connectProtocol.<locals>.OneShotFactory object at 0x7fdb87326208>
2020-05-16T10:47:26-0300 [stdout#info] {'13.08 Kwh'}
2020-05-16T10:47:26-0300 [stdout#info] {'11.44 Kwh'}
2020-05-16T10:47:26-0300 [stdout#info] {'5.54 Kwh'}
2020-05-16T10:47:26-0300 [stdout#info] {'16.1 Kwh'}
2020-05-16T10:47:27-0300 [stdout#info] {'14.23 Kwh'}
2020-05-16T10:47:27-0300 [stdout#info] {'11.48 Kwh'}
2020-05-16T10:47:28-0300 [stdout#info] {'15.04 Kwh'}
2020-05-16T10:47:28-0300 [stdout#info] {'5.07 Kwh'}
2020-05-16T10:47:29-0300 [stdout#info] {'17.91 Kwh'}
2020-05-16T10:47:29-0300 [stdout#info] {'7.99 Kwh'}
2020-05-16T10:47:29-0300 [stdout#info] {'5.6 Kwh'}
2020-05-16T10:47:29-0300 [stdout#info] {'12.16 Kwh'}
2020-05-16T10:47:29-0300 [stdout#info] {'11.0 Kwh'}
2020-05-16T10:47:30-0300 [stdout#info] {'18.34 Kwh'}
2020-05-16T10:47:30-0300 [stdout#info] {'17.22 Kwh'}
2020-05-16T10:47:31-0300 [stdout#info] {'15.59 Kwh'}
2020-05-16T10:47:31-0300 [-] 127.0.0.1:33654 - sending MQTT PUBLISH REQUEST - Number of events: 26
2020-05-16T10:47:31-0300 [twisted.internet.endpoints.OneShotFactory#info] Starting factory <twisted.internet.endpoints.connectProtocol.<locals>.OneShotFactory object at 0x7fdb87326438>
2020-05-16T10:47:31-0300 [twisted.internet.endpoints.OneShotFactory#info] Stopping factory <twisted.internet.endpoints.connectProtocol.<locals>.OneShotFactory object at 0x7fdb85c67f98>
2020-05-16T10:47:31-0300 [stdout#info] This divice have no simulation core instance
2020-05-16T10:47:31-0300 [twisted.internet.endpoints.OneShotFactory#info] Starting factory <twisted.internet.endpoints.connectProtocol.<locals>.OneShotFactory object at 0x7fdb873266d8>
2020-05-16T10:47:31-0300 [stdout#info] {'6.42 Kwh'}
2020-05-16T10:47:32-0300 [stdout#info] {'18.05 Kwh'}
2020-05-16T10:47:32-0300 [stdout#info] {'6.64 Kwh'}
2020-05-16T10:47:32-0300 [stdout#info] {'6.57 Kwh'}
2020-05-16T10:47:32-0300 [stdout#info] {'14.4 Kwh'}
2020-05-16T10:47:32-0300 [stdout#info] {'21.75 Kwh'}
2020-05-16T10:47:33-0300 [stdout#info] {'10.49 Kwh'}
2020-05-16T10:47:33-0300 [stdout#info] {'20.43 Kwh'}
2020-05-16T10:47:34-0300 [stdout#info] {'3.07 Kwh'}
2020-05-16T10:47:34-0300 [stdout#info] {'7.18 Kwh'}
2020-05-16T10:47:35-0300 [stdout#info] {'14.43 Kwh'}
2020-05-16T10:47:35-0300 [stdout#info] {'4.64 Kwh'}
2020-05-16T10:47:35-0300 [stdout#info] {'22.38 Kwh'}
2020-05-16T10:47:35-0300 [stdout#info] {'7.55 Kwh'}
2020-05-16T10:47:35-0300 [stdout#info] {'14.03 Kwh'}
2020-05-16T10:47:36-0300 [stdout#info] {'19.07 Kwh'}
2020-05-16T10:47:36-0300 [-] 127.0.0.1:33654 - sending MQTT PUBLISH REQUEST - Number of events: 27
2020-05-16T10:47:36-0300 [twisted.internet.endpoints.OneShotFactory#info] Starting factory <twisted.internet.endpoints.connectProtocol.<locals>.OneShotFactory object at 0x7fdb873265f8>
2020-05-16T10:47:36-0300 [twisted.internet.endpoints.OneShotFactory#info] Stopping factory <twisted.internet.endpoints.connectProtocol.<locals>.OneShotFactory object at 0x7fdb87326438>
2020-05-16T10:47:36-0300 [stdout#info] This divice have no simulation core instance
2020-05-16T10:47:36-0300 [twisted.internet.endpoints.OneShotFactory#info] Starting factory <twisted.internet.endpoints.connectProtocol.<locals>.OneShotFactory object at 0x7fdb87326a90>
2020-05-16T10:47:36-0300 [stdout#info] {'17.34 Kwh'}
2020-05-16T10:47:37-0300 [stdout#info] {'22.34 Kwh'}
2020-05-16T10:47:37-0300 [stdout#info] {'4.01 Kwh'}
2020-05-16T10:47:38-0300 [stdout#info] {'19.79 Kwh'}
2020-05-16T10:47:38-0300 [stdout#info] {'13.5 Kwh'}
2020-05-16T10:47:38-0300 [stdout#info] {'20.58 Kwh'}
2020-05-16T10:47:38-0300 [stdout#info] {'14.32 Kwh'}
2020-05-16T10:47:38-0300 [stdout#info] {'22.25 Kwh'}
2020-05-16T10:47:39-0300 [stdout#info] {'21.31 Kwh'}
2020-05-16T10:47:39-0300 [stdout#info] {'4.35 Kwh'}
2020-05-16T10:47:40-0300 [stdout#info] {'20.96 Kwh'}
2020-05-16T10:47:40-0300 [stdout#info] {'16.44 Kwh'}
