2020-05-24T18:09:03-0300 [-] Creating router ...
2020-05-24T18:09:03-0300 [-] Initializing Router - Number of events: 1
2020-05-24T18:09:03-0300 [-] RouterFactory starting on 8081
2020-05-24T18:09:03-0300 [-] Creating AccessPoint station ...
2020-05-24T18:09:03-0300 [-] Initializing Access Point - Number of events: 2
2020-05-24T18:09:04-0300 [-] AccessPointFactory starting on 8082
2020-05-24T18:09:04-0300 [-] Creating fog node ...
2020-05-24T18:09:04-0300 [-] Initializing Client - Number of events: 3
2020-05-24T18:09:04-0300 [-] Creating fog node ...
2020-05-24T18:09:04-0300 [-] Initializing Client - Number of events: 4
2020-05-24T18:09:05-0300 [-] Creating fog node ...
2020-05-24T18:09:05-0300 [-] Initializing Server - Number of events: 5
2020-05-24T18:09:05-0300 [-] BrokerFactory starting on 5100
2020-05-24T18:09:05-0300 [-] Creating iot node ...
2020-05-24T18:09:05-0300 [-] Initializing Client - Number of events: 6
2020-05-24T18:09:06-0300 [-] Initializing sink node - Number of events: 7
2020-05-24T18:09:06-0300 [-] Initializing sensor node - Number of events: 8
2020-05-24T18:09:07-0300 [-] Initializing sensor node - Number of events: 9
2020-05-24T18:09:07-0300 [-] Initializing sensor node - Number of events: 10
2020-05-24T18:09:08-0300 [-] Initializing sensor node - Number of events: 11
2020-05-24T18:09:08-0300 [-] Initializing sensor node - Number of events: 12
2020-05-24T18:09:09-0300 [-] Initializing sensor node - Number of events: 13
2020-05-24T18:09:09-0300 [-] Initializing sensor node - Number of events: 14
2020-05-24T18:09:10-0300 [-] Initializing sensor node - Number of events: 15
2020-05-24T18:09:10-0300 [-] Initializing sensor node - Number of events: 16
2020-05-24T18:09:11-0300 [stdout#info] ========= sensor_6 ==========
2020-05-24T18:09:11-0300 [stdout#info] sensor_6  <------->  sensor_5
2020-05-24T18:09:11-0300 [stdout#info] =============================
2020-05-24T18:09:11-0300 [stdout#info] sensor_6 |9.33 Kwh
2020-05-24T18:09:11-0300 [stdout#info] ========= sensor_9 ==========
2020-05-24T18:09:11-0300 [stdout#info] =============================
2020-05-24T18:09:11-0300 [stdout#info] sensor_9 |5.16 Kwh
2020-05-24T18:09:11-0300 [stdout#info] ========= sensor_1 ==========
2020-05-24T18:09:11-0300 [stdout#info] sensor_1  <------->  wsn_sink
2020-05-24T18:09:11-0300 [stdout#info] sensor_1  <------->  sensor_3
2020-05-24T18:09:11-0300 [stdout#info] =============================
2020-05-24T18:09:11-0300 [stdout#info] sensor_1 |7.11 Kwh
2020-05-24T18:09:11-0300 [stdout#info] ========= sensor_2 ==========
2020-05-24T18:09:11-0300 [stdout#info] =============================
2020-05-24T18:09:11-0300 [stdout#info] sensor_2 |13.65 Kwh
2020-05-24T18:09:11-0300 [stdout#info] ========= sensor_5 ==========
2020-05-24T18:09:11-0300 [stdout#info] sensor_5  <------->  sensor_6
2020-05-24T18:09:11-0300 [stdout#info] =============================
2020-05-24T18:09:11-0300 [stdout#info] sensor_5 |9.33 Kwh|4.38 Kwh
2020-05-24T18:09:11-0300 [stdout#info] ========= sensor_8 ==========
2020-05-24T18:09:11-0300 [stdout#info] sensor_8  <------->  sensor_7
2020-05-24T18:09:11-0300 [stdout#info] =============================
2020-05-24T18:09:11-0300 [stdout#info] sensor_8 |18.57 Kwh
2020-05-24T18:09:11-0300 [stdout#info] ========= sensor_7 ==========
2020-05-24T18:09:11-0300 [stdout#info] sensor_7  <------->  sensor_8
2020-05-24T18:09:11-0300 [stdout#info] =============================
2020-05-24T18:09:11-0300 [stdout#info] sensor_7 |18.57 Kwh|19.68 Kwh
2020-05-24T18:09:11-0300 [stdout#info] ========= sensor_4 ==========
2020-05-24T18:09:11-0300 [stdout#info] sensor_4  <------->  sensor_3
2020-05-24T18:09:11-0300 [stdout#info] =============================
2020-05-24T18:09:11-0300 [stdout#info] sensor_4 |8.42 Kwh
2020-05-24T18:09:11-0300 [stdout#info] ========= sensor_3 ==========
2020-05-24T18:09:11-0300 [stdout#info] sensor_3  <------->  sensor_1
2020-05-24T18:09:11-0300 [stdout#info] sensor_3  <------->  sensor_4
2020-05-24T18:09:11-0300 [stdout#info] =============================
2020-05-24T18:09:11-0300 [stdout#info] sensor_3 |11.89 Kwh|7.11 Kwh|8.42 Kwh
2020-05-24T18:09:11-0300 [stdout#info] This divice have no simulation core instance
2020-05-24T18:09:11-0300 [stdout#info] This divice have no simulation core instance
2020-05-24T18:09:11-0300 [stdout#info] This divice have no simulation core instance
2020-05-24T18:09:11-0300 [stdout#info] This divice have no simulation core instance
2020-05-24T18:09:11-0300 [stdout#info] This divice have no simulation core instance
2020-05-24T18:09:11-0300 [Uninitialized] 127.0.0.1:34676 - Connected to mqtt broker - Number of events: 17
2020-05-24T18:09:11-0300 [Uninitialized] 127.0.0.1:34676 - sending MQTT SUBSCRIBE REQUEST - Number of events: 18
2020-05-24T18:09:11-0300 [Uninitialized] 127.0.0.1:34678 - Connected to mqtt broker - Number of events: 19
2020-05-24T18:09:11-0300 [Uninitialized] 127.0.0.1:34678 - sending MQTT SUBSCRIBE REQUEST - Number of events: 20
2020-05-24T18:09:11-0300 [Uninitialized] 127.0.0.1:57656 - Connected to mqtt broker - Number of events: 21
2020-05-24T18:09:11-0300 [Uninitialized] 127.0.0.1:57656 - sending MQTT PUBLISH REQUEST - Number of events: 22
2020-05-24T18:09:11-0300 [twisted.internet.endpoints.OneShotFactory#info] Starting factory <twisted.internet.endpoints.connectProtocol.<locals>.OneShotFactory object at 0x7fb8b1a71438>
2020-05-24T18:09:11-0300 [twisted.internet.endpoints.OneShotFactory#info] Starting factory <twisted.internet.endpoints.connectProtocol.<locals>.OneShotFactory object at 0x7fb8afb351d0>
2020-05-24T18:09:11-0300 [twisted.internet.endpoints.OneShotFactory#info] Starting factory <twisted.internet.endpoints.connectProtocol.<locals>.OneShotFactory object at 0x7fb8afb353c8>
2020-05-24T18:09:11-0300 [stdout#info] This divice have no simulation core instance
2020-05-24T18:09:11-0300 [twisted.internet.endpoints.OneShotFactory#info] Starting factory <twisted.internet.endpoints.connectProtocol.<locals>.OneShotFactory object at 0x7fb8afb35e10>
2020-05-24T18:09:14-0300 [stdout#info] sensor_6 |12.93 Kwh|4.38 Kwh
2020-05-24T18:09:14-0300 [stdout#info] sensor_9 |4.44 Kwh
2020-05-24T18:09:14-0300 [stdout#info] sensor_1 |11.89 Kwh|13.31 Kwh
2020-05-24T18:09:14-0300 [stdout#info] sensor_2 |9.97 Kwh
2020-05-24T18:09:14-0300 [stdout#info] sensor_5 |7.44 Kwh|12.93 Kwh
2020-05-24T18:09:14-0300 [stdout#info] sensor_8 |19.68 Kwh|14.08 Kwh
2020-05-24T18:09:14-0300 [stdout#info] sensor_7 |4.71 Kwh|14.08 Kwh
2020-05-24T18:09:14-0300 [stdout#info] sensor_4 |11.89 Kwh|19.53 Kwh
2020-05-24T18:09:14-0300 [stdout#info] sensor_3 |11.66 Kwh|13.31 Kwh|19.53 Kwh
2020-05-24T18:09:16-0300 [-] 127.0.0.1:57656 - sending MQTT PUBLISH REQUEST - Number of events: 23
2020-05-24T18:09:16-0300 [twisted.internet.endpoints.OneShotFactory#info] Starting factory <twisted.internet.endpoints.connectProtocol.<locals>.OneShotFactory object at 0x7fb8afb2da90>
2020-05-24T18:09:16-0300 [twisted.internet.endpoints.OneShotFactory#info] Stopping factory <twisted.internet.endpoints.connectProtocol.<locals>.OneShotFactory object at 0x7fb8afb353c8>
2020-05-24T18:09:16-0300 [stdout#info] This divice have no simulation core instance
2020-05-24T18:09:16-0300 [twisted.internet.endpoints.OneShotFactory#info] Starting factory <twisted.internet.endpoints.connectProtocol.<locals>.OneShotFactory object at 0x7fb8afb4d2e8>
2020-05-24T18:09:16-0300 [twisted.internet.endpoints.OneShotFactory#info] Stopping factory <twisted.internet.endpoints.connectProtocol.<locals>.OneShotFactory object at 0x7fb8afb35e10>
2020-05-24T18:09:17-0300 [stdout#info] sensor_6 |7.44 Kwh|13.75 Kwh
2020-05-24T18:09:17-0300 [stdout#info] sensor_9 |15.42 Kwh
2020-05-24T18:09:17-0300 [stdout#info] sensor_1 |11.66 Kwh|10.2 Kwh
2020-05-24T18:09:17-0300 [stdout#info] sensor_2 |3.97 Kwh
2020-05-24T18:09:17-0300 [stdout#info] sensor_5 |13.75 Kwh|20.65 Kwh
2020-05-24T18:09:17-0300 [stdout#info] sensor_8 |4.71 Kwh|20.84 Kwh
2020-05-24T18:09:17-0300 [stdout#info] sensor_7 |20.84 Kwh|3.88 Kwh
2020-05-24T18:09:17-0300 [stdout#info] sensor_4 |11.66 Kwh|14.59 Kwh
2020-05-24T18:09:17-0300 [stdout#info] sensor_3 |9.74 Kwh|14.59 Kwh|10.2 Kwh
2020-05-24T18:09:20-0300 [stdout#info] sensor_6 |10.42 Kwh|20.65 Kwh
2020-05-24T18:09:20-0300 [stdout#info] sensor_9 |7.03 Kwh
2020-05-24T18:09:20-0300 [stdout#info] sensor_1 |9.74 Kwh|11.55 Kwh
2020-05-24T18:09:20-0300 [stdout#info] sensor_2 |16.43 Kwh
2020-05-24T18:09:20-0300 [stdout#info] sensor_5 |10.42 Kwh|4.55 Kwh
2020-05-24T18:09:20-0300 [stdout#info] sensor_8 |16.31 Kwh|3.88 Kwh
2020-05-24T18:09:20-0300 [stdout#info] sensor_7 |9.14 Kwh|16.31 Kwh
2020-05-24T18:09:20-0300 [stdout#info] sensor_4 |9.74 Kwh|2.95 Kwh
2020-05-24T18:09:20-0300 [stdout#info] sensor_3 |14.31 Kwh|2.95 Kwh|11.55 Kwh
2020-05-24T18:09:21-0300 [-] 127.0.0.1:57656 - sending MQTT PUBLISH REQUEST - Number of events: 24
2020-05-24T18:09:21-0300 [twisted.internet.endpoints.OneShotFactory#info] Starting factory <twisted.internet.endpoints.connectProtocol.<locals>.OneShotFactory object at 0x7fb8afb2dbe0>
2020-05-24T18:09:21-0300 [twisted.internet.endpoints.OneShotFactory#info] Stopping factory <twisted.internet.endpoints.connectProtocol.<locals>.OneShotFactory object at 0x7fb8afb2da90>
2020-05-24T18:09:21-0300 [stdout#info] This divice have no simulation core instance
2020-05-24T18:09:21-0300 [twisted.internet.endpoints.OneShotFactory#info] Starting factory <twisted.internet.endpoints.connectProtocol.<locals>.OneShotFactory object at 0x7fb8afb4d278>
2020-05-24T18:09:23-0300 [stdout#info] sensor_6 |4.55 Kwh|9.44 Kwh
2020-05-24T18:09:23-0300 [stdout#info] sensor_9 |9.83 Kwh
2020-05-24T18:09:23-0300 [stdout#info] sensor_1 |11.02 Kwh|14.31 Kwh
2020-05-24T18:09:23-0300 [stdout#info] sensor_2 |9.48 Kwh
2020-05-24T18:09:23-0300 [stdout#info] sensor_5 |9.44 Kwh|19.98 Kwh
2020-05-24T18:09:23-0300 [stdout#info] sensor_8 |9.14 Kwh|6.05 Kwh
2020-05-24T18:09:23-0300 [stdout#info] sensor_7 |6.05 Kwh|13.88 Kwh
2020-05-24T18:09:23-0300 [stdout#info] sensor_4 |14.31 Kwh|2.6 Kwh
2020-05-24T18:09:23-0300 [stdout#info] sensor_3 |11.02 Kwh|2.6 Kwh|10.33 Kwh
2020-05-24T18:09:26-0300 [stdout#info] sensor_6 |7.98 Kwh|19.98 Kwh
2020-05-24T18:09:26-0300 [stdout#info] sensor_9 |10.62 Kwh
2020-05-24T18:09:26-0300 [stdout#info] sensor_1 |11.52 Kwh|10.33 Kwh
2020-05-24T18:09:26-0300 [stdout#info] sensor_2 |6.35 Kwh
2020-05-24T18:09:26-0300 [stdout#info] sensor_5 |7.98 Kwh|20.36 Kwh
2020-05-24T18:09:26-0300 [stdout#info] sensor_8 |14.48 Kwh|13.88 Kwh
2020-05-24T18:09:26-0300 [stdout#info] sensor_7 |15.31 Kwh|14.48 Kwh
2020-05-24T18:09:26-0300 [-] 127.0.0.1:57656 - sending MQTT PUBLISH REQUEST - Number of events: 25
2020-05-24T18:09:26-0300 [stdout#info] sensor_4 |15.69 Kwh|10.33 Kwh
2020-05-24T18:09:26-0300 [stdout#info] sensor_3 |17.21 Kwh|11.52 Kwh|15.69 Kwh
2020-05-24T18:09:26-0300 [twisted.internet.endpoints.OneShotFactory#info] Starting factory <twisted.internet.endpoints.connectProtocol.<locals>.OneShotFactory object at 0x7fb8afb4d978>
2020-05-24T18:09:26-0300 [twisted.internet.endpoints.OneShotFactory#info] Stopping factory <twisted.internet.endpoints.connectProtocol.<locals>.OneShotFactory object at 0x7fb8afb2dbe0>
2020-05-24T18:09:26-0300 [stdout#info] This divice have no simulation core instance
2020-05-24T18:09:26-0300 [twisted.internet.endpoints.OneShotFactory#info] Starting factory <twisted.internet.endpoints.connectProtocol.<locals>.OneShotFactory object at 0x7fb8afb4deb8>
2020-05-24T18:09:29-0300 [stdout#info] sensor_6 |21.74 Kwh|20.36 Kwh
2020-05-24T18:09:29-0300 [stdout#info] sensor_9 |7.78 Kwh
2020-05-24T18:09:29-0300 [stdout#info] sensor_1 |13.11 Kwh|17.21 Kwh
2020-05-24T18:09:29-0300 [stdout#info] sensor_2 |17.93 Kwh
2020-05-24T18:09:29-0300 [stdout#info] sensor_5 |21.74 Kwh|10.53 Kwh
2020-05-24T18:09:29-0300 [stdout#info] sensor_8 |7.0 Kwh|15.31 Kwh
2020-05-24T18:09:29-0300 [stdout#info] sensor_7 |7.0 Kwh|3.13 Kwh
2020-05-24T18:09:29-0300 [stdout#info] sensor_4 |5.75 Kwh|17.21 Kwh
2020-05-24T18:09:29-0300 [stdout#info] sensor_3 |13.11 Kwh|18.59 Kwh|5.75 Kwh
2020-05-24T18:09:31-0300 [-] 127.0.0.1:57656 - sending MQTT PUBLISH REQUEST - Number of events: 26
2020-05-24T18:09:31-0300 [twisted.internet.endpoints.OneShotFactory#info] Starting factory <twisted.internet.endpoints.connectProtocol.<locals>.OneShotFactory object at 0x7fb8afb4d908>
2020-05-24T18:09:31-0300 [twisted.internet.endpoints.OneShotFactory#info] Stopping factory <twisted.internet.endpoints.connectProtocol.<locals>.OneShotFactory object at 0x7fb8afb4d978>
2020-05-24T18:09:31-0300 [stdout#info] This divice have no simulation core instance
2020-05-24T18:09:31-0300 [twisted.internet.endpoints.OneShotFactory#info] Starting factory <twisted.internet.endpoints.connectProtocol.<locals>.OneShotFactory object at 0x7fb8b11c2240>
2020-05-24T18:09:32-0300 [stdout#info] sensor_6 |10.53 Kwh|11.91 Kwh
2020-05-24T18:09:32-0300 [stdout#info] sensor_9 |21.37 Kwh
2020-05-24T18:09:32-0300 [stdout#info] sensor_1 |13.7 Kwh|18.59 Kwh
2020-05-24T18:09:32-0300 [stdout#info] sensor_2 |21.17 Kwh
2020-05-24T18:09:32-0300 [stdout#info] sensor_5 |11.91 Kwh|7.71 Kwh
2020-05-24T18:09:32-0300 [stdout#info] sensor_8 |13.45 Kwh|3.13 Kwh
2020-05-24T18:09:32-0300 [stdout#info] sensor_7 |13.45 Kwh|7.2 Kwh
2020-05-24T18:09:32-0300 [stdout#info] sensor_4 |8.99 Kwh|18.59 Kwh
2020-05-24T18:09:32-0300 [stdout#info] sensor_3 |8.99 Kwh|14.01 Kwh|13.7 Kwh
2020-05-24T18:09:35-0300 [stdout#info] sensor_6 |21.02 Kwh|7.71 Kwh
2020-05-24T18:09:35-0300 [stdout#info] sensor_9 |12.78 Kwh
2020-05-24T18:09:35-0300 [stdout#info] sensor_1 |8.96 Kwh|14.01 Kwh
2020-05-24T18:09:35-0300 [stdout#info] sensor_2 |7.57 Kwh
2020-05-24T18:09:35-0300 [stdout#info] sensor_5 |21.02 Kwh|6.82 Kwh
2020-05-24T18:09:35-0300 [stdout#info] sensor_8 |8.56 Kwh|7.2 Kwh
2020-05-24T18:09:35-0300 [stdout#info] sensor_7 |8.56 Kwh|22.36 Kwh
2020-05-24T18:09:35-0300 [stdout#info] sensor_4 |14.01 Kwh|18.29 Kwh
2020-05-24T18:09:35-0300 [stdout#info] sensor_3 |8.96 Kwh|11.84 Kwh|18.29 Kwh
2020-05-24T18:09:36-0300 [-] 127.0.0.1:57656 - sending MQTT PUBLISH REQUEST - Number of events: 27
2020-05-24T18:09:36-0300 [twisted.internet.endpoints.OneShotFactory#info] Starting factory <twisted.internet.endpoints.connectProtocol.<locals>.OneShotFactory object at 0x7fb8b1a719b0>
2020-05-24T18:09:36-0300 [twisted.internet.endpoints.OneShotFactory#info] Stopping factory <twisted.internet.endpoints.connectProtocol.<locals>.OneShotFactory object at 0x7fb8afb4d908>
2020-05-24T18:09:36-0300 [stdout#info] This divice have no simulation core instance
2020-05-24T18:09:36-0300 [twisted.internet.endpoints.OneShotFactory#info] Starting factory <twisted.internet.endpoints.connectProtocol.<locals>.OneShotFactory object at 0x7fb8b11c2630>
2020-05-24T18:09:38-0300 [stdout#info] sensor_6 |6.82 Kwh|17.08 Kwh
2020-05-24T18:09:38-0300 [stdout#info] sensor_9 |12.87 Kwh
2020-05-24T18:09:38-0300 [stdout#info] sensor_1 |3.46 Kwh|11.84 Kwh
2020-05-24T18:09:38-0300 [stdout#info] sensor_2 |8.91 Kwh
2020-05-24T18:09:38-0300 [stdout#info] sensor_5 |21.13 Kwh|17.08 Kwh
2020-05-24T18:09:38-0300 [stdout#info] sensor_8 |3.87 Kwh|22.36 Kwh
2020-05-24T18:09:38-0300 [stdout#info] sensor_7 |3.87 Kwh|2.73 Kwh
2020-05-24T18:09:38-0300 [stdout#info] sensor_4 |15.82 Kwh|11.84 Kwh
2020-05-24T18:09:38-0300 [stdout#info] sensor_3 |15.82 Kwh|3.46 Kwh|7.1 Kwh
2020-05-24T18:09:41-0300 [-] 127.0.0.1:57656 - sending MQTT PUBLISH REQUEST - Number of events: 28
2020-05-24T18:09:41-0300 [twisted.internet.endpoints.OneShotFactory#info] Starting factory <twisted.internet.endpoints.connectProtocol.<locals>.OneShotFactory object at 0x7fb8b11c2668>
2020-05-24T18:09:41-0300 [twisted.internet.endpoints.OneShotFactory#info] Stopping factory <twisted.internet.endpoints.connectProtocol.<locals>.OneShotFactory object at 0x7fb8b1a719b0>
2020-05-24T18:09:41-0300 [stdout#info] This divice have no simulation core instance
2020-05-24T18:09:41-0300 [twisted.internet.endpoints.OneShotFactory#info] Starting factory <twisted.internet.endpoints.connectProtocol.<locals>.OneShotFactory object at 0x7fb8b11c2a58>
2020-05-24T18:09:41-0300 [stdout#info] sensor_6 |21.13 Kwh|15.08 Kwh
2020-05-24T18:09:41-0300 [stdout#info] sensor_9 |4.6 Kwh
2020-05-24T18:09:41-0300 [stdout#info] sensor_1 |7.1 Kwh|18.83 Kwh
2020-05-24T18:09:41-0300 [stdout#info] sensor_2 |3.97 Kwh
2020-05-24T18:09:41-0300 [stdout#info] sensor_5 |15.08 Kwh|13.88 Kwh
2020-05-24T18:09:41-0300 [stdout#info] sensor_8 |7.66 Kwh|2.73 Kwh
2020-05-24T18:09:41-0300 [stdout#info] sensor_7 |7.66 Kwh|5.14 Kwh
2020-05-24T18:09:41-0300 [stdout#info] sensor_4 |10.93 Kwh|7.1 Kwh
2020-05-24T18:09:41-0300 [stdout#info] sensor_3 |21.61 Kwh|10.93 Kwh|18.83 Kwh
2020-05-24T18:09:44-0300 [stdout#info] sensor_6 |17.72 Kwh|13.88 Kwh
2020-05-24T18:09:44-0300 [stdout#info] sensor_9 |15.96 Kwh
2020-05-24T18:09:44-0300 [stdout#info] sensor_1 |19.55 Kwh|21.61 Kwh
2020-05-24T18:09:44-0300 [stdout#info] sensor_2 |18.37 Kwh
2020-05-24T18:09:44-0300 [stdout#info] sensor_5 |7.21 Kwh|17.72 Kwh
2020-05-24T18:09:44-0300 [stdout#info] sensor_8 |5.14 Kwh|6.34 Kwh
2020-05-24T18:09:44-0300 [stdout#info] sensor_7 |6.09 Kwh|6.34 Kwh
2020-05-24T18:09:44-0300 [stdout#info] sensor_4 |8.65 Kwh|21.61 Kwh
2020-05-24T18:09:44-0300 [stdout#info] sensor_3 |8.65 Kwh|19.55 Kwh|22.48 Kwh
2020-05-24T18:09:46-0300 [-] 127.0.0.1:57656 - sending MQTT PUBLISH REQUEST - Number of events: 29
2020-05-24T18:09:46-0300 [twisted.internet.endpoints.OneShotFactory#info] Starting factory <twisted.internet.endpoints.connectProtocol.<locals>.OneShotFactory object at 0x7fb8b11c2908>
2020-05-24T18:09:46-0300 [twisted.internet.endpoints.OneShotFactory#info] Stopping factory <twisted.internet.endpoints.connectProtocol.<locals>.OneShotFactory object at 0x7fb8b11c2668>
2020-05-24T18:09:46-0300 [stdout#info] This divice have no simulation core instance
2020-05-24T18:09:46-0300 [twisted.internet.endpoints.OneShotFactory#info] Starting factory <twisted.internet.endpoints.connectProtocol.<locals>.OneShotFactory object at 0x7fb8b11c2f28>
2020-05-24T18:09:47-0300 [stdout#info] sensor_6 |7.21 Kwh|6.54 Kwh
2020-05-24T18:09:47-0300 [stdout#info] sensor_9 |4.13 Kwh
2020-05-24T18:09:47-0300 [stdout#info] sensor_1 |11.13 Kwh|22.48 Kwh
2020-05-24T18:09:47-0300 [stdout#info] sensor_2 |16.15 Kwh
2020-05-24T18:09:47-0300 [stdout#info] sensor_5 |3.97 Kwh|6.54 Kwh
2020-05-24T18:09:47-0300 [stdout#info] sensor_8 |3.53 Kwh|6.09 Kwh
2020-05-24T18:09:47-0300 [stdout#info] sensor_7 |3.53 Kwh|9.11 Kwh
2020-05-24T18:09:47-0300 [stdout#info] sensor_4 |11.47 Kwh|22.48 Kwh
2020-05-24T18:09:47-0300 [stdout#info] sensor_3 |2.82 Kwh|11.47 Kwh|11.13 Kwh
2020-05-24T18:09:50-0300 [stdout#info] sensor_6 |13.4 Kwh|3.97 Kwh
2020-05-24T18:09:50-0300 [stdout#info] sensor_9 |12.36 Kwh
2020-05-24T18:09:50-0300 [stdout#info] sensor_1 |2.82 Kwh|5.93 Kwh
2020-05-24T18:09:50-0300 [stdout#info] sensor_2 |7.79 Kwh
2020-05-24T18:09:50-0300 [stdout#info] sensor_5 |7.03 Kwh|13.4 Kwh
2020-05-24T18:09:50-0300 [stdout#info] sensor_8 |8.75 Kwh|9.11 Kwh
2020-05-24T18:09:50-0300 [stdout#info] sensor_7 |22.02 Kwh|8.75 Kwh
2020-05-24T18:09:50-0300 [stdout#info] sensor_4 |5.45 Kwh|2.82 Kwh
2020-05-24T18:09:50-0300 [stdout#info] sensor_3 |5.45 Kwh|10.48 Kwh|5.93 Kwh
2020-05-24T18:09:51-0300 [-] 127.0.0.1:57656 - sending MQTT PUBLISH REQUEST - Number of events: 30
2020-05-24T18:09:51-0300 [twisted.internet.endpoints.OneShotFactory#info] Starting factory <twisted.internet.endpoints.connectProtocol.<locals>.OneShotFactory object at 0x7fb8b11c2dd8>
2020-05-24T18:09:51-0300 [twisted.internet.endpoints.OneShotFactory#info] Stopping factory <twisted.internet.endpoints.connectProtocol.<locals>.OneShotFactory object at 0x7fb8b11c2908>
2020-05-24T18:09:51-0300 [stdout#info] This divice have no simulation core instance
2020-05-24T18:09:51-0300 [twisted.internet.endpoints.OneShotFactory#info] Starting factory <twisted.internet.endpoints.connectProtocol.<locals>.OneShotFactory object at 0x7fb8b11ce438>
2020-05-24T18:09:53-0300 [stdout#info] sensor_6 |2.67 Kwh|7.03 Kwh
2020-05-24T18:09:53-0300 [stdout#info] sensor_9 |16.63 Kwh
2020-05-24T18:09:53-0300 [stdout#info] sensor_1 |20.62 Kwh|10.48 Kwh
2020-05-24T18:09:53-0300 [stdout#info] sensor_2 |11.75 Kwh
2020-05-24T18:09:53-0300 [stdout#info] sensor_5 |2.67 Kwh|13.84 Kwh
2020-05-24T18:09:53-0300 [stdout#info] sensor_8 |22.02 Kwh|21.3 Kwh
2020-05-24T18:09:53-0300 [stdout#info] sensor_7 |21.3 Kwh|12.06 Kwh
2020-05-24T18:09:53-0300 [stdout#info] sensor_4 |10.48 Kwh|9.59 Kwh
2020-05-24T18:09:53-0300 [stdout#info] sensor_3 |20.62 Kwh|3.27 Kwh|9.59 Kwh
2020-05-24T18:09:56-0300 [-] 127.0.0.1:57656 - sending MQTT PUBLISH REQUEST - Number of events: 31
2020-05-24T18:09:56-0300 [twisted.internet.endpoints.OneShotFactory#info] Starting factory <twisted.internet.endpoints.connectProtocol.<locals>.OneShotFactory object at 0x7fb8b11ce630>
2020-05-24T18:09:56-0300 [twisted.internet.endpoints.OneShotFactory#info] Stopping factory <twisted.internet.endpoints.connectProtocol.<locals>.OneShotFactory object at 0x7fb8b11c2dd8>
2020-05-24T18:09:56-0300 [stdout#info] This divice have no simulation core instance
2020-05-24T18:09:56-0300 [twisted.internet.endpoints.OneShotFactory#info] Starting factory <twisted.internet.endpoints.connectProtocol.<locals>.OneShotFactory object at 0x7fb8b11ce8d0>
2020-05-24T18:09:56-0300 [stdout#info] sensor_6 |13.84 Kwh|17.05 Kwh
2020-05-24T18:09:56-0300 [stdout#info] sensor_9 |18.77 Kwh
2020-05-24T18:09:56-0300 [stdout#info] sensor_1 |5.52 Kwh|3.27 Kwh
2020-05-24T18:09:56-0300 [stdout#info] sensor_2 |13.91 Kwh
2020-05-24T18:09:56-0300 [stdout#info] sensor_5 |17.05 Kwh|4.32 Kwh
2020-05-24T18:09:56-0300 [stdout#info] sensor_8 |6.35 Kwh|12.06 Kwh
2020-05-24T18:09:56-0300 [stdout#info] sensor_7 |6.35 Kwh|12.59 Kwh
2020-05-24T18:09:56-0300 [stdout#info] sensor_4 |3.27 Kwh|12.73 Kwh
2020-05-24T18:09:56-0300 [stdout#info] sensor_3 |5.52 Kwh|11.86 Kwh|12.73 Kwh
2020-05-24T18:09:59-0300 [stdout#info] sensor_6 |16.29 Kwh|4.32 Kwh
2020-05-24T18:09:59-0300 [stdout#info] sensor_9 |6.8 Kwh
2020-05-24T18:09:59-0300 [stdout#info] sensor_1 |20.88 Kwh|11.86 Kwh
2020-05-24T18:09:59-0300 [stdout#info] sensor_2 |21.9 Kwh
2020-05-24T18:09:59-0300 [stdout#info] sensor_5 |16.29 Kwh|13.75 Kwh
2020-05-24T18:09:59-0300 [stdout#info] sensor_8 |3.76 Kwh|12.59 Kwh
2020-05-24T18:09:59-0300 [stdout#info] sensor_7 |3.76 Kwh|19.61 Kwh
2020-05-24T18:09:59-0300 [stdout#info] sensor_4 |9.31 Kwh|11.86 Kwh
2020-05-24T18:09:59-0300 [stdout#info] sensor_3 |9.31 Kwh|20.88 Kwh|13.73 Kwh
2020-05-24T18:10:01-0300 [-] 127.0.0.1:57656 - sending MQTT PUBLISH REQUEST - Number of events: 32
2020-05-24T18:10:01-0300 [twisted.internet.endpoints.OneShotFactory#info] Starting factory <twisted.internet.endpoints.connectProtocol.<locals>.OneShotFactory object at 0x7fb8b11ce2e8>
2020-05-24T18:10:01-0300 [twisted.internet.endpoints.OneShotFactory#info] Stopping factory <twisted.internet.endpoints.connectProtocol.<locals>.OneShotFactory object at 0x7fb8b11ce630>
2020-05-24T18:10:01-0300 [stdout#info] This divice have no simulation core instance
2020-05-24T18:10:01-0300 [twisted.internet.endpoints.OneShotFactory#info] Starting factory <twisted.internet.endpoints.connectProtocol.<locals>.OneShotFactory object at 0x7fb8b11cedd8>
2020-05-24T18:10:02-0300 [stdout#info] sensor_6 |19.47 Kwh|13.75 Kwh
2020-05-24T18:10:02-0300 [stdout#info] sensor_9 |15.12 Kwh
2020-05-24T18:10:02-0300 [stdout#info] sensor_1 |3.82 Kwh|13.73 Kwh
2020-05-24T18:10:02-0300 [stdout#info] sensor_2 |22.27 Kwh
2020-05-24T18:10:02-0300 [stdout#info] sensor_5 |7.01 Kwh|19.47 Kwh
2020-05-24T18:10:02-0300 [stdout#info] sensor_8 |19.61 Kwh|17.04 Kwh
2020-05-24T18:10:02-0300 [stdout#info] sensor_7 |17.04 Kwh|10.41 Kwh
2020-05-24T18:10:02-0300 [stdout#info] sensor_4 |15.92 Kwh|13.73 Kwh
2020-05-24T18:10:02-0300 [stdout#info] sensor_3 |15.92 Kwh|5.16 Kwh|3.82 Kwh
2020-05-24T18:10:05-0300 [stdout#info] sensor_6 |7.01 Kwh|15.71 Kwh
2020-05-24T18:10:05-0300 [stdout#info] sensor_9 |11.19 Kwh
2020-05-24T18:10:05-0300 [stdout#info] sensor_1 |5.83 Kwh|5.16 Kwh
2020-05-24T18:10:05-0300 [stdout#info] sensor_2 |21.5 Kwh
2020-05-24T18:10:05-0300 [stdout#info] sensor_5 |15.71 Kwh|6.29 Kwh
2020-05-24T18:10:05-0300 [stdout#info] sensor_8 |10.41 Kwh|15.95 Kwh
2020-05-24T18:10:05-0300 [stdout#info] sensor_7 |15.43 Kwh|15.95 Kwh
2020-05-24T18:10:05-0300 [stdout#info] sensor_4 |5.16 Kwh|10.8 Kwh
2020-05-24T18:10:05-0300 [stdout#info] sensor_3 |5.83 Kwh|8.35 Kwh|10.8 Kwh
2020-05-24T18:10:06-0300 [-] 127.0.0.1:57656 - sending MQTT PUBLISH REQUEST - Number of events: 33
2020-05-24T18:10:06-0300 [twisted.internet.endpoints.OneShotFactory#info] Starting factory <twisted.internet.endpoints.connectProtocol.<locals>.OneShotFactory object at 0x7fb8b11ceb38>
2020-05-24T18:10:06-0300 [twisted.internet.endpoints.OneShotFactory#info] Stopping factory <twisted.internet.endpoints.connectProtocol.<locals>.OneShotFactory object at 0x7fb8b11ce2e8>
2020-05-24T18:10:06-0300 [stdout#info] This divice have no simulation core instance
2020-05-24T18:10:06-0300 [twisted.internet.endpoints.OneShotFactory#info] Starting factory <twisted.internet.endpoints.connectProtocol.<locals>.OneShotFactory object at 0x7fb8afb1b0f0>
2020-05-24T18:10:08-0300 [stdout#info] sensor_6 |6.29 Kwh|4.7 Kwh
2020-05-24T18:10:08-0300 [stdout#info] sensor_9 |5.71 Kwh
2020-05-24T18:10:08-0300 [stdout#info] sensor_1 |8.35 Kwh|3.67 Kwh
2020-05-24T18:10:08-0300 [stdout#info] sensor_2 |7.26 Kwh
2020-05-24T18:10:08-0300 [stdout#info] sensor_5 |3.65 Kwh|4.7 Kwh
2020-05-24T18:10:08-0300 [stdout#info] sensor_8 |9.81 Kwh|15.43 Kwh
2020-05-24T18:10:08-0300 [stdout#info] sensor_7 |11.27 Kwh|9.81 Kwh
2020-05-24T18:10:08-0300 [stdout#info] sensor_4 |4.54 Kwh|8.35 Kwh
2020-05-24T18:10:08-0300 [stdout#info] sensor_3 |4.54 Kwh|3.67 Kwh|3.16 Kwh
2020-05-24T18:10:11-0300 [-] 127.0.0.1:57656 - sending MQTT PUBLISH REQUEST - Number of events: 34
2020-05-24T18:10:11-0300 [twisted.internet.endpoints.OneShotFactory#info] Starting factory <twisted.internet.endpoints.connectProtocol.<locals>.OneShotFactory object at 0x7fb8b11de470>
2020-05-24T18:10:11-0300 [twisted.internet.endpoints.OneShotFactory#info] Stopping factory <twisted.internet.endpoints.connectProtocol.<locals>.OneShotFactory object at 0x7fb8b11ceb38>
2020-05-24T18:10:11-0300 [stdout#info] This divice have no simulation core instance
2020-05-24T18:10:11-0300 [twisted.internet.endpoints.OneShotFactory#info] Starting factory <twisted.internet.endpoints.connectProtocol.<locals>.OneShotFactory object at 0x7fb8b11de748>
2020-05-24T18:10:11-0300 [stdout#info] sensor_6 |12.57 Kwh|3.65 Kwh
2020-05-24T18:10:11-0300 [stdout#info] sensor_9 |12.06 Kwh
2020-05-24T18:10:11-0300 [stdout#info] sensor_1 |7.42 Kwh|3.16 Kwh
2020-05-24T18:10:11-0300 [stdout#info] sensor_2 |17.53 Kwh
2020-05-24T18:10:11-0300 [stdout#info] sensor_5 |12.57 Kwh|7.17 Kwh
2020-05-24T18:10:11-0300 [stdout#info] sensor_8 |11.27 Kwh|6.92 Kwh
2020-05-24T18:10:11-0300 [stdout#info] sensor_7 |2.6 Kwh|6.92 Kwh
2020-05-24T18:10:11-0300 [stdout#info] sensor_4 |19.16 Kwh|3.16 Kwh
2020-05-24T18:10:11-0300 [stdout#info] sensor_3 |7.42 Kwh|19.16 Kwh|14.77 Kwh
2020-05-24T18:10:14-0300 [stdout#info] sensor_6 |13.74 Kwh|7.17 Kwh
2020-05-24T18:10:14-0300 [stdout#info] sensor_9 |13.62 Kwh
2020-05-24T18:10:14-0300 [stdout#info] sensor_1 |3.38 Kwh|14.77 Kwh
2020-05-24T18:10:14-0300 [stdout#info] sensor_2 |6.19 Kwh
2020-05-24T18:10:14-0300 [stdout#info] sensor_5 |14.66 Kwh|13.74 Kwh
2020-05-24T18:10:14-0300 [stdout#info] sensor_8 |17.59 Kwh|2.6 Kwh
2020-05-24T18:10:14-0300 [stdout#info] sensor_7 |17.59 Kwh|19.1 Kwh
2020-05-24T18:10:14-0300 [stdout#info] sensor_4 |7.05 Kwh|14.77 Kwh
2020-05-24T18:10:14-0300 [stdout#info] sensor_3 |7.05 Kwh|3.8 Kwh|3.38 Kwh
2020-05-24T18:10:16-0300 [-] 127.0.0.1:57656 - sending MQTT PUBLISH REQUEST - Number of events: 35
2020-05-24T18:10:16-0300 [twisted.internet.endpoints.OneShotFactory#info] Starting factory <twisted.internet.endpoints.connectProtocol.<locals>.OneShotFactory object at 0x7fb8b11dea58>
2020-05-24T18:10:16-0300 [twisted.internet.endpoints.OneShotFactory#info] Stopping factory <twisted.internet.endpoints.connectProtocol.<locals>.OneShotFactory object at 0x7fb8b11de470>
2020-05-24T18:10:16-0300 [stdout#info] This divice have no simulation core instance
2020-05-24T18:10:16-0300 [twisted.internet.endpoints.OneShotFactory#info] Starting factory <twisted.internet.endpoints.connectProtocol.<locals>.OneShotFactory object at 0x7fb8b11dec50>
2020-05-24T18:10:17-0300 [stdout#info] sensor_6 |14.66 Kwh|9.31 Kwh
2020-05-24T18:10:17-0300 [stdout#info] sensor_9 |13.44 Kwh
2020-05-24T18:10:17-0300 [stdout#info] sensor_1 |15.85 Kwh|3.8 Kwh
2020-05-24T18:10:17-0300 [stdout#info] sensor_2 |16.68 Kwh
2020-05-24T18:10:17-0300 [stdout#info] sensor_5 |19.92 Kwh|9.31 Kwh
2020-05-24T18:10:17-0300 [stdout#info] sensor_8 |19.1 Kwh|20.39 Kwh
2020-05-24T18:10:17-0300 [stdout#info] sensor_7 |21.24 Kwh|20.39 Kwh
2020-05-24T18:10:17-0300 [stdout#info] sensor_4 |3.8 Kwh|14.22 Kwh
2020-05-24T18:10:17-0300 [stdout#info] sensor_3 |15.85 Kwh|14.22 Kwh|3.38 Kwh
2020-05-24T18:10:20-0300 [stdout#info] sensor_6 |19.92 Kwh|6.22 Kwh
2020-05-24T18:10:20-0300 [stdout#info] sensor_9 |3.71 Kwh
2020-05-24T18:10:20-0300 [stdout#info] sensor_1 |3.38 Kwh|22.2 Kwh
2020-05-24T18:10:20-0300 [stdout#info] sensor_2 |3.37 Kwh
2020-05-24T18:10:20-0300 [stdout#info] sensor_5 |12.8 Kwh|6.22 Kwh
2020-05-24T18:10:20-0300 [stdout#info] sensor_8 |21.24 Kwh|14.95 Kwh
2020-05-24T18:10:20-0300 [stdout#info] sensor_7 |12.04 Kwh|14.95 Kwh
2020-05-24T18:10:20-0300 [stdout#info] sensor_4 |3.38 Kwh|10.87 Kwh
2020-05-24T18:10:20-0300 [stdout#info] sensor_3 |22.21 Kwh|22.2 Kwh|10.87 Kwh
2020-05-24T18:10:21-0300 [-] 127.0.0.1:57656 - sending MQTT PUBLISH REQUEST - Number of events: 36
2020-05-24T18:10:21-0300 [twisted.internet.endpoints.OneShotFactory#info] Starting factory <twisted.internet.endpoints.connectProtocol.<locals>.OneShotFactory object at 0x7fb8b11de4a8>
2020-05-24T18:10:21-0300 [twisted.internet.endpoints.OneShotFactory#info] Stopping factory <twisted.internet.endpoints.connectProtocol.<locals>.OneShotFactory object at 0x7fb8b11dea58>
2020-05-24T18:10:21-0300 [stdout#info] This divice have no simulation core instance
2020-05-24T18:10:21-0300 [twisted.internet.endpoints.OneShotFactory#info] Starting factory <twisted.internet.endpoints.connectProtocol.<locals>.OneShotFactory object at 0x7fb8b116b0f0>
2020-05-24T18:10:23-0300 [stdout#info] sensor_6 |14.66 Kwh|12.8 Kwh
2020-05-24T18:10:23-0300 [stdout#info] sensor_9 |21.21 Kwh
2020-05-24T18:10:23-0300 [stdout#info] sensor_1 |22.21 Kwh|19.97 Kwh
2020-05-24T18:10:23-0300 [stdout#info] sensor_2 |13.61 Kwh
2020-05-24T18:10:23-0300 [stdout#info] sensor_5 |6.71 Kwh|14.66 Kwh
2020-05-24T18:10:23-0300 [stdout#info] sensor_8 |12.04 Kwh|14.86 Kwh
2020-05-24T18:10:23-0300 [stdout#info] sensor_7 |3.23 Kwh|14.86 Kwh
2020-05-24T18:10:23-0300 [stdout#info] sensor_4 |22.21 Kwh|13.9 Kwh
2020-05-24T18:10:23-0300 [stdout#info] sensor_3 |4.95 Kwh|19.97 Kwh|13.9 Kwh
2020-05-24T18:10:26-0300 [-] 127.0.0.1:57656 - sending MQTT PUBLISH REQUEST - Number of events: 37
2020-05-24T18:10:26-0300 [twisted.internet.endpoints.OneShotFactory#info] Starting factory <twisted.internet.endpoints.connectProtocol.<locals>.OneShotFactory object at 0x7fb8b11de400>
2020-05-24T18:10:26-0300 [twisted.internet.endpoints.OneShotFactory#info] Stopping factory <twisted.internet.endpoints.connectProtocol.<locals>.OneShotFactory object at 0x7fb8b11de4a8>
2020-05-24T18:10:26-0300 [stdout#info] This divice have no simulation core instance
2020-05-24T18:10:26-0300 [twisted.internet.endpoints.OneShotFactory#info] Starting factory <twisted.internet.endpoints.connectProtocol.<locals>.OneShotFactory object at 0x7fb8b116b588>
2020-05-24T18:10:26-0300 [stdout#info] sensor_6 |6.71 Kwh|4.53 Kwh
2020-05-24T18:10:26-0300 [stdout#info] sensor_9 |22.33 Kwh
2020-05-24T18:10:26-0300 [stdout#info] sensor_1 |10.36 Kwh|4.95 Kwh
2020-05-24T18:10:26-0300 [stdout#info] sensor_2 |20.27 Kwh
2020-05-24T18:10:26-0300 [stdout#info] sensor_5 |5.25 Kwh|4.53 Kwh
2020-05-24T18:10:26-0300 [stdout#info] sensor_8 |3.23 Kwh|4.88 Kwh
2020-05-24T18:10:26-0300 [stdout#info] sensor_7 |20.07 Kwh|4.88 Kwh
2020-05-24T18:10:26-0300 [stdout#info] sensor_4 |20.97 Kwh|4.95 Kwh
2020-05-24T18:10:26-0300 [stdout#info] sensor_3 |20.97 Kwh|10.36 Kwh|5.73 Kwh
2020-05-24T18:10:29-0300 [stdout#info] sensor_6 |5.25 Kwh|11.59 Kwh
2020-05-24T18:10:29-0300 [stdout#info] sensor_9 |7.49 Kwh
2020-05-24T18:10:29-0300 [stdout#info] sensor_1 |5.73 Kwh|6.86 Kwh
2020-05-24T18:10:29-0300 [stdout#info] sensor_2 |4.26 Kwh
2020-05-24T18:10:29-0300 [stdout#info] sensor_5 |7.12 Kwh|11.59 Kwh
2020-05-24T18:10:29-0300 [stdout#info] sensor_8 |20.07 Kwh|15.13 Kwh
2020-05-24T18:10:29-0300 [stdout#info] sensor_7 |22.44 Kwh|15.13 Kwh
2020-05-24T18:10:29-0300 [stdout#info] sensor_4 |5.73 Kwh|16.3 Kwh
2020-05-24T18:10:29-0300 [stdout#info] sensor_3 |16.3 Kwh|6.86 Kwh|14.73 Kwh
2020-05-24T18:10:31-0300 [-] 127.0.0.1:57656 - sending MQTT PUBLISH REQUEST - Number of events: 38
2020-05-24T18:10:31-0300 [twisted.internet.endpoints.OneShotFactory#info] Starting factory <twisted.internet.endpoints.connectProtocol.<locals>.OneShotFactory object at 0x7fb8b116b710>
2020-05-24T18:10:31-0300 [twisted.internet.endpoints.OneShotFactory#info] Stopping factory <twisted.internet.endpoints.connectProtocol.<locals>.OneShotFactory object at 0x7fb8b11de400>
2020-05-24T18:10:31-0300 [stdout#info] This divice have no simulation core instance
2020-05-24T18:10:31-0300 [twisted.internet.endpoints.OneShotFactory#info] Starting factory <twisted.internet.endpoints.connectProtocol.<locals>.OneShotFactory object at 0x7fb8b116ba58>
2020-05-24T18:10:32-0300 [stdout#info] sensor_6 |7.12 Kwh|6.79 Kwh
2020-05-24T18:10:32-0300 [stdout#info] sensor_9 |13.17 Kwh
2020-05-24T18:10:32-0300 [stdout#info] sensor_1 |14.56 Kwh|14.73 Kwh
2020-05-24T18:10:32-0300 [stdout#info] sensor_2 |14.66 Kwh
2020-05-24T18:10:32-0300 [stdout#info] sensor_5 |8.32 Kwh|6.79 Kwh
2020-05-24T18:10:32-0300 [stdout#info] sensor_8 |22.44 Kwh|20.33 Kwh
2020-05-24T18:10:32-0300 [stdout#info] sensor_7 |20.33 Kwh|7.07 Kwh
2020-05-24T18:10:32-0300 [stdout#info] sensor_4 |10.18 Kwh|14.73 Kwh
2020-05-24T18:10:32-0300 [stdout#info] sensor_3 |14.56 Kwh|7.81 Kwh|10.18 Kwh
2020-05-24T18:10:35-0300 [stdout#info] sensor_6 |8.32 Kwh|9.96 Kwh
2020-05-24T18:10:35-0300 [stdout#info] sensor_9 |2.97 Kwh
2020-05-24T18:10:35-0300 [stdout#info] sensor_1 |7.81 Kwh|22.21 Kwh
2020-05-24T18:10:35-0300 [stdout#info] sensor_2 |3.41 Kwh
2020-05-24T18:10:35-0300 [stdout#info] sensor_5 |5.99 Kwh|9.96 Kwh
2020-05-24T18:10:35-0300 [stdout#info] sensor_8 |13.74 Kwh|7.07 Kwh
2020-05-24T18:10:35-0300 [stdout#info] sensor_7 |13.74 Kwh|8.35 Kwh
2020-05-24T18:10:35-0300 [stdout#info] sensor_4 |7.81 Kwh|19.68 Kwh
2020-05-24T18:10:35-0300 [stdout#info] sensor_3 |5.16 Kwh|22.21 Kwh|19.68 Kwh
2020-05-24T18:10:36-0300 [-] 127.0.0.1:57656 - sending MQTT PUBLISH REQUEST - Number of events: 39
2020-05-24T18:10:36-0300 [twisted.internet.endpoints.OneShotFactory#info] Starting factory <twisted.internet.endpoints.connectProtocol.<locals>.OneShotFactory object at 0x7fb8b116b898>
2020-05-24T18:10:36-0300 [twisted.internet.endpoints.OneShotFactory#info] Stopping factory <twisted.internet.endpoints.connectProtocol.<locals>.OneShotFactory object at 0x7fb8b116b710>
2020-05-24T18:10:36-0300 [stdout#info] This divice have no simulation core instance
2020-05-24T18:10:36-0300 [twisted.internet.endpoints.OneShotFactory#info] Starting factory <twisted.internet.endpoints.connectProtocol.<locals>.OneShotFactory object at 0x7fb8b116beb8>
2020-05-24T18:10:39-0300 [-] Closing IoTFogSim Application...
2020-05-24T18:10:39-0300 [twisted.internet.endpoints.OneShotFactory#info] Stopping factory <twisted.internet.endpoints.connectProtocol.<locals>.OneShotFactory object at 0x7fb8b11c2f28>
2020-05-24T18:10:39-0300 [twisted.internet.endpoints.OneShotFactory#info] Stopping factory <twisted.internet.endpoints.connectProtocol.<locals>.OneShotFactory object at 0x7fb8b11de748>
2020-05-24T18:10:39-0300 [twisted.internet.endpoints.OneShotFactory#info] Stopping factory <twisted.internet.endpoints.connectProtocol.<locals>.OneShotFactory object at 0x7fb8afb4d278>
2020-05-24T18:10:39-0300 [twisted.internet.endpoints.OneShotFactory#info] Stopping factory <twisted.internet.endpoints.connectProtocol.<locals>.OneShotFactory object at 0x7fb8b116beb8>
2020-05-24T18:10:39-0300 [twisted.internet.endpoints.OneShotFactory#info] Stopping factory <twisted.internet.endpoints.connectProtocol.<locals>.OneShotFactory object at 0x7fb8b11ce8d0>
2020-05-24T18:10:39-0300 [twisted.internet.endpoints.OneShotFactory#info] Stopping factory <twisted.internet.endpoints.connectProtocol.<locals>.OneShotFactory object at 0x7fb8b116b0f0>
2020-05-24T18:10:39-0300 [applications.mqttapp.BrokerFactory] (TCP Port 5100 Closed)
2020-05-24T18:10:39-0300 [twisted.internet.endpoints.OneShotFactory#info] Stopping factory <twisted.internet.endpoints.connectProtocol.<locals>.OneShotFactory object at 0x7fb8b1a71438>
2020-05-24T18:10:39-0300 [twisted.internet.endpoints.OneShotFactory#info] Stopping factory <twisted.internet.endpoints.connectProtocol.<locals>.OneShotFactory object at 0x7fb8afb351d0>
2020-05-24T18:10:39-0300 [SubscriberApp,client] connection lost: Connection to the other side was lost in a non-clean fashion: Connection lost.
2020-05-24T18:10:39-0300 [SubscriberApp,client] connection lost - Number of events: 40
2020-05-24T18:10:39-0300 [twisted.internet.endpoints.OneShotFactory#info] Stopping factory <twisted.internet.endpoints.connectProtocol.<locals>.OneShotFactory object at 0x7fb8b11c2240>
2020-05-24T18:10:39-0300 [twisted.internet.endpoints.OneShotFactory#info] Stopping factory <twisted.internet.endpoints.connectProtocol.<locals>.OneShotFactory object at 0x7fb8b116ba58>
2020-05-24T18:10:39-0300 [twisted.internet.endpoints.OneShotFactory#info] Stopping factory <twisted.internet.endpoints.connectProtocol.<locals>.OneShotFactory object at 0x7fb8afb4d2e8>
2020-05-24T18:10:39-0300 [twisted.internet.endpoints.OneShotFactory#info] Stopping factory <twisted.internet.endpoints.connectProtocol.<locals>.OneShotFactory object at 0x7fb8afb1b0f0>
2020-05-24T18:10:39-0300 [twisted.internet.endpoints.OneShotFactory#info] Stopping factory <twisted.internet.endpoints.connectProtocol.<locals>.OneShotFactory object at 0x7fb8b11c2a58>
2020-05-24T18:10:39-0300 [twisted.internet.endpoints.OneShotFactory#info] Stopping factory <twisted.internet.endpoints.connectProtocol.<locals>.OneShotFactory object at 0x7fb8b11ce438>
2020-05-24T18:10:39-0300 [twisted.internet.endpoints.OneShotFactory#info] Stopping factory <twisted.internet.endpoints.connectProtocol.<locals>.OneShotFactory object at 0x7fb8b11dec50>
2020-05-24T18:10:39-0300 [applications.routerapp.RouterFactory] (TCP Port 8081 Closed)
2020-05-24T18:10:39-0300 [twisted.internet.endpoints.OneShotFactory#info] Stopping factory <twisted.internet.endpoints.connectProtocol.<locals>.OneShotFactory object at 0x7fb8b116b588>
2020-05-24T18:10:39-0300 [twisted.internet.endpoints.OneShotFactory#info] Stopping factory <twisted.internet.endpoints.connectProtocol.<locals>.OneShotFactory object at 0x7fb8b11cedd8>
2020-05-24T18:10:39-0300 [SubscriberApp,client] connection lost: Connection to the other side was lost in a non-clean fashion: Connection lost.
2020-05-24T18:10:39-0300 [SubscriberApp,client] connection lost - Number of events: 41
2020-05-24T18:10:39-0300 [twisted.internet.endpoints.OneShotFactory#info] Stopping factory <twisted.internet.endpoints.connectProtocol.<locals>.OneShotFactory object at 0x7fb8b11c2630>
2020-05-24T18:10:39-0300 [twisted.internet.endpoints.OneShotFactory#info] Stopping factory <twisted.internet.endpoints.connectProtocol.<locals>.OneShotFactory object at 0x7fb8b116b898>
2020-05-24T18:10:39-0300 [applications.accesspointapp.AccessPointFactory] (TCP Port 8082 Closed)
2020-05-24T18:10:39-0300 [PublisherApp,client] connection lost: Connection to the other side was lost in a non-clean fashion: Connection lost.
2020-05-24T18:10:39-0300 [PublisherApp,client] connection lost - Number of events: 42
2020-05-24T18:10:39-0300 [twisted.internet.endpoints.OneShotFactory#info] Stopping factory <twisted.internet.endpoints.connectProtocol.<locals>.OneShotFactory object at 0x7fb8afb4deb8>
2020-05-24T18:10:39-0300 [-] Main loop terminated.
