2020-05-18T21:38:34-0300 [-] Creating router ...
2020-05-18T21:38:34-0300 [-] Initializing Router - Number of events: 1
2020-05-18T21:38:34-0300 [-] RouterFactory starting on 8081
2020-05-18T21:38:34-0300 [-] Creating AccessPoint station ...
2020-05-18T21:38:34-0300 [-] Initializing Access Point - Number of events: 2
2020-05-18T21:38:35-0300 [-] AccessPointFactory starting on 8082
2020-05-18T21:38:35-0300 [-] Creating fog node ...
2020-05-18T21:38:35-0300 [-] Initializing Client - Number of events: 3
2020-05-18T21:38:35-0300 [-] Creating fog node ...
2020-05-18T21:38:35-0300 [-] Initializing Client - Number of events: 4
2020-05-18T21:38:36-0300 [-] Creating fog node ...
2020-05-18T21:38:36-0300 [-] Initializing Server - Number of events: 5
2020-05-18T21:38:36-0300 [-] BrokerFactory starting on 5100
2020-05-18T21:38:36-0300 [-] Creating iot node ...
2020-05-18T21:38:36-0300 [-] Initializing Client - Number of events: 6
2020-05-18T21:38:37-0300 [-] Initializing sensor node - Number of events: 7
2020-05-18T21:38:37-0300 [-] Initializing sensor node - Number of events: 8
2020-05-18T21:38:38-0300 [-] Initializing sensor node - Number of events: 9
2020-05-18T21:38:38-0300 [-] Initializing sensor node - Number of events: 10
2020-05-18T21:38:39-0300 [-] Initializing sensor node - Number of events: 11
2020-05-18T21:38:39-0300 [-] Initializing sensor node - Number of events: 12
2020-05-18T21:38:40-0300 [-] Initializing sensor node - Number of events: 13
2020-05-18T21:38:40-0300 [-] Initializing sensor node - Number of events: 14
2020-05-18T21:38:41-0300 [-] Initializing sensor node - Number of events: 15
2020-05-18T21:38:41-0300 [-] Initializing sensor node - Number of events: 16
2020-05-18T21:38:42-0300 [stdout#info] This divice have no simulation core instance
2020-05-18T21:38:42-0300 [stdout#info] This divice have no simulation core instance
2020-05-18T21:38:42-0300 [stdout#info] This divice have no simulation core instance
2020-05-18T21:38:42-0300 [stdout#info] This divice have no simulation core instance
2020-05-18T21:38:42-0300 [stdout#info] This divice have no simulation core instance
2020-05-18T21:38:42-0300 [Uninitialized] 127.0.0.1:55126 - Connected to mqtt broker - Number of events: 17
2020-05-18T21:38:42-0300 [Uninitialized] 127.0.0.1:55126 - sending MQTT SUBSCRIBE REQUEST - Number of events: 18
2020-05-18T21:38:42-0300 [Uninitialized] 127.0.0.1:55128 - Connected to mqtt broker - Number of events: 19
2020-05-18T21:38:42-0300 [Uninitialized] 127.0.0.1:55128 - sending MQTT SUBSCRIBE REQUEST - Number of events: 20
2020-05-18T21:38:42-0300 [Uninitialized] 127.0.0.1:35776 - Connected to mqtt broker - Number of events: 21
2020-05-18T21:38:42-0300 [Uninitialized] 127.0.0.1:35776 - sending MQTT PUBLISH REQUEST - Number of events: 22
2020-05-18T21:38:42-0300 [twisted.internet.endpoints.OneShotFactory#info] Starting factory <twisted.internet.endpoints.connectProtocol.<locals>.OneShotFactory object at 0x7f9b818f4278>
2020-05-18T21:38:42-0300 [twisted.internet.endpoints.OneShotFactory#info] Starting factory <twisted.internet.endpoints.connectProtocol.<locals>.OneShotFactory object at 0x7f9b818f4470>
2020-05-18T21:38:42-0300 [twisted.internet.endpoints.OneShotFactory#info] Starting factory <twisted.internet.endpoints.connectProtocol.<locals>.OneShotFactory object at 0x7f9b818f46a0>
2020-05-18T21:38:42-0300 [stdout#info] This divice have no simulation core instance
2020-05-18T21:38:42-0300 [twisted.internet.endpoints.OneShotFactory#info] Starting factory <twisted.internet.endpoints.connectProtocol.<locals>.OneShotFactory object at 0x7f9b819090b8>
2020-05-18T21:38:47-0300 [-] 127.0.0.1:35776 - sending MQTT PUBLISH REQUEST - Number of events: 23
2020-05-18T21:38:47-0300 [twisted.internet.endpoints.OneShotFactory#info] Starting factory <twisted.internet.endpoints.connectProtocol.<locals>.OneShotFactory object at 0x7f9b819093c8>
2020-05-18T21:38:47-0300 [twisted.internet.endpoints.OneShotFactory#info] Stopping factory <twisted.internet.endpoints.connectProtocol.<locals>.OneShotFactory object at 0x7f9b818f46a0>
2020-05-18T21:38:47-0300 [stdout#info] This divice have no simulation core instance
2020-05-18T21:38:47-0300 [twisted.internet.endpoints.OneShotFactory#info] Starting factory <twisted.internet.endpoints.connectProtocol.<locals>.OneShotFactory object at 0x7f9b81909668>
2020-05-18T21:38:47-0300 [twisted.internet.endpoints.OneShotFactory#info] Stopping factory <twisted.internet.endpoints.connectProtocol.<locals>.OneShotFactory object at 0x7f9b819090b8>
2020-05-18T21:38:52-0300 [-] 127.0.0.1:35776 - sending MQTT PUBLISH REQUEST - Number of events: 24
2020-05-18T21:38:52-0300 [twisted.internet.endpoints.OneShotFactory#info] Starting factory <twisted.internet.endpoints.connectProtocol.<locals>.OneShotFactory object at 0x7f9b81909860>
2020-05-18T21:38:52-0300 [twisted.internet.endpoints.OneShotFactory#info] Stopping factory <twisted.internet.endpoints.connectProtocol.<locals>.OneShotFactory object at 0x7f9b819093c8>
2020-05-18T21:38:52-0300 [stdout#info] This divice have no simulation core instance
2020-05-18T21:38:52-0300 [twisted.internet.endpoints.OneShotFactory#info] Starting factory <twisted.internet.endpoints.connectProtocol.<locals>.OneShotFactory object at 0x7f9b81909b00>
2020-05-18T21:38:57-0300 [-] 127.0.0.1:35776 - sending MQTT PUBLISH REQUEST - Number of events: 25
2020-05-18T21:38:57-0300 [twisted.internet.endpoints.OneShotFactory#info] Starting factory <twisted.internet.endpoints.connectProtocol.<locals>.OneShotFactory object at 0x7f9b81909d30>
2020-05-18T21:38:57-0300 [twisted.internet.endpoints.OneShotFactory#info] Stopping factory <twisted.internet.endpoints.connectProtocol.<locals>.OneShotFactory object at 0x7f9b81909860>
2020-05-18T21:38:57-0300 [stdout#info] This divice have no simulation core instance
2020-05-18T21:38:57-0300 [twisted.internet.endpoints.OneShotFactory#info] Starting factory <twisted.internet.endpoints.connectProtocol.<locals>.OneShotFactory object at 0x7f9b81909fd0>
2020-05-18T21:39:02-0300 [-] 127.0.0.1:35776 - sending MQTT PUBLISH REQUEST - Number of events: 26
2020-05-18T21:39:02-0300 [twisted.internet.endpoints.OneShotFactory#info] Starting factory <twisted.internet.endpoints.connectProtocol.<locals>.OneShotFactory object at 0x7f9b82fc6240>
2020-05-18T21:39:02-0300 [twisted.internet.endpoints.OneShotFactory#info] Stopping factory <twisted.internet.endpoints.connectProtocol.<locals>.OneShotFactory object at 0x7f9b81909d30>
2020-05-18T21:39:02-0300 [stdout#info] This divice have no simulation core instance
2020-05-18T21:39:02-0300 [twisted.internet.endpoints.OneShotFactory#info] Starting factory <twisted.internet.endpoints.connectProtocol.<locals>.OneShotFactory object at 0x7f9b82fc64e0>
2020-05-18T21:39:07-0300 [-] 127.0.0.1:35776 - sending MQTT PUBLISH REQUEST - Number of events: 27
2020-05-18T21:39:07-0300 [twisted.internet.endpoints.OneShotFactory#info] Starting factory <twisted.internet.endpoints.connectProtocol.<locals>.OneShotFactory object at 0x7f9b82fc66d8>
2020-05-18T21:39:07-0300 [twisted.internet.endpoints.OneShotFactory#info] Stopping factory <twisted.internet.endpoints.connectProtocol.<locals>.OneShotFactory object at 0x7f9b82fc6240>
2020-05-18T21:39:07-0300 [stdout#info] This divice have no simulation core instance
2020-05-18T21:39:07-0300 [twisted.internet.endpoints.OneShotFactory#info] Starting factory <twisted.internet.endpoints.connectProtocol.<locals>.OneShotFactory object at 0x7f9b82fc6898>
2020-05-18T21:39:12-0300 [-] 127.0.0.1:35776 - sending MQTT PUBLISH REQUEST - Number of events: 28
2020-05-18T21:39:12-0300 [twisted.internet.endpoints.OneShotFactory#info] Starting factory <twisted.internet.endpoints.connectProtocol.<locals>.OneShotFactory object at 0x7f9b82fc6a58>
2020-05-18T21:39:12-0300 [twisted.internet.endpoints.OneShotFactory#info] Stopping factory <twisted.internet.endpoints.connectProtocol.<locals>.OneShotFactory object at 0x7f9b82fc66d8>
2020-05-18T21:39:12-0300 [stdout#info] This divice have no simulation core instance
2020-05-18T21:39:12-0300 [twisted.internet.endpoints.OneShotFactory#info] Starting factory <twisted.internet.endpoints.connectProtocol.<locals>.OneShotFactory object at 0x7f9b82fc6cc0>
2020-05-18T21:39:17-0300 [-] 127.0.0.1:35776 - sending MQTT PUBLISH REQUEST - Number of events: 29
2020-05-18T21:39:17-0300 [twisted.internet.endpoints.OneShotFactory#info] Starting factory <twisted.internet.endpoints.connectProtocol.<locals>.OneShotFactory object at 0x7f9b82fc6860>
2020-05-18T21:39:17-0300 [twisted.internet.endpoints.OneShotFactory#info] Stopping factory <twisted.internet.endpoints.connectProtocol.<locals>.OneShotFactory object at 0x7f9b82fc6a58>
2020-05-18T21:39:17-0300 [stdout#info] This divice have no simulation core instance
2020-05-18T21:39:17-0300 [twisted.internet.endpoints.OneShotFactory#info] Starting factory <twisted.internet.endpoints.connectProtocol.<locals>.OneShotFactory object at 0x7f9b82fec160>
2020-05-18T21:39:22-0300 [-] 127.0.0.1:35776 - sending MQTT PUBLISH REQUEST - Number of events: 30
2020-05-18T21:39:22-0300 [twisted.internet.endpoints.OneShotFactory#info] Starting factory <twisted.internet.endpoints.connectProtocol.<locals>.OneShotFactory object at 0x7f9b818d7ef0>
2020-05-18T21:39:22-0300 [twisted.internet.endpoints.OneShotFactory#info] Stopping factory <twisted.internet.endpoints.connectProtocol.<locals>.OneShotFactory object at 0x7f9b82fc6860>
2020-05-18T21:39:22-0300 [stdout#info] This divice have no simulation core instance
2020-05-18T21:39:22-0300 [twisted.internet.endpoints.OneShotFactory#info] Starting factory <twisted.internet.endpoints.connectProtocol.<locals>.OneShotFactory object at 0x7f9b82fec550>
2020-05-18T21:39:27-0300 [-] Received SIGINT, shutting down.
2020-05-18T21:39:27-0300 [-] 127.0.0.1:35776 - sending MQTT PUBLISH REQUEST - Number of events: 31
2020-05-18T21:39:27-0300 [applications.mqttapp.BrokerFactory] (TCP Port 5100 Closed)
2020-05-18T21:39:27-0300 [twisted.internet.endpoints.OneShotFactory#info] Stopping factory <twisted.internet.endpoints.connectProtocol.<locals>.OneShotFactory object at 0x7f9b81909fd0>
2020-05-18T21:39:27-0300 [SubscriberApp,client] connection lost: Connection to the other side was lost in a non-clean fashion: Connection lost.
2020-05-18T21:39:27-0300 [SubscriberApp,client] connection lost - Number of events: 32
2020-05-18T21:39:27-0300 [twisted.internet.endpoints.OneShotFactory#info] Stopping factory <twisted.internet.endpoints.connectProtocol.<locals>.OneShotFactory object at 0x7f9b82fc6898>
2020-05-18T21:39:27-0300 [twisted.internet.endpoints.OneShotFactory#info] Stopping factory <twisted.internet.endpoints.connectProtocol.<locals>.OneShotFactory object at 0x7f9b82fec160>
2020-05-18T21:39:27-0300 [twisted.internet.endpoints.OneShotFactory#info] Stopping factory <twisted.internet.endpoints.connectProtocol.<locals>.OneShotFactory object at 0x7f9b818f4278>
2020-05-18T21:39:27-0300 [twisted.internet.endpoints.OneShotFactory#info] Stopping factory <twisted.internet.endpoints.connectProtocol.<locals>.OneShotFactory object at 0x7f9b818d7ef0>
2020-05-18T21:39:27-0300 [twisted.internet.endpoints.OneShotFactory#info] Stopping factory <twisted.internet.endpoints.connectProtocol.<locals>.OneShotFactory object at 0x7f9b81909b00>
2020-05-18T21:39:27-0300 [SubscriberApp,client] connection lost: Connection to the other side was lost in a non-clean fashion: Connection lost.
2020-05-18T21:39:27-0300 [SubscriberApp,client] connection lost - Number of events: 33
2020-05-18T21:39:27-0300 [twisted.internet.endpoints.OneShotFactory#info] Stopping factory <twisted.internet.endpoints.connectProtocol.<locals>.OneShotFactory object at 0x7f9b818f4470>
2020-05-18T21:39:27-0300 [PublisherApp,client] connection lost: Connection to the other side was lost in a non-clean fashion: Connection lost.
2020-05-18T21:39:27-0300 [PublisherApp,client] connection lost - Number of events: 34
2020-05-18T21:39:27-0300 [twisted.internet.endpoints.OneShotFactory#info] Stopping factory <twisted.internet.endpoints.connectProtocol.<locals>.OneShotFactory object at 0x7f9b82fc6cc0>
2020-05-18T21:39:27-0300 [twisted.internet.endpoints.OneShotFactory#info] Stopping factory <twisted.internet.endpoints.connectProtocol.<locals>.OneShotFactory object at 0x7f9b82fc64e0>
2020-05-18T21:39:27-0300 [applications.routerapp.RouterFactory] (TCP Port 8081 Closed)
2020-05-18T21:39:27-0300 [twisted.internet.endpoints.OneShotFactory#info] Stopping factory <twisted.internet.endpoints.connectProtocol.<locals>.OneShotFactory object at 0x7f9b82fec550>
2020-05-18T21:39:27-0300 [applications.accesspointapp.AccessPointFactory] (TCP Port 8082 Closed)
2020-05-18T21:39:27-0300 [twisted.internet.endpoints.OneShotFactory#info] Stopping factory <twisted.internet.endpoints.connectProtocol.<locals>.OneShotFactory object at 0x7f9b81909668>
2020-05-18T21:39:27-0300 [-] Main loop terminated.
