2020-05-18T20:50:07-0300 [-] Creating router ...
2020-05-18T20:50:07-0300 [-] Initializing Router - Number of events: 1
2020-05-18T20:50:08-0300 [-] RouterFactory starting on 8081
2020-05-18T20:50:08-0300 [-] Creating AccessPoint station ...
2020-05-18T20:50:08-0300 [-] Initializing Access Point - Number of events: 2
2020-05-18T20:50:09-0300 [-] AccessPointFactory starting on 8082
2020-05-18T20:50:09-0300 [-] Creating fog node ...
2020-05-18T20:50:09-0300 [-] Initializing Client - Number of events: 3
2020-05-18T20:50:09-0300 [-] Creating fog node ...
2020-05-18T20:50:09-0300 [-] Initializing Client - Number of events: 4
2020-05-18T20:50:10-0300 [-] Creating fog node ...
2020-05-18T20:50:10-0300 [-] Initializing Server - Number of events: 5
2020-05-18T20:50:10-0300 [-] BrokerFactory starting on 5100
2020-05-18T20:50:10-0300 [-] Creating iot node ...
2020-05-18T20:50:10-0300 [-] Initializing Client - Number of events: 6
2020-05-18T20:50:11-0300 [-] Initializing sensor node - Number of events: 7
2020-05-18T20:50:11-0300 [-] Initializing sensor node - Number of events: 8
2020-05-18T20:50:12-0300 [stderr#error] Exception in Tkinter callback
2020-05-18T20:50:12-0300 [stderr#error] Traceback (most recent call last):
2020-05-18T20:50:12-0300 [stderr#error]   File "/usr/lib/python3.6/tkinter/__init__.py", line 1708, in __call__
2020-05-18T20:50:12-0300 [stderr#error]     return self.func(*args)
2020-05-18T20:50:12-0300 [stderr#error]   File "/home/rafael/iotfogsim/scinetsim/scinetsim/configurations.py", line 106, in <lambda>
2020-05-18T20:50:12-0300 [stderr#error]     btn_open = ttk.Button(window, text="Open Project",command=lambda:open_project(window,simulation_core))
2020-05-18T20:50:12-0300 [stderr#error]   File "/home/rafael/iotfogsim/scinetsim/scinetsim/configurations.py", line 60, in open_project
2020-05-18T20:50:12-0300 [stderr#error]     load_nodes(selected_project_name, simulation_core)
2020-05-18T20:50:12-0300 [stderr#error]   File "/home/rafael/iotfogsim/scinetsim/scinetsim/configurations.py", line 234, in load_nodes
2020-05-18T20:50:12-0300 [stderr#error]     sr_node.run()
2020-05-18T20:50:12-0300 [stderr#error]   File "/home/rafael/iotfogsim/scinetsim/scinetsim/standarddevice.py", line 270, in run
2020-05-18T20:50:12-0300 [stderr#error]     self.application.start(nearby_devices_list)
2020-05-18T20:50:12-0300 [stderr#error]   File "/home/rafael/iotfogsim/scinetsim/applications/wsnapp.py", line 19, in start
2020-05-18T20:50:12-0300 [stderr#error]     print(self.visual_component.draggable_name.get("1.0",END))
2020-05-18T20:50:12-0300 [stderr#error] AttributeError: 'int' object has no attribute 'get'
2020-05-18T20:50:12-0300 [stdout#info] This divice have no simulation core instance
2020-05-18T20:50:12-0300 [stdout#info] This divice have no simulation core instance
2020-05-18T20:50:12-0300 [stdout#info] This divice have no simulation core instance
2020-05-18T20:50:12-0300 [stdout#info] This divice have no simulation core instance
2020-05-18T20:50:12-0300 [stdout#info] This divice have no simulation core instance
2020-05-18T20:50:12-0300 [Uninitialized] 127.0.0.1:52440 - Connected to mqtt broker - Number of events: 9
2020-05-18T20:50:12-0300 [Uninitialized] 127.0.0.1:52440 - sending MQTT SUBSCRIBE REQUEST - Number of events: 10
2020-05-18T20:50:12-0300 [Uninitialized] 127.0.0.1:52442 - Connected to mqtt broker - Number of events: 11
2020-05-18T20:50:12-0300 [Uninitialized] 127.0.0.1:52442 - sending MQTT SUBSCRIBE REQUEST - Number of events: 12
2020-05-18T20:50:12-0300 [Uninitialized] 127.0.0.1:33090 - Connected to mqtt broker - Number of events: 13
2020-05-18T20:50:12-0300 [Uninitialized] 127.0.0.1:33090 - sending MQTT PUBLISH REQUEST - Number of events: 14
2020-05-18T20:50:12-0300 [twisted.internet.endpoints.OneShotFactory#info] Starting factory <twisted.internet.endpoints.connectProtocol.<locals>.OneShotFactory object at 0x7fd34e92fc88>
2020-05-18T20:50:12-0300 [twisted.internet.endpoints.OneShotFactory#info] Starting factory <twisted.internet.endpoints.connectProtocol.<locals>.OneShotFactory object at 0x7fd34e92fe80>
2020-05-18T20:50:12-0300 [twisted.internet.endpoints.OneShotFactory#info] Starting factory <twisted.internet.endpoints.connectProtocol.<locals>.OneShotFactory object at 0x7fd34e8c00f0>
2020-05-18T20:50:12-0300 [stdout#info] This divice have no simulation core instance
2020-05-18T20:50:12-0300 [twisted.internet.endpoints.OneShotFactory#info] Starting factory <twisted.internet.endpoints.connectProtocol.<locals>.OneShotFactory object at 0x7fd34e8c0978>
2020-05-18T20:50:17-0300 [-] 127.0.0.1:33090 - sending MQTT PUBLISH REQUEST - Number of events: 15
2020-05-18T20:50:17-0300 [twisted.internet.endpoints.OneShotFactory#info] Starting factory <twisted.internet.endpoints.connectProtocol.<locals>.OneShotFactory object at 0x7fd34e8c0d30>
2020-05-18T20:50:17-0300 [twisted.internet.endpoints.OneShotFactory#info] Stopping factory <twisted.internet.endpoints.connectProtocol.<locals>.OneShotFactory object at 0x7fd34e8c00f0>
2020-05-18T20:50:17-0300 [stdout#info] This divice have no simulation core instance
2020-05-18T20:50:17-0300 [twisted.internet.endpoints.OneShotFactory#info] Starting factory <twisted.internet.endpoints.connectProtocol.<locals>.OneShotFactory object at 0x7fd34e8c0f98>
2020-05-18T20:50:17-0300 [twisted.internet.endpoints.OneShotFactory#info] Stopping factory <twisted.internet.endpoints.connectProtocol.<locals>.OneShotFactory object at 0x7fd34e8c0978>
2020-05-18T20:50:22-0300 [-] 127.0.0.1:33090 - sending MQTT PUBLISH REQUEST - Number of events: 16
2020-05-18T20:50:22-0300 [twisted.internet.endpoints.OneShotFactory#info] Starting factory <twisted.internet.endpoints.connectProtocol.<locals>.OneShotFactory object at 0x7fd34e8d61d0>
2020-05-18T20:50:22-0300 [twisted.internet.endpoints.OneShotFactory#info] Stopping factory <twisted.internet.endpoints.connectProtocol.<locals>.OneShotFactory object at 0x7fd34e8c0d30>
2020-05-18T20:50:22-0300 [stdout#info] This divice have no simulation core instance
2020-05-18T20:50:22-0300 [twisted.internet.endpoints.OneShotFactory#info] Starting factory <twisted.internet.endpoints.connectProtocol.<locals>.OneShotFactory object at 0x7fd34e8d64a8>
2020-05-18T20:50:27-0300 [-] 127.0.0.1:33090 - sending MQTT PUBLISH REQUEST - Number of events: 17
2020-05-18T20:50:27-0300 [twisted.internet.endpoints.OneShotFactory#info] Starting factory <twisted.internet.endpoints.connectProtocol.<locals>.OneShotFactory object at 0x7fd34e8d66d8>
2020-05-18T20:50:27-0300 [twisted.internet.endpoints.OneShotFactory#info] Stopping factory <twisted.internet.endpoints.connectProtocol.<locals>.OneShotFactory object at 0x7fd34e8d61d0>
2020-05-18T20:50:27-0300 [stdout#info] This divice have no simulation core instance
2020-05-18T20:50:27-0300 [twisted.internet.endpoints.OneShotFactory#info] Starting factory <twisted.internet.endpoints.connectProtocol.<locals>.OneShotFactory object at 0x7fd34e8d69b0>
2020-05-18T20:50:32-0300 [-] 127.0.0.1:33090 - sending MQTT PUBLISH REQUEST - Number of events: 18
2020-05-18T20:50:32-0300 [twisted.internet.endpoints.OneShotFactory#info] Starting factory <twisted.internet.endpoints.connectProtocol.<locals>.OneShotFactory object at 0x7fd34e8d6c50>
2020-05-18T20:50:32-0300 [twisted.internet.endpoints.OneShotFactory#info] Stopping factory <twisted.internet.endpoints.connectProtocol.<locals>.OneShotFactory object at 0x7fd34e8d66d8>
2020-05-18T20:50:32-0300 [stdout#info] This divice have no simulation core instance
2020-05-18T20:50:32-0300 [twisted.internet.endpoints.OneShotFactory#info] Starting factory <twisted.internet.endpoints.connectProtocol.<locals>.OneShotFactory object at 0x7fd34e8d6eb8>
2020-05-18T20:50:37-0300 [-] 127.0.0.1:33090 - sending MQTT PUBLISH REQUEST - Number of events: 19
2020-05-18T20:50:37-0300 [twisted.internet.endpoints.OneShotFactory#info] Starting factory <twisted.internet.endpoints.connectProtocol.<locals>.OneShotFactory object at 0x7fd34e875128>
2020-05-18T20:50:37-0300 [twisted.internet.endpoints.OneShotFactory#info] Stopping factory <twisted.internet.endpoints.connectProtocol.<locals>.OneShotFactory object at 0x7fd34e8d6c50>
2020-05-18T20:50:37-0300 [stdout#info] This divice have no simulation core instance
2020-05-18T20:50:37-0300 [twisted.internet.endpoints.OneShotFactory#info] Starting factory <twisted.internet.endpoints.connectProtocol.<locals>.OneShotFactory object at 0x7fd34e875400>
2020-05-18T20:50:42-0300 [-] 127.0.0.1:33090 - sending MQTT PUBLISH REQUEST - Number of events: 20
2020-05-18T20:50:42-0300 [twisted.internet.endpoints.OneShotFactory#info] Starting factory <twisted.internet.endpoints.connectProtocol.<locals>.OneShotFactory object at 0x7fd34e8752e8>
2020-05-18T20:50:42-0300 [twisted.internet.endpoints.OneShotFactory#info] Stopping factory <twisted.internet.endpoints.connectProtocol.<locals>.OneShotFactory object at 0x7fd34e875128>
2020-05-18T20:50:42-0300 [stdout#info] This divice have no simulation core instance
2020-05-18T20:50:42-0300 [twisted.internet.endpoints.OneShotFactory#info] Starting factory <twisted.internet.endpoints.connectProtocol.<locals>.OneShotFactory object at 0x7fd34e875710>
2020-05-18T20:50:47-0300 [-] 127.0.0.1:33090 - sending MQTT PUBLISH REQUEST - Number of events: 21
2020-05-18T20:50:47-0300 [twisted.internet.endpoints.OneShotFactory#info] Starting factory <twisted.internet.endpoints.connectProtocol.<locals>.OneShotFactory object at 0x7fd34e875898>
2020-05-18T20:50:47-0300 [twisted.internet.endpoints.OneShotFactory#info] Stopping factory <twisted.internet.endpoints.connectProtocol.<locals>.OneShotFactory object at 0x7fd34e8752e8>
2020-05-18T20:50:47-0300 [stdout#info] This divice have no simulation core instance
2020-05-18T20:50:47-0300 [twisted.internet.endpoints.OneShotFactory#info] Starting factory <twisted.internet.endpoints.connectProtocol.<locals>.OneShotFactory object at 0x7fd34e875b38>
2020-05-18T20:50:52-0300 [-] 127.0.0.1:33090 - sending MQTT PUBLISH REQUEST - Number of events: 22
2020-05-18T20:50:52-0300 [twisted.internet.endpoints.OneShotFactory#info] Starting factory <twisted.internet.endpoints.connectProtocol.<locals>.OneShotFactory object at 0x7fd34e875cc0>
2020-05-18T20:50:52-0300 [twisted.internet.endpoints.OneShotFactory#info] Stopping factory <twisted.internet.endpoints.connectProtocol.<locals>.OneShotFactory object at 0x7fd34e875898>
2020-05-18T20:50:52-0300 [stdout#info] This divice have no simulation core instance
2020-05-18T20:50:52-0300 [twisted.internet.endpoints.OneShotFactory#info] Starting factory <twisted.internet.endpoints.connectProtocol.<locals>.OneShotFactory object at 0x7fd34e875f98>
2020-05-18T20:50:57-0300 [-] 127.0.0.1:33090 - sending MQTT PUBLISH REQUEST - Number of events: 23
2020-05-18T20:50:57-0300 [twisted.internet.endpoints.OneShotFactory#info] Starting factory <twisted.internet.endpoints.connectProtocol.<locals>.OneShotFactory object at 0x7fd34e89a0f0>
2020-05-18T20:50:57-0300 [twisted.internet.endpoints.OneShotFactory#info] Stopping factory <twisted.internet.endpoints.connectProtocol.<locals>.OneShotFactory object at 0x7fd34e875cc0>
2020-05-18T20:50:57-0300 [stdout#info] This divice have no simulation core instance
2020-05-18T20:50:57-0300 [twisted.internet.endpoints.OneShotFactory#info] Starting factory <twisted.internet.endpoints.connectProtocol.<locals>.OneShotFactory object at 0x7fd34e89a438>
2020-05-18T20:51:02-0300 [-] 127.0.0.1:33090 - sending MQTT PUBLISH REQUEST - Number of events: 24
2020-05-18T20:51:02-0300 [twisted.internet.endpoints.OneShotFactory#info] Starting factory <twisted.internet.endpoints.connectProtocol.<locals>.OneShotFactory object at 0x7fd34e89a5c0>
2020-05-18T20:51:02-0300 [twisted.internet.endpoints.OneShotFactory#info] Stopping factory <twisted.internet.endpoints.connectProtocol.<locals>.OneShotFactory object at 0x7fd34e89a0f0>
2020-05-18T20:51:02-0300 [stdout#info] This divice have no simulation core instance
2020-05-18T20:51:02-0300 [twisted.internet.endpoints.OneShotFactory#info] Starting factory <twisted.internet.endpoints.connectProtocol.<locals>.OneShotFactory object at 0x7fd34e89a898>
2020-05-18T20:51:07-0300 [-] 127.0.0.1:33090 - sending MQTT PUBLISH REQUEST - Number of events: 25
2020-05-18T20:51:07-0300 [twisted.internet.endpoints.OneShotFactory#info] Starting factory <twisted.internet.endpoints.connectProtocol.<locals>.OneShotFactory object at 0x7fd34e89aa20>
2020-05-18T20:51:07-0300 [twisted.internet.endpoints.OneShotFactory#info] Stopping factory <twisted.internet.endpoints.connectProtocol.<locals>.OneShotFactory object at 0x7fd34e89a5c0>
2020-05-18T20:51:07-0300 [stdout#info] This divice have no simulation core instance
2020-05-18T20:51:07-0300 [twisted.internet.endpoints.OneShotFactory#info] Starting factory <twisted.internet.endpoints.connectProtocol.<locals>.OneShotFactory object at 0x7fd34e89acf8>
2020-05-18T20:51:12-0300 [-] 127.0.0.1:33090 - sending MQTT PUBLISH REQUEST - Number of events: 26
2020-05-18T20:51:12-0300 [twisted.internet.endpoints.OneShotFactory#info] Starting factory <twisted.internet.endpoints.connectProtocol.<locals>.OneShotFactory object at 0x7fd34e89ae80>
2020-05-18T20:51:12-0300 [twisted.internet.endpoints.OneShotFactory#info] Stopping factory <twisted.internet.endpoints.connectProtocol.<locals>.OneShotFactory object at 0x7fd34e89aa20>
2020-05-18T20:51:12-0300 [stdout#info] This divice have no simulation core instance
2020-05-18T20:51:12-0300 [twisted.internet.endpoints.OneShotFactory#info] Starting factory <twisted.internet.endpoints.connectProtocol.<locals>.OneShotFactory object at 0x7fd34e8b4198>
2020-05-18T20:51:17-0300 [-] 127.0.0.1:33090 - sending MQTT PUBLISH REQUEST - Number of events: 27
2020-05-18T20:51:17-0300 [twisted.internet.endpoints.OneShotFactory#info] Starting factory <twisted.internet.endpoints.connectProtocol.<locals>.OneShotFactory object at 0x7fd34e8b4320>
2020-05-18T20:51:17-0300 [twisted.internet.endpoints.OneShotFactory#info] Stopping factory <twisted.internet.endpoints.connectProtocol.<locals>.OneShotFactory object at 0x7fd34e89ae80>
2020-05-18T20:51:17-0300 [stdout#info] This divice have no simulation core instance
2020-05-18T20:51:17-0300 [twisted.internet.endpoints.OneShotFactory#info] Starting factory <twisted.internet.endpoints.connectProtocol.<locals>.OneShotFactory object at 0x7fd34e8b45f8>
2020-05-18T20:51:22-0300 [-] 127.0.0.1:33090 - sending MQTT PUBLISH REQUEST - Number of events: 28
2020-05-18T20:51:22-0300 [twisted.internet.endpoints.OneShotFactory#info] Starting factory <twisted.internet.endpoints.connectProtocol.<locals>.OneShotFactory object at 0x7fd34e8b4780>
2020-05-18T20:51:22-0300 [twisted.internet.endpoints.OneShotFactory#info] Stopping factory <twisted.internet.endpoints.connectProtocol.<locals>.OneShotFactory object at 0x7fd34e8b4320>
2020-05-18T20:51:22-0300 [stdout#info] This divice have no simulation core instance
2020-05-18T20:51:22-0300 [twisted.internet.endpoints.OneShotFactory#info] Starting factory <twisted.internet.endpoints.connectProtocol.<locals>.OneShotFactory object at 0x7fd34e8b4a58>
2020-05-18T20:51:27-0300 [-] 127.0.0.1:33090 - sending MQTT PUBLISH REQUEST - Number of events: 29
2020-05-18T20:51:27-0300 [twisted.internet.endpoints.OneShotFactory#info] Starting factory <twisted.internet.endpoints.connectProtocol.<locals>.OneShotFactory object at 0x7fd34e8b4be0>
2020-05-18T20:51:27-0300 [twisted.internet.endpoints.OneShotFactory#info] Stopping factory <twisted.internet.endpoints.connectProtocol.<locals>.OneShotFactory object at 0x7fd34e8b4780>
2020-05-18T20:51:27-0300 [stdout#info] This divice have no simulation core instance
2020-05-18T20:51:27-0300 [twisted.internet.endpoints.OneShotFactory#info] Starting factory <twisted.internet.endpoints.connectProtocol.<locals>.OneShotFactory object at 0x7fd34e8b4eb8>
2020-05-18T20:51:32-0300 [-] 127.0.0.1:33090 - sending MQTT PUBLISH REQUEST - Number of events: 30
2020-05-18T20:51:32-0300 [twisted.internet.endpoints.OneShotFactory#info] Starting factory <twisted.internet.endpoints.connectProtocol.<locals>.OneShotFactory object at 0x7fd34e83f160>
2020-05-18T20:51:32-0300 [twisted.internet.endpoints.OneShotFactory#info] Stopping factory <twisted.internet.endpoints.connectProtocol.<locals>.OneShotFactory object at 0x7fd34e8b4be0>
2020-05-18T20:51:32-0300 [stdout#info] This divice have no simulation core instance
2020-05-18T20:51:32-0300 [twisted.internet.endpoints.OneShotFactory#info] Starting factory <twisted.internet.endpoints.connectProtocol.<locals>.OneShotFactory object at 0x7fd34e83f358>
2020-05-18T20:51:37-0300 [-] 127.0.0.1:33090 - sending MQTT PUBLISH REQUEST - Number of events: 31
2020-05-18T20:51:37-0300 [twisted.internet.endpoints.OneShotFactory#info] Starting factory <twisted.internet.endpoints.connectProtocol.<locals>.OneShotFactory object at 0x7fd34e83f5c0>
2020-05-18T20:51:37-0300 [twisted.internet.endpoints.OneShotFactory#info] Stopping factory <twisted.internet.endpoints.connectProtocol.<locals>.OneShotFactory object at 0x7fd34e83f160>
2020-05-18T20:51:37-0300 [stdout#info] This divice have no simulation core instance
2020-05-18T20:51:37-0300 [twisted.internet.endpoints.OneShotFactory#info] Starting factory <twisted.internet.endpoints.connectProtocol.<locals>.OneShotFactory object at 0x7fd34e83f7b8>
2020-05-18T20:51:42-0300 [-] 127.0.0.1:33090 - sending MQTT PUBLISH REQUEST - Number of events: 32
2020-05-18T20:51:42-0300 [twisted.internet.endpoints.OneShotFactory#info] Starting factory <twisted.internet.endpoints.connectProtocol.<locals>.OneShotFactory object at 0x7fd34e83f940>
2020-05-18T20:51:42-0300 [twisted.internet.endpoints.OneShotFactory#info] Stopping factory <twisted.internet.endpoints.connectProtocol.<locals>.OneShotFactory object at 0x7fd34e83f5c0>
2020-05-18T20:51:42-0300 [stdout#info] This divice have no simulation core instance
2020-05-18T20:51:42-0300 [twisted.internet.endpoints.OneShotFactory#info] Starting factory <twisted.internet.endpoints.connectProtocol.<locals>.OneShotFactory object at 0x7fd34e83fc18>
2020-05-18T20:51:47-0300 [-] 127.0.0.1:33090 - sending MQTT PUBLISH REQUEST - Number of events: 33
2020-05-18T20:51:47-0300 [twisted.internet.endpoints.OneShotFactory#info] Starting factory <twisted.internet.endpoints.connectProtocol.<locals>.OneShotFactory object at 0x7fd34e83f518>
2020-05-18T20:51:47-0300 [twisted.internet.endpoints.OneShotFactory#info] Stopping factory <twisted.internet.endpoints.connectProtocol.<locals>.OneShotFactory object at 0x7fd34e83f940>
2020-05-18T20:51:47-0300 [stdout#info] This divice have no simulation core instance
2020-05-18T20:51:47-0300 [twisted.internet.endpoints.OneShotFactory#info] Starting factory <twisted.internet.endpoints.connectProtocol.<locals>.OneShotFactory object at 0x7fd34e84a0b8>
2020-05-18T20:51:52-0300 [-] 127.0.0.1:33090 - sending MQTT PUBLISH REQUEST - Number of events: 34
2020-05-18T20:51:52-0300 [twisted.internet.endpoints.OneShotFactory#info] Starting factory <twisted.internet.endpoints.connectProtocol.<locals>.OneShotFactory object at 0x7fd34e84a240>
2020-05-18T20:51:52-0300 [twisted.internet.endpoints.OneShotFactory#info] Stopping factory <twisted.internet.endpoints.connectProtocol.<locals>.OneShotFactory object at 0x7fd34e83f518>
2020-05-18T20:51:52-0300 [stdout#info] This divice have no simulation core instance
2020-05-18T20:51:52-0300 [twisted.internet.endpoints.OneShotFactory#info] Starting factory <twisted.internet.endpoints.connectProtocol.<locals>.OneShotFactory object at 0x7fd34e84a518>
2020-05-18T20:51:57-0300 [-] 127.0.0.1:33090 - sending MQTT PUBLISH REQUEST - Number of events: 35
2020-05-18T20:51:57-0300 [twisted.internet.endpoints.OneShotFactory#info] Starting factory <twisted.internet.endpoints.connectProtocol.<locals>.OneShotFactory object at 0x7fd34e84a6a0>
2020-05-18T20:51:57-0300 [twisted.internet.endpoints.OneShotFactory#info] Stopping factory <twisted.internet.endpoints.connectProtocol.<locals>.OneShotFactory object at 0x7fd34e84a240>
2020-05-18T20:51:57-0300 [stdout#info] This divice have no simulation core instance
2020-05-18T20:51:57-0300 [twisted.internet.endpoints.OneShotFactory#info] Starting factory <twisted.internet.endpoints.connectProtocol.<locals>.OneShotFactory object at 0x7fd34e84a978>
2020-05-18T20:52:02-0300 [-] 127.0.0.1:33090 - sending MQTT PUBLISH REQUEST - Number of events: 36
2020-05-18T20:52:02-0300 [twisted.internet.endpoints.OneShotFactory#info] Starting factory <twisted.internet.endpoints.connectProtocol.<locals>.OneShotFactory object at 0x7fd34e84abe0>
2020-05-18T20:52:02-0300 [twisted.internet.endpoints.OneShotFactory#info] Stopping factory <twisted.internet.endpoints.connectProtocol.<locals>.OneShotFactory object at 0x7fd34e84a6a0>
2020-05-18T20:52:02-0300 [stdout#info] This divice have no simulation core instance
2020-05-18T20:52:02-0300 [twisted.internet.endpoints.OneShotFactory#info] Starting factory <twisted.internet.endpoints.connectProtocol.<locals>.OneShotFactory object at 0x7fd34e84ae10>
2020-05-18T20:52:07-0300 [-] 127.0.0.1:33090 - sending MQTT PUBLISH REQUEST - Number of events: 37
2020-05-18T20:52:07-0300 [twisted.internet.endpoints.OneShotFactory#info] Starting factory <twisted.internet.endpoints.connectProtocol.<locals>.OneShotFactory object at 0x7fd34e84a438>
2020-05-18T20:52:07-0300 [twisted.internet.endpoints.OneShotFactory#info] Stopping factory <twisted.internet.endpoints.connectProtocol.<locals>.OneShotFactory object at 0x7fd34e84abe0>
2020-05-18T20:52:07-0300 [stdout#info] This divice have no simulation core instance
2020-05-18T20:52:07-0300 [twisted.internet.endpoints.OneShotFactory#info] Starting factory <twisted.internet.endpoints.connectProtocol.<locals>.OneShotFactory object at 0x7fd34e855278>
2020-05-18T20:52:12-0300 [-] 127.0.0.1:33090 - sending MQTT PUBLISH REQUEST - Number of events: 38
2020-05-18T20:52:12-0300 [twisted.internet.endpoints.OneShotFactory#info] Starting factory <twisted.internet.endpoints.connectProtocol.<locals>.OneShotFactory object at 0x7fd34e855400>
2020-05-18T20:52:12-0300 [twisted.internet.endpoints.OneShotFactory#info] Stopping factory <twisted.internet.endpoints.connectProtocol.<locals>.OneShotFactory object at 0x7fd34e84a438>
2020-05-18T20:52:12-0300 [stdout#info] This divice have no simulation core instance
2020-05-18T20:52:12-0300 [twisted.internet.endpoints.OneShotFactory#info] Starting factory <twisted.internet.endpoints.connectProtocol.<locals>.OneShotFactory object at 0x7fd34e8556d8>
2020-05-18T20:52:17-0300 [-] 127.0.0.1:33090 - sending MQTT PUBLISH REQUEST - Number of events: 39
2020-05-18T20:52:17-0300 [twisted.internet.endpoints.OneShotFactory#info] Starting factory <twisted.internet.endpoints.connectProtocol.<locals>.OneShotFactory object at 0x7fd34e855860>
2020-05-18T20:52:17-0300 [twisted.internet.endpoints.OneShotFactory#info] Stopping factory <twisted.internet.endpoints.connectProtocol.<locals>.OneShotFactory object at 0x7fd34e855400>
2020-05-18T20:52:17-0300 [stdout#info] This divice have no simulation core instance
2020-05-18T20:52:17-0300 [twisted.internet.endpoints.OneShotFactory#info] Starting factory <twisted.internet.endpoints.connectProtocol.<locals>.OneShotFactory object at 0x7fd34e942048>
2020-05-18T20:52:22-0300 [-] 127.0.0.1:33090 - sending MQTT PUBLISH REQUEST - Number of events: 40
2020-05-18T20:52:22-0300 [twisted.internet.endpoints.OneShotFactory#info] Starting factory <twisted.internet.endpoints.connectProtocol.<locals>.OneShotFactory object at 0x7fd34e855c88>
2020-05-18T20:52:22-0300 [twisted.internet.endpoints.OneShotFactory#info] Stopping factory <twisted.internet.endpoints.connectProtocol.<locals>.OneShotFactory object at 0x7fd34e855860>
2020-05-18T20:52:22-0300 [stdout#info] This divice have no simulation core instance
2020-05-18T20:52:22-0300 [twisted.internet.endpoints.OneShotFactory#info] Starting factory <twisted.internet.endpoints.connectProtocol.<locals>.OneShotFactory object at 0x7fd34e855f60>
2020-05-18T20:52:27-0300 [-] 127.0.0.1:33090 - sending MQTT PUBLISH REQUEST - Number of events: 41
2020-05-18T20:52:27-0300 [twisted.internet.endpoints.OneShotFactory#info] Starting factory <twisted.internet.endpoints.connectProtocol.<locals>.OneShotFactory object at 0x7fd34e85f0b8>
2020-05-18T20:52:27-0300 [twisted.internet.endpoints.OneShotFactory#info] Stopping factory <twisted.internet.endpoints.connectProtocol.<locals>.OneShotFactory object at 0x7fd34e855c88>
2020-05-18T20:52:27-0300 [stdout#info] This divice have no simulation core instance
2020-05-18T20:52:27-0300 [twisted.internet.endpoints.OneShotFactory#info] Starting factory <twisted.internet.endpoints.connectProtocol.<locals>.OneShotFactory object at 0x7fd34e85f400>
2020-05-18T20:52:32-0300 [-] 127.0.0.1:33090 - sending MQTT PUBLISH REQUEST - Number of events: 42
2020-05-18T20:52:32-0300 [twisted.internet.endpoints.OneShotFactory#info] Starting factory <twisted.internet.endpoints.connectProtocol.<locals>.OneShotFactory object at 0x7fd34e85f588>
2020-05-18T20:52:32-0300 [twisted.internet.endpoints.OneShotFactory#info] Stopping factory <twisted.internet.endpoints.connectProtocol.<locals>.OneShotFactory object at 0x7fd34e85f0b8>
2020-05-18T20:52:32-0300 [stdout#info] This divice have no simulation core instance
2020-05-18T20:52:32-0300 [twisted.internet.endpoints.OneShotFactory#info] Starting factory <twisted.internet.endpoints.connectProtocol.<locals>.OneShotFactory object at 0x7fd34e85f860>
2020-05-18T20:52:37-0300 [-] 127.0.0.1:33090 - sending MQTT PUBLISH REQUEST - Number of events: 43
2020-05-18T20:52:37-0300 [twisted.internet.endpoints.OneShotFactory#info] Starting factory <twisted.internet.endpoints.connectProtocol.<locals>.OneShotFactory object at 0x7fd34e85f9e8>
2020-05-18T20:52:37-0300 [twisted.internet.endpoints.OneShotFactory#info] Stopping factory <twisted.internet.endpoints.connectProtocol.<locals>.OneShotFactory object at 0x7fd34e85f588>
2020-05-18T20:52:37-0300 [stdout#info] This divice have no simulation core instance
2020-05-18T20:52:37-0300 [twisted.internet.endpoints.OneShotFactory#info] Starting factory <twisted.internet.endpoints.connectProtocol.<locals>.OneShotFactory object at 0x7fd34e85fcc0>
2020-05-18T20:52:42-0300 [-] 127.0.0.1:33090 - sending MQTT PUBLISH REQUEST - Number of events: 44
2020-05-18T20:52:42-0300 [twisted.internet.endpoints.OneShotFactory#info] Starting factory <twisted.internet.endpoints.connectProtocol.<locals>.OneShotFactory object at 0x7fd34e85fe48>
2020-05-18T20:52:42-0300 [twisted.internet.endpoints.OneShotFactory#info] Stopping factory <twisted.internet.endpoints.connectProtocol.<locals>.OneShotFactory object at 0x7fd34e85f9e8>
2020-05-18T20:52:42-0300 [stdout#info] This divice have no simulation core instance
2020-05-18T20:52:42-0300 [twisted.internet.endpoints.OneShotFactory#info] Starting factory <twisted.internet.endpoints.connectProtocol.<locals>.OneShotFactory object at 0x7fd34e867160>
2020-05-18T20:52:47-0300 [-] 127.0.0.1:33090 - sending MQTT PUBLISH REQUEST - Number of events: 45
2020-05-18T20:52:47-0300 [twisted.internet.endpoints.OneShotFactory#info] Starting factory <twisted.internet.endpoints.connectProtocol.<locals>.OneShotFactory object at 0x7fd34e8672e8>
2020-05-18T20:52:47-0300 [twisted.internet.endpoints.OneShotFactory#info] Stopping factory <twisted.internet.endpoints.connectProtocol.<locals>.OneShotFactory object at 0x7fd34e85fe48>
2020-05-18T20:52:47-0300 [stdout#info] This divice have no simulation core instance
2020-05-18T20:52:47-0300 [twisted.internet.endpoints.OneShotFactory#info] Starting factory <twisted.internet.endpoints.connectProtocol.<locals>.OneShotFactory object at 0x7fd34e8675c0>
2020-05-18T20:52:52-0300 [-] 127.0.0.1:33090 - sending MQTT PUBLISH REQUEST - Number of events: 46
2020-05-18T20:52:52-0300 [twisted.internet.endpoints.OneShotFactory#info] Starting factory <twisted.internet.endpoints.connectProtocol.<locals>.OneShotFactory object at 0x7fd34e867080>
2020-05-18T20:52:52-0300 [twisted.internet.endpoints.OneShotFactory#info] Stopping factory <twisted.internet.endpoints.connectProtocol.<locals>.OneShotFactory object at 0x7fd34e8672e8>
2020-05-18T20:52:52-0300 [stdout#info] This divice have no simulation core instance
2020-05-18T20:52:52-0300 [twisted.internet.endpoints.OneShotFactory#info] Starting factory <twisted.internet.endpoints.connectProtocol.<locals>.OneShotFactory object at 0x7fd34e867a20>
2020-05-18T20:52:57-0300 [-] 127.0.0.1:33090 - sending MQTT PUBLISH REQUEST - Number of events: 47
2020-05-18T20:52:57-0300 [twisted.internet.endpoints.OneShotFactory#info] Starting factory <twisted.internet.endpoints.connectProtocol.<locals>.OneShotFactory object at 0x7fd34e867ba8>
2020-05-18T20:52:57-0300 [twisted.internet.endpoints.OneShotFactory#info] Stopping factory <twisted.internet.endpoints.connectProtocol.<locals>.OneShotFactory object at 0x7fd34e867080>
2020-05-18T20:52:57-0300 [stdout#info] This divice have no simulation core instance
2020-05-18T20:52:57-0300 [twisted.internet.endpoints.OneShotFactory#info] Starting factory <twisted.internet.endpoints.connectProtocol.<locals>.OneShotFactory object at 0x7fd34e867e80>
2020-05-18T20:53:02-0300 [-] 127.0.0.1:33090 - sending MQTT PUBLISH REQUEST - Number of events: 48
2020-05-18T20:53:02-0300 [twisted.internet.endpoints.OneShotFactory#info] Starting factory <twisted.internet.endpoints.connectProtocol.<locals>.OneShotFactory object at 0x7fd34e7f5128>
2020-05-18T20:53:02-0300 [twisted.internet.endpoints.OneShotFactory#info] Stopping factory <twisted.internet.endpoints.connectProtocol.<locals>.OneShotFactory object at 0x7fd34e867ba8>
2020-05-18T20:53:02-0300 [stdout#info] This divice have no simulation core instance
2020-05-18T20:53:02-0300 [twisted.internet.endpoints.OneShotFactory#info] Starting factory <twisted.internet.endpoints.connectProtocol.<locals>.OneShotFactory object at 0x7fd34e7f5358>
2020-05-18T20:53:07-0300 [-] 127.0.0.1:33090 - sending MQTT PUBLISH REQUEST - Number of events: 49
2020-05-18T20:53:07-0300 [twisted.internet.endpoints.OneShotFactory#info] Starting factory <twisted.internet.endpoints.connectProtocol.<locals>.OneShotFactory object at 0x7fd34e7f50f0>
2020-05-18T20:53:07-0300 [twisted.internet.endpoints.OneShotFactory#info] Stopping factory <twisted.internet.endpoints.connectProtocol.<locals>.OneShotFactory object at 0x7fd34e7f5128>
2020-05-18T20:53:07-0300 [stdout#info] This divice have no simulation core instance
2020-05-18T20:53:07-0300 [twisted.internet.endpoints.OneShotFactory#info] Starting factory <twisted.internet.endpoints.connectProtocol.<locals>.OneShotFactory object at 0x7fd34e7f5780>
2020-05-18T20:53:12-0300 [-] 127.0.0.1:33090 - sending MQTT PUBLISH REQUEST - Number of events: 50
2020-05-18T20:53:12-0300 [twisted.internet.endpoints.OneShotFactory#info] Starting factory <twisted.internet.endpoints.connectProtocol.<locals>.OneShotFactory object at 0x7fd34e7f54e0>
2020-05-18T20:53:12-0300 [twisted.internet.endpoints.OneShotFactory#info] Stopping factory <twisted.internet.endpoints.connectProtocol.<locals>.OneShotFactory object at 0x7fd34e7f50f0>
2020-05-18T20:53:12-0300 [stdout#info] This divice have no simulation core instance
2020-05-18T20:53:12-0300 [twisted.internet.endpoints.OneShotFactory#info] Starting factory <twisted.internet.endpoints.connectProtocol.<locals>.OneShotFactory object at 0x7fd34e7f5be0>
2020-05-18T20:53:17-0300 [-] 127.0.0.1:33090 - sending MQTT PUBLISH REQUEST - Number of events: 51
2020-05-18T20:53:17-0300 [twisted.internet.endpoints.OneShotFactory#info] Starting factory <twisted.internet.endpoints.connectProtocol.<locals>.OneShotFactory object at 0x7fd34e7f5d68>
2020-05-18T20:53:17-0300 [twisted.internet.endpoints.OneShotFactory#info] Stopping factory <twisted.internet.endpoints.connectProtocol.<locals>.OneShotFactory object at 0x7fd34e7f54e0>
2020-05-18T20:53:17-0300 [stdout#info] This divice have no simulation core instance
2020-05-18T20:53:17-0300 [twisted.internet.endpoints.OneShotFactory#info] Starting factory <twisted.internet.endpoints.connectProtocol.<locals>.OneShotFactory object at 0x7fd34e7ff080>
2020-05-18T20:53:22-0300 [-] 127.0.0.1:33090 - sending MQTT PUBLISH REQUEST - Number of events: 52
2020-05-18T20:53:22-0300 [twisted.internet.endpoints.OneShotFactory#info] Starting factory <twisted.internet.endpoints.connectProtocol.<locals>.OneShotFactory object at 0x7fd34e7ff2e8>
2020-05-18T20:53:22-0300 [twisted.internet.endpoints.OneShotFactory#info] Stopping factory <twisted.internet.endpoints.connectProtocol.<locals>.OneShotFactory object at 0x7fd34e7f5d68>
2020-05-18T20:53:22-0300 [stdout#info] This divice have no simulation core instance
2020-05-18T20:53:22-0300 [twisted.internet.endpoints.OneShotFactory#info] Starting factory <twisted.internet.endpoints.connectProtocol.<locals>.OneShotFactory object at 0x7fd34e7ff4e0>
2020-05-18T20:53:27-0300 [-] 127.0.0.1:33090 - sending MQTT PUBLISH REQUEST - Number of events: 53
2020-05-18T20:53:27-0300 [twisted.internet.endpoints.OneShotFactory#info] Starting factory <twisted.internet.endpoints.connectProtocol.<locals>.OneShotFactory object at 0x7fd34e7ff198>
2020-05-18T20:53:27-0300 [twisted.internet.endpoints.OneShotFactory#info] Stopping factory <twisted.internet.endpoints.connectProtocol.<locals>.OneShotFactory object at 0x7fd34e7ff2e8>
2020-05-18T20:53:27-0300 [stdout#info] This divice have no simulation core instance
2020-05-18T20:53:27-0300 [twisted.internet.endpoints.OneShotFactory#info] Starting factory <twisted.internet.endpoints.connectProtocol.<locals>.OneShotFactory object at 0x7fd34e7ff940>
2020-05-18T20:53:32-0300 [-] 127.0.0.1:33090 - sending MQTT PUBLISH REQUEST - Number of events: 54
2020-05-18T20:53:32-0300 [twisted.internet.endpoints.OneShotFactory#info] Starting factory <twisted.internet.endpoints.connectProtocol.<locals>.OneShotFactory object at 0x7fd34e7ffac8>
2020-05-18T20:53:32-0300 [twisted.internet.endpoints.OneShotFactory#info] Stopping factory <twisted.internet.endpoints.connectProtocol.<locals>.OneShotFactory object at 0x7fd34e7ff198>
2020-05-18T20:53:32-0300 [stdout#info] This divice have no simulation core instance
2020-05-18T20:53:32-0300 [twisted.internet.endpoints.OneShotFactory#info] Starting factory <twisted.internet.endpoints.connectProtocol.<locals>.OneShotFactory object at 0x7fd34e7ffda0>
2020-05-18T20:53:37-0300 [-] 127.0.0.1:33090 - sending MQTT PUBLISH REQUEST - Number of events: 55
2020-05-18T20:53:37-0300 [twisted.internet.endpoints.OneShotFactory#info] Starting factory <twisted.internet.endpoints.connectProtocol.<locals>.OneShotFactory object at 0x7fd34e7fff28>
2020-05-18T20:53:37-0300 [twisted.internet.endpoints.OneShotFactory#info] Stopping factory <twisted.internet.endpoints.connectProtocol.<locals>.OneShotFactory object at 0x7fd34e7ffac8>
2020-05-18T20:53:37-0300 [stdout#info] This divice have no simulation core instance
2020-05-18T20:53:37-0300 [twisted.internet.endpoints.OneShotFactory#info] Starting factory <twisted.internet.endpoints.connectProtocol.<locals>.OneShotFactory object at 0x7fd34e807240>
2020-05-18T20:53:42-0300 [-] 127.0.0.1:33090 - sending MQTT PUBLISH REQUEST - Number of events: 56
2020-05-18T20:53:42-0300 [twisted.internet.endpoints.OneShotFactory#info] Starting factory <twisted.internet.endpoints.connectProtocol.<locals>.OneShotFactory object at 0x7fd34e8073c8>
2020-05-18T20:53:42-0300 [twisted.internet.endpoints.OneShotFactory#info] Stopping factory <twisted.internet.endpoints.connectProtocol.<locals>.OneShotFactory object at 0x7fd34e7fff28>
2020-05-18T20:53:42-0300 [stdout#info] This divice have no simulation core instance
2020-05-18T20:53:42-0300 [twisted.internet.endpoints.OneShotFactory#info] Starting factory <twisted.internet.endpoints.connectProtocol.<locals>.OneShotFactory object at 0x7fd34e8076a0>
2020-05-18T20:53:47-0300 [-] 127.0.0.1:33090 - sending MQTT PUBLISH REQUEST - Number of events: 57
2020-05-18T20:53:47-0300 [twisted.internet.endpoints.OneShotFactory#info] Starting factory <twisted.internet.endpoints.connectProtocol.<locals>.OneShotFactory object at 0x7fd34e8078d0>
2020-05-18T20:53:47-0300 [twisted.internet.endpoints.OneShotFactory#info] Stopping factory <twisted.internet.endpoints.connectProtocol.<locals>.OneShotFactory object at 0x7fd34e8073c8>
2020-05-18T20:53:47-0300 [stdout#info] This divice have no simulation core instance
2020-05-18T20:53:47-0300 [twisted.internet.endpoints.OneShotFactory#info] Starting factory <twisted.internet.endpoints.connectProtocol.<locals>.OneShotFactory object at 0x7fd34e807b70>
2020-05-18T20:53:48-0300 [-] Received SIGINT, shutting down.
2020-05-18T20:53:48-0300 [twisted.internet.endpoints.OneShotFactory#info] Stopping factory <twisted.internet.endpoints.connectProtocol.<locals>.OneShotFactory object at 0x7fd34e855f60>
2020-05-18T20:53:48-0300 [twisted.internet.endpoints.OneShotFactory#info] Stopping factory <twisted.internet.endpoints.connectProtocol.<locals>.OneShotFactory object at 0x7fd34e8c0f98>
2020-05-18T20:53:48-0300 [twisted.internet.endpoints.OneShotFactory#info] Stopping factory <twisted.internet.endpoints.connectProtocol.<locals>.OneShotFactory object at 0x7fd34e875f98>
2020-05-18T20:53:48-0300 [twisted.internet.endpoints.OneShotFactory#info] Stopping factory <twisted.internet.endpoints.connectProtocol.<locals>.OneShotFactory object at 0x7fd34e7ff080>
2020-05-18T20:53:48-0300 [twisted.internet.endpoints.OneShotFactory#info] Stopping factory <twisted.internet.endpoints.connectProtocol.<locals>.OneShotFactory object at 0x7fd34e84a0b8>
2020-05-18T20:53:48-0300 [SubscriberApp,client] connection lost: Connection to the other side was lost in a non-clean fashion: Connection lost.
2020-05-18T20:53:48-0300 [SubscriberApp,client] connection lost - Number of events: 58
2020-05-18T20:53:48-0300 [twisted.internet.endpoints.OneShotFactory#info] Stopping factory <twisted.internet.endpoints.connectProtocol.<locals>.OneShotFactory object at 0x7fd34e867160>
2020-05-18T20:53:48-0300 [twisted.internet.endpoints.OneShotFactory#info] Stopping factory <twisted.internet.endpoints.connectProtocol.<locals>.OneShotFactory object at 0x7fd34e8b4198>
2020-05-18T20:53:48-0300 [twisted.internet.endpoints.OneShotFactory#info] Stopping factory <twisted.internet.endpoints.connectProtocol.<locals>.OneShotFactory object at 0x7fd34e807240>
2020-05-18T20:53:48-0300 [twisted.internet.endpoints.OneShotFactory#info] Stopping factory <twisted.internet.endpoints.connectProtocol.<locals>.OneShotFactory object at 0x7fd34e855278>
2020-05-18T20:53:48-0300 [twisted.internet.endpoints.OneShotFactory#info] Stopping factory <twisted.internet.endpoints.connectProtocol.<locals>.OneShotFactory object at 0x7fd34e83f358>
2020-05-18T20:53:48-0300 [twisted.internet.endpoints.OneShotFactory#info] Stopping factory <twisted.internet.endpoints.connectProtocol.<locals>.OneShotFactory object at 0x7fd34e7f5358>
2020-05-18T20:53:48-0300 [twisted.internet.endpoints.OneShotFactory#info] Stopping factory <twisted.internet.endpoints.connectProtocol.<locals>.OneShotFactory object at 0x7fd34e875400>
2020-05-18T20:53:48-0300 [twisted.internet.endpoints.OneShotFactory#info] Stopping factory <twisted.internet.endpoints.connectProtocol.<locals>.OneShotFactory object at 0x7fd34e85f400>
2020-05-18T20:53:48-0300 [twisted.internet.endpoints.OneShotFactory#info] Stopping factory <twisted.internet.endpoints.connectProtocol.<locals>.OneShotFactory object at 0x7fd34e89a438>
2020-05-18T20:53:48-0300 [twisted.internet.endpoints.OneShotFactory#info] Stopping factory <twisted.internet.endpoints.connectProtocol.<locals>.OneShotFactory object at 0x7fd34e8d64a8>
2020-05-18T20:53:48-0300 [twisted.internet.endpoints.OneShotFactory#info] Stopping factory <twisted.internet.endpoints.connectProtocol.<locals>.OneShotFactory object at 0x7fd34e7ff4e0>
2020-05-18T20:53:48-0300 [twisted.internet.endpoints.OneShotFactory#info] Stopping factory <twisted.internet.endpoints.connectProtocol.<locals>.OneShotFactory object at 0x7fd34e84a518>
2020-05-18T20:53:48-0300 [SubscriberApp,client] connection lost: Connection to the other side was lost in a non-clean fashion: Connection lost.
2020-05-18T20:53:48-0300 [SubscriberApp,client] connection lost - Number of events: 59
2020-05-18T20:53:48-0300 [twisted.internet.endpoints.OneShotFactory#info] Stopping factory <twisted.internet.endpoints.connectProtocol.<locals>.OneShotFactory object at 0x7fd34e8675c0>
2020-05-18T20:53:48-0300 [twisted.internet.endpoints.OneShotFactory#info] Stopping factory <twisted.internet.endpoints.connectProtocol.<locals>.OneShotFactory object at 0x7fd34e8b45f8>
2020-05-18T20:53:48-0300 [twisted.internet.endpoints.OneShotFactory#info] Stopping factory <twisted.internet.endpoints.connectProtocol.<locals>.OneShotFactory object at 0x7fd34e8076a0>
2020-05-18T20:53:48-0300 [twisted.internet.endpoints.OneShotFactory#info] Stopping factory <twisted.internet.endpoints.connectProtocol.<locals>.OneShotFactory object at 0x7fd34e8556d8>
2020-05-18T20:53:48-0300 [twisted.internet.endpoints.OneShotFactory#info] Stopping factory <twisted.internet.endpoints.connectProtocol.<locals>.OneShotFactory object at 0x7fd34e875710>
2020-05-18T20:53:48-0300 [twisted.internet.endpoints.OneShotFactory#info] Stopping factory <twisted.internet.endpoints.connectProtocol.<locals>.OneShotFactory object at 0x7fd34e8b4eb8>
2020-05-18T20:53:48-0300 [twisted.internet.endpoints.OneShotFactory#info] Stopping factory <twisted.internet.endpoints.connectProtocol.<locals>.OneShotFactory object at 0x7fd34e7f5780>
2020-05-18T20:53:48-0300 [twisted.internet.endpoints.OneShotFactory#info] Stopping factory <twisted.internet.endpoints.connectProtocol.<locals>.OneShotFactory object at 0x7fd34e83f7b8>
2020-05-18T20:53:48-0300 [twisted.internet.endpoints.OneShotFactory#info] Stopping factory <twisted.internet.endpoints.connectProtocol.<locals>.OneShotFactory object at 0x7fd34e85f860>
2020-05-18T20:53:48-0300 [twisted.internet.endpoints.OneShotFactory#info] Stopping factory <twisted.internet.endpoints.connectProtocol.<locals>.OneShotFactory object at 0x7fd34e89a898>
2020-05-18T20:53:48-0300 [applications.mqttapp.BrokerFactory] (TCP Port 5100 Closed)
2020-05-18T20:53:48-0300 [twisted.internet.endpoints.OneShotFactory#info] Stopping factory <twisted.internet.endpoints.connectProtocol.<locals>.OneShotFactory object at 0x7fd34e8078d0>
2020-05-18T20:53:48-0300 [twisted.internet.endpoints.OneShotFactory#info] Stopping factory <twisted.internet.endpoints.connectProtocol.<locals>.OneShotFactory object at 0x7fd34e7ff940>
2020-05-18T20:53:48-0300 [twisted.internet.endpoints.OneShotFactory#info] Stopping factory <twisted.internet.endpoints.connectProtocol.<locals>.OneShotFactory object at 0x7fd34e84a978>
2020-05-18T20:53:48-0300 [twisted.internet.endpoints.OneShotFactory#info] Stopping factory <twisted.internet.endpoints.connectProtocol.<locals>.OneShotFactory object at 0x7fd34e8d69b0>
2020-05-18T20:53:48-0300 [twisted.internet.endpoints.OneShotFactory#info] Stopping factory <twisted.internet.endpoints.connectProtocol.<locals>.OneShotFactory object at 0x7fd34e867a20>
2020-05-18T20:53:48-0300 [twisted.internet.endpoints.OneShotFactory#info] Stopping factory <twisted.internet.endpoints.connectProtocol.<locals>.OneShotFactory object at 0x7fd34e8b4a58>
2020-05-18T20:53:48-0300 [twisted.internet.endpoints.OneShotFactory#info] Stopping factory <twisted.internet.endpoints.connectProtocol.<locals>.OneShotFactory object at 0x7fd34e942048>
2020-05-18T20:53:48-0300 [twisted.internet.endpoints.OneShotFactory#info] Stopping factory <twisted.internet.endpoints.connectProtocol.<locals>.OneShotFactory object at 0x7fd34e875b38>
2020-05-18T20:53:48-0300 [twisted.internet.endpoints.OneShotFactory#info] Stopping factory <twisted.internet.endpoints.connectProtocol.<locals>.OneShotFactory object at 0x7fd34e807b70>
2020-05-18T20:53:48-0300 [twisted.internet.endpoints.OneShotFactory#info] Stopping factory <twisted.internet.endpoints.connectProtocol.<locals>.OneShotFactory object at 0x7fd34e7f5be0>
2020-05-18T20:53:48-0300 [twisted.internet.endpoints.OneShotFactory#info] Stopping factory <twisted.internet.endpoints.connectProtocol.<locals>.OneShotFactory object at 0x7fd34e83fc18>
2020-05-18T20:53:48-0300 [twisted.internet.endpoints.OneShotFactory#info] Stopping factory <twisted.internet.endpoints.connectProtocol.<locals>.OneShotFactory object at 0x7fd34e92fc88>
2020-05-18T20:53:48-0300 [twisted.internet.endpoints.OneShotFactory#info] Stopping factory <twisted.internet.endpoints.connectProtocol.<locals>.OneShotFactory object at 0x7fd34e85fcc0>
2020-05-18T20:53:48-0300 [twisted.internet.endpoints.OneShotFactory#info] Stopping factory <twisted.internet.endpoints.connectProtocol.<locals>.OneShotFactory object at 0x7fd34e89acf8>
2020-05-18T20:53:48-0300 [applications.routerapp.RouterFactory] (TCP Port 8081 Closed)
2020-05-18T20:53:48-0300 [twisted.internet.endpoints.OneShotFactory#info] Stopping factory <twisted.internet.endpoints.connectProtocol.<locals>.OneShotFactory object at 0x7fd34e7ffda0>
2020-05-18T20:53:48-0300 [PublisherApp,client] connection lost: Connection to the other side was lost in a non-clean fashion: Connection lost.
2020-05-18T20:53:48-0300 [PublisherApp,client] connection lost - Number of events: 60
2020-05-18T20:53:48-0300 [applications.accesspointapp.AccessPointFactory] (TCP Port 8082 Closed)
2020-05-18T20:53:48-0300 [twisted.internet.endpoints.OneShotFactory#info] Stopping factory <twisted.internet.endpoints.connectProtocol.<locals>.OneShotFactory object at 0x7fd34e84ae10>
2020-05-18T20:53:48-0300 [twisted.internet.endpoints.OneShotFactory#info] Stopping factory <twisted.internet.endpoints.connectProtocol.<locals>.OneShotFactory object at 0x7fd34e92fe80>
2020-05-18T20:53:48-0300 [twisted.internet.endpoints.OneShotFactory#info] Stopping factory <twisted.internet.endpoints.connectProtocol.<locals>.OneShotFactory object at 0x7fd34e867e80>
2020-05-18T20:53:48-0300 [twisted.internet.endpoints.OneShotFactory#info] Stopping factory <twisted.internet.endpoints.connectProtocol.<locals>.OneShotFactory object at 0x7fd34e8d6eb8>
2020-05-18T20:53:48-0300 [-] Main loop terminated.
