2020-05-24T17:52:47-0300 [-] Creating router ...
2020-05-24T17:52:47-0300 [-] Initializing Router - Number of events: 1
2020-05-24T17:52:48-0300 [-] RouterFactory starting on 8081
2020-05-24T17:52:48-0300 [-] Creating AccessPoint station ...
2020-05-24T17:52:48-0300 [-] Initializing Access Point - Number of events: 2
2020-05-24T17:52:48-0300 [-] AccessPointFactory starting on 8082
2020-05-24T17:52:48-0300 [-] Creating fog node ...
2020-05-24T17:52:48-0300 [-] Initializing Client - Number of events: 3
2020-05-24T17:52:49-0300 [-] Creating fog node ...
2020-05-24T17:52:49-0300 [-] Initializing Client - Number of events: 4
2020-05-24T17:52:49-0300 [-] Creating fog node ...
2020-05-24T17:52:49-0300 [-] Initializing Server - Number of events: 5
2020-05-24T17:52:50-0300 [-] BrokerFactory starting on 5100
2020-05-24T17:52:50-0300 [-] Creating iot node ...
2020-05-24T17:52:50-0300 [-] Initializing Client - Number of events: 6
2020-05-24T17:52:50-0300 [-] Initializing sink node - Number of events: 7
2020-05-24T17:52:51-0300 [-] Initializing sensor node - Number of events: 8
2020-05-24T17:52:51-0300 [-] Initializing sensor node - Number of events: 9
2020-05-24T17:52:52-0300 [-] Initializing sensor node - Number of events: 10
2020-05-24T17:52:52-0300 [-] Initializing sensor node - Number of events: 11
2020-05-24T17:52:53-0300 [-] Initializing sensor node - Number of events: 12
2020-05-24T17:52:53-0300 [-] Initializing sensor node - Number of events: 13
2020-05-24T17:52:54-0300 [-] Initializing sensor node - Number of events: 14
2020-05-24T17:52:54-0300 [-] Initializing sensor node - Number of events: 15
2020-05-24T17:52:55-0300 [-] Initializing sensor node - Number of events: 16
2020-05-24T17:52:55-0300 [stdout#info] ========= sensor_6 ==========
2020-05-24T17:52:55-0300 [stdout#info] sensor_6  <------->  sensor_5
2020-05-24T17:52:55-0300 [stdout#info] =============================
2020-05-24T17:52:55-0300 [stdout#info] sensor_6 |19.1 Kwh
2020-05-24T17:52:55-0300 [stdout#info] ========= sensor_9 ==========
2020-05-24T17:52:55-0300 [stdout#info] =============================
2020-05-24T17:52:55-0300 [stdout#info] sensor_9 |8.91 Kwh
2020-05-24T17:52:55-0300 [stdout#info] ========= sensor_1 ==========
2020-05-24T17:52:55-0300 [stdout#info] sensor_1  <------->  wsn_sink
2020-05-24T17:52:55-0300 [stdout#info] sensor_1  <------->  sensor_3
2020-05-24T17:52:55-0300 [stdout#info] =============================
2020-05-24T17:52:55-0300 [stdout#info] sensor_1 |15.73 Kwh
2020-05-24T17:52:55-0300 [stdout#info] ========= sensor_2 ==========
2020-05-24T17:52:55-0300 [stdout#info] =============================
2020-05-24T17:52:55-0300 [stdout#info] sensor_2 |4.49 Kwh
2020-05-24T17:52:55-0300 [stdout#info] ========= sensor_5 ==========
2020-05-24T17:52:55-0300 [stdout#info] sensor_5  <------->  sensor_6
2020-05-24T17:52:55-0300 [stdout#info] =============================
2020-05-24T17:52:55-0300 [stdout#info] sensor_5 |19.1 Kwh|19.97 Kwh
2020-05-24T17:52:55-0300 [stdout#info] ========= sensor_8 ==========
2020-05-24T17:52:55-0300 [stdout#info] sensor_8  <------->  sensor_7
2020-05-24T17:52:55-0300 [stdout#info] =============================
2020-05-24T17:52:55-0300 [stdout#info] sensor_8 |20.15 Kwh
2020-05-24T17:52:55-0300 [stdout#info] ========= sensor_7 ==========
2020-05-24T17:52:55-0300 [stdout#info] sensor_7  <------->  sensor_8
2020-05-24T17:52:55-0300 [stdout#info] =============================
2020-05-24T17:52:55-0300 [stdout#info] sensor_7 |20.15 Kwh|9.32 Kwh
2020-05-24T17:52:55-0300 [stdout#info] ========= sensor_4 ==========
2020-05-24T17:52:55-0300 [stdout#info] sensor_4  <------->  sensor_3
2020-05-24T17:52:55-0300 [stdout#info] =============================
2020-05-24T17:52:55-0300 [stdout#info] sensor_4 |22.06 Kwh
2020-05-24T17:52:55-0300 [stdout#info] ========= sensor_3 ==========
2020-05-24T17:52:55-0300 [stdout#info] sensor_3  <------->  sensor_1
2020-05-24T17:52:55-0300 [stdout#info] sensor_3  <------->  sensor_4
2020-05-24T17:52:55-0300 [stdout#info] =============================
2020-05-24T17:52:55-0300 [stdout#info] sensor_3 |17.63 Kwh|15.73 Kwh|22.06 Kwh
2020-05-24T17:52:55-0300 [stdout#info] This divice have no simulation core instance
2020-05-24T17:52:55-0300 [stdout#info] This divice have no simulation core instance
2020-05-24T17:52:55-0300 [stdout#info] This divice have no simulation core instance
2020-05-24T17:52:55-0300 [stdout#info] This divice have no simulation core instance
2020-05-24T17:52:55-0300 [stdout#info] This divice have no simulation core instance
2020-05-24T17:52:55-0300 [Uninitialized] 127.0.0.1:33798 - Connected to mqtt broker - Number of events: 17
2020-05-24T17:52:55-0300 [Uninitialized] 127.0.0.1:33798 - sending MQTT SUBSCRIBE REQUEST - Number of events: 18
2020-05-24T17:52:55-0300 [Uninitialized] 127.0.0.1:33800 - Connected to mqtt broker - Number of events: 19
2020-05-24T17:52:55-0300 [Uninitialized] 127.0.0.1:33800 - sending MQTT SUBSCRIBE REQUEST - Number of events: 20
2020-05-24T17:52:55-0300 [Uninitialized] 127.0.0.1:56778 - Connected to mqtt broker - Number of events: 21
2020-05-24T17:52:55-0300 [Uninitialized] 127.0.0.1:56778 - sending MQTT PUBLISH REQUEST - Number of events: 22
2020-05-24T17:52:55-0300 [twisted.internet.endpoints.OneShotFactory#info] Starting factory <twisted.internet.endpoints.connectProtocol.<locals>.OneShotFactory object at 0x7f7843e0e630>
2020-05-24T17:52:55-0300 [twisted.internet.endpoints.OneShotFactory#info] Starting factory <twisted.internet.endpoints.connectProtocol.<locals>.OneShotFactory object at 0x7f7843e0e438>
2020-05-24T17:52:55-0300 [twisted.internet.endpoints.OneShotFactory#info] Starting factory <twisted.internet.endpoints.connectProtocol.<locals>.OneShotFactory object at 0x7f7841eb70f0>
2020-05-24T17:52:55-0300 [stdout#info] This divice have no simulation core instance
2020-05-24T17:52:55-0300 [twisted.internet.endpoints.OneShotFactory#info] Starting factory <twisted.internet.endpoints.connectProtocol.<locals>.OneShotFactory object at 0x7f7841ed5a58>
2020-05-24T17:53:00-0300 [-] 127.0.0.1:56778 - sending MQTT PUBLISH REQUEST - Number of events: 23
2020-05-24T17:53:00-0300 [twisted.internet.endpoints.OneShotFactory#info] Starting factory <twisted.internet.endpoints.connectProtocol.<locals>.OneShotFactory object at 0x7f7841ed5dd8>
2020-05-24T17:53:00-0300 [twisted.internet.endpoints.OneShotFactory#info] Stopping factory <twisted.internet.endpoints.connectProtocol.<locals>.OneShotFactory object at 0x7f7841eb70f0>
2020-05-24T17:53:00-0300 [stdout#info] This divice have no simulation core instance
2020-05-24T17:53:00-0300 [twisted.internet.endpoints.OneShotFactory#info] Starting factory <twisted.internet.endpoints.connectProtocol.<locals>.OneShotFactory object at 0x7f78435a30b8>
2020-05-24T17:53:00-0300 [twisted.internet.endpoints.OneShotFactory#info] Stopping factory <twisted.internet.endpoints.connectProtocol.<locals>.OneShotFactory object at 0x7f7841ed5a58>
2020-05-24T17:53:05-0300 [stdout#info] sensor_6 |19.97 Kwh|16.81 Kwh
2020-05-24T17:53:05-0300 [stdout#info] sensor_9 |15.82 Kwh
2020-05-24T17:53:05-0300 [stdout#info] sensor_1 |17.63 Kwh|9.55 Kwh
2020-05-24T17:53:05-0300 [stdout#info] sensor_2 |9.78 Kwh
2020-05-24T17:53:05-0300 [stdout#info] sensor_5 |18.21 Kwh|16.81 Kwh
2020-05-24T17:53:05-0300 [stdout#info] sensor_8 |9.32 Kwh|5.72 Kwh
2020-05-24T17:53:05-0300 [stdout#info] sensor_7 |7.06 Kwh|5.72 Kwh
2020-05-24T17:53:05-0300 [stdout#info] sensor_4 |17.63 Kwh|22.01 Kwh
2020-05-24T17:53:05-0300 [stdout#info] sensor_3 |21.84 Kwh|22.01 Kwh|9.55 Kwh
2020-05-24T17:53:05-0300 [-] 127.0.0.1:56778 - sending MQTT PUBLISH REQUEST - Number of events: 24
2020-05-24T17:53:05-0300 [twisted.internet.endpoints.OneShotFactory#info] Starting factory <twisted.internet.endpoints.connectProtocol.<locals>.OneShotFactory object at 0x7f78435a3080>
2020-05-24T17:53:05-0300 [twisted.internet.endpoints.OneShotFactory#info] Stopping factory <twisted.internet.endpoints.connectProtocol.<locals>.OneShotFactory object at 0x7f7841ed5dd8>
2020-05-24T17:53:05-0300 [stdout#info] This divice have no simulation core instance
2020-05-24T17:53:05-0300 [twisted.internet.endpoints.OneShotFactory#info] Starting factory <twisted.internet.endpoints.connectProtocol.<locals>.OneShotFactory object at 0x7f78435a35f8>
2020-05-24T17:53:10-0300 [-] 127.0.0.1:56778 - sending MQTT PUBLISH REQUEST - Number of events: 25
2020-05-24T17:53:10-0300 [twisted.internet.endpoints.OneShotFactory#info] Starting factory <twisted.internet.endpoints.connectProtocol.<locals>.OneShotFactory object at 0x7f78435a3898>
2020-05-24T17:53:10-0300 [twisted.internet.endpoints.OneShotFactory#info] Stopping factory <twisted.internet.endpoints.connectProtocol.<locals>.OneShotFactory object at 0x7f78435a3080>
2020-05-24T17:53:10-0300 [stdout#info] This divice have no simulation core instance
2020-05-24T17:53:10-0300 [twisted.internet.endpoints.OneShotFactory#info] Starting factory <twisted.internet.endpoints.connectProtocol.<locals>.OneShotFactory object at 0x7f78435a3ac8>
2020-05-24T17:53:15-0300 [stdout#info] sensor_6 |18.21 Kwh|16.4 Kwh
2020-05-24T17:53:15-0300 [stdout#info] sensor_9 |6.11 Kwh
2020-05-24T17:53:15-0300 [stdout#info] sensor_1 |13.99 Kwh|21.84 Kwh
2020-05-24T17:53:15-0300 [stdout#info] sensor_2 |8.94 Kwh
2020-05-24T17:53:15-0300 [stdout#info] sensor_5 |17.78 Kwh|16.4 Kwh
2020-05-24T17:53:15-0300 [stdout#info] sensor_8 |7.06 Kwh|6.34 Kwh
2020-05-24T17:53:15-0300 [stdout#info] sensor_7 |16.44 Kwh|6.34 Kwh
2020-05-24T17:53:15-0300 [stdout#info] sensor_4 |21.84 Kwh|19.88 Kwh
2020-05-24T17:53:15-0300 [stdout#info] sensor_3 |13.99 Kwh|19.88 Kwh|16.45 Kwh
2020-05-24T17:53:15-0300 [-] 127.0.0.1:56778 - sending MQTT PUBLISH REQUEST - Number of events: 26
2020-05-24T17:53:15-0300 [twisted.internet.endpoints.OneShotFactory#info] Starting factory <twisted.internet.endpoints.connectProtocol.<locals>.OneShotFactory object at 0x7f78435a3cf8>
2020-05-24T17:53:15-0300 [twisted.internet.endpoints.OneShotFactory#info] Stopping factory <twisted.internet.endpoints.connectProtocol.<locals>.OneShotFactory object at 0x7f78435a3898>
2020-05-24T17:53:15-0300 [stdout#info] This divice have no simulation core instance
2020-05-24T17:53:15-0300 [twisted.internet.endpoints.OneShotFactory#info] Starting factory <twisted.internet.endpoints.connectProtocol.<locals>.OneShotFactory object at 0x7f78435a3fd0>
2020-05-24T17:53:20-0300 [-] 127.0.0.1:56778 - sending MQTT PUBLISH REQUEST - Number of events: 27
2020-05-24T17:53:20-0300 [twisted.internet.endpoints.OneShotFactory#info] Starting factory <twisted.internet.endpoints.connectProtocol.<locals>.OneShotFactory object at 0x7f784355d208>
2020-05-24T17:53:20-0300 [twisted.internet.endpoints.OneShotFactory#info] Stopping factory <twisted.internet.endpoints.connectProtocol.<locals>.OneShotFactory object at 0x7f78435a3cf8>
2020-05-24T17:53:20-0300 [stdout#info] This divice have no simulation core instance
2020-05-24T17:53:20-0300 [twisted.internet.endpoints.OneShotFactory#info] Starting factory <twisted.internet.endpoints.connectProtocol.<locals>.OneShotFactory object at 0x7f784355d3c8>
2020-05-24T17:53:25-0300 [stdout#info] sensor_6 |7.84 Kwh|17.78 Kwh
2020-05-24T17:53:25-0300 [stdout#info] sensor_9 |19.05 Kwh
2020-05-24T17:53:25-0300 [stdout#info] sensor_1 |15.59 Kwh|16.45 Kwh
2020-05-24T17:53:25-0300 [stdout#info] sensor_2 |17.8 Kwh
2020-05-24T17:53:25-0300 [stdout#info] sensor_5 |7.84 Kwh|11.64 Kwh
2020-05-24T17:53:25-0300 [stdout#info] sensor_8 |18.8 Kwh|16.44 Kwh
2020-05-24T17:53:25-0300 [stdout#info] sensor_7 |18.8 Kwh|14.68 Kwh
2020-05-24T17:53:25-0300 [stdout#info] sensor_4 |16.45 Kwh|15.66 Kwh
2020-05-24T17:53:25-0300 [stdout#info] sensor_3 |15.59 Kwh|12.61 Kwh|15.66 Kwh
2020-05-24T17:53:25-0300 [-] 127.0.0.1:56778 - sending MQTT PUBLISH REQUEST - Number of events: 28
2020-05-24T17:53:25-0300 [twisted.internet.endpoints.OneShotFactory#info] Starting factory <twisted.internet.endpoints.connectProtocol.<locals>.OneShotFactory object at 0x7f78435a3dd8>
2020-05-24T17:53:25-0300 [twisted.internet.endpoints.OneShotFactory#info] Stopping factory <twisted.internet.endpoints.connectProtocol.<locals>.OneShotFactory object at 0x7f784355d208>
2020-05-24T17:53:25-0300 [stdout#info] This divice have no simulation core instance
2020-05-24T17:53:25-0300 [twisted.internet.endpoints.OneShotFactory#info] Starting factory <twisted.internet.endpoints.connectProtocol.<locals>.OneShotFactory object at 0x7f784355d7f0>
2020-05-24T17:53:30-0300 [-] 127.0.0.1:56778 - sending MQTT PUBLISH REQUEST - Number of events: 29
2020-05-24T17:53:30-0300 [twisted.internet.endpoints.OneShotFactory#info] Starting factory <twisted.internet.endpoints.connectProtocol.<locals>.OneShotFactory object at 0x7f784355d978>
2020-05-24T17:53:30-0300 [twisted.internet.endpoints.OneShotFactory#info] Stopping factory <twisted.internet.endpoints.connectProtocol.<locals>.OneShotFactory object at 0x7f78435a3dd8>
2020-05-24T17:53:30-0300 [stdout#info] This divice have no simulation core instance
2020-05-24T17:53:30-0300 [twisted.internet.endpoints.OneShotFactory#info] Starting factory <twisted.internet.endpoints.connectProtocol.<locals>.OneShotFactory object at 0x7f784355dc50>
2020-05-24T17:53:35-0300 [stdout#info] sensor_6 |11.11 Kwh|11.64 Kwh
2020-05-24T17:53:35-0300 [stdout#info] sensor_9 |8.31 Kwh
2020-05-24T17:53:35-0300 [stdout#info] sensor_1 |17.46 Kwh|12.61 Kwh
2020-05-24T17:53:35-0300 [stdout#info] sensor_2 |4.11 Kwh
2020-05-24T17:53:35-0300 [stdout#info] sensor_5 |11.11 Kwh|18.07 Kwh
2020-05-24T17:53:35-0300 [stdout#info] sensor_8 |14.68 Kwh|15.46 Kwh
2020-05-24T17:53:35-0300 [stdout#info] sensor_7 |10.1 Kwh|15.46 Kwh
2020-05-24T17:53:35-0300 [stdout#info] sensor_4 |22.48 Kwh|12.61 Kwh
2020-05-24T17:53:35-0300 [stdout#info] sensor_3 |22.48 Kwh|2.9 Kwh|17.46 Kwh
2020-05-24T17:53:35-0300 [-] 127.0.0.1:56778 - sending MQTT PUBLISH REQUEST - Number of events: 30
2020-05-24T17:53:35-0300 [twisted.internet.endpoints.OneShotFactory#info] Starting factory <twisted.internet.endpoints.connectProtocol.<locals>.OneShotFactory object at 0x7f784355d710>
2020-05-24T17:53:35-0300 [twisted.internet.endpoints.OneShotFactory#info] Stopping factory <twisted.internet.endpoints.connectProtocol.<locals>.OneShotFactory object at 0x7f784355d978>
2020-05-24T17:53:35-0300 [stdout#info] This divice have no simulation core instance
2020-05-24T17:53:35-0300 [twisted.internet.endpoints.OneShotFactory#info] Starting factory <twisted.internet.endpoints.connectProtocol.<locals>.OneShotFactory object at 0x7f7843570160>
2020-05-24T17:53:40-0300 [-] 127.0.0.1:56778 - sending MQTT PUBLISH REQUEST - Number of events: 31
2020-05-24T17:53:40-0300 [twisted.internet.endpoints.OneShotFactory#info] Starting factory <twisted.internet.endpoints.connectProtocol.<locals>.OneShotFactory object at 0x7f78435702e8>
2020-05-24T17:53:40-0300 [twisted.internet.endpoints.OneShotFactory#info] Stopping factory <twisted.internet.endpoints.connectProtocol.<locals>.OneShotFactory object at 0x7f784355d710>
2020-05-24T17:53:40-0300 [stdout#info] This divice have no simulation core instance
2020-05-24T17:53:40-0300 [twisted.internet.endpoints.OneShotFactory#info] Starting factory <twisted.internet.endpoints.connectProtocol.<locals>.OneShotFactory object at 0x7f78435705c0>
2020-05-24T17:53:45-0300 [stdout#info] sensor_6 |11.49 Kwh|18.07 Kwh
2020-05-24T17:53:45-0300 [stdout#info] sensor_9 |12.34 Kwh
2020-05-24T17:53:45-0300 [stdout#info] sensor_1 |2.9 Kwh|11.41 Kwh
2020-05-24T17:53:45-0300 [stdout#info] sensor_2 |20.4 Kwh
2020-05-24T17:53:45-0300 [stdout#info] sensor_5 |11.49 Kwh|10.79 Kwh
2020-05-24T17:53:45-0300 [stdout#info] sensor_8 |10.1 Kwh|2.77 Kwh
2020-05-24T17:53:45-0300 [stdout#info] sensor_7 |2.54 Kwh|2.77 Kwh
2020-05-24T17:53:45-0300 [stdout#info] sensor_4 |2.9 Kwh|8.92 Kwh
2020-05-24T17:53:45-0300 [stdout#info] sensor_3 |17.66 Kwh|11.41 Kwh|8.92 Kwh
2020-05-24T17:53:45-0300 [-] 127.0.0.1:56778 - sending MQTT PUBLISH REQUEST - Number of events: 32
2020-05-24T17:53:45-0300 [twisted.internet.endpoints.OneShotFactory#info] Starting factory <twisted.internet.endpoints.connectProtocol.<locals>.OneShotFactory object at 0x7f7843570080>
2020-05-24T17:53:45-0300 [twisted.internet.endpoints.OneShotFactory#info] Stopping factory <twisted.internet.endpoints.connectProtocol.<locals>.OneShotFactory object at 0x7f78435702e8>
2020-05-24T17:53:45-0300 [stdout#info] This divice have no simulation core instance
2020-05-24T17:53:45-0300 [twisted.internet.endpoints.OneShotFactory#info] Starting factory <twisted.internet.endpoints.connectProtocol.<locals>.OneShotFactory object at 0x7f7843570a58>
2020-05-24T17:53:50-0300 [-] 127.0.0.1:56778 - sending MQTT PUBLISH REQUEST - Number of events: 33
2020-05-24T17:53:50-0300 [twisted.internet.endpoints.OneShotFactory#info] Starting factory <twisted.internet.endpoints.connectProtocol.<locals>.OneShotFactory object at 0x7f7843570be0>
2020-05-24T17:53:50-0300 [twisted.internet.endpoints.OneShotFactory#info] Stopping factory <twisted.internet.endpoints.connectProtocol.<locals>.OneShotFactory object at 0x7f7843570080>
2020-05-24T17:53:50-0300 [stdout#info] This divice have no simulation core instance
2020-05-24T17:53:50-0300 [twisted.internet.endpoints.OneShotFactory#info] Starting factory <twisted.internet.endpoints.connectProtocol.<locals>.OneShotFactory object at 0x7f7843570eb8>
2020-05-24T17:53:55-0300 [stdout#info] sensor_6 |16.36 Kwh|10.79 Kwh
2020-05-24T17:53:55-0300 [stdout#info] sensor_9 |10.45 Kwh
2020-05-24T17:53:55-0300 [stdout#info] sensor_1 |17.05 Kwh|17.66 Kwh
2020-05-24T17:53:55-0300 [stdout#info] sensor_2 |22.35 Kwh
2020-05-24T17:53:55-0300 [stdout#info] sensor_5 |18.22 Kwh|16.36 Kwh
2020-05-24T17:53:55-0300 [stdout#info] sensor_8 |2.54 Kwh|6.28 Kwh
2020-05-24T17:53:55-0300 [stdout#info] sensor_7 |16.99 Kwh|6.28 Kwh
2020-05-24T17:53:55-0300 [stdout#info] sensor_4 |17.66 Kwh|9.51 Kwh
2020-05-24T17:53:55-0300 [stdout#info] sensor_3 |17.05 Kwh|6.18 Kwh|9.51 Kwh
2020-05-24T17:53:55-0300 [-] 127.0.0.1:56778 - sending MQTT PUBLISH REQUEST - Number of events: 34
2020-05-24T17:53:55-0300 [twisted.internet.endpoints.OneShotFactory#info] Starting factory <twisted.internet.endpoints.connectProtocol.<locals>.OneShotFactory object at 0x7f7843570588>
2020-05-24T17:53:55-0300 [twisted.internet.endpoints.OneShotFactory#info] Stopping factory <twisted.internet.endpoints.connectProtocol.<locals>.OneShotFactory object at 0x7f7843570be0>
2020-05-24T17:53:55-0300 [stdout#info] This divice have no simulation core instance
2020-05-24T17:53:55-0300 [twisted.internet.endpoints.OneShotFactory#info] Starting factory <twisted.internet.endpoints.connectProtocol.<locals>.OneShotFactory object at 0x7f784357d358>
2020-05-24T17:54:00-0300 [-] 127.0.0.1:56778 - sending MQTT PUBLISH REQUEST - Number of events: 35
2020-05-24T17:54:00-0300 [twisted.internet.endpoints.OneShotFactory#info] Starting factory <twisted.internet.endpoints.connectProtocol.<locals>.OneShotFactory object at 0x7f784357d4e0>
2020-05-24T17:54:00-0300 [twisted.internet.endpoints.OneShotFactory#info] Stopping factory <twisted.internet.endpoints.connectProtocol.<locals>.OneShotFactory object at 0x7f7843570588>
2020-05-24T17:54:00-0300 [stdout#info] This divice have no simulation core instance
2020-05-24T17:54:00-0300 [twisted.internet.endpoints.OneShotFactory#info] Starting factory <twisted.internet.endpoints.connectProtocol.<locals>.OneShotFactory object at 0x7f784357d7b8>
2020-05-24T17:54:05-0300 [stdout#info] sensor_6 |18.22 Kwh|20.35 Kwh
2020-05-24T17:54:05-0300 [stdout#info] sensor_9 |2.91 Kwh
2020-05-24T17:54:05-0300 [stdout#info] sensor_1 |12.92 Kwh|6.18 Kwh
2020-05-24T17:54:05-0300 [stdout#info] sensor_2 |5.54 Kwh
2020-05-24T17:54:05-0300 [stdout#info] sensor_5 |20.35 Kwh|9.94 Kwh
2020-05-24T17:54:05-0300 [stdout#info] sensor_8 |16.99 Kwh|8.92 Kwh
2020-05-24T17:54:05-0300 [stdout#info] sensor_7 |5.03 Kwh|8.92 Kwh
2020-05-24T17:54:05-0300 [stdout#info] sensor_4 |6.35 Kwh|6.18 Kwh
2020-05-24T17:54:05-0300 [stdout#info] sensor_3 |12.92 Kwh|6.35 Kwh|10.37 Kwh
2020-05-24T17:54:05-0300 [-] 127.0.0.1:56778 - sending MQTT PUBLISH REQUEST - Number of events: 36
2020-05-24T17:54:05-0300 [twisted.internet.endpoints.OneShotFactory#info] Starting factory <twisted.internet.endpoints.connectProtocol.<locals>.OneShotFactory object at 0x7f784357d240>
2020-05-24T17:54:05-0300 [twisted.internet.endpoints.OneShotFactory#info] Stopping factory <twisted.internet.endpoints.connectProtocol.<locals>.OneShotFactory object at 0x7f784357d4e0>
2020-05-24T17:54:05-0300 [stdout#info] This divice have no simulation core instance
2020-05-24T17:54:05-0300 [twisted.internet.endpoints.OneShotFactory#info] Starting factory <twisted.internet.endpoints.connectProtocol.<locals>.OneShotFactory object at 0x7f784357dc88>
2020-05-24T17:54:10-0300 [-] 127.0.0.1:56778 - sending MQTT PUBLISH REQUEST - Number of events: 37
2020-05-24T17:54:10-0300 [twisted.internet.endpoints.OneShotFactory#info] Starting factory <twisted.internet.endpoints.connectProtocol.<locals>.OneShotFactory object at 0x7f784357def0>
2020-05-24T17:54:10-0300 [twisted.internet.endpoints.OneShotFactory#info] Stopping factory <twisted.internet.endpoints.connectProtocol.<locals>.OneShotFactory object at 0x7f784357d240>
2020-05-24T17:54:10-0300 [stdout#info] This divice have no simulation core instance
2020-05-24T17:54:10-0300 [twisted.internet.endpoints.OneShotFactory#info] Starting factory <twisted.internet.endpoints.connectProtocol.<locals>.OneShotFactory object at 0x7f784350c0f0>
2020-05-24T17:54:15-0300 [stdout#info] sensor_6 |13.75 Kwh|9.94 Kwh
2020-05-24T17:54:15-0300 [stdout#info] sensor_9 |12.14 Kwh
2020-05-24T17:54:15-0300 [stdout#info] sensor_1 |9.56 Kwh|10.37 Kwh
2020-05-24T17:54:15-0300 [stdout#info] sensor_2 |6.29 Kwh
2020-05-24T17:54:15-0300 [stdout#info] sensor_5 |13.75 Kwh|14.56 Kwh
2020-05-24T17:54:15-0300 [stdout#info] sensor_8 |5.03 Kwh|9.95 Kwh
2020-05-24T17:54:15-0300 [stdout#info] sensor_7 |8.31 Kwh|9.95 Kwh
2020-05-24T17:54:15-0300 [stdout#info] sensor_4 |10.91 Kwh|10.37 Kwh
2020-05-24T17:54:15-0300 [stdout#info] sensor_3 |9.56 Kwh|10.91 Kwh|6.07 Kwh
2020-05-24T17:54:15-0300 [-] 127.0.0.1:56778 - sending MQTT PUBLISH REQUEST - Number of events: 38
2020-05-24T17:54:15-0300 [twisted.internet.endpoints.OneShotFactory#info] Starting factory <twisted.internet.endpoints.connectProtocol.<locals>.OneShotFactory object at 0x7f7843570710>
2020-05-24T17:54:15-0300 [twisted.internet.endpoints.OneShotFactory#info] Stopping factory <twisted.internet.endpoints.connectProtocol.<locals>.OneShotFactory object at 0x7f784357def0>
2020-05-24T17:54:15-0300 [stdout#info] This divice have no simulation core instance
2020-05-24T17:54:15-0300 [twisted.internet.endpoints.OneShotFactory#info] Starting factory <twisted.internet.endpoints.connectProtocol.<locals>.OneShotFactory object at 0x7f784350c588>
2020-05-24T17:54:18-0300 [-] Received SIGINT, shutting down.
2020-05-24T17:54:18-0300 [twisted.internet.endpoints.OneShotFactory#info] Stopping factory <twisted.internet.endpoints.connectProtocol.<locals>.OneShotFactory object at 0x7f784357d7b8>
2020-05-24T17:54:18-0300 [twisted.internet.endpoints.OneShotFactory#info] Stopping factory <twisted.internet.endpoints.connectProtocol.<locals>.OneShotFactory object at 0x7f784355d7f0>
2020-05-24T17:54:18-0300 [twisted.internet.endpoints.OneShotFactory#info] Stopping factory <twisted.internet.endpoints.connectProtocol.<locals>.OneShotFactory object at 0x7f78435a3fd0>
2020-05-24T17:54:18-0300 [twisted.internet.endpoints.OneShotFactory#info] Stopping factory <twisted.internet.endpoints.connectProtocol.<locals>.OneShotFactory object at 0x7f78435a30b8>
2020-05-24T17:54:18-0300 [twisted.internet.endpoints.OneShotFactory#info] Stopping factory <twisted.internet.endpoints.connectProtocol.<locals>.OneShotFactory object at 0x7f784350c0f0>
2020-05-24T17:54:18-0300 [applications.mqttapp.BrokerFactory] (TCP Port 5100 Closed)
2020-05-24T17:54:18-0300 [twisted.internet.endpoints.OneShotFactory#info] Stopping factory <twisted.internet.endpoints.connectProtocol.<locals>.OneShotFactory object at 0x7f7843e0e438>
2020-05-24T17:54:18-0300 [twisted.internet.endpoints.OneShotFactory#info] Stopping factory <twisted.internet.endpoints.connectProtocol.<locals>.OneShotFactory object at 0x7f7843570160>
2020-05-24T17:54:18-0300 [SubscriberApp,client] connection lost: Connection to the other side was lost in a non-clean fashion: Connection lost.
2020-05-24T17:54:18-0300 [SubscriberApp,client] connection lost - Number of events: 39
2020-05-24T17:54:18-0300 [twisted.internet.endpoints.OneShotFactory#info] Stopping factory <twisted.internet.endpoints.connectProtocol.<locals>.OneShotFactory object at 0x7f7843570710>
2020-05-24T17:54:18-0300 [twisted.internet.endpoints.OneShotFactory#info] Stopping factory <twisted.internet.endpoints.connectProtocol.<locals>.OneShotFactory object at 0x7f7843570a58>
2020-05-24T17:54:18-0300 [twisted.internet.endpoints.OneShotFactory#info] Stopping factory <twisted.internet.endpoints.connectProtocol.<locals>.OneShotFactory object at 0x7f78435a3ac8>
2020-05-24T17:54:18-0300 [twisted.internet.endpoints.OneShotFactory#info] Stopping factory <twisted.internet.endpoints.connectProtocol.<locals>.OneShotFactory object at 0x7f784357d358>
2020-05-24T17:54:18-0300 [twisted.internet.endpoints.OneShotFactory#info] Stopping factory <twisted.internet.endpoints.connectProtocol.<locals>.OneShotFactory object at 0x7f784355d3c8>
2020-05-24T17:54:18-0300 [twisted.internet.endpoints.OneShotFactory#info] Stopping factory <twisted.internet.endpoints.connectProtocol.<locals>.OneShotFactory object at 0x7f784355dc50>
2020-05-24T17:54:18-0300 [twisted.internet.endpoints.OneShotFactory#info] Stopping factory <twisted.internet.endpoints.connectProtocol.<locals>.OneShotFactory object at 0x7f784357dc88>
2020-05-24T17:54:18-0300 [applications.routerapp.RouterFactory] (TCP Port 8081 Closed)
2020-05-24T17:54:18-0300 [twisted.internet.endpoints.OneShotFactory#info] Stopping factory <twisted.internet.endpoints.connectProtocol.<locals>.OneShotFactory object at 0x7f784350c588>
2020-05-24T17:54:18-0300 [twisted.internet.endpoints.OneShotFactory#info] Stopping factory <twisted.internet.endpoints.connectProtocol.<locals>.OneShotFactory object at 0x7f7843e0e630>
2020-05-24T17:54:18-0300 [twisted.internet.endpoints.OneShotFactory#info] Stopping factory <twisted.internet.endpoints.connectProtocol.<locals>.OneShotFactory object at 0x7f78435705c0>
2020-05-24T17:54:18-0300 [SubscriberApp,client] connection lost: Connection to the other side was lost in a non-clean fashion: Connection lost.
2020-05-24T17:54:18-0300 [SubscriberApp,client] connection lost - Number of events: 40
2020-05-24T17:54:18-0300 [twisted.internet.endpoints.OneShotFactory#info] Stopping factory <twisted.internet.endpoints.connectProtocol.<locals>.OneShotFactory object at 0x7f78435a35f8>
2020-05-24T17:54:18-0300 [applications.accesspointapp.AccessPointFactory] (TCP Port 8082 Closed)
2020-05-24T17:54:18-0300 [PublisherApp,client] connection lost: Connection to the other side was lost in a non-clean fashion: Connection lost.
2020-05-24T17:54:18-0300 [PublisherApp,client] connection lost - Number of events: 41
2020-05-24T17:54:18-0300 [twisted.internet.endpoints.OneShotFactory#info] Stopping factory <twisted.internet.endpoints.connectProtocol.<locals>.OneShotFactory object at 0x7f7843570eb8>
2020-05-24T17:54:18-0300 [-] Main loop terminated.
