2020-05-24T23:16:52-0300 [-] Creating router ...
2020-05-24T23:16:52-0300 [-] Initializing Router - Number of events: 1
2020-05-24T23:16:52-0300 [-] RouterFactory starting on 8081
2020-05-24T23:16:52-0300 [-] Creating AccessPoint station ...
2020-05-24T23:16:52-0300 [-] Initializing Access Point - Number of events: 2
2020-05-24T23:16:53-0300 [-] AccessPointFactory starting on 8082
2020-05-24T23:16:53-0300 [-] Creating fog node ...
2020-05-24T23:16:53-0300 [-] Initializing Client - Number of events: 3
2020-05-24T23:16:53-0300 [-] Creating fog node ...
2020-05-24T23:16:53-0300 [-] Initializing Client - Number of events: 4
2020-05-24T23:16:54-0300 [-] Creating fog node ...
2020-05-24T23:16:54-0300 [-] Initializing Server - Number of events: 5
2020-05-24T23:16:54-0300 [-] BrokerFactory starting on 5100
2020-05-24T23:16:54-0300 [-] Creating iot node ...
2020-05-24T23:16:54-0300 [-] Initializing Client - Number of events: 6
2020-05-24T23:16:55-0300 [-] Initializing sink node - Number of events: 7
2020-05-24T23:16:55-0300 [-] Initializing sensor node - Number of events: 8
2020-05-24T23:16:56-0300 [-] Initializing sensor node - Number of events: 9
2020-05-24T23:16:56-0300 [-] Initializing sensor node - Number of events: 10
2020-05-24T23:16:57-0300 [-] Initializing sensor node - Number of events: 11
2020-05-24T23:16:57-0300 [-] Initializing sensor node - Number of events: 12
2020-05-24T23:16:58-0300 [-] Initializing sensor node - Number of events: 13
2020-05-24T23:16:58-0300 [-] Initializing sensor node - Number of events: 14
2020-05-24T23:16:59-0300 [-] Initializing sensor node - Number of events: 15
2020-05-24T23:16:59-0300 [-] Initializing sensor node - Number of events: 16
2020-05-24T23:17:00-0300 [stdout#info] ========= sensor_1 ==========
2020-05-24T23:17:00-0300 [stdout#info] sensor_1  <------->  wsn_sink
2020-05-24T23:17:00-0300 [stdout#info] sensor_1  <------->  sensor_3
2020-05-24T23:17:00-0300 [stdout#info] =============================
2020-05-24T23:17:00-0300 [stdout#info] 144437769252857: sensor_1 - wsn_sink
2020-05-24T23:17:00-0300 [stdout#info] 144437769252857: sensor_1 - wsn_sink - sensor_3
2020-05-24T23:17:00-0300 [stdout#info] 217004216729203: sensor_1 - wsn_sink
2020-05-24T23:17:00-0300 [stdout#info] 217004216729203: sensor_1 - wsn_sink - sensor_3
2020-05-24T23:17:00-0300 [stdout#info] 82664122121244: sensor_1 - wsn_sink
2020-05-24T23:17:00-0300 [stdout#info] 82664122121244: sensor_1 - wsn_sink - sensor_3
2020-05-24T23:17:00-0300 [stdout#info] ========= sensor_5 ==========
2020-05-24T23:17:00-0300 [stdout#info] sensor_5  <------->  sensor_6
2020-05-24T23:17:00-0300 [stdout#info] =============================
2020-05-24T23:17:00-0300 [stdout#info] 233580608764737: sensor_5 - sensor_6
2020-05-24T23:17:00-0300 [stdout#info] 80491807065594: sensor_5 - sensor_6
2020-05-24T23:17:00-0300 [stdout#info] ========= sensor_8 ==========
2020-05-24T23:17:00-0300 [stdout#info] sensor_8  <------->  sensor_7
2020-05-24T23:17:00-0300 [stdout#info] =============================
2020-05-24T23:17:00-0300 [stdout#info] 108431936506773: sensor_8 - sensor_7
2020-05-24T23:17:00-0300 [stdout#info] 14542481811464: sensor_8 - sensor_7
2020-05-24T23:17:00-0300 [stdout#info] ========= sensor_2 ==========
2020-05-24T23:17:00-0300 [stdout#info] =============================
2020-05-24T23:17:00-0300 [stdout#info] ========= sensor_9 ==========
2020-05-24T23:17:00-0300 [stdout#info] =============================
2020-05-24T23:17:00-0300 [stdout#info] ========= sensor_4 ==========
2020-05-24T23:17:00-0300 [stdout#info] sensor_4  <------->  sensor_3
2020-05-24T23:17:00-0300 [stdout#info] =============================
2020-05-24T23:17:00-0300 [stdout#info] 178390288525344: sensor_4 - sensor_3
2020-05-24T23:17:00-0300 [stdout#info] 190716070883835: sensor_4 - sensor_3
2020-05-24T23:17:00-0300 [stdout#info] ========= sensor_7 ==========
2020-05-24T23:17:00-0300 [stdout#info] sensor_7  <------->  sensor_8
2020-05-24T23:17:00-0300 [stdout#info] =============================
2020-05-24T23:17:00-0300 [stdout#info] 275920353354717: sensor_7 - sensor_8
2020-05-24T23:17:00-0300 [stdout#info] 117175297637858: sensor_7 - sensor_8
2020-05-24T23:17:00-0300 [stdout#info] ========= sensor_6 ==========
2020-05-24T23:17:00-0300 [stdout#info] sensor_6  <------->  sensor_5
2020-05-24T23:17:00-0300 [stdout#info] =============================
2020-05-24T23:17:00-0300 [stdout#info] 82828326167717: sensor_6 - sensor_5
2020-05-24T23:17:00-0300 [stdout#info] 223835083983394: sensor_6 - sensor_5
2020-05-24T23:17:00-0300 [stdout#info] ========= sensor_3 ==========
2020-05-24T23:17:00-0300 [stdout#info] sensor_3  <------->  sensor_1
2020-05-24T23:17:00-0300 [stdout#info] sensor_3  <------->  sensor_4
2020-05-24T23:17:00-0300 [stdout#info] =============================
2020-05-24T23:17:00-0300 [stdout#info] 144437769252857: sensor_1 - wsn_sink - sensor_3 - sensor_4
2020-05-24T23:17:00-0300 [stdout#info] 190716070883835: sensor_4 - sensor_1 - sensor_3
2020-05-24T23:17:00-0300 [stdout#info] 270426231928731: sensor_3 - sensor_1
2020-05-24T23:17:00-0300 [stdout#info] 270426231928731: sensor_3 - sensor_1 - sensor_4
2020-05-24T23:17:00-0300 [stdout#info] 178390288525344: sensor_4 - sensor_1 - sensor_3
2020-05-24T23:17:00-0300 [stdout#info] 44543816683349: sensor_3 - sensor_1
2020-05-24T23:17:00-0300 [stdout#info] 44543816683349: sensor_3 - sensor_1 - sensor_4
2020-05-24T23:17:00-0300 [stdout#info] 82664122121244: sensor_1 - wsn_sink - sensor_3 - sensor_4
2020-05-24T23:17:00-0300 [stdout#info] 233455098063092: sensor_3 - sensor_1
2020-05-24T23:17:00-0300 [stdout#info] 233455098063092: sensor_3 - sensor_1 - sensor_4
2020-05-24T23:17:00-0300 [stdout#info] 217004216729203: sensor_1 - wsn_sink - sensor_3 - sensor_4
2020-05-24T23:17:00-0300 [stdout#info] This divice have no simulation core instance
2020-05-24T23:17:00-0300 [stdout#info] This divice have no simulation core instance
2020-05-24T23:17:00-0300 [stdout#info] This divice have no simulation core instance
2020-05-24T23:17:00-0300 [stdout#info] This divice have no simulation core instance
2020-05-24T23:17:00-0300 [stdout#info] This divice have no simulation core instance
2020-05-24T23:17:00-0300 [Uninitialized] 127.0.0.1:39612 - Connected to mqtt broker - Number of events: 17
2020-05-24T23:17:00-0300 [Uninitialized] 127.0.0.1:39612 - sending MQTT SUBSCRIBE REQUEST - Number of events: 18
2020-05-24T23:17:00-0300 [Uninitialized] 127.0.0.1:39614 - Connected to mqtt broker - Number of events: 19
2020-05-24T23:17:00-0300 [Uninitialized] 127.0.0.1:39614 - sending MQTT SUBSCRIBE REQUEST - Number of events: 20
2020-05-24T23:17:00-0300 [Uninitialized] 127.0.0.1:34360 - Connected to mqtt broker - Number of events: 21
2020-05-24T23:17:00-0300 [Uninitialized] 127.0.0.1:34360 - sending MQTT PUBLISH REQUEST - Number of events: 22
2020-05-24T23:17:00-0300 [twisted.internet.endpoints.OneShotFactory#info] Starting factory <twisted.internet.endpoints.connectProtocol.<locals>.OneShotFactory object at 0x7ffba58519b0>
2020-05-24T23:17:00-0300 [twisted.internet.endpoints.OneShotFactory#info] Starting factory <twisted.internet.endpoints.connectProtocol.<locals>.OneShotFactory object at 0x7ffba57e7860>
2020-05-24T23:17:00-0300 [twisted.internet.endpoints.OneShotFactory#info] Starting factory <twisted.internet.endpoints.connectProtocol.<locals>.OneShotFactory object at 0x7ffba57e76a0>
2020-05-24T23:17:00-0300 [stdout#info] This divice have no simulation core instance
2020-05-24T23:17:00-0300 [twisted.internet.endpoints.OneShotFactory#info] Starting factory <twisted.internet.endpoints.connectProtocol.<locals>.OneShotFactory object at 0x7ffba38b57b8>
2020-05-24T23:17:03-0300 [stdout#info] 190716070883835: sensor_4 - sensor_1 - wsn_sink - sensor_3
2020-05-24T23:17:03-0300 [stdout#info] 270426231928731: sensor_3 - sensor_1 - wsn_sink - sensor_4
2020-05-24T23:17:03-0300 [stdout#info] 174929425459777: sensor_1 - wsn_sink
2020-05-24T23:17:03-0300 [stdout#info] 174929425459777: sensor_1 - wsn_sink - sensor_3
2020-05-24T23:17:03-0300 [stdout#info] 178390288525344: sensor_4 - sensor_1 - wsn_sink - sensor_3
2020-05-24T23:17:03-0300 [stdout#info] 44543816683349: sensor_3 - sensor_1 - wsn_sink - sensor_4
2020-05-24T23:17:03-0300 [stdout#info] 50851424501845: sensor_1 - wsn_sink
2020-05-24T23:17:03-0300 [stdout#info] 50851424501845: sensor_1 - wsn_sink - sensor_3
2020-05-24T23:17:03-0300 [stdout#info] 233455098063092: sensor_3 - sensor_1 - wsn_sink - sensor_4
2020-05-24T23:17:03-0300 [stdout#info] 111682561572031: sensor_1 - wsn_sink
2020-05-24T23:17:03-0300 [stdout#info] 111682561572031: sensor_1 - wsn_sink - sensor_3
2020-05-24T23:17:03-0300 [stdout#info] 7230825467829: sensor_5 - sensor_6
2020-05-24T23:17:03-0300 [stdout#info] 21967190620374: sensor_5 - sensor_6
2020-05-24T23:17:03-0300 [stdout#info] 235356507819391: sensor_8 - sensor_7
2020-05-24T23:17:03-0300 [stdout#info] 258816483213321: sensor_8 - sensor_7
2020-05-24T23:17:03-0300 [stdout#info] 84877378499174: sensor_4 - sensor_3
2020-05-24T23:17:03-0300 [stdout#info] 274199909191620: sensor_4 - sensor_3
2020-05-24T23:17:03-0300 [stdout#info] 209247164093396: sensor_7 - sensor_8
2020-05-24T23:17:03-0300 [stdout#info] 71688866788638: sensor_7 - sensor_8
2020-05-24T23:17:03-0300 [stdout#info] 130204764355491: sensor_6 - sensor_5
2020-05-24T23:17:03-0300 [stdout#info] 43425999222277: sensor_6 - sensor_5
2020-05-24T23:17:03-0300 [stdout#info] 203454989533600: sensor_3 - sensor_1
2020-05-24T23:17:03-0300 [stdout#info] 203454989533600: sensor_3 - sensor_1 - sensor_4
2020-05-24T23:17:03-0300 [stdout#info] 174929425459777: sensor_1 - wsn_sink - sensor_3 - sensor_4
2020-05-24T23:17:03-0300 [stdout#info] 50851424501845: sensor_1 - wsn_sink - sensor_3 - sensor_4
2020-05-24T23:17:03-0300 [stdout#info] 84877378499174: sensor_4 - sensor_1 - sensor_3
2020-05-24T23:17:03-0300 [stdout#info] 55687052531269: sensor_3 - sensor_1
2020-05-24T23:17:03-0300 [stdout#info] 55687052531269: sensor_3 - sensor_1 - sensor_4
2020-05-24T23:17:03-0300 [stdout#info] 38538956769763: sensor_3 - sensor_1
2020-05-24T23:17:03-0300 [stdout#info] 38538956769763: sensor_3 - sensor_1 - sensor_4
2020-05-24T23:17:03-0300 [stdout#info] 111682561572031: sensor_1 - wsn_sink - sensor_3 - sensor_4
2020-05-24T23:17:03-0300 [stdout#info] 274199909191620: sensor_4 - sensor_1 - sensor_3
2020-05-24T23:17:05-0300 [-] 127.0.0.1:34360 - sending MQTT PUBLISH REQUEST - Number of events: 23
2020-05-24T23:17:05-0300 [twisted.internet.endpoints.OneShotFactory#info] Starting factory <twisted.internet.endpoints.connectProtocol.<locals>.OneShotFactory object at 0x7ffba38b5978>
2020-05-24T23:17:05-0300 [twisted.internet.endpoints.OneShotFactory#info] Stopping factory <twisted.internet.endpoints.connectProtocol.<locals>.OneShotFactory object at 0x7ffba57e76a0>
2020-05-24T23:17:05-0300 [stdout#info] This divice have no simulation core instance
2020-05-24T23:17:05-0300 [twisted.internet.endpoints.OneShotFactory#info] Starting factory <twisted.internet.endpoints.connectProtocol.<locals>.OneShotFactory object at 0x7ffba38b59e8>
2020-05-24T23:17:05-0300 [twisted.internet.endpoints.OneShotFactory#info] Stopping factory <twisted.internet.endpoints.connectProtocol.<locals>.OneShotFactory object at 0x7ffba38b57b8>
2020-05-24T23:17:06-0300 [stdout#info] 203454989533600: sensor_3 - sensor_1 - wsn_sink - sensor_4
2020-05-24T23:17:06-0300 [stdout#info] 81447773052741: sensor_1 - wsn_sink
2020-05-24T23:17:06-0300 [stdout#info] 81447773052741: sensor_1 - wsn_sink - sensor_3
2020-05-24T23:17:06-0300 [stdout#info] 165115629255647: sensor_1 - wsn_sink
2020-05-24T23:17:06-0300 [stdout#info] 165115629255647: sensor_1 - wsn_sink - sensor_3
2020-05-24T23:17:06-0300 [stdout#info] 55687052531269: sensor_3 - sensor_1 - wsn_sink - sensor_4
2020-05-24T23:17:06-0300 [stdout#info] 84877378499174: sensor_4 - sensor_1 - wsn_sink - sensor_3
2020-05-24T23:17:06-0300 [stdout#info] 38538956769763: sensor_3 - sensor_1 - wsn_sink - sensor_4
2020-05-24T23:17:06-0300 [stdout#info] 274199909191620: sensor_4 - sensor_1 - wsn_sink - sensor_3
2020-05-24T23:17:06-0300 [stdout#info] 31407542002890: sensor_1 - wsn_sink
2020-05-24T23:17:06-0300 [stdout#info] 31407542002890: sensor_1 - wsn_sink - sensor_3
2020-05-24T23:17:06-0300 [stdout#info] 145910974095328: sensor_5 - sensor_6
2020-05-24T23:17:06-0300 [stdout#info] 74716200567330: sensor_5 - sensor_6
2020-05-24T23:17:06-0300 [stdout#info] 162495633185991: sensor_8 - sensor_7
2020-05-24T23:17:06-0300 [stdout#info] 247659328313921: sensor_8 - sensor_7
2020-05-24T23:17:06-0300 [stdout#info] 29009489160103: sensor_4 - sensor_3
2020-05-24T23:17:06-0300 [stdout#info] 184534621050717: sensor_4 - sensor_3
2020-05-24T23:17:06-0300 [stdout#info] 221474100446748: sensor_7 - sensor_8
2020-05-24T23:17:06-0300 [stdout#info] 160895515468787: sensor_7 - sensor_8
2020-05-24T23:17:06-0300 [stdout#info] 95831751011521: sensor_6 - sensor_5
2020-05-24T23:17:06-0300 [stdout#info] 6707807329609: sensor_6 - sensor_5
2020-05-24T23:17:06-0300 [stdout#info] 134651108346326: sensor_3 - sensor_1
2020-05-24T23:17:06-0300 [stdout#info] 134651108346326: sensor_3 - sensor_1 - sensor_4
2020-05-24T23:17:06-0300 [stdout#info] 81447773052741: sensor_1 - wsn_sink - sensor_3 - sensor_4
2020-05-24T23:17:06-0300 [stdout#info] 165115629255647: sensor_1 - wsn_sink - sensor_3 - sensor_4
2020-05-24T23:17:06-0300 [stdout#info] 29009489160103: sensor_4 - sensor_1 - sensor_3
2020-05-24T23:17:06-0300 [stdout#info] 209505721947618: sensor_3 - sensor_1
2020-05-24T23:17:06-0300 [stdout#info] 209505721947618: sensor_3 - sensor_1 - sensor_4
2020-05-24T23:17:06-0300 [stdout#info] 159555034985493: sensor_3 - sensor_1
2020-05-24T23:17:06-0300 [stdout#info] 159555034985493: sensor_3 - sensor_1 - sensor_4
2020-05-24T23:17:06-0300 [stdout#info] 184534621050717: sensor_4 - sensor_1 - sensor_3
2020-05-24T23:17:06-0300 [stdout#info] 31407542002890: sensor_1 - wsn_sink - sensor_3 - sensor_4
2020-05-24T23:17:09-0300 [stdout#info] 134651108346326: sensor_3 - sensor_1 - wsn_sink - sensor_4
2020-05-24T23:17:09-0300 [stdout#info] 29009489160103: sensor_4 - sensor_1 - wsn_sink - sensor_3
2020-05-24T23:17:09-0300 [stdout#info] 261495240684833: sensor_1 - wsn_sink
2020-05-24T23:17:09-0300 [stdout#info] 261495240684833: sensor_1 - wsn_sink - sensor_3
2020-05-24T23:17:09-0300 [stdout#info] 209505721947618: sensor_3 - sensor_1 - wsn_sink - sensor_4
2020-05-24T23:17:09-0300 [stdout#info] 179297126796825: sensor_1 - wsn_sink
2020-05-24T23:17:09-0300 [stdout#info] 179297126796825: sensor_1 - wsn_sink - sensor_3
2020-05-24T23:17:09-0300 [stdout#info] 159555034985493: sensor_3 - sensor_1 - wsn_sink - sensor_4
2020-05-24T23:17:09-0300 [stdout#info] 105537207134213: sensor_1 - wsn_sink
2020-05-24T23:17:09-0300 [stdout#info] 105537207134213: sensor_1 - wsn_sink - sensor_3
2020-05-24T23:17:09-0300 [stdout#info] 184534621050717: sensor_4 - sensor_1 - wsn_sink - sensor_3
2020-05-24T23:17:09-0300 [stdout#info] 256178342151142: sensor_5 - sensor_6
2020-05-24T23:17:09-0300 [stdout#info] 154856522187909: sensor_5 - sensor_6
2020-05-24T23:17:09-0300 [stdout#info] 270520966481872: sensor_8 - sensor_7
2020-05-24T23:17:09-0300 [stdout#info] 109676422347822: sensor_8 - sensor_7
2020-05-24T23:17:09-0300 [stdout#info] 251844407430813: sensor_4 - sensor_3
2020-05-24T23:17:09-0300 [stdout#info] 67932400407764: sensor_4 - sensor_3
2020-05-24T23:17:09-0300 [stdout#info] 7123970715141: sensor_7 - sensor_8
2020-05-24T23:17:09-0300 [stdout#info] 119135604664331: sensor_7 - sensor_8
2020-05-24T23:17:09-0300 [stdout#info] 1144065636138: sensor_6 - sensor_5
2020-05-24T23:17:09-0300 [stdout#info] 133711550115926: sensor_6 - sensor_5
2020-05-24T23:17:09-0300 [stdout#info] 238171479837134: sensor_3 - sensor_1
2020-05-24T23:17:09-0300 [stdout#info] 238171479837134: sensor_3 - sensor_1 - sensor_4
2020-05-24T23:17:09-0300 [stdout#info] 45536399933644: sensor_3 - sensor_1
2020-05-24T23:17:09-0300 [stdout#info] 45536399933644: sensor_3 - sensor_1 - sensor_4
2020-05-24T23:17:09-0300 [stdout#info] 240128041338763: sensor_3 - sensor_1
2020-05-24T23:17:09-0300 [stdout#info] 240128041338763: sensor_3 - sensor_1 - sensor_4
2020-05-24T23:17:09-0300 [stdout#info] 261495240684833: sensor_1 - wsn_sink - sensor_3 - sensor_4
2020-05-24T23:17:09-0300 [stdout#info] 179297126796825: sensor_1 - wsn_sink - sensor_3 - sensor_4
2020-05-24T23:17:09-0300 [stdout#info] 105537207134213: sensor_1 - wsn_sink - sensor_3 - sensor_4
2020-05-24T23:17:09-0300 [stdout#info] 251844407430813: sensor_4 - sensor_1 - sensor_3
2020-05-24T23:17:09-0300 [stdout#info] 67932400407764: sensor_4 - sensor_1 - sensor_3
2020-05-24T23:17:10-0300 [-] Received SIGINT, shutting down.
2020-05-24T23:17:10-0300 [applications.mqttapp.BrokerFactory] (TCP Port 5100 Closed)
2020-05-24T23:17:10-0300 [twisted.internet.endpoints.OneShotFactory#info] Stopping factory <twisted.internet.endpoints.connectProtocol.<locals>.OneShotFactory object at 0x7ffba57e7860>
2020-05-24T23:17:10-0300 [twisted.internet.endpoints.OneShotFactory#info] Stopping factory <twisted.internet.endpoints.connectProtocol.<locals>.OneShotFactory object at 0x7ffba38b5978>
2020-05-24T23:17:10-0300 [SubscriberApp,client] connection lost: Connection to the other side was lost in a non-clean fashion: Connection lost.
2020-05-24T23:17:10-0300 [SubscriberApp,client] connection lost - Number of events: 24
2020-05-24T23:17:10-0300 [SubscriberApp,client] connection lost: Connection to the other side was lost in a non-clean fashion: Connection lost.
2020-05-24T23:17:10-0300 [SubscriberApp,client] connection lost - Number of events: 25
2020-05-24T23:17:10-0300 [applications.accesspointapp.AccessPointFactory] (TCP Port 8082 Closed)
2020-05-24T23:17:10-0300 [PublisherApp,client] connection lost: Connection to the other side was lost in a non-clean fashion: Connection lost.
2020-05-24T23:17:10-0300 [PublisherApp,client] connection lost - Number of events: 26
2020-05-24T23:17:10-0300 [applications.routerapp.RouterFactory] (TCP Port 8081 Closed)
2020-05-24T23:17:10-0300 [twisted.internet.endpoints.OneShotFactory#info] Stopping factory <twisted.internet.endpoints.connectProtocol.<locals>.OneShotFactory object at 0x7ffba58519b0>
2020-05-24T23:17:10-0300 [twisted.internet.endpoints.OneShotFactory#info] Stopping factory <twisted.internet.endpoints.connectProtocol.<locals>.OneShotFactory object at 0x7ffba38b59e8>
2020-05-24T23:17:10-0300 [-] Main loop terminated.
