2020-05-24T22:30:36-0300 [-] Creating router ...
2020-05-24T22:30:36-0300 [-] Initializing Router - Number of events: 1
2020-05-24T22:30:36-0300 [-] RouterFactory starting on 8081
2020-05-24T22:30:36-0300 [-] Creating AccessPoint station ...
2020-05-24T22:30:36-0300 [-] Initializing Access Point - Number of events: 2
2020-05-24T22:30:37-0300 [-] AccessPointFactory starting on 8082
2020-05-24T22:30:37-0300 [-] Creating fog node ...
2020-05-24T22:30:37-0300 [-] Initializing Client - Number of events: 3
2020-05-24T22:30:38-0300 [-] Creating fog node ...
2020-05-24T22:30:38-0300 [-] Initializing Client - Number of events: 4
2020-05-24T22:30:38-0300 [-] Creating fog node ...
2020-05-24T22:30:38-0300 [-] Initializing Server - Number of events: 5
2020-05-24T22:30:39-0300 [-] BrokerFactory starting on 5100
2020-05-24T22:30:39-0300 [-] Creating iot node ...
2020-05-24T22:30:39-0300 [-] Initializing Client - Number of events: 6
2020-05-24T22:30:39-0300 [-] Initializing sink node - Number of events: 7
2020-05-24T22:30:40-0300 [-] Initializing sensor node - Number of events: 8
2020-05-24T22:30:40-0300 [-] Initializing sensor node - Number of events: 9
2020-05-24T22:30:41-0300 [-] Initializing sensor node - Number of events: 10
2020-05-24T22:30:41-0300 [-] Initializing sensor node - Number of events: 11
2020-05-24T22:30:42-0300 [-] Initializing sensor node - Number of events: 12
2020-05-24T22:30:42-0300 [-] Initializing sensor node - Number of events: 13
2020-05-24T22:30:43-0300 [-] Initializing sensor node - Number of events: 14
2020-05-24T22:30:43-0300 [-] Initializing sensor node - Number of events: 15
2020-05-24T22:30:44-0300 [-] Initializing sensor node - Number of events: 16
2020-05-24T22:30:44-0300 [stdout#info] ========= sensor_6 ==========
2020-05-24T22:30:44-0300 [stdout#info] sensor_6  <------->  sensor_5
2020-05-24T22:30:44-0300 [stdout#info] =============================
2020-05-24T22:30:44-0300 [stdout#info] sensor_6 
2020-05-24T22:30:44-0300 [stdout#info] ========= sensor_3 ==========
2020-05-24T22:30:44-0300 [stdout#info] sensor_3  <------->  sensor_4
2020-05-24T22:30:44-0300 [stdout#info] sensor_3  <------->  sensor_1
2020-05-24T22:30:44-0300 [stdout#info] =============================
2020-05-24T22:30:44-0300 [stdout#info] sensor_3 
2020-05-24T22:30:44-0300 [stdout#info] ========= sensor_9 ==========
2020-05-24T22:30:44-0300 [stdout#info] =============================
2020-05-24T22:30:44-0300 [stdout#info] sensor_9 
2020-05-24T22:30:44-0300 [stdout#info] ========= sensor_1 ==========
2020-05-24T22:30:44-0300 [stdout#info] sensor_1  <------->  wsn_sink
2020-05-24T22:30:44-0300 [stdout#info] sensor_1  <------->  sensor_3
2020-05-24T22:30:44-0300 [stdout#info] =============================
2020-05-24T22:30:44-0300 [stdout#info] sensor_1 
2020-05-24T22:30:44-0300 [stdout#info] ========= sensor_2 ==========
2020-05-24T22:30:44-0300 [stdout#info] =============================
2020-05-24T22:30:44-0300 [stdout#info] sensor_2 
2020-05-24T22:30:44-0300 [stdout#info] ========= sensor_5 ==========
2020-05-24T22:30:44-0300 [stdout#info] sensor_5  <------->  sensor_6
2020-05-24T22:30:44-0300 [stdout#info] =============================
2020-05-24T22:30:44-0300 [stdout#info] sensor_5 
2020-05-24T22:30:44-0300 [stdout#info] ========= sensor_8 ==========
2020-05-24T22:30:44-0300 [stdout#info] sensor_8  <------->  sensor_7
2020-05-24T22:30:44-0300 [stdout#info] =============================
2020-05-24T22:30:44-0300 [stdout#info] sensor_8 
2020-05-24T22:30:44-0300 [stdout#info] ========= sensor_7 ==========
2020-05-24T22:30:44-0300 [stdout#info] sensor_7  <------->  sensor_8
2020-05-24T22:30:44-0300 [stdout#info] =============================
2020-05-24T22:30:44-0300 [stdout#info] sensor_7 
2020-05-24T22:30:44-0300 [stdout#info] ========= sensor_4 ==========
2020-05-24T22:30:44-0300 [stdout#info] sensor_4  <------->  sensor_3
2020-05-24T22:30:44-0300 [stdout#info] =============================
2020-05-24T22:30:44-0300 [stdout#info] sensor_4 
2020-05-24T22:30:44-0300 [stdout#info] This divice have no simulation core instance
2020-05-24T22:30:44-0300 [stdout#info] This divice have no simulation core instance
2020-05-24T22:30:44-0300 [stdout#info] This divice have no simulation core instance
2020-05-24T22:30:44-0300 [stdout#info] This divice have no simulation core instance
2020-05-24T22:30:44-0300 [stdout#info] This divice have no simulation core instance
2020-05-24T22:30:44-0300 [Uninitialized] 127.0.0.1:38546 - Connected to mqtt broker - Number of events: 17
2020-05-24T22:30:44-0300 [Uninitialized] 127.0.0.1:38546 - sending MQTT SUBSCRIBE REQUEST - Number of events: 18
2020-05-24T22:30:44-0300 [Uninitialized] 127.0.0.1:38548 - Connected to mqtt broker - Number of events: 19
2020-05-24T22:30:44-0300 [Uninitialized] 127.0.0.1:38548 - sending MQTT SUBSCRIBE REQUEST - Number of events: 20
2020-05-24T22:30:44-0300 [Uninitialized] 127.0.0.1:33294 - Connected to mqtt broker - Number of events: 21
2020-05-24T22:30:44-0300 [Uninitialized] 127.0.0.1:33294 - sending MQTT PUBLISH REQUEST - Number of events: 22
2020-05-24T22:30:44-0300 [twisted.internet.endpoints.OneShotFactory#info] Starting factory <twisted.internet.endpoints.connectProtocol.<locals>.OneShotFactory object at 0x7f4c455e82b0>
2020-05-24T22:30:44-0300 [twisted.internet.endpoints.OneShotFactory#info] Starting factory <twisted.internet.endpoints.connectProtocol.<locals>.OneShotFactory object at 0x7f4c44ddb0b8>
2020-05-24T22:30:44-0300 [twisted.internet.endpoints.OneShotFactory#info] Starting factory <twisted.internet.endpoints.connectProtocol.<locals>.OneShotFactory object at 0x7f4c44ddb2b0>
2020-05-24T22:30:44-0300 [stdout#info] This divice have no simulation core instance
2020-05-24T22:30:44-0300 [twisted.internet.endpoints.OneShotFactory#info] Starting factory <twisted.internet.endpoints.connectProtocol.<locals>.OneShotFactory object at 0x7f4c44ddbbe0>
2020-05-24T22:30:47-0300 [stdout#info] sensor_6 
2020-05-24T22:30:47-0300 [stdout#info] sensor_3 
2020-05-24T22:30:47-0300 [stdout#info] sensor_9 
2020-05-24T22:30:47-0300 [stdout#info] sensor_1 
2020-05-24T22:30:47-0300 [stdout#info] sensor_2 
2020-05-24T22:30:47-0300 [stdout#info] sensor_5 
2020-05-24T22:30:47-0300 [stdout#info] sensor_8 
2020-05-24T22:30:47-0300 [stdout#info] sensor_7 
2020-05-24T22:30:47-0300 [stdout#info] sensor_4 
2020-05-24T22:30:49-0300 [-] 127.0.0.1:33294 - sending MQTT PUBLISH REQUEST - Number of events: 23
2020-05-24T22:30:49-0300 [twisted.internet.endpoints.OneShotFactory#info] Starting factory <twisted.internet.endpoints.connectProtocol.<locals>.OneShotFactory object at 0x7f4c44ddbf98>
2020-05-24T22:30:49-0300 [twisted.internet.endpoints.OneShotFactory#info] Stopping factory <twisted.internet.endpoints.connectProtocol.<locals>.OneShotFactory object at 0x7f4c44ddb2b0>
2020-05-24T22:30:49-0300 [stdout#info] This divice have no simulation core instance
2020-05-24T22:30:49-0300 [twisted.internet.endpoints.OneShotFactory#info] Starting factory <twisted.internet.endpoints.connectProtocol.<locals>.OneShotFactory object at 0x7f4c4649a278>
2020-05-24T22:30:49-0300 [twisted.internet.endpoints.OneShotFactory#info] Stopping factory <twisted.internet.endpoints.connectProtocol.<locals>.OneShotFactory object at 0x7f4c44ddbbe0>
2020-05-24T22:30:50-0300 [stdout#info] sensor_6 
2020-05-24T22:30:50-0300 [stdout#info] sensor_3 
2020-05-24T22:30:50-0300 [stdout#info] sensor_9 
2020-05-24T22:30:50-0300 [stdout#info] sensor_1 
2020-05-24T22:30:50-0300 [stdout#info] sensor_2 
2020-05-24T22:30:50-0300 [stdout#info] sensor_5 
2020-05-24T22:30:50-0300 [stdout#info] sensor_8 
2020-05-24T22:30:50-0300 [stdout#info] sensor_7 
2020-05-24T22:30:50-0300 [stdout#info] sensor_4 
2020-05-24T22:30:53-0300 [stdout#info] sensor_6 
2020-05-24T22:30:53-0300 [stdout#info] sensor_3 
2020-05-24T22:30:53-0300 [stdout#info] sensor_9 
2020-05-24T22:30:53-0300 [stdout#info] sensor_1 
2020-05-24T22:30:53-0300 [stdout#info] sensor_2 
2020-05-24T22:30:53-0300 [stdout#info] sensor_5 
2020-05-24T22:30:53-0300 [stdout#info] sensor_8 
2020-05-24T22:30:53-0300 [stdout#info] sensor_7 
2020-05-24T22:30:53-0300 [stdout#info] sensor_4 
2020-05-24T22:30:54-0300 [-] 127.0.0.1:33294 - sending MQTT PUBLISH REQUEST - Number of events: 24
2020-05-24T22:30:54-0300 [twisted.internet.endpoints.OneShotFactory#info] Starting factory <twisted.internet.endpoints.connectProtocol.<locals>.OneShotFactory object at 0x7f4c4649a128>
2020-05-24T22:30:54-0300 [twisted.internet.endpoints.OneShotFactory#info] Stopping factory <twisted.internet.endpoints.connectProtocol.<locals>.OneShotFactory object at 0x7f4c44ddbf98>
2020-05-24T22:30:54-0300 [stdout#info] This divice have no simulation core instance
2020-05-24T22:30:54-0300 [twisted.internet.endpoints.OneShotFactory#info] Starting factory <twisted.internet.endpoints.connectProtocol.<locals>.OneShotFactory object at 0x7f4c4649a748>
2020-05-24T22:30:56-0300 [stdout#info] sensor_6 
2020-05-24T22:30:56-0300 [stdout#info] sensor_3 
2020-05-24T22:30:56-0300 [stdout#info] sensor_9 
2020-05-24T22:30:56-0300 [stdout#info] sensor_1 
2020-05-24T22:30:56-0300 [stdout#info] sensor_2 
2020-05-24T22:30:56-0300 [stdout#info] sensor_5 
2020-05-24T22:30:56-0300 [stdout#info] sensor_8 
2020-05-24T22:30:56-0300 [stdout#info] sensor_7 
2020-05-24T22:30:56-0300 [stdout#info] sensor_4 
2020-05-24T22:30:59-0300 [stdout#info] sensor_6 
2020-05-24T22:30:59-0300 [stdout#info] sensor_3 
2020-05-24T22:30:59-0300 [stdout#info] sensor_9 
2020-05-24T22:30:59-0300 [stdout#info] sensor_1 
2020-05-24T22:30:59-0300 [stdout#info] sensor_2 
2020-05-24T22:30:59-0300 [stdout#info] sensor_5 
2020-05-24T22:30:59-0300 [stdout#info] sensor_8 
2020-05-24T22:30:59-0300 [stdout#info] sensor_7 
2020-05-24T22:30:59-0300 [stdout#info] sensor_4 
2020-05-24T22:30:59-0300 [-] 127.0.0.1:33294 - sending MQTT PUBLISH REQUEST - Number of events: 25
2020-05-24T22:30:59-0300 [twisted.internet.endpoints.OneShotFactory#info] Starting factory <twisted.internet.endpoints.connectProtocol.<locals>.OneShotFactory object at 0x7f4c4649ab38>
2020-05-24T22:30:59-0300 [twisted.internet.endpoints.OneShotFactory#info] Stopping factory <twisted.internet.endpoints.connectProtocol.<locals>.OneShotFactory object at 0x7f4c4649a128>
2020-05-24T22:30:59-0300 [stdout#info] This divice have no simulation core instance
2020-05-24T22:30:59-0300 [twisted.internet.endpoints.OneShotFactory#info] Starting factory <twisted.internet.endpoints.connectProtocol.<locals>.OneShotFactory object at 0x7f4c4649acf8>
2020-05-24T22:31:02-0300 [stdout#info] sensor_6 
2020-05-24T22:31:02-0300 [stdout#info] sensor_3 
2020-05-24T22:31:02-0300 [stdout#info] sensor_9 
2020-05-24T22:31:02-0300 [stdout#info] sensor_1 
2020-05-24T22:31:02-0300 [stdout#info] sensor_2 
2020-05-24T22:31:02-0300 [stdout#info] sensor_5 
2020-05-24T22:31:02-0300 [stdout#info] sensor_8 
2020-05-24T22:31:02-0300 [stdout#info] sensor_7 
2020-05-24T22:31:02-0300 [stdout#info] sensor_4 
2020-05-24T22:31:04-0300 [-] 127.0.0.1:33294 - sending MQTT PUBLISH REQUEST - Number of events: 26
2020-05-24T22:31:04-0300 [twisted.internet.endpoints.OneShotFactory#info] Starting factory <twisted.internet.endpoints.connectProtocol.<locals>.OneShotFactory object at 0x7f4c4649aac8>
2020-05-24T22:31:04-0300 [twisted.internet.endpoints.OneShotFactory#info] Stopping factory <twisted.internet.endpoints.connectProtocol.<locals>.OneShotFactory object at 0x7f4c4649ab38>
2020-05-24T22:31:04-0300 [stdout#info] This divice have no simulation core instance
2020-05-24T22:31:04-0300 [twisted.internet.endpoints.OneShotFactory#info] Starting factory <twisted.internet.endpoints.connectProtocol.<locals>.OneShotFactory object at 0x7f4c4645b208>
2020-05-24T22:31:05-0300 [stdout#info] sensor_6 
2020-05-24T22:31:05-0300 [stdout#info] sensor_3 
2020-05-24T22:31:05-0300 [stdout#info] sensor_9 
2020-05-24T22:31:05-0300 [stdout#info] sensor_1 
2020-05-24T22:31:05-0300 [stdout#info] sensor_2 
2020-05-24T22:31:05-0300 [stdout#info] sensor_5 
2020-05-24T22:31:05-0300 [stdout#info] sensor_8 
2020-05-24T22:31:05-0300 [stdout#info] sensor_7 
2020-05-24T22:31:05-0300 [stdout#info] sensor_4 
2020-05-24T22:31:08-0300 [stdout#info] sensor_6 
2020-05-24T22:31:08-0300 [stdout#info] sensor_3 
2020-05-24T22:31:08-0300 [stdout#info] sensor_9 
2020-05-24T22:31:08-0300 [stdout#info] sensor_1 
2020-05-24T22:31:08-0300 [stdout#info] sensor_2 
2020-05-24T22:31:08-0300 [stdout#info] sensor_5 
2020-05-24T22:31:08-0300 [stdout#info] sensor_8 
2020-05-24T22:31:08-0300 [stdout#info] sensor_7 
2020-05-24T22:31:08-0300 [stdout#info] sensor_4 
2020-05-24T22:31:09-0300 [-] 127.0.0.1:33294 - sending MQTT PUBLISH REQUEST - Number of events: 27
2020-05-24T22:31:09-0300 [twisted.internet.endpoints.OneShotFactory#info] Starting factory <twisted.internet.endpoints.connectProtocol.<locals>.OneShotFactory object at 0x7f4c4645b470>
2020-05-24T22:31:09-0300 [twisted.internet.endpoints.OneShotFactory#info] Stopping factory <twisted.internet.endpoints.connectProtocol.<locals>.OneShotFactory object at 0x7f4c4649aac8>
2020-05-24T22:31:09-0300 [stdout#info] This divice have no simulation core instance
2020-05-24T22:31:09-0300 [twisted.internet.endpoints.OneShotFactory#info] Starting factory <twisted.internet.endpoints.connectProtocol.<locals>.OneShotFactory object at 0x7f4c4645b668>
2020-05-24T22:31:11-0300 [stdout#info] sensor_6 
2020-05-24T22:31:11-0300 [stdout#info] sensor_3 
2020-05-24T22:31:11-0300 [stdout#info] sensor_9 
2020-05-24T22:31:11-0300 [stdout#info] sensor_1 
2020-05-24T22:31:11-0300 [stdout#info] sensor_2 
2020-05-24T22:31:11-0300 [stdout#info] sensor_5 
2020-05-24T22:31:11-0300 [stdout#info] sensor_8 
2020-05-24T22:31:11-0300 [stdout#info] sensor_7 
2020-05-24T22:31:11-0300 [stdout#info] sensor_4 
2020-05-24T22:31:14-0300 [stdout#info] sensor_6 
2020-05-24T22:31:14-0300 [stdout#info] sensor_3 
2020-05-24T22:31:14-0300 [stdout#info] sensor_9 
2020-05-24T22:31:14-0300 [stdout#info] sensor_1 
2020-05-24T22:31:14-0300 [stdout#info] sensor_2 
2020-05-24T22:31:14-0300 [stdout#info] sensor_5 
2020-05-24T22:31:14-0300 [stdout#info] sensor_8 
2020-05-24T22:31:14-0300 [stdout#info] sensor_7 
2020-05-24T22:31:14-0300 [stdout#info] sensor_4 
2020-05-24T22:31:14-0300 [-] 127.0.0.1:33294 - sending MQTT PUBLISH REQUEST - Number of events: 28
2020-05-24T22:31:14-0300 [twisted.internet.endpoints.OneShotFactory#info] Starting factory <twisted.internet.endpoints.connectProtocol.<locals>.OneShotFactory object at 0x7f4c4645b898>
2020-05-24T22:31:14-0300 [twisted.internet.endpoints.OneShotFactory#info] Stopping factory <twisted.internet.endpoints.connectProtocol.<locals>.OneShotFactory object at 0x7f4c4645b470>
2020-05-24T22:31:14-0300 [stdout#info] This divice have no simulation core instance
2020-05-24T22:31:14-0300 [twisted.internet.endpoints.OneShotFactory#info] Starting factory <twisted.internet.endpoints.connectProtocol.<locals>.OneShotFactory object at 0x7f4c4645bb38>
2020-05-24T22:31:14-0300 [-] Received SIGINT, shutting down.
2020-05-24T22:31:14-0300 [twisted.internet.endpoints.OneShotFactory#info] Stopping factory <twisted.internet.endpoints.connectProtocol.<locals>.OneShotFactory object at 0x7f4c4645bb38>
2020-05-24T22:31:14-0300 [twisted.internet.endpoints.OneShotFactory#info] Stopping factory <twisted.internet.endpoints.connectProtocol.<locals>.OneShotFactory object at 0x7f4c4649a748>
2020-05-24T22:31:14-0300 [twisted.internet.endpoints.OneShotFactory#info] Stopping factory <twisted.internet.endpoints.connectProtocol.<locals>.OneShotFactory object at 0x7f4c455e82b0>
2020-05-24T22:31:14-0300 [applications.mqttapp.BrokerFactory] (TCP Port 5100 Closed)
2020-05-24T22:31:14-0300 [twisted.internet.endpoints.OneShotFactory#info] Stopping factory <twisted.internet.endpoints.connectProtocol.<locals>.OneShotFactory object at 0x7f4c4645b898>
2020-05-24T22:31:14-0300 [twisted.internet.endpoints.OneShotFactory#info] Stopping factory <twisted.internet.endpoints.connectProtocol.<locals>.OneShotFactory object at 0x7f4c44ddb0b8>
2020-05-24T22:31:14-0300 [twisted.internet.endpoints.OneShotFactory#info] Stopping factory <twisted.internet.endpoints.connectProtocol.<locals>.OneShotFactory object at 0x7f4c4649acf8>
2020-05-24T22:31:14-0300 [SubscriberApp,client] connection lost: Connection to the other side was lost in a non-clean fashion: Connection lost.
2020-05-24T22:31:14-0300 [SubscriberApp,client] connection lost - Number of events: 29
2020-05-24T22:31:14-0300 [SubscriberApp,client] connection lost: Connection to the other side was lost in a non-clean fashion: Connection lost.
2020-05-24T22:31:14-0300 [SubscriberApp,client] connection lost - Number of events: 30
2020-05-24T22:31:14-0300 [applications.routerapp.RouterFactory] (TCP Port 8081 Closed)
2020-05-24T22:31:14-0300 [applications.accesspointapp.AccessPointFactory] (TCP Port 8082 Closed)
2020-05-24T22:31:14-0300 [PublisherApp,client] connection lost: Connection to the other side was lost in a non-clean fashion: Connection lost.
2020-05-24T22:31:14-0300 [PublisherApp,client] connection lost - Number of events: 31
2020-05-24T22:31:14-0300 [twisted.internet.endpoints.OneShotFactory#info] Stopping factory <twisted.internet.endpoints.connectProtocol.<locals>.OneShotFactory object at 0x7f4c4645b208>
2020-05-24T22:31:14-0300 [twisted.internet.endpoints.OneShotFactory#info] Stopping factory <twisted.internet.endpoints.connectProtocol.<locals>.OneShotFactory object at 0x7f4c4645b668>
2020-05-24T22:31:14-0300 [twisted.internet.endpoints.OneShotFactory#info] Stopping factory <twisted.internet.endpoints.connectProtocol.<locals>.OneShotFactory object at 0x7f4c4649a278>
2020-05-24T22:31:14-0300 [-] Main loop terminated.
