2020-05-15T12:50:57-0300 [-] Creating router ...
2020-05-15T12:50:57-0300 [-] Initializing Router - Number of events: 1
2020-05-15T12:50:58-0300 [-] RouterFactory starting on 8081
2020-05-15T12:50:58-0300 [-] Creating AccessPoint station ...
2020-05-15T12:50:58-0300 [-] Initializing Access Point - Number of events: 2
2020-05-15T12:50:58-0300 [-] AccessPointFactory starting on 8082
2020-05-15T12:50:58-0300 [-] Creating fog node ...
2020-05-15T12:50:58-0300 [-] Initializing Client - Number of events: 3
2020-05-15T12:50:59-0300 [-] Creating fog node ...
2020-05-15T12:50:59-0300 [-] Initializing Client - Number of events: 4
2020-05-15T12:50:59-0300 [-] Creating fog node ...
2020-05-15T12:50:59-0300 [-] Initializing Server - Number of events: 5
2020-05-15T12:51:00-0300 [-] BrokerFactory starting on 5100
2020-05-15T12:51:00-0300 [-] Creating iot node ...
2020-05-15T12:51:00-0300 [-] Initializing Client - Number of events: 6
2020-05-15T12:51:00-0300 [-] Initializing sensor node - Number of events: 7
2020-05-15T12:51:01-0300 [-] Initializing sensor node - Number of events: 8
2020-05-15T12:51:01-0300 [stdout#info] None
2020-05-15T12:51:01-0300 [stdout#info] None
2020-05-15T12:51:01-0300 [stdout#info] None
2020-05-15T12:51:01-0300 [stdout#info] None
2020-05-15T12:51:01-0300 [stdout#info] None
2020-05-15T12:51:01-0300 [stdout#info] None
2020-05-15T12:51:01-0300 [stdout#info] None
2020-05-15T12:51:01-0300 [stdout#info] None
2020-05-15T12:51:01-0300 [stdout#info] None
2020-05-15T12:51:01-0300 [stdout#info] {'10.49 Kwh'}
2020-05-15T12:51:01-0300 [-] Initializing sensor node - Number of events: 9
2020-05-15T12:51:02-0300 [stdout#info] None
2020-05-15T12:51:02-0300 [stdout#info] None
2020-05-15T12:51:02-0300 [stdout#info] None
2020-05-15T12:51:02-0300 [stdout#info] None
2020-05-15T12:51:02-0300 [stdout#info] None
2020-05-15T12:51:02-0300 [stdout#info] None
2020-05-15T12:51:02-0300 [stdout#info] None
2020-05-15T12:51:02-0300 [stdout#info] None
2020-05-15T12:51:02-0300 [stdout#info] None
2020-05-15T12:51:02-0300 [stdout#info] {'19.6 Kwh'}
2020-05-15T12:51:02-0300 [-] Initializing sensor node - Number of events: 10
2020-05-15T12:51:02-0300 [stdout#info] None
2020-05-15T12:51:02-0300 [stdout#info] None
2020-05-15T12:51:02-0300 [stdout#info] None
2020-05-15T12:51:02-0300 [stdout#info] None
2020-05-15T12:51:02-0300 [stdout#info] None
2020-05-15T12:51:02-0300 [stdout#info] None
2020-05-15T12:51:02-0300 [stdout#info] None
2020-05-15T12:51:02-0300 [stdout#info] None
2020-05-15T12:51:02-0300 [stdout#info] None
2020-05-15T12:51:02-0300 [stdout#info] None
2020-05-15T12:51:02-0300 [stdout#info] None
2020-05-15T12:51:02-0300 [stdout#info] None
2020-05-15T12:51:02-0300 [stdout#info] None
2020-05-15T12:51:02-0300 [stdout#info] None
2020-05-15T12:51:02-0300 [stdout#info] None
2020-05-15T12:51:02-0300 [stdout#info] None
2020-05-15T12:51:02-0300 [stdout#info] None
2020-05-15T12:51:02-0300 [stdout#info] None
2020-05-15T12:51:02-0300 [stdout#info] {'8.3 Kwh'}
2020-05-15T12:51:02-0300 [-] Initializing sensor node - Number of events: 11
2020-05-15T12:51:03-0300 [stdout#info] None
2020-05-15T12:51:03-0300 [stdout#info] None
2020-05-15T12:51:03-0300 [stdout#info] None
2020-05-15T12:51:03-0300 [stdout#info] None
2020-05-15T12:51:03-0300 [stdout#info] None
2020-05-15T12:51:03-0300 [stdout#info] None
2020-05-15T12:51:03-0300 [stdout#info] None
2020-05-15T12:51:03-0300 [stdout#info] None
2020-05-15T12:51:03-0300 [stdout#info] None
2020-05-15T12:51:03-0300 [stdout#info] None
2020-05-15T12:51:03-0300 [stdout#info] None
2020-05-15T12:51:03-0300 [stdout#info] None
2020-05-15T12:51:03-0300 [stdout#info] None
2020-05-15T12:51:03-0300 [stdout#info] None
2020-05-15T12:51:03-0300 [stdout#info] None
2020-05-15T12:51:03-0300 [stdout#info] None
2020-05-15T12:51:03-0300 [stdout#info] None
2020-05-15T12:51:03-0300 [stdout#info] None
2020-05-15T12:51:03-0300 [stdout#info] None
2020-05-15T12:51:03-0300 [stdout#info] {'11.6 Kwh'}
2020-05-15T12:51:03-0300 [-] Initializing sensor node - Number of events: 12
2020-05-15T12:51:03-0300 [stdout#info] None
2020-05-15T12:51:03-0300 [stdout#info] None
2020-05-15T12:51:03-0300 [stdout#info] None
2020-05-15T12:51:03-0300 [stdout#info] None
2020-05-15T12:51:03-0300 [stdout#info] None
2020-05-15T12:51:03-0300 [stdout#info] None
2020-05-15T12:51:03-0300 [stdout#info] None
2020-05-15T12:51:03-0300 [stdout#info] None
2020-05-15T12:51:03-0300 [stdout#info] None
2020-05-15T12:51:03-0300 [stdout#info] None
2020-05-15T12:51:03-0300 [stdout#info] None
2020-05-15T12:51:03-0300 [stdout#info] None
2020-05-15T12:51:03-0300 [stdout#info] None
2020-05-15T12:51:03-0300 [stdout#info] None
2020-05-15T12:51:03-0300 [stdout#info] None
2020-05-15T12:51:03-0300 [stdout#info] None
2020-05-15T12:51:03-0300 [stdout#info] None
2020-05-15T12:51:03-0300 [stdout#info] None
2020-05-15T12:51:03-0300 [stdout#info] None
2020-05-15T12:51:03-0300 [stdout#info] None
2020-05-15T12:51:03-0300 [stdout#info] None
2020-05-15T12:51:03-0300 [stdout#info] None
2020-05-15T12:51:03-0300 [stdout#info] None
2020-05-15T12:51:03-0300 [stdout#info] None
2020-05-15T12:51:03-0300 [stdout#info] None
2020-05-15T12:51:03-0300 [stdout#info] None
2020-05-15T12:51:03-0300 [stdout#info] {'11.4 Kwh'}
2020-05-15T12:51:03-0300 [-] Initializing sensor node - Number of events: 13
2020-05-15T12:51:04-0300 [stdout#info] None
2020-05-15T12:51:04-0300 [stdout#info] None
2020-05-15T12:51:04-0300 [stdout#info] None
2020-05-15T12:51:04-0300 [stdout#info] None
2020-05-15T12:51:04-0300 [stdout#info] None
2020-05-15T12:51:04-0300 [stdout#info] None
2020-05-15T12:51:04-0300 [stdout#info] None
2020-05-15T12:51:04-0300 [stdout#info] None
2020-05-15T12:51:04-0300 [stdout#info] None
2020-05-15T12:51:04-0300 [stdout#info] None
2020-05-15T12:51:04-0300 [stdout#info] None
2020-05-15T12:51:04-0300 [stdout#info] None
2020-05-15T12:51:04-0300 [stdout#info] None
2020-05-15T12:51:04-0300 [stdout#info] None
2020-05-15T12:51:04-0300 [stdout#info] None
2020-05-15T12:51:04-0300 [stdout#info] None
2020-05-15T12:51:04-0300 [stdout#info] None
2020-05-15T12:51:04-0300 [stdout#info] None
2020-05-15T12:51:04-0300 [stdout#info] None
2020-05-15T12:51:04-0300 [stdout#info] {'10.58 Kwh'}
2020-05-15T12:51:04-0300 [-] Initializing sensor node - Number of events: 14
2020-05-15T12:51:04-0300 [stdout#info] None
2020-05-15T12:51:04-0300 [stdout#info] None
2020-05-15T12:51:04-0300 [stdout#info] None
2020-05-15T12:51:04-0300 [stdout#info] None
2020-05-15T12:51:04-0300 [stdout#info] None
2020-05-15T12:51:04-0300 [stdout#info] None
2020-05-15T12:51:04-0300 [stdout#info] None
2020-05-15T12:51:04-0300 [stdout#info] None
2020-05-15T12:51:04-0300 [stdout#info] None
2020-05-15T12:51:04-0300 [stdout#info] None
2020-05-15T12:51:04-0300 [stdout#info] None
2020-05-15T12:51:04-0300 [stdout#info] None
2020-05-15T12:51:04-0300 [stdout#info] None
2020-05-15T12:51:04-0300 [stdout#info] None
2020-05-15T12:51:04-0300 [stdout#info] None
2020-05-15T12:51:04-0300 [stdout#info] {'5.65 Kwh'}
2020-05-15T12:51:04-0300 [-] Initializing sensor node - Number of events: 15
2020-05-15T12:51:05-0300 [stdout#info] None
2020-05-15T12:51:05-0300 [stdout#info] None
2020-05-15T12:51:05-0300 [stdout#info] None
2020-05-15T12:51:05-0300 [stdout#info] None
2020-05-15T12:51:05-0300 [stdout#info] None
2020-05-15T12:51:05-0300 [stdout#info] None
2020-05-15T12:51:05-0300 [stdout#info] None
2020-05-15T12:51:05-0300 [stdout#info] None
2020-05-15T12:51:05-0300 [stdout#info] None
2020-05-15T12:51:05-0300 [stdout#info] None
2020-05-15T12:51:05-0300 [stdout#info] None
2020-05-15T12:51:05-0300 [stdout#info] None
2020-05-15T12:51:05-0300 [stdout#info] None
2020-05-15T12:51:05-0300 [stdout#info] None
2020-05-15T12:51:05-0300 [stdout#info] None
2020-05-15T12:51:05-0300 [stdout#info] None
2020-05-15T12:51:05-0300 [stdout#info] None
2020-05-15T12:51:05-0300 [stdout#info] None
2020-05-15T12:51:05-0300 [stdout#info] None
2020-05-15T12:51:05-0300 [stdout#info] None
2020-05-15T12:51:05-0300 [stdout#info] None
2020-05-15T12:51:05-0300 [stdout#info] None
2020-05-15T12:51:05-0300 [stdout#info] None
2020-05-15T12:51:05-0300 [stdout#info] None
2020-05-15T12:51:05-0300 [stdout#info] None
2020-05-15T12:51:05-0300 [stdout#info] None
2020-05-15T12:51:05-0300 [stdout#info] None
2020-05-15T12:51:05-0300 [stdout#info] None
2020-05-15T12:51:05-0300 [stdout#info] None
2020-05-15T12:51:05-0300 [stdout#info] {'13.52 Kwh'}
2020-05-15T12:51:05-0300 [-] Initializing sensor node - Number of events: 16
2020-05-15T12:51:05-0300 [stdout#info] None
2020-05-15T12:51:05-0300 [stdout#info] None
2020-05-15T12:51:05-0300 [stdout#info] None
2020-05-15T12:51:05-0300 [stdout#info] None
2020-05-15T12:51:05-0300 [stdout#info] None
2020-05-15T12:51:05-0300 [stdout#info] None
2020-05-15T12:51:05-0300 [stdout#info] None
2020-05-15T12:51:05-0300 [stdout#info] None
2020-05-15T12:51:05-0300 [stdout#info] None
2020-05-15T12:51:05-0300 [stdout#info] None
2020-05-15T12:51:05-0300 [stdout#info] None
2020-05-15T12:51:05-0300 [stdout#info] None
2020-05-15T12:51:05-0300 [stdout#info] None
2020-05-15T12:51:05-0300 [stdout#info] None
2020-05-15T12:51:05-0300 [stdout#info] None
2020-05-15T12:51:05-0300 [stdout#info] None
2020-05-15T12:51:05-0300 [stdout#info] None
2020-05-15T12:51:05-0300 [stdout#info] None
2020-05-15T12:51:05-0300 [stdout#info] None
2020-05-15T12:51:05-0300 [stdout#info] None
2020-05-15T12:51:05-0300 [stdout#info] None
2020-05-15T12:51:05-0300 [stdout#info] None
2020-05-15T12:51:05-0300 [stdout#info] {'20.6 Kwh'}
2020-05-15T12:51:05-0300 [stdout#info] <scinetsim.standarddevice.WSNSensorNode object at 0x7fa71b2f8c18>
2020-05-15T12:51:05-0300 [stdout#info] <scinetsim.standarddevice.WSNSensorNode object at 0x7fa71b2fee48>
2020-05-15T12:51:05-0300 [stdout#info] <scinetsim.standarddevice.WSNSensorNode object at 0x7fa71b2fea90>
2020-05-15T12:51:05-0300 [stdout#info] <scinetsim.standarddevice.WSNSensorNode object at 0x7fa71b2f88d0>
2020-05-15T12:51:05-0300 [stdout#info] <scinetsim.standarddevice.WSNSinkNode object at 0x7fa71b2efcf8>
2020-05-15T12:51:05-0300 [stdout#info] <scinetsim.standarddevice.WSNSensorNode object at 0x7fa71b2f8550>
2020-05-15T12:51:05-0300 [stdout#info] <scinetsim.standarddevice.WSNSensorNode object at 0x7fa71b2efd68>
2020-05-15T12:51:05-0300 [stdout#info] <scinetsim.standarddevice.WSNSensorNode object at 0x7fa71b2fe780>
2020-05-15T12:51:05-0300 [stdout#info] <scinetsim.standarddevice.WSNSensorNode object at 0x7fa71b2fe3c8>
2020-05-15T12:51:05-0300 [stdout#info] <scinetsim.standarddevice.WSNSensorNode object at 0x7fa71b2f8fd0>
2020-05-15T12:51:05-0300 [stdout#info] {'21.92 Kwh'}
2020-05-15T12:51:05-0300 [stdout#info] {'10.81 Kwh'}
2020-05-15T12:51:05-0300 [stdout#info] {'12.98 Kwh'}
2020-05-15T12:51:05-0300 [stdout#info] This divice have no simulation core instance
2020-05-15T12:51:05-0300 [stdout#info] This divice have no simulation core instance
2020-05-15T12:51:05-0300 [stdout#info] This divice have no simulation core instance
2020-05-15T12:51:05-0300 [stdout#info] This divice have no simulation core instance
2020-05-15T12:51:05-0300 [stdout#info] This divice have no simulation core instance
2020-05-15T12:51:05-0300 [Uninitialized] 127.0.0.1:33748 - Connected to mqtt broker - Number of events: 17
2020-05-15T12:51:05-0300 [Uninitialized] 127.0.0.1:33748 - sending MQTT SUBSCRIBE REQUEST - Number of events: 18
2020-05-15T12:51:05-0300 [Uninitialized] 127.0.0.1:33750 - Connected to mqtt broker - Number of events: 19
2020-05-15T12:51:05-0300 [Uninitialized] 127.0.0.1:33750 - sending MQTT SUBSCRIBE REQUEST - Number of events: 20
2020-05-15T12:51:05-0300 [Uninitialized] 127.0.0.1:50074 - Connected to mqtt broker - Number of events: 21
2020-05-15T12:51:05-0300 [Uninitialized] 127.0.0.1:50074 - sending MQTT PUBLISH REQUEST - Number of events: 22
2020-05-15T12:51:05-0300 [twisted.internet.endpoints.OneShotFactory#info] Starting factory <twisted.internet.endpoints.connectProtocol.<locals>.OneShotFactory object at 0x7fa71b30a588>
2020-05-15T12:51:05-0300 [twisted.internet.endpoints.OneShotFactory#info] Starting factory <twisted.internet.endpoints.connectProtocol.<locals>.OneShotFactory object at 0x7fa71b30a780>
2020-05-15T12:51:05-0300 [twisted.internet.endpoints.OneShotFactory#info] Starting factory <twisted.internet.endpoints.connectProtocol.<locals>.OneShotFactory object at 0x7fa71b30a9e8>
2020-05-15T12:51:05-0300 [stdout#info] This divice have no simulation core instance
2020-05-15T12:51:05-0300 [twisted.internet.endpoints.OneShotFactory#info] Starting factory <twisted.internet.endpoints.connectProtocol.<locals>.OneShotFactory object at 0x7fa71b31b390>
2020-05-15T12:51:06-0300 [stdout#info] {'6.39 Kwh'}
2020-05-15T12:51:06-0300 [stdout#info] {'4.95 Kwh'}
2020-05-15T12:51:07-0300 [stdout#info] {'18.84 Kwh'}
2020-05-15T12:51:07-0300 [stdout#info] {'18.47 Kwh'}
2020-05-15T12:51:08-0300 [stdout#info] {'10.6 Kwh'}
2020-05-15T12:51:08-0300 [stdout#info] {'12.22 Kwh'}
2020-05-15T12:51:08-0300 [stdout#info] {'5.38 Kwh'}
2020-05-15T12:51:08-0300 [stdout#info] {'7.55 Kwh'}
2020-05-15T12:51:08-0300 [stdout#info] {'15.52 Kwh'}
2020-05-15T12:51:09-0300 [stdout#info] {'8.26 Kwh'}
2020-05-15T12:51:09-0300 [stdout#info] {'14.33 Kwh'}
2020-05-15T12:51:10-0300 [stdout#info] {'20.83 Kwh'}
2020-05-15T12:51:10-0300 [stdout#info] {'12.49 Kwh'}
2020-05-15T12:51:10-0300 [-] 127.0.0.1:50074 - sending MQTT PUBLISH REQUEST - Number of events: 23
2020-05-15T12:51:10-0300 [twisted.internet.endpoints.OneShotFactory#info] Starting factory <twisted.internet.endpoints.connectProtocol.<locals>.OneShotFactory object at 0x7fa71b31b240>
2020-05-15T12:51:10-0300 [twisted.internet.endpoints.OneShotFactory#info] Stopping factory <twisted.internet.endpoints.connectProtocol.<locals>.OneShotFactory object at 0x7fa71b30a9e8>
2020-05-15T12:51:10-0300 [stdout#info] This divice have no simulation core instance
2020-05-15T12:51:10-0300 [twisted.internet.endpoints.OneShotFactory#info] Starting factory <twisted.internet.endpoints.connectProtocol.<locals>.OneShotFactory object at 0x7fa71b31b9b0>
2020-05-15T12:51:10-0300 [twisted.internet.endpoints.OneShotFactory#info] Stopping factory <twisted.internet.endpoints.connectProtocol.<locals>.OneShotFactory object at 0x7fa71b31b390>
2020-05-15T12:51:11-0300 [stdout#info] {'18.62 Kwh'}
2020-05-15T12:51:11-0300 [stdout#info] {'20.37 Kwh'}
2020-05-15T12:51:11-0300 [stdout#info] {'3.31 Kwh'}
2020-05-15T12:51:11-0300 [stdout#info] {'22.5 Kwh'}
2020-05-15T12:51:11-0300 [stdout#info] {'17.42 Kwh'}
2020-05-15T12:51:12-0300 [stdout#info] {'18.98 Kwh'}
2020-05-15T12:51:12-0300 [stdout#info] {'4.23 Kwh'}
2020-05-15T12:51:13-0300 [stdout#info] {'8.94 Kwh'}
2020-05-15T12:51:13-0300 [stdout#info] {'17.95 Kwh'}
2020-05-15T12:51:14-0300 [stdout#info] {'15.32 Kwh'}
2020-05-15T12:51:14-0300 [stdout#info] {'14.68 Kwh'}
2020-05-15T12:51:14-0300 [stdout#info] {'22.06 Kwh'}
2020-05-15T12:51:14-0300 [stdout#info] {'7.08 Kwh'}
2020-05-15T12:51:14-0300 [stdout#info] {'15.45 Kwh'}
2020-05-15T12:51:15-0300 [stdout#info] {'11.68 Kwh'}
2020-05-15T12:51:15-0300 [stdout#info] {'3.83 Kwh'}
2020-05-15T12:51:15-0300 [-] 127.0.0.1:50074 - sending MQTT PUBLISH REQUEST - Number of events: 24
2020-05-15T12:51:15-0300 [twisted.internet.endpoints.OneShotFactory#info] Starting factory <twisted.internet.endpoints.connectProtocol.<locals>.OneShotFactory object at 0x7fa71b31bc18>
2020-05-15T12:51:15-0300 [twisted.internet.endpoints.OneShotFactory#info] Stopping factory <twisted.internet.endpoints.connectProtocol.<locals>.OneShotFactory object at 0x7fa71b31b240>
2020-05-15T12:51:15-0300 [stdout#info] This divice have no simulation core instance
2020-05-15T12:51:15-0300 [twisted.internet.endpoints.OneShotFactory#info] Starting factory <twisted.internet.endpoints.connectProtocol.<locals>.OneShotFactory object at 0x7fa71b31be80>
2020-05-15T12:51:16-0300 [stdout#info] {'20.1 Kwh'}
2020-05-15T12:51:16-0300 [stdout#info] {'20.45 Kwh'}
2020-05-15T12:51:17-0300 [stdout#info] {'6.9 Kwh'}
2020-05-15T12:51:17-0300 [stdout#info] {'5.19 Kwh'}
2020-05-15T12:51:17-0300 [stdout#info] {'9.26 Kwh'}
2020-05-15T12:51:17-0300 [stdout#info] {'7.45 Kwh'}
2020-05-15T12:51:17-0300 [stdout#info] {'13.96 Kwh'}
2020-05-15T12:51:18-0300 [stdout#info] {'17.13 Kwh'}
2020-05-15T12:51:18-0300 [stdout#info] {'10.08 Kwh'}
2020-05-15T12:51:19-0300 [stdout#info] {'19.54 Kwh'}
2020-05-15T12:51:19-0300 [stdout#info] {'3.17 Kwh'}
2020-05-15T12:51:20-0300 [stdout#info] {'6.06 Kwh'}
2020-05-15T12:51:20-0300 [stdout#info] {'11.56 Kwh'}
2020-05-15T12:51:20-0300 [stdout#info] {'8.08 Kwh'}
2020-05-15T12:51:20-0300 [stdout#info] {'7.86 Kwh'}
2020-05-15T12:51:20-0300 [stdout#info] {'18.38 Kwh'}
2020-05-15T12:51:20-0300 [-] 127.0.0.1:50074 - sending MQTT PUBLISH REQUEST - Number of events: 25
2020-05-15T12:51:20-0300 [twisted.internet.endpoints.OneShotFactory#info] Starting factory <twisted.internet.endpoints.connectProtocol.<locals>.OneShotFactory object at 0x7fa71c9da128>
2020-05-15T12:51:20-0300 [twisted.internet.endpoints.OneShotFactory#info] Stopping factory <twisted.internet.endpoints.connectProtocol.<locals>.OneShotFactory object at 0x7fa71b31bc18>
2020-05-15T12:51:20-0300 [stdout#info] This divice have no simulation core instance
2020-05-15T12:51:20-0300 [twisted.internet.endpoints.OneShotFactory#info] Starting factory <twisted.internet.endpoints.connectProtocol.<locals>.OneShotFactory object at 0x7fa71c9da3c8>
2020-05-15T12:51:21-0300 [stdout#info] {'21.36 Kwh'}
2020-05-15T12:51:21-0300 [stdout#info] {'17.09 Kwh'}
2020-05-15T12:51:22-0300 [stdout#info] {'22.29 Kwh'}
2020-05-15T12:51:22-0300 [stdout#info] {'20.42 Kwh'}
2020-05-15T12:51:23-0300 [stdout#info] {'21.73 Kwh'}
2020-05-15T12:51:23-0300 [stdout#info] {'16.06 Kwh'}
2020-05-15T12:51:23-0300 [stdout#info] {'8.27 Kwh'}
2020-05-15T12:51:23-0300 [stdout#info] {'4.15 Kwh'}
2020-05-15T12:51:23-0300 [stdout#info] {'2.53 Kwh'}
2020-05-15T12:51:24-0300 [stdout#info] {'8.99 Kwh'}
2020-05-15T12:51:24-0300 [stdout#info] {'18.09 Kwh'}
2020-05-15T12:51:25-0300 [stdout#info] {'16.34 Kwh'}
2020-05-15T12:51:25-0300 [stdout#info] {'17.9 Kwh'}
2020-05-15T12:51:25-0300 [-] 127.0.0.1:50074 - sending MQTT PUBLISH REQUEST - Number of events: 26
2020-05-15T12:51:25-0300 [twisted.internet.endpoints.OneShotFactory#info] Starting factory <twisted.internet.endpoints.connectProtocol.<locals>.OneShotFactory object at 0x7fa71c9da668>
2020-05-15T12:51:25-0300 [twisted.internet.endpoints.OneShotFactory#info] Stopping factory <twisted.internet.endpoints.connectProtocol.<locals>.OneShotFactory object at 0x7fa71c9da128>
2020-05-15T12:51:25-0300 [stdout#info] This divice have no simulation core instance
2020-05-15T12:51:25-0300 [twisted.internet.endpoints.OneShotFactory#info] Starting factory <twisted.internet.endpoints.connectProtocol.<locals>.OneShotFactory object at 0x7fa71c9da898>
2020-05-15T12:51:26-0300 [stdout#info] {'13.29 Kwh'}
2020-05-15T12:51:26-0300 [stdout#info] {'17.56 Kwh'}
2020-05-15T12:51:26-0300 [stdout#info] {'22.15 Kwh'}
2020-05-15T12:51:26-0300 [stdout#info] {'2.9 Kwh'}
2020-05-15T12:51:26-0300 [stdout#info] {'15.51 Kwh'}
2020-05-15T12:51:27-0300 [stdout#info] {'22.02 Kwh'}
2020-05-15T12:51:27-0300 [stdout#info] {'21.38 Kwh'}
2020-05-15T12:51:28-0300 [stdout#info] {'7.28 Kwh'}
2020-05-15T12:51:28-0300 [stdout#info] {'4.31 Kwh'}
2020-05-15T12:51:29-0300 [stdout#info] {'6.19 Kwh'}
2020-05-15T12:51:29-0300 [stdout#info] {'6.54 Kwh'}
2020-05-15T12:51:29-0300 [stdout#info] {'4.69 Kwh'}
2020-05-15T12:51:29-0300 [stdout#info] {'9.3 Kwh'}
2020-05-15T12:51:29-0300 [stdout#info] {'4.84 Kwh'}
2020-05-15T12:51:30-0300 [stdout#info] {'3.7 Kwh'}
2020-05-15T12:51:30-0300 [stdout#info] {'13.42 Kwh'}
2020-05-15T12:51:30-0300 [-] 127.0.0.1:50074 - sending MQTT PUBLISH REQUEST - Number of events: 27
2020-05-15T12:51:30-0300 [twisted.internet.endpoints.OneShotFactory#info] Starting factory <twisted.internet.endpoints.connectProtocol.<locals>.OneShotFactory object at 0x7fa71c9da7b8>
2020-05-15T12:51:30-0300 [twisted.internet.endpoints.OneShotFactory#info] Stopping factory <twisted.internet.endpoints.connectProtocol.<locals>.OneShotFactory object at 0x7fa71c9da668>
2020-05-15T12:51:30-0300 [stdout#info] This divice have no simulation core instance
2020-05-15T12:51:30-0300 [twisted.internet.endpoints.OneShotFactory#info] Starting factory <twisted.internet.endpoints.connectProtocol.<locals>.OneShotFactory object at 0x7fa71c9dac50>
2020-05-15T12:51:31-0300 [stdout#info] {'20.06 Kwh'}
2020-05-15T12:51:31-0300 [stdout#info] {'7.99 Kwh'}
2020-05-15T12:51:32-0300 [stdout#info] {'21.17 Kwh'}
2020-05-15T12:51:32-0300 [stdout#info] {'18.22 Kwh'}
2020-05-15T12:51:32-0300 [stdout#info] {'16.31 Kwh'}
2020-05-15T12:51:32-0300 [stdout#info] {'4.25 Kwh'}
2020-05-15T12:51:32-0300 [stdout#info] {'18.29 Kwh'}
2020-05-15T12:51:33-0300 [stdout#info] {'12.26 Kwh'}
2020-05-15T12:51:33-0300 [stdout#info] {'17.4 Kwh'}
2020-05-15T12:51:34-0300 [stdout#info] {'18.66 Kwh'}
2020-05-15T12:51:34-0300 [stdout#info] {'8.95 Kwh'}
2020-05-15T12:51:35-0300 [stdout#info] {'21.79 Kwh'}
2020-05-15T12:51:35-0300 [stdout#info] {'8.69 Kwh'}
2020-05-15T12:51:35-0300 [stdout#info] {'11.73 Kwh'}
2020-05-15T12:51:35-0300 [stdout#info] {'11.07 Kwh'}
2020-05-15T12:51:35-0300 [stdout#info] {'21.52 Kwh'}
2020-05-15T12:51:35-0300 [-] 127.0.0.1:50074 - sending MQTT PUBLISH REQUEST - Number of events: 28
2020-05-15T12:51:35-0300 [twisted.internet.endpoints.OneShotFactory#info] Starting factory <twisted.internet.endpoints.connectProtocol.<locals>.OneShotFactory object at 0x7fa71c9dae48>
2020-05-15T12:51:35-0300 [twisted.internet.endpoints.OneShotFactory#info] Stopping factory <twisted.internet.endpoints.connectProtocol.<locals>.OneShotFactory object at 0x7fa71c9da7b8>
2020-05-15T12:51:35-0300 [stdout#info] This divice have no simulation core instance
2020-05-15T12:51:35-0300 [twisted.internet.endpoints.OneShotFactory#info] Starting factory <twisted.internet.endpoints.connectProtocol.<locals>.OneShotFactory object at 0x7fa71c9fd080>
2020-05-15T12:51:36-0300 [stdout#info] {'16.99 Kwh'}
2020-05-15T12:51:36-0300 [stdout#info] {'16.59 Kwh'}
2020-05-15T12:51:37-0300 [stdout#info] {'12.48 Kwh'}
2020-05-15T12:51:37-0300 [stdout#info] {'16.17 Kwh'}
2020-05-15T12:51:38-0300 [stdout#info] {'11.1 Kwh'}
2020-05-15T12:51:38-0300 [stdout#info] {'16.86 Kwh'}
2020-05-15T12:51:38-0300 [stdout#info] {'6.44 Kwh'}
2020-05-15T12:51:38-0300 [stdout#info] {'2.74 Kwh'}
2020-05-15T12:51:38-0300 [stdout#info] {'8.92 Kwh'}
2020-05-15T12:51:39-0300 [stdout#info] {'4.65 Kwh'}
2020-05-15T12:51:39-0300 [stdout#info] {'17.59 Kwh'}
2020-05-15T12:51:40-0300 [stdout#info] {'4.74 Kwh'}
2020-05-15T12:51:40-0300 [stdout#info] {'10.27 Kwh'}
2020-05-15T12:51:40-0300 [-] 127.0.0.1:50074 - sending MQTT PUBLISH REQUEST - Number of events: 29
2020-05-15T12:51:40-0300 [twisted.internet.endpoints.OneShotFactory#info] Starting factory <twisted.internet.endpoints.connectProtocol.<locals>.OneShotFactory object at 0x7fa71c9fd2e8>
2020-05-15T12:51:40-0300 [twisted.internet.endpoints.OneShotFactory#info] Stopping factory <twisted.internet.endpoints.connectProtocol.<locals>.OneShotFactory object at 0x7fa71c9dae48>
2020-05-15T12:51:40-0300 [stdout#info] This divice have no simulation core instance
2020-05-15T12:51:40-0300 [twisted.internet.endpoints.OneShotFactory#info] Starting factory <twisted.internet.endpoints.connectProtocol.<locals>.OneShotFactory object at 0x7fa71c9fd4e0>
2020-05-15T12:51:41-0300 [stdout#info] {'5.72 Kwh'}
2020-05-15T12:51:41-0300 [stdout#info] {'12.22 Kwh'}
2020-05-15T12:51:41-0300 [stdout#info] {'4.1 Kwh'}
2020-05-15T12:51:41-0300 [stdout#info] {'4.73 Kwh'}
2020-05-15T12:51:41-0300 [stdout#info] {'4.78 Kwh'}
2020-05-15T12:51:42-0300 [stdout#info] {'21.4 Kwh'}
2020-05-15T12:51:42-0300 [stdout#info] {'4.76 Kwh'}
2020-05-15T12:51:43-0300 [stdout#info] {'10.98 Kwh'}
2020-05-15T12:51:43-0300 [stdout#info] {'11.77 Kwh'}
2020-05-15T12:51:44-0300 [stdout#info] {'11.64 Kwh'}
2020-05-15T12:51:44-0300 [stdout#info] {'12.84 Kwh'}
2020-05-15T12:51:44-0300 [stdout#info] {'8.36 Kwh'}
2020-05-15T12:51:44-0300 [stdout#info] {'13.48 Kwh'}
2020-05-15T12:51:44-0300 [stdout#info] {'15.12 Kwh'}
2020-05-15T12:51:45-0300 [stdout#info] {'5.38 Kwh'}
2020-05-15T12:51:45-0300 [stdout#info] {'15.04 Kwh'}
2020-05-15T12:51:45-0300 [-] 127.0.0.1:50074 - sending MQTT PUBLISH REQUEST - Number of events: 30
2020-05-15T12:51:45-0300 [twisted.internet.endpoints.OneShotFactory#info] Starting factory <twisted.internet.endpoints.connectProtocol.<locals>.OneShotFactory object at 0x7fa71c9fd668>
2020-05-15T12:51:45-0300 [twisted.internet.endpoints.OneShotFactory#info] Stopping factory <twisted.internet.endpoints.connectProtocol.<locals>.OneShotFactory object at 0x7fa71c9fd2e8>
2020-05-15T12:51:45-0300 [stdout#info] This divice have no simulation core instance
2020-05-15T12:51:45-0300 [twisted.internet.endpoints.OneShotFactory#info] Starting factory <twisted.internet.endpoints.connectProtocol.<locals>.OneShotFactory object at 0x7fa71c9fd940>
2020-05-15T12:51:46-0300 [stdout#info] {'10.51 Kwh'}
2020-05-15T12:51:46-0300 [stdout#info] {'2.51 Kwh'}
2020-05-15T12:51:47-0300 [stdout#info] {'18.6 Kwh'}
2020-05-15T12:51:47-0300 [stdout#info] {'19.33 Kwh'}
2020-05-15T12:51:47-0300 [stdout#info] {'3.22 Kwh'}
2020-05-15T12:51:47-0300 [stdout#info] {'21.16 Kwh'}
2020-05-15T12:51:47-0300 [stdout#info] {'21.9 Kwh'}
2020-05-15T12:51:48-0300 [stdout#info] {'21.54 Kwh'}
2020-05-15T12:51:48-0300 [stdout#info] {'5.3 Kwh'}
2020-05-15T12:51:49-0300 [stdout#info] {'17.98 Kwh'}
2020-05-15T12:51:49-0300 [stdout#info] {'5.59 Kwh'}
2020-05-15T12:51:50-0300 [stdout#info] {'8.16 Kwh'}
2020-05-15T12:51:50-0300 [stdout#info] {'15.38 Kwh'}
2020-05-15T12:51:50-0300 [stdout#info] {'13.45 Kwh'}
2020-05-15T12:51:50-0300 [stdout#info] {'19.58 Kwh'}
2020-05-15T12:51:50-0300 [stdout#info] {'6.01 Kwh'}
2020-05-15T12:51:50-0300 [-] 127.0.0.1:50074 - sending MQTT PUBLISH REQUEST - Number of events: 31
2020-05-15T12:51:50-0300 [twisted.internet.endpoints.OneShotFactory#info] Starting factory <twisted.internet.endpoints.connectProtocol.<locals>.OneShotFactory object at 0x7fa71c9fdb00>
2020-05-15T12:51:50-0300 [twisted.internet.endpoints.OneShotFactory#info] Stopping factory <twisted.internet.endpoints.connectProtocol.<locals>.OneShotFactory object at 0x7fa71c9fd668>
2020-05-15T12:51:50-0300 [stdout#info] This divice have no simulation core instance
2020-05-15T12:51:50-0300 [twisted.internet.endpoints.OneShotFactory#info] Starting factory <twisted.internet.endpoints.connectProtocol.<locals>.OneShotFactory object at 0x7fa71c9fdda0>
2020-05-15T12:51:51-0300 [stdout#info] {'7.81 Kwh'}
2020-05-15T12:51:51-0300 [stdout#info] {'14.07 Kwh'}
2020-05-15T12:51:52-0300 [stdout#info] {'12.92 Kwh'}
2020-05-15T12:51:52-0300 [stdout#info] {'10.82 Kwh'}
2020-05-15T12:51:53-0300 [stdout#info] {'21.93 Kwh'}
2020-05-15T12:51:53-0300 [stdout#info] {'19.45 Kwh'}
2020-05-15T12:51:53-0300 [stdout#info] {'17.58 Kwh'}
2020-05-15T12:51:53-0300 [stdout#info] {'8.92 Kwh'}
2020-05-15T12:51:53-0300 [stdout#info] {'11.31 Kwh'}
2020-05-15T12:51:54-0300 [stdout#info] {'5.75 Kwh'}
2020-05-15T12:51:54-0300 [stdout#info] {'20.11 Kwh'}
2020-05-15T12:51:55-0300 [stdout#info] {'18.33 Kwh'}
2020-05-15T12:51:55-0300 [stdout#info] {'7.29 Kwh'}
2020-05-15T12:51:55-0300 [-] 127.0.0.1:50074 - sending MQTT PUBLISH REQUEST - Number of events: 32
2020-05-15T12:51:55-0300 [twisted.internet.endpoints.OneShotFactory#info] Starting factory <twisted.internet.endpoints.connectProtocol.<locals>.OneShotFactory object at 0x7fa71c9fdf28>
2020-05-15T12:51:55-0300 [twisted.internet.endpoints.OneShotFactory#info] Stopping factory <twisted.internet.endpoints.connectProtocol.<locals>.OneShotFactory object at 0x7fa71c9fdb00>
2020-05-15T12:51:55-0300 [stdout#info] This divice have no simulation core instance
2020-05-15T12:51:55-0300 [twisted.internet.endpoints.OneShotFactory#info] Starting factory <twisted.internet.endpoints.connectProtocol.<locals>.OneShotFactory object at 0x7fa71c9a0240>
2020-05-15T12:51:56-0300 [stdout#info] {'5.3 Kwh'}
2020-05-15T12:51:56-0300 [stdout#info] {'20.49 Kwh'}
2020-05-15T12:51:56-0300 [stdout#info] {'5.29 Kwh'}
2020-05-15T12:51:56-0300 [stdout#info] {'18.03 Kwh'}
2020-05-15T12:51:56-0300 [stdout#info] {'15.13 Kwh'}
2020-05-15T12:51:57-0300 [stdout#info] {'19.7 Kwh'}
2020-05-15T12:51:57-0300 [stdout#info] {'20.44 Kwh'}
2020-05-15T12:51:58-0300 [stdout#info] {'16.13 Kwh'}
2020-05-15T12:51:58-0300 [stdout#info] {'18.02 Kwh'}
2020-05-15T12:51:59-0300 [stdout#info] {'7.04 Kwh'}
2020-05-15T12:51:59-0300 [stdout#info] {'18.7 Kwh'}
2020-05-15T12:51:59-0300 [stdout#info] {'4.01 Kwh'}
2020-05-15T12:51:59-0300 [stdout#info] {'4.63 Kwh'}
2020-05-15T12:51:59-0300 [stdout#info] {'16.29 Kwh'}
2020-05-15T12:52:00-0300 [stdout#info] {'11.18 Kwh'}
2020-05-15T12:52:00-0300 [stdout#info] {'9.36 Kwh'}
2020-05-15T12:52:00-0300 [-] 127.0.0.1:50074 - sending MQTT PUBLISH REQUEST - Number of events: 33
2020-05-15T12:52:00-0300 [twisted.internet.endpoints.OneShotFactory#info] Starting factory <twisted.internet.endpoints.connectProtocol.<locals>.OneShotFactory object at 0x7fa71c9a03c8>
2020-05-15T12:52:00-0300 [twisted.internet.endpoints.OneShotFactory#info] Stopping factory <twisted.internet.endpoints.connectProtocol.<locals>.OneShotFactory object at 0x7fa71c9fdf28>
2020-05-15T12:52:00-0300 [stdout#info] This divice have no simulation core instance
2020-05-15T12:52:00-0300 [twisted.internet.endpoints.OneShotFactory#info] Starting factory <twisted.internet.endpoints.connectProtocol.<locals>.OneShotFactory object at 0x7fa71c9a06a0>
2020-05-15T12:52:01-0300 [stdout#info] {'14.89 Kwh'}
2020-05-15T12:52:01-0300 [stdout#info] {'3.38 Kwh'}
2020-05-15T12:52:02-0300 [stdout#info] {'9.75 Kwh'}
2020-05-15T12:52:02-0300 [stdout#info] {'21.34 Kwh'}
2020-05-15T12:52:02-0300 [stdout#info] {'7.93 Kwh'}
2020-05-15T12:52:02-0300 [stdout#info] {'13.08 Kwh'}
2020-05-15T12:52:02-0300 [stdout#info] {'21.33 Kwh'}
2020-05-15T12:52:03-0300 [stdout#info] {'18.85 Kwh'}
2020-05-15T12:52:03-0300 [stdout#info] {'9.74 Kwh'}
2020-05-15T12:52:04-0300 [stdout#info] {'11.99 Kwh'}
2020-05-15T12:52:04-0300 [stdout#info] {'8.29 Kwh'}
2020-05-15T12:52:05-0300 [stdout#info] {'7.28 Kwh'}
2020-05-15T12:52:05-0300 [stdout#info] {'17.11 Kwh'}
2020-05-15T12:52:05-0300 [-] 127.0.0.1:50074 - sending MQTT PUBLISH REQUEST - Number of events: 34
2020-05-15T12:52:05-0300 [twisted.internet.endpoints.OneShotFactory#info] Starting factory <twisted.internet.endpoints.connectProtocol.<locals>.OneShotFactory object at 0x7fa71c9a0828>
2020-05-15T12:52:05-0300 [twisted.internet.endpoints.OneShotFactory#info] Stopping factory <twisted.internet.endpoints.connectProtocol.<locals>.OneShotFactory object at 0x7fa71c9a03c8>
2020-05-15T12:52:05-0300 [stdout#info] This divice have no simulation core instance
2020-05-15T12:52:05-0300 [stdout#info] {'19.6 Kwh'}
2020-05-15T12:52:05-0300 [twisted.internet.endpoints.OneShotFactory#info] Starting factory <twisted.internet.endpoints.connectProtocol.<locals>.OneShotFactory object at 0x7fa71c9a0b00>
2020-05-15T12:52:05-0300 [stdout#info] {'3.65 Kwh'}
2020-05-15T12:52:05-0300 [stdout#info] {'10.96 Kwh'}
2020-05-15T12:52:06-0300 [stdout#info] {'4.37 Kwh'}
2020-05-15T12:52:06-0300 [stdout#info] {'3.27 Kwh'}
2020-05-15T12:52:07-0300 [stdout#info] {'2.86 Kwh'}
2020-05-15T12:52:07-0300 [stdout#info] {'16.41 Kwh'}
2020-05-15T12:52:08-0300 [stdout#info] {'16.35 Kwh'}
2020-05-15T12:52:08-0300 [stdout#info] {'5.83 Kwh'}
2020-05-15T12:52:08-0300 [stdout#info] {'15.38 Kwh'}
2020-05-15T12:52:08-0300 [stdout#info] {'5.09 Kwh'}
2020-05-15T12:52:08-0300 [stdout#info] {'20.69 Kwh'}
2020-05-15T12:52:09-0300 [stdout#info] {'5.76 Kwh'}
2020-05-15T12:52:09-0300 [stdout#info] {'12.98 Kwh'}
2020-05-15T12:52:10-0300 [stdout#info] {'22.31 Kwh'}
2020-05-15T12:52:10-0300 [stdout#info] {'21.61 Kwh'}
2020-05-15T12:52:10-0300 [-] 127.0.0.1:50074 - sending MQTT PUBLISH REQUEST - Number of events: 35
2020-05-15T12:52:10-0300 [twisted.internet.endpoints.OneShotFactory#info] Starting factory <twisted.internet.endpoints.connectProtocol.<locals>.OneShotFactory object at 0x7fa71c9a0c88>
2020-05-15T12:52:10-0300 [twisted.internet.endpoints.OneShotFactory#info] Stopping factory <twisted.internet.endpoints.connectProtocol.<locals>.OneShotFactory object at 0x7fa71c9a0828>
2020-05-15T12:52:10-0300 [stdout#info] This divice have no simulation core instance
2020-05-15T12:52:10-0300 [twisted.internet.endpoints.OneShotFactory#info] Starting factory <twisted.internet.endpoints.connectProtocol.<locals>.OneShotFactory object at 0x7fa71c9a0f60>
2020-05-15T12:52:11-0300 [stdout#info] {'17.78 Kwh'}
2020-05-15T12:52:11-0300 [stdout#info] {'9.53 Kwh'}
2020-05-15T12:52:11-0300 [stdout#info] {'9.43 Kwh'}
2020-05-15T12:52:11-0300 [stdout#info] {'19.54 Kwh'}
2020-05-15T12:52:11-0300 [stdout#info] {'5.97 Kwh'}
2020-05-15T12:52:12-0300 [stdout#info] {'6.92 Kwh'}
2020-05-15T12:52:12-0300 [stdout#info] {'12.46 Kwh'}
2020-05-15T12:52:13-0300 [stdout#info] {'5.45 Kwh'}
2020-05-15T12:52:13-0300 [stdout#info] {'18.6 Kwh'}
2020-05-15T12:52:14-0300 [stdout#info] {'20.95 Kwh'}
2020-05-15T12:52:14-0300 [stdout#info] {'17.57 Kwh'}
2020-05-15T12:52:14-0300 [stdout#info] {'2.83 Kwh'}
2020-05-15T12:52:14-0300 [stdout#info] {'14.67 Kwh'}
2020-05-15T12:52:14-0300 [stdout#info] {'7.89 Kwh'}
2020-05-15T12:52:15-0300 [stdout#info] {'9.12 Kwh'}
2020-05-15T12:52:15-0300 [stdout#info] {'6.14 Kwh'}
2020-05-15T12:52:15-0300 [-] 127.0.0.1:50074 - sending MQTT PUBLISH REQUEST - Number of events: 36
2020-05-15T12:52:15-0300 [twisted.internet.endpoints.OneShotFactory#info] Starting factory <twisted.internet.endpoints.connectProtocol.<locals>.OneShotFactory object at 0x7fa71c9ba0b8>
2020-05-15T12:52:15-0300 [twisted.internet.endpoints.OneShotFactory#info] Stopping factory <twisted.internet.endpoints.connectProtocol.<locals>.OneShotFactory object at 0x7fa71c9a0c88>
2020-05-15T12:52:15-0300 [stdout#info] This divice have no simulation core instance
2020-05-15T12:52:15-0300 [twisted.internet.endpoints.OneShotFactory#info] Starting factory <twisted.internet.endpoints.connectProtocol.<locals>.OneShotFactory object at 0x7fa71c9ba400>
2020-05-15T12:52:16-0300 [stdout#info] {'9.5 Kwh'}
2020-05-15T12:52:16-0300 [stdout#info] {'9.15 Kwh'}
2020-05-15T12:52:17-0300 [stdout#info] {'14.49 Kwh'}
2020-05-15T12:52:17-0300 [stdout#info] {'7.7 Kwh'}
2020-05-15T12:52:17-0300 [stdout#info] {'16.18 Kwh'}
2020-05-15T12:52:17-0300 [stdout#info] {'12.6 Kwh'}
2020-05-15T12:52:17-0300 [stdout#info] {'11.4 Kwh'}
2020-05-15T12:52:18-0300 [stdout#info] {'19.77 Kwh'}
2020-05-15T12:52:18-0300 [stdout#info] {'14.68 Kwh'}
2020-05-15T12:52:19-0300 [stdout#info] {'14.77 Kwh'}
2020-05-15T12:52:19-0300 [stdout#info] {'7.67 Kwh'}
2020-05-15T12:52:20-0300 [stdout#info] {'5.28 Kwh'}
2020-05-15T12:52:20-0300 [stdout#info] {'12.72 Kwh'}
2020-05-15T12:52:20-0300 [stdout#info] {'3.43 Kwh'}
2020-05-15T12:52:20-0300 [stdout#info] {'15.61 Kwh'}
2020-05-15T12:52:20-0300 [stdout#info] {'20.51 Kwh'}
2020-05-15T12:52:20-0300 [-] 127.0.0.1:50074 - sending MQTT PUBLISH REQUEST - Number of events: 37
2020-05-15T12:52:20-0300 [twisted.internet.endpoints.OneShotFactory#info] Starting factory <twisted.internet.endpoints.connectProtocol.<locals>.OneShotFactory object at 0x7fa71c9ba588>
2020-05-15T12:52:21-0300 [twisted.internet.endpoints.OneShotFactory#info] Stopping factory <twisted.internet.endpoints.connectProtocol.<locals>.OneShotFactory object at 0x7fa71c9ba0b8>
2020-05-15T12:52:21-0300 [stdout#info] This divice have no simulation core instance
2020-05-15T12:52:21-0300 [twisted.internet.endpoints.OneShotFactory#info] Starting factory <twisted.internet.endpoints.connectProtocol.<locals>.OneShotFactory object at 0x7fa71c9ba860>
2020-05-15T12:52:21-0300 [stdout#info] {'7.5 Kwh'}
2020-05-15T12:52:21-0300 [stdout#info] {'12.38 Kwh'}
2020-05-15T12:52:22-0300 [stdout#info] {'12.58 Kwh'}
2020-05-15T12:52:22-0300 [stdout#info] {'5.21 Kwh'}
2020-05-15T12:52:23-0300 [stdout#info] {'18.79 Kwh'}
2020-05-15T12:52:23-0300 [stdout#info] {'9.56 Kwh'}
2020-05-15T12:52:23-0300 [stdout#info] {'11.93 Kwh'}
2020-05-15T12:52:24-0300 [stdout#info] {'14.57 Kwh'}
2020-05-15T12:52:24-0300 [stdout#info] {'4.25 Kwh'}
2020-05-15T12:52:24-0300 [stdout#info] {'22.49 Kwh'}
2020-05-15T12:52:24-0300 [stdout#info] {'9.99 Kwh'}
2020-05-15T12:52:25-0300 [stdout#info] {'14.15 Kwh'}
2020-05-15T12:52:25-0300 [stdout#info] {'9.55 Kwh'}
2020-05-15T12:52:25-0300 [-] 127.0.0.1:50074 - sending MQTT PUBLISH REQUEST - Number of events: 38
2020-05-15T12:52:26-0300 [twisted.internet.endpoints.OneShotFactory#info] Starting factory <twisted.internet.endpoints.connectProtocol.<locals>.OneShotFactory object at 0x7fa71c9ba9e8>
2020-05-15T12:52:26-0300 [twisted.internet.endpoints.OneShotFactory#info] Stopping factory <twisted.internet.endpoints.connectProtocol.<locals>.OneShotFactory object at 0x7fa71c9ba588>
2020-05-15T12:52:26-0300 [stdout#info] This divice have no simulation core instance
2020-05-15T12:52:26-0300 [twisted.internet.endpoints.OneShotFactory#info] Starting factory <twisted.internet.endpoints.connectProtocol.<locals>.OneShotFactory object at 0x7fa71c9bacc0>
2020-05-15T12:52:26-0300 [stdout#info] {'11.22 Kwh'}
2020-05-15T12:52:26-0300 [stdout#info] {'11.25 Kwh'}
2020-05-15T12:52:26-0300 [stdout#info] {'5.3 Kwh'}
2020-05-15T12:52:27-0300 [stdout#info] {'3.98 Kwh'}
2020-05-15T12:52:27-0300 [stdout#info] {'3.82 Kwh'}
2020-05-15T12:52:27-0300 [stdout#info] {'10.41 Kwh'}
2020-05-15T12:52:27-0300 [stdout#info] {'11.68 Kwh'}
2020-05-15T12:52:28-0300 [stdout#info] {'12.77 Kwh'}
2020-05-15T12:52:28-0300 [stdout#info] {'16.11 Kwh'}
2020-05-15T12:52:29-0300 [stdout#info] {'11.57 Kwh'}
2020-05-15T12:52:29-0300 [stdout#info] {'18.04 Kwh'}
2020-05-15T12:52:29-0300 [stdout#info] {'21.18 Kwh'}
2020-05-15T12:52:30-0300 [stdout#info] {'12.92 Kwh'}
2020-05-15T12:52:30-0300 [stdout#info] {'8.45 Kwh'}
2020-05-15T12:52:30-0300 [stdout#info] {'18.62 Kwh'}
2020-05-15T12:52:30-0300 [stdout#info] {'9.01 Kwh'}
2020-05-15T12:52:31-0300 [-] 127.0.0.1:50074 - sending MQTT PUBLISH REQUEST - Number of events: 39
2020-05-15T12:52:31-0300 [twisted.internet.endpoints.OneShotFactory#info] Starting factory <twisted.internet.endpoints.connectProtocol.<locals>.OneShotFactory object at 0x7fa71c9bae48>
2020-05-15T12:52:31-0300 [twisted.internet.endpoints.OneShotFactory#info] Stopping factory <twisted.internet.endpoints.connectProtocol.<locals>.OneShotFactory object at 0x7fa71c9ba9e8>
2020-05-15T12:52:31-0300 [stdout#info] This divice have no simulation core instance
2020-05-15T12:52:31-0300 [twisted.internet.endpoints.OneShotFactory#info] Starting factory <twisted.internet.endpoints.connectProtocol.<locals>.OneShotFactory object at 0x7fa71c949160>
2020-05-15T12:52:31-0300 [stdout#info] {'17.6 Kwh'}
2020-05-15T12:52:31-0300 [stdout#info] {'8.13 Kwh'}
2020-05-15T12:52:32-0300 [stdout#info] {'10.98 Kwh'}
2020-05-15T12:52:32-0300 [stdout#info] {'22.44 Kwh'}
2020-05-15T12:52:32-0300 [stdout#info] {'12.75 Kwh'}
2020-05-15T12:52:33-0300 [stdout#info] {'5.14 Kwh'}
2020-05-15T12:52:33-0300 [stdout#info] {'10.1 Kwh'}
2020-05-15T12:52:33-0300 [stdout#info] {'9.41 Kwh'}
2020-05-15T12:52:33-0300 [stdout#info] {'9.23 Kwh'}
2020-05-15T12:52:34-0300 [stdout#info] {'4.01 Kwh'}
2020-05-15T12:52:34-0300 [stdout#info] {'3.48 Kwh'}
2020-05-15T12:52:35-0300 [stdout#info] {'6.69 Kwh'}
2020-05-15T12:52:35-0300 [stdout#info] {'16.45 Kwh'}
2020-05-15T12:52:35-0300 [stdout#info] {'4.79 Kwh'}
2020-05-15T12:52:36-0300 [-] 127.0.0.1:50074 - sending MQTT PUBLISH REQUEST - Number of events: 40
2020-05-15T12:52:36-0300 [twisted.internet.endpoints.OneShotFactory#info] Starting factory <twisted.internet.endpoints.connectProtocol.<locals>.OneShotFactory object at 0x7fa71c9492e8>
2020-05-15T12:52:36-0300 [twisted.internet.endpoints.OneShotFactory#info] Stopping factory <twisted.internet.endpoints.connectProtocol.<locals>.OneShotFactory object at 0x7fa71c9bae48>
2020-05-15T12:52:36-0300 [stdout#info] This divice have no simulation core instance
2020-05-15T12:52:36-0300 [stdout#info] {'10.42 Kwh'}
2020-05-15T12:52:36-0300 [stdout#info] {'16.84 Kwh'}
2020-05-15T12:52:36-0300 [twisted.internet.endpoints.OneShotFactory#info] Starting factory <twisted.internet.endpoints.connectProtocol.<locals>.OneShotFactory object at 0x7fa71c9495c0>
2020-05-15T12:52:36-0300 [stdout#info] {'10.14 Kwh'}
2020-05-15T12:52:36-0300 [stdout#info] {'11.51 Kwh'}
2020-05-15T12:52:37-0300 [stdout#info] {'16.28 Kwh'}
2020-05-15T12:52:37-0300 [stdout#info] {'5.4 Kwh'}
2020-05-15T12:52:38-0300 [stdout#info] {'2.67 Kwh'}
2020-05-15T12:52:38-0300 [stdout#info] {'15.84 Kwh'}
2020-05-15T12:52:39-0300 [stdout#info] {'3.34 Kwh'}
2020-05-15T12:52:39-0300 [stdout#info] {'15.25 Kwh'}
2020-05-15T12:52:39-0300 [stdout#info] {'11.35 Kwh'}
2020-05-15T12:52:39-0300 [stdout#info] {'9.3 Kwh'}
2020-05-15T12:52:39-0300 [stdout#info] {'18.62 Kwh'}
2020-05-15T12:52:40-0300 [stdout#info] {'5.83 Kwh'}
2020-05-15T12:52:41-0300 [stdout#info] {'16.48 Kwh'}
2020-05-15T12:52:41-0300 [-] 127.0.0.1:50074 - sending MQTT PUBLISH REQUEST - Number of events: 41
2020-05-15T12:52:41-0300 [twisted.internet.endpoints.OneShotFactory#info] Starting factory <twisted.internet.endpoints.connectProtocol.<locals>.OneShotFactory object at 0x7fa71c949748>
2020-05-15T12:52:41-0300 [twisted.internet.endpoints.OneShotFactory#info] Stopping factory <twisted.internet.endpoints.connectProtocol.<locals>.OneShotFactory object at 0x7fa71c9492e8>
2020-05-15T12:52:41-0300 [stdout#info] This divice have no simulation core instance
2020-05-15T12:52:41-0300 [twisted.internet.endpoints.OneShotFactory#info] Starting factory <twisted.internet.endpoints.connectProtocol.<locals>.OneShotFactory object at 0x7fa71c949a20>
2020-05-15T12:52:41-0300 [stdout#info] {'11.2 Kwh'}
2020-05-15T12:52:42-0300 [stdout#info] {'12.25 Kwh'}
2020-05-15T12:52:42-0300 [stdout#info] {'8.97 Kwh'}
2020-05-15T12:52:42-0300 [stdout#info] {'9.73 Kwh'}
2020-05-15T12:52:42-0300 [stdout#info] {'18.0 Kwh'}
2020-05-15T12:52:42-0300 [stdout#info] {'15.47 Kwh'}
2020-05-15T12:52:42-0300 [stdout#info] {'10.77 Kwh'}
2020-05-15T12:52:43-0300 [stdout#info] {'4.83 Kwh'}
2020-05-15T12:52:44-0300 [stdout#info] {'2.54 Kwh'}
2020-05-15T12:52:44-0300 [stdout#info] {'6.48 Kwh'}
2020-05-15T12:52:45-0300 [stdout#info] {'22.05 Kwh'}
2020-05-15T12:52:45-0300 [stdout#info] {'4.35 Kwh'}
2020-05-15T12:52:45-0300 [stdout#info] {'4.71 Kwh'}
2020-05-15T12:52:45-0300 [stdout#info] {'4.6 Kwh'}
2020-05-15T12:52:45-0300 [stdout#info] {'11.92 Kwh'}
2020-05-15T12:52:45-0300 [stdout#info] {'5.24 Kwh'}
2020-05-15T12:52:46-0300 [-] 127.0.0.1:50074 - sending MQTT PUBLISH REQUEST - Number of events: 42
2020-05-15T12:52:46-0300 [twisted.internet.endpoints.OneShotFactory#info] Starting factory <twisted.internet.endpoints.connectProtocol.<locals>.OneShotFactory object at 0x7fa71c949ba8>
2020-05-15T12:52:46-0300 [twisted.internet.endpoints.OneShotFactory#info] Stopping factory <twisted.internet.endpoints.connectProtocol.<locals>.OneShotFactory object at 0x7fa71c949748>
2020-05-15T12:52:46-0300 [stdout#info] This divice have no simulation core instance
2020-05-15T12:52:46-0300 [twisted.internet.endpoints.OneShotFactory#info] Starting factory <twisted.internet.endpoints.connectProtocol.<locals>.OneShotFactory object at 0x7fa71c949e80>
2020-05-15T12:52:46-0300 [stdout#info] {'17.45 Kwh'}
2020-05-15T12:52:47-0300 [stdout#info] {'8.19 Kwh'}
2020-05-15T12:52:47-0300 [stdout#info] {'9.01 Kwh'}
2020-05-15T12:52:48-0300 [stdout#info] {'15.82 Kwh'}
2020-05-15T12:52:48-0300 [stdout#info] {'14.97 Kwh'}
2020-05-15T12:52:48-0300 [stdout#info] {'14.91 Kwh'}
2020-05-15T12:52:48-0300 [stdout#info] {'2.53 Kwh'}
2020-05-15T12:52:48-0300 [stdout#info] {'21.57 Kwh'}
2020-05-15T12:52:48-0300 [stdout#info] {'19.49 Kwh'}
2020-05-15T12:52:49-0300 [stdout#info] {'6.29 Kwh'}
2020-05-15T12:52:50-0300 [stdout#info] {'6.09 Kwh'}
2020-05-15T12:52:50-0300 [stdout#info] {'14.65 Kwh'}
2020-05-15T12:52:51-0300 [stdout#info] {'16.66 Kwh'}
2020-05-15T12:52:51-0300 [stdout#info] {'3.05 Kwh'}
2020-05-15T12:52:51-0300 [-] 127.0.0.1:50074 - sending MQTT PUBLISH REQUEST - Number of events: 43
2020-05-15T12:52:51-0300 [stdout#info] {'10.89 Kwh'}
2020-05-15T12:52:51-0300 [stdout#info] {'21.66 Kwh'}
2020-05-15T12:52:51-0300 [twisted.internet.endpoints.OneShotFactory#info] Starting factory <twisted.internet.endpoints.connectProtocol.<locals>.OneShotFactory object at 0x7fa71c9580b8>
2020-05-15T12:52:51-0300 [twisted.internet.endpoints.OneShotFactory#info] Stopping factory <twisted.internet.endpoints.connectProtocol.<locals>.OneShotFactory object at 0x7fa71c949ba8>
2020-05-15T12:52:51-0300 [stdout#info] This divice have no simulation core instance
2020-05-15T12:52:51-0300 [twisted.internet.endpoints.OneShotFactory#info] Starting factory <twisted.internet.endpoints.connectProtocol.<locals>.OneShotFactory object at 0x7fa71c958320>
2020-05-15T12:52:51-0300 [stdout#info] {'7.66 Kwh'}
2020-05-15T12:52:52-0300 [stdout#info] {'6.12 Kwh'}
2020-05-15T12:52:52-0300 [stdout#info] {'10.41 Kwh'}
2020-05-15T12:52:53-0300 [stdout#info] {'21.83 Kwh'}
2020-05-15T12:52:53-0300 [stdout#info] {'3.08 Kwh'}
2020-05-15T12:52:54-0300 [stdout#info] {'6.28 Kwh'}
2020-05-15T12:52:54-0300 [stdout#info] {'17.71 Kwh'}
2020-05-15T12:52:54-0300 [stdout#info] {'7.91 Kwh'}
2020-05-15T12:52:54-0300 [stdout#info] {'19.43 Kwh'}
2020-05-15T12:52:54-0300 [stdout#info] {'21.59 Kwh'}
2020-05-15T12:52:55-0300 [stdout#info] {'19.43 Kwh'}
2020-05-15T12:52:55-0300 [stdout#info] {'2.57 Kwh'}
2020-05-15T12:52:56-0300 [-] 127.0.0.1:50074 - sending MQTT PUBLISH REQUEST - Number of events: 44
2020-05-15T12:52:56-0300 [stdout#info] {'4.82 Kwh'}
2020-05-15T12:52:56-0300 [twisted.internet.endpoints.OneShotFactory#info] Starting factory <twisted.internet.endpoints.connectProtocol.<locals>.OneShotFactory object at 0x7fa71c9584a8>
2020-05-15T12:52:56-0300 [twisted.internet.endpoints.OneShotFactory#info] Stopping factory <twisted.internet.endpoints.connectProtocol.<locals>.OneShotFactory object at 0x7fa71c9580b8>
2020-05-15T12:52:56-0300 [stdout#info] This divice have no simulation core instance
2020-05-15T12:52:56-0300 [twisted.internet.endpoints.OneShotFactory#info] Starting factory <twisted.internet.endpoints.connectProtocol.<locals>.OneShotFactory object at 0x7fa71c958780>
2020-05-15T12:52:56-0300 [stdout#info] {'21.61 Kwh'}
2020-05-15T12:52:57-0300 [stdout#info] {'7.95 Kwh'}
2020-05-15T12:52:57-0300 [stdout#info] {'18.26 Kwh'}
2020-05-15T12:52:57-0300 [stdout#info] {'7.64 Kwh'}
2020-05-15T12:52:57-0300 [stdout#info] {'5.5 Kwh'}
2020-05-15T12:52:57-0300 [stdout#info] {'9.97 Kwh'}
2020-05-15T12:52:58-0300 [stdout#info] {'3.88 Kwh'}
2020-05-15T12:52:58-0300 [stdout#info] {'8.36 Kwh'}
2020-05-15T12:52:59-0300 [stdout#info] {'14.49 Kwh'}
2020-05-15T12:52:59-0300 [stdout#info] {'8.81 Kwh'}
2020-05-15T12:53:00-0300 [stdout#info] {'14.01 Kwh'}
2020-05-15T12:53:00-0300 [stdout#info] {'6.06 Kwh'}
2020-05-15T12:53:00-0300 [stdout#info] {'3.99 Kwh'}
2020-05-15T12:53:00-0300 [stdout#info] {'21.67 Kwh'}
2020-05-15T12:53:00-0300 [stdout#info] {'8.2 Kwh'}
2020-05-15T12:53:01-0300 [stdout#info] {'8.76 Kwh'}
2020-05-15T12:53:01-0300 [-] 127.0.0.1:50074 - sending MQTT PUBLISH REQUEST - Number of events: 45
2020-05-15T12:53:01-0300 [twisted.internet.endpoints.OneShotFactory#info] Starting factory <twisted.internet.endpoints.connectProtocol.<locals>.OneShotFactory object at 0x7fa71c958908>
2020-05-15T12:53:01-0300 [twisted.internet.endpoints.OneShotFactory#info] Stopping factory <twisted.internet.endpoints.connectProtocol.<locals>.OneShotFactory object at 0x7fa71c9584a8>
2020-05-15T12:53:01-0300 [stdout#info] This divice have no simulation core instance
2020-05-15T12:53:01-0300 [twisted.internet.endpoints.OneShotFactory#info] Starting factory <twisted.internet.endpoints.connectProtocol.<locals>.OneShotFactory object at 0x7fa71c958be0>
2020-05-15T12:53:01-0300 [stdout#info] {'20.47 Kwh'}
2020-05-15T12:53:02-0300 [stdout#info] {'19.66 Kwh'}
2020-05-15T12:53:02-0300 [stdout#info] {'10.22 Kwh'}
2020-05-15T12:53:03-0300 [stdout#info] {'11.49 Kwh'}
2020-05-15T12:53:03-0300 [stdout#info] {'12.92 Kwh'}
2020-05-15T12:53:03-0300 [stdout#info] {'3.6 Kwh'}
2020-05-15T12:53:03-0300 [stdout#info] {'8.75 Kwh'}
2020-05-15T12:53:03-0300 [stdout#info] {'18.8 Kwh'}
2020-05-15T12:53:04-0300 [stdout#info] {'7.87 Kwh'}
2020-05-15T12:53:04-0300 [stdout#info] {'3.61 Kwh'}
2020-05-15T12:53:05-0300 [stdout#info] {'7.21 Kwh'}
2020-05-15T12:53:05-0300 [stdout#info] {'10.16 Kwh'}
2020-05-15T12:53:06-0300 [stdout#info] {'9.82 Kwh'}
2020-05-15T12:53:06-0300 [stdout#info] {'8.48 Kwh'}
2020-05-15T12:53:06-0300 [-] 127.0.0.1:50074 - sending MQTT PUBLISH REQUEST - Number of events: 46
2020-05-15T12:53:06-0300 [twisted.internet.endpoints.OneShotFactory#info] Starting factory <twisted.internet.endpoints.connectProtocol.<locals>.OneShotFactory object at 0x7fa71c958d68>
2020-05-15T12:53:06-0300 [twisted.internet.endpoints.OneShotFactory#info] Stopping factory <twisted.internet.endpoints.connectProtocol.<locals>.OneShotFactory object at 0x7fa71c958908>
2020-05-15T12:53:06-0300 [stdout#info] This divice have no simulation core instance
2020-05-15T12:53:06-0300 [twisted.internet.endpoints.OneShotFactory#info] Starting factory <twisted.internet.endpoints.connectProtocol.<locals>.OneShotFactory object at 0x7fa71c965080>
2020-05-15T12:53:06-0300 [stdout#info] {'7.18 Kwh'}
2020-05-15T12:53:06-0300 [stdout#info] {'11.96 Kwh'}
2020-05-15T12:53:06-0300 [stdout#info] {'20.29 Kwh'}
2020-05-15T12:53:07-0300 [-] Received SIGINT, shutting down.
2020-05-15T12:53:07-0300 [stdout#info] {'2.9 Kwh'}
2020-05-15T12:53:07-0300 [twisted.internet.endpoints.OneShotFactory#info] Stopping factory <twisted.internet.endpoints.connectProtocol.<locals>.OneShotFactory object at 0x7fa71c9a0f60>
2020-05-15T12:53:07-0300 [twisted.internet.endpoints.OneShotFactory#info] Stopping factory <twisted.internet.endpoints.connectProtocol.<locals>.OneShotFactory object at 0x7fa71c9fd080>
2020-05-15T12:53:07-0300 [twisted.internet.endpoints.OneShotFactory#info] Stopping factory <twisted.internet.endpoints.connectProtocol.<locals>.OneShotFactory object at 0x7fa71c965080>
2020-05-15T12:53:07-0300 [twisted.internet.endpoints.OneShotFactory#info] Stopping factory <twisted.internet.endpoints.connectProtocol.<locals>.OneShotFactory object at 0x7fa71c949160>
2020-05-15T12:53:07-0300 [twisted.internet.endpoints.OneShotFactory#info] Stopping factory <twisted.internet.endpoints.connectProtocol.<locals>.OneShotFactory object at 0x7fa71c9a0240>
2020-05-15T12:53:07-0300 [SubscriberApp,client] connection lost: Connection to the other side was lost in a non-clean fashion: Connection lost.
2020-05-15T12:53:07-0300 [SubscriberApp,client] connection lost - Number of events: 47
2020-05-15T12:53:07-0300 [twisted.internet.endpoints.OneShotFactory#info] Stopping factory <twisted.internet.endpoints.connectProtocol.<locals>.OneShotFactory object at 0x7fa71c958320>
2020-05-15T12:53:07-0300 [twisted.internet.endpoints.OneShotFactory#info] Stopping factory <twisted.internet.endpoints.connectProtocol.<locals>.OneShotFactory object at 0x7fa71c9da3c8>
2020-05-15T12:53:07-0300 [twisted.internet.endpoints.OneShotFactory#info] Stopping factory <twisted.internet.endpoints.connectProtocol.<locals>.OneShotFactory object at 0x7fa71c9ba400>
2020-05-15T12:53:07-0300 [twisted.internet.endpoints.OneShotFactory#info] Stopping factory <twisted.internet.endpoints.connectProtocol.<locals>.OneShotFactory object at 0x7fa71c9fd4e0>
2020-05-15T12:53:07-0300 [twisted.internet.endpoints.OneShotFactory#info] Stopping factory <twisted.internet.endpoints.connectProtocol.<locals>.OneShotFactory object at 0x7fa71b30a588>
2020-05-15T12:53:07-0300 [twisted.internet.endpoints.OneShotFactory#info] Stopping factory <twisted.internet.endpoints.connectProtocol.<locals>.OneShotFactory object at 0x7fa71c9495c0>
2020-05-15T12:53:07-0300 [applications.mqttapp.BrokerFactory] (TCP Port 5100 Closed)
2020-05-15T12:53:07-0300 [twisted.internet.endpoints.OneShotFactory#info] Stopping factory <twisted.internet.endpoints.connectProtocol.<locals>.OneShotFactory object at 0x7fa71c9a06a0>
2020-05-15T12:53:07-0300 [twisted.internet.endpoints.OneShotFactory#info] Stopping factory <twisted.internet.endpoints.connectProtocol.<locals>.OneShotFactory object at 0x7fa71b30a780>
2020-05-15T12:53:07-0300 [twisted.internet.endpoints.OneShotFactory#info] Stopping factory <twisted.internet.endpoints.connectProtocol.<locals>.OneShotFactory object at 0x7fa71c958780>
2020-05-15T12:53:07-0300 [twisted.internet.endpoints.OneShotFactory#info] Stopping factory <twisted.internet.endpoints.connectProtocol.<locals>.OneShotFactory object at 0x7fa71c9ba860>
2020-05-15T12:53:07-0300 [twisted.internet.endpoints.OneShotFactory#info] Stopping factory <twisted.internet.endpoints.connectProtocol.<locals>.OneShotFactory object at 0x7fa71c9da898>
2020-05-15T12:53:07-0300 [twisted.internet.endpoints.OneShotFactory#info] Stopping factory <twisted.internet.endpoints.connectProtocol.<locals>.OneShotFactory object at 0x7fa71c9fd940>
2020-05-15T12:53:07-0300 [twisted.internet.endpoints.OneShotFactory#info] Stopping factory <twisted.internet.endpoints.connectProtocol.<locals>.OneShotFactory object at 0x7fa71b31b9b0>
2020-05-15T12:53:07-0300 [applications.routerapp.RouterFactory] (TCP Port 8081 Closed)
2020-05-15T12:53:07-0300 [twisted.internet.endpoints.OneShotFactory#info] Stopping factory <twisted.internet.endpoints.connectProtocol.<locals>.OneShotFactory object at 0x7fa71c949a20>
2020-05-15T12:53:07-0300 [twisted.internet.endpoints.OneShotFactory#info] Stopping factory <twisted.internet.endpoints.connectProtocol.<locals>.OneShotFactory object at 0x7fa71c9a0b00>
2020-05-15T12:53:07-0300 [applications.accesspointapp.AccessPointFactory] (TCP Port 8082 Closed)
2020-05-15T12:53:07-0300 [PublisherApp,client] connection lost: Connection to the other side was lost in a non-clean fashion: Connection lost.
2020-05-15T12:53:07-0300 [PublisherApp,client] connection lost - Number of events: 48
2020-05-15T12:53:07-0300 [twisted.internet.endpoints.OneShotFactory#info] Stopping factory <twisted.internet.endpoints.connectProtocol.<locals>.OneShotFactory object at 0x7fa71c958be0>
2020-05-15T12:53:07-0300 [twisted.internet.endpoints.OneShotFactory#info] Stopping factory <twisted.internet.endpoints.connectProtocol.<locals>.OneShotFactory object at 0x7fa71c9dac50>
2020-05-15T12:53:07-0300 [twisted.internet.endpoints.OneShotFactory#info] Stopping factory <twisted.internet.endpoints.connectProtocol.<locals>.OneShotFactory object at 0x7fa71c9bacc0>
2020-05-15T12:53:07-0300 [twisted.internet.endpoints.OneShotFactory#info] Stopping factory <twisted.internet.endpoints.connectProtocol.<locals>.OneShotFactory object at 0x7fa71c958d68>
2020-05-15T12:53:07-0300 [twisted.internet.endpoints.OneShotFactory#info] Stopping factory <twisted.internet.endpoints.connectProtocol.<locals>.OneShotFactory object at 0x7fa71c9fdda0>
2020-05-15T12:53:07-0300 [SubscriberApp,client] connection lost: Connection to the other side was lost in a non-clean fashion: Connection lost.
2020-05-15T12:53:07-0300 [SubscriberApp,client] connection lost - Number of events: 49
2020-05-15T12:53:07-0300 [twisted.internet.endpoints.OneShotFactory#info] Stopping factory <twisted.internet.endpoints.connectProtocol.<locals>.OneShotFactory object at 0x7fa71b31be80>
2020-05-15T12:53:07-0300 [twisted.internet.endpoints.OneShotFactory#info] Stopping factory <twisted.internet.endpoints.connectProtocol.<locals>.OneShotFactory object at 0x7fa71c949e80>
2020-05-15T12:53:07-0300 [-] Main loop terminated.
