2020-05-24T18:04:37-0300 [-] Creating router ...
2020-05-24T18:04:37-0300 [-] Initializing Router - Number of events: 1
2020-05-24T18:04:37-0300 [-] RouterFactory starting on 8081
2020-05-24T18:04:37-0300 [-] Creating AccessPoint station ...
2020-05-24T18:04:37-0300 [-] Initializing Access Point - Number of events: 2
2020-05-24T18:04:38-0300 [-] AccessPointFactory starting on 8082
2020-05-24T18:04:38-0300 [-] Creating fog node ...
2020-05-24T18:04:38-0300 [-] Initializing Client - Number of events: 3
2020-05-24T18:04:39-0300 [-] Creating fog node ...
2020-05-24T18:04:39-0300 [-] Initializing Client - Number of events: 4
2020-05-24T18:04:39-0300 [-] Creating fog node ...
2020-05-24T18:04:39-0300 [-] Initializing Server - Number of events: 5
2020-05-24T18:04:40-0300 [-] BrokerFactory starting on 5100
2020-05-24T18:04:40-0300 [-] Creating iot node ...
2020-05-24T18:04:40-0300 [-] Initializing Client - Number of events: 6
2020-05-24T18:04:40-0300 [-] Initializing sink node - Number of events: 7
2020-05-24T18:04:41-0300 [-] Initializing sensor node - Number of events: 8
2020-05-24T18:04:41-0300 [-] Initializing sensor node - Number of events: 9
2020-05-24T18:04:42-0300 [-] Initializing sensor node - Number of events: 10
2020-05-24T18:04:42-0300 [-] Initializing sensor node - Number of events: 11
2020-05-24T18:04:43-0300 [-] Initializing sensor node - Number of events: 12
2020-05-24T18:04:43-0300 [-] Initializing sensor node - Number of events: 13
2020-05-24T18:04:44-0300 [-] Initializing sensor node - Number of events: 14
2020-05-24T18:04:44-0300 [-] Initializing sensor node - Number of events: 15
2020-05-24T18:04:45-0300 [-] Initializing sensor node - Number of events: 16
2020-05-24T18:04:45-0300 [stdout#info] ========= sensor_2 ==========
2020-05-24T18:04:45-0300 [stdout#info] =============================
2020-05-24T18:04:45-0300 [stdout#info] sensor_2 |20.37 Kwh
2020-05-24T18:04:45-0300 [stdout#info] ========= sensor_5 ==========
2020-05-24T18:04:45-0300 [stdout#info] sensor_5  <------->  sensor_6
2020-05-24T18:04:45-0300 [stdout#info] =============================
2020-05-24T18:04:45-0300 [stderr#error] Exception in Tkinter callback
2020-05-24T18:04:45-0300 [stderr#error] Traceback (most recent call last):
2020-05-24T18:04:45-0300 [stderr#error]   File "/usr/lib/python3.6/tkinter/__init__.py", line 1708, in __call__
2020-05-24T18:04:45-0300 [stderr#error]     return self.func(*args)
2020-05-24T18:04:45-0300 [stderr#error]   File "/home/rafael/iotfogsim/scinetsim/scinetsim/configurations.py", line 106, in <lambda>
2020-05-24T18:04:45-0300 [stderr#error]     btn_open = ttk.Button(window, text="Open Project",command=lambda:open_project(window,simulation_core))
2020-05-24T18:04:45-0300 [stderr#error]   File "/home/rafael/iotfogsim/scinetsim/scinetsim/configurations.py", line 60, in open_project
2020-05-24T18:04:45-0300 [stderr#error]     load_nodes(selected_project_name, simulation_core)
2020-05-24T18:04:45-0300 [stderr#error]   File "/home/rafael/iotfogsim/scinetsim/scinetsim/configurations.py", line 237, in load_nodes
2020-05-24T18:04:45-0300 [stderr#error]     deivce.run()
2020-05-24T18:04:45-0300 [stderr#error]   File "/home/rafael/iotfogsim/scinetsim/scinetsim/standarddevice.py", line 280, in run
2020-05-24T18:04:45-0300 [stderr#error]     self.application.start(nearby_devices_list)
2020-05-24T18:04:45-0300 [stderr#error]   File "/home/rafael/iotfogsim/scinetsim/applications/wsnapp.py", line 39, in start
2020-05-24T18:04:45-0300 [stderr#error]     self.collect_and_send_data()
2020-05-24T18:04:45-0300 [stderr#error]   File "/home/rafael/iotfogsim/scinetsim/applications/wsnapp.py", line 57, in collect_and_send_data
2020-05-24T18:04:45-0300 [stderr#error]     self.forward_package(_package)
2020-05-24T18:04:45-0300 [stderr#error]   File "/home/rafael/iotfogsim/scinetsim/applications/wsnapp.py", line 79, in forward_package
2020-05-24T18:04:45-0300 [stderr#error]     package.draw_connection_arrow(destiny)
2020-05-24T18:04:45-0300 [stderr#error]   File "/home/rafael/iotfogsim/scinetsim/applications/wsnapp.py", line 156, in draw_connection_arrow
2020-05-24T18:04:45-0300 [stderr#error]     self.source.simulation_core.canvas.after(30, delete_connection_arrow, connection_id)
2020-05-24T18:04:45-0300 [stderr#error] NameError: name 'delete_connection_arrow' is not defined
2020-05-24T18:04:45-0300 [stdout#info] This divice have no simulation core instance
2020-05-24T18:04:45-0300 [stdout#info] This divice have no simulation core instance
2020-05-24T18:04:45-0300 [stdout#info] This divice have no simulation core instance
2020-05-24T18:04:45-0300 [stdout#info] This divice have no simulation core instance
2020-05-24T18:04:45-0300 [stdout#info] This divice have no simulation core instance
2020-05-24T18:04:45-0300 [Uninitialized] 127.0.0.1:34426 - Connected to mqtt broker - Number of events: 17
2020-05-24T18:04:45-0300 [Uninitialized] 127.0.0.1:34426 - sending MQTT SUBSCRIBE REQUEST - Number of events: 18
2020-05-24T18:04:45-0300 [Uninitialized] 127.0.0.1:34428 - Connected to mqtt broker - Number of events: 19
2020-05-24T18:04:45-0300 [Uninitialized] 127.0.0.1:34428 - sending MQTT SUBSCRIBE REQUEST - Number of events: 20
2020-05-24T18:04:45-0300 [Uninitialized] 127.0.0.1:57406 - Connected to mqtt broker - Number of events: 21
2020-05-24T18:04:45-0300 [Uninitialized] 127.0.0.1:57406 - sending MQTT PUBLISH REQUEST - Number of events: 22
2020-05-24T18:04:45-0300 [twisted.internet.endpoints.OneShotFactory#info] Starting factory <twisted.internet.endpoints.connectProtocol.<locals>.OneShotFactory object at 0x7f2255fe4a90>
2020-05-24T18:04:45-0300 [twisted.internet.endpoints.OneShotFactory#info] Starting factory <twisted.internet.endpoints.connectProtocol.<locals>.OneShotFactory object at 0x7f2255fe4c88>
2020-05-24T18:04:45-0300 [twisted.internet.endpoints.OneShotFactory#info] Starting factory <twisted.internet.endpoints.connectProtocol.<locals>.OneShotFactory object at 0x7f2255fe4eb8>
2020-05-24T18:04:45-0300 [stdout#info] This divice have no simulation core instance
2020-05-24T18:04:45-0300 [twisted.internet.endpoints.OneShotFactory#info] Starting factory <twisted.internet.endpoints.connectProtocol.<locals>.OneShotFactory object at 0x7f2255ff6940>
2020-05-24T18:04:48-0300 [stdout#info] sensor_2 |20.91 Kwh
2020-05-24T18:04:50-0300 [-] 127.0.0.1:57406 - sending MQTT PUBLISH REQUEST - Number of events: 23
2020-05-24T18:04:50-0300 [twisted.internet.endpoints.OneShotFactory#info] Starting factory <twisted.internet.endpoints.connectProtocol.<locals>.OneShotFactory object at 0x7f2255ff6c50>
2020-05-24T18:04:50-0300 [twisted.internet.endpoints.OneShotFactory#info] Stopping factory <twisted.internet.endpoints.connectProtocol.<locals>.OneShotFactory object at 0x7f2255fe4eb8>
2020-05-24T18:04:50-0300 [stdout#info] This divice have no simulation core instance
2020-05-24T18:04:50-0300 [twisted.internet.endpoints.OneShotFactory#info] Starting factory <twisted.internet.endpoints.connectProtocol.<locals>.OneShotFactory object at 0x7f2255ff6eb8>
2020-05-24T18:04:50-0300 [twisted.internet.endpoints.OneShotFactory#info] Stopping factory <twisted.internet.endpoints.connectProtocol.<locals>.OneShotFactory object at 0x7f2255ff6940>
2020-05-24T18:04:51-0300 [stdout#info] sensor_2 |13.57 Kwh
2020-05-24T18:04:54-0300 [stdout#info] sensor_2 |9.34 Kwh
2020-05-24T18:04:55-0300 [-] 127.0.0.1:57406 - sending MQTT PUBLISH REQUEST - Number of events: 24
2020-05-24T18:04:55-0300 [twisted.internet.endpoints.OneShotFactory#info] Starting factory <twisted.internet.endpoints.connectProtocol.<locals>.OneShotFactory object at 0x7f225600e0f0>
2020-05-24T18:04:55-0300 [twisted.internet.endpoints.OneShotFactory#info] Stopping factory <twisted.internet.endpoints.connectProtocol.<locals>.OneShotFactory object at 0x7f2255ff6c50>
2020-05-24T18:04:55-0300 [stdout#info] This divice have no simulation core instance
2020-05-24T18:04:55-0300 [twisted.internet.endpoints.OneShotFactory#info] Starting factory <twisted.internet.endpoints.connectProtocol.<locals>.OneShotFactory object at 0x7f225600e3c8>
2020-05-24T18:04:57-0300 [stdout#info] sensor_2 |11.49 Kwh
2020-05-24T18:05:00-0300 [stdout#info] sensor_2 |3.72 Kwh
2020-05-24T18:05:00-0300 [-] 127.0.0.1:57406 - sending MQTT PUBLISH REQUEST - Number of events: 25
2020-05-24T18:05:00-0300 [twisted.internet.endpoints.OneShotFactory#info] Starting factory <twisted.internet.endpoints.connectProtocol.<locals>.OneShotFactory object at 0x7f225600e668>
2020-05-24T18:05:00-0300 [twisted.internet.endpoints.OneShotFactory#info] Stopping factory <twisted.internet.endpoints.connectProtocol.<locals>.OneShotFactory object at 0x7f225600e0f0>
2020-05-24T18:05:00-0300 [stdout#info] This divice have no simulation core instance
2020-05-24T18:05:00-0300 [twisted.internet.endpoints.OneShotFactory#info] Starting factory <twisted.internet.endpoints.connectProtocol.<locals>.OneShotFactory object at 0x7f225600e8d0>
2020-05-24T18:05:03-0300 [stdout#info] sensor_2 |3.73 Kwh
2020-05-24T18:05:05-0300 [-] 127.0.0.1:57406 - sending MQTT PUBLISH REQUEST - Number of events: 26
2020-05-24T18:05:05-0300 [twisted.internet.endpoints.OneShotFactory#info] Starting factory <twisted.internet.endpoints.connectProtocol.<locals>.OneShotFactory object at 0x7f225600eb70>
2020-05-24T18:05:05-0300 [twisted.internet.endpoints.OneShotFactory#info] Stopping factory <twisted.internet.endpoints.connectProtocol.<locals>.OneShotFactory object at 0x7f225600e668>
2020-05-24T18:05:05-0300 [stdout#info] This divice have no simulation core instance
2020-05-24T18:05:05-0300 [twisted.internet.endpoints.OneShotFactory#info] Starting factory <twisted.internet.endpoints.connectProtocol.<locals>.OneShotFactory object at 0x7f225600edd8>
2020-05-24T18:05:06-0300 [stdout#info] sensor_2 |20.06 Kwh
2020-05-24T18:05:09-0300 [stdout#info] sensor_2 |21.03 Kwh
2020-05-24T18:05:10-0300 [-] 127.0.0.1:57406 - sending MQTT PUBLISH REQUEST - Number of events: 27
2020-05-24T18:05:10-0300 [twisted.internet.endpoints.OneShotFactory#info] Starting factory <twisted.internet.endpoints.connectProtocol.<locals>.OneShotFactory object at 0x7f225600eda0>
2020-05-24T18:05:10-0300 [twisted.internet.endpoints.OneShotFactory#info] Stopping factory <twisted.internet.endpoints.connectProtocol.<locals>.OneShotFactory object at 0x7f225600eb70>
2020-05-24T18:05:10-0300 [stdout#info] This divice have no simulation core instance
2020-05-24T18:05:10-0300 [twisted.internet.endpoints.OneShotFactory#info] Starting factory <twisted.internet.endpoints.connectProtocol.<locals>.OneShotFactory object at 0x7f2255fd0208>
2020-05-24T18:05:12-0300 [stdout#info] sensor_2 |13.26 Kwh
2020-05-24T18:05:15-0300 [-] 127.0.0.1:57406 - sending MQTT PUBLISH REQUEST - Number of events: 28
2020-05-24T18:05:15-0300 [twisted.internet.endpoints.OneShotFactory#info] Starting factory <twisted.internet.endpoints.connectProtocol.<locals>.OneShotFactory object at 0x7f2255fd0390>
2020-05-24T18:05:15-0300 [twisted.internet.endpoints.OneShotFactory#info] Stopping factory <twisted.internet.endpoints.connectProtocol.<locals>.OneShotFactory object at 0x7f225600eda0>
2020-05-24T18:05:15-0300 [stdout#info] This divice have no simulation core instance
2020-05-24T18:05:15-0300 [twisted.internet.endpoints.OneShotFactory#info] Starting factory <twisted.internet.endpoints.connectProtocol.<locals>.OneShotFactory object at 0x7f2255fd0630>
2020-05-24T18:05:15-0300 [stdout#info] sensor_2 |12.49 Kwh
2020-05-24T18:05:18-0300 [stdout#info] sensor_2 |16.94 Kwh
2020-05-24T18:05:20-0300 [-] 127.0.0.1:57406 - sending MQTT PUBLISH REQUEST - Number of events: 29
2020-05-24T18:05:20-0300 [twisted.internet.endpoints.OneShotFactory#info] Starting factory <twisted.internet.endpoints.connectProtocol.<locals>.OneShotFactory object at 0x7f2255fd05f8>
2020-05-24T18:05:20-0300 [twisted.internet.endpoints.OneShotFactory#info] Stopping factory <twisted.internet.endpoints.connectProtocol.<locals>.OneShotFactory object at 0x7f2255fd0390>
2020-05-24T18:05:20-0300 [stdout#info] This divice have no simulation core instance
2020-05-24T18:05:20-0300 [twisted.internet.endpoints.OneShotFactory#info] Starting factory <twisted.internet.endpoints.connectProtocol.<locals>.OneShotFactory object at 0x7f2255fd0ac8>
2020-05-24T18:05:21-0300 [stdout#info] sensor_2 |14.64 Kwh
2020-05-24T18:05:24-0300 [stdout#info] sensor_2 |8.24 Kwh
2020-05-24T18:05:25-0300 [-] 127.0.0.1:57406 - sending MQTT PUBLISH REQUEST - Number of events: 30
2020-05-24T18:05:25-0300 [twisted.internet.endpoints.OneShotFactory#info] Starting factory <twisted.internet.endpoints.connectProtocol.<locals>.OneShotFactory object at 0x7f2255fd0c50>
2020-05-24T18:05:25-0300 [twisted.internet.endpoints.OneShotFactory#info] Stopping factory <twisted.internet.endpoints.connectProtocol.<locals>.OneShotFactory object at 0x7f2255fd05f8>
2020-05-24T18:05:25-0300 [stdout#info] This divice have no simulation core instance
2020-05-24T18:05:25-0300 [twisted.internet.endpoints.OneShotFactory#info] Starting factory <twisted.internet.endpoints.connectProtocol.<locals>.OneShotFactory object at 0x7f2255fd0f60>
2020-05-24T18:05:27-0300 [stdout#info] sensor_2 |22.09 Kwh
2020-05-24T18:05:30-0300 [-] 127.0.0.1:57406 - sending MQTT PUBLISH REQUEST - Number of events: 31
2020-05-24T18:05:30-0300 [twisted.internet.endpoints.OneShotFactory#info] Starting factory <twisted.internet.endpoints.connectProtocol.<locals>.OneShotFactory object at 0x7f2255f680b8>
2020-05-24T18:05:30-0300 [twisted.internet.endpoints.OneShotFactory#info] Stopping factory <twisted.internet.endpoints.connectProtocol.<locals>.OneShotFactory object at 0x7f2255fd0c50>
2020-05-24T18:05:30-0300 [stdout#info] This divice have no simulation core instance
2020-05-24T18:05:30-0300 [twisted.internet.endpoints.OneShotFactory#info] Starting factory <twisted.internet.endpoints.connectProtocol.<locals>.OneShotFactory object at 0x7f2255f68438>
2020-05-24T18:05:30-0300 [stdout#info] sensor_2 |17.38 Kwh
2020-05-24T18:05:33-0300 [stdout#info] sensor_2 |21.75 Kwh
2020-05-24T18:05:35-0300 [-] 127.0.0.1:57406 - sending MQTT PUBLISH REQUEST - Number of events: 32
2020-05-24T18:05:35-0300 [twisted.internet.endpoints.OneShotFactory#info] Starting factory <twisted.internet.endpoints.connectProtocol.<locals>.OneShotFactory object at 0x7f2255f685c0>
2020-05-24T18:05:35-0300 [twisted.internet.endpoints.OneShotFactory#info] Stopping factory <twisted.internet.endpoints.connectProtocol.<locals>.OneShotFactory object at 0x7f2255f680b8>
2020-05-24T18:05:35-0300 [stdout#info] This divice have no simulation core instance
2020-05-24T18:05:35-0300 [twisted.internet.endpoints.OneShotFactory#info] Starting factory <twisted.internet.endpoints.connectProtocol.<locals>.OneShotFactory object at 0x7f2255f688d0>
2020-05-24T18:05:36-0300 [stdout#info] sensor_2 |10.32 Kwh
2020-05-24T18:05:39-0300 [stdout#info] sensor_2 |21.36 Kwh
2020-05-24T18:05:40-0300 [-] 127.0.0.1:57406 - sending MQTT PUBLISH REQUEST - Number of events: 33
2020-05-24T18:05:40-0300 [twisted.internet.endpoints.OneShotFactory#info] Starting factory <twisted.internet.endpoints.connectProtocol.<locals>.OneShotFactory object at 0x7f2255f68a58>
2020-05-24T18:05:40-0300 [twisted.internet.endpoints.OneShotFactory#info] Stopping factory <twisted.internet.endpoints.connectProtocol.<locals>.OneShotFactory object at 0x7f2255f685c0>
2020-05-24T18:05:40-0300 [stdout#info] This divice have no simulation core instance
2020-05-24T18:05:40-0300 [twisted.internet.endpoints.OneShotFactory#info] Starting factory <twisted.internet.endpoints.connectProtocol.<locals>.OneShotFactory object at 0x7f2255f68d68>
2020-05-24T18:05:42-0300 [stdout#info] sensor_2 |12.22 Kwh
2020-05-24T18:05:45-0300 [-] 127.0.0.1:57406 - sending MQTT PUBLISH REQUEST - Number of events: 34
2020-05-24T18:05:45-0300 [twisted.internet.endpoints.OneShotFactory#info] Starting factory <twisted.internet.endpoints.connectProtocol.<locals>.OneShotFactory object at 0x7f2255f68f60>
2020-05-24T18:05:45-0300 [twisted.internet.endpoints.OneShotFactory#info] Stopping factory <twisted.internet.endpoints.connectProtocol.<locals>.OneShotFactory object at 0x7f2255f68a58>
2020-05-24T18:05:45-0300 [stdout#info] This divice have no simulation core instance
2020-05-24T18:05:45-0300 [twisted.internet.endpoints.OneShotFactory#info] Starting factory <twisted.internet.endpoints.connectProtocol.<locals>.OneShotFactory object at 0x7f2255f77240>
2020-05-24T18:05:45-0300 [stdout#info] sensor_2 |9.8 Kwh
2020-05-24T18:05:48-0300 [stdout#info] sensor_2 |20.53 Kwh
2020-05-24T18:05:50-0300 [-] 127.0.0.1:57406 - sending MQTT PUBLISH REQUEST - Number of events: 35
2020-05-24T18:05:50-0300 [twisted.internet.endpoints.OneShotFactory#info] Starting factory <twisted.internet.endpoints.connectProtocol.<locals>.OneShotFactory object at 0x7f2255f77128>
2020-05-24T18:05:50-0300 [twisted.internet.endpoints.OneShotFactory#info] Stopping factory <twisted.internet.endpoints.connectProtocol.<locals>.OneShotFactory object at 0x7f2255f68f60>
2020-05-24T18:05:50-0300 [stdout#info] This divice have no simulation core instance
2020-05-24T18:05:50-0300 [twisted.internet.endpoints.OneShotFactory#info] Starting factory <twisted.internet.endpoints.connectProtocol.<locals>.OneShotFactory object at 0x7f2255f776d8>
2020-05-24T18:05:51-0300 [stdout#info] sensor_2 |16.06 Kwh
2020-05-24T18:05:54-0300 [stdout#info] sensor_2 |17.25 Kwh
2020-05-24T18:05:55-0300 [-] 127.0.0.1:57406 - sending MQTT PUBLISH REQUEST - Number of events: 36
2020-05-24T18:05:55-0300 [twisted.internet.endpoints.OneShotFactory#info] Starting factory <twisted.internet.endpoints.connectProtocol.<locals>.OneShotFactory object at 0x7f2255f77860>
2020-05-24T18:05:55-0300 [twisted.internet.endpoints.OneShotFactory#info] Stopping factory <twisted.internet.endpoints.connectProtocol.<locals>.OneShotFactory object at 0x7f2255f77128>
2020-05-24T18:05:55-0300 [stdout#info] This divice have no simulation core instance
2020-05-24T18:05:55-0300 [twisted.internet.endpoints.OneShotFactory#info] Starting factory <twisted.internet.endpoints.connectProtocol.<locals>.OneShotFactory object at 0x7f2255f77b70>
2020-05-24T18:05:57-0300 [stdout#info] sensor_2 |11.79 Kwh
2020-05-24T18:05:57-0300 [-] Received SIGINT, shutting down.
2020-05-24T18:05:57-0300 [twisted.internet.endpoints.OneShotFactory#info] Stopping factory <twisted.internet.endpoints.connectProtocol.<locals>.OneShotFactory object at 0x7f2255fd0f60>
2020-05-24T18:05:57-0300 [twisted.internet.endpoints.OneShotFactory#info] Stopping factory <twisted.internet.endpoints.connectProtocol.<locals>.OneShotFactory object at 0x7f225600e8d0>
2020-05-24T18:05:57-0300 [twisted.internet.endpoints.OneShotFactory#info] Stopping factory <twisted.internet.endpoints.connectProtocol.<locals>.OneShotFactory object at 0x7f2255f688d0>
2020-05-24T18:05:57-0300 [twisted.internet.endpoints.OneShotFactory#info] Stopping factory <twisted.internet.endpoints.connectProtocol.<locals>.OneShotFactory object at 0x7f2255f77860>
2020-05-24T18:05:57-0300 [applications.mqttapp.BrokerFactory] (TCP Port 5100 Closed)
2020-05-24T18:05:57-0300 [SubscriberApp,client] connection lost: Connection to the other side was lost in a non-clean fashion: Connection lost.
2020-05-24T18:05:57-0300 [SubscriberApp,client] connection lost - Number of events: 37
2020-05-24T18:05:57-0300 [twisted.internet.endpoints.OneShotFactory#info] Stopping factory <twisted.internet.endpoints.connectProtocol.<locals>.OneShotFactory object at 0x7f2255fd0208>
2020-05-24T18:05:57-0300 [twisted.internet.endpoints.OneShotFactory#info] Stopping factory <twisted.internet.endpoints.connectProtocol.<locals>.OneShotFactory object at 0x7f2255f77240>
2020-05-24T18:05:57-0300 [twisted.internet.endpoints.OneShotFactory#info] Stopping factory <twisted.internet.endpoints.connectProtocol.<locals>.OneShotFactory object at 0x7f2255fe4a90>
2020-05-24T18:05:57-0300 [twisted.internet.endpoints.OneShotFactory#info] Stopping factory <twisted.internet.endpoints.connectProtocol.<locals>.OneShotFactory object at 0x7f2255fd0ac8>
2020-05-24T18:05:57-0300 [twisted.internet.endpoints.OneShotFactory#info] Stopping factory <twisted.internet.endpoints.connectProtocol.<locals>.OneShotFactory object at 0x7f2255f77b70>
2020-05-24T18:05:57-0300 [twisted.internet.endpoints.OneShotFactory#info] Stopping factory <twisted.internet.endpoints.connectProtocol.<locals>.OneShotFactory object at 0x7f225600e3c8>
2020-05-24T18:05:57-0300 [twisted.internet.endpoints.OneShotFactory#info] Stopping factory <twisted.internet.endpoints.connectProtocol.<locals>.OneShotFactory object at 0x7f2255f68438>
2020-05-24T18:05:57-0300 [twisted.internet.endpoints.OneShotFactory#info] Stopping factory <twisted.internet.endpoints.connectProtocol.<locals>.OneShotFactory object at 0x7f2255fe4c88>
2020-05-24T18:05:57-0300 [applications.routerapp.RouterFactory] (TCP Port 8081 Closed)
2020-05-24T18:05:57-0300 [twisted.internet.endpoints.OneShotFactory#info] Stopping factory <twisted.internet.endpoints.connectProtocol.<locals>.OneShotFactory object at 0x7f2255f68d68>
2020-05-24T18:05:57-0300 [twisted.internet.endpoints.OneShotFactory#info] Stopping factory <twisted.internet.endpoints.connectProtocol.<locals>.OneShotFactory object at 0x7f225600edd8>
2020-05-24T18:05:57-0300 [SubscriberApp,client] connection lost: Connection to the other side was lost in a non-clean fashion: Connection lost.
2020-05-24T18:05:57-0300 [SubscriberApp,client] connection lost - Number of events: 38
2020-05-24T18:05:57-0300 [twisted.internet.endpoints.OneShotFactory#info] Stopping factory <twisted.internet.endpoints.connectProtocol.<locals>.OneShotFactory object at 0x7f2255fd0630>
2020-05-24T18:05:57-0300 [applications.accesspointapp.AccessPointFactory] (TCP Port 8082 Closed)
2020-05-24T18:05:57-0300 [PublisherApp,client] connection lost: Connection to the other side was lost in a non-clean fashion: Connection lost.
2020-05-24T18:05:57-0300 [PublisherApp,client] connection lost - Number of events: 39
2020-05-24T18:05:57-0300 [twisted.internet.endpoints.OneShotFactory#info] Stopping factory <twisted.internet.endpoints.connectProtocol.<locals>.OneShotFactory object at 0x7f2255ff6eb8>
2020-05-24T18:05:57-0300 [twisted.internet.endpoints.OneShotFactory#info] Stopping factory <twisted.internet.endpoints.connectProtocol.<locals>.OneShotFactory object at 0x7f2255f776d8>
2020-05-24T18:05:57-0300 [-] Main loop terminated.
