2020-05-15T11:48:28-0300 [-] Creating router ...
2020-05-15T11:48:28-0300 [-] Initializing Router - Number of events: 1
2020-05-15T11:48:28-0300 [-] RouterFactory starting on 8081
2020-05-15T11:48:28-0300 [-] Creating AccessPoint station ...
2020-05-15T11:48:28-0300 [-] Initializing Access Point - Number of events: 2
2020-05-15T11:48:29-0300 [-] AccessPointFactory starting on 8082
2020-05-15T11:48:29-0300 [-] Creating fog node ...
2020-05-15T11:48:29-0300 [-] Initializing Client - Number of events: 3
2020-05-15T11:48:29-0300 [-] Creating fog node ...
2020-05-15T11:48:29-0300 [-] Initializing Client - Number of events: 4
2020-05-15T11:48:30-0300 [-] Creating fog node ...
2020-05-15T11:48:30-0300 [-] Initializing Server - Number of events: 5
2020-05-15T11:48:30-0300 [-] BrokerFactory starting on 5100
2020-05-15T11:48:30-0300 [-] Creating iot node ...
2020-05-15T11:48:30-0300 [-] Initializing Client - Number of events: 6
2020-05-15T11:48:31-0300 [-] Initializing sensor node - Number of events: 7
2020-05-15T11:48:31-0300 [-] Initializing sensor node - Number of events: 8
2020-05-15T11:48:32-0300 [stdout#info] {'15.69 Kwh'}
2020-05-15T11:48:32-0300 [stdout#info] set()
2020-05-15T11:48:32-0300 [-] Initializing sensor node - Number of events: 9
2020-05-15T11:48:32-0300 [stdout#info] {'16.73 Kwh'}
2020-05-15T11:48:32-0300 [stdout#info] set()
2020-05-15T11:48:32-0300 [-] Initializing sensor node - Number of events: 10
2020-05-15T11:48:33-0300 [stdout#info] {'20.36 Kwh'}
2020-05-15T11:48:33-0300 [stdout#info] set()
2020-05-15T11:48:33-0300 [-] Initializing sensor node - Number of events: 11
2020-05-15T11:48:33-0300 [stdout#info] {'5.76 Kwh'}
2020-05-15T11:48:33-0300 [stdout#info] set()
2020-05-15T11:48:33-0300 [-] Initializing sensor node - Number of events: 12
2020-05-15T11:48:34-0300 [stdout#info] {'13.97 Kwh'}
2020-05-15T11:48:34-0300 [stdout#info] set()
2020-05-15T11:48:34-0300 [-] Initializing sensor node - Number of events: 13
2020-05-15T11:48:34-0300 [stdout#info] {'6.93 Kwh'}
2020-05-15T11:48:34-0300 [stdout#info] set()
2020-05-15T11:48:34-0300 [-] Initializing sensor node - Number of events: 14
2020-05-15T11:48:35-0300 [stdout#info] {'3.27 Kwh'}
2020-05-15T11:48:35-0300 [stdout#info] set()
2020-05-15T11:48:35-0300 [-] Initializing sensor node - Number of events: 15
2020-05-15T11:48:35-0300 [stdout#info] {'19.27 Kwh'}
2020-05-15T11:48:35-0300 [stdout#info] set()
2020-05-15T11:48:35-0300 [-] Initializing sensor node - Number of events: 16
2020-05-15T11:48:36-0300 [stdout#info] {'3.54 Kwh'}
2020-05-15T11:48:36-0300 [stdout#info] set()
2020-05-15T11:48:36-0300 [stdout#info] {'7.18 Kwh'}
2020-05-15T11:48:36-0300 [stdout#info] set()
2020-05-15T11:48:36-0300 [stdout#info] {'12.17 Kwh'}
2020-05-15T11:48:36-0300 [stdout#info] set()
2020-05-15T11:48:36-0300 [stdout#info] {'9.02 Kwh'}
2020-05-15T11:48:36-0300 [stdout#info] set()
2020-05-15T11:48:36-0300 [stdout#info] This divice have no simulation core instance
2020-05-15T11:48:36-0300 [stdout#info] This divice have no simulation core instance
2020-05-15T11:48:36-0300 [stdout#info] This divice have no simulation core instance
2020-05-15T11:48:36-0300 [stdout#info] This divice have no simulation core instance
2020-05-15T11:48:36-0300 [stdout#info] This divice have no simulation core instance
2020-05-15T11:48:36-0300 [Uninitialized] 127.0.0.1:58672 - Connected to mqtt broker - Number of events: 17
2020-05-15T11:48:36-0300 [Uninitialized] 127.0.0.1:58672 - sending MQTT SUBSCRIBE REQUEST - Number of events: 18
2020-05-15T11:48:36-0300 [Uninitialized] 127.0.0.1:58674 - Connected to mqtt broker - Number of events: 19
2020-05-15T11:48:36-0300 [Uninitialized] 127.0.0.1:58674 - sending MQTT SUBSCRIBE REQUEST - Number of events: 20
2020-05-15T11:48:36-0300 [Uninitialized] 127.0.0.1:46766 - Connected to mqtt broker - Number of events: 21
2020-05-15T11:48:36-0300 [Uninitialized] 127.0.0.1:46766 - sending MQTT PUBLISH REQUEST - Number of events: 22
2020-05-15T11:48:36-0300 [twisted.internet.endpoints.OneShotFactory#info] Starting factory <twisted.internet.endpoints.connectProtocol.<locals>.OneShotFactory object at 0x7f43fda906a0>
2020-05-15T11:48:36-0300 [twisted.internet.endpoints.OneShotFactory#info] Starting factory <twisted.internet.endpoints.connectProtocol.<locals>.OneShotFactory object at 0x7f43fda90898>
2020-05-15T11:48:36-0300 [twisted.internet.endpoints.OneShotFactory#info] Starting factory <twisted.internet.endpoints.connectProtocol.<locals>.OneShotFactory object at 0x7f43fda90ac8>
2020-05-15T11:48:36-0300 [stdout#info] This divice have no simulation core instance
2020-05-15T11:48:36-0300 [twisted.internet.endpoints.OneShotFactory#info] Starting factory <twisted.internet.endpoints.connectProtocol.<locals>.OneShotFactory object at 0x7f43fda9f470>
2020-05-15T11:48:36-0300 [stdout#info] {'3.15 Kwh'}
2020-05-15T11:48:36-0300 [stdout#info] set()
2020-05-15T11:48:37-0300 [stdout#info] {'16.99 Kwh'}
2020-05-15T11:48:37-0300 [stdout#info] set()
2020-05-15T11:48:37-0300 [stdout#info] {'5.36 Kwh'}
2020-05-15T11:48:37-0300 [stdout#info] set()
2020-05-15T11:48:38-0300 [stdout#info] {'21.24 Kwh'}
2020-05-15T11:48:38-0300 [stdout#info] set()
2020-05-15T11:48:38-0300 [stdout#info] {'4.42 Kwh'}
2020-05-15T11:48:38-0300 [stdout#info] set()
2020-05-15T11:48:39-0300 [stdout#info] {'12.73 Kwh'}
2020-05-15T11:48:39-0300 [stdout#info] set()
2020-05-15T11:48:39-0300 [stdout#info] {'19.0 Kwh'}
2020-05-15T11:48:39-0300 [stdout#info] set()
2020-05-15T11:48:39-0300 [stdout#info] {'9.27 Kwh'}
2020-05-15T11:48:39-0300 [stdout#info] set()
2020-05-15T11:48:39-0300 [stdout#info] {'10.73 Kwh'}
2020-05-15T11:48:39-0300 [stdout#info] set()
2020-05-15T11:48:39-0300 [stdout#info] {'8.52 Kwh'}
2020-05-15T11:48:39-0300 [stdout#info] set()
2020-05-15T11:48:40-0300 [stdout#info] {'8.07 Kwh'}
2020-05-15T11:48:40-0300 [stdout#info] set()
2020-05-15T11:48:40-0300 [stdout#info] {'20.6 Kwh'}
2020-05-15T11:48:40-0300 [stdout#info] set()
2020-05-15T11:48:41-0300 [stdout#info] {'11.59 Kwh'}
2020-05-15T11:48:41-0300 [stdout#info] set()
2020-05-15T11:48:41-0300 [-] 127.0.0.1:46766 - sending MQTT PUBLISH REQUEST - Number of events: 23
2020-05-15T11:48:41-0300 [twisted.internet.endpoints.OneShotFactory#info] Starting factory <twisted.internet.endpoints.connectProtocol.<locals>.OneShotFactory object at 0x7f43fda9f860>
2020-05-15T11:48:41-0300 [twisted.internet.endpoints.OneShotFactory#info] Stopping factory <twisted.internet.endpoints.connectProtocol.<locals>.OneShotFactory object at 0x7f43fda90ac8>
2020-05-15T11:48:41-0300 [stdout#info] This divice have no simulation core instance
2020-05-15T11:48:41-0300 [twisted.internet.endpoints.OneShotFactory#info] Starting factory <twisted.internet.endpoints.connectProtocol.<locals>.OneShotFactory object at 0x7f43fda9fa90>
2020-05-15T11:48:41-0300 [twisted.internet.endpoints.OneShotFactory#info] Stopping factory <twisted.internet.endpoints.connectProtocol.<locals>.OneShotFactory object at 0x7f43fda9f470>
2020-05-15T11:48:41-0300 [stdout#info] {'7.27 Kwh'}
2020-05-15T11:48:41-0300 [stdout#info] set()
2020-05-15T11:48:42-0300 [stdout#info] {'7.56 Kwh'}
2020-05-15T11:48:42-0300 [stdout#info] set()
2020-05-15T11:48:42-0300 [stdout#info] {'8.51 Kwh'}
2020-05-15T11:48:42-0300 [stdout#info] set()
2020-05-15T11:48:42-0300 [stdout#info] {'10.84 Kwh'}
2020-05-15T11:48:42-0300 [stdout#info] set()
2020-05-15T11:48:42-0300 [stdout#info] {'2.7 Kwh'}
2020-05-15T11:48:42-0300 [stdout#info] set()
2020-05-15T11:48:42-0300 [stdout#info] {'20.76 Kwh'}
2020-05-15T11:48:42-0300 [stdout#info] set()
2020-05-15T11:48:43-0300 [stdout#info] {'16.23 Kwh'}
2020-05-15T11:48:43-0300 [stdout#info] set()
2020-05-15T11:48:43-0300 [stdout#info] {'11.95 Kwh'}
2020-05-15T11:48:43-0300 [stdout#info] set()
2020-05-15T11:48:44-0300 [stdout#info] {'11.9 Kwh'}
2020-05-15T11:48:44-0300 [stdout#info] set()
2020-05-15T11:48:44-0300 [stdout#info] {'12.92 Kwh'}
2020-05-15T11:48:44-0300 [stdout#info] set()
2020-05-15T11:48:45-0300 [stdout#info] {'19.14 Kwh'}
2020-05-15T11:48:45-0300 [stdout#info] set()
2020-05-15T11:48:45-0300 [stdout#info] {'3.63 Kwh'}
2020-05-15T11:48:45-0300 [stdout#info] set()
2020-05-15T11:48:45-0300 [stdout#info] {'5.09 Kwh'}
2020-05-15T11:48:45-0300 [stdout#info] set()
2020-05-15T11:48:45-0300 [stdout#info] {'19.5 Kwh'}
2020-05-15T11:48:45-0300 [stdout#info] set()
2020-05-15T11:48:45-0300 [stdout#info] {'9.84 Kwh'}
2020-05-15T11:48:45-0300 [stdout#info] set()
2020-05-15T11:48:46-0300 [stdout#info] {'8.25 Kwh'}
2020-05-15T11:48:46-0300 [stdout#info] set()
2020-05-15T11:48:46-0300 [-] 127.0.0.1:46766 - sending MQTT PUBLISH REQUEST - Number of events: 24
2020-05-15T11:48:46-0300 [twisted.internet.endpoints.OneShotFactory#info] Starting factory <twisted.internet.endpoints.connectProtocol.<locals>.OneShotFactory object at 0x7f43fda9fcf8>
2020-05-15T11:48:46-0300 [twisted.internet.endpoints.OneShotFactory#info] Stopping factory <twisted.internet.endpoints.connectProtocol.<locals>.OneShotFactory object at 0x7f43fda9f860>
2020-05-15T11:48:46-0300 [stdout#info] This divice have no simulation core instance
2020-05-15T11:48:46-0300 [twisted.internet.endpoints.OneShotFactory#info] Starting factory <twisted.internet.endpoints.connectProtocol.<locals>.OneShotFactory object at 0x7f43fda9ff28>
2020-05-15T11:48:46-0300 [stdout#info] {'6.49 Kwh'}
2020-05-15T11:48:46-0300 [stdout#info] set()
2020-05-15T11:48:47-0300 [stdout#info] {'9.6 Kwh'}
2020-05-15T11:48:47-0300 [stdout#info] set()
2020-05-15T11:48:47-0300 [stdout#info] {'19.04 Kwh'}
2020-05-15T11:48:47-0300 [stdout#info] set()
2020-05-15T11:48:48-0300 [stdout#info] {'8.66 Kwh'}
2020-05-15T11:48:48-0300 [stdout#info] set()
2020-05-15T11:48:48-0300 [stdout#info] {'11.79 Kwh'}
2020-05-15T11:48:48-0300 [stdout#info] set()
2020-05-15T11:48:48-0300 [stdout#info] {'19.39 Kwh'}
2020-05-15T11:48:48-0300 [stdout#info] set()
2020-05-15T11:48:48-0300 [stdout#info] {'7.46 Kwh'}
2020-05-15T11:48:48-0300 [stdout#info] set()
2020-05-15T11:48:48-0300 [stdout#info] {'15.63 Kwh'}
2020-05-15T11:48:48-0300 [stdout#info] set()
2020-05-15T11:48:49-0300 [stdout#info] {'6.3 Kwh'}
2020-05-15T11:48:49-0300 [stdout#info] set()
2020-05-15T11:48:49-0300 [stdout#info] {'4.89 Kwh'}
2020-05-15T11:48:49-0300 [stdout#info] set()
2020-05-15T11:48:50-0300 [stdout#info] {'9.77 Kwh'}
2020-05-15T11:48:50-0300 [stdout#info] set()
2020-05-15T11:48:50-0300 [stdout#info] {'3.44 Kwh'}
2020-05-15T11:48:50-0300 [stdout#info] set()
2020-05-15T11:48:51-0300 [stdout#info] {'11.47 Kwh'}
2020-05-15T11:48:51-0300 [stdout#info] set()
2020-05-15T11:48:51-0300 [-] 127.0.0.1:46766 - sending MQTT PUBLISH REQUEST - Number of events: 25
2020-05-15T11:48:51-0300 [stdout#info] {'15.71 Kwh'}
2020-05-15T11:48:51-0300 [stdout#info] set()
2020-05-15T11:48:51-0300 [twisted.internet.endpoints.OneShotFactory#info] Starting factory <twisted.internet.endpoints.connectProtocol.<locals>.OneShotFactory object at 0x7f43ff155198>
2020-05-15T11:48:51-0300 [stdout#info] {'2.94 Kwh'}
2020-05-15T11:48:51-0300 [stdout#info] set()
2020-05-15T11:48:51-0300 [stdout#info] {'10.26 Kwh'}
2020-05-15T11:48:51-0300 [stdout#info] set()
2020-05-15T11:48:51-0300 [twisted.internet.endpoints.OneShotFactory#info] Stopping factory <twisted.internet.endpoints.connectProtocol.<locals>.OneShotFactory object at 0x7f43fda9fcf8>
2020-05-15T11:48:51-0300 [stdout#info] This divice have no simulation core instance
2020-05-15T11:48:51-0300 [twisted.internet.endpoints.OneShotFactory#info] Starting factory <twisted.internet.endpoints.connectProtocol.<locals>.OneShotFactory object at 0x7f43ff155438>
2020-05-15T11:48:51-0300 [stdout#info] {'10.29 Kwh'}
2020-05-15T11:48:51-0300 [stdout#info] set()
2020-05-15T11:48:52-0300 [stdout#info] {'10.0 Kwh'}
2020-05-15T11:48:52-0300 [stdout#info] set()
2020-05-15T11:48:52-0300 [stdout#info] {'8.87 Kwh'}
2020-05-15T11:48:52-0300 [stdout#info] set()
2020-05-15T11:48:53-0300 [stdout#info] {'19.82 Kwh'}
2020-05-15T11:48:53-0300 [stdout#info] set()
2020-05-15T11:48:53-0300 [stdout#info] {'7.28 Kwh'}
2020-05-15T11:48:53-0300 [stdout#info] set()
2020-05-15T11:48:54-0300 [stdout#info] {'20.01 Kwh'}
2020-05-15T11:48:54-0300 [stdout#info] set()
2020-05-15T11:48:54-0300 [stdout#info] {'12.49 Kwh'}
2020-05-15T11:48:54-0300 [stdout#info] set()
2020-05-15T11:48:54-0300 [stdout#info] {'10.65 Kwh'}
2020-05-15T11:48:54-0300 [stdout#info] set()
2020-05-15T11:48:54-0300 [stdout#info] {'12.0 Kwh'}
2020-05-15T11:48:54-0300 [stdout#info] set()
2020-05-15T11:48:54-0300 [stdout#info] {'3.38 Kwh'}
2020-05-15T11:48:54-0300 [stdout#info] set()
2020-05-15T11:48:55-0300 [stdout#info] {'7.52 Kwh'}
2020-05-15T11:48:55-0300 [stdout#info] set()
2020-05-15T11:48:55-0300 [stdout#info] {'5.62 Kwh'}
2020-05-15T11:48:55-0300 [stdout#info] set()
2020-05-15T11:48:56-0300 [stdout#info] {'4.76 Kwh'}
2020-05-15T11:48:56-0300 [stdout#info] set()
2020-05-15T11:48:56-0300 [-] 127.0.0.1:46766 - sending MQTT PUBLISH REQUEST - Number of events: 26
2020-05-15T11:48:56-0300 [twisted.internet.endpoints.OneShotFactory#info] Starting factory <twisted.internet.endpoints.connectProtocol.<locals>.OneShotFactory object at 0x7f43ff155668>
2020-05-15T11:48:56-0300 [twisted.internet.endpoints.OneShotFactory#info] Stopping factory <twisted.internet.endpoints.connectProtocol.<locals>.OneShotFactory object at 0x7f43ff155198>
2020-05-15T11:48:56-0300 [stdout#info] This divice have no simulation core instance
2020-05-15T11:48:56-0300 [twisted.internet.endpoints.OneShotFactory#info] Starting factory <twisted.internet.endpoints.connectProtocol.<locals>.OneShotFactory object at 0x7f43ff155908>
2020-05-15T11:48:56-0300 [stdout#info] {'13.3 Kwh'}
2020-05-15T11:48:56-0300 [stdout#info] set()
2020-05-15T11:48:56-0300 [-] Received SIGINT, shutting down.
2020-05-15T11:48:56-0300 [twisted.internet.endpoints.OneShotFactory#info] Stopping factory <twisted.internet.endpoints.connectProtocol.<locals>.OneShotFactory object at 0x7f43fda9ff28>
2020-05-15T11:48:56-0300 [twisted.internet.endpoints.OneShotFactory#info] Stopping factory <twisted.internet.endpoints.connectProtocol.<locals>.OneShotFactory object at 0x7f43ff155668>
2020-05-15T11:48:56-0300 [applications.mqttapp.BrokerFactory] (TCP Port 5100 Closed)
2020-05-15T11:48:56-0300 [applications.routerapp.RouterFactory] (TCP Port 8081 Closed)
2020-05-15T11:48:56-0300 [twisted.internet.endpoints.OneShotFactory#info] Stopping factory <twisted.internet.endpoints.connectProtocol.<locals>.OneShotFactory object at 0x7f43ff155438>
2020-05-15T11:48:56-0300 [twisted.internet.endpoints.OneShotFactory#info] Stopping factory <twisted.internet.endpoints.connectProtocol.<locals>.OneShotFactory object at 0x7f43fda90898>
2020-05-15T11:48:56-0300 [SubscriberApp,client] connection lost: Connection to the other side was lost in a non-clean fashion: Connection lost.
2020-05-15T11:48:56-0300 [SubscriberApp,client] connection lost - Number of events: 27
2020-05-15T11:48:56-0300 [SubscriberApp,client] connection lost: Connection to the other side was lost in a non-clean fashion: Connection lost.
2020-05-15T11:48:56-0300 [SubscriberApp,client] connection lost - Number of events: 28
2020-05-15T11:48:56-0300 [twisted.internet.endpoints.OneShotFactory#info] Stopping factory <twisted.internet.endpoints.connectProtocol.<locals>.OneShotFactory object at 0x7f43ff155908>
2020-05-15T11:48:56-0300 [applications.accesspointapp.AccessPointFactory] (TCP Port 8082 Closed)
2020-05-15T11:48:56-0300 [PublisherApp,client] connection lost: Connection to the other side was lost in a non-clean fashion: Connection lost.
2020-05-15T11:48:56-0300 [PublisherApp,client] connection lost - Number of events: 29
2020-05-15T11:48:56-0300 [twisted.internet.endpoints.OneShotFactory#info] Stopping factory <twisted.internet.endpoints.connectProtocol.<locals>.OneShotFactory object at 0x7f43fda9fa90>
2020-05-15T11:48:56-0300 [twisted.internet.endpoints.OneShotFactory#info] Stopping factory <twisted.internet.endpoints.connectProtocol.<locals>.OneShotFactory object at 0x7f43fda906a0>
2020-05-15T11:48:56-0300 [-] Main loop terminated.
