2020-05-24T18:07:41-0300 [-] Creating router ...
2020-05-24T18:07:41-0300 [-] Initializing Router - Number of events: 1
2020-05-24T18:07:41-0300 [-] RouterFactory starting on 8081
2020-05-24T18:07:41-0300 [-] Creating AccessPoint station ...
2020-05-24T18:07:41-0300 [-] Initializing Access Point - Number of events: 2
2020-05-24T18:07:42-0300 [-] AccessPointFactory starting on 8082
2020-05-24T18:07:42-0300 [-] Creating fog node ...
2020-05-24T18:07:42-0300 [-] Initializing Client - Number of events: 3
2020-05-24T18:07:42-0300 [-] Creating fog node ...
2020-05-24T18:07:42-0300 [-] Initializing Client - Number of events: 4
2020-05-24T18:07:43-0300 [-] Creating fog node ...
2020-05-24T18:07:43-0300 [-] Initializing Server - Number of events: 5
2020-05-24T18:07:43-0300 [-] BrokerFactory starting on 5100
2020-05-24T18:07:43-0300 [-] Creating iot node ...
2020-05-24T18:07:43-0300 [-] Initializing Client - Number of events: 6
2020-05-24T18:07:44-0300 [-] Initializing sink node - Number of events: 7
2020-05-24T18:07:44-0300 [-] Initializing sensor node - Number of events: 8
2020-05-24T18:07:45-0300 [-] Initializing sensor node - Number of events: 9
2020-05-24T18:07:46-0300 [-] Initializing sensor node - Number of events: 10
2020-05-24T18:07:46-0300 [-] Initializing sensor node - Number of events: 11
2020-05-24T18:07:47-0300 [-] Initializing sensor node - Number of events: 12
2020-05-24T18:07:47-0300 [-] Initializing sensor node - Number of events: 13
2020-05-24T18:07:48-0300 [-] Initializing sensor node - Number of events: 14
2020-05-24T18:07:48-0300 [-] Initializing sensor node - Number of events: 15
2020-05-24T18:07:49-0300 [-] Initializing sensor node - Number of events: 16
2020-05-24T18:07:49-0300 [stdout#info] ========= sensor_9 ==========
2020-05-24T18:07:49-0300 [stdout#info] =============================
2020-05-24T18:07:49-0300 [stdout#info] sensor_9 |7.31 Kwh
2020-05-24T18:07:49-0300 [stdout#info] ========= sensor_2 ==========
2020-05-24T18:07:49-0300 [stdout#info] =============================
2020-05-24T18:07:49-0300 [stdout#info] sensor_2 |7.47 Kwh
2020-05-24T18:07:49-0300 [stdout#info] ========= sensor_1 ==========
2020-05-24T18:07:49-0300 [stdout#info] sensor_1  <------->  wsn_sink
2020-05-24T18:07:49-0300 [stdout#info] sensor_1  <------->  sensor_3
2020-05-24T18:07:49-0300 [stdout#info] =============================
2020-05-24T18:07:49-0300 [stdout#info] sensor_1 |22.3 Kwh
2020-05-24T18:07:49-0300 [stdout#info] ========= sensor_5 ==========
2020-05-24T18:07:49-0300 [stdout#info] sensor_5  <------->  sensor_6
2020-05-24T18:07:49-0300 [stdout#info] =============================
2020-05-24T18:07:49-0300 [stdout#info] sensor_5 |12.02 Kwh
2020-05-24T18:07:49-0300 [stdout#info] ========= sensor_8 ==========
2020-05-24T18:07:49-0300 [stdout#info] sensor_8  <------->  sensor_7
2020-05-24T18:07:49-0300 [stdout#info] =============================
2020-05-24T18:07:49-0300 [stdout#info] sensor_8 |3.55 Kwh
2020-05-24T18:07:49-0300 [stdout#info] ========= sensor_7 ==========
2020-05-24T18:07:49-0300 [stdout#info] sensor_7  <------->  sensor_8
2020-05-24T18:07:49-0300 [stdout#info] =============================
2020-05-24T18:07:49-0300 [stdout#info] sensor_7 |3.37 Kwh|3.55 Kwh
2020-05-24T18:07:49-0300 [stdout#info] ========= sensor_4 ==========
2020-05-24T18:07:49-0300 [stdout#info] sensor_4  <------->  sensor_3
2020-05-24T18:07:49-0300 [stdout#info] =============================
2020-05-24T18:07:49-0300 [stdout#info] sensor_4 |5.54 Kwh
2020-05-24T18:07:49-0300 [stdout#info] ========= sensor_3 ==========
2020-05-24T18:07:49-0300 [stdout#info] sensor_3  <------->  sensor_1
2020-05-24T18:07:49-0300 [stdout#info] sensor_3  <------->  sensor_4
2020-05-24T18:07:49-0300 [stdout#info] =============================
2020-05-24T18:07:49-0300 [stdout#info] sensor_3 |5.54 Kwh|22.3 Kwh|21.77 Kwh
2020-05-24T18:07:49-0300 [stdout#info] ========= sensor_6 ==========
2020-05-24T18:07:49-0300 [stdout#info] sensor_6  <------->  sensor_5
2020-05-24T18:07:49-0300 [stdout#info] =============================
2020-05-24T18:07:49-0300 [stdout#info] sensor_6 |12.02 Kwh|14.5 Kwh
2020-05-24T18:07:49-0300 [stdout#info] This divice have no simulation core instance
2020-05-24T18:07:49-0300 [stdout#info] This divice have no simulation core instance
2020-05-24T18:07:49-0300 [stdout#info] This divice have no simulation core instance
2020-05-24T18:07:49-0300 [stdout#info] This divice have no simulation core instance
2020-05-24T18:07:49-0300 [stdout#info] This divice have no simulation core instance
2020-05-24T18:07:49-0300 [Uninitialized] 127.0.0.1:34600 - Connected to mqtt broker - Number of events: 17
2020-05-24T18:07:49-0300 [Uninitialized] 127.0.0.1:34600 - sending MQTT SUBSCRIBE REQUEST - Number of events: 18
2020-05-24T18:07:49-0300 [Uninitialized] 127.0.0.1:34602 - Connected to mqtt broker - Number of events: 19
2020-05-24T18:07:49-0300 [Uninitialized] 127.0.0.1:34602 - sending MQTT SUBSCRIBE REQUEST - Number of events: 20
2020-05-24T18:07:49-0300 [Uninitialized] 127.0.0.1:57580 - Connected to mqtt broker - Number of events: 21
2020-05-24T18:07:49-0300 [Uninitialized] 127.0.0.1:57580 - sending MQTT PUBLISH REQUEST - Number of events: 22
2020-05-24T18:07:49-0300 [twisted.internet.endpoints.OneShotFactory#info] Starting factory <twisted.internet.endpoints.connectProtocol.<locals>.OneShotFactory object at 0x7f241222b7b8>
2020-05-24T18:07:49-0300 [twisted.internet.endpoints.OneShotFactory#info] Starting factory <twisted.internet.endpoints.connectProtocol.<locals>.OneShotFactory object at 0x7f24102f0080>
2020-05-24T18:07:49-0300 [twisted.internet.endpoints.OneShotFactory#info] Starting factory <twisted.internet.endpoints.connectProtocol.<locals>.OneShotFactory object at 0x7f24102f02b0>
2020-05-24T18:07:49-0300 [stdout#info] This divice have no simulation core instance
2020-05-24T18:07:49-0300 [twisted.internet.endpoints.OneShotFactory#info] Starting factory <twisted.internet.endpoints.connectProtocol.<locals>.OneShotFactory object at 0x7f24102f0a20>
2020-05-24T18:07:52-0300 [stdout#info] sensor_9 |13.45 Kwh
2020-05-24T18:07:52-0300 [stdout#info] sensor_2 |19.91 Kwh
2020-05-24T18:07:52-0300 [stdout#info] sensor_1 |13.63 Kwh|21.77 Kwh
2020-05-24T18:07:52-0300 [stdout#info] sensor_5 |15.16 Kwh|14.5 Kwh
2020-05-24T18:07:52-0300 [stdout#info] sensor_8 |3.37 Kwh|9.24 Kwh
2020-05-24T18:07:52-0300 [stdout#info] sensor_7 |10.92 Kwh|9.24 Kwh
2020-05-24T18:07:52-0300 [stdout#info] sensor_4 |17.03 Kwh|21.77 Kwh
2020-05-24T18:07:52-0300 [stdout#info] sensor_3 |17.03 Kwh|21.94 Kwh|13.63 Kwh
2020-05-24T18:07:52-0300 [stdout#info] sensor_6 |15.16 Kwh|14.34 Kwh
2020-05-24T18:07:54-0300 [-] 127.0.0.1:57580 - sending MQTT PUBLISH REQUEST - Number of events: 23
2020-05-24T18:07:54-0300 [twisted.internet.endpoints.OneShotFactory#info] Starting factory <twisted.internet.endpoints.connectProtocol.<locals>.OneShotFactory object at 0x7f24102f0668>
2020-05-24T18:07:54-0300 [twisted.internet.endpoints.OneShotFactory#info] Stopping factory <twisted.internet.endpoints.connectProtocol.<locals>.OneShotFactory object at 0x7f24102f02b0>
2020-05-24T18:07:54-0300 [stdout#info] This divice have no simulation core instance
2020-05-24T18:07:54-0300 [twisted.internet.endpoints.OneShotFactory#info] Starting factory <twisted.internet.endpoints.connectProtocol.<locals>.OneShotFactory object at 0x7f24102f0f28>
2020-05-24T18:07:54-0300 [twisted.internet.endpoints.OneShotFactory#info] Stopping factory <twisted.internet.endpoints.connectProtocol.<locals>.OneShotFactory object at 0x7f24102f0a20>
2020-05-24T18:07:55-0300 [stdout#info] sensor_9 |18.56 Kwh
2020-05-24T18:07:55-0300 [stdout#info] sensor_2 |22.13 Kwh
2020-05-24T18:07:55-0300 [stdout#info] sensor_1 |21.94 Kwh|21.61 Kwh
2020-05-24T18:07:55-0300 [stdout#info] sensor_5 |14.34 Kwh|15.12 Kwh
2020-05-24T18:07:55-0300 [stdout#info] sensor_8 |10.92 Kwh|17.02 Kwh
2020-05-24T18:07:55-0300 [stdout#info] sensor_7 |17.02 Kwh|11.99 Kwh
2020-05-24T18:07:55-0300 [stdout#info] sensor_4 |21.94 Kwh|13.76 Kwh
2020-05-24T18:07:55-0300 [stdout#info] sensor_3 |13.76 Kwh|21.61 Kwh|20.51 Kwh
2020-05-24T18:07:55-0300 [stdout#info] sensor_6 |7.6 Kwh|15.12 Kwh
2020-05-24T18:07:58-0300 [stdout#info] sensor_9 |8.81 Kwh
2020-05-24T18:07:58-0300 [stdout#info] sensor_2 |21.78 Kwh
2020-05-24T18:07:58-0300 [stdout#info] sensor_1 |5.99 Kwh|20.51 Kwh
2020-05-24T18:07:58-0300 [stdout#info] sensor_5 |7.6 Kwh|12.09 Kwh
2020-05-24T18:07:58-0300 [stdout#info] sensor_8 |13.18 Kwh|11.99 Kwh
2020-05-24T18:07:58-0300 [stdout#info] sensor_7 |13.18 Kwh|8.93 Kwh
2020-05-24T18:07:58-0300 [stdout#info] sensor_4 |19.15 Kwh|20.51 Kwh
2020-05-24T18:07:58-0300 [stdout#info] sensor_3 |21.54 Kwh|19.15 Kwh|5.99 Kwh
2020-05-24T18:07:58-0300 [stdout#info] sensor_6 |12.09 Kwh|20.07 Kwh
2020-05-24T18:07:59-0300 [-] 127.0.0.1:57580 - sending MQTT PUBLISH REQUEST - Number of events: 24
2020-05-24T18:07:59-0300 [twisted.internet.endpoints.OneShotFactory#info] Starting factory <twisted.internet.endpoints.connectProtocol.<locals>.OneShotFactory object at 0x7f24119be278>
2020-05-24T18:07:59-0300 [twisted.internet.endpoints.OneShotFactory#info] Stopping factory <twisted.internet.endpoints.connectProtocol.<locals>.OneShotFactory object at 0x7f24102f0668>
2020-05-24T18:07:59-0300 [stdout#info] This divice have no simulation core instance
2020-05-24T18:07:59-0300 [twisted.internet.endpoints.OneShotFactory#info] Starting factory <twisted.internet.endpoints.connectProtocol.<locals>.OneShotFactory object at 0x7f24119be4a8>
2020-05-24T18:08:01-0300 [stdout#info] sensor_9 |5.62 Kwh
2020-05-24T18:08:01-0300 [stdout#info] sensor_2 |11.37 Kwh
2020-05-24T18:08:01-0300 [stdout#info] sensor_1 |21.54 Kwh|12.14 Kwh
2020-05-24T18:08:01-0300 [stdout#info] sensor_5 |20.07 Kwh|16.04 Kwh
2020-05-24T18:08:01-0300 [stdout#info] sensor_8 |22.05 Kwh|8.93 Kwh
2020-05-24T18:08:01-0300 [stdout#info] sensor_7 |13.16 Kwh|22.05 Kwh
2020-05-24T18:08:01-0300 [stdout#info] sensor_4 |21.54 Kwh|20.32 Kwh
2020-05-24T18:08:01-0300 [stdout#info] sensor_3 |22.38 Kwh|12.14 Kwh|20.32 Kwh
2020-05-24T18:08:01-0300 [stdout#info] sensor_6 |21.22 Kwh|16.04 Kwh
2020-05-24T18:08:04-0300 [stdout#info] sensor_9 |10.98 Kwh
2020-05-24T18:08:04-0300 [stdout#info] sensor_2 |16.22 Kwh
2020-05-24T18:08:04-0300 [stdout#info] sensor_1 |22.38 Kwh|5.64 Kwh
2020-05-24T18:08:04-0300 [stdout#info] sensor_5 |21.22 Kwh|10.69 Kwh
2020-05-24T18:08:04-0300 [stdout#info] sensor_8 |17.32 Kwh|13.16 Kwh
2020-05-24T18:08:04-0300 [stdout#info] sensor_7 |4.73 Kwh|17.32 Kwh
2020-05-24T18:08:04-0300 [stdout#info] sensor_4 |22.38 Kwh|11.84 Kwh
2020-05-24T18:08:04-0300 [stdout#info] sensor_3 |9.35 Kwh|11.84 Kwh|5.64 Kwh
2020-05-24T18:08:04-0300 [stdout#info] sensor_6 |12.67 Kwh|10.69 Kwh
2020-05-24T18:08:04-0300 [-] 127.0.0.1:57580 - sending MQTT PUBLISH REQUEST - Number of events: 25
2020-05-24T18:08:04-0300 [twisted.internet.endpoints.OneShotFactory#info] Starting factory <twisted.internet.endpoints.connectProtocol.<locals>.OneShotFactory object at 0x7f24119be7b8>
2020-05-24T18:08:04-0300 [twisted.internet.endpoints.OneShotFactory#info] Stopping factory <twisted.internet.endpoints.connectProtocol.<locals>.OneShotFactory object at 0x7f24119be278>
2020-05-24T18:08:04-0300 [stdout#info] This divice have no simulation core instance
2020-05-24T18:08:04-0300 [twisted.internet.endpoints.OneShotFactory#info] Starting factory <twisted.internet.endpoints.connectProtocol.<locals>.OneShotFactory object at 0x7f24119be9b0>
2020-05-24T18:08:07-0300 [stdout#info] sensor_9 |8.62 Kwh
2020-05-24T18:08:07-0300 [stdout#info] sensor_2 |3.35 Kwh
2020-05-24T18:08:07-0300 [stdout#info] sensor_1 |9.35 Kwh|7.14 Kwh
2020-05-24T18:08:07-0300 [stdout#info] sensor_5 |12.67 Kwh|12.53 Kwh
2020-05-24T18:08:07-0300 [stdout#info] sensor_8 |6.03 Kwh|4.73 Kwh
2020-05-24T18:08:07-0300 [stdout#info] sensor_7 |6.03 Kwh|6.05 Kwh
2020-05-24T18:08:07-0300 [stdout#info] sensor_4 |9.35 Kwh|12.13 Kwh
2020-05-24T18:08:07-0300 [stdout#info] sensor_3 |12.13 Kwh|18.77 Kwh|7.14 Kwh
2020-05-24T18:08:07-0300 [stdout#info] sensor_6 |12.53 Kwh|2.72 Kwh
2020-05-24T18:08:09-0300 [-] 127.0.0.1:57580 - sending MQTT PUBLISH REQUEST - Number of events: 26
2020-05-24T18:08:09-0300 [twisted.internet.endpoints.OneShotFactory#info] Starting factory <twisted.internet.endpoints.connectProtocol.<locals>.OneShotFactory object at 0x7f24119be400>
2020-05-24T18:08:09-0300 [twisted.internet.endpoints.OneShotFactory#info] Stopping factory <twisted.internet.endpoints.connectProtocol.<locals>.OneShotFactory object at 0x7f24119be7b8>
2020-05-24T18:08:09-0300 [stdout#info] This divice have no simulation core instance
2020-05-24T18:08:09-0300 [twisted.internet.endpoints.OneShotFactory#info] Starting factory <twisted.internet.endpoints.connectProtocol.<locals>.OneShotFactory object at 0x7f24119beeb8>
2020-05-24T18:08:10-0300 [stdout#info] sensor_9 |3.52 Kwh
2020-05-24T18:08:10-0300 [stdout#info] sensor_2 |17.13 Kwh
2020-05-24T18:08:10-0300 [stdout#info] sensor_1 |8.69 Kwh|18.77 Kwh
2020-05-24T18:08:10-0300 [stdout#info] sensor_5 |19.78 Kwh|2.72 Kwh
2020-05-24T18:08:10-0300 [stdout#info] sensor_8 |6.05 Kwh|4.58 Kwh
2020-05-24T18:08:10-0300 [stdout#info] sensor_7 |14.09 Kwh|4.58 Kwh
2020-05-24T18:08:10-0300 [stdout#info] sensor_4 |11.58 Kwh|18.77 Kwh
2020-05-24T18:08:10-0300 [stdout#info] sensor_3 |8.69 Kwh|8.35 Kwh|11.58 Kwh
2020-05-24T18:08:10-0300 [stdout#info] sensor_6 |19.78 Kwh|12.64 Kwh
2020-05-24T18:08:13-0300 [stdout#info] sensor_9 |3.2 Kwh
2020-05-24T18:08:13-0300 [stdout#info] sensor_2 |13.17 Kwh
2020-05-24T18:08:13-0300 [stdout#info] sensor_1 |8.35 Kwh|3.59 Kwh
2020-05-24T18:08:13-0300 [stdout#info] sensor_5 |4.49 Kwh|12.64 Kwh
2020-05-24T18:08:13-0300 [stdout#info] sensor_8 |14.09 Kwh|8.04 Kwh
2020-05-24T18:08:13-0300 [stdout#info] sensor_7 |8.04 Kwh|3.36 Kwh
2020-05-24T18:08:13-0300 [stdout#info] sensor_4 |8.35 Kwh|12.93 Kwh
2020-05-24T18:08:13-0300 [stdout#info] sensor_3 |7.07 Kwh|3.59 Kwh|12.93 Kwh
2020-05-24T18:08:13-0300 [stdout#info] sensor_6 |4.49 Kwh|20.29 Kwh
2020-05-24T18:08:14-0300 [-] 127.0.0.1:57580 - sending MQTT PUBLISH REQUEST - Number of events: 27
2020-05-24T18:08:14-0300 [twisted.internet.endpoints.OneShotFactory#info] Starting factory <twisted.internet.endpoints.connectProtocol.<locals>.OneShotFactory object at 0x7f241222b710>
2020-05-24T18:08:14-0300 [twisted.internet.endpoints.OneShotFactory#info] Stopping factory <twisted.internet.endpoints.connectProtocol.<locals>.OneShotFactory object at 0x7f24119be400>
2020-05-24T18:08:14-0300 [stdout#info] This divice have no simulation core instance
2020-05-24T18:08:14-0300 [twisted.internet.endpoints.OneShotFactory#info] Starting factory <twisted.internet.endpoints.connectProtocol.<locals>.OneShotFactory object at 0x7f241197a320>
2020-05-24T18:08:16-0300 [stdout#info] sensor_9 |17.17 Kwh
2020-05-24T18:08:16-0300 [stdout#info] sensor_2 |4.7 Kwh
2020-05-24T18:08:16-0300 [stdout#info] sensor_1 |20.23 Kwh|7.07 Kwh
2020-05-24T18:08:16-0300 [stdout#info] sensor_5 |10.01 Kwh|20.29 Kwh
2020-05-24T18:08:16-0300 [stdout#info] sensor_8 |13.15 Kwh|3.36 Kwh
2020-05-24T18:08:16-0300 [stdout#info] sensor_7 |5.47 Kwh|13.15 Kwh
2020-05-24T18:08:16-0300 [stdout#info] sensor_4 |7.07 Kwh|7.61 Kwh
2020-05-24T18:08:16-0300 [stdout#info] sensor_3 |20.23 Kwh|7.61 Kwh|18.38 Kwh
2020-05-24T18:08:16-0300 [stdout#info] sensor_6 |10.01 Kwh|2.79 Kwh
2020-05-24T18:08:19-0300 [stdout#info] sensor_9 |7.64 Kwh
2020-05-24T18:08:19-0300 [stdout#info] sensor_2 |11.65 Kwh
2020-05-24T18:08:19-0300 [stdout#info] sensor_1 |17.61 Kwh|18.38 Kwh
2020-05-24T18:08:19-0300 [stdout#info] sensor_5 |2.79 Kwh|12.3 Kwh
2020-05-24T18:08:19-0300 [stdout#info] sensor_8 |5.47 Kwh|3.31 Kwh
2020-05-24T18:08:19-0300 [stdout#info] sensor_7 |4.13 Kwh|3.31 Kwh
2020-05-24T18:08:19-0300 [stdout#info] sensor_4 |18.64 Kwh|18.38 Kwh
2020-05-24T18:08:19-0300 [stdout#info] sensor_3 |17.61 Kwh|18.64 Kwh|19.52 Kwh
2020-05-24T18:08:19-0300 [stdout#info] sensor_6 |20.21 Kwh|12.3 Kwh
2020-05-24T18:08:19-0300 [-] 127.0.0.1:57580 - sending MQTT PUBLISH REQUEST - Number of events: 28
2020-05-24T18:08:19-0300 [twisted.internet.endpoints.OneShotFactory#info] Starting factory <twisted.internet.endpoints.connectProtocol.<locals>.OneShotFactory object at 0x7f241197a2e8>
2020-05-24T18:08:19-0300 [twisted.internet.endpoints.OneShotFactory#info] Stopping factory <twisted.internet.endpoints.connectProtocol.<locals>.OneShotFactory object at 0x7f241222b710>
2020-05-24T18:08:19-0300 [stdout#info] This divice have no simulation core instance
2020-05-24T18:08:19-0300 [twisted.internet.endpoints.OneShotFactory#info] Starting factory <twisted.internet.endpoints.connectProtocol.<locals>.OneShotFactory object at 0x7f241197a748>
2020-05-24T18:08:22-0300 [stdout#info] sensor_9 |5.53 Kwh
2020-05-24T18:08:22-0300 [stdout#info] sensor_2 |17.2 Kwh
2020-05-24T18:08:22-0300 [stdout#info] sensor_1 |4.53 Kwh|19.52 Kwh
2020-05-24T18:08:22-0300 [stdout#info] sensor_5 |13.35 Kwh|20.21 Kwh
2020-05-24T18:08:22-0300 [stdout#info] sensor_8 |7.51 Kwh|4.13 Kwh
2020-05-24T18:08:22-0300 [stdout#info] sensor_7 |7.51 Kwh|14.71 Kwh
2020-05-24T18:08:22-0300 [stdout#info] sensor_4 |11.81 Kwh|19.52 Kwh
2020-05-24T18:08:22-0300 [stdout#info] sensor_3 |4.53 Kwh|11.81 Kwh|16.68 Kwh
2020-05-24T18:08:22-0300 [stdout#info] sensor_6 |13.35 Kwh|13.13 Kwh
2020-05-24T18:08:24-0300 [-] 127.0.0.1:57580 - sending MQTT PUBLISH REQUEST - Number of events: 29
2020-05-24T18:08:24-0300 [twisted.internet.endpoints.OneShotFactory#info] Starting factory <twisted.internet.endpoints.connectProtocol.<locals>.OneShotFactory object at 0x7f241197a160>
2020-05-24T18:08:24-0300 [twisted.internet.endpoints.OneShotFactory#info] Stopping factory <twisted.internet.endpoints.connectProtocol.<locals>.OneShotFactory object at 0x7f241197a2e8>
2020-05-24T18:08:24-0300 [stdout#info] This divice have no simulation core instance
2020-05-24T18:08:24-0300 [twisted.internet.endpoints.OneShotFactory#info] Starting factory <twisted.internet.endpoints.connectProtocol.<locals>.OneShotFactory object at 0x7f241197ac18>
2020-05-24T18:08:25-0300 [stdout#info] sensor_9 |8.42 Kwh
2020-05-24T18:08:25-0300 [stdout#info] sensor_2 |18.99 Kwh
2020-05-24T18:08:25-0300 [stdout#info] sensor_1 |16.68 Kwh|22.27 Kwh
2020-05-24T18:08:25-0300 [stdout#info] sensor_5 |13.13 Kwh|18.44 Kwh
2020-05-24T18:08:25-0300 [stdout#info] sensor_8 |6.2 Kwh|14.71 Kwh
2020-05-24T18:08:25-0300 [stdout#info] sensor_7 |6.2 Kwh|11.58 Kwh
2020-05-24T18:08:25-0300 [stdout#info] sensor_4 |16.68 Kwh|18.65 Kwh
2020-05-24T18:08:25-0300 [stdout#info] sensor_3 |18.65 Kwh|22.27 Kwh|19.92 Kwh
2020-05-24T18:08:25-0300 [stdout#info] sensor_6 |18.44 Kwh|13.98 Kwh
2020-05-24T18:08:28-0300 [stdout#info] sensor_9 |18.62 Kwh
2020-05-24T18:08:28-0300 [stdout#info] sensor_2 |4.78 Kwh
2020-05-24T18:08:28-0300 [stdout#info] sensor_1 |2.71 Kwh|19.92 Kwh
2020-05-24T18:08:28-0300 [stdout#info] sensor_5 |22.25 Kwh|13.98 Kwh
2020-05-24T18:08:28-0300 [stdout#info] sensor_8 |13.11 Kwh|11.58 Kwh
2020-05-24T18:08:28-0300 [stdout#info] sensor_7 |13.11 Kwh|4.76 Kwh
2020-05-24T18:08:28-0300 [stdout#info] sensor_4 |5.17 Kwh|19.92 Kwh
2020-05-24T18:08:28-0300 [stdout#info] sensor_3 |15.16 Kwh|5.17 Kwh|2.71 Kwh
2020-05-24T18:08:28-0300 [stdout#info] sensor_6 |22.25 Kwh|22.45 Kwh
2020-05-24T18:08:29-0300 [-] 127.0.0.1:57580 - sending MQTT PUBLISH REQUEST - Number of events: 30
2020-05-24T18:08:29-0300 [twisted.internet.endpoints.OneShotFactory#info] Starting factory <twisted.internet.endpoints.connectProtocol.<locals>.OneShotFactory object at 0x7f241197a978>
2020-05-24T18:08:29-0300 [twisted.internet.endpoints.OneShotFactory#info] Stopping factory <twisted.internet.endpoints.connectProtocol.<locals>.OneShotFactory object at 0x7f241197a160>
2020-05-24T18:08:29-0300 [stdout#info] This divice have no simulation core instance
2020-05-24T18:08:29-0300 [twisted.internet.endpoints.OneShotFactory#info] Starting factory <twisted.internet.endpoints.connectProtocol.<locals>.OneShotFactory object at 0x7f241198c128>
2020-05-24T18:08:31-0300 [stdout#info] sensor_9 |5.76 Kwh
2020-05-24T18:08:31-0300 [stdout#info] sensor_2 |17.43 Kwh
2020-05-24T18:08:31-0300 [stdout#info] sensor_1 |15.16 Kwh|20.18 Kwh
2020-05-24T18:08:31-0300 [stdout#info] sensor_5 |22.45 Kwh|12.82 Kwh
2020-05-24T18:08:31-0300 [stdout#info] sensor_8 |14.54 Kwh|4.76 Kwh
2020-05-24T18:08:31-0300 [stdout#info] sensor_7 |14.54 Kwh|21.17 Kwh
2020-05-24T18:08:31-0300 [stdout#info] sensor_4 |15.16 Kwh|4.92 Kwh
2020-05-24T18:08:31-0300 [stdout#info] sensor_3 |4.92 Kwh|20.18 Kwh|11.53 Kwh
2020-05-24T18:08:31-0300 [stdout#info] sensor_6 |13.39 Kwh|12.82 Kwh
2020-05-24T18:08:34-0300 [stdout#info] sensor_9 |5.95 Kwh
2020-05-24T18:08:34-0300 [stdout#info] sensor_2 |12.11 Kwh
2020-05-24T18:08:34-0300 [stdout#info] sensor_1 |11.53 Kwh|10.81 Kwh
2020-05-24T18:08:34-0300 [stdout#info] sensor_5 |13.39 Kwh|13.08 Kwh
2020-05-24T18:08:34-0300 [stdout#info] sensor_8 |5.6 Kwh|21.17 Kwh
2020-05-24T18:08:34-0300 [stdout#info] sensor_7 |5.71 Kwh|5.6 Kwh
2020-05-24T18:08:34-0300 [stdout#info] sensor_4 |8.29 Kwh|11.53 Kwh
2020-05-24T18:08:34-0300 [stdout#info] sensor_3 |8.29 Kwh|10.81 Kwh|21.12 Kwh
2020-05-24T18:08:34-0300 [stdout#info] sensor_6 |13.08 Kwh|9.98 Kwh
2020-05-24T18:08:34-0300 [-] 127.0.0.1:57580 - sending MQTT PUBLISH REQUEST - Number of events: 31
2020-05-24T18:08:34-0300 [twisted.internet.endpoints.OneShotFactory#info] Starting factory <twisted.internet.endpoints.connectProtocol.<locals>.OneShotFactory object at 0x7f24102e6ba8>
2020-05-24T18:08:34-0300 [twisted.internet.endpoints.OneShotFactory#info] Stopping factory <twisted.internet.endpoints.connectProtocol.<locals>.OneShotFactory object at 0x7f241197a978>
2020-05-24T18:08:34-0300 [stdout#info] This divice have no simulation core instance
2020-05-24T18:08:34-0300 [twisted.internet.endpoints.OneShotFactory#info] Starting factory <twisted.internet.endpoints.connectProtocol.<locals>.OneShotFactory object at 0x7f241198c630>
2020-05-24T18:08:37-0300 [stdout#info] sensor_9 |11.01 Kwh
2020-05-24T18:08:37-0300 [stdout#info] sensor_2 |3.57 Kwh
2020-05-24T18:08:37-0300 [stdout#info] sensor_1 |18.71 Kwh|21.12 Kwh
2020-05-24T18:08:37-0300 [stdout#info] sensor_5 |9.98 Kwh|2.65 Kwh
2020-05-24T18:08:37-0300 [stdout#info] sensor_8 |5.71 Kwh|21.2 Kwh
2020-05-24T18:08:37-0300 [stdout#info] sensor_7 |6.11 Kwh|21.2 Kwh
2020-05-24T18:08:37-0300 [stdout#info] sensor_4 |21.12 Kwh|6.01 Kwh
2020-05-24T18:08:37-0300 [stdout#info] sensor_3 |18.71 Kwh|4.49 Kwh|6.01 Kwh
2020-05-24T18:08:37-0300 [stdout#info] sensor_6 |5.91 Kwh|2.65 Kwh
2020-05-24T18:08:39-0300 [-] 127.0.0.1:57580 - sending MQTT PUBLISH REQUEST - Number of events: 32
2020-05-24T18:08:39-0300 [twisted.internet.endpoints.OneShotFactory#info] Starting factory <twisted.internet.endpoints.connectProtocol.<locals>.OneShotFactory object at 0x7f241198c2b0>
2020-05-24T18:08:39-0300 [twisted.internet.endpoints.OneShotFactory#info] Stopping factory <twisted.internet.endpoints.connectProtocol.<locals>.OneShotFactory object at 0x7f24102e6ba8>
2020-05-24T18:08:39-0300 [stdout#info] This divice have no simulation core instance
2020-05-24T18:08:39-0300 [twisted.internet.endpoints.OneShotFactory#info] Starting factory <twisted.internet.endpoints.connectProtocol.<locals>.OneShotFactory object at 0x7f241198ca90>
2020-05-24T18:08:40-0300 [stdout#info] sensor_9 |3.94 Kwh
2020-05-24T18:08:40-0300 [stdout#info] sensor_2 |8.87 Kwh
2020-05-24T18:08:40-0300 [stdout#info] sensor_1 |16.04 Kwh|4.49 Kwh
2020-05-24T18:08:40-0300 [stdout#info] sensor_5 |4.7 Kwh|5.91 Kwh
2020-05-24T18:08:40-0300 [stdout#info] sensor_8 |2.87 Kwh|6.11 Kwh
2020-05-24T18:08:40-0300 [stdout#info] sensor_7 |2.87 Kwh|15.63 Kwh
2020-05-24T18:08:40-0300 [stdout#info] sensor_4 |11.13 Kwh|4.49 Kwh
2020-05-24T18:08:40-0300 [stdout#info] sensor_3 |16.04 Kwh|11.13 Kwh|19.8 Kwh
2020-05-24T18:08:40-0300 [stdout#info] sensor_6 |4.7 Kwh|16.04 Kwh
2020-05-24T18:08:43-0300 [stdout#info] sensor_9 |4.21 Kwh
2020-05-24T18:08:43-0300 [stdout#info] sensor_2 |11.74 Kwh
2020-05-24T18:08:43-0300 [stdout#info] sensor_1 |19.86 Kwh|19.8 Kwh
2020-05-24T18:08:43-0300 [stdout#info] sensor_5 |10.64 Kwh|16.04 Kwh
2020-05-24T18:08:43-0300 [stdout#info] sensor_8 |11.17 Kwh|15.63 Kwh
2020-05-24T18:08:43-0300 [stdout#info] sensor_7 |11.17 Kwh|4.92 Kwh
2020-05-24T18:08:43-0300 [stdout#info] sensor_4 |4.14 Kwh|19.8 Kwh
2020-05-24T18:08:43-0300 [stdout#info] sensor_3 |19.86 Kwh|16.08 Kwh|4.14 Kwh
2020-05-24T18:08:43-0300 [stdout#info] sensor_6 |10.64 Kwh|9.32 Kwh
2020-05-24T18:08:44-0300 [-] 127.0.0.1:57580 - sending MQTT PUBLISH REQUEST - Number of events: 33
2020-05-24T18:08:44-0300 [twisted.internet.endpoints.OneShotFactory#info] Starting factory <twisted.internet.endpoints.connectProtocol.<locals>.OneShotFactory object at 0x7f241198c320>
2020-05-24T18:08:44-0300 [twisted.internet.endpoints.OneShotFactory#info] Stopping factory <twisted.internet.endpoints.connectProtocol.<locals>.OneShotFactory object at 0x7f241198c2b0>
2020-05-24T18:08:44-0300 [stdout#info] This divice have no simulation core instance
2020-05-24T18:08:44-0300 [twisted.internet.endpoints.OneShotFactory#info] Starting factory <twisted.internet.endpoints.connectProtocol.<locals>.OneShotFactory object at 0x7f241198cc50>
2020-05-24T18:08:46-0300 [stdout#info] sensor_9 |13.05 Kwh
2020-05-24T18:08:46-0300 [stdout#info] sensor_2 |5.79 Kwh
2020-05-24T18:08:46-0300 [stdout#info] sensor_1 |4.02 Kwh|16.08 Kwh
2020-05-24T18:08:46-0300 [stdout#info] sensor_5 |9.32 Kwh|10.92 Kwh
2020-05-24T18:08:46-0300 [stdout#info] sensor_8 |15.88 Kwh|4.92 Kwh
2020-05-24T18:08:46-0300 [stdout#info] sensor_7 |17.82 Kwh|15.88 Kwh
2020-05-24T18:08:46-0300 [stdout#info] sensor_4 |16.08 Kwh|20.69 Kwh
2020-05-24T18:08:46-0300 [stdout#info] sensor_3 |4.02 Kwh|14.7 Kwh|20.69 Kwh
2020-05-24T18:08:46-0300 [stdout#info] sensor_6 |10.92 Kwh|9.49 Kwh
2020-05-24T18:08:49-0300 [stdout#info] sensor_9 |21.92 Kwh
2020-05-24T18:08:49-0300 [stdout#info] sensor_2 |10.31 Kwh
2020-05-24T18:08:49-0300 [stdout#info] sensor_1 |3.16 Kwh|14.7 Kwh
2020-05-24T18:08:49-0300 [stdout#info] sensor_5 |19.52 Kwh|9.49 Kwh
2020-05-24T18:08:49-0300 [stdout#info] sensor_8 |17.82 Kwh|7.11 Kwh
2020-05-24T18:08:49-0300 [stdout#info] sensor_7 |11.49 Kwh|7.11 Kwh
2020-05-24T18:08:49-0300 [stdout#info] sensor_4 |22.11 Kwh|14.7 Kwh
2020-05-24T18:08:49-0300 [stdout#info] sensor_3 |3.16 Kwh|22.11 Kwh|12.83 Kwh
2020-05-24T18:08:49-0300 [-] 127.0.0.1:57580 - sending MQTT PUBLISH REQUEST - Number of events: 34
2020-05-24T18:08:49-0300 [stdout#info] sensor_6 |17.35 Kwh|19.52 Kwh
2020-05-24T18:08:49-0300 [twisted.internet.endpoints.OneShotFactory#info] Starting factory <twisted.internet.endpoints.connectProtocol.<locals>.OneShotFactory object at 0x7f2411999550>
2020-05-24T18:08:49-0300 [twisted.internet.endpoints.OneShotFactory#info] Stopping factory <twisted.internet.endpoints.connectProtocol.<locals>.OneShotFactory object at 0x7f241198c320>
2020-05-24T18:08:49-0300 [stdout#info] This divice have no simulation core instance
2020-05-24T18:08:49-0300 [twisted.internet.endpoints.OneShotFactory#info] Starting factory <twisted.internet.endpoints.connectProtocol.<locals>.OneShotFactory object at 0x7f2411999358>
2020-05-24T18:08:52-0300 [stdout#info] sensor_9 |14.06 Kwh
2020-05-24T18:08:52-0300 [stdout#info] sensor_2 |21.56 Kwh
2020-05-24T18:08:52-0300 [stdout#info] sensor_1 |12.83 Kwh|3.82 Kwh
2020-05-24T18:08:52-0300 [stdout#info] sensor_5 |17.35 Kwh|11.62 Kwh
2020-05-24T18:08:52-0300 [stdout#info] sensor_8 |11.49 Kwh|15.02 Kwh
2020-05-24T18:08:52-0300 [stdout#info] sensor_7 |15.02 Kwh|20.85 Kwh
2020-05-24T18:08:52-0300 [stdout#info] sensor_4 |12.83 Kwh|6.91 Kwh
2020-05-24T18:08:52-0300 [stdout#info] sensor_3 |3.82 Kwh|6.91 Kwh|6.12 Kwh
2020-05-24T18:08:52-0300 [stdout#info] sensor_6 |11.62 Kwh|20.59 Kwh
2020-05-24T18:08:54-0300 [-] 127.0.0.1:57580 - sending MQTT PUBLISH REQUEST - Number of events: 35
2020-05-24T18:08:54-0300 [twisted.internet.endpoints.OneShotFactory#info] Starting factory <twisted.internet.endpoints.connectProtocol.<locals>.OneShotFactory object at 0x7f241198cf60>
2020-05-24T18:08:54-0300 [twisted.internet.endpoints.OneShotFactory#info] Stopping factory <twisted.internet.endpoints.connectProtocol.<locals>.OneShotFactory object at 0x7f2411999550>
2020-05-24T18:08:54-0300 [stdout#info] This divice have no simulation core instance
2020-05-24T18:08:54-0300 [twisted.internet.endpoints.OneShotFactory#info] Starting factory <twisted.internet.endpoints.connectProtocol.<locals>.OneShotFactory object at 0x7f2411999898>
2020-05-24T18:08:57-0300 [-] Closing IoTFogSim Application...
2020-05-24T18:08:57-0300 [twisted.internet.endpoints.OneShotFactory#info] Stopping factory <twisted.internet.endpoints.connectProtocol.<locals>.OneShotFactory object at 0x7f24102f0f28>
2020-05-24T18:08:57-0300 [twisted.internet.endpoints.OneShotFactory#info] Stopping factory <twisted.internet.endpoints.connectProtocol.<locals>.OneShotFactory object at 0x7f241197a748>
2020-05-24T18:08:57-0300 [twisted.internet.endpoints.OneShotFactory#info] Stopping factory <twisted.internet.endpoints.connectProtocol.<locals>.OneShotFactory object at 0x7f241198cc50>
2020-05-24T18:08:57-0300 [twisted.internet.endpoints.OneShotFactory#info] Stopping factory <twisted.internet.endpoints.connectProtocol.<locals>.OneShotFactory object at 0x7f24102f0080>
2020-05-24T18:08:57-0300 [twisted.internet.endpoints.OneShotFactory#info] Stopping factory <twisted.internet.endpoints.connectProtocol.<locals>.OneShotFactory object at 0x7f2411999898>
2020-05-24T18:08:57-0300 [applications.mqttapp.BrokerFactory] (TCP Port 5100 Closed)
2020-05-24T18:08:57-0300 [twisted.internet.endpoints.OneShotFactory#info] Stopping factory <twisted.internet.endpoints.connectProtocol.<locals>.OneShotFactory object at 0x7f241198c128>
2020-05-24T18:08:57-0300 [twisted.internet.endpoints.OneShotFactory#info] Stopping factory <twisted.internet.endpoints.connectProtocol.<locals>.OneShotFactory object at 0x7f24119be9b0>
2020-05-24T18:08:57-0300 [twisted.internet.endpoints.OneShotFactory#info] Stopping factory <twisted.internet.endpoints.connectProtocol.<locals>.OneShotFactory object at 0x7f241198cf60>
2020-05-24T18:08:57-0300 [SubscriberApp,client] connection lost: Connection to the other side was lost in a non-clean fashion: Connection lost.
2020-05-24T18:08:57-0300 [SubscriberApp,client] connection lost - Number of events: 36
2020-05-24T18:08:57-0300 [twisted.internet.endpoints.OneShotFactory#info] Stopping factory <twisted.internet.endpoints.connectProtocol.<locals>.OneShotFactory object at 0x7f241198ca90>
2020-05-24T18:08:57-0300 [twisted.internet.endpoints.OneShotFactory#info] Stopping factory <twisted.internet.endpoints.connectProtocol.<locals>.OneShotFactory object at 0x7f241222b7b8>
2020-05-24T18:08:57-0300 [twisted.internet.endpoints.OneShotFactory#info] Stopping factory <twisted.internet.endpoints.connectProtocol.<locals>.OneShotFactory object at 0x7f241197a320>
2020-05-24T18:08:57-0300 [twisted.internet.endpoints.OneShotFactory#info] Stopping factory <twisted.internet.endpoints.connectProtocol.<locals>.OneShotFactory object at 0x7f241197ac18>
2020-05-24T18:08:57-0300 [twisted.internet.endpoints.OneShotFactory#info] Stopping factory <twisted.internet.endpoints.connectProtocol.<locals>.OneShotFactory object at 0x7f24119be4a8>
2020-05-24T18:08:57-0300 [applications.routerapp.RouterFactory] (TCP Port 8081 Closed)
2020-05-24T18:08:57-0300 [SubscriberApp,client] connection lost: Connection to the other side was lost in a non-clean fashion: Connection lost.
2020-05-24T18:08:57-0300 [SubscriberApp,client] connection lost - Number of events: 37
2020-05-24T18:08:57-0300 [twisted.internet.endpoints.OneShotFactory#info] Stopping factory <twisted.internet.endpoints.connectProtocol.<locals>.OneShotFactory object at 0x7f241198c630>
2020-05-24T18:08:57-0300 [twisted.internet.endpoints.OneShotFactory#info] Stopping factory <twisted.internet.endpoints.connectProtocol.<locals>.OneShotFactory object at 0x7f2411999358>
2020-05-24T18:08:57-0300 [applications.accesspointapp.AccessPointFactory] (TCP Port 8082 Closed)
2020-05-24T18:08:57-0300 [PublisherApp,client] connection lost: Connection to the other side was lost in a non-clean fashion: Connection lost.
2020-05-24T18:08:57-0300 [PublisherApp,client] connection lost - Number of events: 38
2020-05-24T18:08:57-0300 [twisted.internet.endpoints.OneShotFactory#info] Stopping factory <twisted.internet.endpoints.connectProtocol.<locals>.OneShotFactory object at 0x7f24119beeb8>
2020-05-24T18:08:57-0300 [-] Main loop terminated.
