2020-05-24T23:09:57-0300 [-] Creating router ...
2020-05-24T23:09:57-0300 [-] Initializing Router - Number of events: 1
2020-05-24T23:09:58-0300 [-] RouterFactory starting on 8081
2020-05-24T23:09:58-0300 [-] Creating AccessPoint station ...
2020-05-24T23:09:58-0300 [-] Initializing Access Point - Number of events: 2
2020-05-24T23:09:58-0300 [-] AccessPointFactory starting on 8082
2020-05-24T23:09:58-0300 [-] Creating fog node ...
2020-05-24T23:09:58-0300 [-] Initializing Client - Number of events: 3
2020-05-24T23:09:59-0300 [-] Creating fog node ...
2020-05-24T23:09:59-0300 [-] Initializing Client - Number of events: 4
2020-05-24T23:09:59-0300 [-] Creating fog node ...
2020-05-24T23:09:59-0300 [-] Initializing Server - Number of events: 5
2020-05-24T23:10:00-0300 [-] BrokerFactory starting on 5100
2020-05-24T23:10:00-0300 [-] Creating iot node ...
2020-05-24T23:10:00-0300 [-] Initializing Client - Number of events: 6
2020-05-24T23:10:01-0300 [-] Initializing sink node - Number of events: 7
2020-05-24T23:10:01-0300 [-] Initializing sensor node - Number of events: 8
2020-05-24T23:10:02-0300 [-] Initializing sensor node - Number of events: 9
2020-05-24T23:10:02-0300 [-] Initializing sensor node - Number of events: 10
2020-05-24T23:10:03-0300 [-] Initializing sensor node - Number of events: 11
2020-05-24T23:10:03-0300 [-] Initializing sensor node - Number of events: 12
2020-05-24T23:10:04-0300 [-] Initializing sensor node - Number of events: 13
2020-05-24T23:10:04-0300 [-] Initializing sensor node - Number of events: 14
2020-05-24T23:10:05-0300 [-] Initializing sensor node - Number of events: 15
2020-05-24T23:10:05-0300 [-] Initializing sensor node - Number of events: 16
2020-05-24T23:10:06-0300 [stdout#info] ========= sensor_1 ==========
2020-05-24T23:10:06-0300 [stdout#info] sensor_1  <------->  wsn_sink
2020-05-24T23:10:06-0300 [stdout#info] sensor_1  <------->  sensor_3
2020-05-24T23:10:06-0300 [stdout#info] =============================
2020-05-24T23:10:06-0300 [stderr#error] Exception in Tkinter callback
2020-05-24T23:10:06-0300 [stderr#error] Traceback (most recent call last):
2020-05-24T23:10:06-0300 [stderr#error]   File "/usr/lib/python3.6/tkinter/__init__.py", line 1708, in __call__
2020-05-24T23:10:06-0300 [stderr#error]     return self.func(*args)
2020-05-24T23:10:06-0300 [stderr#error]   File "/home/rafael/iotfogsim/scinetsim/scinetsim/configurations.py", line 106, in <lambda>
2020-05-24T23:10:06-0300 [stderr#error]     btn_open = ttk.Button(window, text="Open Project",command=lambda:open_project(window,simulation_core))
2020-05-24T23:10:06-0300 [stderr#error]   File "/home/rafael/iotfogsim/scinetsim/scinetsim/configurations.py", line 60, in open_project
2020-05-24T23:10:06-0300 [stderr#error]     load_nodes(selected_project_name, simulation_core)
2020-05-24T23:10:06-0300 [stderr#error]   File "/home/rafael/iotfogsim/scinetsim/scinetsim/configurations.py", line 237, in load_nodes
2020-05-24T23:10:06-0300 [stderr#error]     deivce.run()
2020-05-24T23:10:06-0300 [stderr#error]   File "/home/rafael/iotfogsim/scinetsim/scinetsim/standarddevice.py", line 337, in run
2020-05-24T23:10:06-0300 [stderr#error]     self.application.start(nearby_devices_list)
2020-05-24T23:10:06-0300 [stderr#error]   File "/home/rafael/iotfogsim/scinetsim/applications/wsnapp.py", line 59, in start
2020-05-24T23:10:06-0300 [stderr#error]     self.collect_and_send_data()
2020-05-24T23:10:06-0300 [stderr#error]   File "/home/rafael/iotfogsim/scinetsim/applications/wsnapp.py", line 86, in collect_and_send_data
2020-05-24T23:10:06-0300 [stderr#error]     self.forward_package(_package)
2020-05-24T23:10:06-0300 [stderr#error]   File "/home/rafael/iotfogsim/scinetsim/applications/wsnapp.py", line 118, in forward_package
2020-05-24T23:10:06-0300 [stderr#error]     package.draw_connection_arrow()
2020-05-24T23:10:06-0300 [stderr#error]   File "/home/rafael/iotfogsim/scinetsim/applications/wsnapp.py", line 175, in draw_connection_arrow
2020-05-24T23:10:06-0300 [stderr#error]     x2 = self.destiny.visual_component.x
2020-05-24T23:10:06-0300 [stderr#error] AttributeError: 'WSNPackage' object has no attribute 'destiny'
2020-05-24T23:10:06-0300 [stdout#info] This divice have no simulation core instance
2020-05-24T23:10:06-0300 [stdout#info] This divice have no simulation core instance
2020-05-24T23:10:06-0300 [stdout#info] This divice have no simulation core instance
2020-05-24T23:10:06-0300 [stdout#info] This divice have no simulation core instance
2020-05-24T23:10:06-0300 [stdout#info] This divice have no simulation core instance
2020-05-24T23:10:06-0300 [Uninitialized] 127.0.0.1:39220 - Connected to mqtt broker - Number of events: 17
2020-05-24T23:10:06-0300 [Uninitialized] 127.0.0.1:39220 - sending MQTT SUBSCRIBE REQUEST - Number of events: 18
2020-05-24T23:10:06-0300 [Uninitialized] 127.0.0.1:39222 - Connected to mqtt broker - Number of events: 19
2020-05-24T23:10:06-0300 [Uninitialized] 127.0.0.1:39222 - sending MQTT SUBSCRIBE REQUEST - Number of events: 20
2020-05-24T23:10:06-0300 [Uninitialized] 127.0.0.1:33968 - Connected to mqtt broker - Number of events: 21
2020-05-24T23:10:06-0300 [Uninitialized] 127.0.0.1:33968 - sending MQTT PUBLISH REQUEST - Number of events: 22
2020-05-24T23:10:06-0300 [twisted.internet.endpoints.OneShotFactory#info] Starting factory <twisted.internet.endpoints.connectProtocol.<locals>.OneShotFactory object at 0x7f0add5dbf28>
2020-05-24T23:10:06-0300 [twisted.internet.endpoints.OneShotFactory#info] Starting factory <twisted.internet.endpoints.connectProtocol.<locals>.OneShotFactory object at 0x7f0add5f8160>
2020-05-24T23:10:06-0300 [twisted.internet.endpoints.OneShotFactory#info] Starting factory <twisted.internet.endpoints.connectProtocol.<locals>.OneShotFactory object at 0x7f0add5f8390>
2020-05-24T23:10:06-0300 [stdout#info] This divice have no simulation core instance
2020-05-24T23:10:06-0300 [twisted.internet.endpoints.OneShotFactory#info] Starting factory <twisted.internet.endpoints.connectProtocol.<locals>.OneShotFactory object at 0x7f0add5f8dd8>
2020-05-24T23:10:11-0300 [-] 127.0.0.1:33968 - sending MQTT PUBLISH REQUEST - Number of events: 23
2020-05-24T23:10:11-0300 [twisted.internet.endpoints.OneShotFactory#info] Starting factory <twisted.internet.endpoints.connectProtocol.<locals>.OneShotFactory object at 0x7f0add60d0f0>
2020-05-24T23:10:11-0300 [twisted.internet.endpoints.OneShotFactory#info] Stopping factory <twisted.internet.endpoints.connectProtocol.<locals>.OneShotFactory object at 0x7f0add5f8390>
2020-05-24T23:10:11-0300 [stdout#info] This divice have no simulation core instance
2020-05-24T23:10:11-0300 [twisted.internet.endpoints.OneShotFactory#info] Starting factory <twisted.internet.endpoints.connectProtocol.<locals>.OneShotFactory object at 0x7f0add60d390>
2020-05-24T23:10:11-0300 [twisted.internet.endpoints.OneShotFactory#info] Stopping factory <twisted.internet.endpoints.connectProtocol.<locals>.OneShotFactory object at 0x7f0add5f8dd8>
2020-05-24T23:10:16-0300 [-] 127.0.0.1:33968 - sending MQTT PUBLISH REQUEST - Number of events: 24
2020-05-24T23:10:16-0300 [twisted.internet.endpoints.OneShotFactory#info] Starting factory <twisted.internet.endpoints.connectProtocol.<locals>.OneShotFactory object at 0x7f0add60d588>
2020-05-24T23:10:16-0300 [twisted.internet.endpoints.OneShotFactory#info] Stopping factory <twisted.internet.endpoints.connectProtocol.<locals>.OneShotFactory object at 0x7f0add60d0f0>
2020-05-24T23:10:16-0300 [stdout#info] This divice have no simulation core instance
2020-05-24T23:10:16-0300 [twisted.internet.endpoints.OneShotFactory#info] Starting factory <twisted.internet.endpoints.connectProtocol.<locals>.OneShotFactory object at 0x7f0add60d860>
2020-05-24T23:10:21-0300 [-] 127.0.0.1:33968 - sending MQTT PUBLISH REQUEST - Number of events: 25
2020-05-24T23:10:21-0300 [twisted.internet.endpoints.OneShotFactory#info] Starting factory <twisted.internet.endpoints.connectProtocol.<locals>.OneShotFactory object at 0x7f0add60db00>
2020-05-24T23:10:21-0300 [twisted.internet.endpoints.OneShotFactory#info] Stopping factory <twisted.internet.endpoints.connectProtocol.<locals>.OneShotFactory object at 0x7f0add60d588>
2020-05-24T23:10:21-0300 [stdout#info] This divice have no simulation core instance
2020-05-24T23:10:21-0300 [twisted.internet.endpoints.OneShotFactory#info] Starting factory <twisted.internet.endpoints.connectProtocol.<locals>.OneShotFactory object at 0x7f0add60dd68>
2020-05-24T23:10:26-0300 [-] 127.0.0.1:33968 - sending MQTT PUBLISH REQUEST - Number of events: 26
2020-05-24T23:10:26-0300 [twisted.internet.endpoints.OneShotFactory#info] Starting factory <twisted.internet.endpoints.connectProtocol.<locals>.OneShotFactory object at 0x7f0add60df98>
2020-05-24T23:10:26-0300 [twisted.internet.endpoints.OneShotFactory#info] Stopping factory <twisted.internet.endpoints.connectProtocol.<locals>.OneShotFactory object at 0x7f0add60db00>
2020-05-24T23:10:26-0300 [stdout#info] This divice have no simulation core instance
2020-05-24T23:10:26-0300 [twisted.internet.endpoints.OneShotFactory#info] Starting factory <twisted.internet.endpoints.connectProtocol.<locals>.OneShotFactory object at 0x7f0add5bd278>
2020-05-24T23:10:31-0300 [-] 127.0.0.1:33968 - sending MQTT PUBLISH REQUEST - Number of events: 27
2020-05-24T23:10:31-0300 [twisted.internet.endpoints.OneShotFactory#info] Starting factory <twisted.internet.endpoints.connectProtocol.<locals>.OneShotFactory object at 0x7f0add5bd128>
2020-05-24T23:10:31-0300 [twisted.internet.endpoints.OneShotFactory#info] Stopping factory <twisted.internet.endpoints.connectProtocol.<locals>.OneShotFactory object at 0x7f0add60df98>
2020-05-24T23:10:31-0300 [stdout#info] This divice have no simulation core instance
2020-05-24T23:10:31-0300 [twisted.internet.endpoints.OneShotFactory#info] Starting factory <twisted.internet.endpoints.connectProtocol.<locals>.OneShotFactory object at 0x7f0add5bd630>
2020-05-24T23:10:36-0300 [-] 127.0.0.1:33968 - sending MQTT PUBLISH REQUEST - Number of events: 28
2020-05-24T23:10:36-0300 [twisted.internet.endpoints.OneShotFactory#info] Starting factory <twisted.internet.endpoints.connectProtocol.<locals>.OneShotFactory object at 0x7f0add5bd550>
2020-05-24T23:10:36-0300 [twisted.internet.endpoints.OneShotFactory#info] Stopping factory <twisted.internet.endpoints.connectProtocol.<locals>.OneShotFactory object at 0x7f0add5bd128>
2020-05-24T23:10:36-0300 [stdout#info] This divice have no simulation core instance
2020-05-24T23:10:36-0300 [twisted.internet.endpoints.OneShotFactory#info] Starting factory <twisted.internet.endpoints.connectProtocol.<locals>.OneShotFactory object at 0x7f0add5bda20>
2020-05-24T23:10:36-0300 [-] Received SIGINT, shutting down.
2020-05-24T23:10:36-0300 [twisted.internet.endpoints.OneShotFactory#info] Stopping factory <twisted.internet.endpoints.connectProtocol.<locals>.OneShotFactory object at 0x7f0add5dbf28>
2020-05-24T23:10:36-0300 [twisted.internet.endpoints.OneShotFactory#info] Stopping factory <twisted.internet.endpoints.connectProtocol.<locals>.OneShotFactory object at 0x7f0add5bd550>
2020-05-24T23:10:36-0300 [twisted.internet.endpoints.OneShotFactory#info] Stopping factory <twisted.internet.endpoints.connectProtocol.<locals>.OneShotFactory object at 0x7f0add60d390>
2020-05-24T23:10:36-0300 [applications.mqttapp.BrokerFactory] (TCP Port 5100 Closed)
2020-05-24T23:10:36-0300 [twisted.internet.endpoints.OneShotFactory#info] Stopping factory <twisted.internet.endpoints.connectProtocol.<locals>.OneShotFactory object at 0x7f0add60d860>
2020-05-24T23:10:36-0300 [SubscriberApp,client] connection lost: Connection to the other side was lost in a non-clean fashion: Connection lost.
2020-05-24T23:10:36-0300 [SubscriberApp,client] connection lost - Number of events: 29
2020-05-24T23:10:36-0300 [SubscriberApp,client] connection lost: Connection to the other side was lost in a non-clean fashion: Connection lost.
2020-05-24T23:10:36-0300 [SubscriberApp,client] connection lost - Number of events: 30
2020-05-24T23:10:36-0300 [twisted.internet.endpoints.OneShotFactory#info] Stopping factory <twisted.internet.endpoints.connectProtocol.<locals>.OneShotFactory object at 0x7f0add5f8160>
2020-05-24T23:10:36-0300 [twisted.internet.endpoints.OneShotFactory#info] Stopping factory <twisted.internet.endpoints.connectProtocol.<locals>.OneShotFactory object at 0x7f0add60dd68>
2020-05-24T23:10:36-0300 [applications.routerapp.RouterFactory] (TCP Port 8081 Closed)
2020-05-24T23:10:36-0300 [applications.accesspointapp.AccessPointFactory] (TCP Port 8082 Closed)
2020-05-24T23:10:36-0300 [PublisherApp,client] connection lost: Connection to the other side was lost in a non-clean fashion: Connection lost.
2020-05-24T23:10:36-0300 [PublisherApp,client] connection lost - Number of events: 31
2020-05-24T23:10:36-0300 [twisted.internet.endpoints.OneShotFactory#info] Stopping factory <twisted.internet.endpoints.connectProtocol.<locals>.OneShotFactory object at 0x7f0add5bda20>
2020-05-24T23:10:36-0300 [twisted.internet.endpoints.OneShotFactory#info] Stopping factory <twisted.internet.endpoints.connectProtocol.<locals>.OneShotFactory object at 0x7f0add5bd630>
2020-05-24T23:10:36-0300 [twisted.internet.endpoints.OneShotFactory#info] Stopping factory <twisted.internet.endpoints.connectProtocol.<locals>.OneShotFactory object at 0x7f0add5bd278>
2020-05-24T23:10:36-0300 [-] Main loop terminated.
