2020-05-20T23:52:27-0300 [-] Creating router ...
2020-05-20T23:52:27-0300 [-] Initializing Router - Number of events: 1
2020-05-20T23:52:27-0300 [-] RouterFactory starting on 8081
2020-05-20T23:52:27-0300 [-] Creating AccessPoint station ...
2020-05-20T23:52:27-0300 [-] Initializing Access Point - Number of events: 2
2020-05-20T23:52:28-0300 [-] AccessPointFactory starting on 8082
2020-05-20T23:52:28-0300 [-] Creating fog node ...
2020-05-20T23:52:28-0300 [-] Initializing Client - Number of events: 3
2020-05-20T23:52:28-0300 [-] Creating fog node ...
2020-05-20T23:52:28-0300 [-] Initializing Client - Number of events: 4
2020-05-20T23:52:29-0300 [-] Creating fog node ...
2020-05-20T23:52:29-0300 [-] Initializing Server - Number of events: 5
2020-05-20T23:52:29-0300 [-] BrokerFactory starting on 5100
2020-05-20T23:52:29-0300 [-] Creating iot node ...
2020-05-20T23:52:29-0300 [-] Initializing Client - Number of events: 6
2020-05-20T23:52:30-0300 [-] Initializing sensor node - Number of events: 7
2020-05-20T23:52:30-0300 [-] Initializing sensor node - Number of events: 8
2020-05-20T23:52:31-0300 [-] Initializing sensor node - Number of events: 9
2020-05-20T23:52:31-0300 [-] Initializing sensor node - Number of events: 10
2020-05-20T23:52:32-0300 [-] Initializing sensor node - Number of events: 11
2020-05-20T23:52:32-0300 [-] Initializing sensor node - Number of events: 12
2020-05-20T23:52:33-0300 [-] Initializing sensor node - Number of events: 13
2020-05-20T23:52:33-0300 [-] Initializing sensor node - Number of events: 14
2020-05-20T23:52:34-0300 [-] Initializing sensor node - Number of events: 15
2020-05-20T23:52:34-0300 [-] Initializing sensor node - Number of events: 16
2020-05-20T23:52:35-0300 [stdout#info] ========= sensor_8 ==========
2020-05-20T23:52:35-0300 [stdout#info] sensor_8  <------->  sensor_6
2020-05-20T23:52:35-0300 [stdout#info] sensor_8  <------->  sensor_5
2020-05-20T23:52:35-0300 [stdout#info] =============================
2020-05-20T23:52:35-0300 [stdout#info] sensor_8 |16.47 Kwh
2020-05-20T23:52:35-0300 [stdout#info] sensor_8 
2020-05-20T23:52:35-0300 [stdout#info] ========= sensor_2 ==========
2020-05-20T23:52:35-0300 [stdout#info] sensor_2  <------->  sensor_4
2020-05-20T23:52:35-0300 [stdout#info] sensor_2  <------->  sensor_5
2020-05-20T23:52:35-0300 [stdout#info] =============================
2020-05-20T23:52:35-0300 [stdout#info] sensor_2 |14.52 Kwh
2020-05-20T23:52:35-0300 [stdout#info] sensor_2 
2020-05-20T23:52:35-0300 [stdout#info] ========= sensor_5 ==========
2020-05-20T23:52:35-0300 [stdout#info] sensor_5  <------->  sensor_4
2020-05-20T23:52:35-0300 [stdout#info] sensor_5  <------->  sensor_8
2020-05-20T23:52:35-0300 [stdout#info] sensor_5  <------->  sensor_2
2020-05-20T23:52:35-0300 [stdout#info] =============================
2020-05-20T23:52:35-0300 [stdout#info] sensor_5 |17.53 Kwh|16.47 Kwh|14.52 Kwh
2020-05-20T23:52:35-0300 [stdout#info] sensor_5 
2020-05-20T23:52:35-0300 [stdout#info] ========= sensor_1 ==========
2020-05-20T23:52:35-0300 [stdout#info] sensor_1  <------->  wsn_sink
2020-05-20T23:52:35-0300 [stdout#info] sensor_1  <------->  sensor_3
2020-05-20T23:52:35-0300 [stdout#info] =============================
2020-05-20T23:52:35-0300 [stdout#info] sensor_1 |19.51 Kwh
2020-05-20T23:52:35-0300 [stdout#info] sensor_1 
2020-05-20T23:52:35-0300 [stdout#info] ========= sensor_7 ==========
2020-05-20T23:52:35-0300 [stdout#info] sensor_7  <------->  sensor_4
2020-05-20T23:52:35-0300 [stdout#info] sensor_7  <------->  sensor_9
2020-05-20T23:52:35-0300 [stdout#info] =============================
2020-05-20T23:52:35-0300 [stdout#info] sensor_7 |8.99 Kwh
2020-05-20T23:52:35-0300 [stdout#info] sensor_7 
2020-05-20T23:52:35-0300 [stdout#info] ========= sensor_4 ==========
2020-05-20T23:52:35-0300 [stdout#info] sensor_4  <------->  sensor_2
2020-05-20T23:52:35-0300 [stdout#info] sensor_4  <------->  sensor_5
2020-05-20T23:52:35-0300 [stdout#info] sensor_4  <------->  sensor_7
2020-05-20T23:52:35-0300 [stdout#info] sensor_4  <------->  sensor_6
2020-05-20T23:52:35-0300 [stdout#info] =============================
2020-05-20T23:52:35-0300 [stdout#info] sensor_4 |4.15 Kwh|8.99 Kwh|17.53 Kwh|14.52 Kwh
2020-05-20T23:52:35-0300 [stdout#info] sensor_4 
2020-05-20T23:52:35-0300 [stdout#info] ========= sensor_3 ==========
2020-05-20T23:52:35-0300 [stdout#info] sensor_3  <------->  sensor_1
2020-05-20T23:52:35-0300 [stdout#info] =============================
2020-05-20T23:52:35-0300 [stdout#info] sensor_3 |19.51 Kwh|10.67 Kwh
2020-05-20T23:52:35-0300 [stdout#info] sensor_3 
2020-05-20T23:52:35-0300 [stdout#info] ========= sensor_6 ==========
2020-05-20T23:52:35-0300 [stdout#info] sensor_6  <------->  sensor_4
2020-05-20T23:52:35-0300 [stdout#info] sensor_6  <------->  sensor_8
2020-05-20T23:52:35-0300 [stdout#info] sensor_6  <------->  sensor_9
2020-05-20T23:52:35-0300 [stdout#info] =============================
2020-05-20T23:52:35-0300 [stdout#info] sensor_6 |4.15 Kwh|16.47 Kwh|10.05 Kwh
2020-05-20T23:52:35-0300 [stdout#info] sensor_6 
2020-05-20T23:52:35-0300 [stdout#info] ========= sensor_9 ==========
2020-05-20T23:52:35-0300 [stdout#info] sensor_9  <------->  sensor_7
2020-05-20T23:52:35-0300 [stdout#info] sensor_9  <------->  sensor_6
2020-05-20T23:52:35-0300 [stdout#info] =============================
2020-05-20T23:52:35-0300 [stdout#info] sensor_9 |8.99 Kwh|18.29 Kwh|10.05 Kwh
2020-05-20T23:52:35-0300 [stdout#info] sensor_9 
2020-05-20T23:52:35-0300 [stdout#info] This divice have no simulation core instance
2020-05-20T23:52:35-0300 [stdout#info] This divice have no simulation core instance
2020-05-20T23:52:35-0300 [stdout#info] This divice have no simulation core instance
2020-05-20T23:52:35-0300 [stdout#info] This divice have no simulation core instance
2020-05-20T23:52:35-0300 [stdout#info] This divice have no simulation core instance
2020-05-20T23:52:35-0300 [Uninitialized] 127.0.0.1:56798 - Connected to mqtt broker - Number of events: 17
2020-05-20T23:52:35-0300 [Uninitialized] 127.0.0.1:56798 - sending MQTT SUBSCRIBE REQUEST - Number of events: 18
2020-05-20T23:52:35-0300 [Uninitialized] 127.0.0.1:56800 - Connected to mqtt broker - Number of events: 19
2020-05-20T23:52:35-0300 [Uninitialized] 127.0.0.1:56800 - sending MQTT SUBSCRIBE REQUEST - Number of events: 20
2020-05-20T23:52:35-0300 [Uninitialized] 127.0.0.1:47412 - Connected to mqtt broker - Number of events: 21
2020-05-20T23:52:35-0300 [Uninitialized] 127.0.0.1:47412 - sending MQTT PUBLISH REQUEST - Number of events: 22
2020-05-20T23:52:35-0300 [twisted.internet.endpoints.OneShotFactory#info] Starting factory <twisted.internet.endpoints.connectProtocol.<locals>.OneShotFactory object at 0x7ff99bf127f0>
2020-05-20T23:52:35-0300 [twisted.internet.endpoints.OneShotFactory#info] Starting factory <twisted.internet.endpoints.connectProtocol.<locals>.OneShotFactory object at 0x7ff99bf129e8>
2020-05-20T23:52:35-0300 [twisted.internet.endpoints.OneShotFactory#info] Starting factory <twisted.internet.endpoints.connectProtocol.<locals>.OneShotFactory object at 0x7ff99bf12be0>
2020-05-20T23:52:35-0300 [stdout#info] This divice have no simulation core instance
2020-05-20T23:52:35-0300 [twisted.internet.endpoints.OneShotFactory#info] Starting factory <twisted.internet.endpoints.connectProtocol.<locals>.OneShotFactory object at 0x7ff99bf27588>
2020-05-20T23:52:38-0300 [stdout#info] sensor_8 |17.53 Kwh|16.47 Kwh|3.93 Kwh|10.05 Kwh
2020-05-20T23:52:38-0300 [stdout#info] sensor_8 
2020-05-20T23:52:38-0300 [stdout#info] sensor_2 |4.15 Kwh|17.53 Kwh|11.17 Kwh|14.52 Kwh
2020-05-20T23:52:38-0300 [stdout#info] sensor_2 
2020-05-20T23:52:38-0300 [stdout#info] sensor_5 |16.47 Kwh|12.24 Kwh|17.53 Kwh|11.17 Kwh|3.93 Kwh|4.15 Kwh|14.52 Kwh
2020-05-20T23:52:38-0300 [stdout#info] sensor_5 
2020-05-20T23:52:38-0300 [stdout#info] sensor_1 |19.51 Kwh|9.47 Kwh|10.67 Kwh
2020-05-20T23:52:38-0300 [stdout#info] sensor_1 
2020-05-20T23:52:38-0300 [stdout#info] sensor_7 |4.15 Kwh|8.99 Kwh|15.73 Kwh|18.29 Kwh
2020-05-20T23:52:38-0300 [stdout#info] sensor_7 
2020-05-20T23:52:38-0300 [stdout#info] sensor_4 |8.99 Kwh|17.53 Kwh|11.17 Kwh|15.73 Kwh|10.05 Kwh|12.24 Kwh|4.15 Kwh|15.02 Kwh|14.52 Kwh
2020-05-20T23:52:38-0300 [stdout#info] sensor_4 
2020-05-20T23:52:38-0300 [stdout#info] sensor_3 |19.51 Kwh|3.46 Kwh|9.47 Kwh|10.67 Kwh
2020-05-20T23:52:38-0300 [stdout#info] sensor_3 
2020-05-20T23:52:38-0300 [stdout#info] sensor_6 |16.47 Kwh|10.05 Kwh|21.99 Kwh|18.29 Kwh|3.93 Kwh|15.02 Kwh|4.15 Kwh
2020-05-20T23:52:38-0300 [stdout#info] sensor_6 
2020-05-20T23:52:38-0300 [stdout#info] sensor_9 |10.05 Kwh|21.99 Kwh|18.36 Kwh|18.29 Kwh|8.99 Kwh|15.73 Kwh
2020-05-20T23:52:38-0300 [stdout#info] sensor_9 
2020-05-20T23:52:40-0300 [-] 127.0.0.1:47412 - sending MQTT PUBLISH REQUEST - Number of events: 23
2020-05-20T23:52:40-0300 [twisted.internet.endpoints.OneShotFactory#info] Starting factory <twisted.internet.endpoints.connectProtocol.<locals>.OneShotFactory object at 0x7ff99bf27b00>
2020-05-20T23:52:40-0300 [twisted.internet.endpoints.OneShotFactory#info] Stopping factory <twisted.internet.endpoints.connectProtocol.<locals>.OneShotFactory object at 0x7ff99bf12be0>
2020-05-20T23:52:40-0300 [stdout#info] This divice have no simulation core instance
2020-05-20T23:52:40-0300 [twisted.internet.endpoints.OneShotFactory#info] Starting factory <twisted.internet.endpoints.connectProtocol.<locals>.OneShotFactory object at 0x7ff99bf27da0>
2020-05-20T23:52:40-0300 [twisted.internet.endpoints.OneShotFactory#info] Stopping factory <twisted.internet.endpoints.connectProtocol.<locals>.OneShotFactory object at 0x7ff99bf27588>
2020-05-20T23:52:41-0300 [stdout#info] sensor_8 |16.47 Kwh|10.05 Kwh|12.24 Kwh|21.99 Kwh|17.53 Kwh|3.93 Kwh|5.64 Kwh
2020-05-20T23:52:41-0300 [stdout#info] sensor_8 
2020-05-20T23:52:41-0300 [stdout#info] sensor_2 |9.89 Kwh|17.53 Kwh|15.02 Kwh|12.24 Kwh|11.17 Kwh|4.15 Kwh|14.52 Kwh
2020-05-20T23:52:41-0300 [stdout#info] sensor_2 
2020-05-20T23:52:41-0300 [stdout#info] sensor_5 |16.47 Kwh|16.44 Kwh|12.24 Kwh|9.89 Kwh|17.53 Kwh|11.17 Kwh|15.02 Kwh|3.93 Kwh|4.15 Kwh|5.64 Kwh|14.52 Kwh
2020-05-20T23:52:41-0300 [stdout#info] sensor_5 
2020-05-20T23:52:41-0300 [stdout#info] sensor_1 |19.51 Kwh|4.14 Kwh|3.46 Kwh|9.47 Kwh|10.67 Kwh
2020-05-20T23:52:41-0300 [stdout#info] sensor_1 
2020-05-20T23:52:41-0300 [stdout#info] sensor_7 |18.36 Kwh|18.29 Kwh|8.99 Kwh|15.02 Kwh|15.73 Kwh|4.15 Kwh|4.17 Kwh
2020-05-20T23:52:41-0300 [stdout#info] sensor_7 
2020-05-20T23:52:41-0300 [stdout#info] sensor_4 |6.4 Kwh|10.05 Kwh|12.24 Kwh|16.44 Kwh|21.99 Kwh|9.89 Kwh|8.99 Kwh|17.53 Kwh|11.17 Kwh|15.02 Kwh|15.73 Kwh|4.15 Kwh|4.17 Kwh|14.52 Kwh
2020-05-20T23:52:41-0300 [stdout#info] sensor_4 
2020-05-20T23:52:41-0300 [stdout#info] sensor_3 |19.51 Kwh|3.46 Kwh|22.14 Kwh|4.14 Kwh|9.47 Kwh|10.67 Kwh
2020-05-20T23:52:41-0300 [stdout#info] sensor_3 
2020-05-20T23:52:41-0300 [stdout#info] sensor_6 |6.4 Kwh|16.47 Kwh|10.05 Kwh|18.36 Kwh|21.99 Kwh|18.29 Kwh|18.5 Kwh|3.93 Kwh|15.02 Kwh|4.15 Kwh|5.64 Kwh
2020-05-20T23:52:41-0300 [stdout#info] sensor_6 
2020-05-20T23:52:41-0300 [stdout#info] sensor_9 |10.05 Kwh|21.99 Kwh|18.36 Kwh|18.29 Kwh|8.99 Kwh|18.5 Kwh|15.73 Kwh|7.15 Kwh|4.17 Kwh
2020-05-20T23:52:41-0300 [stdout#info] sensor_9 
2020-05-20T23:52:44-0300 [stdout#info] sensor_8 |16.47 Kwh|16.44 Kwh|12.24 Kwh|10.05 Kwh|21.99 Kwh|5.19 Kwh|17.53 Kwh|18.5 Kwh|3.93 Kwh|5.64 Kwh
2020-05-20T23:52:44-0300 [stdout#info] sensor_8 
2020-05-20T23:52:44-0300 [stdout#info] sensor_2 |6.4 Kwh|16.44 Kwh|10.97 Kwh|15.02 Kwh|11.17 Kwh|4.15 Kwh|14.52 Kwh|12.24 Kwh|9.89 Kwh|17.53 Kwh
2020-05-20T23:52:44-0300 [stdout#info] sensor_2 
2020-05-20T23:52:44-0300 [stdout#info] sensor_5 |6.4 Kwh|16.47 Kwh|16.44 Kwh|12.24 Kwh|22.06 Kwh|9.89 Kwh|10.97 Kwh|5.19 Kwh|17.53 Kwh|11.17 Kwh|15.02 Kwh|3.93 Kwh|4.15 Kwh|5.64 Kwh|14.52 Kwh
2020-05-20T23:52:44-0300 [stdout#info] sensor_5 
2020-05-20T23:52:44-0300 [stdout#info] sensor_1 |19.51 Kwh|4.14 Kwh|13.89 Kwh|3.46 Kwh|22.14 Kwh|9.47 Kwh|10.67 Kwh
2020-05-20T23:52:44-0300 [stdout#info] sensor_1 
2020-05-20T23:52:44-0300 [stdout#info] sensor_7 |19.26 Kwh|6.4 Kwh|18.36 Kwh|18.29 Kwh|8.99 Kwh|15.02 Kwh|15.73 Kwh|4.15 Kwh|7.15 Kwh|4.17 Kwh
2020-05-20T23:52:44-0300 [stdout#info] sensor_7 
2020-05-20T23:52:44-0300 [stdout#info] sensor_4 |19.26 Kwh|6.4 Kwh|10.05 Kwh|16.44 Kwh|12.24 Kwh|21.07 Kwh|21.99 Kwh|22.06 Kwh|9.89 Kwh|10.97 Kwh|8.99 Kwh|17.53 Kwh|11.17 Kwh|18.5 Kwh|15.02 Kwh|15.73 Kwh|4.15 Kwh|4.17 Kwh|14.52 Kwh
2020-05-20T23:52:44-0300 [stdout#info] sensor_4 
2020-05-20T23:52:44-0300 [stdout#info] sensor_3 |19.51 Kwh|3.46 Kwh|22.14 Kwh|4.14 Kwh|13.89 Kwh|12.42 Kwh|9.47 Kwh|10.67 Kwh
2020-05-20T23:52:44-0300 [stdout#info] sensor_3 
2020-05-20T23:52:44-0300 [stdout#info] sensor_6 |6.4 Kwh|16.47 Kwh|10.05 Kwh|21.07 Kwh|21.99 Kwh|18.36 Kwh|3.6 Kwh|18.29 Kwh|5.19 Kwh|18.5 Kwh|3.93 Kwh|15.02 Kwh|4.15 Kwh|5.64 Kwh|7.15 Kwh
2020-05-20T23:52:44-0300 [stdout#info] sensor_6 
2020-05-20T23:52:44-0300 [stdout#info] sensor_9 |19.26 Kwh|10.05 Kwh|21.99 Kwh|18.36 Kwh|3.6 Kwh|18.29 Kwh|8.99 Kwh|18.5 Kwh|15.73 Kwh|7.15 Kwh|4.17 Kwh|13.3 Kwh
2020-05-20T23:52:44-0300 [stdout#info] sensor_9 
2020-05-20T23:52:45-0300 [-] 127.0.0.1:47412 - sending MQTT PUBLISH REQUEST - Number of events: 24
2020-05-20T23:52:45-0300 [twisted.internet.endpoints.OneShotFactory#info] Starting factory <twisted.internet.endpoints.connectProtocol.<locals>.OneShotFactory object at 0x7ff99d5d7470>
2020-05-20T23:52:45-0300 [twisted.internet.endpoints.OneShotFactory#info] Stopping factory <twisted.internet.endpoints.connectProtocol.<locals>.OneShotFactory object at 0x7ff99bf27b00>
2020-05-20T23:52:45-0300 [stdout#info] This divice have no simulation core instance
2020-05-20T23:52:45-0300 [twisted.internet.endpoints.OneShotFactory#info] Starting factory <twisted.internet.endpoints.connectProtocol.<locals>.OneShotFactory object at 0x7ff99d5d7710>
2020-05-20T23:52:47-0300 [stdout#info] sensor_8 |16.47 Kwh|16.44 Kwh|12.24 Kwh|10.05 Kwh|21.99 Kwh|3.6 Kwh|22.06 Kwh|5.78 Kwh|5.19 Kwh|17.53 Kwh|18.5 Kwh|3.93 Kwh|5.64 Kwh
2020-05-20T23:52:47-0300 [stdout#info] sensor_8 
2020-05-20T23:52:47-0300 [stdout#info] sensor_2 |6.4 Kwh|16.44 Kwh|21.78 Kwh|10.97 Kwh|15.02 Kwh|11.17 Kwh|4.15 Kwh|14.52 Kwh|12.24 Kwh|21.07 Kwh|22.06 Kwh|9.89 Kwh|17.53 Kwh
2020-05-20T23:52:47-0300 [stdout#info] sensor_2 
2020-05-20T23:52:47-0300 [stdout#info] sensor_5 |6.4 Kwh|16.47 Kwh|16.44 Kwh|12.24 Kwh|21.07 Kwh|21.78 Kwh|14.1 Kwh|22.06 Kwh|9.89 Kwh|5.78 Kwh|10.97 Kwh|5.19 Kwh|17.53 Kwh|11.17 Kwh|15.02 Kwh|3.93 Kwh|4.15 Kwh|5.64 Kwh|14.52 Kwh
2020-05-20T23:52:47-0300 [stdout#info] sensor_5 
2020-05-20T23:52:47-0300 [stdout#info] sensor_1 |19.51 Kwh|4.14 Kwh|18.76 Kwh|13.89 Kwh|3.46 Kwh|22.14 Kwh|12.42 Kwh|9.47 Kwh|10.67 Kwh
2020-05-20T23:52:47-0300 [stdout#info] sensor_1 
2020-05-20T23:52:47-0300 [stdout#info] sensor_7 |19.26 Kwh|6.4 Kwh|21.07 Kwh|18.36 Kwh|18.29 Kwh|8.99 Kwh|14.49 Kwh|15.02 Kwh|15.73 Kwh|4.15 Kwh|7.15 Kwh|4.17 Kwh|13.3 Kwh
2020-05-20T23:52:47-0300 [stdout#info] sensor_7 
2020-05-20T23:52:47-0300 [stdout#info] sensor_4 |16.44 Kwh|14.1 Kwh|21.78 Kwh|3.6 Kwh|10.97 Kwh|14.49 Kwh|18.5 Kwh|5.66 Kwh|14.52 Kwh|19.26 Kwh|21.07 Kwh|12.24 Kwh|22.06 Kwh|17.53 Kwh|6.4 Kwh|8.99 Kwh|15.02 Kwh|15.73 Kwh|4.15 Kwh|11.17 Kwh|4.17 Kwh|10.05 Kwh|21.99 Kwh|9.89 Kwh
2020-05-20T23:52:47-0300 [stdout#info] sensor_4 
2020-05-20T23:52:47-0300 [stdout#info] sensor_3 |19.51 Kwh|4.14 Kwh|18.76 Kwh|13.89 Kwh|10.63 Kwh|9.47 Kwh|10.67 Kwh|3.46 Kwh|22.14 Kwh|12.42 Kwh
2020-05-20T23:52:47-0300 [stdout#info] sensor_3 
2020-05-20T23:52:47-0300 [stdout#info] sensor_6 |19.01 Kwh|6.4 Kwh|16.47 Kwh|10.05 Kwh|21.07 Kwh|21.99 Kwh|18.36 Kwh|3.6 Kwh|18.29 Kwh|5.78 Kwh|5.19 Kwh|18.5 Kwh|3.93 Kwh|15.02 Kwh|5.66 Kwh|4.15 Kwh|5.64 Kwh|7.15 Kwh|13.3 Kwh
2020-05-20T23:52:47-0300 [stdout#info] sensor_6 
2020-05-20T23:52:47-0300 [stdout#info] sensor_9 |19.01 Kwh|19.26 Kwh|10.05 Kwh|21.99 Kwh|3.6 Kwh|18.36 Kwh|18.29 Kwh|13.77 Kwh|8.99 Kwh|14.49 Kwh|18.5 Kwh|15.73 Kwh|7.15 Kwh|4.17 Kwh|13.3 Kwh
2020-05-20T23:52:47-0300 [stdout#info] sensor_9 
2020-05-20T23:52:50-0300 [stdout#info] sensor_8 |19.01 Kwh|16.47 Kwh|16.44 Kwh|12.24 Kwh|14.1 Kwh|10.05 Kwh|21.99 Kwh|3.6 Kwh|22.06 Kwh|5.78 Kwh|21.98 Kwh|5.19 Kwh|17.53 Kwh|18.5 Kwh|3.93 Kwh|5.64 Kwh
2020-05-20T23:52:50-0300 [stdout#info] sensor_8 
2020-05-20T23:52:50-0300 [stdout#info] sensor_2 |6.4 Kwh|16.44 Kwh|14.1 Kwh|21.78 Kwh|10.97 Kwh|15.02 Kwh|5.66 Kwh|11.17 Kwh|4.15 Kwh|14.52 Kwh|12.24 Kwh|21.07 Kwh|22.06 Kwh|9.89 Kwh|17.53 Kwh|11.7 Kwh
2020-05-20T23:52:50-0300 [stdout#info] sensor_2 
2020-05-20T23:52:50-0300 [stdout#info] sensor_5 |16.47 Kwh|16.44 Kwh|14.1 Kwh|21.78 Kwh|5.78 Kwh|2.85 Kwh|10.97 Kwh|5.66 Kwh|14.52 Kwh|21.07 Kwh|12.24 Kwh|22.06 Kwh|17.53 Kwh|3.93 Kwh|11.7 Kwh|6.4 Kwh|21.98 Kwh|5.19 Kwh|15.02 Kwh|11.17 Kwh|4.15 Kwh|9.89 Kwh|5.64 Kwh
2020-05-20T23:52:50-0300 [stdout#info] sensor_5 
2020-05-20T23:52:50-0300 [stdout#info] sensor_1 |19.51 Kwh|15.55 Kwh|4.14 Kwh|10.63 Kwh|18.76 Kwh|13.89 Kwh|3.46 Kwh|22.14 Kwh|12.42 Kwh|9.47 Kwh|10.67 Kwh
2020-05-20T23:52:50-0300 [stdout#info] sensor_1 
2020-05-20T23:52:50-0300 [stdout#info] sensor_7 |19.26 Kwh|6.4 Kwh|21.07 Kwh|18.36 Kwh|13.77 Kwh|18.29 Kwh|8.99 Kwh|14.49 Kwh|15.02 Kwh|5.66 Kwh|15.73 Kwh|4.15 Kwh|13.56 Kwh|7.15 Kwh|4.17 Kwh|13.3 Kwh
2020-05-20T23:52:50-0300 [stdout#info] sensor_7 
2020-05-20T23:52:50-0300 [stdout#info] sensor_4 |16.44 Kwh|14.1 Kwh|21.78 Kwh|5.46 Kwh|3.6 Kwh|2.85 Kwh|10.97 Kwh|14.49 Kwh|18.5 Kwh|5.66 Kwh|14.52 Kwh|19.01 Kwh|19.26 Kwh|21.07 Kwh|12.24 Kwh|22.06 Kwh|17.53 Kwh|13.56 Kwh|11.7 Kwh|6.4 Kwh|8.99 Kwh|15.02 Kwh|15.73 Kwh|4.15 Kwh|11.17 Kwh|4.17 Kwh|10.05 Kwh|21.99 Kwh|9.89 Kwh
2020-05-20T23:52:50-0300 [stdout#info] sensor_4 
2020-05-20T23:52:50-0300 [stdout#info] sensor_3 |19.51 Kwh|4.14 Kwh|18.76 Kwh|13.89 Kwh|18.39 Kwh|10.63 Kwh|9.47 Kwh|10.67 Kwh|15.55 Kwh|3.46 Kwh|22.14 Kwh|12.42 Kwh
2020-05-20T23:52:50-0300 [stdout#info] sensor_3 
2020-05-20T23:52:50-0300 [-] 127.0.0.1:47412 - sending MQTT PUBLISH REQUEST - Number of events: 25
2020-05-20T23:52:50-0300 [stdout#info] sensor_6 |6.4 Kwh|16.47 Kwh|21.98 Kwh|5.46 Kwh|3.6 Kwh|5.78 Kwh|5.19 Kwh|18.5 Kwh|15.02 Kwh|5.66 Kwh|4.15 Kwh|7.15 Kwh|13.3 Kwh|19.01 Kwh|5.52 Kwh|10.05 Kwh|21.07 Kwh|21.99 Kwh|18.36 Kwh|13.77 Kwh|18.29 Kwh|3.93 Kwh|5.64 Kwh
2020-05-20T23:52:50-0300 [stdout#info] sensor_6 
2020-05-20T23:52:50-0300 [stdout#info] sensor_9 |19.01 Kwh|19.26 Kwh|5.52 Kwh|10.05 Kwh|21.99 Kwh|3.6 Kwh|18.36 Kwh|13.77 Kwh|18.29 Kwh|20.99 Kwh|8.99 Kwh|14.49 Kwh|18.5 Kwh|15.73 Kwh|13.56 Kwh|7.15 Kwh|4.17 Kwh|13.3 Kwh
2020-05-20T23:52:50-0300 [stdout#info] sensor_9 
2020-05-20T23:52:50-0300 [twisted.internet.endpoints.OneShotFactory#info] Starting factory <twisted.internet.endpoints.connectProtocol.<locals>.OneShotFactory object at 0x7ff99d5d7d68>
2020-05-20T23:52:50-0300 [twisted.internet.endpoints.OneShotFactory#info] Stopping factory <twisted.internet.endpoints.connectProtocol.<locals>.OneShotFactory object at 0x7ff99d5d7470>
2020-05-20T23:52:50-0300 [stdout#info] This divice have no simulation core instance
2020-05-20T23:52:50-0300 [twisted.internet.endpoints.OneShotFactory#info] Starting factory <twisted.internet.endpoints.connectProtocol.<locals>.OneShotFactory object at 0x7ff99d5d7fd0>
2020-05-20T23:52:51-0300 [-] Received SIGINT, shutting down.
2020-05-20T23:52:51-0300 [twisted.internet.endpoints.OneShotFactory#info] Stopping factory <twisted.internet.endpoints.connectProtocol.<locals>.OneShotFactory object at 0x7ff99bf127f0>
2020-05-20T23:52:51-0300 [twisted.internet.endpoints.OneShotFactory#info] Stopping factory <twisted.internet.endpoints.connectProtocol.<locals>.OneShotFactory object at 0x7ff99d5d7fd0>
2020-05-20T23:52:51-0300 [applications.mqttapp.BrokerFactory] (TCP Port 5100 Closed)
2020-05-20T23:52:51-0300 [twisted.internet.endpoints.OneShotFactory#info] Stopping factory <twisted.internet.endpoints.connectProtocol.<locals>.OneShotFactory object at 0x7ff99d5d7d68>
2020-05-20T23:52:51-0300 [applications.routerapp.RouterFactory] (TCP Port 8081 Closed)
2020-05-20T23:52:51-0300 [twisted.internet.endpoints.OneShotFactory#info] Stopping factory <twisted.internet.endpoints.connectProtocol.<locals>.OneShotFactory object at 0x7ff99bf27da0>
2020-05-20T23:52:51-0300 [twisted.internet.endpoints.OneShotFactory#info] Stopping factory <twisted.internet.endpoints.connectProtocol.<locals>.OneShotFactory object at 0x7ff99bf129e8>
2020-05-20T23:52:51-0300 [SubscriberApp,client] connection lost: Connection to the other side was lost in a non-clean fashion: Connection lost.
2020-05-20T23:52:51-0300 [SubscriberApp,client] connection lost - Number of events: 26
2020-05-20T23:52:51-0300 [SubscriberApp,client] connection lost: Connection to the other side was lost in a non-clean fashion: Connection lost.
2020-05-20T23:52:51-0300 [SubscriberApp,client] connection lost - Number of events: 27
2020-05-20T23:52:51-0300 [PublisherApp,client] connection lost: Connection to the other side was lost in a non-clean fashion: Connection lost.
2020-05-20T23:52:51-0300 [PublisherApp,client] connection lost - Number of events: 28
2020-05-20T23:52:51-0300 [applications.accesspointapp.AccessPointFactory] (TCP Port 8082 Closed)
2020-05-20T23:52:51-0300 [twisted.internet.endpoints.OneShotFactory#info] Stopping factory <twisted.internet.endpoints.connectProtocol.<locals>.OneShotFactory object at 0x7ff99d5d7710>
2020-05-20T23:52:51-0300 [-] Main loop terminated.
