2020-04-13T22:17:09-0300 [-] Creating router ...
2020-04-13T22:17:09-0300 [-] Initializing Router - Number of events: 1
2020-04-13T22:17:10-0300 [-] RouterFactory starting on 8081
2020-04-13T22:17:10-0300 [-] Creating AccessPoint station ...
2020-04-13T22:17:10-0300 [-] Initializing Access Point - Number of events: 2
2020-04-13T22:17:10-0300 [-] AccessPointFactory starting on 8082
2020-04-13T22:17:10-0300 [-] Creating fog node ...
2020-04-13T22:17:10-0300 [-] Initializing Client - Number of events: 3
2020-04-13T22:17:11-0300 [-] Creating fog node ...
2020-04-13T22:17:11-0300 [-] Initializing Client - Number of events: 4
2020-04-13T22:17:11-0300 [-] Creating fog node ...
2020-04-13T22:17:11-0300 [-] Initializing Server - Number of events: 5
2020-04-13T22:17:12-0300 [-] BrokerFactory starting on 5100
2020-04-13T22:17:12-0300 [-] Creating iot node ...
2020-04-13T22:17:12-0300 [-] Initializing Client - Number of events: 6
2020-04-13T22:17:12-0300 [-] Initializing sensor node - Number of events: 7
2020-04-13T22:17:13-0300 [-] Initializing sensor node - Number of events: 8
2020-04-13T22:17:13-0300 [-] Initializing sensor node - Number of events: 9
2020-04-13T22:17:14-0300 [stdout#info] This divice have no simulation core instance
2020-04-13T22:17:14-0300 [stdout#info] This divice have no simulation core instance
2020-04-13T22:17:14-0300 [stdout#info] This divice have no simulation core instance
2020-04-13T22:17:14-0300 [stdout#info] This divice have no simulation core instance
2020-04-13T22:17:14-0300 [stdout#info] This divice have no simulation core instance
2020-04-13T22:17:14-0300 [Uninitialized] 127.0.0.1:47648 - Connected to mqtt broker - Number of events: 10
2020-04-13T22:17:14-0300 [Uninitialized] 127.0.0.1:47648 - sending MQTT SUBSCRIBE REQUEST - Number of events: 11
2020-04-13T22:17:14-0300 [Uninitialized] 127.0.0.1:47650 - Connected to mqtt broker - Number of events: 12
2020-04-13T22:17:14-0300 [Uninitialized] 127.0.0.1:47650 - sending MQTT SUBSCRIBE REQUEST - Number of events: 13
2020-04-13T22:17:14-0300 [Uninitialized] 127.0.0.1:43212 - Connected to mqtt broker - Number of events: 14
2020-04-13T22:17:14-0300 [Uninitialized] 127.0.0.1:43212 - sending MQTT PUBLISH REQUEST - Number of events: 15
2020-04-13T22:17:14-0300 [twisted.internet.endpoints.OneShotFactory#info] Starting factory <twisted.internet.endpoints.connectProtocol.<locals>.OneShotFactory object at 0x7fa63829e9b0>
2020-04-13T22:17:14-0300 [twisted.internet.endpoints.OneShotFactory#info] Starting factory <twisted.internet.endpoints.connectProtocol.<locals>.OneShotFactory object at 0x7fa63829eba8>
2020-04-13T22:17:14-0300 [twisted.internet.endpoints.OneShotFactory#info] Starting factory <twisted.internet.endpoints.connectProtocol.<locals>.OneShotFactory object at 0x7fa63829edd8>
2020-04-13T22:17:14-0300 [stdout#info] This divice have no simulation core instance
2020-04-13T22:17:14-0300 [twisted.internet.endpoints.OneShotFactory#info] Starting factory <twisted.internet.endpoints.connectProtocol.<locals>.OneShotFactory object at 0x7fa6382af780>
2020-04-13T22:17:19-0300 [-] 127.0.0.1:43212 - sending MQTT PUBLISH REQUEST - Number of events: 16
2020-04-13T22:17:19-0300 [twisted.internet.endpoints.OneShotFactory#info] Starting factory <twisted.internet.endpoints.connectProtocol.<locals>.OneShotFactory object at 0x7fa6382af6d8>
2020-04-13T22:17:19-0300 [twisted.internet.endpoints.OneShotFactory#info] Stopping factory <twisted.internet.endpoints.connectProtocol.<locals>.OneShotFactory object at 0x7fa63829edd8>
2020-04-13T22:17:19-0300 [stdout#info] This divice have no simulation core instance
2020-04-13T22:17:19-0300 [twisted.internet.endpoints.OneShotFactory#info] Starting factory <twisted.internet.endpoints.connectProtocol.<locals>.OneShotFactory object at 0x7fa6382afa90>
2020-04-13T22:17:19-0300 [twisted.internet.endpoints.OneShotFactory#info] Stopping factory <twisted.internet.endpoints.connectProtocol.<locals>.OneShotFactory object at 0x7fa6382af780>
2020-04-13T22:17:24-0300 [-] 127.0.0.1:43212 - sending MQTT PUBLISH REQUEST - Number of events: 17
2020-04-13T22:17:24-0300 [twisted.internet.endpoints.OneShotFactory#info] Starting factory <twisted.internet.endpoints.connectProtocol.<locals>.OneShotFactory object at 0x7fa6382afcc0>
2020-04-13T22:17:24-0300 [twisted.internet.endpoints.OneShotFactory#info] Stopping factory <twisted.internet.endpoints.connectProtocol.<locals>.OneShotFactory object at 0x7fa6382af6d8>
2020-04-13T22:17:24-0300 [stdout#info] This divice have no simulation core instance
2020-04-13T22:17:24-0300 [twisted.internet.endpoints.OneShotFactory#info] Starting factory <twisted.internet.endpoints.connectProtocol.<locals>.OneShotFactory object at 0x7fa6382afef0>
2020-04-13T22:17:29-0300 [-] 127.0.0.1:43212 - sending MQTT PUBLISH REQUEST - Number of events: 18
2020-04-13T22:17:29-0300 [twisted.internet.endpoints.OneShotFactory#info] Starting factory <twisted.internet.endpoints.connectProtocol.<locals>.OneShotFactory object at 0x7fa6382c9160>
2020-04-13T22:17:29-0300 [twisted.internet.endpoints.OneShotFactory#info] Stopping factory <twisted.internet.endpoints.connectProtocol.<locals>.OneShotFactory object at 0x7fa6382afcc0>
2020-04-13T22:17:29-0300 [stdout#info] This divice have no simulation core instance
2020-04-13T22:17:29-0300 [twisted.internet.endpoints.OneShotFactory#info] Starting factory <twisted.internet.endpoints.connectProtocol.<locals>.OneShotFactory object at 0x7fa6382c9400>
2020-04-13T22:17:31-0300 [-] Closing IoTFogSim Application...
2020-04-13T22:17:31-0300 [twisted.internet.endpoints.OneShotFactory#info] Stopping factory <twisted.internet.endpoints.connectProtocol.<locals>.OneShotFactory object at 0x7fa63829eba8>
2020-04-13T22:17:31-0300 [twisted.internet.endpoints.OneShotFactory#info] Stopping factory <twisted.internet.endpoints.connectProtocol.<locals>.OneShotFactory object at 0x7fa6382c9400>
2020-04-13T22:17:31-0300 [SubscriberApp,client] connection lost: Connection to the other side was lost in a non-clean fashion: Connection lost.
2020-04-13T22:17:31-0300 [SubscriberApp,client] connection lost - Number of events: 19
2020-04-13T22:17:31-0300 [applications.mqttapp.BrokerFactory] (TCP Port 5100 Closed)
2020-04-13T22:17:31-0300 [SubscriberApp,client] connection lost: Connection to the other side was lost in a non-clean fashion: Connection lost.
2020-04-13T22:17:31-0300 [SubscriberApp,client] connection lost - Number of events: 20
2020-04-13T22:17:31-0300 [twisted.internet.endpoints.OneShotFactory#info] Stopping factory <twisted.internet.endpoints.connectProtocol.<locals>.OneShotFactory object at 0x7fa6382c9160>
2020-04-13T22:17:31-0300 [applications.routerapp.RouterFactory] (TCP Port 8081 Closed)
2020-04-13T22:17:31-0300 [twisted.internet.endpoints.OneShotFactory#info] Stopping factory <twisted.internet.endpoints.connectProtocol.<locals>.OneShotFactory object at 0x7fa63829e9b0>
2020-04-13T22:17:31-0300 [PublisherApp,client] connection lost: Connection to the other side was lost in a non-clean fashion: Connection lost.
2020-04-13T22:17:31-0300 [PublisherApp,client] connection lost - Number of events: 21
2020-04-13T22:17:31-0300 [twisted.internet.endpoints.OneShotFactory#info] Stopping factory <twisted.internet.endpoints.connectProtocol.<locals>.OneShotFactory object at 0x7fa6382afa90>
2020-04-13T22:17:31-0300 [twisted.internet.endpoints.OneShotFactory#info] Stopping factory <twisted.internet.endpoints.connectProtocol.<locals>.OneShotFactory object at 0x7fa6382afef0>
2020-04-13T22:17:31-0300 [applications.accesspointapp.AccessPointFactory] (TCP Port 8082 Closed)
2020-04-13T22:17:31-0300 [-] Main loop terminated.
