2020-05-15T13:29:03-0300 [-] Creating router ...
2020-05-15T13:29:03-0300 [-] Initializing Router - Number of events: 1
2020-05-15T13:29:04-0300 [-] RouterFactory starting on 8081
2020-05-15T13:29:04-0300 [-] Creating AccessPoint station ...
2020-05-15T13:29:04-0300 [-] Initializing Access Point - Number of events: 2
2020-05-15T13:29:04-0300 [-] AccessPointFactory starting on 8082
2020-05-15T13:29:04-0300 [-] Creating fog node ...
2020-05-15T13:29:04-0300 [-] Initializing Client - Number of events: 3
2020-05-15T13:29:05-0300 [-] Creating fog node ...
2020-05-15T13:29:05-0300 [-] Initializing Client - Number of events: 4
2020-05-15T13:29:05-0300 [-] Creating fog node ...
2020-05-15T13:29:05-0300 [-] Initializing Server - Number of events: 5
2020-05-15T13:29:06-0300 [-] BrokerFactory starting on 5100
2020-05-15T13:29:06-0300 [-] Creating iot node ...
2020-05-15T13:29:06-0300 [-] Initializing Client - Number of events: 6
2020-05-15T13:29:06-0300 [-] Initializing sensor node - Number of events: 7
2020-05-15T13:29:07-0300 [-] Initializing sensor node - Number of events: 8
2020-05-15T13:29:07-0300 [stdout#info] {'13.53 Kwh'}
2020-05-15T13:29:07-0300 [-] Initializing sensor node - Number of events: 9
2020-05-15T13:29:08-0300 [stdout#info] {'8.93 Kwh'}
2020-05-15T13:29:08-0300 [-] Initializing sensor node - Number of events: 10
2020-05-15T13:29:08-0300 [stdout#info] {'14.3 Kwh'}
2020-05-15T13:29:08-0300 [-] Initializing sensor node - Number of events: 11
2020-05-15T13:29:09-0300 [stdout#info] {'19.6 Kwh'}
2020-05-15T13:29:09-0300 [-] Initializing sensor node - Number of events: 12
2020-05-15T13:29:09-0300 [stdout#info] {'20.75 Kwh'}
2020-05-15T13:29:09-0300 [-] Initializing sensor node - Number of events: 13
2020-05-15T13:29:10-0300 [stdout#info] {'2.57 Kwh'}
2020-05-15T13:29:10-0300 [-] Initializing sensor node - Number of events: 14
2020-05-15T13:29:10-0300 [stdout#info] {'16.9 Kwh'}
2020-05-15T13:29:10-0300 [-] Initializing sensor node - Number of events: 15
2020-05-15T13:29:11-0300 [stdout#info] {'5.77 Kwh'}
2020-05-15T13:29:11-0300 [-] Initializing sensor node - Number of events: 16
2020-05-15T13:29:11-0300 [stdout#info] {'14.0 Kwh'}
2020-05-15T13:29:11-0300 [stdout#info] <scinetsim.standarddevice.WSNSensorNode object at 0x7f7a1fa72828>
2020-05-15T13:29:11-0300 [stdout#info] <scinetsim.standarddevice.WSNSensorNode object at 0x7f7a1fa6b668>
2020-05-15T13:29:11-0300 [stdout#info] <scinetsim.standarddevice.WSNSensorNode object at 0x7f7a1fa724a8>
2020-05-15T13:29:11-0300 [stdout#info] <scinetsim.standarddevice.WSNSensorNode object at 0x7f7a1fa6b2e8>
2020-05-15T13:29:11-0300 [stdout#info] <scinetsim.standarddevice.WSNSensorNode object at 0x7f7a1fa72128>
2020-05-15T13:29:11-0300 [stdout#info] <scinetsim.standarddevice.WSNSensorNode object at 0x7f7a1fa72f28>
2020-05-15T13:29:11-0300 [stdout#info] <scinetsim.standarddevice.WSNSensorNode object at 0x7f7a1fa6bd68>
2020-05-15T13:29:11-0300 [stdout#info] <scinetsim.standarddevice.WSNSensorNode object at 0x7f7a1fa72ba8>
2020-05-15T13:29:11-0300 [stdout#info] <scinetsim.standarddevice.WSNSensorNode object at 0x7f7a1fa6b9e8>
2020-05-15T13:29:11-0300 [stdout#info] {'4.33 Kwh'}
2020-05-15T13:29:11-0300 [stdout#info] {'21.86 Kwh'}
2020-05-15T13:29:11-0300 [stdout#info] {'15.3 Kwh'}
2020-05-15T13:29:11-0300 [stdout#info] This divice have no simulation core instance
2020-05-15T13:29:11-0300 [stdout#info] This divice have no simulation core instance
2020-05-15T13:29:11-0300 [stdout#info] This divice have no simulation core instance
2020-05-15T13:29:11-0300 [stdout#info] This divice have no simulation core instance
2020-05-15T13:29:11-0300 [stdout#info] This divice have no simulation core instance
2020-05-15T13:29:11-0300 [Uninitialized] 127.0.0.1:35766 - Connected to mqtt broker - Number of events: 17
2020-05-15T13:29:11-0300 [Uninitialized] 127.0.0.1:35766 - sending MQTT SUBSCRIBE REQUEST - Number of events: 18
2020-05-15T13:29:11-0300 [Uninitialized] 127.0.0.1:35768 - Connected to mqtt broker - Number of events: 19
2020-05-15T13:29:11-0300 [Uninitialized] 127.0.0.1:35768 - sending MQTT SUBSCRIBE REQUEST - Number of events: 20
2020-05-15T13:29:11-0300 [Uninitialized] 127.0.0.1:52092 - Connected to mqtt broker - Number of events: 21
2020-05-15T13:29:11-0300 [Uninitialized] 127.0.0.1:52092 - sending MQTT PUBLISH REQUEST - Number of events: 22
2020-05-15T13:29:11-0300 [twisted.internet.endpoints.OneShotFactory#info] Starting factory <twisted.internet.endpoints.connectProtocol.<locals>.OneShotFactory object at 0x7f7a1fa7d6d8>
2020-05-15T13:29:11-0300 [twisted.internet.endpoints.OneShotFactory#info] Starting factory <twisted.internet.endpoints.connectProtocol.<locals>.OneShotFactory object at 0x7f7a1fa7d8d0>
2020-05-15T13:29:11-0300 [twisted.internet.endpoints.OneShotFactory#info] Starting factory <twisted.internet.endpoints.connectProtocol.<locals>.OneShotFactory object at 0x7f7a1fa7db00>
2020-05-15T13:29:11-0300 [stdout#info] This divice have no simulation core instance
2020-05-15T13:29:11-0300 [twisted.internet.endpoints.OneShotFactory#info] Starting factory <twisted.internet.endpoints.connectProtocol.<locals>.OneShotFactory object at 0x7f7a1fa8c588>
2020-05-15T13:29:12-0300 [stdout#info] {'12.78 Kwh'}
2020-05-15T13:29:12-0300 [stdout#info] {'20.84 Kwh'}
2020-05-15T13:29:13-0300 [stdout#info] {'21.81 Kwh'}
2020-05-15T13:29:13-0300 [stdout#info] {'11.42 Kwh'}
2020-05-15T13:29:14-0300 [stdout#info] {'17.98 Kwh'}
2020-05-15T13:29:14-0300 [stdout#info] {'17.76 Kwh'}
2020-05-15T13:29:14-0300 [stdout#info] {'2.78 Kwh'}
2020-05-15T13:29:14-0300 [stdout#info] {'13.7 Kwh'}
2020-05-15T13:29:14-0300 [stdout#info] {'10.07 Kwh'}
2020-05-15T13:29:15-0300 [stdout#info] {'6.95 Kwh'}
2020-05-15T13:29:15-0300 [stdout#info] {'4.55 Kwh'}
2020-05-15T13:29:16-0300 [stdout#info] {'20.45 Kwh'}
2020-05-15T13:29:16-0300 [stdout#info] {'4.85 Kwh'}
2020-05-15T13:29:16-0300 [-] 127.0.0.1:52092 - sending MQTT PUBLISH REQUEST - Number of events: 23
2020-05-15T13:29:16-0300 [twisted.internet.endpoints.OneShotFactory#info] Starting factory <twisted.internet.endpoints.connectProtocol.<locals>.OneShotFactory object at 0x7f7a1fa8c898>
2020-05-15T13:29:16-0300 [twisted.internet.endpoints.OneShotFactory#info] Stopping factory <twisted.internet.endpoints.connectProtocol.<locals>.OneShotFactory object at 0x7f7a1fa7db00>
2020-05-15T13:29:16-0300 [stdout#info] This divice have no simulation core instance
2020-05-15T13:29:16-0300 [twisted.internet.endpoints.OneShotFactory#info] Starting factory <twisted.internet.endpoints.connectProtocol.<locals>.OneShotFactory object at 0x7f7a1fa8cac8>
2020-05-15T13:29:16-0300 [twisted.internet.endpoints.OneShotFactory#info] Stopping factory <twisted.internet.endpoints.connectProtocol.<locals>.OneShotFactory object at 0x7f7a1fa8c588>
2020-05-15T13:29:17-0300 [stdout#info] {'15.41 Kwh'}
2020-05-15T13:29:17-0300 [stdout#info] {'4.41 Kwh'}
2020-05-15T13:29:17-0300 [stdout#info] {'16.7 Kwh'}
2020-05-15T13:29:17-0300 [stdout#info] {'13.93 Kwh'}
2020-05-15T13:29:17-0300 [stdout#info] {'20.32 Kwh'}
2020-05-15T13:29:18-0300 [stdout#info] {'5.36 Kwh'}
2020-05-15T13:29:18-0300 [stdout#info] {'4.82 Kwh'}
2020-05-15T13:29:19-0300 [stdout#info] {'17.45 Kwh'}
2020-05-15T13:29:19-0300 [stdout#info] {'11.64 Kwh'}
2020-05-15T13:29:20-0300 [stdout#info] {'3.06 Kwh'}
2020-05-15T13:29:20-0300 [stdout#info] {'13.24 Kwh'}
2020-05-15T13:29:20-0300 [stdout#info] {'15.38 Kwh'}
2020-05-15T13:29:20-0300 [stdout#info] {'22.39 Kwh'}
2020-05-15T13:29:20-0300 [stdout#info] {'8.15 Kwh'}
2020-05-15T13:29:21-0300 [stdout#info] {'20.7 Kwh'}
2020-05-15T13:29:21-0300 [stdout#info] {'14.66 Kwh'}
2020-05-15T13:29:21-0300 [-] 127.0.0.1:52092 - sending MQTT PUBLISH REQUEST - Number of events: 24
2020-05-15T13:29:21-0300 [twisted.internet.endpoints.OneShotFactory#info] Starting factory <twisted.internet.endpoints.connectProtocol.<locals>.OneShotFactory object at 0x7f7a1fa8cd30>
2020-05-15T13:29:21-0300 [twisted.internet.endpoints.OneShotFactory#info] Stopping factory <twisted.internet.endpoints.connectProtocol.<locals>.OneShotFactory object at 0x7f7a1fa8c898>
2020-05-15T13:29:21-0300 [stdout#info] This divice have no simulation core instance
2020-05-15T13:29:21-0300 [twisted.internet.endpoints.OneShotFactory#info] Starting factory <twisted.internet.endpoints.connectProtocol.<locals>.OneShotFactory object at 0x7f7a1fa8cf60>
2020-05-15T13:29:22-0300 [stdout#info] {'5.71 Kwh'}
2020-05-15T13:29:22-0300 [stdout#info] {'20.82 Kwh'}
2020-05-15T13:29:23-0300 [stdout#info] {'22.48 Kwh'}
2020-05-15T13:29:23-0300 [stdout#info] {'6.3 Kwh'}
2020-05-15T13:29:23-0300 [stdout#info] {'3.16 Kwh'}
2020-05-15T13:29:23-0300 [stdout#info] {'19.47 Kwh'}
2020-05-15T13:29:23-0300 [stdout#info] {'15.27 Kwh'}
2020-05-15T13:29:24-0300 [stdout#info] {'13.82 Kwh'}
2020-05-15T13:29:24-0300 [stdout#info] {'18.33 Kwh'}
2020-05-15T13:29:25-0300 [stdout#info] {'17.52 Kwh'}
2020-05-15T13:29:25-0300 [stdout#info] {'15.38 Kwh'}
2020-05-15T13:29:26-0300 [stdout#info] {'15.56 Kwh'}
2020-05-15T13:29:26-0300 [stdout#info] {'5.23 Kwh'}
2020-05-15T13:29:26-0300 [stdout#info] {'20.03 Kwh'}
2020-05-15T13:29:26-0300 [stdout#info] {'7.96 Kwh'}
2020-05-15T13:29:26-0300 [stdout#info] {'20.11 Kwh'}
2020-05-15T13:29:26-0300 [-] 127.0.0.1:52092 - sending MQTT PUBLISH REQUEST - Number of events: 25
2020-05-15T13:29:26-0300 [twisted.internet.endpoints.OneShotFactory#info] Starting factory <twisted.internet.endpoints.connectProtocol.<locals>.OneShotFactory object at 0x7f7a2113f1d0>
2020-05-15T13:29:26-0300 [twisted.internet.endpoints.OneShotFactory#info] Stopping factory <twisted.internet.endpoints.connectProtocol.<locals>.OneShotFactory object at 0x7f7a1fa8cd30>
2020-05-15T13:29:26-0300 [stdout#info] This divice have no simulation core instance
2020-05-15T13:29:26-0300 [twisted.internet.endpoints.OneShotFactory#info] Starting factory <twisted.internet.endpoints.connectProtocol.<locals>.OneShotFactory object at 0x7f7a2113f470>
2020-05-15T13:29:27-0300 [stdout#info] {'19.51 Kwh'}
2020-05-15T13:29:27-0300 [stdout#info] {'10.95 Kwh'}
2020-05-15T13:29:28-0300 [stdout#info] {'10.37 Kwh'}
2020-05-15T13:29:28-0300 [stdout#info] {'19.53 Kwh'}
2020-05-15T13:29:29-0300 [stdout#info] {'14.69 Kwh'}
2020-05-15T13:29:29-0300 [stdout#info] {'19.92 Kwh'}
2020-05-15T13:29:29-0300 [stdout#info] {'6.99 Kwh'}
2020-05-15T13:29:29-0300 [stdout#info] {'14.62 Kwh'}
2020-05-15T13:29:29-0300 [stdout#info] {'19.43 Kwh'}
2020-05-15T13:29:30-0300 [stdout#info] {'11.87 Kwh'}
2020-05-15T13:29:30-0300 [stdout#info] {'10.65 Kwh'}
2020-05-15T13:29:31-0300 [stdout#info] {'19.2 Kwh'}
2020-05-15T13:29:31-0300 [stdout#info] {'9.86 Kwh'}
2020-05-15T13:29:31-0300 [-] 127.0.0.1:52092 - sending MQTT PUBLISH REQUEST - Number of events: 26
2020-05-15T13:29:31-0300 [twisted.internet.endpoints.OneShotFactory#info] Starting factory <twisted.internet.endpoints.connectProtocol.<locals>.OneShotFactory object at 0x7f7a2113f710>
2020-05-15T13:29:31-0300 [twisted.internet.endpoints.OneShotFactory#info] Stopping factory <twisted.internet.endpoints.connectProtocol.<locals>.OneShotFactory object at 0x7f7a2113f1d0>
2020-05-15T13:29:31-0300 [stdout#info] This divice have no simulation core instance
2020-05-15T13:29:31-0300 [twisted.internet.endpoints.OneShotFactory#info] Starting factory <twisted.internet.endpoints.connectProtocol.<locals>.OneShotFactory object at 0x7f7a2113f940>
2020-05-15T13:29:32-0300 [stdout#info] {'21.85 Kwh'}
2020-05-15T13:29:32-0300 [stdout#info] {'20.56 Kwh'}
2020-05-15T13:29:32-0300 [stdout#info] {'16.49 Kwh'}
2020-05-15T13:29:32-0300 [stdout#info] {'19.25 Kwh'}
2020-05-15T13:29:32-0300 [stdout#info] {'16.74 Kwh'}
2020-05-15T13:29:33-0300 [stdout#info] {'5.18 Kwh'}
2020-05-15T13:29:33-0300 [stdout#info] {'16.45 Kwh'}
2020-05-15T13:29:34-0300 [stdout#info] {'5.78 Kwh'}
2020-05-15T13:29:34-0300 [stdout#info] {'9.9 Kwh'}
2020-05-15T13:29:35-0300 [stdout#info] {'19.59 Kwh'}
2020-05-15T13:29:35-0300 [stdout#info] {'11.33 Kwh'}
2020-05-15T13:29:35-0300 [stdout#info] {'17.94 Kwh'}
2020-05-15T13:29:35-0300 [stdout#info] {'18.25 Kwh'}
2020-05-15T13:29:35-0300 [stdout#info] {'3.92 Kwh'}
2020-05-15T13:29:36-0300 [stdout#info] {'13.95 Kwh'}
2020-05-15T13:29:36-0300 [stdout#info] {'6.34 Kwh'}
2020-05-15T13:29:36-0300 [-] 127.0.0.1:52092 - sending MQTT PUBLISH REQUEST - Number of events: 27
2020-05-15T13:29:36-0300 [twisted.internet.endpoints.OneShotFactory#info] Starting factory <twisted.internet.endpoints.connectProtocol.<locals>.OneShotFactory object at 0x7f7a2113f6d8>
2020-05-15T13:29:36-0300 [twisted.internet.endpoints.OneShotFactory#info] Stopping factory <twisted.internet.endpoints.connectProtocol.<locals>.OneShotFactory object at 0x7f7a2113f710>
2020-05-15T13:29:36-0300 [stdout#info] This divice have no simulation core instance
2020-05-15T13:29:36-0300 [twisted.internet.endpoints.OneShotFactory#info] Starting factory <twisted.internet.endpoints.connectProtocol.<locals>.OneShotFactory object at 0x7f7a2113fcf8>
2020-05-15T13:29:37-0300 [stdout#info] {'8.0 Kwh'}
2020-05-15T13:29:37-0300 [stdout#info] {'12.68 Kwh'}
2020-05-15T13:29:38-0300 [stdout#info] {'14.08 Kwh'}
2020-05-15T13:29:38-0300 [stdout#info] {'16.19 Kwh'}
2020-05-15T13:29:38-0300 [stdout#info] {'10.21 Kwh'}
2020-05-15T13:29:38-0300 [stdout#info] {'16.0 Kwh'}
2020-05-15T13:29:38-0300 [stdout#info] {'19.98 Kwh'}
2020-05-15T13:29:39-0300 [stdout#info] {'3.67 Kwh'}
2020-05-15T13:29:39-0300 [stdout#info] {'18.78 Kwh'}
2020-05-15T13:29:40-0300 [-] Received SIGINT, shutting down.
2020-05-15T13:29:40-0300 [SubscriberApp,client] connection lost: Connection to the other side was lost in a non-clean fashion: Connection lost.
2020-05-15T13:29:40-0300 [SubscriberApp,client] connection lost - Number of events: 28
2020-05-15T13:29:40-0300 [SubscriberApp,client] connection lost: Connection to the other side was lost in a non-clean fashion: Connection lost.
2020-05-15T13:29:40-0300 [SubscriberApp,client] connection lost - Number of events: 29
2020-05-15T13:29:40-0300 [twisted.internet.endpoints.OneShotFactory#info] Stopping factory <twisted.internet.endpoints.connectProtocol.<locals>.OneShotFactory object at 0x7f7a1fa8cf60>
2020-05-15T13:29:40-0300 [twisted.internet.endpoints.OneShotFactory#info] Stopping factory <twisted.internet.endpoints.connectProtocol.<locals>.OneShotFactory object at 0x7f7a1fa8cac8>
2020-05-15T13:29:40-0300 [applications.accesspointapp.AccessPointFactory] (TCP Port 8082 Closed)
2020-05-15T13:29:40-0300 [PublisherApp,client] connection lost: Connection to the other side was lost in a non-clean fashion: Connection lost.
2020-05-15T13:29:40-0300 [PublisherApp,client] connection lost - Number of events: 30
2020-05-15T13:29:40-0300 [twisted.internet.endpoints.OneShotFactory#info] Stopping factory <twisted.internet.endpoints.connectProtocol.<locals>.OneShotFactory object at 0x7f7a2113f470>
2020-05-15T13:29:40-0300 [twisted.internet.endpoints.OneShotFactory#info] Stopping factory <twisted.internet.endpoints.connectProtocol.<locals>.OneShotFactory object at 0x7f7a1fa7d8d0>
2020-05-15T13:29:40-0300 [twisted.internet.endpoints.OneShotFactory#info] Stopping factory <twisted.internet.endpoints.connectProtocol.<locals>.OneShotFactory object at 0x7f7a2113fcf8>
2020-05-15T13:29:40-0300 [twisted.internet.endpoints.OneShotFactory#info] Stopping factory <twisted.internet.endpoints.connectProtocol.<locals>.OneShotFactory object at 0x7f7a2113f940>
2020-05-15T13:29:40-0300 [applications.mqttapp.BrokerFactory] (TCP Port 5100 Closed)
2020-05-15T13:29:40-0300 [twisted.internet.endpoints.OneShotFactory#info] Stopping factory <twisted.internet.endpoints.connectProtocol.<locals>.OneShotFactory object at 0x7f7a2113f6d8>
2020-05-15T13:29:40-0300 [twisted.internet.endpoints.OneShotFactory#info] Stopping factory <twisted.internet.endpoints.connectProtocol.<locals>.OneShotFactory object at 0x7f7a1fa7d6d8>
2020-05-15T13:29:40-0300 [applications.routerapp.RouterFactory] (TCP Port 8081 Closed)
2020-05-15T13:29:40-0300 [-] Main loop terminated.
