2020-05-24T22:36:13-0300 [-] Creating router ...
2020-05-24T22:36:13-0300 [-] Initializing Router - Number of events: 1
2020-05-24T22:36:13-0300 [-] RouterFactory starting on 8081
2020-05-24T22:36:13-0300 [-] Creating AccessPoint station ...
2020-05-24T22:36:13-0300 [-] Initializing Access Point - Number of events: 2
2020-05-24T22:36:14-0300 [-] AccessPointFactory starting on 8082
2020-05-24T22:36:14-0300 [-] Creating fog node ...
2020-05-24T22:36:14-0300 [-] Initializing Client - Number of events: 3
2020-05-24T22:36:14-0300 [-] Creating fog node ...
2020-05-24T22:36:14-0300 [-] Initializing Client - Number of events: 4
2020-05-24T22:36:15-0300 [-] Creating fog node ...
2020-05-24T22:36:15-0300 [-] Initializing Server - Number of events: 5
2020-05-24T22:36:15-0300 [-] BrokerFactory starting on 5100
2020-05-24T22:36:15-0300 [-] Creating iot node ...
2020-05-24T22:36:15-0300 [-] Initializing Client - Number of events: 6
2020-05-24T22:36:16-0300 [-] Initializing sink node - Number of events: 7
2020-05-24T22:36:16-0300 [-] Initializing sensor node - Number of events: 8
2020-05-24T22:36:17-0300 [-] Initializing sensor node - Number of events: 9
2020-05-24T22:36:17-0300 [-] Initializing sensor node - Number of events: 10
2020-05-24T22:36:18-0300 [-] Initializing sensor node - Number of events: 11
2020-05-24T22:36:18-0300 [-] Initializing sensor node - Number of events: 12
2020-05-24T22:36:19-0300 [-] Initializing sensor node - Number of events: 13
2020-05-24T22:36:19-0300 [-] Initializing sensor node - Number of events: 14
2020-05-24T22:36:20-0300 [-] Initializing sensor node - Number of events: 15
2020-05-24T22:36:20-0300 [-] Initializing sensor node - Number of events: 16
2020-05-24T22:36:21-0300 [stdout#info] ========= sensor_8 ==========
2020-05-24T22:36:21-0300 [stdout#info] sensor_8  <------->  sensor_7
2020-05-24T22:36:21-0300 [stdout#info] =============================
2020-05-24T22:36:21-0300 [stdout#info] sensor_8 |13.18 Kwh
2020-05-24T22:36:21-0300 [stdout#info] ========= sensor_9 ==========
2020-05-24T22:36:21-0300 [stdout#info] =============================
2020-05-24T22:36:21-0300 [stdout#info] sensor_9 |21.43 Kwh
2020-05-24T22:36:21-0300 [stdout#info] ========= sensor_4 ==========
2020-05-24T22:36:21-0300 [stdout#info] sensor_4  <------->  sensor_3
2020-05-24T22:36:21-0300 [stdout#info] =============================
2020-05-24T22:36:21-0300 [stdout#info] sensor_4 |5.96 Kwh
2020-05-24T22:36:21-0300 [stdout#info] ========= sensor_7 ==========
2020-05-24T22:36:21-0300 [stdout#info] sensor_7  <------->  sensor_8
2020-05-24T22:36:21-0300 [stdout#info] =============================
2020-05-24T22:36:21-0300 [stdout#info] sensor_7 |13.18 Kwh|14.33 Kwh
2020-05-24T22:36:21-0300 [stdout#info] ========= sensor_6 ==========
2020-05-24T22:36:21-0300 [stdout#info] sensor_6  <------->  sensor_5
2020-05-24T22:36:21-0300 [stdout#info] =============================
2020-05-24T22:36:21-0300 [stdout#info] sensor_6 |17.59 Kwh
2020-05-24T22:36:21-0300 [stdout#info] ========= sensor_3 ==========
2020-05-24T22:36:21-0300 [stdout#info] sensor_3  <------->  sensor_1
2020-05-24T22:36:21-0300 [stdout#info] sensor_3  <------->  sensor_4
2020-05-24T22:36:21-0300 [stdout#info] =============================
2020-05-24T22:36:21-0300 [stdout#info] sensor_3 |15.1 Kwh|5.96 Kwh
2020-05-24T22:36:21-0300 [stdout#info] ========= sensor_1 ==========
2020-05-24T22:36:21-0300 [stdout#info] sensor_1  <------->  wsn_sink
2020-05-24T22:36:21-0300 [stdout#info] sensor_1  <------->  sensor_3
2020-05-24T22:36:21-0300 [stdout#info] =============================
2020-05-24T22:36:21-0300 [stdout#info] sensor_1 |15.58 Kwh|15.1 Kwh
2020-05-24T22:36:21-0300 [stdout#info] ========= sensor_2 ==========
2020-05-24T22:36:21-0300 [stdout#info] =============================
2020-05-24T22:36:21-0300 [stdout#info] sensor_2 |15.37 Kwh
2020-05-24T22:36:21-0300 [stdout#info] ========= sensor_5 ==========
2020-05-24T22:36:21-0300 [stdout#info] sensor_5  <------->  sensor_6
2020-05-24T22:36:21-0300 [stdout#info] =============================
2020-05-24T22:36:21-0300 [stdout#info] sensor_5 |19.84 Kwh|17.59 Kwh
2020-05-24T22:36:21-0300 [stdout#info] This divice have no simulation core instance
2020-05-24T22:36:21-0300 [stdout#info] This divice have no simulation core instance
2020-05-24T22:36:21-0300 [stdout#info] This divice have no simulation core instance
2020-05-24T22:36:21-0300 [stdout#info] This divice have no simulation core instance
2020-05-24T22:36:21-0300 [stdout#info] This divice have no simulation core instance
2020-05-24T22:36:21-0300 [Uninitialized] 127.0.0.1:38684 - Connected to mqtt broker - Number of events: 17
2020-05-24T22:36:21-0300 [Uninitialized] 127.0.0.1:38684 - sending MQTT SUBSCRIBE REQUEST - Number of events: 18
2020-05-24T22:36:21-0300 [Uninitialized] 127.0.0.1:38686 - Connected to mqtt broker - Number of events: 19
2020-05-24T22:36:21-0300 [Uninitialized] 127.0.0.1:38686 - sending MQTT SUBSCRIBE REQUEST - Number of events: 20
2020-05-24T22:36:21-0300 [Uninitialized] 127.0.0.1:33432 - Connected to mqtt broker - Number of events: 21
2020-05-24T22:36:21-0300 [Uninitialized] 127.0.0.1:33432 - sending MQTT PUBLISH REQUEST - Number of events: 22
2020-05-24T22:36:21-0300 [twisted.internet.endpoints.OneShotFactory#info] Starting factory <twisted.internet.endpoints.connectProtocol.<locals>.OneShotFactory object at 0x7f160f3416d8>
2020-05-24T22:36:21-0300 [twisted.internet.endpoints.OneShotFactory#info] Starting factory <twisted.internet.endpoints.connectProtocol.<locals>.OneShotFactory object at 0x7f160f341a58>
2020-05-24T22:36:21-0300 [twisted.internet.endpoints.OneShotFactory#info] Starting factory <twisted.internet.endpoints.connectProtocol.<locals>.OneShotFactory object at 0x7f160d405198>
2020-05-24T22:36:21-0300 [stdout#info] This divice have no simulation core instance
2020-05-24T22:36:21-0300 [twisted.internet.endpoints.OneShotFactory#info] Starting factory <twisted.internet.endpoints.connectProtocol.<locals>.OneShotFactory object at 0x7f160d405c88>
2020-05-24T22:36:24-0300 [stdout#info] sensor_8 |14.33 Kwh|17.61 Kwh
2020-05-24T22:36:24-0300 [stdout#info] sensor_9 |20.24 Kwh
2020-05-24T22:36:24-0300 [stdout#info] sensor_4 |19.88 Kwh|15.1 Kwh
2020-05-24T22:36:24-0300 [stdout#info] sensor_7 |9.68 Kwh|17.61 Kwh
2020-05-24T22:36:24-0300 [stdout#info] sensor_6 |16.56 Kwh|19.84 Kwh
2020-05-24T22:36:24-0300 [stdout#info] sensor_3 |15.58 Kwh|19.88 Kwh|11.44 Kwh
2020-05-24T22:36:24-0300 [stdout#info] sensor_1 |11.44 Kwh|7.24 Kwh
2020-05-24T22:36:24-0300 [stdout#info] sensor_2 |17.97 Kwh
2020-05-24T22:36:24-0300 [stdout#info] sensor_5 |5.05 Kwh|16.56 Kwh
2020-05-24T22:36:26-0300 [-] 127.0.0.1:33432 - sending MQTT PUBLISH REQUEST - Number of events: 23
2020-05-24T22:36:26-0300 [twisted.internet.endpoints.OneShotFactory#info] Starting factory <twisted.internet.endpoints.connectProtocol.<locals>.OneShotFactory object at 0x7f160d405ba8>
2020-05-24T22:36:26-0300 [twisted.internet.endpoints.OneShotFactory#info] Stopping factory <twisted.internet.endpoints.connectProtocol.<locals>.OneShotFactory object at 0x7f160d405198>
2020-05-24T22:36:26-0300 [stdout#info] This divice have no simulation core instance
2020-05-24T22:36:26-0300 [twisted.internet.endpoints.OneShotFactory#info] Starting factory <twisted.internet.endpoints.connectProtocol.<locals>.OneShotFactory object at 0x7f160eace320>
2020-05-24T22:36:26-0300 [twisted.internet.endpoints.OneShotFactory#info] Stopping factory <twisted.internet.endpoints.connectProtocol.<locals>.OneShotFactory object at 0x7f160d405c88>
2020-05-24T22:36:27-0300 [stdout#info] sensor_8 |19.99 Kwh|9.68 Kwh
2020-05-24T22:36:27-0300 [stdout#info] sensor_9 |9.32 Kwh
2020-05-24T22:36:27-0300 [stdout#info] sensor_4 |11.44 Kwh|12.24 Kwh
2020-05-24T22:36:27-0300 [stdout#info] sensor_7 |19.99 Kwh|21.96 Kwh
2020-05-24T22:36:27-0300 [stdout#info] sensor_6 |5.05 Kwh|8.09 Kwh
2020-05-24T22:36:27-0300 [stdout#info] sensor_3 |9.38 Kwh|7.24 Kwh|12.24 Kwh
2020-05-24T22:36:27-0300 [stdout#info] sensor_1 |10.64 Kwh|9.38 Kwh
2020-05-24T22:36:27-0300 [stdout#info] sensor_2 |10.08 Kwh
2020-05-24T22:36:27-0300 [stdout#info] sensor_5 |8.09 Kwh|16.53 Kwh
2020-05-24T22:36:30-0300 [stdout#info] sensor_8 |3.23 Kwh|21.96 Kwh
2020-05-24T22:36:30-0300 [stdout#info] sensor_9 |16.9 Kwh
2020-05-24T22:36:30-0300 [stdout#info] sensor_4 |9.38 Kwh|11.01 Kwh
2020-05-24T22:36:30-0300 [stdout#info] sensor_7 |20.87 Kwh|3.23 Kwh
2020-05-24T22:36:30-0300 [stdout#info] sensor_6 |13.39 Kwh|16.53 Kwh
2020-05-24T22:36:30-0300 [stdout#info] sensor_3 |9.25 Kwh|10.64 Kwh|11.01 Kwh
2020-05-24T22:36:30-0300 [stdout#info] sensor_1 |11.96 Kwh|9.25 Kwh
2020-05-24T22:36:30-0300 [stdout#info] sensor_2 |8.91 Kwh
2020-05-24T22:36:30-0300 [stdout#info] sensor_5 |10.99 Kwh|13.39 Kwh
2020-05-24T22:36:30-0300 [-] Received SIGINT, shutting down.
2020-05-24T22:36:31-0300 [twisted.internet.endpoints.OneShotFactory#info] Stopping factory <twisted.internet.endpoints.connectProtocol.<locals>.OneShotFactory object at 0x7f160eace320>
2020-05-24T22:36:31-0300 [twisted.internet.endpoints.OneShotFactory#info] Stopping factory <twisted.internet.endpoints.connectProtocol.<locals>.OneShotFactory object at 0x7f160d405ba8>
2020-05-24T22:36:31-0300 [applications.mqttapp.BrokerFactory] (TCP Port 5100 Closed)
2020-05-24T22:36:31-0300 [SubscriberApp,client] connection lost: Connection to the other side was lost in a non-clean fashion: Connection lost.
2020-05-24T22:36:31-0300 [SubscriberApp,client] connection lost - Number of events: 24
2020-05-24T22:36:31-0300 [twisted.internet.endpoints.OneShotFactory#info] Stopping factory <twisted.internet.endpoints.connectProtocol.<locals>.OneShotFactory object at 0x7f160f3416d8>
2020-05-24T22:36:31-0300 [SubscriberApp,client] connection lost: Connection to the other side was lost in a non-clean fashion: Connection lost.
2020-05-24T22:36:31-0300 [SubscriberApp,client] connection lost - Number of events: 25
2020-05-24T22:36:31-0300 [applications.routerapp.RouterFactory] (TCP Port 8081 Closed)
2020-05-24T22:36:31-0300 [applications.accesspointapp.AccessPointFactory] (TCP Port 8082 Closed)
2020-05-24T22:36:31-0300 [PublisherApp,client] connection lost: Connection to the other side was lost in a non-clean fashion: Connection lost.
2020-05-24T22:36:31-0300 [PublisherApp,client] connection lost - Number of events: 26
2020-05-24T22:36:31-0300 [twisted.internet.endpoints.OneShotFactory#info] Stopping factory <twisted.internet.endpoints.connectProtocol.<locals>.OneShotFactory object at 0x7f160f341a58>
2020-05-24T22:36:31-0300 [-] Main loop terminated.
