2020-05-15T13:33:11-0300 [-] Creating router ...
2020-05-15T13:33:11-0300 [-] Initializing Router - Number of events: 1
2020-05-15T13:33:12-0300 [-] RouterFactory starting on 8081
2020-05-15T13:33:12-0300 [-] Creating AccessPoint station ...
2020-05-15T13:33:12-0300 [-] Initializing Access Point - Number of events: 2
2020-05-15T13:33:12-0300 [-] AccessPointFactory starting on 8082
2020-05-15T13:33:12-0300 [-] Creating fog node ...
2020-05-15T13:33:12-0300 [-] Initializing Client - Number of events: 3
2020-05-15T13:33:13-0300 [-] Creating fog node ...
2020-05-15T13:33:13-0300 [-] Initializing Client - Number of events: 4
2020-05-15T13:33:13-0300 [-] Creating fog node ...
2020-05-15T13:33:13-0300 [-] Initializing Server - Number of events: 5
2020-05-15T13:33:14-0300 [-] BrokerFactory starting on 5100
2020-05-15T13:33:14-0300 [-] Creating iot node ...
2020-05-15T13:33:14-0300 [-] Initializing Client - Number of events: 6
2020-05-15T13:33:14-0300 [-] Initializing sensor node - Number of events: 7
2020-05-15T13:33:15-0300 [-] Initializing sensor node - Number of events: 8
2020-05-15T13:33:15-0300 [stdout#info] <scinetsim.visualcomponent.VisualComponent object at 0x7fdfdb011278>
2020-05-15T13:33:15-0300 [stdout#info] <scinetsim.visualcomponent.VisualComponent object at 0x7fdfdb011278>
2020-05-15T13:33:15-0300 [stdout#info] <scinetsim.visualcomponent.VisualComponent object at 0x7fdfdb011278>
2020-05-15T13:33:15-0300 [stdout#info] <scinetsim.visualcomponent.VisualComponent object at 0x7fdfdb011278>
2020-05-15T13:33:15-0300 [stdout#info] <scinetsim.visualcomponent.VisualComponent object at 0x7fdfdb011278>
2020-05-15T13:33:15-0300 [stdout#info] <scinetsim.visualcomponent.VisualComponent object at 0x7fdfdb011278>
2020-05-15T13:33:15-0300 [stdout#info] <scinetsim.visualcomponent.VisualComponent object at 0x7fdfdb011278>
2020-05-15T13:33:15-0300 [stdout#info] <scinetsim.visualcomponent.VisualComponent object at 0x7fdfdb011278>
2020-05-15T13:33:15-0300 [stdout#info] <scinetsim.visualcomponent.VisualComponent object at 0x7fdfdb011278>
2020-05-15T13:33:15-0300 [stdout#info] {'13.53 Kwh'}
2020-05-15T13:33:15-0300 [-] Initializing sensor node - Number of events: 9
2020-05-15T13:33:16-0300 [stdout#info] <scinetsim.visualcomponent.VisualComponent object at 0x7fdfdb011278>
2020-05-15T13:33:16-0300 [stdout#info] <scinetsim.visualcomponent.VisualComponent object at 0x7fdfdb011278>
2020-05-15T13:33:16-0300 [stdout#info] <scinetsim.visualcomponent.VisualComponent object at 0x7fdfdb011278>
2020-05-15T13:33:16-0300 [stdout#info] <scinetsim.visualcomponent.VisualComponent object at 0x7fdfdb011278>
2020-05-15T13:33:16-0300 [stdout#info] <scinetsim.visualcomponent.VisualComponent object at 0x7fdfdb011278>
2020-05-15T13:33:16-0300 [stdout#info] <scinetsim.visualcomponent.VisualComponent object at 0x7fdfdb011278>
2020-05-15T13:33:16-0300 [stdout#info] <scinetsim.visualcomponent.VisualComponent object at 0x7fdfdb011278>
2020-05-15T13:33:16-0300 [stdout#info] <scinetsim.visualcomponent.VisualComponent object at 0x7fdfdb011278>
2020-05-15T13:33:16-0300 [stdout#info] <scinetsim.visualcomponent.VisualComponent object at 0x7fdfdb011278>
2020-05-15T13:33:16-0300 [stdout#info] {'8.1 Kwh'}
2020-05-15T13:33:16-0300 [-] Initializing sensor node - Number of events: 10
2020-05-15T13:33:16-0300 [stdout#info] <scinetsim.visualcomponent.VisualComponent object at 0x7fdfdb011278>
2020-05-15T13:33:16-0300 [stdout#info] <scinetsim.visualcomponent.VisualComponent object at 0x7fdfdb011278>
2020-05-15T13:33:16-0300 [stdout#info] <scinetsim.visualcomponent.VisualComponent object at 0x7fdfdb011278>
2020-05-15T13:33:16-0300 [stdout#info] <scinetsim.visualcomponent.VisualComponent object at 0x7fdfdb011278>
2020-05-15T13:33:16-0300 [stdout#info] <scinetsim.visualcomponent.VisualComponent object at 0x7fdfdb011278>
2020-05-15T13:33:16-0300 [stdout#info] <scinetsim.visualcomponent.VisualComponent object at 0x7fdfdb011278>
2020-05-15T13:33:16-0300 [stdout#info] <scinetsim.visualcomponent.VisualComponent object at 0x7fdfdb011278>
2020-05-15T13:33:16-0300 [stdout#info] <scinetsim.visualcomponent.VisualComponent object at 0x7fdfdb011278>
2020-05-15T13:33:16-0300 [stdout#info] <scinetsim.visualcomponent.VisualComponent object at 0x7fdfdb011278>
2020-05-15T13:33:16-0300 [stdout#info] <scinetsim.visualcomponent.VisualComponent object at 0x7fdfdb011278>
2020-05-15T13:33:16-0300 [stdout#info] <scinetsim.visualcomponent.VisualComponent object at 0x7fdfdb011278>
2020-05-15T13:33:16-0300 [stdout#info] <scinetsim.visualcomponent.VisualComponent object at 0x7fdfdb011278>
2020-05-15T13:33:16-0300 [stdout#info] <scinetsim.visualcomponent.VisualComponent object at 0x7fdfdb011278>
2020-05-15T13:33:16-0300 [stdout#info] <scinetsim.visualcomponent.VisualComponent object at 0x7fdfdb011278>
2020-05-15T13:33:16-0300 [stdout#info] <scinetsim.visualcomponent.VisualComponent object at 0x7fdfdb011278>
2020-05-15T13:33:16-0300 [stdout#info] <scinetsim.visualcomponent.VisualComponent object at 0x7fdfdb011278>
2020-05-15T13:33:16-0300 [stdout#info] <scinetsim.visualcomponent.VisualComponent object at 0x7fdfdb011278>
2020-05-15T13:33:16-0300 [stdout#info] <scinetsim.visualcomponent.VisualComponent object at 0x7fdfdb011278>
2020-05-15T13:33:16-0300 [stdout#info] {'20.99 Kwh'}
2020-05-15T13:33:16-0300 [-] Initializing sensor node - Number of events: 11
2020-05-15T13:33:17-0300 [stdout#info] <scinetsim.visualcomponent.VisualComponent object at 0x7fdfdb011278>
2020-05-15T13:33:17-0300 [stdout#info] <scinetsim.visualcomponent.VisualComponent object at 0x7fdfdb011278>
2020-05-15T13:33:17-0300 [stdout#info] <scinetsim.visualcomponent.VisualComponent object at 0x7fdfdb011278>
2020-05-15T13:33:17-0300 [stdout#info] <scinetsim.visualcomponent.VisualComponent object at 0x7fdfdb011278>
2020-05-15T13:33:17-0300 [stdout#info] <scinetsim.visualcomponent.VisualComponent object at 0x7fdfdb011278>
2020-05-15T13:33:17-0300 [stdout#info] <scinetsim.visualcomponent.VisualComponent object at 0x7fdfdb011278>
2020-05-15T13:33:17-0300 [stdout#info] <scinetsim.visualcomponent.VisualComponent object at 0x7fdfdb011278>
2020-05-15T13:33:17-0300 [stdout#info] <scinetsim.visualcomponent.VisualComponent object at 0x7fdfdb011278>
2020-05-15T13:33:17-0300 [stdout#info] <scinetsim.visualcomponent.VisualComponent object at 0x7fdfdb011278>
2020-05-15T13:33:17-0300 [stdout#info] <scinetsim.visualcomponent.VisualComponent object at 0x7fdfdb011278>
2020-05-15T13:33:17-0300 [stdout#info] <scinetsim.visualcomponent.VisualComponent object at 0x7fdfdb011278>
2020-05-15T13:33:17-0300 [stdout#info] <scinetsim.visualcomponent.VisualComponent object at 0x7fdfdb011278>
2020-05-15T13:33:17-0300 [stdout#info] <scinetsim.visualcomponent.VisualComponent object at 0x7fdfdb011278>
2020-05-15T13:33:17-0300 [stdout#info] <scinetsim.visualcomponent.VisualComponent object at 0x7fdfdb011278>
2020-05-15T13:33:17-0300 [stdout#info] <scinetsim.visualcomponent.VisualComponent object at 0x7fdfdb011278>
2020-05-15T13:33:17-0300 [stdout#info] <scinetsim.visualcomponent.VisualComponent object at 0x7fdfdb011278>
2020-05-15T13:33:17-0300 [stdout#info] <scinetsim.visualcomponent.VisualComponent object at 0x7fdfdb011278>
2020-05-15T13:33:17-0300 [stdout#info] <scinetsim.visualcomponent.VisualComponent object at 0x7fdfdb011278>
2020-05-15T13:33:17-0300 [stdout#info] <scinetsim.visualcomponent.VisualComponent object at 0x7fdfdb011278>
2020-05-15T13:33:17-0300 [stdout#info] {'11.6 Kwh'}
2020-05-15T13:33:17-0300 [-] Initializing sensor node - Number of events: 12
2020-05-15T13:33:18-0300 [stdout#info] <scinetsim.visualcomponent.VisualComponent object at 0x7fdfdb011668>
2020-05-15T13:33:18-0300 [stdout#info] <scinetsim.visualcomponent.VisualComponent object at 0x7fdfdb011668>
2020-05-15T13:33:18-0300 [stdout#info] <scinetsim.visualcomponent.VisualComponent object at 0x7fdfdb011668>
2020-05-15T13:33:18-0300 [stdout#info] <scinetsim.visualcomponent.VisualComponent object at 0x7fdfdb011668>
2020-05-15T13:33:18-0300 [stdout#info] <scinetsim.visualcomponent.VisualComponent object at 0x7fdfdb011668>
2020-05-15T13:33:18-0300 [stdout#info] <scinetsim.visualcomponent.VisualComponent object at 0x7fdfdb011668>
2020-05-15T13:33:18-0300 [stdout#info] <scinetsim.visualcomponent.VisualComponent object at 0x7fdfdb011668>
2020-05-15T13:33:18-0300 [stdout#info] <scinetsim.visualcomponent.VisualComponent object at 0x7fdfdb011668>
2020-05-15T13:33:18-0300 [stdout#info] <scinetsim.visualcomponent.VisualComponent object at 0x7fdfdb011668>
2020-05-15T13:33:18-0300 [stdout#info] <scinetsim.visualcomponent.VisualComponent object at 0x7fdfdb011668>
2020-05-15T13:33:18-0300 [stdout#info] <scinetsim.visualcomponent.VisualComponent object at 0x7fdfdb011668>
2020-05-15T13:33:18-0300 [stdout#info] <scinetsim.visualcomponent.VisualComponent object at 0x7fdfdb011668>
2020-05-15T13:33:18-0300 [stdout#info] <scinetsim.visualcomponent.VisualComponent object at 0x7fdfdb011668>
2020-05-15T13:33:18-0300 [stdout#info] <scinetsim.visualcomponent.VisualComponent object at 0x7fdfdb011668>
2020-05-15T13:33:18-0300 [stdout#info] <scinetsim.visualcomponent.VisualComponent object at 0x7fdfdb011668>
2020-05-15T13:33:18-0300 [stdout#info] <scinetsim.visualcomponent.VisualComponent object at 0x7fdfdb011668>
2020-05-15T13:33:18-0300 [stdout#info] <scinetsim.visualcomponent.VisualComponent object at 0x7fdfdb011668>
2020-05-15T13:33:18-0300 [stdout#info] <scinetsim.visualcomponent.VisualComponent object at 0x7fdfdb011668>
2020-05-15T13:33:18-0300 [stdout#info] <scinetsim.visualcomponent.VisualComponent object at 0x7fdfdb011668>
2020-05-15T13:33:18-0300 [stdout#info] <scinetsim.visualcomponent.VisualComponent object at 0x7fdfdb011668>
2020-05-15T13:33:18-0300 [stdout#info] <scinetsim.visualcomponent.VisualComponent object at 0x7fdfdb011668>
2020-05-15T13:33:18-0300 [stdout#info] <scinetsim.visualcomponent.VisualComponent object at 0x7fdfdb011668>
2020-05-15T13:33:18-0300 [stdout#info] <scinetsim.visualcomponent.VisualComponent object at 0x7fdfdb011668>
2020-05-15T13:33:18-0300 [stdout#info] <scinetsim.visualcomponent.VisualComponent object at 0x7fdfdb011668>
2020-05-15T13:33:18-0300 [stdout#info] <scinetsim.visualcomponent.VisualComponent object at 0x7fdfdb011668>
2020-05-15T13:33:18-0300 [stdout#info] <scinetsim.visualcomponent.VisualComponent object at 0x7fdfdb011668>
2020-05-15T13:33:18-0300 [stdout#info] {'17.64 Kwh'}
2020-05-15T13:33:18-0300 [-] Initializing sensor node - Number of events: 13
2020-05-15T13:33:18-0300 [stdout#info] <scinetsim.visualcomponent.VisualComponent object at 0x7fdfdb011668>
2020-05-15T13:33:18-0300 [stdout#info] <scinetsim.visualcomponent.VisualComponent object at 0x7fdfdb011668>
2020-05-15T13:33:18-0300 [stdout#info] <scinetsim.visualcomponent.VisualComponent object at 0x7fdfdb011668>
2020-05-15T13:33:18-0300 [stdout#info] <scinetsim.visualcomponent.VisualComponent object at 0x7fdfdb011668>
2020-05-15T13:33:18-0300 [stdout#info] <scinetsim.visualcomponent.VisualComponent object at 0x7fdfdb011668>
2020-05-15T13:33:18-0300 [stdout#info] <scinetsim.visualcomponent.VisualComponent object at 0x7fdfdb011668>
2020-05-15T13:33:18-0300 [stdout#info] <scinetsim.visualcomponent.VisualComponent object at 0x7fdfdb011668>
2020-05-15T13:33:18-0300 [stdout#info] <scinetsim.visualcomponent.VisualComponent object at 0x7fdfdb011668>
2020-05-15T13:33:18-0300 [stdout#info] <scinetsim.visualcomponent.VisualComponent object at 0x7fdfdb011668>
2020-05-15T13:33:18-0300 [stdout#info] <scinetsim.visualcomponent.VisualComponent object at 0x7fdfdb011668>
2020-05-15T13:33:18-0300 [stdout#info] <scinetsim.visualcomponent.VisualComponent object at 0x7fdfdb011668>
2020-05-15T13:33:18-0300 [stdout#info] <scinetsim.visualcomponent.VisualComponent object at 0x7fdfdb011668>
2020-05-15T13:33:18-0300 [stdout#info] <scinetsim.visualcomponent.VisualComponent object at 0x7fdfdb011668>
2020-05-15T13:33:18-0300 [stdout#info] <scinetsim.visualcomponent.VisualComponent object at 0x7fdfdb011668>
2020-05-15T13:33:18-0300 [stdout#info] <scinetsim.visualcomponent.VisualComponent object at 0x7fdfdb011668>
2020-05-15T13:33:18-0300 [stdout#info] <scinetsim.visualcomponent.VisualComponent object at 0x7fdfdb011668>
2020-05-15T13:33:18-0300 [stdout#info] <scinetsim.visualcomponent.VisualComponent object at 0x7fdfdb011668>
2020-05-15T13:33:18-0300 [stdout#info] <scinetsim.visualcomponent.VisualComponent object at 0x7fdfdb011668>
2020-05-15T13:33:18-0300 [stdout#info] <scinetsim.visualcomponent.VisualComponent object at 0x7fdfdb011668>
2020-05-15T13:33:18-0300 [stdout#info] {'20.6 Kwh'}
2020-05-15T13:33:18-0300 [-] Initializing sensor node - Number of events: 14
2020-05-15T13:33:19-0300 [stdout#info] <scinetsim.visualcomponent.VisualComponent object at 0x7fdfdb011668>
2020-05-15T13:33:19-0300 [stdout#info] <scinetsim.visualcomponent.VisualComponent object at 0x7fdfdb011668>
2020-05-15T13:33:19-0300 [stdout#info] <scinetsim.visualcomponent.VisualComponent object at 0x7fdfdb011668>
2020-05-15T13:33:19-0300 [stdout#info] <scinetsim.visualcomponent.VisualComponent object at 0x7fdfdb011668>
2020-05-15T13:33:19-0300 [stdout#info] <scinetsim.visualcomponent.VisualComponent object at 0x7fdfdb011668>
2020-05-15T13:33:19-0300 [stdout#info] <scinetsim.visualcomponent.VisualComponent object at 0x7fdfdb011668>
2020-05-15T13:33:19-0300 [stdout#info] <scinetsim.visualcomponent.VisualComponent object at 0x7fdfdb011668>
2020-05-15T13:33:19-0300 [stdout#info] <scinetsim.visualcomponent.VisualComponent object at 0x7fdfdb011668>
2020-05-15T13:33:19-0300 [stdout#info] <scinetsim.visualcomponent.VisualComponent object at 0x7fdfdb011668>
2020-05-15T13:33:19-0300 [stdout#info] <scinetsim.visualcomponent.VisualComponent object at 0x7fdfdb011668>
2020-05-15T13:33:19-0300 [stdout#info] <scinetsim.visualcomponent.VisualComponent object at 0x7fdfdb011668>
2020-05-15T13:33:19-0300 [stdout#info] <scinetsim.visualcomponent.VisualComponent object at 0x7fdfdb011668>
2020-05-15T13:33:19-0300 [stdout#info] <scinetsim.visualcomponent.VisualComponent object at 0x7fdfdb011668>
2020-05-15T13:33:19-0300 [stdout#info] <scinetsim.visualcomponent.VisualComponent object at 0x7fdfdb011668>
2020-05-15T13:33:19-0300 [stdout#info] <scinetsim.visualcomponent.VisualComponent object at 0x7fdfdb011668>
2020-05-15T13:33:19-0300 [stdout#info] {'8.15 Kwh'}
2020-05-15T13:33:19-0300 [-] Initializing sensor node - Number of events: 15
2020-05-15T13:33:19-0300 [stdout#info] <scinetsim.visualcomponent.VisualComponent object at 0x7fdfdb011668>
2020-05-15T13:33:19-0300 [stdout#info] <scinetsim.visualcomponent.VisualComponent object at 0x7fdfdb011668>
2020-05-15T13:33:19-0300 [stdout#info] <scinetsim.visualcomponent.VisualComponent object at 0x7fdfdb011668>
2020-05-15T13:33:19-0300 [stdout#info] <scinetsim.visualcomponent.VisualComponent object at 0x7fdfdb011668>
2020-05-15T13:33:19-0300 [stdout#info] <scinetsim.visualcomponent.VisualComponent object at 0x7fdfdb011668>
2020-05-15T13:33:19-0300 [stdout#info] <scinetsim.visualcomponent.VisualComponent object at 0x7fdfdb011668>
2020-05-15T13:33:19-0300 [stdout#info] <scinetsim.visualcomponent.VisualComponent object at 0x7fdfdb011668>
2020-05-15T13:33:19-0300 [stdout#info] <scinetsim.visualcomponent.VisualComponent object at 0x7fdfdb011668>
2020-05-15T13:33:19-0300 [stdout#info] <scinetsim.visualcomponent.VisualComponent object at 0x7fdfdb011668>
2020-05-15T13:33:19-0300 [stdout#info] <scinetsim.visualcomponent.VisualComponent object at 0x7fdfdb011668>
2020-05-15T13:33:19-0300 [stdout#info] <scinetsim.visualcomponent.VisualComponent object at 0x7fdfdb011668>
2020-05-15T13:33:19-0300 [stdout#info] <scinetsim.visualcomponent.VisualComponent object at 0x7fdfdb011668>
2020-05-15T13:33:19-0300 [stdout#info] <scinetsim.visualcomponent.VisualComponent object at 0x7fdfdb011668>
2020-05-15T13:33:19-0300 [stdout#info] <scinetsim.visualcomponent.VisualComponent object at 0x7fdfdb011668>
2020-05-15T13:33:19-0300 [stdout#info] <scinetsim.visualcomponent.VisualComponent object at 0x7fdfdb011668>
2020-05-15T13:33:19-0300 [stdout#info] <scinetsim.visualcomponent.VisualComponent object at 0x7fdfdb011668>
2020-05-15T13:33:19-0300 [stdout#info] <scinetsim.visualcomponent.VisualComponent object at 0x7fdfdb011668>
2020-05-15T13:33:19-0300 [stdout#info] <scinetsim.visualcomponent.VisualComponent object at 0x7fdfdb011668>
2020-05-15T13:33:19-0300 [stdout#info] <scinetsim.visualcomponent.VisualComponent object at 0x7fdfdb011668>
2020-05-15T13:33:19-0300 [stdout#info] <scinetsim.visualcomponent.VisualComponent object at 0x7fdfdb011668>
2020-05-15T13:33:19-0300 [stdout#info] <scinetsim.visualcomponent.VisualComponent object at 0x7fdfdb011668>
2020-05-15T13:33:19-0300 [stdout#info] <scinetsim.visualcomponent.VisualComponent object at 0x7fdfdb011668>
2020-05-15T13:33:19-0300 [stdout#info] <scinetsim.visualcomponent.VisualComponent object at 0x7fdfdb011668>
2020-05-15T13:33:19-0300 [stdout#info] <scinetsim.visualcomponent.VisualComponent object at 0x7fdfdb011668>
2020-05-15T13:33:19-0300 [stdout#info] <scinetsim.visualcomponent.VisualComponent object at 0x7fdfdb011668>
2020-05-15T13:33:19-0300 [stdout#info] <scinetsim.visualcomponent.VisualComponent object at 0x7fdfdb011668>
2020-05-15T13:33:19-0300 [stdout#info] <scinetsim.visualcomponent.VisualComponent object at 0x7fdfdb011668>
2020-05-15T13:33:19-0300 [stdout#info] <scinetsim.visualcomponent.VisualComponent object at 0x7fdfdb011668>
2020-05-15T13:33:19-0300 [stdout#info] <scinetsim.visualcomponent.VisualComponent object at 0x7fdfdb011668>
2020-05-15T13:33:19-0300 [stdout#info] {'15.9 Kwh'}
2020-05-15T13:33:19-0300 [-] Initializing sensor node - Number of events: 16
2020-05-15T13:33:20-0300 [stdout#info] <scinetsim.visualcomponent.VisualComponent object at 0x7fdfdb011668>
2020-05-15T13:33:20-0300 [stdout#info] <scinetsim.visualcomponent.VisualComponent object at 0x7fdfdb011668>
2020-05-15T13:33:20-0300 [stdout#info] <scinetsim.visualcomponent.VisualComponent object at 0x7fdfdb011668>
2020-05-15T13:33:20-0300 [stdout#info] <scinetsim.visualcomponent.VisualComponent object at 0x7fdfdb011668>
2020-05-15T13:33:20-0300 [stdout#info] <scinetsim.visualcomponent.VisualComponent object at 0x7fdfdb011668>
2020-05-15T13:33:20-0300 [stdout#info] <scinetsim.visualcomponent.VisualComponent object at 0x7fdfdb011668>
2020-05-15T13:33:20-0300 [stdout#info] <scinetsim.visualcomponent.VisualComponent object at 0x7fdfdb011668>
2020-05-15T13:33:20-0300 [stdout#info] <scinetsim.visualcomponent.VisualComponent object at 0x7fdfdb011668>
2020-05-15T13:33:20-0300 [stdout#info] <scinetsim.visualcomponent.VisualComponent object at 0x7fdfdb011668>
2020-05-15T13:33:20-0300 [stdout#info] <scinetsim.visualcomponent.VisualComponent object at 0x7fdfdb011668>
2020-05-15T13:33:20-0300 [stdout#info] <scinetsim.visualcomponent.VisualComponent object at 0x7fdfdb011668>
2020-05-15T13:33:20-0300 [stdout#info] <scinetsim.visualcomponent.VisualComponent object at 0x7fdfdb011668>
2020-05-15T13:33:20-0300 [stdout#info] <scinetsim.visualcomponent.VisualComponent object at 0x7fdfdb011668>
2020-05-15T13:33:20-0300 [stdout#info] <scinetsim.visualcomponent.VisualComponent object at 0x7fdfdb011668>
2020-05-15T13:33:20-0300 [stdout#info] <scinetsim.visualcomponent.VisualComponent object at 0x7fdfdb011668>
2020-05-15T13:33:20-0300 [stdout#info] <scinetsim.visualcomponent.VisualComponent object at 0x7fdfdb011668>
2020-05-15T13:33:20-0300 [stdout#info] <scinetsim.visualcomponent.VisualComponent object at 0x7fdfdb011668>
2020-05-15T13:33:20-0300 [stdout#info] <scinetsim.visualcomponent.VisualComponent object at 0x7fdfdb011668>
2020-05-15T13:33:20-0300 [stdout#info] <scinetsim.visualcomponent.VisualComponent object at 0x7fdfdb011668>
2020-05-15T13:33:20-0300 [stdout#info] <scinetsim.visualcomponent.VisualComponent object at 0x7fdfdb011668>
2020-05-15T13:33:20-0300 [stdout#info] <scinetsim.visualcomponent.VisualComponent object at 0x7fdfdb011668>
2020-05-15T13:33:20-0300 [stdout#info] <scinetsim.visualcomponent.VisualComponent object at 0x7fdfdb011668>
2020-05-15T13:33:20-0300 [stdout#info] {'14.57 Kwh'}
2020-05-15T13:33:20-0300 [stdout#info] <scinetsim.standarddevice.WSNSensorNode object at 0x7fdfdb011630>
2020-05-15T13:33:20-0300 [stdout#info] <scinetsim.standarddevice.WSNSensorNode object at 0x7fdfdb017470>
2020-05-15T13:33:20-0300 [stdout#info] <scinetsim.standarddevice.WSNSensorNode object at 0x7fdfdb0112b0>
2020-05-15T13:33:20-0300 [stdout#info] <scinetsim.standarddevice.WSNSensorNode object at 0x7fdfdb0170f0>
2020-05-15T13:33:20-0300 [stdout#info] <scinetsim.standarddevice.WSNSensorNode object at 0x7fdfdb017ef0>
2020-05-15T13:33:20-0300 [stdout#info] <scinetsim.standarddevice.WSNSensorNode object at 0x7fdfdb017b70>
2020-05-15T13:33:20-0300 [stdout#info] <scinetsim.standarddevice.WSNSensorNode object at 0x7fdfdb011d30>
2020-05-15T13:33:20-0300 [stdout#info] <scinetsim.standarddevice.WSNSensorNode object at 0x7fdfdb011978>
2020-05-15T13:33:20-0300 [stdout#info] <scinetsim.standarddevice.WSNSensorNode object at 0x7fdfdb0177f0>
2020-05-15T13:33:20-0300 [stdout#info] {'7.82 Kwh'}
2020-05-15T13:33:20-0300 [stdout#info] {'20.12 Kwh'}
2020-05-15T13:33:20-0300 [stdout#info] {'4.74 Kwh'}
2020-05-15T13:33:20-0300 [stdout#info] This divice have no simulation core instance
2020-05-15T13:33:20-0300 [stdout#info] This divice have no simulation core instance
2020-05-15T13:33:20-0300 [stdout#info] This divice have no simulation core instance
2020-05-15T13:33:20-0300 [stdout#info] This divice have no simulation core instance
2020-05-15T13:33:20-0300 [stdout#info] This divice have no simulation core instance
2020-05-15T13:33:20-0300 [Uninitialized] 127.0.0.1:35998 - Connected to mqtt broker - Number of events: 17
2020-05-15T13:33:20-0300 [Uninitialized] 127.0.0.1:35998 - sending MQTT SUBSCRIBE REQUEST - Number of events: 18
2020-05-15T13:33:20-0300 [Uninitialized] 127.0.0.1:36000 - Connected to mqtt broker - Number of events: 19
2020-05-15T13:33:20-0300 [Uninitialized] 127.0.0.1:36000 - sending MQTT SUBSCRIBE REQUEST - Number of events: 20
2020-05-15T13:33:20-0300 [Uninitialized] 127.0.0.1:52324 - Connected to mqtt broker - Number of events: 21
2020-05-15T13:33:20-0300 [Uninitialized] 127.0.0.1:52324 - sending MQTT PUBLISH REQUEST - Number of events: 22
2020-05-15T13:33:20-0300 [twisted.internet.endpoints.OneShotFactory#info] Starting factory <twisted.internet.endpoints.connectProtocol.<locals>.OneShotFactory object at 0x7fdfdb0226a0>
2020-05-15T13:33:20-0300 [twisted.internet.endpoints.OneShotFactory#info] Starting factory <twisted.internet.endpoints.connectProtocol.<locals>.OneShotFactory object at 0x7fdfdb022898>
2020-05-15T13:33:20-0300 [twisted.internet.endpoints.OneShotFactory#info] Starting factory <twisted.internet.endpoints.connectProtocol.<locals>.OneShotFactory object at 0x7fdfdb022ac8>
2020-05-15T13:33:20-0300 [stdout#info] This divice have no simulation core instance
2020-05-15T13:33:20-0300 [twisted.internet.endpoints.OneShotFactory#info] Starting factory <twisted.internet.endpoints.connectProtocol.<locals>.OneShotFactory object at 0x7fdfdb033550>
2020-05-15T13:33:20-0300 [stdout#info] {'4.99 Kwh'}
2020-05-15T13:33:21-0300 [stdout#info] {'9.95 Kwh'}
2020-05-15T13:33:21-0300 [stdout#info] {'16.3 Kwh'}
2020-05-15T13:33:22-0300 [stdout#info] {'20.35 Kwh'}
2020-05-15T13:33:22-0300 [stdout#info] {'13.38 Kwh'}
2020-05-15T13:33:23-0300 [stdout#info] {'16.4 Kwh'}
2020-05-15T13:33:23-0300 [stdout#info] {'6.48 Kwh'}
2020-05-15T13:33:23-0300 [stdout#info] {'15.38 Kwh'}
2020-05-15T13:33:23-0300 [stdout#info] {'3.66 Kwh'}
2020-05-15T13:33:23-0300 [stdout#info] {'11.8 Kwh'}
2020-05-15T13:33:24-0300 [stdout#info] {'19.62 Kwh'}
2020-05-15T13:33:24-0300 [stdout#info] {'8.31 Kwh'}
2020-05-15T13:33:25-0300 [stdout#info] {'12.45 Kwh'}
2020-05-15T13:33:25-0300 [-] 127.0.0.1:52324 - sending MQTT PUBLISH REQUEST - Number of events: 23
2020-05-15T13:33:25-0300 [twisted.internet.endpoints.OneShotFactory#info] Starting factory <twisted.internet.endpoints.connectProtocol.<locals>.OneShotFactory object at 0x7fdfdb033860>
2020-05-15T13:33:25-0300 [twisted.internet.endpoints.OneShotFactory#info] Stopping factory <twisted.internet.endpoints.connectProtocol.<locals>.OneShotFactory object at 0x7fdfdb022ac8>
2020-05-15T13:33:25-0300 [stdout#info] This divice have no simulation core instance
2020-05-15T13:33:25-0300 [twisted.internet.endpoints.OneShotFactory#info] Starting factory <twisted.internet.endpoints.connectProtocol.<locals>.OneShotFactory object at 0x7fdfdb033a90>
2020-05-15T13:33:25-0300 [twisted.internet.endpoints.OneShotFactory#info] Stopping factory <twisted.internet.endpoints.connectProtocol.<locals>.OneShotFactory object at 0x7fdfdb033550>
2020-05-15T13:33:25-0300 [stdout#info] {'14.71 Kwh'}
2020-05-15T13:33:26-0300 [stdout#info] {'5.67 Kwh'}
2020-05-15T13:33:26-0300 [stdout#info] {'21.28 Kwh'}
2020-05-15T13:33:26-0300 [stdout#info] {'7.41 Kwh'}
2020-05-15T13:33:26-0300 [stdout#info] {'4.29 Kwh'}
2020-05-15T13:33:26-0300 [stdout#info] {'17.03 Kwh'}
2020-05-15T13:33:27-0300 [stdout#info] {'14.25 Kwh'}
2020-05-15T13:33:27-0300 [stdout#info] {'6.3 Kwh'}
2020-05-15T13:33:28-0300 [stdout#info] {'13.21 Kwh'}
2020-05-15T13:33:28-0300 [stdout#info] {'13.89 Kwh'}
2020-05-15T13:33:29-0300 [stdout#info] {'5.76 Kwh'}
2020-05-15T13:33:29-0300 [stdout#info] {'9.2 Kwh'}
2020-05-15T13:33:29-0300 [stdout#info] {'12.89 Kwh'}
2020-05-15T13:33:29-0300 [stdout#info] {'21.1 Kwh'}
2020-05-15T13:33:29-0300 [stdout#info] {'5.99 Kwh'}
2020-05-15T13:33:30-0300 [stdout#info] {'19.77 Kwh'}
2020-05-15T13:33:30-0300 [-] 127.0.0.1:52324 - sending MQTT PUBLISH REQUEST - Number of events: 24
2020-05-15T13:33:30-0300 [twisted.internet.endpoints.OneShotFactory#info] Starting factory <twisted.internet.endpoints.connectProtocol.<locals>.OneShotFactory object at 0x7fdfdb033cf8>
2020-05-15T13:33:30-0300 [twisted.internet.endpoints.OneShotFactory#info] Stopping factory <twisted.internet.endpoints.connectProtocol.<locals>.OneShotFactory object at 0x7fdfdb033860>
2020-05-15T13:33:30-0300 [stdout#info] This divice have no simulation core instance
2020-05-15T13:33:30-0300 [twisted.internet.endpoints.OneShotFactory#info] Starting factory <twisted.internet.endpoints.connectProtocol.<locals>.OneShotFactory object at 0x7fdfdb033f28>
2020-05-15T13:33:30-0300 [stdout#info] {'6.52 Kwh'}
2020-05-15T13:33:31-0300 [stdout#info] {'3.47 Kwh'}
2020-05-15T13:33:31-0300 [stdout#info] {'9.38 Kwh'}
2020-05-15T13:33:32-0300 [stdout#info] {'4.19 Kwh'}
2020-05-15T13:33:32-0300 [stdout#info] {'22.44 Kwh'}
2020-05-15T13:33:32-0300 [stdout#info] {'22.28 Kwh'}
2020-05-15T13:33:32-0300 [stdout#info] {'20.93 Kwh'}
2020-05-15T13:33:32-0300 [stdout#info] {'7.51 Kwh'}
2020-05-15T13:33:33-0300 [stdout#info] {'20.91 Kwh'}
2020-05-15T13:33:33-0300 [stdout#info] {'18.67 Kwh'}
2020-05-15T13:33:34-0300 [stdout#info] {'21.64 Kwh'}
2020-05-15T13:33:34-0300 [stdout#info] {'17.7 Kwh'}
2020-05-15T13:33:35-0300 [stdout#info] {'11.51 Kwh'}
2020-05-15T13:33:35-0300 [stdout#info] {'7.25 Kwh'}
2020-05-15T13:33:35-0300 [stdout#info] {'21.31 Kwh'}
2020-05-15T13:33:35-0300 [stdout#info] {'12.17 Kwh'}
2020-05-15T13:33:35-0300 [-] 127.0.0.1:52324 - sending MQTT PUBLISH REQUEST - Number of events: 25
2020-05-15T13:33:35-0300 [twisted.internet.endpoints.OneShotFactory#info] Starting factory <twisted.internet.endpoints.connectProtocol.<locals>.OneShotFactory object at 0x7fdfdc6e5198>
2020-05-15T13:33:35-0300 [twisted.internet.endpoints.OneShotFactory#info] Stopping factory <twisted.internet.endpoints.connectProtocol.<locals>.OneShotFactory object at 0x7fdfdb033cf8>
2020-05-15T13:33:35-0300 [stdout#info] This divice have no simulation core instance
2020-05-15T13:33:35-0300 [twisted.internet.endpoints.OneShotFactory#info] Starting factory <twisted.internet.endpoints.connectProtocol.<locals>.OneShotFactory object at 0x7fdfdc6e5438>
2020-05-15T13:33:35-0300 [stdout#info] {'11.81 Kwh'}
2020-05-15T13:33:36-0300 [stdout#info] {'10.58 Kwh'}
2020-05-15T13:33:36-0300 [stdout#info] {'12.72 Kwh'}
2020-05-15T13:33:37-0300 [stdout#info] {'2.79 Kwh'}
2020-05-15T13:33:37-0300 [stdout#info] {'14.25 Kwh'}
2020-05-15T13:33:38-0300 [stdout#info] {'14.5 Kwh'}
2020-05-15T13:33:38-0300 [stdout#info] {'4.82 Kwh'}
2020-05-15T13:33:38-0300 [stdout#info] {'3.09 Kwh'}
2020-05-15T13:33:38-0300 [stdout#info] {'12.28 Kwh'}
2020-05-15T13:33:38-0300 [stdout#info] {'8.22 Kwh'}
2020-05-15T13:33:39-0300 [stdout#info] {'10.97 Kwh'}
2020-05-15T13:33:39-0300 [stdout#info] {'22.21 Kwh'}
2020-05-15T13:33:40-0300 [stdout#info] {'5.18 Kwh'}
2020-05-15T13:33:40-0300 [-] 127.0.0.1:52324 - sending MQTT PUBLISH REQUEST - Number of events: 26
2020-05-15T13:33:40-0300 [twisted.internet.endpoints.OneShotFactory#info] Starting factory <twisted.internet.endpoints.connectProtocol.<locals>.OneShotFactory object at 0x7fdfdc6e56d8>
2020-05-15T13:33:40-0300 [twisted.internet.endpoints.OneShotFactory#info] Stopping factory <twisted.internet.endpoints.connectProtocol.<locals>.OneShotFactory object at 0x7fdfdc6e5198>
2020-05-15T13:33:40-0300 [stdout#info] This divice have no simulation core instance
2020-05-15T13:33:40-0300 [twisted.internet.endpoints.OneShotFactory#info] Starting factory <twisted.internet.endpoints.connectProtocol.<locals>.OneShotFactory object at 0x7fdfdc6e5908>
2020-05-15T13:33:40-0300 [stdout#info] {'12.19 Kwh'}
2020-05-15T13:33:41-0300 [stdout#info] {'11.03 Kwh'}
2020-05-15T13:33:41-0300 [stdout#info] {'9.2 Kwh'}
2020-05-15T13:33:41-0300 [stdout#info] {'11.92 Kwh'}
2020-05-15T13:33:41-0300 [stdout#info] {'4.77 Kwh'}
2020-05-15T13:33:41-0300 [stdout#info] {'20.99 Kwh'}
2020-05-15T13:33:42-0300 [stdout#info] {'4.52 Kwh'}
2020-05-15T13:33:42-0300 [stdout#info] {'20.81 Kwh'}
2020-05-15T13:33:43-0300 [stdout#info] {'6.08 Kwh'}
2020-05-15T13:33:43-0300 [stdout#info] {'15.51 Kwh'}
2020-05-15T13:33:44-0300 [stdout#info] {'17.27 Kwh'}
2020-05-15T13:33:44-0300 [stdout#info] {'17.11 Kwh'}
2020-05-15T13:33:44-0300 [stdout#info] {'21.17 Kwh'}
2020-05-15T13:33:44-0300 [stdout#info] {'17.09 Kwh'}
2020-05-15T13:33:44-0300 [stdout#info] {'4.16 Kwh'}
2020-05-15T13:33:45-0300 [stdout#info] {'14.1 Kwh'}
2020-05-15T13:33:45-0300 [-] 127.0.0.1:52324 - sending MQTT PUBLISH REQUEST - Number of events: 27
2020-05-15T13:33:45-0300 [twisted.internet.endpoints.OneShotFactory#info] Starting factory <twisted.internet.endpoints.connectProtocol.<locals>.OneShotFactory object at 0x7fdfdc6e5160>
2020-05-15T13:33:45-0300 [twisted.internet.endpoints.OneShotFactory#info] Stopping factory <twisted.internet.endpoints.connectProtocol.<locals>.OneShotFactory object at 0x7fdfdc6e56d8>
2020-05-15T13:33:45-0300 [stdout#info] This divice have no simulation core instance
2020-05-15T13:33:45-0300 [twisted.internet.endpoints.OneShotFactory#info] Starting factory <twisted.internet.endpoints.connectProtocol.<locals>.OneShotFactory object at 0x7fdfdc6e5cc0>
2020-05-15T13:33:45-0300 [stdout#info] {'14.98 Kwh'}
2020-05-15T13:33:46-0300 [stdout#info] {'17.21 Kwh'}
2020-05-15T13:33:46-0300 [stdout#info] {'11.35 Kwh'}
2020-05-15T13:33:47-0300 [stdout#info] {'16.67 Kwh'}
2020-05-15T13:33:47-0300 [stdout#info] {'19.9 Kwh'}
2020-05-15T13:33:47-0300 [stdout#info] {'4.37 Kwh'}
2020-05-15T13:33:47-0300 [stdout#info] {'5.25 Kwh'}
2020-05-15T13:33:47-0300 [stdout#info] {'4.84 Kwh'}
2020-05-15T13:33:48-0300 [stdout#info] {'8.85 Kwh'}
2020-05-15T13:33:48-0300 [stdout#info] {'4.34 Kwh'}
2020-05-15T13:33:49-0300 [stdout#info] {'18.79 Kwh'}
2020-05-15T13:33:49-0300 [stdout#info] {'2.54 Kwh'}
2020-05-15T13:33:50-0300 [stdout#info] {'6.83 Kwh'}
2020-05-15T13:33:50-0300 [stdout#info] {'4.37 Kwh'}
2020-05-15T13:33:50-0300 [stdout#info] {'17.14 Kwh'}
2020-05-15T13:33:50-0300 [stdout#info] {'7.59 Kwh'}
2020-05-15T13:33:50-0300 [-] 127.0.0.1:52324 - sending MQTT PUBLISH REQUEST - Number of events: 28
2020-05-15T13:33:50-0300 [twisted.internet.endpoints.OneShotFactory#info] Starting factory <twisted.internet.endpoints.connectProtocol.<locals>.OneShotFactory object at 0x7fdfdc6e5e80>
2020-05-15T13:33:50-0300 [twisted.internet.endpoints.OneShotFactory#info] Stopping factory <twisted.internet.endpoints.connectProtocol.<locals>.OneShotFactory object at 0x7fdfdc6e5160>
2020-05-15T13:33:50-0300 [stdout#info] This divice have no simulation core instance
2020-05-15T13:33:50-0300 [twisted.internet.endpoints.OneShotFactory#info] Starting factory <twisted.internet.endpoints.connectProtocol.<locals>.OneShotFactory object at 0x7fdfdc7100f0>
2020-05-15T13:33:50-0300 [stdout#info] {'13.9 Kwh'}
2020-05-15T13:33:51-0300 [stdout#info] {'9.83 Kwh'}
2020-05-15T13:33:51-0300 [stdout#info] {'9.87 Kwh'}
2020-05-15T13:33:52-0300 [stdout#info] {'8.91 Kwh'}
2020-05-15T13:33:52-0300 [stdout#info] {'14.54 Kwh'}
2020-05-15T13:33:53-0300 [stdout#info] {'6.07 Kwh'}
2020-05-15T13:33:53-0300 [stdout#info] {'17.98 Kwh'}
2020-05-15T13:33:53-0300 [stdout#info] {'2.85 Kwh'}
2020-05-15T13:33:53-0300 [stdout#info] {'19.8 Kwh'}
2020-05-15T13:33:53-0300 [stdout#info] {'9.97 Kwh'}
2020-05-15T13:33:54-0300 [stdout#info] {'11.23 Kwh'}
2020-05-15T13:33:54-0300 [stdout#info] {'10.43 Kwh'}
2020-05-15T13:33:55-0300 [stdout#info] {'11.23 Kwh'}
2020-05-15T13:33:55-0300 [-] 127.0.0.1:52324 - sending MQTT PUBLISH REQUEST - Number of events: 29
2020-05-15T13:33:55-0300 [twisted.internet.endpoints.OneShotFactory#info] Starting factory <twisted.internet.endpoints.connectProtocol.<locals>.OneShotFactory object at 0x7fdfdc710278>
2020-05-15T13:33:55-0300 [twisted.internet.endpoints.OneShotFactory#info] Stopping factory <twisted.internet.endpoints.connectProtocol.<locals>.OneShotFactory object at 0x7fdfdc6e5e80>
2020-05-15T13:33:55-0300 [stdout#info] This divice have no simulation core instance
2020-05-15T13:33:55-0300 [twisted.internet.endpoints.OneShotFactory#info] Starting factory <twisted.internet.endpoints.connectProtocol.<locals>.OneShotFactory object at 0x7fdfdc710550>
2020-05-15T13:33:55-0300 [stdout#info] {'15.47 Kwh'}
2020-05-15T13:33:56-0300 [stdout#info] {'4.19 Kwh'}
2020-05-15T13:33:56-0300 [stdout#info] {'9.81 Kwh'}
2020-05-15T13:33:56-0300 [stdout#info] {'21.14 Kwh'}
2020-05-15T13:33:56-0300 [stdout#info] {'9.52 Kwh'}
2020-05-15T13:33:56-0300 [stdout#info] {'17.52 Kwh'}
2020-05-15T13:33:57-0300 [stdout#info] {'11.15 Kwh'}
2020-05-15T13:33:57-0300 [stdout#info] {'10.5 Kwh'}
2020-05-15T13:33:58-0300 [stdout#info] {'19.47 Kwh'}
2020-05-15T13:33:58-0300 [stdout#info] {'11.19 Kwh'}
2020-05-15T13:33:59-0300 [stdout#info] {'5.57 Kwh'}
2020-05-15T13:33:59-0300 [stdout#info] {'11.93 Kwh'}
2020-05-15T13:33:59-0300 [stdout#info] {'9.59 Kwh'}
2020-05-15T13:33:59-0300 [stdout#info] {'17.21 Kwh'}
2020-05-15T13:33:59-0300 [stdout#info] {'5.09 Kwh'}
2020-05-15T13:34:00-0300 [stdout#info] {'9.41 Kwh'}
2020-05-15T13:34:00-0300 [-] 127.0.0.1:52324 - sending MQTT PUBLISH REQUEST - Number of events: 30
2020-05-15T13:34:00-0300 [twisted.internet.endpoints.OneShotFactory#info] Starting factory <twisted.internet.endpoints.connectProtocol.<locals>.OneShotFactory object at 0x7fdfdc7106d8>
2020-05-15T13:34:00-0300 [twisted.internet.endpoints.OneShotFactory#info] Stopping factory <twisted.internet.endpoints.connectProtocol.<locals>.OneShotFactory object at 0x7fdfdc710278>
2020-05-15T13:34:00-0300 [stdout#info] This divice have no simulation core instance
2020-05-15T13:34:00-0300 [twisted.internet.endpoints.OneShotFactory#info] Starting factory <twisted.internet.endpoints.connectProtocol.<locals>.OneShotFactory object at 0x7fdfdc7109b0>
2020-05-15T13:34:00-0300 [stdout#info] {'7.12 Kwh'}
2020-05-15T13:34:01-0300 [stdout#info] {'6.36 Kwh'}
2020-05-15T13:34:01-0300 [stdout#info] {'17.31 Kwh'}
2020-05-15T13:34:02-0300 [stdout#info] {'15.53 Kwh'}
2020-05-15T13:34:02-0300 [stdout#info] {'5.62 Kwh'}
2020-05-15T13:34:02-0300 [stdout#info] {'9.65 Kwh'}
2020-05-15T13:34:02-0300 [stdout#info] {'21.81 Kwh'}
2020-05-15T13:34:02-0300 [stdout#info] {'11.42 Kwh'}
2020-05-15T13:34:03-0300 [stdout#info] {'15.01 Kwh'}
2020-05-15T13:34:03-0300 [stdout#info] {'4.22 Kwh'}
2020-05-15T13:34:04-0300 [stdout#info] {'14.82 Kwh'}
2020-05-15T13:34:04-0300 [stdout#info] {'5.43 Kwh'}
2020-05-15T13:34:05-0300 [stdout#info] {'14.83 Kwh'}
2020-05-15T13:34:05-0300 [-] 127.0.0.1:52324 - sending MQTT PUBLISH REQUEST - Number of events: 31
2020-05-15T13:34:05-0300 [stdout#info] {'11.44 Kwh'}
2020-05-15T13:34:05-0300 [stdout#info] {'7.46 Kwh'}
2020-05-15T13:34:05-0300 [stdout#info] {'18.02 Kwh'}
2020-05-15T13:34:05-0300 [twisted.internet.endpoints.OneShotFactory#info] Starting factory <twisted.internet.endpoints.connectProtocol.<locals>.OneShotFactory object at 0x7fdfdc710b38>
2020-05-15T13:34:05-0300 [twisted.internet.endpoints.OneShotFactory#info] Stopping factory <twisted.internet.endpoints.connectProtocol.<locals>.OneShotFactory object at 0x7fdfdc7106d8>
2020-05-15T13:34:05-0300 [stdout#info] This divice have no simulation core instance
2020-05-15T13:34:05-0300 [twisted.internet.endpoints.OneShotFactory#info] Starting factory <twisted.internet.endpoints.connectProtocol.<locals>.OneShotFactory object at 0x7fdfdc710e10>
2020-05-15T13:34:05-0300 [stdout#info] {'20.12 Kwh'}
2020-05-15T13:34:06-0300 [stdout#info] {'14.02 Kwh'}
2020-05-15T13:34:06-0300 [stdout#info] {'9.43 Kwh'}
2020-05-15T13:34:07-0300 [stdout#info] {'16.64 Kwh'}
2020-05-15T13:34:07-0300 [stdout#info] {'6.15 Kwh'}
2020-05-15T13:34:08-0300 [stdout#info] {'18.41 Kwh'}
2020-05-15T13:34:08-0300 [stdout#info] {'15.07 Kwh'}
2020-05-15T13:34:08-0300 [stdout#info] {'12.99 Kwh'}
2020-05-15T13:34:08-0300 [stdout#info] {'19.31 Kwh'}
2020-05-15T13:34:08-0300 [stdout#info] {'13.21 Kwh'}
2020-05-15T13:34:09-0300 [stdout#info] {'9.23 Kwh'}
2020-05-15T13:34:09-0300 [stdout#info] {'8.96 Kwh'}
2020-05-15T13:34:10-0300 [stdout#info] {'12.03 Kwh'}
2020-05-15T13:34:10-0300 [-] 127.0.0.1:52324 - sending MQTT PUBLISH REQUEST - Number of events: 32
2020-05-15T13:34:10-0300 [twisted.internet.endpoints.OneShotFactory#info] Starting factory <twisted.internet.endpoints.connectProtocol.<locals>.OneShotFactory object at 0x7fdfdc6b2080>
2020-05-15T13:34:10-0300 [twisted.internet.endpoints.OneShotFactory#info] Stopping factory <twisted.internet.endpoints.connectProtocol.<locals>.OneShotFactory object at 0x7fdfdc710b38>
2020-05-15T13:34:10-0300 [stdout#info] This divice have no simulation core instance
2020-05-15T13:34:10-0300 [twisted.internet.endpoints.OneShotFactory#info] Starting factory <twisted.internet.endpoints.connectProtocol.<locals>.OneShotFactory object at 0x7fdfdc6b22e8>
2020-05-15T13:34:10-0300 [stdout#info] {'7.83 Kwh'}
2020-05-15T13:34:11-0300 [stdout#info] {'8.91 Kwh'}
2020-05-15T13:34:11-0300 [stdout#info] {'11.54 Kwh'}
2020-05-15T13:34:11-0300 [stdout#info] {'16.57 Kwh'}
2020-05-15T13:34:11-0300 [stdout#info] {'20.72 Kwh'}
2020-05-15T13:34:11-0300 [stdout#info] {'9.63 Kwh'}
2020-05-15T13:34:12-0300 [stdout#info] {'21.26 Kwh'}
2020-05-15T13:34:12-0300 [stdout#info] {'22.29 Kwh'}
2020-05-15T13:34:13-0300 [stdout#info] {'14.53 Kwh'}
2020-05-15T13:34:13-0300 [stdout#info] {'2.74 Kwh'}
2020-05-15T13:34:14-0300 [stdout#info] {'19.26 Kwh'}
2020-05-15T13:34:14-0300 [stdout#info] {'6.68 Kwh'}
2020-05-15T13:34:14-0300 [stdout#info] {'4.67 Kwh'}
2020-05-15T13:34:14-0300 [stdout#info] {'9.78 Kwh'}
2020-05-15T13:34:14-0300 [stdout#info] {'20.96 Kwh'}
2020-05-15T13:34:15-0300 [stdout#info] {'11.16 Kwh'}
2020-05-15T13:34:15-0300 [-] 127.0.0.1:52324 - sending MQTT PUBLISH REQUEST - Number of events: 33
2020-05-15T13:34:15-0300 [twisted.internet.endpoints.OneShotFactory#info] Starting factory <twisted.internet.endpoints.connectProtocol.<locals>.OneShotFactory object at 0x7fdfdc6b2198>
2020-05-15T13:34:15-0300 [twisted.internet.endpoints.OneShotFactory#info] Stopping factory <twisted.internet.endpoints.connectProtocol.<locals>.OneShotFactory object at 0x7fdfdc6b2080>
2020-05-15T13:34:15-0300 [stdout#info] This divice have no simulation core instance
2020-05-15T13:34:15-0300 [twisted.internet.endpoints.OneShotFactory#info] Starting factory <twisted.internet.endpoints.connectProtocol.<locals>.OneShotFactory object at 0x7fdfdc6b2710>
2020-05-15T13:34:15-0300 [stdout#info] {'13.54 Kwh'}
2020-05-15T13:34:16-0300 [stdout#info] {'9.21 Kwh'}
2020-05-15T13:34:16-0300 [stdout#info] {'8.99 Kwh'}
2020-05-15T13:34:16-0300 [-] Received SIGINT, shutting down.
2020-05-15T13:34:16-0300 [twisted.internet.endpoints.OneShotFactory#info] Stopping factory <twisted.internet.endpoints.connectProtocol.<locals>.OneShotFactory object at 0x7fdfdb033f28>
2020-05-15T13:34:16-0300 [SubscriberApp,client] connection lost: Connection to the other side was lost in a non-clean fashion: Connection lost.
2020-05-15T13:34:16-0300 [SubscriberApp,client] connection lost - Number of events: 34
2020-05-15T13:34:16-0300 [twisted.internet.endpoints.OneShotFactory#info] Stopping factory <twisted.internet.endpoints.connectProtocol.<locals>.OneShotFactory object at 0x7fdfdb022898>
2020-05-15T13:34:16-0300 [twisted.internet.endpoints.OneShotFactory#info] Stopping factory <twisted.internet.endpoints.connectProtocol.<locals>.OneShotFactory object at 0x7fdfdc7100f0>
2020-05-15T13:34:16-0300 [twisted.internet.endpoints.OneShotFactory#info] Stopping factory <twisted.internet.endpoints.connectProtocol.<locals>.OneShotFactory object at 0x7fdfdc6e5908>
2020-05-15T13:34:16-0300 [twisted.internet.endpoints.OneShotFactory#info] Stopping factory <twisted.internet.endpoints.connectProtocol.<locals>.OneShotFactory object at 0x7fdfdc7109b0>
2020-05-15T13:34:16-0300 [twisted.internet.endpoints.OneShotFactory#info] Stopping factory <twisted.internet.endpoints.connectProtocol.<locals>.OneShotFactory object at 0x7fdfdb033a90>
2020-05-15T13:34:16-0300 [twisted.internet.endpoints.OneShotFactory#info] Stopping factory <twisted.internet.endpoints.connectProtocol.<locals>.OneShotFactory object at 0x7fdfdc6b22e8>
2020-05-15T13:34:16-0300 [applications.routerapp.RouterFactory] (TCP Port 8081 Closed)
2020-05-15T13:34:16-0300 [SubscriberApp,client] connection lost: Connection to the other side was lost in a non-clean fashion: Connection lost.
2020-05-15T13:34:16-0300 [SubscriberApp,client] connection lost - Number of events: 35
2020-05-15T13:34:16-0300 [applications.accesspointapp.AccessPointFactory] (TCP Port 8082 Closed)
2020-05-15T13:34:16-0300 [PublisherApp,client] connection lost: Connection to the other side was lost in a non-clean fashion: Connection lost.
2020-05-15T13:34:16-0300 [PublisherApp,client] connection lost - Number of events: 36
2020-05-15T13:34:16-0300 [twisted.internet.endpoints.OneShotFactory#info] Stopping factory <twisted.internet.endpoints.connectProtocol.<locals>.OneShotFactory object at 0x7fdfdc6e5438>
2020-05-15T13:34:16-0300 [twisted.internet.endpoints.OneShotFactory#info] Stopping factory <twisted.internet.endpoints.connectProtocol.<locals>.OneShotFactory object at 0x7fdfdc6b2198>
2020-05-15T13:34:16-0300 [twisted.internet.endpoints.OneShotFactory#info] Stopping factory <twisted.internet.endpoints.connectProtocol.<locals>.OneShotFactory object at 0x7fdfdc6e5cc0>
2020-05-15T13:34:16-0300 [twisted.internet.endpoints.OneShotFactory#info] Stopping factory <twisted.internet.endpoints.connectProtocol.<locals>.OneShotFactory object at 0x7fdfdc710550>
2020-05-15T13:34:16-0300 [twisted.internet.endpoints.OneShotFactory#info] Stopping factory <twisted.internet.endpoints.connectProtocol.<locals>.OneShotFactory object at 0x7fdfdc710e10>
2020-05-15T13:34:16-0300 [twisted.internet.endpoints.OneShotFactory#info] Stopping factory <twisted.internet.endpoints.connectProtocol.<locals>.OneShotFactory object at 0x7fdfdb0226a0>
2020-05-15T13:34:16-0300 [applications.mqttapp.BrokerFactory] (TCP Port 5100 Closed)
2020-05-15T13:34:16-0300 [twisted.internet.endpoints.OneShotFactory#info] Stopping factory <twisted.internet.endpoints.connectProtocol.<locals>.OneShotFactory object at 0x7fdfdc6b2710>
2020-05-15T13:34:16-0300 [-] Main loop terminated.
