2020-05-24T22:42:41-0300 [-] Creating router ...
2020-05-24T22:42:41-0300 [-] Initializing Router - Number of events: 1
2020-05-24T22:42:42-0300 [-] RouterFactory starting on 8081
2020-05-24T22:42:42-0300 [-] Creating AccessPoint station ...
2020-05-24T22:42:42-0300 [-] Initializing Access Point - Number of events: 2
2020-05-24T22:42:42-0300 [-] AccessPointFactory starting on 8082
2020-05-24T22:42:42-0300 [-] Creating fog node ...
2020-05-24T22:42:42-0300 [-] Initializing Client - Number of events: 3
2020-05-24T22:42:43-0300 [-] Creating fog node ...
2020-05-24T22:42:43-0300 [-] Initializing Client - Number of events: 4
2020-05-24T22:42:43-0300 [-] Creating fog node ...
2020-05-24T22:42:43-0300 [-] Initializing Server - Number of events: 5
2020-05-24T22:42:44-0300 [-] BrokerFactory starting on 5100
2020-05-24T22:42:44-0300 [-] Creating iot node ...
2020-05-24T22:42:44-0300 [-] Initializing Client - Number of events: 6
2020-05-24T22:42:44-0300 [-] Initializing sink node - Number of events: 7
2020-05-24T22:42:45-0300 [-] Initializing sensor node - Number of events: 8
2020-05-24T22:42:45-0300 [-] Initializing sensor node - Number of events: 9
2020-05-24T22:42:46-0300 [-] Initializing sensor node - Number of events: 10
2020-05-24T22:42:46-0300 [-] Initializing sensor node - Number of events: 11
2020-05-24T22:42:47-0300 [-] Initializing sensor node - Number of events: 12
2020-05-24T22:42:47-0300 [-] Initializing sensor node - Number of events: 13
2020-05-24T22:42:48-0300 [-] Initializing sensor node - Number of events: 14
2020-05-24T22:42:48-0300 [-] Initializing sensor node - Number of events: 15
2020-05-24T22:42:49-0300 [-] Initializing sensor node - Number of events: 16
2020-05-24T22:42:49-0300 [stdout#info] ========= sensor_8 ==========
2020-05-24T22:42:49-0300 [stdout#info] sensor_8  <------->  sensor_7
2020-05-24T22:42:49-0300 [stdout#info] =============================
2020-05-24T22:42:49-0300 [stdout#info] sensor_8 |22.09 Kwh
2020-05-24T22:42:49-0300 [stdout#info] 164003596783339 sensor_8
2020-05-24T22:42:49-0300 [stdout#info] ========= sensor_9 ==========
2020-05-24T22:42:49-0300 [stdout#info] =============================
2020-05-24T22:42:49-0300 [stdout#info] sensor_9 |12.4 Kwh
2020-05-24T22:42:49-0300 [stdout#info] 31810566963635 sensor_9
2020-05-24T22:42:49-0300 [stdout#info] ========= sensor_4 ==========
2020-05-24T22:42:49-0300 [stdout#info] sensor_4  <------->  sensor_3
2020-05-24T22:42:49-0300 [stdout#info] =============================
2020-05-24T22:42:49-0300 [stdout#info] sensor_4 |2.6 Kwh
2020-05-24T22:42:49-0300 [stdout#info] 256748979050013 sensor_4
2020-05-24T22:42:49-0300 [stdout#info] ========= sensor_7 ==========
2020-05-24T22:42:49-0300 [stdout#info] sensor_7  <------->  sensor_8
2020-05-24T22:42:49-0300 [stdout#info] =============================
2020-05-24T22:42:49-0300 [stdout#info] sensor_7 |22.09 Kwh|12.84 Kwh
2020-05-24T22:42:49-0300 [stdout#info] 164003596783339 sensor_8
2020-05-24T22:42:49-0300 [stdout#info] 164003596783339 sensor_7
2020-05-24T22:42:49-0300 [stdout#info] 157030641436825 sensor_7
2020-05-24T22:42:49-0300 [stdout#info] ========= sensor_6 ==========
2020-05-24T22:42:49-0300 [stdout#info] sensor_6  <------->  sensor_5
2020-05-24T22:42:49-0300 [stdout#info] =============================
2020-05-24T22:42:49-0300 [stdout#info] sensor_6 |18.34 Kwh
2020-05-24T22:42:49-0300 [stdout#info] 266605457951907 sensor_6
2020-05-24T22:42:49-0300 [stdout#info] ========= sensor_3 ==========
2020-05-24T22:42:49-0300 [stdout#info] sensor_3  <------->  sensor_1
2020-05-24T22:42:49-0300 [stdout#info] sensor_3  <------->  sensor_4
2020-05-24T22:42:49-0300 [stdout#info] =============================
2020-05-24T22:42:49-0300 [stdout#info] sensor_3 |8.15 Kwh|2.6 Kwh
2020-05-24T22:42:49-0300 [stdout#info] 90056141414349 sensor_3
2020-05-24T22:42:49-0300 [stdout#info] 256748979050013 sensor_4
2020-05-24T22:42:49-0300 [stdout#info] 256748979050013 sensor_3
2020-05-24T22:42:49-0300 [stdout#info] ========= sensor_1 ==========
2020-05-24T22:42:49-0300 [stdout#info] sensor_1  <------->  wsn_sink
2020-05-24T22:42:49-0300 [stdout#info] sensor_1  <------->  sensor_3
2020-05-24T22:42:49-0300 [stdout#info] =============================
2020-05-24T22:42:49-0300 [stdout#info] sensor_1 |8.15 Kwh|17.55 Kwh
2020-05-24T22:42:49-0300 [stdout#info] 90056141414349 sensor_1
2020-05-24T22:42:49-0300 [stdout#info] 90056141414349 sensor_3
2020-05-24T22:42:49-0300 [stdout#info] 90056141414349 sensor_4
2020-05-24T22:42:49-0300 [stdout#info] 130592025725230 sensor_1
2020-05-24T22:42:49-0300 [stdout#info] ========= sensor_2 ==========
2020-05-24T22:42:49-0300 [stdout#info] =============================
2020-05-24T22:42:49-0300 [stdout#info] sensor_2 |11.45 Kwh
2020-05-24T22:42:49-0300 [stdout#info] 236102308784371 sensor_2
2020-05-24T22:42:49-0300 [stdout#info] ========= sensor_5 ==========
2020-05-24T22:42:49-0300 [stdout#info] sensor_5  <------->  sensor_6
2020-05-24T22:42:49-0300 [stdout#info] =============================
2020-05-24T22:42:49-0300 [stdout#info] sensor_5 |11.35 Kwh|18.34 Kwh
2020-05-24T22:42:49-0300 [stdout#info] 256516791259037 sensor_5
2020-05-24T22:42:49-0300 [stdout#info] 266605457951907 sensor_6
2020-05-24T22:42:49-0300 [stdout#info] 266605457951907 sensor_5
2020-05-24T22:42:49-0300 [stdout#info] This divice have no simulation core instance
2020-05-24T22:42:49-0300 [stdout#info] This divice have no simulation core instance
2020-05-24T22:42:49-0300 [stdout#info] This divice have no simulation core instance
2020-05-24T22:42:49-0300 [stdout#info] This divice have no simulation core instance
2020-05-24T22:42:49-0300 [stdout#info] This divice have no simulation core instance
2020-05-24T22:42:49-0300 [Uninitialized] 127.0.0.1:38754 - Connected to mqtt broker - Number of events: 17
2020-05-24T22:42:49-0300 [Uninitialized] 127.0.0.1:38754 - sending MQTT SUBSCRIBE REQUEST - Number of events: 18
2020-05-24T22:42:49-0300 [Uninitialized] 127.0.0.1:38756 - Connected to mqtt broker - Number of events: 19
2020-05-24T22:42:49-0300 [Uninitialized] 127.0.0.1:38756 - sending MQTT SUBSCRIBE REQUEST - Number of events: 20
2020-05-24T22:42:49-0300 [Uninitialized] 127.0.0.1:33502 - Connected to mqtt broker - Number of events: 21
2020-05-24T22:42:49-0300 [Uninitialized] 127.0.0.1:33502 - sending MQTT PUBLISH REQUEST - Number of events: 22
2020-05-24T22:42:49-0300 [twisted.internet.endpoints.OneShotFactory#info] Starting factory <twisted.internet.endpoints.connectProtocol.<locals>.OneShotFactory object at 0x7f6b54c4f780>
2020-05-24T22:42:49-0300 [twisted.internet.endpoints.OneShotFactory#info] Starting factory <twisted.internet.endpoints.connectProtocol.<locals>.OneShotFactory object at 0x7f6b52d16588>
2020-05-24T22:42:49-0300 [twisted.internet.endpoints.OneShotFactory#info] Starting factory <twisted.internet.endpoints.connectProtocol.<locals>.OneShotFactory object at 0x7f6b52d166a0>
2020-05-24T22:42:49-0300 [stdout#info] This divice have no simulation core instance
2020-05-24T22:42:49-0300 [twisted.internet.endpoints.OneShotFactory#info] Starting factory <twisted.internet.endpoints.connectProtocol.<locals>.OneShotFactory object at 0x7f6b52d16d68>
2020-05-24T22:42:52-0300 [stdout#info] sensor_8 |3.59 Kwh|12.84 Kwh
2020-05-24T22:42:52-0300 [stdout#info] 238761798901931 sensor_8
2020-05-24T22:42:52-0300 [stdout#info] 157030641436825 sensor_8
2020-05-24T22:42:52-0300 [stdout#info] 157030641436825 sensor_7
2020-05-24T22:42:52-0300 [stdout#info] sensor_9 |16.15 Kwh
2020-05-24T22:42:52-0300 [stdout#info] 107270037448426 sensor_9
2020-05-24T22:42:52-0300 [stdout#info] sensor_4 |8.15 Kwh|20.52 Kwh
2020-05-24T22:42:52-0300 [stdout#info] 90056141414349 sensor_1
2020-05-24T22:42:52-0300 [stdout#info] 90056141414349 sensor_3
2020-05-24T22:42:52-0300 [stdout#info] 90056141414349 sensor_4
2020-05-24T22:42:52-0300 [stdout#info] 211570903733971 sensor_4
2020-05-24T22:42:52-0300 [stdout#info] sensor_7 |3.59 Kwh|12.31 Kwh
2020-05-24T22:42:52-0300 [stdout#info] 238761798901931 sensor_8
2020-05-24T22:42:52-0300 [stdout#info] 238761798901931 sensor_7
2020-05-24T22:42:52-0300 [stdout#info] 169540181286786 sensor_7
2020-05-24T22:42:52-0300 [stdout#info] sensor_6 |11.35 Kwh|19.71 Kwh
2020-05-24T22:42:52-0300 [stdout#info] 256516791259037 sensor_6
2020-05-24T22:42:52-0300 [stdout#info] 256516791259037 sensor_5
2020-05-24T22:42:52-0300 [stdout#info] 222379987407586 sensor_6
2020-05-24T22:42:52-0300 [stdout#info] sensor_3 |20.52 Kwh|6.17 Kwh|17.55 Kwh
2020-05-24T22:42:52-0300 [stdout#info] 211570903733971 sensor_4
2020-05-24T22:42:52-0300 [stdout#info] 211570903733971 sensor_3
2020-05-24T22:42:52-0300 [stdout#info] 135378891788958 sensor_3
2020-05-24T22:42:52-0300 [stdout#info] 130592025725230 wsn_sink
2020-05-24T22:42:52-0300 [stdout#info] 130592025725230 sensor_1
2020-05-24T22:42:52-0300 [stdout#info] 130592025725230 sensor_3
2020-05-24T22:42:52-0300 [stdout#info] sensor_1 |14.02 Kwh|6.17 Kwh
2020-05-24T22:42:52-0300 [stdout#info] 29599843547330 sensor_1
2020-05-24T22:42:52-0300 [stdout#info] 135378891788958 sensor_1
2020-05-24T22:42:52-0300 [stdout#info] 135378891788958 sensor_3
2020-05-24T22:42:52-0300 [stdout#info] 135378891788958 sensor_4
2020-05-24T22:42:52-0300 [stdout#info] sensor_2 |15.36 Kwh
2020-05-24T22:42:52-0300 [stdout#info] 222835976051781 sensor_2
2020-05-24T22:42:52-0300 [stdout#info] sensor_5 |15.27 Kwh|19.71 Kwh
2020-05-24T22:42:52-0300 [stdout#info] 37114392314040 sensor_5
2020-05-24T22:42:52-0300 [stdout#info] 222379987407586 sensor_6
2020-05-24T22:42:52-0300 [stdout#info] 222379987407586 sensor_5
2020-05-24T22:42:54-0300 [-] 127.0.0.1:33502 - sending MQTT PUBLISH REQUEST - Number of events: 23
2020-05-24T22:42:54-0300 [twisted.internet.endpoints.OneShotFactory#info] Starting factory <twisted.internet.endpoints.connectProtocol.<locals>.OneShotFactory object at 0x7f6b52d16630>
2020-05-24T22:42:54-0300 [twisted.internet.endpoints.OneShotFactory#info] Stopping factory <twisted.internet.endpoints.connectProtocol.<locals>.OneShotFactory object at 0x7f6b52d166a0>
2020-05-24T22:42:54-0300 [stdout#info] This divice have no simulation core instance
2020-05-24T22:42:54-0300 [twisted.internet.endpoints.OneShotFactory#info] Starting factory <twisted.internet.endpoints.connectProtocol.<locals>.OneShotFactory object at 0x7f6b543d83c8>
2020-05-24T22:42:54-0300 [twisted.internet.endpoints.OneShotFactory#info] Stopping factory <twisted.internet.endpoints.connectProtocol.<locals>.OneShotFactory object at 0x7f6b52d16d68>
2020-05-24T22:42:55-0300 [stdout#info] sensor_8 |19.58 Kwh|12.31 Kwh
2020-05-24T22:42:55-0300 [stdout#info] 202571041345623 sensor_8
2020-05-24T22:42:55-0300 [stdout#info] 169540181286786 sensor_8
2020-05-24T22:42:55-0300 [stdout#info] 169540181286786 sensor_7
2020-05-24T22:42:55-0300 [stdout#info] sensor_9 |12.09 Kwh
2020-05-24T22:42:55-0300 [stdout#info] 247651100635909 sensor_9
2020-05-24T22:42:55-0300 [stdout#info] sensor_4 |6.17 Kwh|15.43 Kwh
2020-05-24T22:42:55-0300 [stdout#info] 108916618310728 sensor_4
2020-05-24T22:42:55-0300 [stdout#info] 135378891788958 sensor_1
2020-05-24T22:42:55-0300 [stdout#info] 135378891788958 sensor_3
2020-05-24T22:42:55-0300 [stdout#info] 135378891788958 sensor_4
2020-05-24T22:42:55-0300 [stdout#info] sensor_7 |19.58 Kwh|8.29 Kwh
2020-05-24T22:42:55-0300 [stdout#info] 202571041345623 sensor_8
2020-05-24T22:42:55-0300 [stdout#info] 202571041345623 sensor_7
2020-05-24T22:42:55-0300 [stdout#info] 64873360001373 sensor_7
2020-05-24T22:42:55-0300 [stdout#info] sensor_6 |15.27 Kwh|21.73 Kwh
2020-05-24T22:42:55-0300 [stdout#info] 37114392314040 sensor_6
2020-05-24T22:42:55-0300 [stdout#info] 37114392314040 sensor_5
2020-05-24T22:42:55-0300 [stdout#info] 259897551272057 sensor_6
2020-05-24T22:42:55-0300 [stdout#info] sensor_3 |11.16 Kwh|14.02 Kwh|15.43 Kwh
2020-05-24T22:42:55-0300 [stdout#info] 29599843547330 wsn_sink
2020-05-24T22:42:55-0300 [stdout#info] 29599843547330 sensor_1
2020-05-24T22:42:55-0300 [stdout#info] 29599843547330 sensor_3
2020-05-24T22:42:55-0300 [stdout#info] 274676429569978 sensor_3
2020-05-24T22:42:55-0300 [stdout#info] 108916618310728 sensor_4
2020-05-24T22:42:55-0300 [stdout#info] 108916618310728 sensor_3
2020-05-24T22:42:55-0300 [stdout#info] sensor_1 |11.16 Kwh|11.97 Kwh
2020-05-24T22:42:55-0300 [stdout#info] 274676429569978 sensor_1
2020-05-24T22:42:55-0300 [stdout#info] 274676429569978 sensor_3
2020-05-24T22:42:55-0300 [stdout#info] 274676429569978 sensor_4
2020-05-24T22:42:55-0300 [stdout#info] 62004922081816 sensor_1
2020-05-24T22:42:55-0300 [stdout#info] sensor_2 |15.94 Kwh
2020-05-24T22:42:55-0300 [stdout#info] 118667337919798 sensor_2
2020-05-24T22:42:55-0300 [stdout#info] sensor_5 |18.67 Kwh|21.73 Kwh
2020-05-24T22:42:55-0300 [stdout#info] 259897551272057 sensor_6
2020-05-24T22:42:55-0300 [stdout#info] 259897551272057 sensor_5
2020-05-24T22:42:55-0300 [stdout#info] 125275363961767 sensor_5
2020-05-24T22:42:56-0300 [-] Received SIGINT, shutting down.
2020-05-24T22:42:56-0300 [twisted.internet.endpoints.OneShotFactory#info] Stopping factory <twisted.internet.endpoints.connectProtocol.<locals>.OneShotFactory object at 0x7f6b54c4f780>
2020-05-24T22:42:56-0300 [twisted.internet.endpoints.OneShotFactory#info] Stopping factory <twisted.internet.endpoints.connectProtocol.<locals>.OneShotFactory object at 0x7f6b543d83c8>
2020-05-24T22:42:56-0300 [twisted.internet.endpoints.OneShotFactory#info] Stopping factory <twisted.internet.endpoints.connectProtocol.<locals>.OneShotFactory object at 0x7f6b52d16630>
2020-05-24T22:42:56-0300 [applications.mqttapp.BrokerFactory] (TCP Port 5100 Closed)
2020-05-24T22:42:56-0300 [twisted.internet.endpoints.OneShotFactory#info] Stopping factory <twisted.internet.endpoints.connectProtocol.<locals>.OneShotFactory object at 0x7f6b52d16588>
2020-05-24T22:42:56-0300 [SubscriberApp,client] connection lost: Connection to the other side was lost in a non-clean fashion: Connection lost.
2020-05-24T22:42:56-0300 [SubscriberApp,client] connection lost - Number of events: 24
2020-05-24T22:42:56-0300 [SubscriberApp,client] connection lost: Connection to the other side was lost in a non-clean fashion: Connection lost.
2020-05-24T22:42:56-0300 [SubscriberApp,client] connection lost - Number of events: 25
2020-05-24T22:42:56-0300 [PublisherApp,client] connection lost: Connection to the other side was lost in a non-clean fashion: Connection lost.
2020-05-24T22:42:56-0300 [PublisherApp,client] connection lost - Number of events: 26
2020-05-24T22:42:56-0300 [applications.routerapp.RouterFactory] (TCP Port 8081 Closed)
2020-05-24T22:42:56-0300 [applications.accesspointapp.AccessPointFactory] (TCP Port 8082 Closed)
2020-05-24T22:42:56-0300 [-] Main loop terminated.
