2020-05-21T22:28:54-0300 [-] Creating router ...
2020-05-21T22:28:54-0300 [-] Initializing Router - Number of events: 1
2020-05-21T22:28:54-0300 [-] RouterFactory starting on 8081
2020-05-21T22:28:54-0300 [-] Creating AccessPoint station ...
2020-05-21T22:28:54-0300 [-] Initializing Access Point - Number of events: 2
2020-05-21T22:28:55-0300 [-] AccessPointFactory starting on 8082
2020-05-21T22:28:55-0300 [-] Creating fog node ...
2020-05-21T22:28:55-0300 [-] Initializing Client - Number of events: 3
2020-05-21T22:28:55-0300 [-] Creating fog node ...
2020-05-21T22:28:55-0300 [-] Initializing Client - Number of events: 4
2020-05-21T22:28:56-0300 [-] Creating fog node ...
2020-05-21T22:28:56-0300 [-] Initializing Server - Number of events: 5
2020-05-21T22:28:56-0300 [-] BrokerFactory starting on 5100
2020-05-21T22:28:56-0300 [-] Creating iot node ...
2020-05-21T22:28:56-0300 [-] Initializing Client - Number of events: 6
2020-05-21T22:28:57-0300 [-] Initializing sensor node - Number of events: 7
2020-05-21T22:28:57-0300 [-] Initializing sensor node - Number of events: 8
2020-05-21T22:28:58-0300 [-] Initializing sensor node - Number of events: 9
2020-05-21T22:28:58-0300 [-] Initializing sensor node - Number of events: 10
2020-05-21T22:28:59-0300 [-] Initializing sensor node - Number of events: 11
2020-05-21T22:28:59-0300 [-] Initializing sensor node - Number of events: 12
2020-05-21T22:29:00-0300 [-] Initializing sensor node - Number of events: 13
2020-05-21T22:29:00-0300 [-] Initializing sensor node - Number of events: 14
2020-05-21T22:29:01-0300 [-] Initializing sensor node - Number of events: 15
2020-05-21T22:29:01-0300 [-] Initializing sensor node - Number of events: 16
2020-05-21T22:29:02-0300 [stdout#info] ========= sensor_9 ==========
2020-05-21T22:29:02-0300 [stdout#info] =============================
2020-05-21T22:29:02-0300 [stdout#info] sensor_9 |7.38 Kwh
2020-05-21T22:29:02-0300 [stdout#info] sensor_9 |7.38 Kwh
2020-05-21T22:29:02-0300 [stdout#info] ========= sensor_3 ==========
2020-05-21T22:29:02-0300 [stdout#info] sensor_3  <------->  sensor_1
2020-05-21T22:29:02-0300 [stdout#info] sensor_3  <------->  sensor_4
2020-05-21T22:29:02-0300 [stdout#info] =============================
2020-05-21T22:29:02-0300 [stdout#info] sensor_3 |14.16 Kwh
2020-05-21T22:29:02-0300 [stdout#info] sensor_3 |14.16 Kwh
2020-05-21T22:29:02-0300 [stdout#info] ========= sensor_6 ==========
2020-05-21T22:29:02-0300 [stdout#info] sensor_6  <------->  sensor_5
2020-05-21T22:29:02-0300 [stdout#info] =============================
2020-05-21T22:29:02-0300 [stdout#info] sensor_6 |15.22 Kwh
2020-05-21T22:29:02-0300 [stdout#info] sensor_6 |15.22 Kwh
2020-05-21T22:29:02-0300 [stdout#info] ========= sensor_5 ==========
2020-05-21T22:29:02-0300 [stdout#info] sensor_5  <------->  sensor_6
2020-05-21T22:29:02-0300 [stdout#info] =============================
2020-05-21T22:29:02-0300 [stdout#info] sensor_5 |4.62 Kwh|15.22 Kwh
2020-05-21T22:29:02-0300 [stdout#info] sensor_5 |4.62 Kwh|15.22 Kwh
2020-05-21T22:29:02-0300 [stdout#info] ========= sensor_8 ==========
2020-05-21T22:29:02-0300 [stdout#info] sensor_8  <------->  sensor_7
2020-05-21T22:29:02-0300 [stdout#info] =============================
2020-05-21T22:29:02-0300 [stdout#info] sensor_8 |5.15 Kwh
2020-05-21T22:29:02-0300 [stdout#info] sensor_8 |5.15 Kwh
2020-05-21T22:29:02-0300 [stdout#info] ========= sensor_2 ==========
2020-05-21T22:29:02-0300 [stdout#info] =============================
2020-05-21T22:29:02-0300 [stdout#info] sensor_2 |2.87 Kwh
2020-05-21T22:29:02-0300 [stdout#info] sensor_2 |2.87 Kwh
2020-05-21T22:29:02-0300 [stdout#info] ========= sensor_4 ==========
2020-05-21T22:29:02-0300 [stdout#info] sensor_4  <------->  sensor_3
2020-05-21T22:29:02-0300 [stdout#info] =============================
2020-05-21T22:29:02-0300 [stdout#info] sensor_4 |14.16 Kwh|10.84 Kwh
2020-05-21T22:29:02-0300 [stdout#info] sensor_4 |14.16 Kwh|10.84 Kwh
2020-05-21T22:29:02-0300 [stdout#info] ========= sensor_7 ==========
2020-05-21T22:29:02-0300 [stdout#info] sensor_7  <------->  sensor_8
2020-05-21T22:29:02-0300 [stdout#info] =============================
2020-05-21T22:29:02-0300 [stdout#info] sensor_7 |12.78 Kwh|5.15 Kwh
2020-05-21T22:29:02-0300 [stdout#info] sensor_7 |12.78 Kwh|5.15 Kwh
2020-05-21T22:29:02-0300 [stdout#info] ========= sensor_1 ==========
2020-05-21T22:29:02-0300 [stdout#info] sensor_1  <------->  wsn_sink
2020-05-21T22:29:02-0300 [stdout#info] sensor_1  <------->  sensor_3
2020-05-21T22:29:02-0300 [stdout#info] =============================
2020-05-21T22:29:02-0300 [stdout#info] sensor_1 |14.78 Kwh|14.16 Kwh
2020-05-21T22:29:02-0300 [stdout#info] sensor_1 |14.78 Kwh|14.16 Kwh
2020-05-21T22:29:02-0300 [stdout#info] This divice have no simulation core instance
2020-05-21T22:29:02-0300 [stdout#info] This divice have no simulation core instance
2020-05-21T22:29:02-0300 [stdout#info] This divice have no simulation core instance
2020-05-21T22:29:02-0300 [stdout#info] This divice have no simulation core instance
2020-05-21T22:29:02-0300 [stdout#info] This divice have no simulation core instance
2020-05-21T22:29:02-0300 [Uninitialized] 127.0.0.1:33816 - Connected to mqtt broker - Number of events: 17
2020-05-21T22:29:02-0300 [Uninitialized] 127.0.0.1:33816 - sending MQTT SUBSCRIBE REQUEST - Number of events: 18
2020-05-21T22:29:02-0300 [Uninitialized] 127.0.0.1:33818 - Connected to mqtt broker - Number of events: 19
2020-05-21T22:29:02-0300 [Uninitialized] 127.0.0.1:33818 - sending MQTT SUBSCRIBE REQUEST - Number of events: 20
2020-05-21T22:29:02-0300 [Uninitialized] 127.0.0.1:43144 - Connected to mqtt broker - Number of events: 21
2020-05-21T22:29:02-0300 [Uninitialized] 127.0.0.1:43144 - sending MQTT PUBLISH REQUEST - Number of events: 22
2020-05-21T22:29:02-0300 [twisted.internet.endpoints.OneShotFactory#info] Starting factory <twisted.internet.endpoints.connectProtocol.<locals>.OneShotFactory object at 0x7f4ebb7f9048>
2020-05-21T22:29:02-0300 [twisted.internet.endpoints.OneShotFactory#info] Starting factory <twisted.internet.endpoints.connectProtocol.<locals>.OneShotFactory object at 0x7f4ebb7f9780>
2020-05-21T22:29:02-0300 [twisted.internet.endpoints.OneShotFactory#info] Starting factory <twisted.internet.endpoints.connectProtocol.<locals>.OneShotFactory object at 0x7f4ebb7f9908>
2020-05-21T22:29:02-0300 [stdout#info] This divice have no simulation core instance
2020-05-21T22:29:02-0300 [twisted.internet.endpoints.OneShotFactory#info] Starting factory <twisted.internet.endpoints.connectProtocol.<locals>.OneShotFactory object at 0x7f4ebb7f9fd0>
2020-05-21T22:29:05-0300 [stdout#info] sensor_9 |3.29 Kwh
2020-05-21T22:29:05-0300 [stdout#info] sensor_9 |3.29 Kwh
2020-05-21T22:29:05-0300 [stdout#info] sensor_3 |14.78 Kwh|16.99 Kwh|10.84 Kwh
2020-05-21T22:29:05-0300 [stdout#info] sensor_3 |14.78 Kwh|16.99 Kwh|10.84 Kwh
2020-05-21T22:29:05-0300 [stdout#info] sensor_6 |4.63 Kwh|4.62 Kwh
2020-05-21T22:29:05-0300 [stdout#info] sensor_6 |4.63 Kwh|4.62 Kwh
2020-05-21T22:29:05-0300 [stdout#info] sensor_5 |4.63 Kwh|7.51 Kwh
2020-05-21T22:29:05-0300 [stdout#info] sensor_5 |4.63 Kwh|7.51 Kwh
2020-05-21T22:29:05-0300 [stdout#info] sensor_8 |12.78 Kwh|15.81 Kwh
2020-05-21T22:29:05-0300 [stdout#info] sensor_8 |12.78 Kwh|15.81 Kwh
2020-05-21T22:29:05-0300 [stdout#info] sensor_2 |19.92 Kwh
2020-05-21T22:29:05-0300 [stdout#info] sensor_2 |19.92 Kwh
2020-05-21T22:29:05-0300 [stdout#info] sensor_4 |10.96 Kwh|16.99 Kwh
2020-05-21T22:29:05-0300 [stdout#info] sensor_4 |10.96 Kwh|16.99 Kwh
2020-05-21T22:29:05-0300 [stdout#info] sensor_7 |2.56 Kwh|15.81 Kwh
2020-05-21T22:29:05-0300 [stdout#info] sensor_7 |2.56 Kwh|15.81 Kwh
2020-05-21T22:29:05-0300 [stdout#info] sensor_1 |15.88 Kwh|16.99 Kwh
2020-05-21T22:29:05-0300 [stdout#info] sensor_1 |15.88 Kwh|16.99 Kwh
2020-05-21T22:29:07-0300 [-] 127.0.0.1:43144 - sending MQTT PUBLISH REQUEST - Number of events: 23
2020-05-21T22:29:07-0300 [twisted.internet.endpoints.OneShotFactory#info] Starting factory <twisted.internet.endpoints.connectProtocol.<locals>.OneShotFactory object at 0x7f4ebb8164a8>
2020-05-21T22:29:07-0300 [twisted.internet.endpoints.OneShotFactory#info] Stopping factory <twisted.internet.endpoints.connectProtocol.<locals>.OneShotFactory object at 0x7f4ebb7f9908>
2020-05-21T22:29:07-0300 [stdout#info] This divice have no simulation core instance
2020-05-21T22:29:07-0300 [twisted.internet.endpoints.OneShotFactory#info] Starting factory <twisted.internet.endpoints.connectProtocol.<locals>.OneShotFactory object at 0x7f4ebb8165c0>
2020-05-21T22:29:07-0300 [twisted.internet.endpoints.OneShotFactory#info] Stopping factory <twisted.internet.endpoints.connectProtocol.<locals>.OneShotFactory object at 0x7f4ebb7f9fd0>
2020-05-21T22:29:08-0300 [stdout#info] sensor_9 |21.33 Kwh
2020-05-21T22:29:08-0300 [stdout#info] sensor_9 |21.33 Kwh
2020-05-21T22:29:08-0300 [stdout#info] sensor_3 |10.96 Kwh|15.88 Kwh|3.77 Kwh
2020-05-21T22:29:08-0300 [stdout#info] sensor_3 |10.96 Kwh|15.88 Kwh|3.77 Kwh
2020-05-21T22:29:08-0300 [stdout#info] sensor_6 |7.51 Kwh|5.97 Kwh
2020-05-21T22:29:08-0300 [stdout#info] sensor_6 |7.51 Kwh|5.97 Kwh
2020-05-21T22:29:08-0300 [stdout#info] sensor_5 |22.23 Kwh|5.97 Kwh
2020-05-21T22:29:08-0300 [stdout#info] sensor_5 |22.23 Kwh|5.97 Kwh
2020-05-21T22:29:08-0300 [stdout#info] sensor_8 |8.77 Kwh|2.56 Kwh
2020-05-21T22:29:08-0300 [stdout#info] sensor_8 |8.77 Kwh|2.56 Kwh
2020-05-21T22:29:08-0300 [stdout#info] sensor_2 |19.28 Kwh
2020-05-21T22:29:08-0300 [stdout#info] sensor_2 |19.28 Kwh
2020-05-21T22:29:08-0300 [stdout#info] sensor_4 |4.1 Kwh|3.77 Kwh
2020-05-21T22:29:08-0300 [stdout#info] sensor_4 |4.1 Kwh|3.77 Kwh
2020-05-21T22:29:08-0300 [stdout#info] sensor_7 |8.77 Kwh|3.2 Kwh
2020-05-21T22:29:08-0300 [stdout#info] sensor_7 |8.77 Kwh|3.2 Kwh
2020-05-21T22:29:08-0300 [stdout#info] sensor_1 |22.1 Kwh|3.77 Kwh
2020-05-21T22:29:08-0300 [stdout#info] sensor_1 |22.1 Kwh|3.77 Kwh
2020-05-21T22:29:11-0300 [stdout#info] sensor_9 |10.1 Kwh
2020-05-21T22:29:11-0300 [stdout#info] sensor_9 |10.1 Kwh
2020-05-21T22:29:11-0300 [stdout#info] sensor_3 |14.37 Kwh|22.1 Kwh|4.1 Kwh
2020-05-21T22:29:11-0300 [stdout#info] sensor_3 |14.37 Kwh|22.1 Kwh|4.1 Kwh
2020-05-21T22:29:11-0300 [stdout#info] sensor_6 |22.23 Kwh|17.54 Kwh
2020-05-21T22:29:11-0300 [stdout#info] sensor_6 |22.23 Kwh|17.54 Kwh
2020-05-21T22:29:11-0300 [stdout#info] sensor_5 |15.49 Kwh|17.54 Kwh
2020-05-21T22:29:11-0300 [stdout#info] sensor_5 |15.49 Kwh|17.54 Kwh
2020-05-21T22:29:11-0300 [stdout#info] sensor_8 |3.2 Kwh|2.53 Kwh
2020-05-21T22:29:11-0300 [stdout#info] sensor_8 |3.2 Kwh|2.53 Kwh
2020-05-21T22:29:11-0300 [stdout#info] sensor_2 |7.84 Kwh
2020-05-21T22:29:11-0300 [stdout#info] sensor_2 |7.84 Kwh
2020-05-21T22:29:11-0300 [stdout#info] sensor_4 |14.37 Kwh|6.08 Kwh
2020-05-21T22:29:11-0300 [stdout#info] sensor_4 |14.37 Kwh|6.08 Kwh
2020-05-21T22:29:11-0300 [stdout#info] sensor_7 |2.61 Kwh|2.53 Kwh
2020-05-21T22:29:11-0300 [stdout#info] sensor_7 |2.61 Kwh|2.53 Kwh
2020-05-21T22:29:11-0300 [stdout#info] sensor_1 |14.37 Kwh|12.54 Kwh
2020-05-21T22:29:11-0300 [stdout#info] sensor_1 |14.37 Kwh|12.54 Kwh
2020-05-21T22:29:12-0300 [-] 127.0.0.1:43144 - sending MQTT PUBLISH REQUEST - Number of events: 24
2020-05-21T22:29:12-0300 [twisted.internet.endpoints.OneShotFactory#info] Starting factory <twisted.internet.endpoints.connectProtocol.<locals>.OneShotFactory object at 0x7f4ebb816780>
2020-05-21T22:29:12-0300 [twisted.internet.endpoints.OneShotFactory#info] Stopping factory <twisted.internet.endpoints.connectProtocol.<locals>.OneShotFactory object at 0x7f4ebb8164a8>
2020-05-21T22:29:12-0300 [stdout#info] This divice have no simulation core instance
2020-05-21T22:29:12-0300 [twisted.internet.endpoints.OneShotFactory#info] Starting factory <twisted.internet.endpoints.connectProtocol.<locals>.OneShotFactory object at 0x7f4ebb816b38>
2020-05-21T22:29:14-0300 [stdout#info] sensor_9 |15.26 Kwh
2020-05-21T22:29:14-0300 [stdout#info] sensor_9 |15.26 Kwh
2020-05-21T22:29:14-0300 [stdout#info] sensor_3 |6.08 Kwh|12.54 Kwh|20.16 Kwh
2020-05-21T22:29:14-0300 [stdout#info] sensor_3 |6.08 Kwh|12.54 Kwh|20.16 Kwh
2020-05-21T22:29:14-0300 [stdout#info] sensor_6 |15.49 Kwh|10.13 Kwh
2020-05-21T22:29:14-0300 [stdout#info] sensor_6 |15.49 Kwh|10.13 Kwh
2020-05-21T22:29:14-0300 [stdout#info] sensor_5 |6.29 Kwh|10.13 Kwh
2020-05-21T22:29:14-0300 [stdout#info] sensor_5 |6.29 Kwh|10.13 Kwh
2020-05-21T22:29:14-0300 [stdout#info] sensor_8 |2.61 Kwh|21.65 Kwh
2020-05-21T22:29:14-0300 [stdout#info] sensor_8 |2.61 Kwh|21.65 Kwh
2020-05-21T22:29:14-0300 [stdout#info] sensor_2 |21.16 Kwh
2020-05-21T22:29:14-0300 [stdout#info] sensor_2 |21.16 Kwh
2020-05-21T22:29:14-0300 [stdout#info] sensor_4 |9.18 Kwh|20.16 Kwh
2020-05-21T22:29:14-0300 [stdout#info] sensor_4 |9.18 Kwh|20.16 Kwh
2020-05-21T22:29:14-0300 [stdout#info] sensor_7 |14.26 Kwh|21.65 Kwh
2020-05-21T22:29:14-0300 [stdout#info] sensor_7 |14.26 Kwh|21.65 Kwh
2020-05-21T22:29:14-0300 [stdout#info] sensor_1 |12.53 Kwh|20.16 Kwh
2020-05-21T22:29:14-0300 [stdout#info] sensor_1 |12.53 Kwh|20.16 Kwh
2020-05-21T22:29:17-0300 [stdout#info] sensor_9 |21.14 Kwh
2020-05-21T22:29:17-0300 [stdout#info] sensor_9 |21.14 Kwh
2020-05-21T22:29:17-0300 [stdout#info] sensor_3 |12.53 Kwh|9.18 Kwh|18.53 Kwh
2020-05-21T22:29:17-0300 [stdout#info] sensor_3 |12.53 Kwh|9.18 Kwh|18.53 Kwh
2020-05-21T22:29:17-0300 [stdout#info] sensor_6 |16.04 Kwh|6.29 Kwh
2020-05-21T22:29:17-0300 [stdout#info] sensor_6 |16.04 Kwh|6.29 Kwh
2020-05-21T22:29:17-0300 [stdout#info] sensor_5 |16.04 Kwh|15.09 Kwh
2020-05-21T22:29:17-0300 [stdout#info] sensor_5 |16.04 Kwh|15.09 Kwh
2020-05-21T22:29:17-0300 [-] 127.0.0.1:43144 - sending MQTT PUBLISH REQUEST - Number of events: 25
2020-05-21T22:29:17-0300 [stdout#info] sensor_8 |6.55 Kwh|14.26 Kwh
2020-05-21T22:29:17-0300 [stdout#info] sensor_8 |6.55 Kwh|14.26 Kwh
2020-05-21T22:29:17-0300 [stdout#info] sensor_2 |19.12 Kwh
2020-05-21T22:29:17-0300 [stdout#info] sensor_2 |19.12 Kwh
2020-05-21T22:29:17-0300 [stdout#info] sensor_4 |19.24 Kwh|18.53 Kwh
2020-05-21T22:29:17-0300 [stdout#info] sensor_4 |19.24 Kwh|18.53 Kwh
2020-05-21T22:29:17-0300 [stdout#info] sensor_7 |6.55 Kwh|5.97 Kwh
2020-05-21T22:29:17-0300 [stdout#info] sensor_7 |6.55 Kwh|5.97 Kwh
2020-05-21T22:29:17-0300 [stdout#info] sensor_1 |21.33 Kwh|18.53 Kwh
2020-05-21T22:29:17-0300 [stdout#info] sensor_1 |21.33 Kwh|18.53 Kwh
2020-05-21T22:29:17-0300 [twisted.internet.endpoints.OneShotFactory#info] Starting factory <twisted.internet.endpoints.connectProtocol.<locals>.OneShotFactory object at 0x7f4ebb816d30>
2020-05-21T22:29:17-0300 [twisted.internet.endpoints.OneShotFactory#info] Stopping factory <twisted.internet.endpoints.connectProtocol.<locals>.OneShotFactory object at 0x7f4ebb816780>
2020-05-21T22:29:17-0300 [stdout#info] This divice have no simulation core instance
2020-05-21T22:29:17-0300 [twisted.internet.endpoints.OneShotFactory#info] Starting factory <twisted.internet.endpoints.connectProtocol.<locals>.OneShotFactory object at 0x7f4ebb816f98>
2020-05-21T22:29:20-0300 [stdout#info] sensor_9 |4.32 Kwh
2020-05-21T22:29:20-0300 [stdout#info] sensor_9 |4.32 Kwh
2020-05-21T22:29:20-0300 [stdout#info] sensor_3 |19.24 Kwh|19.51 Kwh|21.33 Kwh
2020-05-21T22:29:20-0300 [stdout#info] sensor_3 |19.24 Kwh|19.51 Kwh|21.33 Kwh
2020-05-21T22:29:20-0300 [stdout#info] sensor_6 |11.6 Kwh|15.09 Kwh
2020-05-21T22:29:20-0300 [stdout#info] sensor_6 |11.6 Kwh|15.09 Kwh
2020-05-21T22:29:20-0300 [stdout#info] sensor_5 |3.79 Kwh|11.6 Kwh
2020-05-21T22:29:20-0300 [stdout#info] sensor_5 |3.79 Kwh|11.6 Kwh
2020-05-21T22:29:20-0300 [stdout#info] sensor_8 |13.32 Kwh|5.97 Kwh
2020-05-21T22:29:20-0300 [stdout#info] sensor_8 |13.32 Kwh|5.97 Kwh
2020-05-21T22:29:20-0300 [stdout#info] sensor_2 |15.84 Kwh
2020-05-21T22:29:20-0300 [stdout#info] sensor_2 |15.84 Kwh
2020-05-21T22:29:20-0300 [stdout#info] sensor_4 |20.85 Kwh|19.51 Kwh
2020-05-21T22:29:20-0300 [stdout#info] sensor_4 |20.85 Kwh|19.51 Kwh
2020-05-21T22:29:20-0300 [stdout#info] sensor_7 |8.3 Kwh|13.32 Kwh
2020-05-21T22:29:20-0300 [stdout#info] sensor_7 |8.3 Kwh|13.32 Kwh
2020-05-21T22:29:20-0300 [stdout#info] sensor_1 |3.42 Kwh|19.51 Kwh
2020-05-21T22:29:20-0300 [stdout#info] sensor_1 |3.42 Kwh|19.51 Kwh
2020-05-21T22:29:22-0300 [-] 127.0.0.1:43144 - sending MQTT PUBLISH REQUEST - Number of events: 26
2020-05-21T22:29:22-0300 [twisted.internet.endpoints.OneShotFactory#info] Starting factory <twisted.internet.endpoints.connectProtocol.<locals>.OneShotFactory object at 0x7f4ebb7f98d0>
2020-05-21T22:29:22-0300 [twisted.internet.endpoints.OneShotFactory#info] Stopping factory <twisted.internet.endpoints.connectProtocol.<locals>.OneShotFactory object at 0x7f4ebb816d30>
2020-05-21T22:29:22-0300 [stdout#info] This divice have no simulation core instance
2020-05-21T22:29:22-0300 [twisted.internet.endpoints.OneShotFactory#info] Starting factory <twisted.internet.endpoints.connectProtocol.<locals>.OneShotFactory object at 0x7f4ebcea6358>
2020-05-21T22:29:23-0300 [stdout#info] sensor_9 |4.66 Kwh
2020-05-21T22:29:23-0300 [stdout#info] sensor_9 |4.66 Kwh
2020-05-21T22:29:23-0300 [stdout#info] sensor_3 |20.85 Kwh|3.42 Kwh|21.48 Kwh
2020-05-21T22:29:23-0300 [stdout#info] sensor_3 |20.85 Kwh|3.42 Kwh|21.48 Kwh
2020-05-21T22:29:23-0300 [stdout#info] sensor_6 |3.79 Kwh|7.0 Kwh
2020-05-21T22:29:23-0300 [stdout#info] sensor_6 |3.79 Kwh|7.0 Kwh
2020-05-21T22:29:23-0300 [stdout#info] sensor_5 |7.0 Kwh|12.5 Kwh
2020-05-21T22:29:23-0300 [stdout#info] sensor_5 |7.0 Kwh|12.5 Kwh
2020-05-21T22:29:23-0300 [stdout#info] sensor_8 |8.3 Kwh|16.28 Kwh
2020-05-21T22:29:23-0300 [stdout#info] sensor_8 |8.3 Kwh|16.28 Kwh
2020-05-21T22:29:23-0300 [stdout#info] sensor_2 |3.12 Kwh
2020-05-21T22:29:23-0300 [stdout#info] sensor_2 |3.12 Kwh
2020-05-21T22:29:23-0300 [stdout#info] sensor_4 |21.48 Kwh|6.1 Kwh
2020-05-21T22:29:23-0300 [stdout#info] sensor_4 |21.48 Kwh|6.1 Kwh
2020-05-21T22:29:23-0300 [stdout#info] sensor_7 |16.28 Kwh|4.27 Kwh
2020-05-21T22:29:23-0300 [stdout#info] sensor_7 |16.28 Kwh|4.27 Kwh
2020-05-21T22:29:23-0300 [stdout#info] sensor_1 |21.48 Kwh|10.85 Kwh
2020-05-21T22:29:23-0300 [stdout#info] sensor_1 |21.48 Kwh|10.85 Kwh
2020-05-21T22:29:26-0300 [stdout#info] sensor_9 |12.05 Kwh
2020-05-21T22:29:26-0300 [stdout#info] sensor_9 |12.05 Kwh
2020-05-21T22:29:26-0300 [stdout#info] sensor_3 |19.56 Kwh|10.85 Kwh|6.1 Kwh
2020-05-21T22:29:26-0300 [stdout#info] sensor_3 |19.56 Kwh|10.85 Kwh|6.1 Kwh
2020-05-21T22:29:26-0300 [stdout#info] sensor_6 |12.5 Kwh|2.84 Kwh
2020-05-21T22:29:26-0300 [stdout#info] sensor_6 |12.5 Kwh|2.84 Kwh
2020-05-21T22:29:26-0300 [stdout#info] sensor_5 |2.84 Kwh|19.64 Kwh
2020-05-21T22:29:26-0300 [stdout#info] sensor_5 |2.84 Kwh|19.64 Kwh
2020-05-21T22:29:26-0300 [stdout#info] sensor_8 |4.27 Kwh|15.65 Kwh
2020-05-21T22:29:26-0300 [stdout#info] sensor_8 |4.27 Kwh|15.65 Kwh
2020-05-21T22:29:26-0300 [stdout#info] sensor_2 |5.74 Kwh
2020-05-21T22:29:26-0300 [stdout#info] sensor_2 |5.74 Kwh
2020-05-21T22:29:26-0300 [stdout#info] sensor_4 |19.56 Kwh|5.12 Kwh
2020-05-21T22:29:26-0300 [stdout#info] sensor_4 |19.56 Kwh|5.12 Kwh
2020-05-21T22:29:26-0300 [stdout#info] sensor_7 |13.84 Kwh|15.65 Kwh
2020-05-21T22:29:26-0300 [stdout#info] sensor_7 |13.84 Kwh|15.65 Kwh
2020-05-21T22:29:26-0300 [stdout#info] sensor_1 |19.56 Kwh|9.64 Kwh
2020-05-21T22:29:26-0300 [stdout#info] sensor_1 |19.56 Kwh|9.64 Kwh
2020-05-21T22:29:27-0300 [-] 127.0.0.1:43144 - sending MQTT PUBLISH REQUEST - Number of events: 27
2020-05-21T22:29:27-0300 [twisted.internet.endpoints.OneShotFactory#info] Starting factory <twisted.internet.endpoints.connectProtocol.<locals>.OneShotFactory object at 0x7f4ebcea6518>
2020-05-21T22:29:27-0300 [twisted.internet.endpoints.OneShotFactory#info] Stopping factory <twisted.internet.endpoints.connectProtocol.<locals>.OneShotFactory object at 0x7f4ebb7f98d0>
2020-05-21T22:29:27-0300 [stdout#info] This divice have no simulation core instance
2020-05-21T22:29:27-0300 [twisted.internet.endpoints.OneShotFactory#info] Starting factory <twisted.internet.endpoints.connectProtocol.<locals>.OneShotFactory object at 0x7f4ebcea6710>
2020-05-21T22:29:29-0300 [stdout#info] sensor_9 |6.25 Kwh
2020-05-21T22:29:29-0300 [stdout#info] sensor_9 |6.25 Kwh
2020-05-21T22:29:29-0300 [stdout#info] sensor_3 |9.76 Kwh|5.12 Kwh|9.64 Kwh
2020-05-21T22:29:29-0300 [stdout#info] sensor_3 |9.76 Kwh|5.12 Kwh|9.64 Kwh
2020-05-21T22:29:29-0300 [stdout#info] sensor_6 |21.29 Kwh|19.64 Kwh
2020-05-21T22:29:29-0300 [stdout#info] sensor_6 |21.29 Kwh|19.64 Kwh
2020-05-21T22:29:29-0300 [stdout#info] sensor_5 |21.29 Kwh|21.42 Kwh
2020-05-21T22:29:29-0300 [stdout#info] sensor_5 |21.29 Kwh|21.42 Kwh
2020-05-21T22:29:29-0300 [stdout#info] sensor_8 |20.43 Kwh|13.84 Kwh
2020-05-21T22:29:29-0300 [stdout#info] sensor_8 |20.43 Kwh|13.84 Kwh
2020-05-21T22:29:29-0300 [stdout#info] sensor_2 |17.63 Kwh
2020-05-21T22:29:29-0300 [stdout#info] sensor_2 |17.63 Kwh
2020-05-21T22:29:29-0300 [stdout#info] sensor_4 |8.9 Kwh|9.76 Kwh
2020-05-21T22:29:29-0300 [stdout#info] sensor_4 |8.9 Kwh|9.76 Kwh
2020-05-21T22:29:29-0300 [stdout#info] sensor_7 |20.43 Kwh|13.22 Kwh
2020-05-21T22:29:29-0300 [stdout#info] sensor_7 |20.43 Kwh|13.22 Kwh
2020-05-21T22:29:29-0300 [stdout#info] sensor_1 |8.93 Kwh|9.76 Kwh
2020-05-21T22:29:29-0300 [stdout#info] sensor_1 |8.93 Kwh|9.76 Kwh
2020-05-21T22:29:32-0300 [stdout#info] sensor_9 |19.94 Kwh
2020-05-21T22:29:32-0300 [stdout#info] sensor_9 |19.94 Kwh
2020-05-21T22:29:32-0300 [stdout#info] sensor_3 |21.43 Kwh|8.93 Kwh|8.9 Kwh
2020-05-21T22:29:32-0300 [stdout#info] sensor_3 |21.43 Kwh|8.93 Kwh|8.9 Kwh
2020-05-21T22:29:32-0300 [-] 127.0.0.1:43144 - sending MQTT PUBLISH REQUEST - Number of events: 28
2020-05-21T22:29:32-0300 [twisted.internet.endpoints.OneShotFactory#info] Starting factory <twisted.internet.endpoints.connectProtocol.<locals>.OneShotFactory object at 0x7f4ebcea6a58>
2020-05-21T22:29:32-0300 [twisted.internet.endpoints.OneShotFactory#info] Stopping factory <twisted.internet.endpoints.connectProtocol.<locals>.OneShotFactory object at 0x7f4ebcea6518>
2020-05-21T22:29:32-0300 [stdout#info] This divice have no simulation core instance
2020-05-21T22:29:32-0300 [twisted.internet.endpoints.OneShotFactory#info] Starting factory <twisted.internet.endpoints.connectProtocol.<locals>.OneShotFactory object at 0x7f4ebcea6c18>
2020-05-21T22:29:32-0300 [stdout#info] sensor_6 |9.79 Kwh|21.42 Kwh
2020-05-21T22:29:32-0300 [stdout#info] sensor_6 |9.79 Kwh|21.42 Kwh
2020-05-21T22:29:32-0300 [stdout#info] sensor_5 |9.79 Kwh|4.17 Kwh
2020-05-21T22:29:32-0300 [stdout#info] sensor_5 |9.79 Kwh|4.17 Kwh
2020-05-21T22:29:32-0300 [stdout#info] sensor_8 |5.85 Kwh|13.22 Kwh
2020-05-21T22:29:32-0300 [stdout#info] sensor_8 |5.85 Kwh|13.22 Kwh
2020-05-21T22:29:32-0300 [stdout#info] sensor_2 |5.63 Kwh
2020-05-21T22:29:32-0300 [stdout#info] sensor_2 |5.63 Kwh
2020-05-21T22:29:32-0300 [stdout#info] sensor_4 |21.43 Kwh|21.26 Kwh
2020-05-21T22:29:32-0300 [stdout#info] sensor_4 |21.43 Kwh|21.26 Kwh
2020-05-21T22:29:32-0300 [stdout#info] sensor_7 |5.85 Kwh|15.74 Kwh
2020-05-21T22:29:32-0300 [stdout#info] sensor_7 |5.85 Kwh|15.74 Kwh
2020-05-21T22:29:32-0300 [stdout#info] sensor_1 |21.43 Kwh|10.39 Kwh
2020-05-21T22:29:32-0300 [stdout#info] sensor_1 |21.43 Kwh|10.39 Kwh
2020-05-21T22:29:35-0300 [stdout#info] sensor_9 |11.12 Kwh
2020-05-21T22:29:35-0300 [stdout#info] sensor_9 |11.12 Kwh
2020-05-21T22:29:35-0300 [stdout#info] sensor_3 |10.39 Kwh|8.6 Kwh|21.26 Kwh
2020-05-21T22:29:35-0300 [stdout#info] sensor_3 |10.39 Kwh|8.6 Kwh|21.26 Kwh
2020-05-21T22:29:35-0300 [stdout#info] sensor_6 |16.71 Kwh|4.17 Kwh
2020-05-21T22:29:35-0300 [stdout#info] sensor_6 |16.71 Kwh|4.17 Kwh
2020-05-21T22:29:35-0300 [stdout#info] sensor_5 |11.26 Kwh|16.71 Kwh
2020-05-21T22:29:35-0300 [stdout#info] sensor_5 |11.26 Kwh|16.71 Kwh
2020-05-21T22:29:35-0300 [stdout#info] sensor_8 |15.74 Kwh|9.59 Kwh
2020-05-21T22:29:35-0300 [stdout#info] sensor_8 |15.74 Kwh|9.59 Kwh
2020-05-21T22:29:35-0300 [stdout#info] sensor_2 |8.51 Kwh
2020-05-21T22:29:35-0300 [stdout#info] sensor_2 |8.51 Kwh
2020-05-21T22:29:35-0300 [stdout#info] sensor_4 |8.6 Kwh|9.84 Kwh
2020-05-21T22:29:35-0300 [stdout#info] sensor_4 |8.6 Kwh|9.84 Kwh
2020-05-21T22:29:35-0300 [stdout#info] sensor_7 |9.59 Kwh|12.41 Kwh
2020-05-21T22:29:35-0300 [stdout#info] sensor_7 |9.59 Kwh|12.41 Kwh
2020-05-21T22:29:35-0300 [stdout#info] sensor_1 |8.6 Kwh|13.91 Kwh
2020-05-21T22:29:35-0300 [stdout#info] sensor_1 |8.6 Kwh|13.91 Kwh
2020-05-21T22:29:37-0300 [-] 127.0.0.1:43144 - sending MQTT PUBLISH REQUEST - Number of events: 29
2020-05-21T22:29:37-0300 [twisted.internet.endpoints.OneShotFactory#info] Starting factory <twisted.internet.endpoints.connectProtocol.<locals>.OneShotFactory object at 0x7f4ebcea61d0>
2020-05-21T22:29:37-0300 [twisted.internet.endpoints.OneShotFactory#info] Stopping factory <twisted.internet.endpoints.connectProtocol.<locals>.OneShotFactory object at 0x7f4ebcea6a58>
2020-05-21T22:29:37-0300 [stdout#info] This divice have no simulation core instance
2020-05-21T22:29:37-0300 [twisted.internet.endpoints.OneShotFactory#info] Starting factory <twisted.internet.endpoints.connectProtocol.<locals>.OneShotFactory object at 0x7f4ebceae0b8>
2020-05-21T22:29:38-0300 [stdout#info] sensor_9 |10.08 Kwh
2020-05-21T22:29:38-0300 [stdout#info] sensor_9 |10.08 Kwh
2020-05-21T22:29:38-0300 [stdout#info] sensor_3 |20.88 Kwh|9.84 Kwh|13.91 Kwh
2020-05-21T22:29:38-0300 [stdout#info] sensor_3 |20.88 Kwh|9.84 Kwh|13.91 Kwh
2020-05-21T22:29:38-0300 [stdout#info] sensor_6 |11.26 Kwh|21.41 Kwh
2020-05-21T22:29:38-0300 [stdout#info] sensor_6 |11.26 Kwh|21.41 Kwh
2020-05-21T22:29:38-0300 [stdout#info] sensor_5 |21.41 Kwh|8.38 Kwh
2020-05-21T22:29:38-0300 [stdout#info] sensor_5 |21.41 Kwh|8.38 Kwh
2020-05-21T22:29:38-0300 [stdout#info] sensor_8 |7.45 Kwh|12.41 Kwh
2020-05-21T22:29:38-0300 [stdout#info] sensor_8 |7.45 Kwh|12.41 Kwh
2020-05-21T22:29:38-0300 [stdout#info] sensor_2 |6.33 Kwh
2020-05-21T22:29:38-0300 [stdout#info] sensor_2 |6.33 Kwh
2020-05-21T22:29:38-0300 [stdout#info] sensor_4 |20.88 Kwh|22.2 Kwh
2020-05-21T22:29:38-0300 [stdout#info] sensor_4 |20.88 Kwh|22.2 Kwh
2020-05-21T22:29:38-0300 [stdout#info] sensor_7 |9.95 Kwh|7.45 Kwh
2020-05-21T22:29:38-0300 [stdout#info] sensor_7 |9.95 Kwh|7.45 Kwh
2020-05-21T22:29:38-0300 [stdout#info] sensor_1 |20.88 Kwh|2.71 Kwh
2020-05-21T22:29:38-0300 [stdout#info] sensor_1 |20.88 Kwh|2.71 Kwh
2020-05-21T22:29:41-0300 [stdout#info] sensor_9 |13.37 Kwh
2020-05-21T22:29:41-0300 [stdout#info] sensor_9 |13.37 Kwh
2020-05-21T22:29:41-0300 [stdout#info] sensor_3 |2.71 Kwh|22.2 Kwh|5.42 Kwh
2020-05-21T22:29:41-0300 [stdout#info] sensor_3 |2.71 Kwh|22.2 Kwh|5.42 Kwh
2020-05-21T22:29:41-0300 [stdout#info] sensor_6 |8.95 Kwh|8.38 Kwh
2020-05-21T22:29:41-0300 [stdout#info] sensor_6 |8.95 Kwh|8.38 Kwh
2020-05-21T22:29:41-0300 [stdout#info] sensor_5 |20.37 Kwh|8.95 Kwh
2020-05-21T22:29:41-0300 [stdout#info] sensor_5 |20.37 Kwh|8.95 Kwh
2020-05-21T22:29:41-0300 [stdout#info] sensor_8 |6.12 Kwh|9.95 Kwh
2020-05-21T22:29:41-0300 [stdout#info] sensor_8 |6.12 Kwh|9.95 Kwh
2020-05-21T22:29:41-0300 [stdout#info] sensor_2 |3.06 Kwh
2020-05-21T22:29:41-0300 [stdout#info] sensor_2 |3.06 Kwh
2020-05-21T22:29:41-0300 [stdout#info] sensor_4 |10.45 Kwh|5.42 Kwh
2020-05-21T22:29:41-0300 [stdout#info] sensor_4 |10.45 Kwh|5.42 Kwh
2020-05-21T22:29:41-0300 [stdout#info] sensor_7 |6.12 Kwh|15.78 Kwh
2020-05-21T22:29:41-0300 [stdout#info] sensor_7 |6.12 Kwh|15.78 Kwh
2020-05-21T22:29:41-0300 [stdout#info] sensor_1 |8.71 Kwh|5.42 Kwh
2020-05-21T22:29:41-0300 [stdout#info] sensor_1 |8.71 Kwh|5.42 Kwh
2020-05-21T22:29:42-0300 [-] 127.0.0.1:43144 - sending MQTT PUBLISH REQUEST - Number of events: 30
2020-05-21T22:29:42-0300 [twisted.internet.endpoints.OneShotFactory#info] Starting factory <twisted.internet.endpoints.connectProtocol.<locals>.OneShotFactory object at 0x7f4ebcea6e10>
2020-05-21T22:29:42-0300 [twisted.internet.endpoints.OneShotFactory#info] Stopping factory <twisted.internet.endpoints.connectProtocol.<locals>.OneShotFactory object at 0x7f4ebcea61d0>
2020-05-21T22:29:42-0300 [stdout#info] This divice have no simulation core instance
2020-05-21T22:29:42-0300 [twisted.internet.endpoints.OneShotFactory#info] Starting factory <twisted.internet.endpoints.connectProtocol.<locals>.OneShotFactory object at 0x7f4ebceae4a8>
2020-05-21T22:29:44-0300 [stdout#info] sensor_9 |18.41 Kwh
2020-05-21T22:29:44-0300 [stdout#info] sensor_9 |18.41 Kwh
2020-05-21T22:29:44-0300 [stdout#info] sensor_3 |19.91 Kwh|8.71 Kwh|10.45 Kwh
2020-05-21T22:29:44-0300 [stdout#info] sensor_3 |19.91 Kwh|8.71 Kwh|10.45 Kwh
2020-05-21T22:29:44-0300 [stdout#info] sensor_6 |20.37 Kwh|17.17 Kwh
2020-05-21T22:29:44-0300 [stdout#info] sensor_6 |20.37 Kwh|17.17 Kwh
2020-05-21T22:29:44-0300 [stdout#info] sensor_5 |17.17 Kwh|21.11 Kwh
2020-05-21T22:29:44-0300 [stdout#info] sensor_5 |17.17 Kwh|21.11 Kwh
2020-05-21T22:29:44-0300 [stdout#info] sensor_8 |15.78 Kwh|6.27 Kwh
2020-05-21T22:29:44-0300 [stdout#info] sensor_8 |15.78 Kwh|6.27 Kwh
2020-05-21T22:29:44-0300 [stdout#info] sensor_2 |12.65 Kwh
2020-05-21T22:29:44-0300 [stdout#info] sensor_2 |12.65 Kwh
2020-05-21T22:29:44-0300 [stdout#info] sensor_4 |15.42 Kwh|19.91 Kwh
2020-05-21T22:29:44-0300 [stdout#info] sensor_4 |15.42 Kwh|19.91 Kwh
2020-05-21T22:29:44-0300 [stdout#info] sensor_7 |6.49 Kwh|6.27 Kwh
2020-05-21T22:29:44-0300 [stdout#info] sensor_7 |6.49 Kwh|6.27 Kwh
2020-05-21T22:29:44-0300 [stdout#info] sensor_1 |14.11 Kwh|19.91 Kwh
2020-05-21T22:29:44-0300 [stdout#info] sensor_1 |14.11 Kwh|19.91 Kwh
2020-05-21T22:29:47-0300 [stdout#info] sensor_9 |3.58 Kwh
2020-05-21T22:29:47-0300 [stdout#info] sensor_9 |3.58 Kwh
2020-05-21T22:29:47-0300 [-] 127.0.0.1:43144 - sending MQTT PUBLISH REQUEST - Number of events: 31
2020-05-21T22:29:47-0300 [twisted.internet.endpoints.OneShotFactory#info] Starting factory <twisted.internet.endpoints.connectProtocol.<locals>.OneShotFactory object at 0x7f4ebceae7b8>
2020-05-21T22:29:47-0300 [twisted.internet.endpoints.OneShotFactory#info] Stopping factory <twisted.internet.endpoints.connectProtocol.<locals>.OneShotFactory object at 0x7f4ebcea6e10>
2020-05-21T22:29:47-0300 [stdout#info] This divice have no simulation core instance
2020-05-21T22:29:47-0300 [twisted.internet.endpoints.OneShotFactory#info] Starting factory <twisted.internet.endpoints.connectProtocol.<locals>.OneShotFactory object at 0x7f4ebceae9e8>
2020-05-21T22:29:47-0300 [stdout#info] sensor_3 |14.11 Kwh|15.42 Kwh|21.03 Kwh
2020-05-21T22:29:47-0300 [stdout#info] sensor_3 |14.11 Kwh|15.42 Kwh|21.03 Kwh
2020-05-21T22:29:47-0300 [stdout#info] sensor_6 |17.57 Kwh|21.11 Kwh
2020-05-21T22:29:47-0300 [stdout#info] sensor_6 |17.57 Kwh|21.11 Kwh
2020-05-21T22:29:47-0300 [stdout#info] sensor_5 |18.63 Kwh|17.57 Kwh
2020-05-21T22:29:47-0300 [stdout#info] sensor_5 |18.63 Kwh|17.57 Kwh
2020-05-21T22:29:47-0300 [stdout#info] sensor_8 |9.22 Kwh|6.49 Kwh
2020-05-21T22:29:47-0300 [stdout#info] sensor_8 |9.22 Kwh|6.49 Kwh
2020-05-21T22:29:47-0300 [stdout#info] sensor_2 |12.9 Kwh
2020-05-21T22:29:47-0300 [stdout#info] sensor_2 |12.9 Kwh
2020-05-21T22:29:47-0300 [stdout#info] sensor_4 |21.03 Kwh|16.69 Kwh
2020-05-21T22:29:47-0300 [stdout#info] sensor_4 |21.03 Kwh|16.69 Kwh
2020-05-21T22:29:47-0300 [stdout#info] sensor_7 |9.22 Kwh|12.03 Kwh
2020-05-21T22:29:47-0300 [stdout#info] sensor_7 |9.22 Kwh|12.03 Kwh
2020-05-21T22:29:47-0300 [stdout#info] sensor_1 |4.21 Kwh|21.03 Kwh
2020-05-21T22:29:47-0300 [stdout#info] sensor_1 |4.21 Kwh|21.03 Kwh
2020-05-21T22:29:50-0300 [stdout#info] sensor_9 |19.15 Kwh
2020-05-21T22:29:50-0300 [stdout#info] sensor_9 |19.15 Kwh
2020-05-21T22:29:50-0300 [stdout#info] sensor_3 |4.21 Kwh|16.69 Kwh|4.21 Kwh
2020-05-21T22:29:50-0300 [stdout#info] sensor_3 |4.21 Kwh|16.69 Kwh|4.21 Kwh
2020-05-21T22:29:50-0300 [stdout#info] sensor_6 |18.63 Kwh|19.13 Kwh
2020-05-21T22:29:50-0300 [stdout#info] sensor_6 |18.63 Kwh|19.13 Kwh
2020-05-21T22:29:50-0300 [stdout#info] sensor_5 |19.13 Kwh|13.83 Kwh
2020-05-21T22:29:50-0300 [stdout#info] sensor_5 |19.13 Kwh|13.83 Kwh
2020-05-21T22:29:50-0300 [stdout#info] sensor_8 |6.97 Kwh|12.03 Kwh
2020-05-21T22:29:50-0300 [stdout#info] sensor_8 |6.97 Kwh|12.03 Kwh
2020-05-21T22:29:50-0300 [stdout#info] sensor_2 |6.12 Kwh
2020-05-21T22:29:50-0300 [stdout#info] sensor_2 |6.12 Kwh
2020-05-21T22:29:50-0300 [stdout#info] sensor_4 |4.21 Kwh|22.14 Kwh
2020-05-21T22:29:50-0300 [stdout#info] sensor_4 |4.21 Kwh|22.14 Kwh
2020-05-21T22:29:50-0300 [stdout#info] sensor_7 |6.97 Kwh|17.83 Kwh
2020-05-21T22:29:50-0300 [stdout#info] sensor_7 |6.97 Kwh|17.83 Kwh
2020-05-21T22:29:50-0300 [stdout#info] sensor_1 |3.41 Kwh|4.21 Kwh
2020-05-21T22:29:50-0300 [stdout#info] sensor_1 |3.41 Kwh|4.21 Kwh
2020-05-21T22:29:52-0300 [-] 127.0.0.1:43144 - sending MQTT PUBLISH REQUEST - Number of events: 32
2020-05-21T22:29:52-0300 [twisted.internet.endpoints.OneShotFactory#info] Starting factory <twisted.internet.endpoints.connectProtocol.<locals>.OneShotFactory object at 0x7f4ebceaec88>
2020-05-21T22:29:52-0300 [twisted.internet.endpoints.OneShotFactory#info] Stopping factory <twisted.internet.endpoints.connectProtocol.<locals>.OneShotFactory object at 0x7f4ebceae7b8>
2020-05-21T22:29:52-0300 [stdout#info] This divice have no simulation core instance
2020-05-21T22:29:52-0300 [twisted.internet.endpoints.OneShotFactory#info] Starting factory <twisted.internet.endpoints.connectProtocol.<locals>.OneShotFactory object at 0x7f4ebceaeeb8>
2020-05-21T22:29:53-0300 [stdout#info] sensor_9 |11.91 Kwh
2020-05-21T22:29:53-0300 [stdout#info] sensor_9 |11.91 Kwh
2020-05-21T22:29:53-0300 [stdout#info] sensor_3 |4.62 Kwh|3.41 Kwh|22.14 Kwh
2020-05-21T22:29:53-0300 [stdout#info] sensor_3 |4.62 Kwh|3.41 Kwh|22.14 Kwh
2020-05-21T22:29:53-0300 [stdout#info] sensor_6 |14.26 Kwh|13.83 Kwh
2020-05-21T22:29:53-0300 [stdout#info] sensor_6 |14.26 Kwh|13.83 Kwh
2020-05-21T22:29:53-0300 [stdout#info] sensor_5 |14.26 Kwh|17.96 Kwh
2020-05-21T22:29:53-0300 [stdout#info] sensor_5 |14.26 Kwh|17.96 Kwh
2020-05-21T22:29:53-0300 [stdout#info] sensor_8 |11.88 Kwh|17.83 Kwh
2020-05-21T22:29:53-0300 [stdout#info] sensor_8 |11.88 Kwh|17.83 Kwh
2020-05-21T22:29:53-0300 [stdout#info] sensor_2 |21.93 Kwh
2020-05-21T22:29:53-0300 [stdout#info] sensor_2 |21.93 Kwh
2020-05-21T22:29:53-0300 [stdout#info] sensor_4 |12.66 Kwh|4.62 Kwh
2020-05-21T22:29:53-0300 [stdout#info] sensor_4 |12.66 Kwh|4.62 Kwh
2020-05-21T22:29:53-0300 [stdout#info] sensor_7 |11.88 Kwh|20.75 Kwh
2020-05-21T22:29:53-0300 [stdout#info] sensor_7 |11.88 Kwh|20.75 Kwh
2020-05-21T22:29:53-0300 [stdout#info] sensor_1 |4.62 Kwh|14.49 Kwh
2020-05-21T22:29:53-0300 [stdout#info] sensor_1 |4.62 Kwh|14.49 Kwh
2020-05-21T22:29:56-0300 [stdout#info] sensor_9 |10.43 Kwh
2020-05-21T22:29:56-0300 [stdout#info] sensor_9 |10.43 Kwh
2020-05-21T22:29:56-0300 [stdout#info] sensor_3 |12.66 Kwh|14.49 Kwh|19.03 Kwh
2020-05-21T22:29:56-0300 [stdout#info] sensor_3 |12.66 Kwh|14.49 Kwh|19.03 Kwh
2020-05-21T22:29:56-0300 [stdout#info] sensor_6 |7.64 Kwh|17.96 Kwh
2020-05-21T22:29:56-0300 [stdout#info] sensor_6 |7.64 Kwh|17.96 Kwh
2020-05-21T22:29:56-0300 [stdout#info] sensor_5 |7.64 Kwh|11.14 Kwh
2020-05-21T22:29:56-0300 [stdout#info] sensor_5 |7.64 Kwh|11.14 Kwh
2020-05-21T22:29:56-0300 [stdout#info] sensor_8 |13.53 Kwh|20.75 Kwh
2020-05-21T22:29:56-0300 [stdout#info] sensor_8 |13.53 Kwh|20.75 Kwh
2020-05-21T22:29:56-0300 [stdout#info] sensor_2 |18.42 Kwh
2020-05-21T22:29:56-0300 [stdout#info] sensor_2 |18.42 Kwh
2020-05-21T22:29:56-0300 [stdout#info] sensor_4 |10.58 Kwh|19.03 Kwh
2020-05-21T22:29:56-0300 [stdout#info] sensor_4 |10.58 Kwh|19.03 Kwh
2020-05-21T22:29:56-0300 [stdout#info] sensor_7 |13.53 Kwh|16.33 Kwh
2020-05-21T22:29:56-0300 [stdout#info] sensor_7 |13.53 Kwh|16.33 Kwh
2020-05-21T22:29:56-0300 [stdout#info] sensor_1 |19.03 Kwh|20.62 Kwh
2020-05-21T22:29:56-0300 [stdout#info] sensor_1 |19.03 Kwh|20.62 Kwh
2020-05-21T22:29:57-0300 [-] 127.0.0.1:43144 - sending MQTT PUBLISH REQUEST - Number of events: 33
2020-05-21T22:29:57-0300 [twisted.internet.endpoints.OneShotFactory#info] Starting factory <twisted.internet.endpoints.connectProtocol.<locals>.OneShotFactory object at 0x7f4ebcec9080>
2020-05-21T22:29:57-0300 [twisted.internet.endpoints.OneShotFactory#info] Stopping factory <twisted.internet.endpoints.connectProtocol.<locals>.OneShotFactory object at 0x7f4ebceaec88>
2020-05-21T22:29:57-0300 [stdout#info] This divice have no simulation core instance
2020-05-21T22:29:57-0300 [twisted.internet.endpoints.OneShotFactory#info] Starting factory <twisted.internet.endpoints.connectProtocol.<locals>.OneShotFactory object at 0x7f4ebcec93c8>
2020-05-21T22:29:59-0300 [stdout#info] sensor_9 |17.36 Kwh
2020-05-21T22:29:59-0300 [stdout#info] sensor_9 |17.36 Kwh
2020-05-21T22:29:59-0300 [stdout#info] sensor_3 |10.58 Kwh|9.47 Kwh|20.62 Kwh
2020-05-21T22:29:59-0300 [stdout#info] sensor_3 |10.58 Kwh|9.47 Kwh|20.62 Kwh
2020-05-21T22:29:59-0300 [stdout#info] sensor_6 |11.14 Kwh|3.67 Kwh
2020-05-21T22:29:59-0300 [stdout#info] sensor_6 |11.14 Kwh|3.67 Kwh
2020-05-21T22:29:59-0300 [stdout#info] sensor_5 |19.29 Kwh|3.67 Kwh
2020-05-21T22:29:59-0300 [stdout#info] sensor_5 |19.29 Kwh|3.67 Kwh
2020-05-21T22:29:59-0300 [stdout#info] sensor_8 |16.85 Kwh|16.33 Kwh
2020-05-21T22:29:59-0300 [stdout#info] sensor_8 |16.85 Kwh|16.33 Kwh
2020-05-21T22:29:59-0300 [stdout#info] sensor_2 |18.53 Kwh
2020-05-21T22:29:59-0300 [stdout#info] sensor_2 |18.53 Kwh
2020-05-21T22:29:59-0300 [stdout#info] sensor_4 |20.19 Kwh|9.47 Kwh
2020-05-21T22:29:59-0300 [stdout#info] sensor_4 |20.19 Kwh|9.47 Kwh
2020-05-21T22:29:59-0300 [stdout#info] sensor_7 |16.85 Kwh|4.73 Kwh
2020-05-21T22:29:59-0300 [stdout#info] sensor_7 |16.85 Kwh|4.73 Kwh
2020-05-21T22:29:59-0300 [stdout#info] sensor_1 |17.27 Kwh|9.47 Kwh
2020-05-21T22:29:59-0300 [stdout#info] sensor_1 |17.27 Kwh|9.47 Kwh
2020-05-21T22:30:02-0300 [-] 127.0.0.1:43144 - sending MQTT PUBLISH REQUEST - Number of events: 34
2020-05-21T22:30:02-0300 [twisted.internet.endpoints.OneShotFactory#info] Starting factory <twisted.internet.endpoints.connectProtocol.<locals>.OneShotFactory object at 0x7f4ebcec95f8>
2020-05-21T22:30:02-0300 [twisted.internet.endpoints.OneShotFactory#info] Stopping factory <twisted.internet.endpoints.connectProtocol.<locals>.OneShotFactory object at 0x7f4ebcec9080>
2020-05-21T22:30:02-0300 [stdout#info] This divice have no simulation core instance
2020-05-21T22:30:02-0300 [twisted.internet.endpoints.OneShotFactory#info] Starting factory <twisted.internet.endpoints.connectProtocol.<locals>.OneShotFactory object at 0x7f4ebcec9860>
2020-05-21T22:30:02-0300 [stdout#info] sensor_9 |18.86 Kwh
2020-05-21T22:30:02-0300 [stdout#info] sensor_9 |18.86 Kwh
2020-05-21T22:30:02-0300 [stdout#info] sensor_3 |7.12 Kwh|17.27 Kwh|20.19 Kwh
2020-05-21T22:30:02-0300 [stdout#info] sensor_3 |7.12 Kwh|17.27 Kwh|20.19 Kwh
2020-05-21T22:30:02-0300 [stdout#info] sensor_6 |19.29 Kwh|11.46 Kwh
2020-05-21T22:30:02-0300 [stdout#info] sensor_6 |19.29 Kwh|11.46 Kwh
2020-05-21T22:30:02-0300 [stdout#info] sensor_5 |10.19 Kwh|11.46 Kwh
2020-05-21T22:30:02-0300 [stdout#info] sensor_5 |10.19 Kwh|11.46 Kwh
2020-05-21T22:30:02-0300 [stdout#info] sensor_8 |7.62 Kwh|4.73 Kwh
2020-05-21T22:30:02-0300 [stdout#info] sensor_8 |7.62 Kwh|4.73 Kwh
2020-05-21T22:30:02-0300 [stdout#info] sensor_2 |21.03 Kwh
2020-05-21T22:30:02-0300 [stdout#info] sensor_2 |21.03 Kwh
2020-05-21T22:30:02-0300 [stdout#info] sensor_4 |7.12 Kwh|18.85 Kwh
2020-05-21T22:30:02-0300 [stdout#info] sensor_4 |7.12 Kwh|18.85 Kwh
2020-05-21T22:30:02-0300 [stdout#info] sensor_7 |15.28 Kwh|7.62 Kwh
2020-05-21T22:30:02-0300 [stdout#info] sensor_7 |15.28 Kwh|7.62 Kwh
2020-05-21T22:30:02-0300 [stdout#info] sensor_1 |7.12 Kwh|8.97 Kwh
2020-05-21T22:30:02-0300 [stdout#info] sensor_1 |7.12 Kwh|8.97 Kwh
2020-05-21T22:30:05-0300 [stdout#info] sensor_9 |14.11 Kwh
2020-05-21T22:30:05-0300 [stdout#info] sensor_9 |14.11 Kwh
2020-05-21T22:30:05-0300 [stdout#info] sensor_3 |18.12 Kwh|8.97 Kwh|18.85 Kwh
2020-05-21T22:30:05-0300 [stdout#info] sensor_3 |18.12 Kwh|8.97 Kwh|18.85 Kwh
2020-05-21T22:30:05-0300 [stdout#info] sensor_6 |8.77 Kwh|10.19 Kwh
2020-05-21T22:30:05-0300 [stdout#info] sensor_6 |8.77 Kwh|10.19 Kwh
2020-05-21T22:30:05-0300 [stdout#info] sensor_5 |8.77 Kwh|6.47 Kwh
2020-05-21T22:30:05-0300 [stdout#info] sensor_5 |8.77 Kwh|6.47 Kwh
2020-05-21T22:30:05-0300 [stdout#info] sensor_8 |15.28 Kwh|20.95 Kwh
2020-05-21T22:30:05-0300 [stdout#info] sensor_8 |15.28 Kwh|20.95 Kwh
2020-05-21T22:30:05-0300 [stdout#info] sensor_2 |17.43 Kwh
2020-05-21T22:30:05-0300 [stdout#info] sensor_2 |17.43 Kwh
2020-05-21T22:30:05-0300 [stdout#info] sensor_4 |3.93 Kwh|18.12 Kwh
2020-05-21T22:30:05-0300 [stdout#info] sensor_4 |3.93 Kwh|18.12 Kwh
2020-05-21T22:30:05-0300 [stdout#info] sensor_7 |17.43 Kwh|20.95 Kwh
2020-05-21T22:30:05-0300 [stdout#info] sensor_7 |17.43 Kwh|20.95 Kwh
2020-05-21T22:30:05-0300 [stdout#info] sensor_1 |18.12 Kwh|11.16 Kwh
2020-05-21T22:30:05-0300 [stdout#info] sensor_1 |18.12 Kwh|11.16 Kwh
2020-05-21T22:30:07-0300 [-] 127.0.0.1:43144 - sending MQTT PUBLISH REQUEST - Number of events: 35
2020-05-21T22:30:07-0300 [twisted.internet.endpoints.OneShotFactory#info] Starting factory <twisted.internet.endpoints.connectProtocol.<locals>.OneShotFactory object at 0x7f4ebcec9a58>
2020-05-21T22:30:07-0300 [twisted.internet.endpoints.OneShotFactory#info] Stopping factory <twisted.internet.endpoints.connectProtocol.<locals>.OneShotFactory object at 0x7f4ebcec95f8>
2020-05-21T22:30:07-0300 [stdout#info] This divice have no simulation core instance
2020-05-21T22:30:07-0300 [twisted.internet.endpoints.OneShotFactory#info] Starting factory <twisted.internet.endpoints.connectProtocol.<locals>.OneShotFactory object at 0x7f4ebcec9d68>
2020-05-21T22:30:08-0300 [stdout#info] sensor_9 |16.15 Kwh
2020-05-21T22:30:08-0300 [stdout#info] sensor_9 |16.15 Kwh
2020-05-21T22:30:08-0300 [stdout#info] sensor_3 |3.93 Kwh|8.04 Kwh|11.16 Kwh
2020-05-21T22:30:08-0300 [stdout#info] sensor_3 |3.93 Kwh|8.04 Kwh|11.16 Kwh
2020-05-21T22:30:08-0300 [stdout#info] sensor_6 |9.9 Kwh|6.47 Kwh
2020-05-21T22:30:08-0300 [stdout#info] sensor_6 |9.9 Kwh|6.47 Kwh
2020-05-21T22:30:08-0300 [stdout#info] sensor_5 |9.9 Kwh|13.95 Kwh
2020-05-21T22:30:08-0300 [stdout#info] sensor_5 |9.9 Kwh|13.95 Kwh
2020-05-21T22:30:08-0300 [stdout#info] sensor_8 |6.06 Kwh|17.43 Kwh
2020-05-21T22:30:08-0300 [stdout#info] sensor_8 |6.06 Kwh|17.43 Kwh
2020-05-21T22:30:08-0300 [stdout#info] sensor_2 |14.87 Kwh
2020-05-21T22:30:08-0300 [stdout#info] sensor_2 |14.87 Kwh
2020-05-21T22:30:08-0300 [stdout#info] sensor_4 |12.81 Kwh|8.04 Kwh
2020-05-21T22:30:08-0300 [stdout#info] sensor_4 |12.81 Kwh|8.04 Kwh
2020-05-21T22:30:08-0300 [stdout#info] sensor_7 |6.06 Kwh|12.89 Kwh
2020-05-21T22:30:08-0300 [stdout#info] sensor_7 |6.06 Kwh|12.89 Kwh
2020-05-21T22:30:08-0300 [stdout#info] sensor_1 |19.9 Kwh|8.04 Kwh
2020-05-21T22:30:08-0300 [stdout#info] sensor_1 |19.9 Kwh|8.04 Kwh
2020-05-21T22:30:11-0300 [stdout#info] sensor_9 |2.64 Kwh
2020-05-21T22:30:11-0300 [stdout#info] sensor_9 |2.64 Kwh
2020-05-21T22:30:11-0300 [stdout#info] sensor_3 |19.9 Kwh|12.81 Kwh|21.83 Kwh
2020-05-21T22:30:11-0300 [stdout#info] sensor_3 |19.9 Kwh|12.81 Kwh|21.83 Kwh
2020-05-21T22:30:11-0300 [stdout#info] sensor_6 |5.27 Kwh|13.95 Kwh
2020-05-21T22:30:11-0300 [stdout#info] sensor_6 |5.27 Kwh|13.95 Kwh
2020-05-21T22:30:11-0300 [stdout#info] sensor_5 |5.27 Kwh|5.1 Kwh
2020-05-21T22:30:11-0300 [stdout#info] sensor_5 |5.27 Kwh|5.1 Kwh
2020-05-21T22:30:11-0300 [stdout#info] sensor_8 |12.89 Kwh|4.35 Kwh
2020-05-21T22:30:11-0300 [stdout#info] sensor_8 |12.89 Kwh|4.35 Kwh
2020-05-21T22:30:11-0300 [stdout#info] sensor_2 |10.59 Kwh
2020-05-21T22:30:11-0300 [stdout#info] sensor_2 |10.59 Kwh
2020-05-21T22:30:11-0300 [stdout#info] sensor_4 |9.14 Kwh|21.83 Kwh
2020-05-21T22:30:11-0300 [stdout#info] sensor_4 |9.14 Kwh|21.83 Kwh
2020-05-21T22:30:11-0300 [stdout#info] sensor_7 |9.57 Kwh|4.35 Kwh
2020-05-21T22:30:11-0300 [stdout#info] sensor_7 |9.57 Kwh|4.35 Kwh
2020-05-21T22:30:11-0300 [stdout#info] sensor_1 |21.83 Kwh|7.97 Kwh
2020-05-21T22:30:11-0300 [stdout#info] sensor_1 |21.83 Kwh|7.97 Kwh
2020-05-21T22:30:12-0300 [-] 127.0.0.1:43144 - sending MQTT PUBLISH REQUEST - Number of events: 36
2020-05-21T22:30:12-0300 [twisted.internet.endpoints.OneShotFactory#info] Starting factory <twisted.internet.endpoints.connectProtocol.<locals>.OneShotFactory object at 0x7f4ebcec9b38>
2020-05-21T22:30:12-0300 [twisted.internet.endpoints.OneShotFactory#info] Stopping factory <twisted.internet.endpoints.connectProtocol.<locals>.OneShotFactory object at 0x7f4ebcec9a58>
2020-05-21T22:30:12-0300 [stdout#info] This divice have no simulation core instance
2020-05-21T22:30:12-0300 [twisted.internet.endpoints.OneShotFactory#info] Starting factory <twisted.internet.endpoints.connectProtocol.<locals>.OneShotFactory object at 0x7f4ebce6e278>
2020-05-21T22:30:14-0300 [stdout#info] sensor_9 |6.77 Kwh
2020-05-21T22:30:14-0300 [stdout#info] sensor_9 |6.77 Kwh
2020-05-21T22:30:14-0300 [stdout#info] sensor_3 |12.6 Kwh|9.14 Kwh|7.97 Kwh
2020-05-21T22:30:14-0300 [stdout#info] sensor_3 |12.6 Kwh|9.14 Kwh|7.97 Kwh
2020-05-21T22:30:14-0300 [stdout#info] sensor_6 |6.43 Kwh|5.1 Kwh
2020-05-21T22:30:14-0300 [stdout#info] sensor_6 |6.43 Kwh|5.1 Kwh
2020-05-21T22:30:14-0300 [stdout#info] sensor_5 |6.43 Kwh|17.66 Kwh
2020-05-21T22:30:14-0300 [stdout#info] sensor_5 |6.43 Kwh|17.66 Kwh
2020-05-21T22:30:14-0300 [stdout#info] sensor_8 |3.65 Kwh|9.57 Kwh
2020-05-21T22:30:14-0300 [stdout#info] sensor_8 |3.65 Kwh|9.57 Kwh
2020-05-21T22:30:14-0300 [stdout#info] sensor_2 |14.11 Kwh
2020-05-21T22:30:14-0300 [stdout#info] sensor_2 |14.11 Kwh
2020-05-21T22:30:14-0300 [stdout#info] sensor_4 |12.6 Kwh|15.57 Kwh
2020-05-21T22:30:14-0300 [stdout#info] sensor_4 |12.6 Kwh|15.57 Kwh
2020-05-21T22:30:14-0300 [stdout#info] sensor_7 |18.35 Kwh|3.65 Kwh
2020-05-21T22:30:14-0300 [stdout#info] sensor_7 |18.35 Kwh|3.65 Kwh
2020-05-21T22:30:14-0300 [stdout#info] sensor_1 |12.6 Kwh|14.35 Kwh
2020-05-21T22:30:14-0300 [stdout#info] sensor_1 |12.6 Kwh|14.35 Kwh
2020-05-21T22:30:17-0300 [-] 127.0.0.1:43144 - sending MQTT PUBLISH REQUEST - Number of events: 37
2020-05-21T22:30:17-0300 [twisted.internet.endpoints.OneShotFactory#info] Starting factory <twisted.internet.endpoints.connectProtocol.<locals>.OneShotFactory object at 0x7f4ebce6e208>
2020-05-21T22:30:17-0300 [twisted.internet.endpoints.OneShotFactory#info] Stopping factory <twisted.internet.endpoints.connectProtocol.<locals>.OneShotFactory object at 0x7f4ebcec9b38>
2020-05-21T22:30:17-0300 [stdout#info] This divice have no simulation core instance
2020-05-21T22:30:17-0300 [twisted.internet.endpoints.OneShotFactory#info] Starting factory <twisted.internet.endpoints.connectProtocol.<locals>.OneShotFactory object at 0x7f4ebce6e710>
2020-05-21T22:30:17-0300 [stdout#info] sensor_9 |13.45 Kwh
2020-05-21T22:30:17-0300 [stdout#info] sensor_9 |13.45 Kwh
2020-05-21T22:30:17-0300 [stdout#info] sensor_3 |15.57 Kwh|3.18 Kwh|14.35 Kwh
2020-05-21T22:30:17-0300 [stdout#info] sensor_3 |15.57 Kwh|3.18 Kwh|14.35 Kwh
2020-05-21T22:30:17-0300 [stdout#info] sensor_6 |17.66 Kwh|3.63 Kwh
2020-05-21T22:30:17-0300 [stdout#info] sensor_6 |17.66 Kwh|3.63 Kwh
2020-05-21T22:30:17-0300 [stdout#info] sensor_5 |7.77 Kwh|3.63 Kwh
2020-05-21T22:30:17-0300 [stdout#info] sensor_5 |7.77 Kwh|3.63 Kwh
2020-05-21T22:30:17-0300 [stdout#info] sensor_8 |18.35 Kwh|21.79 Kwh
2020-05-21T22:30:17-0300 [stdout#info] sensor_8 |18.35 Kwh|21.79 Kwh
2020-05-21T22:30:17-0300 [stdout#info] sensor_2 |16.08 Kwh
2020-05-21T22:30:17-0300 [stdout#info] sensor_2 |16.08 Kwh
2020-05-21T22:30:17-0300 [stdout#info] sensor_4 |4.2 Kwh|3.18 Kwh
2020-05-21T22:30:17-0300 [stdout#info] sensor_4 |4.2 Kwh|3.18 Kwh
2020-05-21T22:30:17-0300 [stdout#info] sensor_7 |21.79 Kwh|16.85 Kwh
2020-05-21T22:30:17-0300 [stdout#info] sensor_7 |21.79 Kwh|16.85 Kwh
2020-05-21T22:30:17-0300 [stdout#info] sensor_1 |18.9 Kwh|3.18 Kwh
2020-05-21T22:30:17-0300 [stdout#info] sensor_1 |18.9 Kwh|3.18 Kwh
2020-05-21T22:30:20-0300 [stdout#info] sensor_9 |17.42 Kwh
2020-05-21T22:30:20-0300 [stdout#info] sensor_9 |17.42 Kwh
2020-05-21T22:30:20-0300 [stdout#info] sensor_3 |16.61 Kwh|4.2 Kwh|18.9 Kwh
2020-05-21T22:30:20-0300 [stdout#info] sensor_3 |16.61 Kwh|4.2 Kwh|18.9 Kwh
2020-05-21T22:30:20-0300 [stdout#info] sensor_6 |13.96 Kwh|7.77 Kwh
2020-05-21T22:30:20-0300 [stdout#info] sensor_6 |13.96 Kwh|7.77 Kwh
2020-05-21T22:30:20-0300 [stdout#info] sensor_5 |13.96 Kwh|21.38 Kwh
2020-05-21T22:30:20-0300 [stdout#info] sensor_5 |13.96 Kwh|21.38 Kwh
2020-05-21T22:30:20-0300 [stdout#info] sensor_8 |21.6 Kwh|16.85 Kwh
2020-05-21T22:30:20-0300 [stdout#info] sensor_8 |21.6 Kwh|16.85 Kwh
2020-05-21T22:30:20-0300 [stdout#info] sensor_2 |19.03 Kwh
2020-05-21T22:30:20-0300 [stdout#info] sensor_2 |19.03 Kwh
2020-05-21T22:30:20-0300 [stdout#info] sensor_4 |16.61 Kwh|20.02 Kwh
2020-05-21T22:30:20-0300 [stdout#info] sensor_4 |16.61 Kwh|20.02 Kwh
2020-05-21T22:30:20-0300 [stdout#info] sensor_7 |21.6 Kwh|3.64 Kwh
2020-05-21T22:30:20-0300 [stdout#info] sensor_7 |21.6 Kwh|3.64 Kwh
2020-05-21T22:30:20-0300 [stdout#info] sensor_1 |16.61 Kwh|18.93 Kwh
2020-05-21T22:30:20-0300 [stdout#info] sensor_1 |16.61 Kwh|18.93 Kwh
2020-05-21T22:30:22-0300 [-] 127.0.0.1:43144 - sending MQTT PUBLISH REQUEST - Number of events: 38
2020-05-21T22:30:22-0300 [twisted.internet.endpoints.OneShotFactory#info] Starting factory <twisted.internet.endpoints.connectProtocol.<locals>.OneShotFactory object at 0x7f4ebce6e4e0>
2020-05-21T22:30:22-0300 [twisted.internet.endpoints.OneShotFactory#info] Stopping factory <twisted.internet.endpoints.connectProtocol.<locals>.OneShotFactory object at 0x7f4ebce6e208>
2020-05-21T22:30:22-0300 [stdout#info] This divice have no simulation core instance
2020-05-21T22:30:22-0300 [twisted.internet.endpoints.OneShotFactory#info] Starting factory <twisted.internet.endpoints.connectProtocol.<locals>.OneShotFactory object at 0x7f4ebce6ebe0>
2020-05-21T22:30:23-0300 [stdout#info] sensor_9 |15.6 Kwh
2020-05-21T22:30:23-0300 [stdout#info] sensor_9 |15.6 Kwh
2020-05-21T22:30:23-0300 [stdout#info] sensor_3 |22.04 Kwh|18.93 Kwh|20.02 Kwh
2020-05-21T22:30:23-0300 [stdout#info] sensor_3 |22.04 Kwh|18.93 Kwh|20.02 Kwh
2020-05-21T22:30:23-0300 [stdout#info] sensor_6 |11.68 Kwh|21.38 Kwh
2020-05-21T22:30:23-0300 [stdout#info] sensor_6 |11.68 Kwh|21.38 Kwh
2020-05-21T22:30:23-0300 [stdout#info] sensor_5 |11.68 Kwh|16.93 Kwh
2020-05-21T22:30:23-0300 [stdout#info] sensor_5 |11.68 Kwh|16.93 Kwh
2020-05-21T22:30:23-0300 [stdout#info] sensor_8 |14.24 Kwh|3.64 Kwh
2020-05-21T22:30:23-0300 [stdout#info] sensor_8 |14.24 Kwh|3.64 Kwh
2020-05-21T22:30:23-0300 [stdout#info] sensor_2 |20.85 Kwh
2020-05-21T22:30:23-0300 [stdout#info] sensor_2 |20.85 Kwh
2020-05-21T22:30:23-0300 [stdout#info] sensor_4 |22.04 Kwh|19.28 Kwh
2020-05-21T22:30:23-0300 [stdout#info] sensor_4 |22.04 Kwh|19.28 Kwh
2020-05-21T22:30:23-0300 [stdout#info] sensor_7 |19.27 Kwh|14.24 Kwh
2020-05-21T22:30:23-0300 [stdout#info] sensor_7 |19.27 Kwh|14.24 Kwh
2020-05-21T22:30:23-0300 [stdout#info] sensor_1 |22.04 Kwh|3.69 Kwh
2020-05-21T22:30:23-0300 [stdout#info] sensor_1 |22.04 Kwh|3.69 Kwh
2020-05-21T22:30:26-0300 [stdout#info] sensor_9 |15.05 Kwh
2020-05-21T22:30:26-0300 [stdout#info] sensor_9 |15.05 Kwh
2020-05-21T22:30:26-0300 [stdout#info] sensor_3 |3.69 Kwh|19.28 Kwh|18.7 Kwh
2020-05-21T22:30:26-0300 [stdout#info] sensor_3 |3.69 Kwh|19.28 Kwh|18.7 Kwh
2020-05-21T22:30:26-0300 [stdout#info] sensor_6 |16.93 Kwh|12.5 Kwh
2020-05-21T22:30:26-0300 [stdout#info] sensor_6 |16.93 Kwh|12.5 Kwh
2020-05-21T22:30:26-0300 [stdout#info] sensor_5 |12.5 Kwh|20.04 Kwh
2020-05-21T22:30:26-0300 [stdout#info] sensor_5 |12.5 Kwh|20.04 Kwh
2020-05-21T22:30:26-0300 [stdout#info] sensor_8 |19.27 Kwh|20.27 Kwh
2020-05-21T22:30:26-0300 [stdout#info] sensor_8 |19.27 Kwh|20.27 Kwh
2020-05-21T22:30:26-0300 [stdout#info] sensor_2 |13.75 Kwh
2020-05-21T22:30:26-0300 [stdout#info] sensor_2 |13.75 Kwh
2020-05-21T22:30:26-0300 [stdout#info] sensor_4 |15.21 Kwh|18.7 Kwh
2020-05-21T22:30:26-0300 [stdout#info] sensor_4 |15.21 Kwh|18.7 Kwh
2020-05-21T22:30:26-0300 [stdout#info] sensor_7 |20.27 Kwh|15.82 Kwh
2020-05-21T22:30:26-0300 [stdout#info] sensor_7 |20.27 Kwh|15.82 Kwh
2020-05-21T22:30:26-0300 [stdout#info] sensor_1 |18.7 Kwh|7.85 Kwh
2020-05-21T22:30:26-0300 [stdout#info] sensor_1 |18.7 Kwh|7.85 Kwh
2020-05-21T22:30:27-0300 [-] 127.0.0.1:43144 - sending MQTT PUBLISH REQUEST - Number of events: 39
2020-05-21T22:30:27-0300 [twisted.internet.endpoints.OneShotFactory#info] Starting factory <twisted.internet.endpoints.connectProtocol.<locals>.OneShotFactory object at 0x7f4ebce6ee10>
2020-05-21T22:30:27-0300 [twisted.internet.endpoints.OneShotFactory#info] Stopping factory <twisted.internet.endpoints.connectProtocol.<locals>.OneShotFactory object at 0x7f4ebce6e4e0>
2020-05-21T22:30:27-0300 [stdout#info] This divice have no simulation core instance
2020-05-21T22:30:27-0300 [twisted.internet.endpoints.OneShotFactory#info] Starting factory <twisted.internet.endpoints.connectProtocol.<locals>.OneShotFactory object at 0x7f4ebce7f0b8>
2020-05-21T22:30:29-0300 [stdout#info] sensor_9 |17.2 Kwh
2020-05-21T22:30:29-0300 [stdout#info] sensor_9 |17.2 Kwh
2020-05-21T22:30:29-0300 [stdout#info] sensor_3 |15.21 Kwh|13.8 Kwh|7.85 Kwh
2020-05-21T22:30:29-0300 [stdout#info] sensor_3 |15.21 Kwh|13.8 Kwh|7.85 Kwh
2020-05-21T22:30:29-0300 [stdout#info] sensor_6 |20.04 Kwh|3.6 Kwh
2020-05-21T22:30:29-0300 [stdout#info] sensor_6 |20.04 Kwh|3.6 Kwh
2020-05-21T22:30:29-0300 [stdout#info] sensor_5 |20.0 Kwh|3.6 Kwh
2020-05-21T22:30:29-0300 [stdout#info] sensor_5 |20.0 Kwh|3.6 Kwh
2020-05-21T22:30:29-0300 [stdout#info] sensor_8 |15.82 Kwh|4.65 Kwh
2020-05-21T22:30:29-0300 [stdout#info] sensor_8 |15.82 Kwh|4.65 Kwh
2020-05-21T22:30:29-0300 [stdout#info] sensor_2 |19.56 Kwh
2020-05-21T22:30:29-0300 [stdout#info] sensor_2 |19.56 Kwh
2020-05-21T22:30:29-0300 [stdout#info] sensor_4 |5.8 Kwh|13.8 Kwh
2020-05-21T22:30:29-0300 [stdout#info] sensor_4 |5.8 Kwh|13.8 Kwh
2020-05-21T22:30:29-0300 [stdout#info] sensor_7 |4.65 Kwh|10.36 Kwh
2020-05-21T22:30:29-0300 [stdout#info] sensor_7 |4.65 Kwh|10.36 Kwh
2020-05-21T22:30:29-0300 [stdout#info] sensor_1 |7.81 Kwh|13.8 Kwh
2020-05-21T22:30:29-0300 [stdout#info] sensor_1 |7.81 Kwh|13.8 Kwh
2020-05-21T22:30:32-0300 [-] 127.0.0.1:43144 - sending MQTT PUBLISH REQUEST - Number of events: 40
2020-05-21T22:30:32-0300 [twisted.internet.endpoints.OneShotFactory#info] Starting factory <twisted.internet.endpoints.connectProtocol.<locals>.OneShotFactory object at 0x7f4ebce7f080>
2020-05-21T22:30:32-0300 [twisted.internet.endpoints.OneShotFactory#info] Stopping factory <twisted.internet.endpoints.connectProtocol.<locals>.OneShotFactory object at 0x7f4ebce6ee10>
2020-05-21T22:30:32-0300 [stdout#info] This divice have no simulation core instance
2020-05-21T22:30:32-0300 [twisted.internet.endpoints.OneShotFactory#info] Starting factory <twisted.internet.endpoints.connectProtocol.<locals>.OneShotFactory object at 0x7f4ebce7f5f8>
2020-05-21T22:30:32-0300 [stdout#info] sensor_9 |2.75 Kwh
2020-05-21T22:30:32-0300 [stdout#info] sensor_9 |2.75 Kwh
2020-05-21T22:30:32-0300 [stdout#info] sensor_3 |5.8 Kwh|18.17 Kwh|7.81 Kwh
2020-05-21T22:30:32-0300 [stdout#info] sensor_3 |5.8 Kwh|18.17 Kwh|7.81 Kwh
2020-05-21T22:30:32-0300 [stdout#info] sensor_6 |20.0 Kwh|18.3 Kwh
2020-05-21T22:30:32-0300 [stdout#info] sensor_6 |20.0 Kwh|18.3 Kwh
2020-05-21T22:30:32-0300 [stdout#info] sensor_5 |8.66 Kwh|18.3 Kwh
2020-05-21T22:30:32-0300 [stdout#info] sensor_5 |8.66 Kwh|18.3 Kwh
2020-05-21T22:30:32-0300 [stdout#info] sensor_8 |21.14 Kwh|10.36 Kwh
2020-05-21T22:30:32-0300 [stdout#info] sensor_8 |21.14 Kwh|10.36 Kwh
2020-05-21T22:30:32-0300 [stdout#info] sensor_2 |22.34 Kwh
2020-05-21T22:30:32-0300 [stdout#info] sensor_2 |22.34 Kwh
2020-05-21T22:30:32-0300 [stdout#info] sensor_4 |18.17 Kwh|19.03 Kwh
2020-05-21T22:30:32-0300 [stdout#info] sensor_4 |18.17 Kwh|19.03 Kwh
2020-05-21T22:30:32-0300 [stdout#info] sensor_7 |21.14 Kwh|3.27 Kwh
2020-05-21T22:30:32-0300 [stdout#info] sensor_7 |21.14 Kwh|3.27 Kwh
2020-05-21T22:30:32-0300 [stdout#info] sensor_1 |18.17 Kwh|13.26 Kwh
2020-05-21T22:30:32-0300 [stdout#info] sensor_1 |18.17 Kwh|13.26 Kwh
2020-05-21T22:30:35-0300 [stdout#info] sensor_9 |4.31 Kwh
2020-05-21T22:30:35-0300 [stdout#info] sensor_9 |4.31 Kwh
2020-05-21T22:30:35-0300 [stdout#info] sensor_3 |19.03 Kwh|14.83 Kwh|13.26 Kwh
2020-05-21T22:30:35-0300 [stdout#info] sensor_3 |19.03 Kwh|14.83 Kwh|13.26 Kwh
2020-05-21T22:30:35-0300 [stdout#info] sensor_6 |8.66 Kwh|11.47 Kwh
2020-05-21T22:30:35-0300 [stdout#info] sensor_6 |8.66 Kwh|11.47 Kwh
2020-05-21T22:30:35-0300 [stdout#info] sensor_5 |11.47 Kwh|9.97 Kwh
2020-05-21T22:30:35-0300 [stdout#info] sensor_5 |11.47 Kwh|9.97 Kwh
2020-05-21T22:30:35-0300 [stdout#info] sensor_8 |10.13 Kwh|3.27 Kwh
2020-05-21T22:30:35-0300 [stdout#info] sensor_8 |10.13 Kwh|3.27 Kwh
2020-05-21T22:30:35-0300 [stdout#info] sensor_2 |20.61 Kwh
2020-05-21T22:30:35-0300 [stdout#info] sensor_2 |20.61 Kwh
2020-05-21T22:30:35-0300 [stdout#info] sensor_4 |14.83 Kwh|19.8 Kwh
2020-05-21T22:30:35-0300 [stdout#info] sensor_4 |14.83 Kwh|19.8 Kwh
2020-05-21T22:30:35-0300 [stdout#info] sensor_7 |3.77 Kwh|10.13 Kwh
2020-05-21T22:30:35-0300 [stdout#info] sensor_7 |3.77 Kwh|10.13 Kwh
2020-05-21T22:30:35-0300 [stdout#info] sensor_1 |9.59 Kwh|14.83 Kwh
2020-05-21T22:30:35-0300 [stdout#info] sensor_1 |9.59 Kwh|14.83 Kwh
2020-05-21T22:30:37-0300 [-] Received SIGINT, shutting down.
2020-05-21T22:30:37-0300 [twisted.internet.endpoints.OneShotFactory#info] Stopping factory <twisted.internet.endpoints.connectProtocol.<locals>.OneShotFactory object at 0x7f4ebcea6710>
2020-05-21T22:30:37-0300 [twisted.internet.endpoints.OneShotFactory#info] Stopping factory <twisted.internet.endpoints.connectProtocol.<locals>.OneShotFactory object at 0x7f4ebb816f98>
2020-05-21T22:30:37-0300 [SubscriberApp,client] connection lost: Connection to the other side was lost in a non-clean fashion: Connection lost.
2020-05-21T22:30:37-0300 [SubscriberApp,client] connection lost - Number of events: 41
2020-05-21T22:30:37-0300 [twisted.internet.endpoints.OneShotFactory#info] Stopping factory <twisted.internet.endpoints.connectProtocol.<locals>.OneShotFactory object at 0x7f4ebcec9860>
2020-05-21T22:30:37-0300 [twisted.internet.endpoints.OneShotFactory#info] Stopping factory <twisted.internet.endpoints.connectProtocol.<locals>.OneShotFactory object at 0x7f4ebceae0b8>
2020-05-21T22:30:37-0300 [PublisherApp,client] connection lost: Connection to the other side was lost in a non-clean fashion: Connection lost.
2020-05-21T22:30:37-0300 [PublisherApp,client] connection lost - Number of events: 42
2020-05-21T22:30:37-0300 [twisted.internet.endpoints.OneShotFactory#info] Stopping factory <twisted.internet.endpoints.connectProtocol.<locals>.OneShotFactory object at 0x7f4ebce7f0b8>
2020-05-21T22:30:37-0300 [applications.accesspointapp.AccessPointFactory] (TCP Port 8082 Closed)
2020-05-21T22:30:37-0300 [twisted.internet.endpoints.OneShotFactory#info] Stopping factory <twisted.internet.endpoints.connectProtocol.<locals>.OneShotFactory object at 0x7f4ebceae9e8>
2020-05-21T22:30:37-0300 [twisted.internet.endpoints.OneShotFactory#info] Stopping factory <twisted.internet.endpoints.connectProtocol.<locals>.OneShotFactory object at 0x7f4ebb7f9048>
2020-05-21T22:30:37-0300 [twisted.internet.endpoints.OneShotFactory#info] Stopping factory <twisted.internet.endpoints.connectProtocol.<locals>.OneShotFactory object at 0x7f4ebce6e278>
2020-05-21T22:30:37-0300 [applications.routerapp.RouterFactory] (TCP Port 8081 Closed)
2020-05-21T22:30:37-0300 [twisted.internet.endpoints.OneShotFactory#info] Stopping factory <twisted.internet.endpoints.connectProtocol.<locals>.OneShotFactory object at 0x7f4ebb816b38>
2020-05-21T22:30:37-0300 [twisted.internet.endpoints.OneShotFactory#info] Stopping factory <twisted.internet.endpoints.connectProtocol.<locals>.OneShotFactory object at 0x7f4ebcea6358>
2020-05-21T22:30:37-0300 [applications.mqttapp.BrokerFactory] (TCP Port 5100 Closed)
2020-05-21T22:30:37-0300 [twisted.internet.endpoints.OneShotFactory#info] Stopping factory <twisted.internet.endpoints.connectProtocol.<locals>.OneShotFactory object at 0x7f4ebcec93c8>
2020-05-21T22:30:37-0300 [twisted.internet.endpoints.OneShotFactory#info] Stopping factory <twisted.internet.endpoints.connectProtocol.<locals>.OneShotFactory object at 0x7f4ebce7f080>
2020-05-21T22:30:37-0300 [twisted.internet.endpoints.OneShotFactory#info] Stopping factory <twisted.internet.endpoints.connectProtocol.<locals>.OneShotFactory object at 0x7f4ebce6ebe0>
2020-05-21T22:30:37-0300 [SubscriberApp,client] connection lost: Connection to the other side was lost in a non-clean fashion: Connection lost.
2020-05-21T22:30:37-0300 [SubscriberApp,client] connection lost - Number of events: 43
2020-05-21T22:30:37-0300 [twisted.internet.endpoints.OneShotFactory#info] Stopping factory <twisted.internet.endpoints.connectProtocol.<locals>.OneShotFactory object at 0x7f4ebcea6c18>
2020-05-21T22:30:37-0300 [twisted.internet.endpoints.OneShotFactory#info] Stopping factory <twisted.internet.endpoints.connectProtocol.<locals>.OneShotFactory object at 0x7f4ebb7f9780>
2020-05-21T22:30:37-0300 [twisted.internet.endpoints.OneShotFactory#info] Stopping factory <twisted.internet.endpoints.connectProtocol.<locals>.OneShotFactory object at 0x7f4ebceae4a8>
2020-05-21T22:30:37-0300 [twisted.internet.endpoints.OneShotFactory#info] Stopping factory <twisted.internet.endpoints.connectProtocol.<locals>.OneShotFactory object at 0x7f4ebcec9d68>
2020-05-21T22:30:37-0300 [twisted.internet.endpoints.OneShotFactory#info] Stopping factory <twisted.internet.endpoints.connectProtocol.<locals>.OneShotFactory object at 0x7f4ebb8165c0>
2020-05-21T22:30:37-0300 [twisted.internet.endpoints.OneShotFactory#info] Stopping factory <twisted.internet.endpoints.connectProtocol.<locals>.OneShotFactory object at 0x7f4ebce7f5f8>
2020-05-21T22:30:37-0300 [twisted.internet.endpoints.OneShotFactory#info] Stopping factory <twisted.internet.endpoints.connectProtocol.<locals>.OneShotFactory object at 0x7f4ebceaeeb8>
2020-05-21T22:30:37-0300 [twisted.internet.endpoints.OneShotFactory#info] Stopping factory <twisted.internet.endpoints.connectProtocol.<locals>.OneShotFactory object at 0x7f4ebce6e710>
2020-05-21T22:30:37-0300 [-] Main loop terminated.
