2021-02-25T00:48:17-0300 [-] Creating router ...
2021-02-25T00:48:17-0300 [-] Initializing Router - Number of events: 1
2021-02-25T00:48:17-0300 [-] Initializing Server - Number of events: 2
2021-02-25T00:48:17-0300 [-] Initializing Client - Number of events: 3
2021-02-25T00:48:17-0300 [-] Initializing sink node - Number of events: 4
2021-02-25T00:48:18-0300 [-] Initializing sensor node - Number of events: 5
2021-02-25T00:48:18-0300 [-] Initializing sensor node - Number of events: 6
2021-02-25T00:48:19-0300 [-] Initializing repeater node - Number of events: 7
2021-02-25T00:48:19-0300 [-] Initializing repeater node - Number of events: 8
2021-02-25T00:48:25-0300 [-] RouterFactory starting on 8081
2021-02-25T00:48:25-0300 [-] BrokerFactory starting on 5100
2021-02-25T00:48:25-0300 [stdout#info] ========= sensor_1 ==========
2021-02-25T00:48:25-0300 [stdout#info] sensor_1  <------->  sensor_2
2021-02-25T00:48:25-0300 [stdout#info] sensor_1  <------->  wsn_sink
2021-02-25T00:48:25-0300 [stdout#info] =============================
2021-02-25T00:48:25-0300 [-] wsn node send data - Number of events: 9
2021-02-25T00:48:25-0300 [-] wsn node send data - Number of events: 10
2021-02-25T00:48:25-0300 [stdout#info] ========= sensor_2 ==========
2021-02-25T00:48:25-0300 [stdout#info] sensor_2  <------->  sensor_1
2021-02-25T00:48:25-0300 [stdout#info] sensor_2  <------->  wsn_repeater_1
2021-02-25T00:48:25-0300 [stdout#info] sensor_2  <------->  wsn_sink
2021-02-25T00:48:25-0300 [stdout#info] =============================
2021-02-25T00:48:25-0300 [-] wsn node send data - Number of events: 11
2021-02-25T00:48:25-0300 [-] wsn node send data - Number of events: 12
2021-02-25T00:48:25-0300 [-] wsn node send data - Number of events: 13
2021-02-25T00:48:25-0300 [-] wsn node send data - Number of events: 14
2021-02-25T00:48:25-0300 [stdout#info] ========= wsn_repeater_2 ==========
2021-02-25T00:48:25-0300 [stdout#info] =============================
2021-02-25T00:48:25-0300 [stdout#info] This divice have no simulation core instance
2021-02-25T00:48:25-0300 [stdout#info] This divice have no simulation core instance
2021-02-25T00:48:25-0300 [stdout#info] This divice have no simulation core instance
2021-02-25T00:48:25-0300 [Uninitialized] 
	
	      SCADA
	127.0.0.1:56586 - Connected to mqtt broker - Number of events: 15
2021-02-25T00:48:25-0300 [Uninitialized] 
	
	      SCADA
	127.0.0.1:56586 - sending MQTT SUBSCRIBE REQUEST - Number of events: 16
2021-02-25T00:48:25-0300 [twisted.internet.endpoints.OneShotFactory#info] Starting factory <twisted.internet.endpoints.connectProtocol.<locals>.OneShotFactory object at 0x7fc87fe981d0>
2021-02-25T00:48:25-0300 [stdout#info] ========= wsn_repeater_1 ==========
2021-02-25T00:48:25-0300 [stdout#info] wsn_repeater_1  <------->  sensor_2
2021-02-25T00:48:25-0300 [stdout#info] =============================
2021-02-25T00:48:26-0300 [twisted.internet.endpoints.OneShotFactory#info] Starting factory <twisted.internet.endpoints.connectProtocol.<locals>.OneShotFactory object at 0x7fc87fe80da0>
2021-02-25T00:48:52-0300 [-] Received SIGINT, shutting down.
2021-02-25T00:48:52-0300 [SCADAApp,client] connection lost: Connection to the other side was lost in a non-clean fashion: Connection lost.
2021-02-25T00:48:52-0300 [SCADAApp,client] connection lost - Number of events: 17
2021-02-25T00:48:52-0300 [twisted.internet.endpoints.OneShotFactory#info] Stopping factory <twisted.internet.endpoints.connectProtocol.<locals>.OneShotFactory object at 0x7fc87fe80da0>
2021-02-25T00:48:52-0300 [twisted.internet.endpoints.OneShotFactory#info] Stopping factory <twisted.internet.endpoints.connectProtocol.<locals>.OneShotFactory object at 0x7fc87fe981d0>
2021-02-25T00:48:52-0300 [applications.pesquisaapp.BrokerFactory] (TCP Port 5100 Closed)
2021-02-25T00:48:52-0300 [applications.routerapp.RouterFactory] (TCP Port 8081 Closed)
2021-02-25T00:48:52-0300 [-] Main loop terminated.
