2021-02-25T21:43:46-0300 [-] Creating router ...
2021-02-25T21:43:46-0300 [-] Initializing Router - Number of events: 1
2021-02-25T21:43:46-0300 [-] Initializing Server - Number of events: 2
2021-02-25T21:43:46-0300 [-] module 'applications.smartgrid' has no attribute 'SCADAApp'
2021-02-25T21:43:46-0300 [-] Initializing Client - Number of events: 3
2021-02-25T21:43:46-0300 [stderr#error] Exception in Tkinter callback
2021-02-25T21:43:46-0300 [stderr#error] Traceback (most recent call last):
2021-02-25T21:43:46-0300 [stderr#error]   File "/usr/lib/python3.6/tkinter/__init__.py", line 1708, in __call__
2021-02-25T21:43:46-0300 [stderr#error]     return self.func(*args)
2021-02-25T21:43:46-0300 [stderr#error]   File "/home/rafael/iotfogsim/scinetsim/scinetsim/configurations.py", line 121, in <lambda>
2021-02-25T21:43:46-0300 [stderr#error]     btn_open = ttk.Button(window, text="Open Project",command=lambda:open_project(window,simulation_core))
2021-02-25T21:43:46-0300 [stderr#error]   File "/home/rafael/iotfogsim/scinetsim/scinetsim/configurations.py", line 73, in open_project
2021-02-25T21:43:46-0300 [stderr#error]     load_nodes(selected_project_name, simulation_core)
2021-02-25T21:43:46-0300 [stderr#error]   File "/home/rafael/iotfogsim/scinetsim/scinetsim/configurations.py", line 205, in load_nodes
2021-02-25T21:43:46-0300 [stderr#error]     cl = StandardClientDevice(simulation_core, client['real_ip'], client['simulation_ip'], client['id'], client['name'], client['icon'], client['is_wireless'], client['x'], client['y'], client['application'], client['coverage_area_radius'])
2021-02-25T21:43:46-0300 [stderr#error]   File "/home/rafael/iotfogsim/scinetsim/scinetsim/standarddevice.py", line 68, in __init__
2021-02-25T21:43:46-0300 [stderr#error]     self.application.visual_component = self.visual_component
2021-02-25T21:43:46-0300 [stderr#error] AttributeError: 'NoneType' object has no attribute 'visual_component'
2021-02-25T21:43:46-0300 [-] RouterFactory starting on 8081
2021-02-25T21:43:46-0300 [stdout#info] This divice have no simulation core instance
2021-02-25T21:43:46-0300 [-] BrokerFactory starting on 5100
2021-02-25T21:44:20-0300 [-] Received SIGINT, shutting down.
2021-02-25T21:44:20-0300 [applications.smartgrid.BrokerFactory] (TCP Port 5100 Closed)
2021-02-25T21:44:20-0300 [applications.routerapp.RouterFactory] (TCP Port 8081 Closed)
2021-02-25T21:44:20-0300 [-] Main loop terminated.
